/home/LiuYue/miniconda3/envs/mamba/lib/python3.10/site-packages/torchvision/transforms/transforms.py:329: UserWarning: Argument 'interpolation' of type int is deprecated since 0.13 and will be removed in 0.15. Please use InterpolationMode enum.
  warnings.warn(
reading from datapath /dataset/ImageNet2012
/home/LiuYue/miniconda3/envs/mamba/lib/python3.10/site-packages/torchvision/transforms/transforms.py:329: UserWarning: Argument 'interpolation' of type int is deprecated since 0.13 and will be removed in 0.15. Please use InterpolationMode enum.
  warnings.warn(
accumulateaccumulateaccumulateaccumulateaccumulateaccumulateaccumulateaccumulateaccumulateaccumulateaccumulateaccumulateaccumulateaccumulateaccumulateaccumulateaccumulateaccumulateaccumulateaccumulateaccumulateaccumulateaccumulateaccumulateaccumulateaccumulateaccumulateaccumulateaccumulateaccumulateaccumulateaccumulateaccumulateaccumulateaccumulateaccumulateaccumulateaccumulateaccumulateaccumulateaccumulateaccumulateaccumulateaccumulateaccumulateaccumulateaccumulateaccumulateaccumulateaccumulate0.4357176
7.8948425e-08
======================= the high-contribution area ratio =====================
thresh, rectangle side length, area ratio:  0.2 179 0.030556678771972656
thresh, rectangle side length, area ratio:  0.3 307 0.08988285064697266
thresh, rectangle side length, area ratio:  0.5 575 0.3153085708618164
thresh, rectangle side length, area ratio:  0.99 1017 0.9863748550415039
heatmap saved at  ./show/erf/heatmap_vssm_before.png
Successfully load ckpt /home/LiuYue/Workspace3/ckpts/ckpt_vssm_tiny_224/ckpt_epoch_292.pth
reading from datapath /dataset/ImageNet2012
accumulateaccumulateaccumulateaccumulateaccumulateaccumulateaccumulateaccumulateaccumulateaccumulateaccumulateaccumulateaccumulateaccumulateaccumulateaccumulateaccumulateaccumulateaccumulateaccumulateaccumulateaccumulateaccumulateaccumulateaccumulateaccumulateaccumulateaccumulateaccumulateaccumulateaccumulateaccumulateaccumulateaccumulateaccumulateaccumulateaccumulateaccumulateaccumulateaccumulateaccumulateaccumulateaccumulateaccumulateaccumulateaccumulateaccumulateaccumulateaccumulateaccumulate167.13324
0.02840674
======================= the high-contribution area ratio =====================
thresh, rectangle side length, area ratio:  0.2 423 0.1706399917602539
thresh, rectangle side length, area ratio:  0.3 533 0.27092838287353516
thresh, rectangle side length, area ratio:  0.5 707 0.47669315338134766
thresh, rectangle side length, area ratio:  0.99 1019 0.9902582168579102
heatmap saved at  ./show/erf/heatmap_vssm_after.png
01/07 13:25:16 - mmengine - INFO - Because batch augmentations are enabled, the data preprocessor automatically enables the `to_onehot` option to generate one-hot format labels.
/home/LiuYue/miniconda3/envs/mamba/lib/python3.10/site-packages/torchvision/transforms/transforms.py:329: UserWarning: Argument 'interpolation' of type int is deprecated since 0.13 and will be removed in 0.15. Please use InterpolationMode enum.
  warnings.warn(
reading from datapath /dataset/ImageNet2012
accumulateaccumulateaccumulateaccumulateaccumulateaccumulateaccumulateaccumulateaccumulateaccumulateaccumulateaccumulateaccumulateaccumulateaccumulateaccumulateaccumulateaccumulateaccumulateaccumulateaccumulateaccumulateaccumulateaccumulateaccumulateaccumulateaccumulateaccumulateaccumulateaccumulateaccumulateaccumulateaccumulateaccumulateaccumulateaccumulateaccumulateaccumulateaccumulateaccumulateaccumulateaccumulateaccumulateaccumulateaccumulateaccumulateaccumulateaccumulateaccumulateaccumulate0.17824678
3.224541e-11
======================= the high-contribution area ratio =====================
thresh, rectangle side length, area ratio:  0.2 245 0.057244300842285156
thresh, rectangle side length, area ratio:  0.3 313 0.0934305191040039
thresh, rectangle side length, area ratio:  0.5 445 0.18885135650634766
thresh, rectangle side length, area ratio:  0.99 985 0.9252786636352539
heatmap saved at  ./show/erf/heatmap_swin_before.png
01/07 13:25:24 - mmengine - INFO - Because batch augmentations are enabled, the data preprocessor automatically enables the `to_onehot` option to generate one-hot format labels.
01/07 13:25:25 - mmengine - INFO - Loads checkpoint by http backend from path: https://download.openmmlab.com/mmclassification/v0/swin-transformer/swin_tiny_224_b16x64_300e_imagenet_20210616_090925-66df6be6.pth
/home/LiuYue/miniconda3/envs/mamba/lib/python3.10/site-packages/torchvision/transforms/transforms.py:329: UserWarning: Argument 'interpolation' of type int is deprecated since 0.13 and will be removed in 0.15. Please use InterpolationMode enum.
  warnings.warn(
reading from datapath /dataset/ImageNet2012
accumulateaccumulateaccumulateaccumulateaccumulateaccumulateaccumulateaccumulateaccumulateaccumulateaccumulateaccumulateaccumulateaccumulateaccumulateaccumulateaccumulateaccumulateaccumulateaccumulateaccumulateaccumulateaccumulateaccumulateaccumulateaccumulateaccumulateaccumulateaccumulateaccumulateaccumulateaccumulateaccumulateaccumulateaccumulateaccumulateaccumulateaccumulateaccumulateaccumulateaccumulateaccumulateaccumulateaccumulateaccumulateaccumulateaccumulateaccumulateaccumulateaccumulate21.321884
1.0756816e-06
======================= the high-contribution area ratio =====================
thresh, rectangle side length, area ratio:  0.2 277 0.07317447662353516
thresh, rectangle side length, area ratio:  0.3 355 0.12018680572509766
thresh, rectangle side length, area ratio:  0.5 513 0.2509775161743164
thresh, rectangle side length, area ratio:  0.99 1011 0.9747705459594727
heatmap saved at  ./show/erf/heatmap_swin_after.png
01/07 13:25:34 - mmengine - INFO - Because batch augmentations are enabled, the data preprocessor automatically enables the `to_onehot` option to generate one-hot format labels.
/home/LiuYue/miniconda3/envs/mamba/lib/python3.10/site-packages/torchvision/transforms/transforms.py:329: UserWarning: Argument 'interpolation' of type int is deprecated since 0.13 and will be removed in 0.15. Please use InterpolationMode enum.
  warnings.warn(
reading from datapath /dataset/ImageNet2012
accumulateaccumulateaccumulateaccumulateaccumulateaccumulateaccumulateaccumulateaccumulateaccumulateaccumulateaccumulateaccumulateaccumulateaccumulateaccumulateaccumulateaccumulateaccumulateaccumulateaccumulateaccumulateaccumulateaccumulateaccumulateaccumulateaccumulateaccumulateaccumulateaccumulateaccumulateaccumulateaccumulateaccumulateaccumulateaccumulateaccumulateaccumulateaccumulateaccumulateaccumulateaccumulateaccumulateaccumulateaccumulateaccumulateaccumulateaccumulateaccumulateaccumulate0.36199963
0.0
======================= the high-contribution area ratio =====================
thresh, rectangle side length, area ratio:  0.2 31 0.0009164810180664062
thresh, rectangle side length, area ratio:  0.3 37 0.0013055801391601562
thresh, rectangle side length, area ratio:  0.5 49 0.0022897720336914062
thresh, rectangle side length, area ratio:  0.99 135 0.017380714416503906
heatmap saved at  ./show/erf/heatmap_convnext_before.png
01/07 13:25:41 - mmengine - INFO - Because batch augmentations are enabled, the data preprocessor automatically enables the `to_onehot` option to generate one-hot format labels.
01/07 13:25:41 - mmengine - INFO - Loads checkpoint by http backend from path: https://download.openmmlab.com/mmclassification/v0/convnext/convnext-tiny_32xb128_in1k_20221207-998cf3e9.pth
/home/LiuYue/miniconda3/envs/mamba/lib/python3.10/site-packages/torchvision/transforms/transforms.py:329: UserWarning: Argument 'interpolation' of type int is deprecated since 0.13 and will be removed in 0.15. Please use InterpolationMode enum.
  warnings.warn(
reading from datapath /dataset/ImageNet2012
/home/LiuYue/miniconda3/envs/mamba/lib/python3.10/site-packages/torchvision/transforms/transforms.py:329: UserWarning: Argument 'interpolation' of type int is deprecated since 0.13 and will be removed in 0.15. Please use InterpolationMode enum.
  warnings.warn(
accumulateaccumulateaccumulateaccumulateaccumulateaccumulateaccumulateaccumulateaccumulateaccumulateaccumulateaccumulateaccumulateaccumulateaccumulateaccumulateaccumulateaccumulateaccumulateaccumulateaccumulateaccumulateaccumulateaccumulateaccumulateaccumulateaccumulateaccumulateaccumulateaccumulateaccumulateaccumulateaccumulateaccumulateaccumulateaccumulateaccumulateaccumulateaccumulateaccumulateaccumulateaccumulateaccumulateaccumulateaccumulateaccumulateaccumulateaccumulateaccumulateaccumulate2.063243
4.968726e-08
======================= the high-contribution area ratio =====================
thresh, rectangle side length, area ratio:  0.2 273 0.0710763931274414
thresh, rectangle side length, area ratio:  0.3 355 0.12018680572509766
thresh, rectangle side length, area ratio:  0.5 509 0.24707889556884766
thresh, rectangle side length, area ratio:  0.99 1007 0.9670724868774414
heatmap saved at  ./show/erf/heatmap_convnext_after.png
reading from datapath /dataset/ImageNet2012
accumulateaccumulateaccumulateaccumulateaccumulateaccumulateaccumulateaccumulateaccumulateaccumulateaccumulateaccumulateaccumulateaccumulateaccumulateaccumulateaccumulateaccumulateaccumulateaccumulateaccumulateaccumulateaccumulateaccumulateaccumulateaccumulateaccumulateaccumulateaccumulateaccumulateaccumulateaccumulateaccumulateaccumulateaccumulateaccumulateaccumulateaccumulateaccumulateaccumulateaccumulateaccumulateaccumulateaccumulateaccumulateaccumulateaccumulateaccumulateaccumulateaccumulate0.00022244327
1.6638719e-09
======================= the high-contribution area ratio =====================
thresh, rectangle side length, area ratio:  0.2 325 0.10073184967041016
thresh, rectangle side length, area ratio:  0.3 403 0.15488529205322266
thresh, rectangle side length, area ratio:  0.5 561 0.3001413345336914
thresh, rectangle side length, area ratio:  0.99 985 0.9252786636352539
heatmap saved at  ./show/erf/heatmap_replknet_before.png
01/07 13:26:04 - mmengine - INFO - Loads checkpoint by http backend from path: https://download.openmmlab.com/mmclassification/v0/replknet/replknet-31B_3rdparty_in1k_20221118-fd08e268.pth
/home/LiuYue/miniconda3/envs/mamba/lib/python3.10/site-packages/torchvision/transforms/transforms.py:329: UserWarning: Argument 'interpolation' of type int is deprecated since 0.13 and will be removed in 0.15. Please use InterpolationMode enum.
  warnings.warn(
reading from datapath /dataset/ImageNet2012
accumulateaccumulateaccumulateaccumulateaccumulateaccumulateaccumulateaccumulateaccumulateaccumulateaccumulateaccumulateaccumulateaccumulateaccumulateaccumulateaccumulateaccumulateaccumulateaccumulateaccumulateaccumulateaccumulateaccumulateaccumulateaccumulateaccumulateaccumulateaccumulateaccumulateaccumulateaccumulateaccumulateaccumulateaccumulateaccumulateaccumulateaccumulateaccumulateaccumulateaccumulateaccumulateaccumulateaccumulateaccumulateaccumulateaccumulateaccumulateaccumulateaccumulate36.5464
0.14726363
======================= the high-contribution area ratio =====================
thresh, rectangle side length, area ratio:  0.2 415 0.1642465591430664
thresh, rectangle side length, area ratio:  0.3 517 0.25490665435791016
thresh, rectangle side length, area ratio:  0.5 685 0.44748783111572266
thresh, rectangle side length, area ratio:  0.99 1019 0.9902582168579102
heatmap saved at  ./show/erf/heatmap_replknet_after.png
01/07 13:26:20 - mmengine - INFO - Because batch augmentations are enabled, the data preprocessor automatically enables the `to_onehot` option to generate one-hot format labels.
/home/LiuYue/miniconda3/envs/mamba/lib/python3.10/site-packages/torchvision/transforms/transforms.py:329: UserWarning: Argument 'interpolation' of type int is deprecated since 0.13 and will be removed in 0.15. Please use InterpolationMode enum.
  warnings.warn(
reading from datapath /dataset/ImageNet2012
accumulateaccumulateaccumulateaccumulateaccumulateaccumulateaccumulateaccumulateaccumulateaccumulateaccumulateaccumulateaccumulateaccumulateaccumulateaccumulateaccumulateaccumulateaccumulateaccumulateaccumulateaccumulateaccumulateaccumulateaccumulateaccumulateaccumulateaccumulateaccumulateaccumulateaccumulateaccumulateaccumulateaccumulateaccumulateaccumulateaccumulateaccumulateaccumulateaccumulateaccumulateaccumulateaccumulateaccumulateaccumulateaccumulateaccumulateaccumulateaccumulateaccumulate0.3046341
4.0562973e-05
======================= the high-contribution area ratio =====================
thresh, rectangle side length, area ratio:  0.2 461 0.20267581939697266
thresh, rectangle side length, area ratio:  0.3 565 0.30443668365478516
thresh, rectangle side length, area ratio:  0.5 727 0.5040445327758789
thresh, rectangle side length, area ratio:  0.99 1019 0.9902582168579102
heatmap saved at  ./show/erf/heatmap_deit_before.png
01/07 13:26:34 - mmengine - INFO - Because batch augmentations are enabled, the data preprocessor automatically enables the `to_onehot` option to generate one-hot format labels.
01/07 13:26:34 - mmengine - INFO - Loads checkpoint by http backend from path: https://download.openmmlab.com/mmclassification/v0/deit/deit-small_pt-4xb256_in1k_20220218-9425b9bb.pth
/home/LiuYue/miniconda3/envs/mamba/lib/python3.10/site-packages/torchvision/transforms/transforms.py:329: UserWarning: Argument 'interpolation' of type int is deprecated since 0.13 and will be removed in 0.15. Please use InterpolationMode enum.
  warnings.warn(
reading from datapath /dataset/ImageNet2012
/home/LiuYue/miniconda3/envs/mamba/lib/python3.10/site-packages/torchvision/transforms/transforms.py:329: UserWarning: Argument 'interpolation' of type int is deprecated since 0.13 and will be removed in 0.15. Please use InterpolationMode enum.
  warnings.warn(
accumulateaccumulateaccumulateaccumulateaccumulateaccumulateaccumulateaccumulateaccumulateaccumulateaccumulateaccumulateaccumulateaccumulateaccumulateaccumulateaccumulateaccumulateaccumulateaccumulateaccumulateaccumulateaccumulateaccumulateaccumulateaccumulateaccumulateaccumulateaccumulateaccumulateaccumulateaccumulateaccumulateaccumulateaccumulateaccumulateaccumulateaccumulateaccumulateaccumulateaccumulateaccumulateaccumulateaccumulateaccumulateaccumulateaccumulateaccumulateaccumulateaccumulate5.4234095
0.00064471754
======================= the high-contribution area ratio =====================
thresh, rectangle side length, area ratio:  0.2 429 0.17551517486572266
thresh, rectangle side length, area ratio:  0.3 537 0.2750101089477539
thresh, rectangle side length, area ratio:  0.5 711 0.4821023941040039
thresh, rectangle side length, area ratio:  0.99 1019 0.9902582168579102
heatmap saved at  ./show/erf/heatmap_deit_after.png
reading from datapath /dataset/ImageNet2012
accumulateaccumulateaccumulateaccumulateaccumulateaccumulateaccumulateaccumulateaccumulateaccumulateaccumulateaccumulateaccumulateaccumulateaccumulateaccumulateaccumulateaccumulateaccumulateaccumulateaccumulateaccumulateaccumulateaccumulateaccumulateaccumulateaccumulateaccumulateaccumulateaccumulateaccumulateaccumulateaccumulateaccumulateaccumulateaccumulateaccumulateaccumulateaccumulateaccumulateaccumulateaccumulateaccumulateaccumulateaccumulateaccumulateaccumulateaccumulateaccumulateaccumulate0.3875677
0.0
======================= the high-contribution area ratio =====================
thresh, rectangle side length, area ratio:  0.2 49 0.0022897720336914062
thresh, rectangle side length, area ratio:  0.3 67 0.004281044006347656
thresh, rectangle side length, area ratio:  0.5 97 0.008973121643066406
thresh, rectangle side length, area ratio:  0.99 203 0.039299964904785156
heatmap saved at  ./show/erf/heatmap_resnet50_before.png
01/07 13:26:56 - mmengine - INFO - Loads checkpoint by http backend from path: https://download.openmmlab.com/mmclassification/v0/resnet/resnet50_8xb32_in1k_20210831-ea4938fc.pth
/home/LiuYue/miniconda3/envs/mamba/lib/python3.10/site-packages/torchvision/transforms/transforms.py:329: UserWarning: Argument 'interpolation' of type int is deprecated since 0.13 and will be removed in 0.15. Please use InterpolationMode enum.
  warnings.warn(
reading from datapath /dataset/ImageNet2012
accumulateaccumulateaccumulateaccumulateaccumulateaccumulateaccumulateaccumulateaccumulateaccumulateaccumulateaccumulateaccumulateaccumulateaccumulateaccumulateaccumulateaccumulateaccumulateaccumulateaccumulateaccumulateaccumulateaccumulateaccumulateaccumulateaccumulateaccumulateaccumulateaccumulateaccumulateaccumulateaccumulateaccumulateaccumulateaccumulateaccumulateaccumulateaccumulateaccumulateaccumulateaccumulateaccumulateaccumulateaccumulateaccumulateaccumulateaccumulateaccumulateaccumulate13.312447
0.0
======================= the high-contribution area ratio =====================
thresh, rectangle side length, area ratio:  0.2 133 0.016869544982910156
thresh, rectangle side length, area ratio:  0.3 167 0.026597023010253906
thresh, rectangle side length, area ratio:  0.5 229 0.050011634826660156
thresh, rectangle side length, area ratio:  0.99 407 0.1579751968383789
heatmap saved at  ./show/erf/heatmap_resnet50_after.png
