[W socket.cpp:426] [c10d] The server socket has failed to bind to [::]:61234 (errno: 98 - Address already in use).
[W socket.cpp:426] [c10d] The server socket has failed to bind to ?UNKNOWN? (errno: 98 - Address already in use).
[E socket.cpp:462] [c10d] The server socket has failed to listen on any local network address.
The server socket has failed to listen on any local network address. The server socket has failed to bind to [::]:61234 (errno: 98 - Address already in use). The server socket has failed to bind to ?UNKNOWN? (errno: 98 - Address already in use).
using init_deit ======================== 
01/07 16:02:36 - mmengine - INFO - Because batch augmentations are enabled, the data preprocessor automatically enables the `to_onehot` option to generate one-hot format labels.
01/07 16:02:36 - mmengine - INFO - Loads checkpoint by http backend from path: https://download.openmmlab.com/mmclassification/v0/deit/deit-small_pt-4xb256_in1k_20220218-9425b9bb.pth
starting loop: img_size (224, 224)
Test: [0/391]	Time 3.850 (3.850)	Loss 0.3391 (0.3391)	Acc@1 95.312 (95.312)	Acc@5 99.219 (99.219)	Mem 621MB
Test: [10/391]	Time 2.131 (2.570)	Loss 1.0586 (0.4721)	Acc@1 75.781 (91.264)	Acc@5 95.312 (98.224)	Mem 621MB
Test: [20/391]	Time 2.406 (2.350)	Loss 0.6338 (0.6395)	Acc@1 88.281 (86.496)	Acc@5 96.875 (97.173)	Mem 621MB
Test: [30/391]	Time 2.039 (2.292)	Loss 1.0322 (0.7563)	Acc@1 81.250 (83.367)	Acc@5 91.406 (96.396)	Mem 621MB
Test: [40/391]	Time 1.865 (2.260)	Loss 0.6646 (0.6824)	Acc@1 91.406 (85.518)	Acc@5 92.969 (96.856)	Mem 621MB
Test: [50/391]	Time 1.843 (2.231)	Loss 0.3235 (0.6836)	Acc@1 96.094 (85.662)	Acc@5 99.219 (96.783)	Mem 621MB
Test: [60/391]	Time 1.522 (2.199)	Loss 0.8267 (0.6485)	Acc@1 85.938 (86.578)	Acc@5 94.531 (96.939)	Mem 621MB
Test: [70/391]	Time 3.088 (2.183)	Loss 0.9561 (0.6783)	Acc@1 72.656 (85.640)	Acc@5 95.312 (96.765)	Mem 621MB
Test: [80/391]	Time 2.485 (2.203)	Loss 0.8789 (0.6939)	Acc@1 78.125 (85.166)	Acc@5 92.969 (96.701)	Mem 621MB
Test: [90/391]	Time 1.817 (2.198)	Loss 0.8828 (0.6981)	Acc@1 74.219 (85.139)	Acc@5 98.438 (96.660)	Mem 621MB
Test: [100/391]	Time 1.586 (2.200)	Loss 0.5356 (0.6989)	Acc@1 90.625 (84.901)	Acc@5 96.875 (96.697)	Mem 621MB
Test: [110/391]	Time 3.671 (2.225)	Loss 1.0342 (0.7081)	Acc@1 62.500 (84.530)	Acc@5 99.219 (96.762)	Mem 621MB
Test: [120/391]	Time 2.072 (2.216)	Loss 0.5547 (0.7054)	Acc@1 89.844 (84.730)	Acc@5 99.219 (96.830)	Mem 621MB
Test: [130/391]	Time 2.218 (2.212)	Loss 0.3899 (0.6973)	Acc@1 94.531 (84.948)	Acc@5 97.656 (96.851)	Mem 621MB
Test: [140/391]	Time 1.441 (2.190)	Loss 1.0645 (0.6973)	Acc@1 72.656 (84.774)	Acc@5 99.219 (96.958)	Mem 621MB
Test: [150/391]	Time 2.646 (2.201)	Loss 0.8208 (0.7023)	Acc@1 73.438 (84.711)	Acc@5 96.875 (96.870)	Mem 621MB
Test: [160/391]	Time 2.046 (2.212)	Loss 0.7925 (0.7029)	Acc@1 84.375 (84.729)	Acc@5 95.312 (96.851)	Mem 621MB
Test: [170/391]	Time 2.138 (2.218)	Loss 1.3682 (0.7182)	Acc@1 64.062 (84.302)	Acc@5 90.625 (96.692)	Mem 621MB
Test: [180/391]	Time 2.451 (2.208)	Loss 1.5088 (0.7349)	Acc@1 64.844 (83.909)	Acc@5 90.625 (96.517)	Mem 621MB
Test: [190/391]	Time 3.088 (2.228)	Loss 1.3506 (0.7558)	Acc@1 68.750 (83.361)	Acc@5 92.969 (96.323)	Mem 621MB
Test: [200/391]	Time 1.317 (2.209)	Loss 0.6611 (0.7756)	Acc@1 82.812 (82.937)	Acc@5 96.875 (96.090)	Mem 621MB
Test: [210/391]	Time 2.023 (2.194)	Loss 0.9365 (0.7873)	Acc@1 79.688 (82.579)	Acc@5 95.312 (96.031)	Mem 621MB
Test: [220/391]	Time 1.974 (2.190)	Loss 0.4531 (0.7895)	Acc@1 90.625 (82.558)	Acc@5 97.656 (95.981)	Mem 621MB
Test: [230/391]	Time 1.803 (2.197)	Loss 1.4004 (0.7962)	Acc@1 67.188 (82.427)	Acc@5 87.500 (95.904)	Mem 621MB
Test: [240/391]	Time 1.965 (2.196)	Loss 0.8994 (0.7968)	Acc@1 85.156 (82.479)	Acc@5 90.625 (95.854)	Mem 621MB
Test: [250/391]	Time 1.673 (2.184)	Loss 0.5991 (0.8122)	Acc@1 89.844 (81.988)	Acc@5 97.656 (95.733)	Mem 621MB
Test: [260/391]	Time 1.998 (2.183)	Loss 0.8643 (0.8219)	Acc@1 74.219 (81.723)	Acc@5 95.312 (95.666)	Mem 621MB
Test: [270/391]	Time 2.327 (2.181)	Loss 1.3828 (0.8289)	Acc@1 68.750 (81.593)	Acc@5 90.625 (95.575)	Mem 621MB
Test: [280/391]	Time 2.346 (2.181)	Loss 0.9790 (0.8320)	Acc@1 76.562 (81.517)	Acc@5 95.312 (95.560)	Mem 621MB
Test: [290/391]	Time 1.846 (2.182)	Loss 1.2471 (0.8376)	Acc@1 56.250 (81.357)	Acc@5 93.750 (95.487)	Mem 621MB
Test: [300/391]	Time 1.642 (2.170)	Loss 0.8018 (0.8417)	Acc@1 85.938 (81.312)	Acc@5 92.188 (95.411)	Mem 621MB
Test: [310/391]	Time 1.528 (2.166)	Loss 0.7881 (0.8466)	Acc@1 86.719 (81.205)	Acc@5 97.656 (95.373)	Mem 621MB
Test: [320/391]	Time 1.692 (2.156)	Loss 0.6919 (0.8522)	Acc@1 85.156 (81.070)	Acc@5 96.094 (95.308)	Mem 621MB
Test: [330/391]	Time 1.655 (2.146)	Loss 1.2090 (0.8624)	Acc@1 70.312 (80.839)	Acc@5 92.969 (95.199)	Mem 621MB
Test: [340/391]	Time 2.059 (2.145)	Loss 0.7041 (0.8654)	Acc@1 85.156 (80.762)	Acc@5 98.438 (95.177)	Mem 621MB
Test: [350/391]	Time 2.197 (2.142)	Loss 0.8706 (0.8665)	Acc@1 83.594 (80.705)	Acc@5 93.750 (95.154)	Mem 621MB
Test: [360/391]	Time 3.324 (2.149)	Loss 1.1992 (0.8729)	Acc@1 72.656 (80.540)	Acc@5 95.312 (95.109)	Mem 621MB
Test: [370/391]	Time 2.668 (2.149)	Loss 1.0879 (0.8702)	Acc@1 64.062 (80.580)	Acc@5 97.656 (95.146)	Mem 621MB
Test: [380/391]	Time 1.576 (2.150)	Loss 0.8115 (0.8722)	Acc@1 80.469 (80.559)	Acc@5 98.438 (95.136)	Mem 621MB
Test: [390/391]	Time 0.980 (2.153)	Loss 1.4844 (0.8687)	Acc@1 54.217 (80.605)	Acc@5 91.566 (95.178)	Mem 621MB
 * Acc@1 80.605 Acc@5 95.178
01/07 16:16:38 - mmengine - INFO - Because batch augmentations are enabled, the data preprocessor automatically enables the `to_onehot` option to generate one-hot format labels.
01/07 16:16:39 - mmengine - INFO - Loads checkpoint by http backend from path: https://download.openmmlab.com/mmclassification/v0/deit/deit-small_pt-4xb256_in1k_20220218-9425b9bb.pth
starting loop: img_size (64, 64)
Test: [0/391]	Time 1.571 (1.571)	Loss 7.0586 (7.0586)	Acc@1 0.781 (0.781)	Acc@5 3.125 (3.125)	Mem 621MB
Test: [10/391]	Time 2.111 (1.322)	Loss 8.2734 (7.6261)	Acc@1 0.000 (0.355)	Acc@5 0.000 (2.557)	Mem 621MB
Test: [20/391]	Time 1.137 (1.265)	Loss 7.6211 (7.7941)	Acc@1 0.000 (0.186)	Acc@5 1.562 (1.637)	Mem 621MB
Test: [30/391]	Time 1.281 (1.278)	Loss 7.1914 (7.6649)	Acc@1 0.781 (0.252)	Acc@5 3.906 (2.117)	Mem 621MB
Test: [40/391]	Time 1.077 (1.253)	Loss 7.7305 (7.7085)	Acc@1 0.000 (0.191)	Acc@5 0.000 (1.753)	Mem 621MB
Test: [50/391]	Time 1.335 (1.261)	Loss 7.8672 (7.7135)	Acc@1 1.562 (0.322)	Acc@5 2.344 (1.716)	Mem 621MB
Test: [60/391]	Time 1.040 (1.248)	Loss 8.2734 (7.7131)	Acc@1 0.000 (0.359)	Acc@5 0.000 (1.729)	Mem 621MB
Test: [70/391]	Time 0.946 (1.240)	Loss 8.6953 (7.8197)	Acc@1 0.000 (0.308)	Acc@5 0.000 (1.496)	Mem 621MB
Test: [80/391]	Time 1.497 (1.233)	Loss 8.1484 (7.8845)	Acc@1 0.000 (0.270)	Acc@5 0.000 (1.312)	Mem 621MB
Test: [90/391]	Time 1.004 (1.224)	Loss 8.4375 (7.9402)	Acc@1 0.000 (0.240)	Acc@5 0.000 (1.168)	Mem 621MB
Test: [100/391]	Time 0.929 (1.226)	Loss 8.5625 (7.9903)	Acc@1 0.000 (0.217)	Acc@5 0.000 (1.052)	Mem 621MB
Test: [110/391]	Time 1.444 (1.227)	Loss 7.8672 (8.0050)	Acc@1 0.000 (0.197)	Acc@5 0.000 (0.957)	Mem 621MB
Test: [120/391]	Time 1.039 (1.234)	Loss 7.1953 (7.9871)	Acc@1 0.000 (0.187)	Acc@5 0.781 (0.962)	Mem 621MB
Test: [130/391]	Time 1.446 (1.241)	Loss 7.9102 (7.9566)	Acc@1 0.000 (0.191)	Acc@5 0.000 (0.960)	Mem 621MB
Test: [140/391]	Time 1.337 (1.233)	Loss 8.3281 (7.9627)	Acc@1 0.000 (0.188)	Acc@5 0.000 (0.903)	Mem 621MB
Test: [150/391]	Time 1.997 (1.244)	Loss 7.9102 (7.9704)	Acc@1 0.000 (0.176)	Acc@5 0.000 (0.864)	Mem 621MB
Test: [160/391]	Time 1.141 (1.240)	Loss 6.5586 (7.9228)	Acc@1 0.781 (0.204)	Acc@5 0.781 (0.956)	Mem 621MB
Test: [170/391]	Time 1.104 (1.237)	Loss 7.0117 (7.8646)	Acc@1 0.781 (0.270)	Acc@5 4.688 (1.243)	Mem 621MB
Test: [180/391]	Time 1.272 (1.232)	Loss 5.9297 (7.8102)	Acc@1 0.000 (0.289)	Acc@5 9.375 (1.411)	Mem 621MB
Test: [190/391]	Time 0.857 (1.232)	Loss 6.8867 (7.7732)	Acc@1 0.000 (0.286)	Acc@5 3.906 (1.473)	Mem 621MB
Test: [200/391]	Time 0.905 (1.228)	Loss 7.2500 (7.7179)	Acc@1 0.000 (0.342)	Acc@5 1.562 (1.699)	Mem 621MB
Test: [210/391]	Time 1.689 (1.228)	Loss 6.0898 (7.6736)	Acc@1 3.906 (0.396)	Acc@5 14.844 (1.862)	Mem 621MB
Test: [220/391]	Time 1.105 (1.227)	Loss 6.8477 (7.6295)	Acc@1 0.000 (0.456)	Acc@5 3.125 (2.125)	Mem 621MB
Test: [230/391]	Time 1.105 (1.229)	Loss 6.2930 (7.6092)	Acc@1 2.344 (0.480)	Acc@5 5.469 (2.198)	Mem 621MB
Test: [240/391]	Time 1.000 (1.229)	Loss 7.6289 (7.5873)	Acc@1 0.781 (0.499)	Acc@5 3.906 (2.282)	Mem 621MB
Test: [250/391]	Time 1.355 (1.225)	Loss 5.5781 (7.5466)	Acc@1 10.156 (0.613)	Acc@5 23.438 (2.506)	Mem 621MB
Test: [260/391]	Time 1.271 (1.223)	Loss 7.6250 (7.5282)	Acc@1 0.000 (0.611)	Acc@5 0.781 (2.529)	Mem 621MB
Test: [270/391]	Time 1.087 (1.223)	Loss 7.3320 (7.5119)	Acc@1 0.781 (0.631)	Acc@5 1.562 (2.569)	Mem 621MB
Test: [280/391]	Time 1.068 (1.224)	Loss 6.4570 (7.4816)	Acc@1 2.344 (0.676)	Acc@5 10.938 (2.708)	Mem 621MB
Test: [290/391]	Time 1.118 (1.221)	Loss 6.4688 (7.4557)	Acc@1 1.562 (0.714)	Acc@5 7.812 (2.838)	Mem 621MB
Test: [300/391]	Time 0.960 (1.216)	Loss 7.0469 (7.4306)	Acc@1 2.344 (0.766)	Acc@5 8.594 (3.008)	Mem 621MB
Test: [310/391]	Time 0.911 (1.217)	Loss 5.8320 (7.4007)	Acc@1 11.719 (0.859)	Acc@5 25.781 (3.291)	Mem 621MB
Test: [320/391]	Time 1.268 (1.220)	Loss 7.0898 (7.3832)	Acc@1 0.000 (0.883)	Acc@5 1.562 (3.441)	Mem 621MB
Test: [330/391]	Time 1.345 (1.218)	Loss 6.2500 (7.3728)	Acc@1 0.781 (0.906)	Acc@5 11.719 (3.505)	Mem 621MB
Test: [340/391]	Time 1.136 (1.217)	Loss 7.3320 (7.3490)	Acc@1 0.000 (1.061)	Acc@5 1.562 (3.716)	Mem 621MB
Test: [350/391]	Time 1.274 (1.216)	Loss 6.1992 (7.3285)	Acc@1 0.000 (1.080)	Acc@5 2.344 (3.795)	Mem 621MB
Test: [360/391]	Time 0.961 (1.216)	Loss 6.3594 (7.2943)	Acc@1 7.812 (1.264)	Acc@5 21.875 (4.177)	Mem 621MB
Test: [370/391]	Time 1.332 (1.218)	Loss 5.6836 (7.3006)	Acc@1 14.844 (1.280)	Acc@5 28.125 (4.178)	Mem 621MB
Test: [380/391]	Time 1.286 (1.215)	Loss 6.6797 (7.2956)	Acc@1 2.344 (1.273)	Acc@5 7.031 (4.177)	Mem 621MB
Test: [390/391]	Time 0.633 (1.211)	Loss 6.4141 (7.2885)	Acc@1 2.410 (1.346)	Acc@5 7.229 (4.284)	Mem 621MB
 * Acc@1 1.346 Acc@5 4.284
01/07 16:24:33 - mmengine - INFO - Because batch augmentations are enabled, the data preprocessor automatically enables the `to_onehot` option to generate one-hot format labels.
01/07 16:24:33 - mmengine - INFO - Loads checkpoint by http backend from path: https://download.openmmlab.com/mmclassification/v0/deit/deit-small_pt-4xb256_in1k_20220218-9425b9bb.pth
starting loop: img_size (112, 112)
Test: [0/391]	Time 3.491 (3.491)	Loss 1.6035 (1.6035)	Acc@1 71.875 (71.875)	Acc@5 83.594 (83.594)	Mem 621MB
Test: [10/391]	Time 2.287 (1.880)	Loss 3.3691 (1.8121)	Acc@1 36.719 (66.832)	Acc@5 60.156 (81.108)	Mem 621MB
Test: [20/391]	Time 1.477 (1.815)	Loss 2.5215 (2.2833)	Acc@1 52.344 (56.845)	Acc@5 72.656 (74.888)	Mem 621MB
Test: [30/391]	Time 2.344 (1.786)	Loss 2.5410 (2.4257)	Acc@1 47.656 (52.193)	Acc@5 71.875 (73.311)	Mem 621MB
Test: [40/391]	Time 1.620 (1.789)	Loss 2.9375 (2.2215)	Acc@1 48.438 (56.822)	Acc@5 61.719 (75.915)	Mem 621MB
Test: [50/391]	Time 1.249 (1.737)	Loss 1.0801 (2.2955)	Acc@1 77.344 (55.377)	Acc@5 91.406 (74.663)	Mem 621MB
Test: [60/391]	Time 1.434 (1.702)	Loss 2.1699 (2.1846)	Acc@1 52.344 (57.531)	Acc@5 76.562 (76.370)	Mem 621MB
Test: [70/391]	Time 1.276 (1.665)	Loss 3.0957 (2.1930)	Acc@1 34.375 (56.679)	Acc@5 60.938 (76.618)	Mem 621MB
Test: [80/391]	Time 1.368 (1.638)	Loss 2.6387 (2.2061)	Acc@1 46.094 (55.864)	Acc@5 68.750 (76.707)	Mem 621MB
Test: [90/391]	Time 1.463 (1.619)	Loss 2.0215 (2.1867)	Acc@1 57.031 (56.078)	Acc@5 83.594 (77.129)	Mem 621MB
Test: [100/391]	Time 1.280 (1.601)	Loss 2.1641 (2.1765)	Acc@1 51.562 (55.801)	Acc@5 82.812 (77.599)	Mem 621MB
Test: [110/391]	Time 1.585 (1.606)	Loss 2.2637 (2.1737)	Acc@1 40.625 (55.497)	Acc@5 82.031 (77.829)	Mem 621MB
Test: [120/391]	Time 1.417 (1.606)	Loss 2.5273 (2.1727)	Acc@1 42.969 (55.559)	Acc@5 73.438 (77.970)	Mem 621MB
Test: [130/391]	Time 1.602 (1.612)	Loss 1.9043 (2.1611)	Acc@1 67.188 (55.952)	Acc@5 77.344 (78.047)	Mem 621MB
Test: [140/391]	Time 1.750 (1.610)	Loss 2.5078 (2.1557)	Acc@1 46.094 (55.962)	Acc@5 78.125 (78.264)	Mem 621MB
Test: [150/391]	Time 2.384 (1.616)	Loss 2.2578 (2.1599)	Acc@1 42.969 (55.960)	Acc@5 81.250 (78.156)	Mem 621MB
Test: [160/391]	Time 1.603 (1.607)	Loss 2.5137 (2.1557)	Acc@1 52.344 (56.129)	Acc@5 75.781 (78.227)	Mem 621MB
Test: [170/391]	Time 1.089 (1.594)	Loss 2.3887 (2.1758)	Acc@1 46.875 (55.679)	Acc@5 77.344 (77.897)	Mem 621MB
Test: [180/391]	Time 1.680 (1.590)	Loss 2.5977 (2.1873)	Acc@1 41.406 (55.378)	Acc@5 74.219 (77.741)	Mem 621MB
Test: [190/391]	Time 1.337 (1.591)	Loss 2.6914 (2.2032)	Acc@1 39.062 (54.957)	Acc@5 72.656 (77.577)	Mem 621MB
Test: [200/391]	Time 1.291 (1.585)	Loss 2.9922 (2.2173)	Acc@1 39.844 (54.633)	Acc@5 63.281 (77.425)	Mem 621MB
Test: [210/391]	Time 1.583 (1.581)	Loss 2.0039 (2.2258)	Acc@1 61.719 (54.406)	Acc@5 83.594 (77.292)	Mem 621MB
Test: [220/391]	Time 1.643 (1.581)	Loss 1.5166 (2.2225)	Acc@1 64.062 (54.560)	Acc@5 87.500 (77.284)	Mem 621MB
Test: [230/391]	Time 1.411 (1.581)	Loss 2.8027 (2.2332)	Acc@1 42.969 (54.424)	Acc@5 67.969 (77.080)	Mem 621MB
Test: [240/391]	Time 1.512 (1.580)	Loss 2.3203 (2.2392)	Acc@1 53.906 (54.373)	Acc@5 78.125 (76.939)	Mem 621MB
Test: [250/391]	Time 1.324 (1.574)	Loss 1.5342 (2.2473)	Acc@1 72.656 (54.152)	Acc@5 85.938 (76.833)	Mem 621MB
Test: [260/391]	Time 1.587 (1.576)	Loss 2.7598 (2.2639)	Acc@1 40.625 (53.816)	Acc@5 67.188 (76.610)	Mem 621MB
Test: [270/391]	Time 1.631 (1.573)	Loss 3.4258 (2.2723)	Acc@1 33.594 (53.690)	Acc@5 57.031 (76.456)	Mem 621MB
Test: [280/391]	Time 1.440 (1.571)	Loss 1.9648 (2.2698)	Acc@1 50.781 (53.712)	Acc@5 83.594 (76.507)	Mem 621MB
Test: [290/391]	Time 1.180 (1.570)	Loss 2.4883 (2.2750)	Acc@1 41.406 (53.673)	Acc@5 76.562 (76.385)	Mem 621MB
Test: [300/391]	Time 1.336 (1.564)	Loss 2.6914 (2.2809)	Acc@1 50.781 (53.582)	Acc@5 69.531 (76.285)	Mem 621MB
Test: [310/391]	Time 1.238 (1.563)	Loss 2.1973 (2.2872)	Acc@1 55.469 (53.517)	Acc@5 81.250 (76.153)	Mem 621MB
Test: [320/391]	Time 1.402 (1.567)	Loss 1.8926 (2.2842)	Acc@1 59.375 (53.478)	Acc@5 82.812 (76.219)	Mem 621MB
Test: [330/391]	Time 1.228 (1.562)	Loss 2.4531 (2.2962)	Acc@1 47.656 (53.260)	Acc@5 73.438 (76.041)	Mem 621MB
Test: [340/391]	Time 1.710 (1.556)	Loss 2.3965 (2.2989)	Acc@1 44.531 (53.196)	Acc@5 76.562 (75.990)	Mem 621MB
Test: [350/391]	Time 1.217 (1.550)	Loss 2.1895 (2.2999)	Acc@1 55.469 (53.203)	Acc@5 77.344 (75.955)	Mem 621MB
Test: [360/391]	Time 1.344 (1.547)	Loss 2.3262 (2.2981)	Acc@1 50.781 (53.186)	Acc@5 79.688 (75.987)	Mem 621MB
Test: [370/391]	Time 1.974 (1.545)	Loss 1.5781 (2.2935)	Acc@1 60.156 (53.237)	Acc@5 91.406 (76.103)	Mem 621MB
Test: [380/391]	Time 1.664 (1.542)	Loss 1.5391 (2.2899)	Acc@1 64.844 (53.303)	Acc@5 90.625 (76.159)	Mem 621MB
Test: [390/391]	Time 0.858 (1.540)	Loss 2.8223 (2.2807)	Acc@1 39.759 (53.479)	Acc@5 74.699 (76.295)	Mem 621MB
 * Acc@1 53.479 Acc@5 76.295
01/07 16:34:36 - mmengine - INFO - Because batch augmentations are enabled, the data preprocessor automatically enables the `to_onehot` option to generate one-hot format labels.
01/07 16:34:36 - mmengine - INFO - Loads checkpoint by http backend from path: https://download.openmmlab.com/mmclassification/v0/deit/deit-small_pt-4xb256_in1k_20220218-9425b9bb.pth
starting loop: img_size (384, 384)
Test: [0/391]	Time 4.025 (4.025)	Loss 0.2859 (0.2859)	Acc@1 95.312 (95.312)	Acc@5 99.219 (99.219)	Mem 2626MB
Test: [10/391]	Time 2.932 (2.705)	Loss 1.0664 (0.4548)	Acc@1 75.000 (90.483)	Acc@5 96.875 (98.651)	Mem 2627MB
Test: [20/391]	Time 2.390 (2.501)	Loss 0.7061 (0.6185)	Acc@1 85.156 (86.198)	Acc@5 95.312 (97.210)	Mem 2627MB
Test: [30/391]	Time 2.572 (2.418)	Loss 1.2002 (0.7513)	Acc@1 78.125 (82.384)	Acc@5 89.844 (96.270)	Mem 2627MB
Test: [40/391]	Time 2.220 (2.374)	Loss 0.6699 (0.6731)	Acc@1 86.719 (84.642)	Acc@5 95.312 (96.704)	Mem 2627MB
Test: [50/391]	Time 2.175 (2.359)	Loss 0.2483 (0.6819)	Acc@1 96.094 (84.819)	Acc@5 100.000 (96.523)	Mem 2627MB
Test: [60/391]	Time 2.411 (2.352)	Loss 0.6680 (0.6399)	Acc@1 86.719 (85.938)	Acc@5 96.094 (96.849)	Mem 2627MB
Test: [70/391]	Time 1.913 (2.339)	Loss 1.1689 (0.6797)	Acc@1 71.094 (84.826)	Acc@5 93.750 (96.622)	Mem 2627MB
Test: [80/391]	Time 2.029 (2.302)	Loss 1.0996 (0.7083)	Acc@1 72.656 (83.902)	Acc@5 91.406 (96.480)	Mem 2627MB
Test: [90/391]	Time 2.296 (2.287)	Loss 1.0410 (0.7188)	Acc@1 64.844 (83.585)	Acc@5 96.094 (96.411)	Mem 2627MB
Test: [100/391]	Time 1.965 (2.266)	Loss 0.5732 (0.7281)	Acc@1 90.625 (83.161)	Acc@5 97.656 (96.457)	Mem 2627MB
Test: [110/391]	Time 2.705 (2.276)	Loss 1.0635 (0.7364)	Acc@1 60.938 (82.848)	Acc@5 96.875 (96.544)	Mem 2627MB
Test: [120/391]	Time 2.250 (2.286)	Loss 0.4414 (0.7308)	Acc@1 92.969 (83.110)	Acc@5 97.656 (96.591)	Mem 2627MB
Test: [130/391]	Time 2.187 (2.294)	Loss 0.2812 (0.7208)	Acc@1 96.094 (83.522)	Acc@5 98.438 (96.613)	Mem 2627MB
Test: [140/391]	Time 2.524 (2.283)	Loss 1.0791 (0.7191)	Acc@1 71.875 (83.405)	Acc@5 96.875 (96.687)	Mem 2627MB
Test: [150/391]	Time 3.411 (2.295)	Loss 0.8564 (0.7255)	Acc@1 77.344 (83.397)	Acc@5 96.875 (96.601)	Mem 2627MB
Test: [160/391]	Time 2.371 (2.290)	Loss 0.8208 (0.7271)	Acc@1 82.031 (83.366)	Acc@5 95.312 (96.569)	Mem 2627MB
Test: [170/391]	Time 1.883 (2.283)	Loss 1.7490 (0.7472)	Acc@1 57.812 (82.872)	Acc@5 86.719 (96.409)	Mem 2627MB
Test: [180/391]	Time 2.073 (2.280)	Loss 1.6182 (0.7681)	Acc@1 59.375 (82.411)	Acc@5 87.500 (96.202)	Mem 2627MB
Test: [190/391]	Time 2.228 (2.283)	Loss 1.3232 (0.7910)	Acc@1 67.188 (81.872)	Acc@5 93.750 (95.979)	Mem 2627MB
Test: [200/391]	Time 1.779 (2.275)	Loss 0.7075 (0.8164)	Acc@1 85.938 (81.336)	Acc@5 96.094 (95.666)	Mem 2627MB
Test: [210/391]	Time 2.013 (2.272)	Loss 1.0947 (0.8283)	Acc@1 76.562 (81.069)	Acc@5 92.969 (95.575)	Mem 2627MB
Test: [220/391]	Time 2.304 (2.270)	Loss 0.4568 (0.8302)	Acc@1 90.625 (81.080)	Acc@5 97.656 (95.500)	Mem 2627MB
Test: [230/391]	Time 2.426 (2.273)	Loss 1.5254 (0.8368)	Acc@1 63.281 (80.986)	Acc@5 89.062 (95.438)	Mem 2627MB
Test: [240/391]	Time 2.384 (2.270)	Loss 0.7524 (0.8367)	Acc@1 85.938 (81.052)	Acc@5 94.531 (95.371)	Mem 2627MB
Test: [250/391]	Time 2.439 (2.266)	Loss 0.6274 (0.8543)	Acc@1 86.719 (80.587)	Acc@5 97.656 (95.210)	Mem 2627MB
Test: [260/391]	Time 2.225 (2.262)	Loss 0.8032 (0.8656)	Acc@1 82.812 (80.265)	Acc@5 96.875 (95.112)	Mem 2627MB
Test: [270/391]	Time 2.235 (2.260)	Loss 1.4492 (0.8720)	Acc@1 66.406 (80.152)	Acc@5 89.844 (95.033)	Mem 2627MB
Test: [280/391]	Time 2.113 (2.258)	Loss 1.1240 (0.8741)	Acc@1 73.438 (80.124)	Acc@5 94.531 (95.015)	Mem 2627MB
Test: [290/391]	Time 1.279 (2.235)	Loss 1.2832 (0.8797)	Acc@1 61.719 (80.037)	Acc@5 93.750 (94.931)	Mem 2627MB
Test: [300/391]	Time 1.355 (2.208)	Loss 0.8521 (0.8852)	Acc@1 83.594 (79.978)	Acc@5 92.188 (94.822)	Mem 2627MB
Test: [310/391]	Time 1.364 (2.186)	Loss 0.7607 (0.8904)	Acc@1 85.156 (79.921)	Acc@5 96.094 (94.755)	Mem 2627MB
Test: [320/391]	Time 1.347 (2.166)	Loss 0.6953 (0.8974)	Acc@1 85.156 (79.802)	Acc@5 94.531 (94.665)	Mem 2627MB
Test: [330/391]	Time 1.318 (2.144)	Loss 1.2451 (0.9077)	Acc@1 74.219 (79.600)	Acc@5 89.062 (94.557)	Mem 2627MB
Test: [340/391]	Time 1.603 (2.123)	Loss 0.6318 (0.9116)	Acc@1 88.281 (79.504)	Acc@5 98.438 (94.536)	Mem 2627MB
Test: [350/391]	Time 1.516 (2.104)	Loss 0.7988 (0.9130)	Acc@1 82.812 (79.465)	Acc@5 95.312 (94.487)	Mem 2627MB
Test: [360/391]	Time 1.414 (2.088)	Loss 1.2793 (0.9194)	Acc@1 68.750 (79.337)	Acc@5 94.531 (94.447)	Mem 2627MB
Test: [370/391]	Time 1.715 (2.073)	Loss 1.1367 (0.9159)	Acc@1 62.500 (79.361)	Acc@5 94.531 (94.491)	Mem 2627MB
Test: [380/391]	Time 1.438 (2.059)	Loss 0.5869 (0.9174)	Acc@1 85.938 (79.333)	Acc@5 100.000 (94.476)	Mem 2627MB
Test: [390/391]	Time 0.950 (2.045)	Loss 1.8340 (0.9132)	Acc@1 51.807 (79.397)	Acc@5 90.361 (94.528)	Mem 2627MB
 * Acc@1 79.397 Acc@5 94.528
01/07 16:47:56 - mmengine - INFO - Because batch augmentations are enabled, the data preprocessor automatically enables the `to_onehot` option to generate one-hot format labels.
01/07 16:47:56 - mmengine - INFO - Loads checkpoint by http backend from path: https://download.openmmlab.com/mmclassification/v0/deit/deit-small_pt-4xb256_in1k_20220218-9425b9bb.pth
starting loop: img_size (512, 512)
Test: [0/391]	Time 4.084 (4.084)	Loss 0.3345 (0.3345)	Acc@1 93.750 (93.750)	Acc@5 99.219 (99.219)	Mem 6409MB
Test: [10/391]	Time 2.378 (2.438)	Loss 1.0410 (0.5108)	Acc@1 72.656 (88.707)	Acc@5 96.875 (98.153)	Mem 6409MB
Test: [20/391]	Time 1.878 (2.255)	Loss 0.8315 (0.7045)	Acc@1 80.469 (83.668)	Acc@5 94.531 (96.391)	Mem 6409MB
Test: [30/391]	Time 2.176 (2.198)	Loss 1.3789 (0.8741)	Acc@1 67.969 (79.209)	Acc@5 88.281 (94.834)	Mem 6409MB
Test: [40/391]	Time 1.895 (2.149)	Loss 0.9014 (0.7835)	Acc@1 81.250 (81.707)	Acc@5 92.188 (95.370)	Mem 6409MB
Test: [50/391]	Time 2.038 (2.152)	Loss 0.3220 (0.8060)	Acc@1 95.312 (81.725)	Acc@5 99.219 (95.067)	Mem 6409MB
Test: [60/391]	Time 1.910 (2.134)	Loss 0.7900 (0.7581)	Acc@1 82.031 (82.787)	Acc@5 96.094 (95.569)	Mem 6409MB
Test: [70/391]	Time 1.859 (2.149)	Loss 1.6982 (0.8270)	Acc@1 53.906 (80.909)	Acc@5 85.938 (95.026)	Mem 6409MB
Test: [80/391]	Time 2.095 (2.146)	Loss 1.5889 (0.8672)	Acc@1 64.844 (79.581)	Acc@5 81.250 (94.811)	Mem 6409MB
Test: [90/391]	Time 1.890 (2.126)	Loss 1.3701 (0.8898)	Acc@1 54.688 (79.104)	Acc@5 95.312 (94.703)	Mem 6409MB
Test: [100/391]	Time 1.820 (2.136)	Loss 0.8496 (0.9130)	Acc@1 85.938 (78.419)	Acc@5 95.312 (94.609)	Mem 6409MB
Test: [110/391]	Time 2.218 (2.135)	Loss 1.2891 (0.9236)	Acc@1 60.156 (77.984)	Acc@5 95.312 (94.693)	Mem 6409MB
Test: [120/391]	Time 2.367 (2.141)	Loss 0.5122 (0.9144)	Acc@1 89.844 (78.280)	Acc@5 97.656 (94.790)	Mem 6409MB
Test: [130/391]	Time 1.867 (2.145)	Loss 0.2563 (0.8985)	Acc@1 97.656 (78.823)	Acc@5 99.219 (94.901)	Mem 6409MB
Test: [140/391]	Time 1.972 (2.142)	Loss 1.2480 (0.8943)	Acc@1 64.062 (78.818)	Acc@5 95.312 (95.013)	Mem 6409MB
Test: [150/391]	Time 3.214 (2.147)	Loss 0.8799 (0.8984)	Acc@1 72.656 (78.761)	Acc@5 97.656 (94.914)	Mem 6409MB
Test: [160/391]	Time 2.082 (2.144)	Loss 0.9673 (0.8973)	Acc@1 79.688 (78.819)	Acc@5 95.312 (94.890)	Mem 6409MB
Test: [170/391]	Time 1.958 (2.136)	Loss 2.0684 (0.9238)	Acc@1 49.219 (78.262)	Acc@5 78.906 (94.600)	Mem 6409MB
Test: [180/391]	Time 2.571 (2.138)	Loss 1.8906 (0.9486)	Acc@1 54.688 (77.780)	Acc@5 85.156 (94.315)	Mem 6409MB
Test: [190/391]	Time 1.845 (2.139)	Loss 1.4834 (0.9743)	Acc@1 65.625 (77.278)	Acc@5 88.281 (93.983)	Mem 6409MB
Test: [200/391]	Time 1.692 (2.137)	Loss 0.9385 (1.0034)	Acc@1 81.250 (76.737)	Acc@5 93.750 (93.567)	Mem 6409MB
Test: [210/391]	Time 2.199 (2.146)	Loss 1.3672 (1.0171)	Acc@1 71.875 (76.518)	Acc@5 91.406 (93.480)	Mem 6409MB
Test: [220/391]	Time 2.114 (2.143)	Loss 0.6758 (1.0197)	Acc@1 84.375 (76.520)	Acc@5 96.875 (93.446)	Mem 6409MB
Test: [230/391]	Time 2.811 (2.151)	Loss 1.9336 (1.0271)	Acc@1 57.812 (76.441)	Acc@5 83.594 (93.375)	Mem 6409MB
Test: [240/391]	Time 2.592 (2.148)	Loss 1.0381 (1.0285)	Acc@1 82.031 (76.537)	Acc@5 89.844 (93.283)	Mem 6409MB
Test: [250/391]	Time 1.892 (2.143)	Loss 0.7676 (1.0485)	Acc@1 82.031 (76.033)	Acc@5 96.094 (93.071)	Mem 6409MB
Test: [260/391]	Time 2.109 (2.144)	Loss 0.8936 (1.0631)	Acc@1 78.906 (75.727)	Acc@5 94.531 (92.900)	Mem 6409MB
Test: [270/391]	Time 2.045 (2.137)	Loss 1.6797 (1.0699)	Acc@1 64.062 (75.652)	Acc@5 89.062 (92.778)	Mem 6409MB
Test: [280/391]	Time 1.840 (2.131)	Loss 1.4209 (1.0711)	Acc@1 65.625 (75.659)	Acc@5 88.281 (92.760)	Mem 6409MB
Test: [290/391]	Time 1.723 (2.130)	Loss 1.5381 (1.0791)	Acc@1 57.812 (75.548)	Acc@5 90.625 (92.630)	Mem 6409MB
Test: [300/391]	Time 1.907 (2.125)	Loss 1.1846 (1.0880)	Acc@1 75.000 (75.423)	Acc@5 87.500 (92.504)	Mem 6409MB
Test: [310/391]	Time 1.822 (2.121)	Loss 0.9692 (1.0958)	Acc@1 82.031 (75.304)	Acc@5 92.969 (92.434)	Mem 6409MB
Test: [320/391]	Time 1.803 (2.119)	Loss 0.8008 (1.1033)	Acc@1 83.594 (75.187)	Acc@5 96.094 (92.351)	Mem 6409MB
Test: [330/391]	Time 1.787 (2.116)	Loss 1.4287 (1.1164)	Acc@1 71.875 (74.953)	Acc@5 87.500 (92.197)	Mem 6409MB
Test: [340/391]	Time 2.533 (2.120)	Loss 0.7422 (1.1217)	Acc@1 85.156 (74.853)	Acc@5 97.656 (92.135)	Mem 6409MB
Test: [350/391]	Time 1.901 (2.119)	Loss 1.1123 (1.1249)	Acc@1 76.562 (74.775)	Acc@5 92.188 (92.085)	Mem 6409MB
Test: [360/391]	Time 1.886 (2.125)	Loss 1.3496 (1.1310)	Acc@1 66.406 (74.628)	Acc@5 91.406 (92.049)	Mem 6409MB
Test: [370/391]	Time 2.223 (2.122)	Loss 1.2354 (1.1265)	Acc@1 59.375 (74.669)	Acc@5 93.750 (92.105)	Mem 6409MB
Test: [380/391]	Time 1.883 (2.117)	Loss 0.6411 (1.1272)	Acc@1 82.812 (74.649)	Acc@5 99.219 (92.079)	Mem 6409MB
Test: [390/391]	Time 1.234 (2.115)	Loss 2.1738 (1.1203)	Acc@1 45.783 (74.780)	Acc@5 83.133 (92.162)	Mem 6409MB
 * Acc@1 74.780 Acc@5 92.162
01/07 17:01:43 - mmengine - INFO - Because batch augmentations are enabled, the data preprocessor automatically enables the `to_onehot` option to generate one-hot format labels.
01/07 17:01:43 - mmengine - INFO - Loads checkpoint by http backend from path: https://download.openmmlab.com/mmclassification/v0/deit/deit-small_pt-4xb256_in1k_20220218-9425b9bb.pth
starting loop: img_size (640, 640)
Test: [0/391]	Time 3.608 (3.608)	Loss 0.3892 (0.3892)	Acc@1 93.750 (93.750)	Acc@5 97.656 (97.656)	Mem 13841MB
Test: [10/391]	Time 3.578 (3.180)	Loss 1.1094 (0.6137)	Acc@1 69.531 (86.080)	Acc@5 96.094 (96.733)	Mem 13841MB
Test: [20/391]	Time 2.673 (3.135)	Loss 1.2588 (0.8800)	Acc@1 71.875 (79.576)	Acc@5 85.938 (94.122)	Mem 13841MB
Test: [30/391]	Time 2.937 (3.113)	Loss 1.6494 (1.1030)	Acc@1 57.812 (73.614)	Acc@5 85.938 (91.759)	Mem 13841MB
Test: [40/391]	Time 2.683 (3.063)	Loss 1.2617 (0.9863)	Acc@1 71.875 (76.848)	Acc@5 86.719 (92.721)	Mem 13841MB
Test: [50/391]	Time 2.706 (3.045)	Loss 0.3728 (1.0197)	Acc@1 93.750 (76.578)	Acc@5 96.875 (92.142)	Mem 13841MB
Test: [60/391]	Time 2.703 (3.052)	Loss 1.0127 (0.9613)	Acc@1 76.562 (77.869)	Acc@5 93.750 (92.802)	Mem 13841MB
Test: [70/391]	Time 2.638 (3.017)	Loss 2.3730 (1.0551)	Acc@1 39.062 (75.550)	Acc@5 75.000 (91.868)	Mem 13841MB
Test: [80/391]	Time 2.663 (3.011)	Loss 2.1719 (1.0984)	Acc@1 49.219 (74.035)	Acc@5 78.125 (91.696)	Mem 13841MB
Test: [90/391]	Time 3.648 (2.993)	Loss 1.6680 (1.1355)	Acc@1 50.000 (73.128)	Acc@5 93.750 (91.484)	Mem 13841MB
Test: [100/391]	Time 2.787 (2.995)	Loss 1.4268 (1.1774)	Acc@1 68.750 (72.061)	Acc@5 91.406 (91.259)	Mem 13841MB
Test: [110/391]	Time 3.327 (2.993)	Loss 1.4961 (1.1889)	Acc@1 55.469 (71.551)	Acc@5 92.188 (91.336)	Mem 13841MB
Test: [120/391]	Time 2.753 (3.011)	Loss 0.6479 (1.1778)	Acc@1 85.156 (71.856)	Acc@5 96.875 (91.400)	Mem 13841MB
Test: [130/391]	Time 2.714 (3.004)	Loss 0.3542 (1.1555)	Acc@1 93.750 (72.537)	Acc@5 98.438 (91.609)	Mem 13841MB
Test: [140/391]	Time 2.745 (2.994)	Loss 1.4004 (1.1491)	Acc@1 62.500 (72.640)	Acc@5 92.969 (91.794)	Mem 13841MB
Test: [150/391]	Time 3.310 (3.007)	Loss 1.0527 (1.1504)	Acc@1 65.625 (72.646)	Acc@5 96.875 (91.722)	Mem 13841MB
Test: [160/391]	Time 2.877 (2.990)	Loss 1.2324 (1.1450)	Acc@1 71.094 (72.831)	Acc@5 92.188 (91.765)	Mem 13841MB
Test: [170/391]	Time 2.575 (2.982)	Loss 2.4355 (1.1782)	Acc@1 41.406 (72.199)	Acc@5 75.000 (91.393)	Mem 13841MB
Test: [180/391]	Time 2.700 (2.973)	Loss 2.1445 (1.2062)	Acc@1 51.562 (71.750)	Acc@5 80.469 (91.061)	Mem 13841MB
Test: [190/391]	Time 2.631 (2.968)	Loss 1.8496 (1.2328)	Acc@1 56.250 (71.290)	Acc@5 87.500 (90.764)	Mem 13841MB
Test: [200/391]	Time 2.508 (2.966)	Loss 1.4326 (1.2654)	Acc@1 68.750 (70.701)	Acc@5 89.844 (90.337)	Mem 13841MB
Test: [210/391]	Time 2.633 (2.963)	Loss 1.6826 (1.2808)	Acc@1 67.969 (70.468)	Acc@5 87.500 (90.192)	Mem 13841MB
Test: [220/391]	Time 2.762 (2.957)	Loss 0.8735 (1.2825)	Acc@1 80.469 (70.578)	Acc@5 93.750 (90.194)	Mem 13841MB
Test: [230/391]	Time 2.949 (2.954)	Loss 2.2754 (1.2914)	Acc@1 47.656 (70.502)	Acc@5 77.344 (90.043)	Mem 13841MB
Test: [240/391]	Time 2.852 (2.948)	Loss 1.4053 (1.2955)	Acc@1 75.000 (70.565)	Acc@5 87.500 (89.944)	Mem 13841MB
Test: [250/391]	Time 2.652 (2.938)	Loss 0.9902 (1.3167)	Acc@1 78.906 (70.098)	Acc@5 94.531 (89.682)	Mem 13841MB
Test: [260/391]	Time 2.730 (2.928)	Loss 1.1123 (1.3329)	Acc@1 71.094 (69.768)	Acc@5 91.406 (89.494)	Mem 13841MB
Test: [270/391]	Time 2.735 (2.918)	Loss 1.9795 (1.3394)	Acc@1 59.375 (69.739)	Acc@5 86.719 (89.380)	Mem 13841MB
Test: [280/391]	Time 2.567 (2.910)	Loss 1.8447 (1.3404)	Acc@1 59.375 (69.781)	Acc@5 83.594 (89.374)	Mem 13841MB
Test: [290/391]	Time 2.613 (2.905)	Loss 1.7607 (1.3495)	Acc@1 59.375 (69.692)	Acc@5 87.500 (89.213)	Mem 13841MB
Test: [300/391]	Time 2.568 (2.899)	Loss 1.4014 (1.3624)	Acc@1 71.875 (69.521)	Acc@5 85.156 (89.003)	Mem 13841MB
Test: [310/391]	Time 2.670 (2.895)	Loss 1.3008 (1.3736)	Acc@1 73.438 (69.340)	Acc@5 91.406 (88.884)	Mem 13841MB
Test: [320/391]	Time 2.649 (2.900)	Loss 0.8750 (1.3802)	Acc@1 80.469 (69.251)	Acc@5 96.875 (88.773)	Mem 13841MB
Test: [330/391]	Time 2.675 (2.906)	Loss 1.7842 (1.3951)	Acc@1 64.844 (69.007)	Acc@5 84.375 (88.579)	Mem 13841MB
Test: [340/391]	Time 2.900 (2.904)	Loss 1.0059 (1.4014)	Acc@1 77.344 (68.881)	Acc@5 93.750 (88.517)	Mem 13841MB
Test: [350/391]	Time 2.915 (2.900)	Loss 1.4785 (1.4066)	Acc@1 67.969 (68.808)	Acc@5 87.500 (88.439)	Mem 13841MB
Test: [360/391]	Time 3.279 (2.906)	Loss 1.5420 (1.4111)	Acc@1 68.750 (68.741)	Acc@5 89.844 (88.387)	Mem 13841MB
Test: [370/391]	Time 3.097 (2.910)	Loss 1.3721 (1.4055)	Acc@1 57.031 (68.807)	Acc@5 90.625 (88.464)	Mem 13841MB
Test: [380/391]	Time 2.681 (2.908)	Loss 0.7129 (1.4051)	Acc@1 82.031 (68.764)	Acc@5 99.219 (88.466)	Mem 13841MB
Test: [390/391]	Time 1.838 (2.906)	Loss 2.7031 (1.3949)	Acc@1 39.759 (68.978)	Acc@5 73.494 (88.587)	Mem 13841MB
 * Acc@1 68.978 Acc@5 88.587
01/07 17:20:40 - mmengine - INFO - Because batch augmentations are enabled, the data preprocessor automatically enables the `to_onehot` option to generate one-hot format labels.
01/07 17:20:40 - mmengine - INFO - Loads checkpoint by http backend from path: https://download.openmmlab.com/mmclassification/v0/deit/deit-small_pt-4xb256_in1k_20220218-9425b9bb.pth
starting loop: img_size (768, 768)
Test: [0/521]	Time 5.271 (5.271)	Loss 0.4094 (0.4094)	Acc@1 94.792 (94.792)	Acc@5 97.917 (97.917)	Mem 20327MB
Test: [10/521]	Time 3.993 (3.365)	Loss 0.7720 (0.7714)	Acc@1 84.375 (82.765)	Acc@5 93.750 (94.792)	Mem 20327MB
Test: [20/521]	Time 2.798 (3.363)	Loss 1.2686 (1.0278)	Acc@1 70.833 (76.438)	Acc@5 88.542 (92.262)	Mem 20327MB
Test: [30/521]	Time 3.074 (3.291)	Loss 2.5547 (1.2588)	Acc@1 45.833 (71.270)	Acc@5 69.792 (89.382)	Mem 20327MB
Test: [40/521]	Time 3.213 (3.277)	Loss 1.7061 (1.4247)	Acc@1 58.333 (66.641)	Acc@5 83.333 (87.297)	Mem 20327MB
Test: [50/521]	Time 2.897 (3.244)	Loss 0.9683 (1.3007)	Acc@1 79.167 (69.914)	Acc@5 96.875 (88.542)	Mem 20327MB
Test: [60/521]	Time 3.649 (3.236)	Loss 1.2393 (1.2997)	Acc@1 65.625 (70.338)	Acc@5 96.875 (88.405)	Mem 20327MB
Test: [70/521]	Time 2.991 (3.242)	Loss 0.8677 (1.3011)	Acc@1 83.333 (70.628)	Acc@5 94.792 (88.263)	Mem 20327MB
Test: [80/521]	Time 2.854 (3.229)	Loss 1.2598 (1.2522)	Acc@1 68.750 (71.734)	Acc@5 91.667 (89.017)	Mem 20327MB
Test: [90/521]	Time 3.467 (3.235)	Loss 1.9082 (1.3165)	Acc@1 52.083 (70.192)	Acc@5 84.375 (88.473)	Mem 20327MB
Test: [100/521]	Time 3.568 (3.241)	Loss 2.2207 (1.3641)	Acc@1 40.625 (68.812)	Acc@5 78.125 (87.902)	Mem 20327MB
Test: [110/521]	Time 3.209 (3.251)	Loss 2.0918 (1.4187)	Acc@1 54.167 (67.239)	Acc@5 79.167 (87.434)	Mem 20327MB
Test: [120/521]	Time 3.273 (3.241)	Loss 1.8447 (1.4424)	Acc@1 42.708 (66.503)	Acc@5 92.708 (87.345)	Mem 20327MB
Test: [130/521]	Time 2.903 (3.229)	Loss 1.9170 (1.5084)	Acc@1 55.208 (64.878)	Acc@5 89.583 (86.768)	Mem 20327MB
Test: [140/521]	Time 4.198 (3.227)	Loss 1.5566 (1.5184)	Acc@1 65.625 (64.561)	Acc@5 90.625 (86.806)	Mem 20327MB
Test: [150/521]	Time 2.992 (3.228)	Loss 1.2158 (1.5212)	Acc@1 65.625 (64.335)	Acc@5 91.667 (86.914)	Mem 20327MB
Test: [160/521]	Time 3.117 (3.231)	Loss 0.8901 (1.5083)	Acc@1 81.250 (64.713)	Acc@5 93.750 (86.989)	Mem 20327MB
Test: [170/521]	Time 3.226 (3.231)	Loss 1.3564 (1.4902)	Acc@1 72.917 (65.211)	Acc@5 86.458 (87.238)	Mem 20327MB
Test: [180/521]	Time 3.811 (3.231)	Loss 1.8916 (1.4736)	Acc@1 56.250 (65.602)	Acc@5 83.333 (87.437)	Mem 20327MB
Test: [190/521]	Time 2.867 (3.228)	Loss 1.4531 (1.4695)	Acc@1 76.042 (65.701)	Acc@5 84.375 (87.576)	Mem 20327MB
Test: [200/521]	Time 3.566 (3.233)	Loss 1.1973 (1.4725)	Acc@1 61.458 (65.495)	Acc@5 95.833 (87.510)	Mem 20327MB
Test: [210/521]	Time 3.083 (3.225)	Loss 0.5938 (1.4593)	Acc@1 88.542 (65.837)	Acc@5 98.958 (87.609)	Mem 20327MB
Test: [220/521]	Time 3.159 (3.220)	Loss 1.6123 (1.4770)	Acc@1 60.417 (65.587)	Acc@5 87.500 (87.439)	Mem 20327MB
Test: [230/521]	Time 3.080 (3.216)	Loss 2.2852 (1.5025)	Acc@1 48.958 (65.174)	Acc@5 79.167 (87.085)	Mem 20327MB
Test: [240/521]	Time 3.022 (3.213)	Loss 2.2402 (1.5274)	Acc@1 46.875 (64.799)	Acc@5 80.208 (86.783)	Mem 20327MB
Test: [250/521]	Time 2.937 (3.216)	Loss 2.1953 (1.5462)	Acc@1 53.125 (64.629)	Acc@5 76.042 (86.521)	Mem 20327MB
Test: [260/521]	Time 2.961 (3.211)	Loss 1.9023 (1.5720)	Acc@1 62.500 (64.208)	Acc@5 79.167 (86.179)	Mem 20327MB
Test: [270/521]	Time 2.893 (3.206)	Loss 1.7119 (1.5977)	Acc@1 60.417 (63.692)	Acc@5 83.333 (85.866)	Mem 20327MB
Test: [280/521]	Time 3.375 (3.216)	Loss 1.9307 (1.6062)	Acc@1 59.375 (63.594)	Acc@5 83.333 (85.802)	Mem 20327MB
Test: [290/521]	Time 4.498 (3.212)	Loss 2.3691 (1.6121)	Acc@1 47.917 (63.603)	Acc@5 70.833 (85.714)	Mem 20327MB
Test: [300/521]	Time 3.423 (3.217)	Loss 0.6592 (1.6050)	Acc@1 84.375 (63.891)	Acc@5 93.750 (85.766)	Mem 20327MB
Test: [310/521]	Time 3.268 (3.230)	Loss 2.5078 (1.6220)	Acc@1 45.833 (63.659)	Acc@5 77.083 (85.537)	Mem 20327MB
Test: [320/521]	Time 2.992 (3.223)	Loss 1.5869 (1.6260)	Acc@1 70.833 (63.688)	Acc@5 86.458 (85.475)	Mem 20327MB
Test: [330/521]	Time 2.995 (3.222)	Loss 2.3496 (1.6450)	Acc@1 59.375 (63.438)	Acc@5 76.042 (85.200)	Mem 20327MB
Test: [340/521]	Time 3.319 (3.218)	Loss 2.1094 (1.6548)	Acc@1 54.167 (63.276)	Acc@5 79.167 (85.053)	Mem 20327MB
Test: [350/521]	Time 3.860 (3.224)	Loss 1.9268 (1.6621)	Acc@1 56.250 (63.040)	Acc@5 75.000 (84.957)	Mem 20327MB
Test: [360/521]	Time 3.193 (3.220)	Loss 2.4355 (1.6698)	Acc@1 50.000 (62.956)	Acc@5 78.125 (84.828)	Mem 20327MB
Test: [370/521]	Time 3.876 (3.230)	Loss 2.8496 (1.6724)	Acc@1 39.583 (62.949)	Acc@5 68.750 (84.827)	Mem 20327MB
Test: [380/521]	Time 3.577 (3.238)	Loss 3.0664 (1.6730)	Acc@1 40.625 (63.071)	Acc@5 62.500 (84.761)	Mem 20327MB
Test: [390/521]	Time 3.262 (3.248)	Loss 2.8613 (1.6870)	Acc@1 44.792 (62.833)	Acc@5 65.625 (84.559)	Mem 20327MB
Test: [400/521]	Time 3.302 (3.245)	Loss 1.5811 (1.6960)	Acc@1 64.583 (62.692)	Acc@5 84.375 (84.424)	Mem 20327MB
Test: [410/521]	Time 3.851 (3.252)	Loss 2.5352 (1.7074)	Acc@1 55.208 (62.520)	Acc@5 72.917 (84.266)	Mem 20327MB
Test: [420/521]	Time 3.773 (3.256)	Loss 2.5723 (1.7132)	Acc@1 51.042 (62.522)	Acc@5 69.792 (84.155)	Mem 20327MB
Test: [430/521]	Time 2.835 (3.251)	Loss 2.8555 (1.7192)	Acc@1 39.583 (62.427)	Acc@5 63.542 (84.046)	Mem 20327MB
Test: [440/521]	Time 2.926 (3.246)	Loss 2.3379 (1.7323)	Acc@1 55.208 (62.214)	Acc@5 77.083 (83.874)	Mem 20327MB
Test: [450/521]	Time 3.159 (3.240)	Loss 1.9600 (1.7372)	Acc@1 59.375 (62.130)	Acc@5 85.417 (83.800)	Mem 20327MB
Test: [460/521]	Time 2.903 (3.236)	Loss 2.1660 (1.7396)	Acc@1 58.333 (62.118)	Acc@5 77.083 (83.806)	Mem 20327MB
Test: [470/521]	Time 3.092 (3.243)	Loss 1.2129 (1.7457)	Acc@1 79.167 (62.040)	Acc@5 90.625 (83.694)	Mem 20327MB
Test: [480/521]	Time 2.956 (3.243)	Loss 1.9541 (1.7486)	Acc@1 66.667 (62.004)	Acc@5 84.375 (83.680)	Mem 20327MB
Test: [490/521]	Time 2.864 (3.241)	Loss 1.7451 (1.7416)	Acc@1 57.292 (62.095)	Acc@5 85.417 (83.787)	Mem 20327MB
Test: [500/521]	Time 2.970 (3.241)	Loss 2.3438 (1.7381)	Acc@1 47.917 (62.140)	Acc@5 76.042 (83.866)	Mem 20327MB
Test: [510/521]	Time 3.699 (3.243)	Loss 1.1523 (1.7382)	Acc@1 77.083 (62.105)	Acc@5 93.750 (83.922)	Mem 20327MB
Test: [520/521]	Time 2.553 (3.242)	Loss 3.1992 (1.7256)	Acc@1 31.325 (62.378)	Acc@5 67.470 (84.057)	Mem 20327MB
 * Acc@1 62.378 Acc@5 84.057
01/07 17:48:50 - mmengine - INFO - Because batch augmentations are enabled, the data preprocessor automatically enables the `to_onehot` option to generate one-hot format labels.
01/07 17:48:50 - mmengine - INFO - Loads checkpoint by http backend from path: https://download.openmmlab.com/mmclassification/v0/deit/deit-small_pt-4xb256_in1k_20220218-9425b9bb.pth
starting loop: img_size (1024, 1024)
Test: [0/695]	Time 6.489 (6.489)	Loss 0.6069 (0.6069)	Acc@1 88.889 (88.889)	Acc@5 95.833 (95.833)	Mem 45093MB
Test: [10/695]	Time 4.127 (4.734)	Loss 0.6948 (1.3671)	Acc@1 86.111 (70.202)	Acc@5 97.222 (89.141)	Mem 45093MB
Test: [20/695]	Time 4.267 (4.583)	Loss 1.4053 (1.3904)	Acc@1 70.833 (69.114)	Acc@5 87.500 (87.897)	Mem 45093MB
Test: [30/695]	Time 4.621 (4.612)	Loss 2.1758 (1.7371)	Acc@1 56.944 (61.694)	Acc@5 72.222 (82.885)	Mem 45093MB
Test: [40/695]	Time 5.177 (4.550)	Loss 4.1211 (2.0579)	Acc@1 22.222 (55.115)	Acc@5 40.278 (77.812)	Mem 45093MB
Test: [50/695]	Time 4.389 (4.545)	Loss 1.1377 (2.2539)	Acc@1 68.056 (51.062)	Acc@5 94.444 (74.592)	Mem 45093MB
Test: [60/695]	Time 4.141 (4.508)	Loss 1.3379 (2.2017)	Acc@1 72.222 (51.981)	Acc@5 84.722 (75.478)	Mem 45093MB
Test: [70/695]	Time 4.151 (4.505)	Loss 1.1875 (2.0400)	Acc@1 70.833 (55.595)	Acc@5 90.278 (77.778)	Mem 45093MB
Test: [80/695]	Time 4.471 (4.473)	Loss 1.2178 (2.0424)	Acc@1 63.889 (55.761)	Acc@5 91.667 (77.521)	Mem 45093MB
Test: [90/695]	Time 4.240 (4.473)	Loss 0.3237 (2.0712)	Acc@1 94.444 (55.159)	Acc@5 100.000 (77.198)	Mem 45093MB
Test: [100/695]	Time 4.119 (4.475)	Loss 1.4912 (2.0043)	Acc@1 68.056 (56.518)	Acc@5 86.111 (78.342)	Mem 45093MB
Test: [110/695]	Time 4.084 (4.456)	Loss 2.9023 (1.9839)	Acc@1 27.778 (56.707)	Acc@5 66.667 (78.779)	Mem 45093MB
Test: [120/695]	Time 4.218 (4.463)	Loss 2.7012 (2.0310)	Acc@1 33.333 (55.452)	Acc@5 69.444 (78.145)	Mem 45093MB
Test: [130/695]	Time 4.292 (4.453)	Loss 2.1816 (2.0747)	Acc@1 56.944 (54.336)	Acc@5 76.389 (77.481)	Mem 45093MB
Test: [140/695]	Time 4.360 (4.457)	Loss 2.7188 (2.0948)	Acc@1 29.167 (53.457)	Acc@5 72.222 (77.463)	Mem 45093MB
Test: [150/695]	Time 4.082 (4.458)	Loss 1.2461 (2.1279)	Acc@1 73.611 (52.557)	Acc@5 93.056 (77.042)	Mem 45093MB
Test: [160/695]	Time 4.380 (4.452)	Loss 2.3496 (2.1566)	Acc@1 36.111 (51.777)	Acc@5 77.778 (76.699)	Mem 45093MB
Test: [170/695]	Time 4.261 (4.455)	Loss 3.8281 (2.2134)	Acc@1 19.444 (50.325)	Acc@5 47.222 (75.845)	Mem 45093MB
Test: [180/695]	Time 4.446 (4.456)	Loss 2.5508 (2.2433)	Acc@1 45.833 (49.701)	Acc@5 70.833 (75.407)	Mem 45093MB
Test: [190/695]	Time 5.222 (4.461)	Loss 2.0332 (2.2556)	Acc@1 58.333 (49.295)	Acc@5 81.944 (75.393)	Mem 45093MB
Test: [200/695]	Time 4.245 (4.468)	Loss 2.1523 (2.2629)	Acc@1 47.222 (49.074)	Acc@5 84.722 (75.401)	Mem 45093MB
Test: [210/695]	Time 4.601 (4.473)	Loss 2.5449 (2.2497)	Acc@1 34.722 (49.454)	Acc@5 69.444 (75.520)	Mem 45093MB
Test: [220/695]	Time 4.495 (4.477)	Loss 1.4375 (2.2553)	Acc@1 72.222 (49.334)	Acc@5 88.889 (75.534)	Mem 45093MB
Test: [230/695]	Time 4.330 (4.480)	Loss 1.1318 (2.2255)	Acc@1 66.667 (50.030)	Acc@5 91.667 (75.980)	Mem 45093MB
Test: [240/695]	Time 4.106 (4.470)	Loss 3.9082 (2.2134)	Acc@1 23.611 (50.432)	Acc@5 47.222 (76.124)	Mem 45093MB
Test: [250/695]	Time 4.444 (4.474)	Loss 1.7139 (2.2100)	Acc@1 59.722 (50.526)	Acc@5 88.889 (76.245)	Mem 45093MB
Test: [260/695]	Time 4.997 (4.471)	Loss 2.2148 (2.2169)	Acc@1 51.389 (50.415)	Acc@5 72.222 (76.117)	Mem 45093MB
Test: [270/695]	Time 4.588 (4.475)	Loss 1.2432 (2.1958)	Acc@1 72.222 (50.774)	Acc@5 87.500 (76.425)	Mem 45093MB
Test: [280/695]	Time 4.546 (4.493)	Loss 0.8130 (2.1884)	Acc@1 81.944 (50.984)	Acc@5 93.056 (76.498)	Mem 45093MB
Test: [290/695]	Time 4.602 (4.496)	Loss 1.7646 (2.1987)	Acc@1 65.278 (50.974)	Acc@5 84.722 (76.379)	Mem 45093MB
Test: [300/695]	Time 4.521 (4.490)	Loss 2.7305 (2.2143)	Acc@1 37.500 (50.803)	Acc@5 73.611 (76.172)	Mem 45093MB
Test: [310/695]	Time 5.167 (4.492)	Loss 3.3262 (2.2445)	Acc@1 33.333 (50.353)	Acc@5 65.278 (75.755)	Mem 45093MB
Test: [320/695]	Time 4.251 (4.490)	Loss 2.8789 (2.2636)	Acc@1 33.333 (50.052)	Acc@5 69.444 (75.515)	Mem 45093MB
Test: [330/695]	Time 4.136 (4.490)	Loss 1.5078 (2.2719)	Acc@1 73.611 (50.067)	Acc@5 83.333 (75.407)	Mem 45093MB
Test: [340/695]	Time 5.018 (4.494)	Loss 2.3125 (2.2927)	Acc@1 56.944 (49.788)	Acc@5 80.556 (75.118)	Mem 45093MB
Test: [350/695]	Time 5.217 (4.496)	Loss 3.6992 (2.3201)	Acc@1 20.833 (49.410)	Acc@5 52.778 (74.683)	Mem 45093MB
Test: [360/695]	Time 4.262 (4.490)	Loss 2.1875 (2.3391)	Acc@1 55.556 (49.123)	Acc@5 73.611 (74.377)	Mem 45093MB
Test: [370/695]	Time 4.266 (4.489)	Loss 2.1367 (2.3487)	Acc@1 54.167 (48.985)	Acc@5 79.167 (74.289)	Mem 45093MB
Test: [380/695]	Time 4.166 (4.484)	Loss 1.7070 (2.3560)	Acc@1 54.167 (48.957)	Acc@5 94.444 (74.176)	Mem 45093MB
Test: [390/695]	Time 4.229 (4.482)	Loss 2.0742 (2.3534)	Acc@1 59.722 (49.140)	Acc@5 83.333 (74.258)	Mem 45093MB
Test: [400/695]	Time 4.256 (4.484)	Loss 0.9102 (2.3530)	Acc@1 81.944 (49.241)	Acc@5 93.056 (74.255)	Mem 45093MB
Test: [410/695]	Time 4.141 (4.480)	Loss 3.1816 (2.3699)	Acc@1 38.889 (48.979)	Acc@5 61.111 (74.006)	Mem 45093MB
Test: [420/695]	Time 4.041 (4.480)	Loss 3.1426 (2.3816)	Acc@1 36.111 (48.819)	Acc@5 59.722 (73.878)	Mem 45093MB
Test: [430/695]	Time 4.065 (4.481)	Loss 3.4141 (2.3872)	Acc@1 29.167 (48.885)	Acc@5 61.111 (73.769)	Mem 45093MB
Test: [440/695]	Time 4.035 (4.481)	Loss 2.9102 (2.3980)	Acc@1 43.056 (48.756)	Acc@5 63.889 (73.624)	Mem 45093MB
Test: [450/695]	Time 4.252 (4.481)	Loss 2.4473 (2.4013)	Acc@1 55.556 (48.765)	Acc@5 72.222 (73.583)	Mem 45093MB
Test: [460/695]	Time 4.092 (4.478)	Loss 2.5684 (2.4207)	Acc@1 41.667 (48.376)	Acc@5 69.444 (73.310)	Mem 45093MB
Test: [470/695]	Time 4.781 (4.475)	Loss 2.9844 (2.4227)	Acc@1 45.833 (48.328)	Acc@5 66.667 (73.263)	Mem 45093MB
Test: [480/695]	Time 4.599 (4.473)	Loss 3.4453 (2.4232)	Acc@1 25.000 (48.351)	Acc@5 62.500 (73.270)	Mem 45093MB
Test: [490/695]	Time 4.443 (4.471)	Loss 2.1797 (2.4229)	Acc@1 54.167 (48.447)	Acc@5 84.722 (73.317)	Mem 45093MB
Test: [500/695]	Time 4.295 (4.470)	Loss 2.5352 (2.4255)	Acc@1 52.778 (48.495)	Acc@5 76.389 (73.265)	Mem 45093MB
Test: [510/695]	Time 4.171 (4.468)	Loss 3.0508 (2.4302)	Acc@1 43.056 (48.527)	Acc@5 61.111 (73.133)	Mem 45093MB
Test: [520/695]	Time 4.145 (4.466)	Loss 3.9121 (2.4383)	Acc@1 36.111 (48.518)	Acc@5 52.778 (72.979)	Mem 45093MB
Test: [530/695]	Time 4.629 (4.466)	Loss 2.3574 (2.4480)	Acc@1 43.056 (48.407)	Acc@5 76.389 (72.816)	Mem 45093MB
Test: [540/695]	Time 5.008 (4.464)	Loss 4.5391 (2.4632)	Acc@1 22.222 (48.213)	Acc@5 38.889 (72.571)	Mem 45093MB
Test: [550/695]	Time 4.283 (4.460)	Loss 4.2305 (2.4693)	Acc@1 20.833 (48.157)	Acc@5 50.000 (72.535)	Mem 45093MB
Test: [560/695]	Time 4.871 (4.466)	Loss 3.4316 (2.4691)	Acc@1 37.500 (48.257)	Acc@5 59.722 (72.542)	Mem 45093MB
Test: [570/695]	Time 4.181 (4.466)	Loss 1.6660 (2.4705)	Acc@1 66.667 (48.244)	Acc@5 84.722 (72.553)	Mem 45093MB
Test: [580/695]	Time 4.396 (4.463)	Loss 4.2227 (2.4796)	Acc@1 20.833 (48.157)	Acc@5 41.667 (72.411)	Mem 45093MB
Test: [590/695]	Time 4.183 (4.464)	Loss 3.5039 (2.4940)	Acc@1 27.778 (47.885)	Acc@5 54.167 (72.145)	Mem 45093MB
Test: [600/695]	Time 4.160 (4.460)	Loss 3.1699 (2.4959)	Acc@1 27.778 (47.916)	Acc@5 68.056 (72.109)	Mem 45093MB
Test: [610/695]	Time 4.287 (4.457)	Loss 2.8652 (2.4998)	Acc@1 43.056 (47.845)	Acc@5 72.222 (72.088)	Mem 45093MB
Test: [620/695]	Time 5.176 (4.460)	Loss 4.3711 (2.5104)	Acc@1 13.889 (47.723)	Acc@5 43.056 (71.925)	Mem 45093MB
Test: [630/695]	Time 4.301 (4.460)	Loss 2.5469 (2.5095)	Acc@1 38.889 (47.753)	Acc@5 80.556 (71.962)	Mem 45093MB
Test: [640/695]	Time 4.330 (4.458)	Loss 3.4551 (2.5105)	Acc@1 40.278 (47.773)	Acc@5 54.167 (71.962)	Mem 45093MB
Test: [650/695]	Time 4.588 (4.458)	Loss 1.6748 (2.5016)	Acc@1 59.722 (47.879)	Acc@5 90.278 (72.111)	Mem 45093MB
Test: [660/695]	Time 5.222 (4.458)	Loss 2.3398 (2.4943)	Acc@1 48.611 (47.947)	Acc@5 76.389 (72.250)	Mem 45093MB
Test: [670/695]	Time 4.693 (4.462)	Loss 2.2559 (2.4922)	Acc@1 43.056 (47.976)	Acc@5 83.333 (72.270)	Mem 45093MB
Test: [680/695]	Time 4.720 (4.461)	Loss 1.6533 (2.4880)	Acc@1 66.667 (48.040)	Acc@5 86.111 (72.396)	Mem 45093MB
Test: [690/695]	Time 4.464 (4.460)	Loss 0.5664 (2.4706)	Acc@1 90.278 (48.414)	Acc@5 94.444 (72.624)	Mem 45093MB
 * Acc@1 48.401 Acc@5 72.646
01/07 18:40:28 - mmengine - INFO - Because batch augmentations are enabled, the data preprocessor automatically enables the `to_onehot` option to generate one-hot format labels.
01/07 18:40:28 - mmengine - INFO - Loads checkpoint by http backend from path: https://download.openmmlab.com/mmclassification/v0/deit/deit-small_pt-4xb256_in1k_20220218-9425b9bb.pth
starting loop: img_size (1120, 1120)
Traceback (most recent call last):
  File "/media/Disk2/LiuYue/Visualize/analyze/get_scaleup.py", line 296, in <module>
    main(os.environ['GETSCALENET'])
  File "/media/Disk2/LiuYue/Visualize/analyze/get_scaleup.py", line 273, in main
    _validate(init_model(shape=1120), img_size=(1120, 1120), batch_size=60) #60 Mem 73609MB
  File "/media/Disk2/LiuYue/Visualize/analyze/get_scaleup.py", line 155, in _validate
    validate(config, data_loader=data_loader, model=model)
  File "/home/LiuYue/miniconda3/envs/mamba/lib/python3.10/site-packages/torch/autograd/grad_mode.py", line 27, in decorate_context
    return func(*args, **kwargs)
  File "/media/Disk2/LiuYue/Visualize/analyze/get_scaleup.py", line 58, in validate
    output = model(images)
  File "/home/LiuYue/miniconda3/envs/mamba/lib/python3.10/site-packages/torch/nn/modules/module.py", line 1190, in _call_impl
    return forward_call(*input, **kwargs)
  File "/home/LiuYue/miniconda3/envs/mamba/lib/python3.10/site-packages/torch/nn/parallel/distributed.py", line 1040, in forward
    output = self._run_ddp_forward(*inputs, **kwargs)
  File "/home/LiuYue/miniconda3/envs/mamba/lib/python3.10/site-packages/torch/nn/parallel/distributed.py", line 1003, in _run_ddp_forward
    return module_to_run(*inputs, **kwargs)
  File "/home/LiuYue/miniconda3/envs/mamba/lib/python3.10/site-packages/torch/nn/modules/module.py", line 1190, in _call_impl
    return forward_call(*input, **kwargs)
  File "/home/LiuYue/miniconda3/envs/mamba/lib/python3.10/site-packages/mmpretrain/models/classifiers/image.py", line 119, in forward
    feats = self.extract_feat(inputs)
  File "/home/LiuYue/miniconda3/envs/mamba/lib/python3.10/site-packages/mmpretrain/models/classifiers/image.py", line 204, in extract_feat
    x = self.backbone(inputs)
  File "/home/LiuYue/miniconda3/envs/mamba/lib/python3.10/site-packages/torch/nn/modules/module.py", line 1190, in _call_impl
    return forward_call(*input, **kwargs)
  File "/home/LiuYue/miniconda3/envs/mamba/lib/python3.10/site-packages/mmpretrain/models/backbones/vision_transformer.py", line 480, in forward
    x = layer(x)
  File "/home/LiuYue/miniconda3/envs/mamba/lib/python3.10/site-packages/torch/nn/modules/module.py", line 1190, in _call_impl
    return forward_call(*input, **kwargs)
  File "/home/LiuYue/miniconda3/envs/mamba/lib/python3.10/site-packages/mmpretrain/models/backbones/vision_transformer.py", line 107, in forward
    x = x + self.attn(self.ln1(x))
  File "/home/LiuYue/miniconda3/envs/mamba/lib/python3.10/site-packages/torch/nn/modules/module.py", line 1190, in _call_impl
    return forward_call(*input, **kwargs)
  File "/home/LiuYue/miniconda3/envs/mamba/lib/python3.10/site-packages/mmpretrain/models/utils/attention.py", line 594, in forward
    x = self.scaled_dot_product_attention(q, k, v, dropout_p=attn_drop)
  File "/home/LiuYue/miniconda3/envs/mamba/lib/python3.10/site-packages/mmpretrain/models/utils/attention.py", line 46, in scaled_dot_product_attention_pyimpl
    attn_weight = torch.softmax(attn_weight, dim=-1)
torch.cuda.OutOfMemoryError: CUDA out of memory. Tried to allocate 32.21 GiB (GPU 0; 79.15 GiB total capacity; 19.24 GiB already allocated; 14.72 GiB free; 62.60 GiB reserved in total by PyTorch) If reserved memory is >> allocated memory try setting max_split_size_mb to avoid fragmentation.  See documentation for Memory Management and PYTORCH_CUDA_ALLOC_CONF
using init_deit ======================== 
01/07 21:42:38 - mmengine - INFO - Because batch augmentations are enabled, the data preprocessor automatically enables the `to_onehot` option to generate one-hot format labels.
01/07 21:42:39 - mmengine - INFO - Loads checkpoint by http backend from path: https://download.openmmlab.com/mmclassification/v0/deit/deit-small_pt-4xb256_in1k_20220218-9425b9bb.pth
starting loop: img_size (1120, 1120)
Traceback (most recent call last):
  File "/media/Disk2/LiuYue/Visualize/analyze/get_scaleup.py", line 299, in <module>
    main(os.environ['GETSCALENET'])
  File "/media/Disk2/LiuYue/Visualize/analyze/get_scaleup.py", line 276, in main
    _validate(init_model(shape=1120), img_size=(1120, 1120), batch_size=60)
  File "/media/Disk2/LiuYue/Visualize/analyze/get_scaleup.py", line 155, in _validate
    validate(config, data_loader=data_loader, model=model)
  File "/home/LiuYue/miniconda3/envs/mamba/lib/python3.10/site-packages/torch/autograd/grad_mode.py", line 27, in decorate_context
    return func(*args, **kwargs)
  File "/media/Disk2/LiuYue/Visualize/analyze/get_scaleup.py", line 58, in validate
    output = model(images)
  File "/home/LiuYue/miniconda3/envs/mamba/lib/python3.10/site-packages/torch/nn/modules/module.py", line 1190, in _call_impl
    return forward_call(*input, **kwargs)
  File "/home/LiuYue/miniconda3/envs/mamba/lib/python3.10/site-packages/torch/nn/parallel/distributed.py", line 1040, in forward
    output = self._run_ddp_forward(*inputs, **kwargs)
  File "/home/LiuYue/miniconda3/envs/mamba/lib/python3.10/site-packages/torch/nn/parallel/distributed.py", line 1003, in _run_ddp_forward
    return module_to_run(*inputs, **kwargs)
  File "/home/LiuYue/miniconda3/envs/mamba/lib/python3.10/site-packages/torch/nn/modules/module.py", line 1190, in _call_impl
    return forward_call(*input, **kwargs)
  File "/home/LiuYue/miniconda3/envs/mamba/lib/python3.10/site-packages/mmpretrain/models/classifiers/image.py", line 119, in forward
    feats = self.extract_feat(inputs)
  File "/home/LiuYue/miniconda3/envs/mamba/lib/python3.10/site-packages/mmpretrain/models/classifiers/image.py", line 204, in extract_feat
    x = self.backbone(inputs)
  File "/home/LiuYue/miniconda3/envs/mamba/lib/python3.10/site-packages/torch/nn/modules/module.py", line 1190, in _call_impl
    return forward_call(*input, **kwargs)
  File "/home/LiuYue/miniconda3/envs/mamba/lib/python3.10/site-packages/mmpretrain/models/backbones/vision_transformer.py", line 480, in forward
    x = layer(x)
  File "/home/LiuYue/miniconda3/envs/mamba/lib/python3.10/site-packages/torch/nn/modules/module.py", line 1190, in _call_impl
    return forward_call(*input, **kwargs)
  File "/home/LiuYue/miniconda3/envs/mamba/lib/python3.10/site-packages/mmpretrain/models/backbones/vision_transformer.py", line 107, in forward
    x = x + self.attn(self.ln1(x))
  File "/home/LiuYue/miniconda3/envs/mamba/lib/python3.10/site-packages/torch/nn/modules/module.py", line 1190, in _call_impl
    return forward_call(*input, **kwargs)
  File "/home/LiuYue/miniconda3/envs/mamba/lib/python3.10/site-packages/mmpretrain/models/utils/attention.py", line 594, in forward
    x = self.scaled_dot_product_attention(q, k, v, dropout_p=attn_drop)
  File "/home/LiuYue/miniconda3/envs/mamba/lib/python3.10/site-packages/mmpretrain/models/utils/attention.py", line 46, in scaled_dot_product_attention_pyimpl
    attn_weight = torch.softmax(attn_weight, dim=-1)
torch.cuda.OutOfMemoryError: CUDA out of memory. Tried to allocate 32.21 GiB (GPU 0; 79.15 GiB total capacity; 18.59 GiB already allocated; 26.92 GiB free; 50.41 GiB reserved in total by PyTorch) If reserved memory is >> allocated memory try setting max_split_size_mb to avoid fragmentation.  See documentation for Memory Management and PYTORCH_CUDA_ALLOC_CONF
using init_deit ======================== 
01/07 21:43:38 - mmengine - INFO - Because batch augmentations are enabled, the data preprocessor automatically enables the `to_onehot` option to generate one-hot format labels.
01/07 21:43:39 - mmengine - INFO - Loads checkpoint by http backend from path: https://download.openmmlab.com/mmclassification/v0/deit/deit-small_pt-4xb256_in1k_20220218-9425b9bb.pth
starting loop: img_size (1120, 1120)
Test: [0/1042]	Time 6.616 (6.616)	Loss 0.7319 (0.7319)	Acc@1 89.583 (89.583)	Acc@5 95.833 (95.833)	Mem 42034MB
Test: [10/1042]	Time 3.451 (3.897)	Loss 1.7412 (1.8910)	Acc@1 70.833 (59.659)	Acc@5 79.167 (83.523)	Mem 42034MB
Test: [20/1042]	Time 3.821 (3.784)	Loss 2.0215 (1.6495)	Acc@1 43.750 (63.690)	Acc@5 81.250 (85.516)	Mem 42034MB
Test: [30/1042]	Time 3.387 (3.736)	Loss 1.3252 (1.6353)	Acc@1 72.917 (64.315)	Acc@5 91.667 (85.618)	Mem 42034MB
Test: [40/1042]	Time 3.556 (3.681)	Loss 2.6328 (1.9469)	Acc@1 54.167 (58.130)	Acc@5 70.833 (80.843)	Mem 42034MB
Test: [50/1042]	Time 3.542 (3.702)	Loss 2.9160 (2.1050)	Acc@1 33.333 (54.657)	Acc@5 66.667 (77.778)	Mem 42034MB
Test: [60/1042]	Time 3.586 (3.701)	Loss 4.4648 (2.3515)	Acc@1 16.667 (49.932)	Acc@5 27.083 (73.634)	Mem 42034MB
Test: [70/1042]	Time 3.507 (3.690)	Loss 6.0820 (2.5540)	Acc@1 2.083 (46.156)	Acc@5 4.167 (70.129)	Mem 42034MB
Test: [80/1042]	Time 4.297 (3.692)	Loss 3.6348 (2.5703)	Acc@1 18.750 (45.216)	Acc@5 54.167 (70.190)	Mem 42034MB
Test: [90/1042]	Time 3.432 (3.674)	Loss 1.6924 (2.5178)	Acc@1 68.750 (46.474)	Acc@5 87.500 (70.902)	Mem 42034MB
Test: [100/1042]	Time 3.394 (3.662)	Loss 1.7852 (2.3828)	Acc@1 56.250 (49.567)	Acc@5 83.333 (72.752)	Mem 42034MB
Test: [110/1042]	Time 3.446 (3.648)	Loss 3.0762 (2.3496)	Acc@1 39.583 (50.526)	Acc@5 60.417 (73.179)	Mem 42034MB
Test: [120/1042]	Time 4.268 (3.670)	Loss 0.7451 (2.3281)	Acc@1 68.750 (50.895)	Acc@5 97.917 (73.244)	Mem 42034MB
Test: [130/1042]	Time 4.283 (3.751)	Loss 2.9180 (2.3952)	Acc@1 41.667 (49.634)	Acc@5 68.750 (72.201)	Mem 42034MB
Test: [140/1042]	Time 4.707 (3.809)	Loss 2.6074 (2.3404)	Acc@1 41.667 (50.694)	Acc@5 66.667 (73.183)	Mem 42034MB
Test: [150/1042]	Time 4.531 (3.868)	Loss 2.3359 (2.2925)	Acc@1 39.583 (51.366)	Acc@5 79.167 (74.214)	Mem 42034MB
Test: [160/1042]	Time 4.515 (3.916)	Loss 2.0312 (2.2609)	Acc@1 58.333 (52.070)	Acc@5 83.333 (74.677)	Mem 42034MB
Test: [170/1042]	Time 4.900 (3.962)	Loss 3.6016 (2.2766)	Acc@1 27.083 (51.413)	Acc@5 45.833 (74.427)	Mem 42034MB
Test: [180/1042]	Time 5.244 (3.998)	Loss 2.8086 (2.2969)	Acc@1 27.083 (50.783)	Acc@5 68.750 (74.332)	Mem 42034MB
Test: [190/1042]	Time 4.366 (4.029)	Loss 2.9160 (2.3467)	Acc@1 31.250 (49.782)	Acc@5 64.583 (73.440)	Mem 42034MB
Test: [200/1042]	Time 4.535 (4.068)	Loss 2.6660 (2.3385)	Acc@1 37.500 (49.772)	Acc@5 66.667 (73.725)	Mem 42034MB
Test: [210/1042]	Time 4.671 (4.090)	Loss 2.7422 (2.3574)	Acc@1 29.167 (48.884)	Acc@5 75.000 (73.667)	Mem 42034MB
Test: [220/1042]	Time 4.794 (4.120)	Loss 3.0020 (2.3900)	Acc@1 31.250 (48.067)	Acc@5 72.917 (73.190)	Mem 42034MB
Test: [230/1042]	Time 4.761 (4.150)	Loss 1.8496 (2.3952)	Acc@1 60.417 (47.917)	Acc@5 87.500 (73.133)	Mem 42034MB
Test: [240/1042]	Time 4.700 (4.176)	Loss 2.3516 (2.4168)	Acc@1 43.750 (47.415)	Acc@5 77.083 (72.778)	Mem 42034MB
Test: [250/1042]	Time 4.620 (4.206)	Loss 3.4023 (2.4503)	Acc@1 10.417 (46.373)	Acc@5 72.917 (72.294)	Mem 42034MB
Test: [260/1042]	Time 3.625 (4.189)	Loss 4.1875 (2.4946)	Acc@1 12.500 (45.530)	Acc@5 39.583 (71.512)	Mem 42034MB
Test: [270/1042]	Time 4.261 (4.177)	Loss 2.9746 (2.5049)	Acc@1 25.000 (45.218)	Acc@5 68.750 (71.333)	Mem 42034MB
Test: [280/1042]	Time 3.693 (4.165)	Loss 2.9160 (2.5173)	Acc@1 37.500 (44.862)	Acc@5 72.917 (71.226)	Mem 42034MB
Test: [290/1042]	Time 3.528 (4.147)	Loss 2.3457 (2.5184)	Acc@1 41.667 (44.767)	Acc@5 75.000 (71.234)	Mem 42034MB
Test: [300/1042]	Time 3.642 (4.133)	Loss 1.9922 (2.5269)	Acc@1 41.667 (44.532)	Acc@5 91.667 (71.249)	Mem 42034MB
Test: [310/1042]	Time 3.680 (4.130)	Loss 2.9395 (2.5200)	Acc@1 37.500 (44.808)	Acc@5 58.333 (71.302)	Mem 42034MB
Test: [320/1042]	Time 3.604 (4.116)	Loss 2.1133 (2.5148)	Acc@1 43.750 (44.873)	Acc@5 79.167 (71.411)	Mem 42034MB
Test: [330/1042]	Time 3.852 (4.108)	Loss 1.5781 (2.5250)	Acc@1 72.917 (44.675)	Acc@5 87.500 (71.249)	Mem 42034MB
Test: [340/1042]	Time 4.195 (4.104)	Loss 1.8691 (2.4957)	Acc@1 66.667 (45.308)	Acc@5 79.167 (71.762)	Mem 42034MB
Test: [350/1042]	Time 3.745 (4.096)	Loss 3.8086 (2.4862)	Acc@1 25.000 (45.643)	Acc@5 50.000 (71.908)	Mem 42034MB
Test: [360/1042]	Time 4.960 (4.104)	Loss 3.9082 (2.4784)	Acc@1 18.750 (45.822)	Acc@5 43.750 (72.011)	Mem 42034MB
Test: [370/1042]	Time 4.729 (4.125)	Loss 2.9512 (2.4800)	Acc@1 50.000 (45.918)	Acc@5 64.583 (72.007)	Mem 42034MB
Test: [380/1042]	Time 5.859 (4.146)	Loss 2.1055 (2.4767)	Acc@1 62.500 (46.008)	Acc@5 75.000 (72.102)	Mem 42034MB
Test: [390/1042]	Time 4.602 (4.165)	Loss 2.8457 (2.4880)	Acc@1 37.500 (45.700)	Acc@5 60.417 (71.878)	Mem 42034MB
Test: [400/1042]	Time 5.522 (4.187)	Loss 0.6953 (2.4750)	Acc@1 85.417 (45.927)	Acc@5 95.833 (72.080)	Mem 42034MB
Test: [410/1042]	Time 4.996 (4.210)	Loss 1.4785 (2.4579)	Acc@1 60.417 (46.193)	Acc@5 85.417 (72.334)	Mem 42034MB
Test: [420/1042]	Time 4.682 (4.227)	Loss 1.3066 (2.4594)	Acc@1 72.917 (46.264)	Acc@5 89.583 (72.288)	Mem 42034MB
Test: [430/1042]	Time 4.795 (4.243)	Loss 1.9951 (2.4571)	Acc@1 60.417 (46.380)	Acc@5 79.167 (72.414)	Mem 42034MB
Test: [440/1042]	Time 5.154 (4.262)	Loss 2.4961 (2.4710)	Acc@1 54.167 (46.362)	Acc@5 79.167 (72.194)	Mem 42034MB
Test: [450/1042]	Time 5.336 (4.276)	Loss 3.1602 (2.4811)	Acc@1 29.167 (46.277)	Acc@5 66.667 (72.094)	Mem 42034MB
Test: [460/1042]	Time 4.944 (4.293)	Loss 2.9102 (2.4977)	Acc@1 35.417 (46.109)	Acc@5 62.500 (71.814)	Mem 42034MB
Test: [470/1042]	Time 5.290 (4.305)	Loss 1.6807 (2.5084)	Acc@1 70.833 (46.019)	Acc@5 85.417 (71.683)	Mem 42034MB
Test: [480/1042]	Time 5.096 (4.323)	Loss 2.7715 (2.5314)	Acc@1 35.417 (45.625)	Acc@5 68.750 (71.310)	Mem 42034MB
Test: [490/1042]	Time 4.907 (4.341)	Loss 3.0664 (2.5440)	Acc@1 43.750 (45.536)	Acc@5 66.667 (71.152)	Mem 42034MB
Test: [500/1042]	Time 4.828 (4.357)	Loss 3.0078 (2.5502)	Acc@1 43.750 (45.526)	Acc@5 60.417 (71.041)	Mem 42034MB
Test: [510/1042]	Time 4.851 (4.371)	Loss 2.8594 (2.5625)	Acc@1 50.000 (45.299)	Acc@5 75.000 (70.915)	Mem 42034MB
Test: [520/1042]	Time 5.041 (4.383)	Loss 3.7031 (2.5811)	Acc@1 33.333 (45.038)	Acc@5 50.000 (70.657)	Mem 42034MB
Test: [530/1042]	Time 5.199 (4.396)	Loss 3.8477 (2.5988)	Acc@1 22.917 (44.805)	Acc@5 54.167 (70.370)	Mem 42034MB
Test: [540/1042]	Time 5.122 (4.408)	Loss 2.1660 (2.6093)	Acc@1 56.250 (44.628)	Acc@5 75.000 (70.209)	Mem 42034MB
Test: [550/1042]	Time 5.021 (4.423)	Loss 3.9355 (2.6163)	Acc@1 27.083 (44.499)	Acc@5 52.083 (70.164)	Mem 42034MB
Test: [560/1042]	Time 4.708 (4.430)	Loss 2.5605 (2.6208)	Acc@1 56.250 (44.504)	Acc@5 70.833 (70.079)	Mem 42034MB
Test: [570/1042]	Time 4.978 (4.441)	Loss 2.3809 (2.6298)	Acc@1 29.167 (44.396)	Acc@5 77.083 (69.921)	Mem 42034MB
Test: [580/1042]	Time 5.888 (4.452)	Loss 2.6523 (2.6248)	Acc@1 52.083 (44.578)	Acc@5 64.583 (70.019)	Mem 42034MB
Test: [590/1042]	Time 4.588 (4.460)	Loss 3.5312 (2.6261)	Acc@1 33.333 (44.596)	Acc@5 62.500 (70.040)	Mem 42034MB
Test: [600/1042]	Time 4.875 (4.472)	Loss 0.5649 (2.6271)	Acc@1 87.500 (44.679)	Acc@5 100.000 (70.005)	Mem 42034MB
Test: [610/1042]	Time 5.630 (4.481)	Loss 2.7305 (2.6361)	Acc@1 50.000 (44.558)	Acc@5 68.750 (69.865)	Mem 42034MB
Test: [620/1042]	Time 4.723 (4.491)	Loss 2.3555 (2.6439)	Acc@1 25.000 (44.444)	Acc@5 85.417 (69.743)	Mem 42034MB
Test: [630/1042]	Time 4.679 (4.497)	Loss 3.6562 (2.6556)	Acc@1 27.083 (44.275)	Acc@5 47.917 (69.562)	Mem 42034MB
Test: [640/1042]	Time 5.254 (4.506)	Loss 2.5547 (2.6534)	Acc@1 47.917 (44.400)	Acc@5 72.917 (69.576)	Mem 42034MB
Test: [650/1042]	Time 4.949 (4.515)	Loss 2.2129 (2.6671)	Acc@1 60.417 (44.272)	Acc@5 85.417 (69.374)	Mem 42034MB
Test: [660/1042]	Time 4.865 (4.523)	Loss 3.5078 (2.6731)	Acc@1 33.333 (44.188)	Acc@5 54.167 (69.305)	Mem 42034MB
Test: [670/1042]	Time 4.899 (4.531)	Loss 4.8555 (2.6806)	Acc@1 12.500 (44.076)	Acc@5 25.000 (69.169)	Mem 42034MB
Test: [680/1042]	Time 5.071 (4.537)	Loss 3.5137 (2.6847)	Acc@1 29.167 (44.050)	Acc@5 56.250 (69.117)	Mem 42034MB
Test: [690/1042]	Time 5.015 (4.543)	Loss 3.3672 (2.6967)	Acc@1 25.000 (43.783)	Acc@5 60.417 (68.931)	Mem 42034MB
Test: [700/1042]	Time 5.246 (4.550)	Loss 1.0146 (2.6922)	Acc@1 85.417 (43.818)	Acc@5 93.750 (69.015)	Mem 42034MB
Test: [710/1042]	Time 5.497 (4.558)	Loss 3.1289 (2.6984)	Acc@1 29.167 (43.744)	Acc@5 60.417 (68.905)	Mem 42034MB
Test: [720/1042]	Time 5.181 (4.566)	Loss 3.3770 (2.6967)	Acc@1 25.000 (43.802)	Acc@5 58.333 (68.926)	Mem 42034MB
Test: [730/1042]	Time 5.374 (4.577)	Loss 1.4824 (2.6970)	Acc@1 75.000 (43.853)	Acc@5 83.333 (68.910)	Mem 42034MB
Test: [740/1042]	Time 4.815 (4.583)	Loss 4.7188 (2.7029)	Acc@1 14.583 (43.792)	Acc@5 29.167 (68.823)	Mem 42034MB
Test: [750/1042]	Time 4.547 (4.588)	Loss 2.5312 (2.7004)	Acc@1 54.167 (43.905)	Acc@5 72.917 (68.867)	Mem 42034MB
Test: [760/1042]	Time 4.794 (4.594)	Loss 4.7070 (2.6975)	Acc@1 22.917 (44.065)	Acc@5 31.250 (68.876)	Mem 42034MB
Test: [770/1042]	Time 4.751 (4.598)	Loss 2.2070 (2.7027)	Acc@1 60.417 (44.015)	Acc@5 75.000 (68.747)	Mem 42034MB
Test: [780/1042]	Time 4.794 (4.600)	Loss 5.0000 (2.7121)	Acc@1 27.083 (43.963)	Acc@5 33.333 (68.577)	Mem 42034MB
Test: [790/1042]	Time 4.898 (4.603)	Loss 3.6855 (2.7182)	Acc@1 31.250 (43.879)	Acc@5 47.917 (68.487)	Mem 42034MB
Test: [800/1042]	Time 4.937 (4.607)	Loss 2.3145 (2.7252)	Acc@1 58.333 (43.812)	Acc@5 72.917 (68.375)	Mem 42034MB
Test: [810/1042]	Time 5.054 (4.611)	Loss 4.3828 (2.7360)	Acc@1 20.833 (43.676)	Acc@5 37.500 (68.167)	Mem 42034MB
Test: [820/1042]	Time 4.855 (4.613)	Loss 4.5195 (2.7392)	Acc@1 18.750 (43.664)	Acc@5 43.750 (68.166)	Mem 42034MB
Test: [830/1042]	Time 4.535 (4.614)	Loss 3.8594 (2.7446)	Acc@1 27.083 (43.615)	Acc@5 56.250 (68.113)	Mem 42034MB
Test: [840/1042]	Time 5.248 (4.614)	Loss 4.2891 (2.7435)	Acc@1 29.167 (43.700)	Acc@5 43.750 (68.128)	Mem 42034MB
Test: [850/1042]	Time 4.858 (4.617)	Loss 3.4199 (2.7475)	Acc@1 31.250 (43.635)	Acc@5 60.417 (68.096)	Mem 42034MB
Test: [860/1042]	Time 4.774 (4.618)	Loss 3.3027 (2.7478)	Acc@1 41.667 (43.709)	Acc@5 60.417 (68.097)	Mem 42034MB
Test: [870/1042]	Time 4.588 (4.619)	Loss 4.9219 (2.7535)	Acc@1 18.750 (43.664)	Acc@5 29.167 (68.028)	Mem 42034MB
Test: [880/1042]	Time 5.072 (4.623)	Loss 3.9238 (2.7650)	Acc@1 29.167 (43.480)	Acc@5 41.667 (67.799)	Mem 42034MB
Test: [890/1042]	Time 4.748 (4.625)	Loss 2.5898 (2.7681)	Acc@1 58.333 (43.425)	Acc@5 68.750 (67.747)	Mem 42034MB
Test: [900/1042]	Time 4.666 (4.627)	Loss 3.6895 (2.7709)	Acc@1 14.583 (43.403)	Acc@5 58.333 (67.728)	Mem 42034MB
Test: [910/1042]	Time 5.420 (4.628)	Loss 2.3320 (2.7721)	Acc@1 45.833 (43.377)	Acc@5 77.083 (67.735)	Mem 42034MB
Test: [920/1042]	Time 4.748 (4.628)	Loss 3.4219 (2.7780)	Acc@1 37.500 (43.286)	Acc@5 60.417 (67.657)	Mem 42034MB
Test: [930/1042]	Time 4.802 (4.630)	Loss 4.6992 (2.7862)	Acc@1 12.500 (43.186)	Acc@5 33.333 (67.528)	Mem 42034MB
Test: [940/1042]	Time 5.038 (4.634)	Loss 1.5215 (2.7854)	Acc@1 68.750 (43.223)	Acc@5 89.583 (67.539)	Mem 42034MB
Test: [950/1042]	Time 4.654 (4.635)	Loss 2.2656 (2.7911)	Acc@1 58.333 (43.137)	Acc@5 75.000 (67.475)	Mem 42034MB
Test: [960/1042]	Time 4.597 (4.636)	Loss 3.6660 (2.7860)	Acc@1 35.417 (43.262)	Acc@5 52.083 (67.562)	Mem 42034MB
Test: [970/1042]	Time 4.704 (4.637)	Loss 2.7812 (2.7800)	Acc@1 37.500 (43.360)	Acc@5 64.583 (67.675)	Mem 42034MB
Test: [980/1042]	Time 4.801 (4.640)	Loss 2.2480 (2.7723)	Acc@1 43.750 (43.427)	Acc@5 81.250 (67.796)	Mem 42034MB
Test: [990/1042]	Time 4.684 (4.641)	Loss 2.7500 (2.7682)	Acc@1 31.250 (43.437)	Acc@5 68.750 (67.873)	Mem 42034MB
Test: [1000/1042]	Time 4.483 (4.642)	Loss 1.8779 (2.7641)	Acc@1 56.250 (43.542)	Acc@5 79.167 (67.907)	Mem 42034MB
Test: [1010/1042]	Time 4.642 (4.642)	Loss 3.2070 (2.7695)	Acc@1 37.500 (43.424)	Acc@5 62.500 (67.825)	Mem 42034MB
Test: [1020/1042]	Time 5.059 (4.642)	Loss 1.4346 (2.7597)	Acc@1 70.833 (43.583)	Acc@5 89.583 (68.038)	Mem 42034MB
Test: [1030/1042]	Time 4.828 (4.644)	Loss 1.4092 (2.7507)	Acc@1 72.917 (43.766)	Acc@5 87.500 (68.166)	Mem 42034MB
Test: [1040/1042]	Time 5.039 (4.646)	Loss 3.7012 (2.7382)	Acc@1 16.667 (43.986)	Acc@5 56.250 (68.348)	Mem 42034MB
 * Acc@1 43.959 Acc@5 68.316
01/07 23:04:19 - mmengine - INFO - Because batch augmentations are enabled, the data preprocessor automatically enables the `to_onehot` option to generate one-hot format labels.
01/07 23:04:20 - mmengine - INFO - Loads checkpoint by http backend from path: https://download.openmmlab.com/mmclassification/v0/deit/deit-small_pt-4xb256_in1k_20220218-9425b9bb.pth
starting loop: img_size (1280, 1280)
Test: [0/1563]	Time 10.201 (10.201)	Loss 1.0586 (1.0586)	Acc@1 84.375 (84.375)	Acc@5 93.750 (93.750)	Mem 47256MB
Test: [10/1563]	Time 7.004 (7.445)	Loss 4.6641 (2.1429)	Acc@1 9.375 (52.557)	Acc@5 43.750 (80.966)	Mem 47256MB
Test: [20/1563]	Time 7.208 (7.354)	Loss 1.9502 (2.1842)	Acc@1 59.375 (55.060)	Acc@5 75.000 (78.571)	Mem 47256MB
Test: [30/1563]	Time 7.009 (7.279)	Loss 2.9453 (2.1072)	Acc@1 21.875 (54.839)	Acc@5 65.625 (78.831)	Mem 47256MB
Test: [40/1563]	Time 7.297 (7.249)	Loss 1.3086 (2.0783)	Acc@1 71.875 (55.564)	Acc@5 90.625 (78.963)	Mem 47256MB
Test: [50/1563]	Time 7.130 (7.225)	Loss 2.8574 (2.1258)	Acc@1 28.125 (54.105)	Acc@5 75.000 (78.370)	Mem 47256MB
Test: [60/1563]	Time 6.869 (7.208)	Loss 3.1758 (2.3989)	Acc@1 50.000 (49.283)	Acc@5 65.625 (73.873)	Mem 47256MB
Test: [70/1563]	Time 7.350 (7.193)	Loss 4.0391 (2.5271)	Acc@1 18.750 (47.007)	Acc@5 37.500 (71.347)	Mem 47256MB
Test: [80/1563]	Time 7.135 (7.177)	Loss 1.8506 (2.6715)	Acc@1 62.500 (44.637)	Acc@5 78.125 (69.059)	Mem 47256MB
Test: [90/1563]	Time 7.038 (7.173)	Loss 4.5977 (2.8421)	Acc@1 12.500 (41.209)	Acc@5 31.250 (65.728)	Mem 47256MB
Test: [100/1563]	Time 7.043 (7.165)	Loss 2.9453 (2.9669)	Acc@1 15.625 (39.325)	Acc@5 75.000 (63.274)	Mem 47256MB
Test: [110/1563]	Time 7.143 (7.168)	Loss 3.4961 (3.0744)	Acc@1 18.750 (37.106)	Acc@5 46.875 (61.486)	Mem 47256MB
Test: [120/1563]	Time 7.526 (7.173)	Loss 3.9375 (3.0524)	Acc@1 12.500 (36.699)	Acc@5 46.875 (62.268)	Mem 47256MB
Test: [130/1563]	Time 7.187 (7.166)	Loss 0.7432 (3.0359)	Acc@1 87.500 (37.118)	Acc@5 90.625 (62.381)	Mem 47256MB
Test: [140/1563]	Time 7.037 (7.168)	Loss 1.5176 (2.9656)	Acc@1 71.875 (38.808)	Acc@5 90.625 (63.652)	Mem 47256MB
Test: [150/1563]	Time 7.167 (7.167)	Loss 2.0039 (2.8632)	Acc@1 50.000 (40.977)	Acc@5 78.125 (65.170)	Mem 47256MB
Test: [160/1563]	Time 6.961 (7.160)	Loss 1.9092 (2.7983)	Acc@1 62.500 (42.217)	Acc@5 68.750 (66.363)	Mem 47256MB
Test: [170/1563]	Time 7.015 (7.152)	Loss 2.3770 (2.8188)	Acc@1 56.250 (42.288)	Acc@5 78.125 (65.990)	Mem 47256MB
Test: [180/1563]	Time 7.299 (7.148)	Loss 0.8154 (2.7886)	Acc@1 75.000 (42.800)	Acc@5 96.875 (66.298)	Mem 47256MB
Test: [190/1563]	Time 7.023 (7.144)	Loss 2.9629 (2.8213)	Acc@1 40.625 (42.081)	Acc@5 65.625 (65.674)	Mem 47256MB
Test: [200/1563]	Time 7.148 (7.146)	Loss 1.3340 (2.8411)	Acc@1 75.000 (41.713)	Acc@5 87.500 (65.438)	Mem 47256MB
Test: [210/1563]	Time 6.959 (7.143)	Loss 3.9473 (2.7940)	Acc@1 12.500 (42.698)	Acc@5 46.875 (66.232)	Mem 47256MB
Test: [220/1563]	Time 7.167 (7.142)	Loss 2.2559 (2.7588)	Acc@1 34.375 (43.114)	Acc@5 87.500 (66.997)	Mem 47256MB
Test: [230/1563]	Time 7.121 (7.145)	Loss 1.9932 (2.7279)	Acc@1 62.500 (43.547)	Acc@5 75.000 (67.600)	Mem 47256MB
Test: [240/1563]	Time 6.957 (7.144)	Loss 2.4492 (2.7020)	Acc@1 50.000 (44.178)	Acc@5 75.000 (67.998)	Mem 47256MB
Test: [250/1563]	Time 6.853 (7.137)	Loss 2.5059 (2.6969)	Acc@1 53.125 (44.036)	Acc@5 65.625 (68.065)	Mem 47256MB
Test: [260/1563]	Time 6.759 (7.126)	Loss 1.7354 (2.7040)	Acc@1 56.250 (43.654)	Acc@5 87.500 (68.068)	Mem 47256MB
Test: [270/1563]	Time 6.799 (7.113)	Loss 3.2773 (2.7214)	Acc@1 31.250 (43.185)	Acc@5 59.375 (67.724)	Mem 47256MB
Test: [280/1563]	Time 6.741 (7.104)	Loss 5.5000 (2.7510)	Acc@1 3.125 (42.593)	Acc@5 9.375 (67.238)	Mem 47256MB
Test: [290/1563]	Time 6.822 (7.092)	Loss 2.6582 (2.7680)	Acc@1 31.250 (42.204)	Acc@5 65.625 (66.806)	Mem 47256MB
Test: [300/1563]	Time 6.855 (7.085)	Loss 3.1523 (2.7619)	Acc@1 31.250 (42.297)	Acc@5 53.125 (66.933)	Mem 47256MB
Test: [310/1563]	Time 6.785 (7.077)	Loss 2.5703 (2.7782)	Acc@1 25.000 (41.680)	Acc@5 78.125 (66.720)	Mem 47256MB
Test: [320/1563]	Time 6.688 (7.068)	Loss 3.9434 (2.7850)	Acc@1 15.625 (41.248)	Acc@5 43.750 (66.706)	Mem 47256MB
Test: [330/1563]	Time 6.689 (7.061)	Loss 3.3770 (2.8070)	Acc@1 25.000 (40.710)	Acc@5 65.625 (66.276)	Mem 47256MB
Test: [340/1563]	Time 6.752 (7.052)	Loss 2.7852 (2.8091)	Acc@1 37.500 (40.598)	Acc@5 71.875 (66.303)	Mem 47256MB
Test: [350/1563]	Time 6.799 (7.043)	Loss 3.7051 (2.8219)	Acc@1 21.875 (40.269)	Acc@5 56.250 (66.079)	Mem 47256MB
Test: [360/1563]	Time 6.732 (7.036)	Loss 2.7812 (2.8329)	Acc@1 50.000 (40.071)	Acc@5 71.875 (65.833)	Mem 47256MB
Test: [370/1563]	Time 6.395 (7.029)	Loss 4.0039 (2.8597)	Acc@1 3.125 (39.294)	Acc@5 43.750 (65.364)	Mem 47256MB
Test: [380/1563]	Time 6.805 (7.021)	Loss 4.8438 (2.8704)	Acc@1 9.375 (39.017)	Acc@5 25.000 (65.207)	Mem 47256MB
Test: [390/1563]	Time 6.774 (7.015)	Loss 5.0742 (2.9033)	Acc@1 0.000 (38.435)	Acc@5 21.875 (64.594)	Mem 47256MB
Test: [400/1563]	Time 6.800 (7.009)	Loss 4.6172 (2.9068)	Acc@1 3.125 (38.427)	Acc@5 31.250 (64.472)	Mem 47256MB
Test: [410/1563]	Time 6.894 (7.003)	Loss 2.7578 (2.9188)	Acc@1 34.375 (38.101)	Acc@5 68.750 (64.287)	Mem 47256MB
Test: [420/1563]	Time 6.817 (6.998)	Loss 3.2539 (2.9277)	Acc@1 28.125 (37.782)	Acc@5 65.625 (64.096)	Mem 47256MB
Test: [430/1563]	Time 6.789 (6.994)	Loss 2.0332 (2.9256)	Acc@1 62.500 (37.797)	Acc@5 78.125 (64.110)	Mem 47256MB
Test: [440/1563]	Time 7.051 (6.989)	Loss 4.4492 (2.9383)	Acc@1 0.000 (37.429)	Acc@5 50.000 (63.938)	Mem 47256MB
Test: [450/1563]	Time 6.777 (6.985)	Loss 2.3926 (2.9422)	Acc@1 37.500 (37.341)	Acc@5 84.375 (63.927)	Mem 47256MB
Test: [460/1563]	Time 6.692 (6.981)	Loss 2.5645 (2.9303)	Acc@1 46.875 (37.690)	Acc@5 75.000 (64.134)	Mem 47256MB
Test: [470/1563]	Time 7.046 (6.980)	Loss 1.5713 (2.9336)	Acc@1 75.000 (37.646)	Acc@5 84.375 (64.092)	Mem 47256MB
Test: [480/1563]	Time 6.774 (6.977)	Loss 2.7520 (2.9309)	Acc@1 34.375 (37.643)	Acc@5 75.000 (64.176)	Mem 47256MB
Test: [490/1563]	Time 7.093 (6.975)	Loss 5.1289 (2.9394)	Acc@1 9.375 (37.481)	Acc@5 28.125 (64.034)	Mem 47256MB
Test: [500/1563]	Time 6.978 (6.972)	Loss 1.2256 (2.9363)	Acc@1 75.000 (37.575)	Acc@5 93.750 (64.072)	Mem 47256MB
Test: [510/1563]	Time 7.021 (6.968)	Loss 1.0527 (2.9128)	Acc@1 84.375 (38.038)	Acc@5 87.500 (64.506)	Mem 47256MB
Test: [520/1563]	Time 6.732 (6.965)	Loss 0.9639 (2.9089)	Acc@1 81.250 (38.172)	Acc@5 96.875 (64.569)	Mem 47256MB
Test: [530/1563]	Time 6.651 (6.961)	Loss 0.9561 (2.8998)	Acc@1 84.375 (38.400)	Acc@5 93.750 (64.725)	Mem 47256MB
Test: [540/1563]	Time 6.628 (6.956)	Loss 4.0469 (2.8972)	Acc@1 15.625 (38.447)	Acc@5 40.625 (64.816)	Mem 47256MB
Test: [550/1563]	Time 6.729 (6.952)	Loss 3.0000 (2.9024)	Acc@1 15.625 (38.430)	Acc@5 65.625 (64.729)	Mem 47256MB
Test: [560/1563]	Time 7.270 (6.949)	Loss 2.8438 (2.9072)	Acc@1 34.375 (38.341)	Acc@5 65.625 (64.706)	Mem 47256MB
Test: [570/1563]	Time 6.708 (6.945)	Loss 2.2578 (2.9006)	Acc@1 56.250 (38.496)	Acc@5 75.000 (64.815)	Mem 47256MB
Test: [580/1563]	Time 6.780 (6.943)	Loss 2.6484 (2.9074)	Acc@1 46.875 (38.350)	Acc@5 65.625 (64.700)	Mem 47256MB
Test: [590/1563]	Time 7.072 (6.942)	Loss 2.9609 (2.9030)	Acc@1 43.750 (38.452)	Acc@5 65.625 (64.747)	Mem 47256MB
Test: [600/1563]	Time 6.800 (6.940)	Loss 1.1475 (2.8996)	Acc@1 68.750 (38.394)	Acc@5 87.500 (64.829)	Mem 47256MB
Test: [610/1563]	Time 6.887 (6.939)	Loss 3.6719 (2.8867)	Acc@1 21.875 (38.605)	Acc@5 56.250 (65.047)	Mem 47256MB
Test: [620/1563]	Time 6.756 (6.937)	Loss 3.2754 (2.8806)	Acc@1 25.000 (38.718)	Acc@5 56.250 (65.122)	Mem 47256MB
Test: [630/1563]	Time 6.664 (6.934)	Loss 1.9170 (2.8820)	Acc@1 59.375 (38.788)	Acc@5 81.250 (65.080)	Mem 47256MB
Test: [640/1563]	Time 6.759 (6.932)	Loss 2.6230 (2.8732)	Acc@1 40.625 (38.972)	Acc@5 81.250 (65.293)	Mem 47256MB
Test: [650/1563]	Time 6.897 (6.930)	Loss 1.6006 (2.8916)	Acc@1 78.125 (38.863)	Acc@5 84.375 (65.020)	Mem 47256MB
Test: [660/1563]	Time 6.770 (6.929)	Loss 3.0332 (2.8915)	Acc@1 37.500 (38.956)	Acc@5 75.000 (65.086)	Mem 47256MB
Test: [670/1563]	Time 6.936 (6.926)	Loss 4.2539 (2.9024)	Acc@1 21.875 (38.832)	Acc@5 40.625 (64.959)	Mem 47256MB
Test: [680/1563]	Time 7.078 (6.926)	Loss 4.5117 (2.9123)	Acc@1 15.625 (38.771)	Acc@5 43.750 (64.790)	Mem 47256MB
Test: [690/1563]	Time 6.842 (6.924)	Loss 3.5781 (2.9181)	Acc@1 21.875 (38.721)	Acc@5 53.125 (64.675)	Mem 47256MB
Test: [700/1563]	Time 6.731 (6.922)	Loss 3.6758 (2.9343)	Acc@1 37.500 (38.490)	Acc@5 50.000 (64.421)	Mem 47256MB
Test: [710/1563]	Time 6.757 (6.921)	Loss 3.4961 (2.9348)	Acc@1 15.625 (38.572)	Acc@5 62.500 (64.447)	Mem 47256MB
Test: [720/1563]	Time 6.809 (6.920)	Loss 3.2832 (2.9532)	Acc@1 34.375 (38.306)	Acc@5 65.625 (64.125)	Mem 47256MB
Test: [730/1563]	Time 7.510 (6.921)	Loss 2.8242 (2.9603)	Acc@1 59.375 (38.312)	Acc@5 62.500 (64.022)	Mem 47256MB
Test: [740/1563]	Time 6.750 (6.919)	Loss 3.0977 (2.9650)	Acc@1 28.125 (38.196)	Acc@5 59.375 (64.001)	Mem 47256MB
Test: [750/1563]	Time 6.838 (6.918)	Loss 3.4805 (2.9719)	Acc@1 31.250 (38.195)	Acc@5 50.000 (63.869)	Mem 47256MB
Test: [760/1563]	Time 6.777 (6.916)	Loss 2.9004 (2.9771)	Acc@1 50.000 (38.075)	Acc@5 68.750 (63.818)	Mem 47256MB
Test: [770/1563]	Time 7.050 (6.916)	Loss 3.8945 (2.9881)	Acc@1 28.125 (37.934)	Acc@5 43.750 (63.679)	Mem 47256MB
Test: [780/1563]	Time 6.702 (6.915)	Loss 4.2578 (3.0016)	Acc@1 21.875 (37.748)	Acc@5 37.500 (63.492)	Mem 47256MB
Test: [790/1563]	Time 6.903 (6.916)	Loss 4.3711 (3.0121)	Acc@1 18.750 (37.638)	Acc@5 43.750 (63.294)	Mem 47256MB
Test: [800/1563]	Time 7.182 (6.917)	Loss 4.2617 (3.0192)	Acc@1 6.250 (37.551)	Acc@5 40.625 (63.159)	Mem 47256MB
Test: [810/1563]	Time 6.947 (6.916)	Loss 1.6172 (3.0294)	Acc@1 65.625 (37.465)	Acc@5 87.500 (62.986)	Mem 47256MB
Test: [820/1563]	Time 6.921 (6.917)	Loss 3.6621 (3.0357)	Acc@1 28.125 (37.405)	Acc@5 56.250 (62.892)	Mem 47256MB
Test: [830/1563]	Time 6.861 (6.917)	Loss 3.9531 (3.0434)	Acc@1 21.875 (37.218)	Acc@5 43.750 (62.782)	Mem 47256MB
Test: [840/1563]	Time 6.977 (6.918)	Loss 2.4277 (3.0427)	Acc@1 62.500 (37.303)	Acc@5 75.000 (62.808)	Mem 47256MB
Test: [850/1563]	Time 6.896 (6.920)	Loss 3.0957 (3.0515)	Acc@1 34.375 (37.221)	Acc@5 68.750 (62.673)	Mem 47256MB
Test: [860/1563]	Time 6.644 (6.920)	Loss 3.6777 (3.0535)	Acc@1 25.000 (37.188)	Acc@5 50.000 (62.678)	Mem 47256MB
Test: [870/1563]	Time 7.658 (6.921)	Loss 3.2656 (3.0475)	Acc@1 37.500 (37.371)	Acc@5 53.125 (62.791)	Mem 47256MB
Test: [880/1563]	Time 6.893 (6.923)	Loss 3.5762 (3.0490)	Acc@1 15.625 (37.340)	Acc@5 50.000 (62.794)	Mem 47256MB
Test: [890/1563]	Time 6.845 (6.924)	Loss 2.6445 (3.0519)	Acc@1 43.750 (37.342)	Acc@5 68.750 (62.760)	Mem 47256MB
Test: [900/1563]	Time 7.004 (6.924)	Loss 0.8633 (3.0533)	Acc@1 87.500 (37.386)	Acc@5 93.750 (62.708)	Mem 47256MB
Test: [910/1563]	Time 6.816 (6.925)	Loss 4.4414 (3.0620)	Acc@1 15.625 (37.263)	Acc@5 43.750 (62.548)	Mem 47256MB
Test: [920/1563]	Time 6.883 (6.926)	Loss 5.1875 (3.0661)	Acc@1 15.625 (37.259)	Acc@5 21.875 (62.493)	Mem 47256MB
Test: [930/1563]	Time 7.247 (6.928)	Loss 2.4707 (3.0694)	Acc@1 25.000 (37.208)	Acc@5 84.375 (62.433)	Mem 47256MB
Test: [940/1563]	Time 7.198 (6.930)	Loss 3.3242 (3.0792)	Acc@1 28.125 (37.075)	Acc@5 59.375 (62.294)	Mem 47256MB
Test: [950/1563]	Time 6.893 (6.930)	Loss 4.7227 (3.0795)	Acc@1 21.875 (37.135)	Acc@5 40.625 (62.260)	Mem 47256MB
Test: [960/1563]	Time 6.904 (6.930)	Loss 3.3262 (3.0795)	Acc@1 31.250 (37.178)	Acc@5 56.250 (62.237)	Mem 47256MB
Test: [970/1563]	Time 6.977 (6.931)	Loss 3.0938 (3.0875)	Acc@1 50.000 (37.114)	Acc@5 65.625 (62.127)	Mem 47256MB
Test: [980/1563]	Time 6.766 (6.930)	Loss 2.9766 (3.0926)	Acc@1 37.500 (37.054)	Acc@5 62.500 (62.064)	Mem 47256MB
Test: [990/1563]	Time 6.812 (6.930)	Loss 4.3047 (3.0988)	Acc@1 12.500 (36.939)	Acc@5 34.375 (61.973)	Mem 47256MB
Test: [1000/1563]	Time 6.962 (6.931)	Loss 2.8105 (3.1041)	Acc@1 46.875 (36.857)	Acc@5 56.250 (61.897)	Mem 47256MB
Test: [1010/1563]	Time 7.105 (6.931)	Loss 2.8867 (3.1020)	Acc@1 53.125 (36.944)	Acc@5 68.750 (61.925)	Mem 47256MB
Test: [1020/1563]	Time 6.854 (6.931)	Loss 4.1758 (3.1110)	Acc@1 21.875 (36.848)	Acc@5 40.625 (61.768)	Mem 47256MB
Test: [1030/1563]	Time 6.918 (6.932)	Loss 3.8730 (3.1197)	Acc@1 25.000 (36.657)	Acc@5 46.875 (61.642)	Mem 47256MB
Test: [1040/1563]	Time 7.067 (6.932)	Loss 4.0078 (3.1247)	Acc@1 12.500 (36.542)	Acc@5 46.875 (61.587)	Mem 47256MB
Test: [1050/1563]	Time 6.865 (6.933)	Loss 1.4199 (3.1204)	Acc@1 71.875 (36.653)	Acc@5 87.500 (61.650)	Mem 47256MB
Test: [1060/1563]	Time 6.838 (6.933)	Loss 3.2383 (3.1254)	Acc@1 43.750 (36.628)	Acc@5 56.250 (61.557)	Mem 47256MB
Test: [1070/1563]	Time 6.894 (6.932)	Loss 2.5469 (3.1229)	Acc@1 46.875 (36.651)	Acc@5 62.500 (61.613)	Mem 47256MB
Test: [1080/1563]	Time 6.896 (6.933)	Loss 3.5000 (3.1225)	Acc@1 25.000 (36.676)	Acc@5 59.375 (61.641)	Mem 47256MB
Test: [1090/1563]	Time 6.892 (6.933)	Loss 4.4102 (3.1260)	Acc@1 15.625 (36.672)	Acc@5 40.625 (61.589)	Mem 47256MB
Test: [1100/1563]	Time 6.971 (6.933)	Loss 4.8320 (3.1254)	Acc@1 25.000 (36.714)	Acc@5 34.375 (61.617)	Mem 47256MB
Test: [1110/1563]	Time 7.118 (6.933)	Loss 4.4336 (3.1291)	Acc@1 18.750 (36.693)	Acc@5 40.625 (61.591)	Mem 47256MB
Test: [1120/1563]	Time 6.924 (6.934)	Loss 3.5840 (3.1249)	Acc@1 28.125 (36.834)	Acc@5 59.375 (61.686)	Mem 47256MB
Test: [1130/1563]	Time 6.894 (6.935)	Loss 1.0996 (3.1246)	Acc@1 84.375 (36.862)	Acc@5 93.750 (61.693)	Mem 47256MB
Test: [1140/1563]	Time 6.977 (6.935)	Loss 5.0352 (3.1224)	Acc@1 9.375 (36.947)	Acc@5 25.000 (61.695)	Mem 47256MB
Test: [1150/1563]	Time 7.249 (6.936)	Loss 2.2422 (3.1304)	Acc@1 53.125 (36.821)	Acc@5 71.875 (61.547)	Mem 47256MB
Test: [1160/1563]	Time 6.752 (6.936)	Loss 3.2246 (3.1297)	Acc@1 40.625 (36.894)	Acc@5 56.250 (61.528)	Mem 47256MB
Test: [1170/1563]	Time 6.918 (6.936)	Loss 5.7461 (3.1361)	Acc@1 21.875 (36.902)	Acc@5 25.000 (61.443)	Mem 47256MB
Test: [1180/1563]	Time 7.065 (6.937)	Loss 2.2461 (3.1425)	Acc@1 62.500 (36.833)	Acc@5 78.125 (61.362)	Mem 47256MB
Test: [1190/1563]	Time 7.024 (6.937)	Loss 4.8672 (3.1487)	Acc@1 21.875 (36.765)	Acc@5 37.500 (61.272)	Mem 47256MB
Test: [1200/1563]	Time 6.992 (6.937)	Loss 2.7949 (3.1511)	Acc@1 50.000 (36.769)	Acc@5 65.625 (61.243)	Mem 47256MB
Test: [1210/1563]	Time 6.940 (6.937)	Loss 5.8164 (3.1569)	Acc@1 3.125 (36.718)	Acc@5 6.250 (61.119)	Mem 47256MB
Test: [1220/1563]	Time 6.987 (6.938)	Loss 2.3496 (3.1630)	Acc@1 46.875 (36.620)	Acc@5 84.375 (61.077)	Mem 47256MB
Test: [1230/1563]	Time 6.927 (6.938)	Loss 5.2383 (3.1646)	Acc@1 12.500 (36.637)	Acc@5 25.000 (61.073)	Mem 47256MB
Test: [1240/1563]	Time 7.009 (6.939)	Loss 3.9492 (3.1717)	Acc@1 28.125 (36.556)	Acc@5 50.000 (60.982)	Mem 47256MB
Test: [1250/1563]	Time 6.904 (6.939)	Loss 2.8086 (3.1729)	Acc@1 59.375 (36.593)	Acc@5 71.875 (60.959)	Mem 47256MB
Test: [1260/1563]	Time 7.090 (6.939)	Loss 5.7148 (3.1690)	Acc@1 3.125 (36.692)	Acc@5 21.875 (61.025)	Mem 47256MB
Test: [1270/1563]	Time 6.891 (6.940)	Loss 3.5586 (3.1723)	Acc@1 40.625 (36.652)	Acc@5 53.125 (60.971)	Mem 47256MB
Test: [1280/1563]	Time 6.900 (6.940)	Loss 2.6191 (3.1717)	Acc@1 53.125 (36.688)	Acc@5 78.125 (60.988)	Mem 47256MB
Test: [1290/1563]	Time 6.912 (6.941)	Loss 3.6348 (3.1730)	Acc@1 46.875 (36.725)	Acc@5 59.375 (60.982)	Mem 47256MB
Test: [1300/1563]	Time 5.993 (6.939)	Loss 1.6943 (3.1773)	Acc@1 68.750 (36.691)	Acc@5 75.000 (60.917)	Mem 47256MB
Test: [1310/1563]	Time 6.025 (6.932)	Loss 4.0078 (3.1843)	Acc@1 18.750 (36.582)	Acc@5 46.875 (60.805)	Mem 47256MB
Test: [1320/1563]	Time 6.009 (6.926)	Loss 4.0508 (3.1902)	Acc@1 28.125 (36.511)	Acc@5 40.625 (60.693)	Mem 47256MB
Test: [1330/1563]	Time 5.957 (6.919)	Loss 4.1328 (3.1962)	Acc@1 9.375 (36.397)	Acc@5 46.875 (60.586)	Mem 47256MB
Test: [1340/1563]	Time 6.024 (6.913)	Loss 3.8496 (3.1945)	Acc@1 31.250 (36.468)	Acc@5 53.125 (60.626)	Mem 47256MB
Test: [1350/1563]	Time 6.374 (6.908)	Loss 4.3633 (3.1971)	Acc@1 6.250 (36.450)	Acc@5 31.250 (60.608)	Mem 47256MB
Test: [1360/1563]	Time 6.095 (6.902)	Loss 5.2070 (3.2029)	Acc@1 12.500 (36.340)	Acc@5 34.375 (60.553)	Mem 47256MB
Test: [1370/1563]	Time 6.026 (6.896)	Loss 4.3906 (3.2032)	Acc@1 25.000 (36.322)	Acc@5 43.750 (60.535)	Mem 47256MB
Test: [1380/1563]	Time 5.984 (6.891)	Loss 3.9902 (3.2059)	Acc@1 25.000 (36.296)	Acc@5 46.875 (60.504)	Mem 47256MB
Test: [1390/1563]	Time 6.738 (6.887)	Loss 3.9395 (3.2130)	Acc@1 31.250 (36.215)	Acc@5 43.750 (60.384)	Mem 47256MB
Test: [1400/1563]	Time 6.003 (6.882)	Loss 3.3398 (3.2145)	Acc@1 31.250 (36.204)	Acc@5 62.500 (60.363)	Mem 47256MB
Test: [1410/1563]	Time 6.069 (6.876)	Loss 1.8086 (3.2140)	Acc@1 62.500 (36.224)	Acc@5 84.375 (60.354)	Mem 47256MB
Test: [1420/1563]	Time 6.217 (6.871)	Loss 3.5879 (3.2136)	Acc@1 12.500 (36.240)	Acc@5 65.625 (60.391)	Mem 47256MB
Test: [1430/1563]	Time 5.959 (6.866)	Loss 2.2656 (3.2152)	Acc@1 56.250 (36.233)	Acc@5 75.000 (60.356)	Mem 47256MB
Test: [1440/1563]	Time 6.894 (6.861)	Loss 3.4805 (3.2126)	Acc@1 40.625 (36.301)	Acc@5 65.625 (60.425)	Mem 47256MB
Test: [1450/1563]	Time 6.149 (6.856)	Loss 3.2207 (3.2049)	Acc@1 21.875 (36.434)	Acc@5 62.500 (60.555)	Mem 47256MB
Test: [1460/1563]	Time 5.970 (6.852)	Loss 3.5840 (3.2052)	Acc@1 18.750 (36.379)	Acc@5 53.125 (60.530)	Mem 47256MB
Test: [1470/1563]	Time 5.950 (6.848)	Loss 2.4727 (3.1973)	Acc@1 43.750 (36.478)	Acc@5 75.000 (60.665)	Mem 47256MB
Test: [1480/1563]	Time 6.079 (6.843)	Loss 2.7949 (3.1946)	Acc@1 9.375 (36.491)	Acc@5 81.250 (60.713)	Mem 47256MB
Test: [1490/1563]	Time 5.998 (6.839)	Loss 3.2988 (3.1898)	Acc@1 40.625 (36.576)	Acc@5 50.000 (60.786)	Mem 47256MB
Test: [1500/1563]	Time 6.616 (6.834)	Loss 2.2695 (3.1870)	Acc@1 50.000 (36.621)	Acc@5 68.750 (60.809)	Mem 47256MB
Test: [1510/1563]	Time 5.960 (6.831)	Loss 4.2578 (3.1879)	Acc@1 21.875 (36.580)	Acc@5 43.750 (60.785)	Mem 47256MB
Test: [1520/1563]	Time 6.581 (6.826)	Loss 2.3926 (3.1888)	Acc@1 46.875 (36.561)	Acc@5 81.250 (60.786)	Mem 47256MB
Test: [1530/1563]	Time 6.303 (6.823)	Loss 1.3174 (3.1795)	Acc@1 75.000 (36.733)	Acc@5 100.000 (60.983)	Mem 47256MB
Test: [1540/1563]	Time 7.070 (6.820)	Loss 0.4438 (3.1739)	Acc@1 96.875 (36.877)	Acc@5 100.000 (61.074)	Mem 47256MB
Test: [1550/1563]	Time 6.685 (6.816)	Loss 1.5664 (3.1642)	Acc@1 71.875 (37.051)	Acc@5 90.625 (61.202)	Mem 47256MB
Test: [1560/1563]	Time 5.943 (6.813)	Loss 3.4941 (3.1549)	Acc@1 12.500 (37.202)	Acc@5 62.500 (61.351)	Mem 47256MB
 * Acc@1 37.166 Acc@5 61.308
