[W socket.cpp:426] [c10d] The server socket has failed to bind to [::]:61234 (errno: 98 - Address already in use).
[W socket.cpp:426] [c10d] The server socket has failed to bind to ?UNKNOWN? (errno: 98 - Address already in use).
[E socket.cpp:462] [c10d] The server socket has failed to listen on any local network address.
The server socket has failed to listen on any local network address. The server socket has failed to bind to [::]:61234 (errno: 98 - Address already in use). The server socket has failed to bind to ?UNKNOWN? (errno: 98 - Address already in use).
using init_resnet ======================== 
01/07 21:50:40 - mmengine - INFO - Loads checkpoint by http backend from path: https://download.openmmlab.com/mmclassification/v0/resnet/resnet50_8xb32_in1k_20210831-ea4938fc.pth
starting loop: img_size (1024, 1024)
Traceback (most recent call last):
  File "/media/Disk2/LiuYue/Visualize/analyze/get_scaleup.py", line 299, in <module>
    main(os.environ['GETSCALENET'])
  File "/media/Disk2/LiuYue/Visualize/analyze/get_scaleup.py", line 275, in main
    _validate(init_model(shape=1024), img_size=(1024, 1024), batch_size=(52 if model in ["deit"] else 72))
  File "/media/Disk2/LiuYue/Visualize/analyze/get_scaleup.py", line 155, in _validate
    validate(config, data_loader=data_loader, model=model)
  File "/home/LiuYue/miniconda3/envs/mamba/lib/python3.10/site-packages/torch/autograd/grad_mode.py", line 27, in decorate_context
    return func(*args, **kwargs)
  File "/media/Disk2/LiuYue/Visualize/analyze/get_scaleup.py", line 52, in validate
    for idx, (images, target) in enumerate(data_loader):
  File "/home/LiuYue/miniconda3/envs/mamba/lib/python3.10/site-packages/torch/utils/data/dataloader.py", line 628, in __next__
    data = self._next_data()
  File "/home/LiuYue/miniconda3/envs/mamba/lib/python3.10/site-packages/torch/utils/data/dataloader.py", line 671, in _next_data
    data = self._dataset_fetcher.fetch(index)  # may raise StopIteration
  File "/home/LiuYue/miniconda3/envs/mamba/lib/python3.10/site-packages/torch/utils/data/_utils/fetch.py", line 58, in fetch
    data = [self.dataset[idx] for idx in possibly_batched_index]
  File "/home/LiuYue/miniconda3/envs/mamba/lib/python3.10/site-packages/torch/utils/data/_utils/fetch.py", line 58, in <listcomp>
    data = [self.dataset[idx] for idx in possibly_batched_index]
  File "/home/LiuYue/miniconda3/envs/mamba/lib/python3.10/site-packages/torchvision/datasets/folder.py", line 231, in __getitem__
    sample = self.transform(sample)
  File "/home/LiuYue/miniconda3/envs/mamba/lib/python3.10/site-packages/torchvision/transforms/transforms.py", line 95, in __call__
    img = t(img)
  File "/home/LiuYue/miniconda3/envs/mamba/lib/python3.10/site-packages/torch/nn/modules/module.py", line 1190, in _call_impl
    return forward_call(*input, **kwargs)
  File "/home/LiuYue/miniconda3/envs/mamba/lib/python3.10/site-packages/torchvision/transforms/transforms.py", line 346, in forward
    return F.resize(img, self.size, self.interpolation, self.max_size, self.antialias)
  File "/home/LiuYue/miniconda3/envs/mamba/lib/python3.10/site-packages/torchvision/transforms/functional.py", line 474, in resize
    return F_pil.resize(img, size=output_size, interpolation=pil_interpolation)
  File "/home/LiuYue/miniconda3/envs/mamba/lib/python3.10/site-packages/torchvision/transforms/functional_pil.py", line 252, in resize
    return img.resize(tuple(size[::-1]), interpolation)
  File "/home/LiuYue/miniconda3/envs/mamba/lib/python3.10/site-packages/PIL/Image.py", line 2174, in resize
    return self._new(self.im.resize(size, resample, box))
KeyboardInterrupt
[W socket.cpp:426] [c10d] The server socket has failed to bind to [::]:61234 (errno: 98 - Address already in use).
[W socket.cpp:426] [c10d] The server socket has failed to bind to ?UNKNOWN? (errno: 98 - Address already in use).
[E socket.cpp:462] [c10d] The server socket has failed to listen on any local network address.
The server socket has failed to listen on any local network address. The server socket has failed to bind to [::]:61234 (errno: 98 - Address already in use). The server socket has failed to bind to ?UNKNOWN? (errno: 98 - Address already in use).
using init_resnet ======================== 
01/07 21:51:02 - mmengine - INFO - Loads checkpoint by http backend from path: https://download.openmmlab.com/mmclassification/v0/resnet/resnet50_8xb32_in1k_20210831-ea4938fc.pth
starting loop: img_size (224, 224)
Test: [0/391]	Time 4.682 (4.682)	Loss 0.4241 (0.4241)	Acc@1 91.406 (91.406)	Acc@5 96.875 (96.875)	Mem 1007MB
Test: [10/391]	Time 1.658 (2.156)	Loss 1.1113 (0.4738)	Acc@1 73.438 (88.565)	Acc@5 95.312 (96.946)	Mem 1007MB
Test: [20/391]	Time 1.277 (1.911)	Loss 0.5889 (0.6534)	Acc@1 86.719 (83.296)	Acc@5 95.312 (95.833)	Mem 1007MB
Test: [30/391]	Time 2.088 (1.790)	Loss 1.0625 (0.7804)	Acc@1 77.344 (79.637)	Acc@5 90.625 (95.035)	Mem 1007MB
Test: [40/391]	Time 1.308 (1.741)	Loss 0.7261 (0.6954)	Acc@1 85.938 (81.822)	Acc@5 92.188 (95.598)	Mem 1007MB
Test: [50/391]	Time 1.747 (1.711)	Loss 0.3037 (0.7101)	Acc@1 91.406 (81.878)	Acc@5 97.656 (95.312)	Mem 1007MB
Test: [60/391]	Time 1.031 (1.691)	Loss 0.8896 (0.6684)	Acc@1 77.344 (82.877)	Acc@5 93.750 (95.607)	Mem 1007MB
Test: [70/391]	Time 1.295 (1.668)	Loss 0.8291 (0.6958)	Acc@1 69.531 (82.020)	Acc@5 96.875 (95.566)	Mem 1007MB
Test: [80/391]	Time 1.602 (1.652)	Loss 0.8179 (0.7115)	Acc@1 78.906 (81.453)	Acc@5 95.312 (95.611)	Mem 1007MB
Test: [90/391]	Time 1.537 (1.645)	Loss 0.8545 (0.7124)	Acc@1 73.438 (81.465)	Acc@5 95.312 (95.699)	Mem 1007MB
Test: [100/391]	Time 1.017 (1.618)	Loss 0.6348 (0.7091)	Acc@1 85.156 (81.351)	Acc@5 96.094 (95.854)	Mem 1007MB
Test: [110/391]	Time 2.073 (1.619)	Loss 1.1377 (0.7173)	Acc@1 59.375 (81.053)	Acc@5 96.094 (95.904)	Mem 1007MB
Test: [120/391]	Time 1.114 (1.622)	Loss 0.6938 (0.7179)	Acc@1 84.375 (81.192)	Acc@5 96.875 (95.939)	Mem 1007MB
Test: [130/391]	Time 1.759 (1.623)	Loss 0.2417 (0.7109)	Acc@1 92.969 (81.471)	Acc@5 99.219 (95.921)	Mem 1007MB
Test: [140/391]	Time 1.673 (1.606)	Loss 1.1172 (0.7116)	Acc@1 68.750 (81.322)	Acc@5 92.188 (95.955)	Mem 1007MB
Test: [150/391]	Time 2.121 (1.610)	Loss 0.6997 (0.7185)	Acc@1 72.656 (81.255)	Acc@5 97.656 (95.851)	Mem 1007MB
Test: [160/391]	Time 1.310 (1.598)	Loss 0.6470 (0.7214)	Acc@1 82.031 (81.289)	Acc@5 96.875 (95.793)	Mem 1007MB
Test: [170/391]	Time 1.253 (1.585)	Loss 1.5068 (0.7451)	Acc@1 64.844 (80.770)	Acc@5 87.500 (95.518)	Mem 1007MB
Test: [180/391]	Time 1.901 (1.588)	Loss 1.6602 (0.7681)	Acc@1 58.594 (80.279)	Acc@5 87.500 (95.209)	Mem 1007MB
Test: [190/391]	Time 0.972 (1.587)	Loss 1.3779 (0.7935)	Acc@1 69.531 (79.720)	Acc@5 92.188 (94.895)	Mem 1007MB
Test: [200/391]	Time 1.570 (1.589)	Loss 0.7876 (0.8187)	Acc@1 79.688 (79.241)	Acc@5 94.531 (94.613)	Mem 1007MB
Test: [210/391]	Time 1.668 (1.588)	Loss 1.2510 (0.8345)	Acc@1 71.094 (78.851)	Acc@5 89.062 (94.453)	Mem 1007MB
Test: [220/391]	Time 1.687 (1.591)	Loss 0.4749 (0.8415)	Acc@1 85.938 (78.783)	Acc@5 98.438 (94.319)	Mem 1007MB
Test: [230/391]	Time 1.690 (1.603)	Loss 1.7510 (0.8548)	Acc@1 61.719 (78.527)	Acc@5 83.594 (94.169)	Mem 1007MB
Test: [240/391]	Time 1.650 (1.605)	Loss 1.0244 (0.8607)	Acc@1 79.688 (78.485)	Acc@5 92.188 (94.051)	Mem 1007MB
Test: [250/391]	Time 1.066 (1.596)	Loss 0.5698 (0.8817)	Acc@1 82.812 (77.867)	Acc@5 97.656 (93.815)	Mem 1007MB
Test: [260/391]	Time 1.168 (1.590)	Loss 0.8818 (0.8958)	Acc@1 74.219 (77.517)	Acc@5 94.531 (93.711)	Mem 1007MB
Test: [270/391]	Time 1.704 (1.591)	Loss 1.6094 (0.9041)	Acc@1 57.031 (77.318)	Acc@5 89.062 (93.638)	Mem 1007MB
Test: [280/391]	Time 1.445 (1.585)	Loss 1.1455 (0.9091)	Acc@1 69.531 (77.266)	Acc@5 93.750 (93.611)	Mem 1007MB
Test: [290/391]	Time 1.405 (1.584)	Loss 1.3652 (0.9174)	Acc@1 53.125 (77.121)	Acc@5 90.625 (93.482)	Mem 1007MB
Test: [300/391]	Time 1.610 (1.579)	Loss 1.0205 (0.9236)	Acc@1 76.562 (77.017)	Acc@5 92.188 (93.389)	Mem 1007MB
Test: [310/391]	Time 1.860 (1.577)	Loss 1.1689 (0.9307)	Acc@1 74.219 (76.864)	Acc@5 91.406 (93.280)	Mem 1007MB
Test: [320/391]	Time 1.061 (1.578)	Loss 0.6108 (0.9390)	Acc@1 86.719 (76.704)	Acc@5 93.750 (93.163)	Mem 1007MB
Test: [330/391]	Time 1.393 (1.574)	Loss 1.5049 (0.9536)	Acc@1 66.406 (76.378)	Acc@5 85.938 (92.983)	Mem 1007MB
Test: [340/391]	Time 1.840 (1.572)	Loss 0.8125 (0.9588)	Acc@1 77.344 (76.253)	Acc@5 96.094 (92.928)	Mem 1007MB
Test: [350/391]	Time 1.246 (1.566)	Loss 0.9902 (0.9627)	Acc@1 77.344 (76.155)	Acc@5 92.188 (92.862)	Mem 1007MB
Test: [360/391]	Time 1.077 (1.561)	Loss 1.4277 (0.9723)	Acc@1 64.844 (75.983)	Acc@5 92.188 (92.761)	Mem 1007MB
Test: [370/391]	Time 1.989 (1.560)	Loss 0.9141 (0.9663)	Acc@1 65.625 (76.057)	Acc@5 96.875 (92.859)	Mem 1007MB
Test: [380/391]	Time 1.615 (1.559)	Loss 0.8643 (0.9685)	Acc@1 79.688 (76.013)	Acc@5 96.875 (92.813)	Mem 1007MB
Test: [390/391]	Time 0.982 (1.561)	Loss 1.5352 (0.9634)	Acc@1 53.012 (76.091)	Acc@5 89.157 (92.862)	Mem 1007MB
 * Acc@1 76.091 Acc@5 92.862
01/07 22:01:13 - mmengine - INFO - Loads checkpoint by http backend from path: https://download.openmmlab.com/mmclassification/v0/resnet/resnet50_8xb32_in1k_20210831-ea4938fc.pth
starting loop: img_size (64, 64)
Test: [0/391]	Time 0.985 (0.985)	Loss 9.0312 (9.0312)	Acc@1 35.156 (35.156)	Acc@5 58.594 (58.594)	Mem 1007MB
Test: [10/391]	Time 1.453 (1.083)	Loss 12.4688 (8.2241)	Acc@1 16.406 (34.162)	Acc@5 29.688 (55.469)	Mem 1007MB
Test: [20/391]	Time 0.965 (1.062)	Loss 9.8438 (9.3023)	Acc@1 25.781 (27.418)	Acc@5 48.438 (47.210)	Mem 1007MB
Test: [30/391]	Time 1.163 (1.062)	Loss 8.6641 (9.5750)	Acc@1 35.938 (25.302)	Acc@5 51.562 (45.817)	Mem 1007MB
Test: [40/391]	Time 0.910 (1.045)	Loss 7.7578 (9.0295)	Acc@1 31.250 (29.192)	Acc@5 49.219 (49.352)	Mem 1007MB
Test: [50/391]	Time 0.979 (1.053)	Loss 5.2930 (9.0757)	Acc@1 46.094 (28.952)	Acc@5 77.344 (49.755)	Mem 1007MB
Test: [60/391]	Time 0.884 (1.044)	Loss 13.0391 (8.8086)	Acc@1 28.906 (30.699)	Acc@5 52.344 (52.152)	Mem 1007MB
Test: [70/391]	Time 0.893 (1.036)	Loss 14.1406 (9.1127)	Acc@1 23.438 (30.403)	Acc@5 46.875 (53.158)	Mem 1007MB
Test: [80/391]	Time 0.967 (1.027)	Loss 14.5156 (9.5022)	Acc@1 21.875 (30.025)	Acc@5 43.750 (53.009)	Mem 1007MB
Test: [90/391]	Time 0.967 (1.023)	Loss 13.9219 (9.7027)	Acc@1 21.875 (30.263)	Acc@5 56.250 (53.340)	Mem 1007MB
Test: [100/391]	Time 0.901 (1.015)	Loss 13.4141 (9.8626)	Acc@1 20.312 (30.012)	Acc@5 53.906 (53.899)	Mem 1007MB
Test: [110/391]	Time 1.252 (1.022)	Loss 12.9922 (9.9795)	Acc@1 23.438 (29.948)	Acc@5 53.125 (53.998)	Mem 1007MB
Test: [120/391]	Time 1.008 (1.028)	Loss 11.0156 (9.9400)	Acc@1 20.312 (30.365)	Acc@5 48.438 (54.390)	Mem 1007MB
Test: [130/391]	Time 0.956 (1.033)	Loss 10.9375 (9.8777)	Acc@1 28.906 (30.171)	Acc@5 52.344 (53.936)	Mem 1007MB
Test: [140/391]	Time 1.053 (1.028)	Loss 13.0703 (9.8565)	Acc@1 18.750 (30.219)	Acc@5 39.062 (53.956)	Mem 1007MB
Test: [150/391]	Time 1.590 (1.037)	Loss 6.1602 (9.7752)	Acc@1 38.281 (30.500)	Acc@5 68.750 (54.175)	Mem 1007MB
Test: [160/391]	Time 1.123 (1.036)	Loss 7.3359 (9.7235)	Acc@1 28.125 (30.381)	Acc@5 54.688 (53.887)	Mem 1007MB
Test: [170/391]	Time 0.815 (1.031)	Loss 10.3203 (9.7828)	Acc@1 14.062 (29.719)	Acc@5 41.406 (53.139)	Mem 1007MB
Test: [180/391]	Time 0.933 (1.029)	Loss 12.8359 (9.8125)	Acc@1 14.844 (29.252)	Acc@5 35.156 (52.590)	Mem 1007MB
Test: [190/391]	Time 0.841 (1.029)	Loss 10.9531 (9.8249)	Acc@1 20.312 (29.000)	Acc@5 47.656 (52.262)	Mem 1007MB
Test: [200/391]	Time 0.789 (1.026)	Loss 11.7344 (9.8785)	Acc@1 17.969 (28.545)	Acc@5 38.281 (51.772)	Mem 1007MB
Test: [210/391]	Time 0.957 (1.025)	Loss 10.6562 (9.9148)	Acc@1 25.000 (28.173)	Acc@5 47.656 (51.226)	Mem 1007MB
Test: [220/391]	Time 1.047 (1.025)	Loss 8.5781 (9.9109)	Acc@1 29.688 (28.086)	Acc@5 48.438 (50.919)	Mem 1007MB
Test: [230/391]	Time 1.046 (1.026)	Loss 12.9062 (9.9145)	Acc@1 9.375 (27.946)	Acc@5 41.406 (50.812)	Mem 1007MB
Test: [240/391]	Time 0.991 (1.027)	Loss 11.6328 (9.9239)	Acc@1 24.219 (27.720)	Acc@5 46.875 (50.515)	Mem 1007MB
Test: [250/391]	Time 0.962 (1.022)	Loss 10.7266 (9.9597)	Acc@1 17.188 (27.524)	Acc@5 42.969 (50.289)	Mem 1007MB
Test: [260/391]	Time 1.026 (1.022)	Loss 7.8633 (9.9375)	Acc@1 33.594 (27.335)	Acc@5 54.688 (50.135)	Mem 1007MB
Test: [270/391]	Time 1.202 (1.021)	Loss 9.8125 (9.9403)	Acc@1 25.000 (27.217)	Acc@5 48.438 (50.017)	Mem 1007MB
Test: [280/391]	Time 0.895 (1.020)	Loss 10.0000 (9.9357)	Acc@1 21.094 (27.196)	Acc@5 47.656 (49.883)	Mem 1007MB
Test: [290/391]	Time 0.826 (1.019)	Loss 9.9219 (9.9373)	Acc@1 14.844 (27.086)	Acc@5 50.000 (49.691)	Mem 1007MB
Test: [300/391]	Time 0.892 (1.016)	Loss 10.7891 (9.9696)	Acc@1 22.656 (26.905)	Acc@5 44.531 (49.489)	Mem 1007MB
Test: [310/391]	Time 0.879 (1.016)	Loss 8.7812 (9.9964)	Acc@1 25.000 (26.698)	Acc@5 50.000 (49.201)	Mem 1007MB
Test: [320/391]	Time 0.892 (1.016)	Loss 7.5352 (9.9836)	Acc@1 32.812 (26.665)	Acc@5 57.031 (49.216)	Mem 1007MB
Test: [330/391]	Time 0.862 (1.014)	Loss 10.2344 (10.0274)	Acc@1 23.438 (26.355)	Acc@5 49.219 (48.810)	Mem 1007MB
Test: [340/391]	Time 1.103 (1.012)	Loss 7.0508 (9.9930)	Acc@1 28.125 (26.393)	Acc@5 59.375 (48.852)	Mem 1007MB
Test: [350/391]	Time 1.070 (1.011)	Loss 9.3438 (9.9924)	Acc@1 27.344 (26.284)	Acc@5 50.781 (48.734)	Mem 1007MB
Test: [360/391]	Time 0.940 (1.011)	Loss 9.0312 (9.9895)	Acc@1 16.406 (26.216)	Acc@5 46.094 (48.624)	Mem 1007MB
Test: [370/391]	Time 1.223 (1.012)	Loss 5.1992 (9.9416)	Acc@1 51.562 (26.394)	Acc@5 75.000 (48.857)	Mem 1007MB
Test: [380/391]	Time 0.977 (1.010)	Loss 4.2852 (9.9032)	Acc@1 54.688 (26.604)	Acc@5 77.344 (49.094)	Mem 1007MB
Test: [390/391]	Time 0.657 (1.010)	Loss 11.5078 (9.8146)	Acc@1 15.663 (26.932)	Acc@5 42.169 (49.471)	Mem 1007MB
 * Acc@1 26.932 Acc@5 49.471
01/07 22:07:49 - mmengine - INFO - Loads checkpoint by http backend from path: https://download.openmmlab.com/mmclassification/v0/resnet/resnet50_8xb32_in1k_20210831-ea4938fc.pth
starting loop: img_size (112, 112)
Test: [0/391]	Time 1.709 (1.709)	Loss 2.0977 (2.0977)	Acc@1 69.531 (69.531)	Acc@5 83.594 (83.594)	Mem 1007MB
Test: [10/391]	Time 2.095 (1.585)	Loss 3.6445 (1.8361)	Acc@1 48.438 (70.384)	Acc@5 73.438 (86.577)	Mem 1007MB
Test: [20/391]	Time 1.292 (1.536)	Loss 2.5020 (2.4106)	Acc@1 65.625 (62.723)	Acc@5 80.469 (81.027)	Mem 1007MB
Test: [30/391]	Time 1.684 (1.544)	Loss 2.5977 (2.6099)	Acc@1 67.969 (59.249)	Acc@5 81.250 (79.612)	Mem 1007MB
Test: [40/391]	Time 1.304 (1.513)	Loss 2.0586 (2.3397)	Acc@1 62.500 (62.767)	Acc@5 80.469 (81.707)	Mem 1007MB
Test: [50/391]	Time 0.969 (1.493)	Loss 1.0605 (2.3616)	Acc@1 81.250 (62.286)	Acc@5 93.750 (81.618)	Mem 1007MB
Test: [60/391]	Time 1.138 (1.461)	Loss 2.6816 (2.2291)	Acc@1 65.625 (64.178)	Acc@5 86.719 (82.825)	Mem 1007MB
Test: [70/391]	Time 1.479 (1.445)	Loss 3.2520 (2.2732)	Acc@1 51.562 (63.655)	Acc@5 78.906 (83.462)	Mem 1007MB
Test: [80/391]	Time 1.864 (1.438)	Loss 2.6953 (2.3209)	Acc@1 58.594 (63.127)	Acc@5 82.812 (83.758)	Mem 1007MB
Test: [90/391]	Time 1.309 (1.432)	Loss 3.1230 (2.3348)	Acc@1 46.875 (63.376)	Acc@5 85.938 (84.109)	Mem 1007MB
Test: [100/391]	Time 1.243 (1.420)	Loss 2.7930 (2.3484)	Acc@1 57.031 (63.026)	Acc@5 85.156 (84.506)	Mem 1007MB
Test: [110/391]	Time 1.748 (1.432)	Loss 2.3438 (2.3529)	Acc@1 49.219 (62.887)	Acc@5 89.844 (84.896)	Mem 1007MB
Test: [120/391]	Time 1.360 (1.439)	Loss 3.0488 (2.3547)	Acc@1 53.906 (63.165)	Acc@5 79.688 (85.098)	Mem 1007MB
Test: [130/391]	Time 0.922 (1.439)	Loss 1.7949 (2.3534)	Acc@1 73.438 (63.311)	Acc@5 84.375 (84.894)	Mem 1007MB
Test: [140/391]	Time 1.577 (1.440)	Loss 3.1191 (2.3437)	Acc@1 52.344 (63.342)	Acc@5 80.469 (84.957)	Mem 1007MB
Test: [150/391]	Time 2.196 (1.451)	Loss 1.5752 (2.3259)	Acc@1 58.594 (63.545)	Acc@5 92.188 (85.120)	Mem 1007MB
Test: [160/391]	Time 1.571 (1.447)	Loss 2.1660 (2.3267)	Acc@1 56.250 (63.475)	Acc@5 79.688 (84.952)	Mem 1007MB
Test: [170/391]	Time 1.235 (1.439)	Loss 3.2637 (2.3697)	Acc@1 42.969 (62.678)	Acc@5 72.656 (84.366)	Mem 1007MB
Test: [180/391]	Time 1.289 (1.438)	Loss 3.6973 (2.4050)	Acc@1 42.188 (62.008)	Acc@5 75.781 (83.922)	Mem 1007MB
Test: [190/391]	Time 1.134 (1.439)	Loss 3.5039 (2.4379)	Acc@1 45.312 (61.338)	Acc@5 71.875 (83.451)	Mem 1007MB
Test: [200/391]	Time 1.135 (1.435)	Loss 2.9043 (2.4770)	Acc@1 42.188 (60.716)	Acc@5 74.219 (82.941)	Mem 1007MB
Test: [210/391]	Time 1.267 (1.428)	Loss 3.5078 (2.5054)	Acc@1 50.781 (60.212)	Acc@5 71.875 (82.620)	Mem 1007MB
Test: [220/391]	Time 1.500 (1.435)	Loss 1.8945 (2.5148)	Acc@1 67.188 (60.036)	Acc@5 84.375 (82.427)	Mem 1007MB
Test: [230/391]	Time 1.544 (1.436)	Loss 4.2773 (2.5326)	Acc@1 38.281 (59.791)	Acc@5 70.312 (82.207)	Mem 1007MB
Test: [240/391]	Time 1.437 (1.436)	Loss 2.3730 (2.5369)	Acc@1 64.062 (59.741)	Acc@5 78.906 (82.044)	Mem 1007MB
Test: [250/391]	Time 1.290 (1.430)	Loss 2.5078 (2.5652)	Acc@1 61.719 (59.244)	Acc@5 84.375 (81.779)	Mem 1007MB
Test: [260/391]	Time 1.484 (1.428)	Loss 2.2520 (2.5810)	Acc@1 60.938 (58.947)	Acc@5 83.594 (81.552)	Mem 1007MB
Test: [270/391]	Time 1.464 (1.426)	Loss 4.0625 (2.5913)	Acc@1 39.062 (58.807)	Acc@5 68.750 (81.429)	Mem 1007MB
Test: [280/391]	Time 1.249 (1.424)	Loss 2.8516 (2.5968)	Acc@1 50.781 (58.649)	Acc@5 78.906 (81.294)	Mem 1007MB
Test: [290/391]	Time 1.117 (1.422)	Loss 3.4336 (2.6071)	Acc@1 32.812 (58.492)	Acc@5 71.875 (81.100)	Mem 1007MB
Test: [300/391]	Time 1.241 (1.419)	Loss 2.7324 (2.6169)	Acc@1 58.594 (58.358)	Acc@5 76.562 (80.892)	Mem 1007MB
Test: [310/391]	Time 1.311 (1.419)	Loss 3.3574 (2.6375)	Acc@1 47.656 (58.089)	Acc@5 72.656 (80.650)	Mem 1007MB
Test: [320/391]	Time 1.202 (1.419)	Loss 2.1016 (2.6468)	Acc@1 67.188 (57.973)	Acc@5 77.344 (80.517)	Mem 1007MB
Test: [330/391]	Time 1.154 (1.415)	Loss 3.6992 (2.6743)	Acc@1 48.438 (57.588)	Acc@5 70.312 (80.162)	Mem 1007MB
Test: [340/391]	Time 1.632 (1.415)	Loss 1.7686 (2.6758)	Acc@1 64.062 (57.469)	Acc@5 89.062 (80.091)	Mem 1007MB
Test: [350/391]	Time 1.287 (1.412)	Loss 2.4434 (2.6786)	Acc@1 61.719 (57.312)	Acc@5 82.812 (79.999)	Mem 1007MB
Test: [360/391]	Time 1.279 (1.411)	Loss 2.7637 (2.6872)	Acc@1 42.188 (57.144)	Acc@5 78.125 (79.880)	Mem 1007MB
Test: [370/391]	Time 1.717 (1.413)	Loss 1.4854 (2.6717)	Acc@1 64.062 (57.238)	Acc@5 89.844 (80.001)	Mem 1007MB
Test: [380/391]	Time 1.441 (1.412)	Loss 1.4639 (2.6692)	Acc@1 67.188 (57.259)	Acc@5 92.188 (80.003)	Mem 1007MB
Test: [390/391]	Time 0.885 (1.413)	Loss 3.6953 (2.6462)	Acc@1 34.940 (57.501)	Acc@5 74.699 (80.199)	Mem 1007MB
 * Acc@1 57.501 Acc@5 80.199
01/07 22:17:02 - mmengine - INFO - Loads checkpoint by http backend from path: https://download.openmmlab.com/mmclassification/v0/resnet/resnet50_8xb32_in1k_20210831-ea4938fc.pth
starting loop: img_size (384, 384)
Test: [0/391]	Time 3.500 (3.500)	Loss 0.4902 (0.4902)	Acc@1 89.844 (89.844)	Acc@5 99.219 (99.219)	Mem 2572MB
Test: [10/391]	Time 2.576 (2.356)	Loss 0.9106 (0.5730)	Acc@1 79.688 (88.707)	Acc@5 97.656 (97.727)	Mem 2572MB
Test: [20/391]	Time 1.867 (2.188)	Loss 0.6445 (0.7089)	Acc@1 87.500 (84.226)	Acc@5 96.094 (96.726)	Mem 2572MB
Test: [30/391]	Time 2.291 (2.145)	Loss 1.0762 (0.8053)	Acc@1 75.781 (80.771)	Acc@5 91.406 (95.943)	Mem 2572MB
Test: [40/391]	Time 1.877 (2.091)	Loss 0.7886 (0.7493)	Acc@1 84.375 (82.736)	Acc@5 94.531 (96.170)	Mem 2572MB
Test: [50/391]	Time 1.917 (2.081)	Loss 0.4692 (0.7595)	Acc@1 92.969 (82.736)	Acc@5 98.438 (95.818)	Mem 2572MB
Test: [60/391]	Time 1.619 (2.054)	Loss 1.1328 (0.7365)	Acc@1 80.469 (83.696)	Acc@5 91.406 (96.017)	Mem 2572MB
Test: [70/391]	Time 1.849 (2.040)	Loss 1.1240 (0.7904)	Acc@1 77.344 (82.790)	Acc@5 96.094 (95.885)	Mem 2572MB
Test: [80/391]	Time 1.849 (2.025)	Loss 1.0684 (0.8281)	Acc@1 84.375 (82.070)	Acc@5 96.094 (95.872)	Mem 2572MB
Test: [90/391]	Time 1.967 (2.019)	Loss 1.3340 (0.8546)	Acc@1 68.750 (81.937)	Acc@5 95.312 (95.862)	Mem 2572MB
Test: [100/391]	Time 1.809 (2.006)	Loss 0.9478 (0.8650)	Acc@1 84.375 (81.907)	Acc@5 96.875 (95.993)	Mem 2572MB
Test: [110/391]	Time 2.358 (2.017)	Loss 1.3838 (0.8797)	Acc@1 53.906 (81.440)	Acc@5 96.094 (96.044)	Mem 2572MB
Test: [120/391]	Time 1.966 (2.024)	Loss 0.7168 (0.8712)	Acc@1 84.375 (81.650)	Acc@5 96.094 (96.107)	Mem 2572MB
Test: [130/391]	Time 1.849 (2.031)	Loss 0.4395 (0.8565)	Acc@1 93.750 (81.912)	Acc@5 99.219 (96.165)	Mem 2572MB
Test: [140/391]	Time 2.217 (2.022)	Loss 1.3164 (0.8542)	Acc@1 64.062 (81.843)	Acc@5 96.094 (96.249)	Mem 2572MB
Test: [150/391]	Time 2.800 (2.036)	Loss 0.8711 (0.8611)	Acc@1 72.656 (81.674)	Acc@5 95.312 (96.068)	Mem 2572MB
Test: [160/391]	Time 2.218 (2.035)	Loss 0.8018 (0.8611)	Acc@1 76.562 (81.497)	Acc@5 96.875 (96.016)	Mem 2572MB
Test: [170/391]	Time 1.772 (2.024)	Loss 1.6523 (0.8774)	Acc@1 62.500 (81.003)	Acc@5 85.938 (95.833)	Mem 2572MB
Test: [180/391]	Time 1.925 (2.022)	Loss 1.6143 (0.8979)	Acc@1 57.812 (80.572)	Acc@5 88.281 (95.593)	Mem 2572MB
Test: [190/391]	Time 1.794 (2.023)	Loss 1.4619 (0.9160)	Acc@1 67.188 (80.068)	Acc@5 92.188 (95.378)	Mem 2572MB
Test: [200/391]	Time 1.680 (2.019)	Loss 0.8247 (0.9339)	Acc@1 84.375 (79.637)	Acc@5 96.094 (95.075)	Mem 2572MB
Test: [210/391]	Time 1.999 (2.017)	Loss 1.0439 (0.9443)	Acc@1 75.781 (79.369)	Acc@5 92.969 (94.972)	Mem 2572MB
Test: [220/391]	Time 2.089 (2.010)	Loss 0.5537 (0.9474)	Acc@1 85.938 (79.299)	Acc@5 96.875 (94.871)	Mem 2572MB
Test: [230/391]	Time 2.145 (2.013)	Loss 1.6104 (0.9553)	Acc@1 63.281 (79.082)	Acc@5 85.156 (94.741)	Mem 2572MB
Test: [240/391]	Time 2.027 (2.014)	Loss 0.8916 (0.9580)	Acc@1 87.500 (79.117)	Acc@5 93.750 (94.638)	Mem 2572MB
Test: [250/391]	Time 1.924 (2.009)	Loss 0.6177 (0.9755)	Acc@1 85.156 (78.555)	Acc@5 98.438 (94.425)	Mem 2572MB
Test: [260/391]	Time 2.099 (2.008)	Loss 1.1768 (0.9870)	Acc@1 73.438 (78.275)	Acc@5 92.969 (94.313)	Mem 2572MB
Test: [270/391]	Time 2.139 (2.006)	Loss 1.5918 (0.9944)	Acc@1 64.844 (78.090)	Acc@5 89.844 (94.197)	Mem 2572MB
Test: [280/391]	Time 1.782 (2.005)	Loss 1.2207 (0.9966)	Acc@1 74.219 (78.097)	Acc@5 92.969 (94.170)	Mem 2572MB
Test: [290/391]	Time 1.805 (2.004)	Loss 1.3115 (1.0016)	Acc@1 57.812 (77.977)	Acc@5 92.969 (94.072)	Mem 2572MB
Test: [300/391]	Time 1.836 (2.000)	Loss 0.9092 (1.0058)	Acc@1 79.688 (77.923)	Acc@5 92.969 (94.015)	Mem 2572MB
Test: [310/391]	Time 1.850 (2.001)	Loss 0.9521 (1.0087)	Acc@1 78.125 (77.829)	Acc@5 95.312 (93.946)	Mem 2572MB
Test: [320/391]	Time 1.876 (2.002)	Loss 0.7432 (1.0151)	Acc@1 82.812 (77.667)	Acc@5 95.312 (93.855)	Mem 2572MB
Test: [330/391]	Time 1.823 (1.995)	Loss 1.3975 (1.0281)	Acc@1 67.969 (77.344)	Acc@5 88.281 (93.738)	Mem 2572MB
Test: [340/391]	Time 2.216 (1.994)	Loss 0.8926 (1.0331)	Acc@1 83.594 (77.259)	Acc@5 96.094 (93.695)	Mem 2572MB
Test: [350/391]	Time 1.876 (1.992)	Loss 1.0566 (1.0353)	Acc@1 83.594 (77.192)	Acc@5 92.188 (93.668)	Mem 2572MB
Test: [360/391]	Time 1.888 (1.992)	Loss 1.2256 (1.0394)	Acc@1 70.312 (77.062)	Acc@5 93.750 (93.618)	Mem 2572MB
Test: [370/391]	Time 2.302 (1.993)	Loss 1.0996 (1.0337)	Acc@1 64.844 (77.116)	Acc@5 96.094 (93.683)	Mem 2572MB
Test: [380/391]	Time 1.883 (1.990)	Loss 0.8779 (1.0337)	Acc@1 78.125 (77.069)	Acc@5 96.875 (93.658)	Mem 2572MB
Test: [390/391]	Time 1.309 (1.991)	Loss 1.3818 (1.0289)	Acc@1 50.602 (77.139)	Acc@5 90.361 (93.698)	Mem 2572MB
 * Acc@1 77.139 Acc@5 93.698
01/07 22:30:01 - mmengine - INFO - Loads checkpoint by http backend from path: https://download.openmmlab.com/mmclassification/v0/resnet/resnet50_8xb32_in1k_20210831-ea4938fc.pth
starting loop: img_size (512, 512)
Test: [0/391]	Time 3.895 (3.895)	Loss 0.7700 (0.7700)	Acc@1 87.500 (87.500)	Acc@5 99.219 (99.219)	Mem 4420MB
Test: [10/391]	Time 3.115 (2.815)	Loss 1.2070 (0.9043)	Acc@1 77.344 (86.719)	Acc@5 96.094 (97.159)	Mem 4420MB
Test: [20/391]	Time 2.387 (2.659)	Loss 0.9287 (1.0472)	Acc@1 90.625 (82.068)	Acc@5 95.312 (95.610)	Mem 4420MB
Test: [30/391]	Time 2.791 (2.624)	Loss 1.2676 (1.1278)	Acc@1 75.781 (78.805)	Acc@5 90.625 (94.960)	Mem 4420MB
Test: [40/391]	Time 2.494 (2.581)	Loss 1.1406 (1.0751)	Acc@1 82.812 (80.621)	Acc@5 92.188 (95.255)	Mem 4420MB
Test: [50/391]	Time 2.499 (2.587)	Loss 0.8018 (1.0857)	Acc@1 89.062 (80.239)	Acc@5 96.875 (94.669)	Mem 4420MB
Test: [60/391]	Time 2.276 (2.565)	Loss 1.7832 (1.0762)	Acc@1 77.344 (80.955)	Acc@5 92.188 (94.864)	Mem 4420MB
Test: [70/391]	Time 2.399 (2.551)	Loss 1.6582 (1.1583)	Acc@1 67.969 (79.621)	Acc@5 92.969 (94.575)	Mem 4420MB
Test: [80/391]	Time 2.344 (2.533)	Loss 1.7871 (1.2238)	Acc@1 75.781 (78.588)	Acc@5 92.969 (94.483)	Mem 4420MB
Test: [90/391]	Time 2.388 (2.524)	Loss 1.8945 (1.2733)	Acc@1 60.156 (78.357)	Acc@5 93.750 (94.394)	Mem 4420MB
Test: [100/391]	Time 2.321 (2.511)	Loss 1.6191 (1.2995)	Acc@1 82.031 (78.318)	Acc@5 94.531 (94.539)	Mem 4420MB
Test: [110/391]	Time 2.884 (2.518)	Loss 1.7383 (1.3210)	Acc@1 57.031 (77.928)	Acc@5 91.406 (94.545)	Mem 4420MB
Test: [120/391]	Time 2.514 (2.526)	Loss 1.0332 (1.3053)	Acc@1 85.156 (78.202)	Acc@5 96.875 (94.628)	Mem 4420MB
Test: [130/391]	Time 2.359 (2.534)	Loss 0.7988 (1.2830)	Acc@1 92.188 (78.507)	Acc@5 98.438 (94.710)	Mem 4420MB
Test: [140/391]	Time 3.064 (2.529)	Loss 1.7500 (1.2778)	Acc@1 60.156 (78.385)	Acc@5 95.312 (94.825)	Mem 4420MB
Test: [150/391]	Time 3.378 (2.539)	Loss 1.2451 (1.2841)	Acc@1 67.188 (78.161)	Acc@5 93.750 (94.614)	Mem 4420MB
Test: [160/391]	Time 2.721 (2.537)	Loss 1.0791 (1.2775)	Acc@1 75.000 (78.067)	Acc@5 95.312 (94.580)	Mem 4420MB
Test: [170/391]	Time 2.294 (2.534)	Loss 2.0859 (1.2931)	Acc@1 57.031 (77.549)	Acc@5 85.156 (94.362)	Mem 4420MB
Test: [180/391]	Time 2.506 (2.533)	Loss 1.8730 (1.3131)	Acc@1 52.344 (77.063)	Acc@5 85.156 (94.082)	Mem 4420MB
Test: [190/391]	Time 2.302 (2.534)	Loss 1.8174 (1.3294)	Acc@1 62.500 (76.607)	Acc@5 88.281 (93.828)	Mem 4420MB
Test: [200/391]	Time 2.242 (2.530)	Loss 1.2920 (1.3442)	Acc@1 75.000 (76.232)	Acc@5 96.094 (93.536)	Mem 4420MB
Test: [210/391]	Time 2.526 (2.529)	Loss 1.3486 (1.3535)	Acc@1 74.219 (75.937)	Acc@5 92.188 (93.435)	Mem 4420MB
Test: [220/391]	Time 2.612 (2.527)	Loss 0.8833 (1.3550)	Acc@1 83.594 (75.880)	Acc@5 95.312 (93.319)	Mem 4420MB
Test: [230/391]	Time 2.645 (2.532)	Loss 1.9775 (1.3611)	Acc@1 60.938 (75.781)	Acc@5 85.938 (93.192)	Mem 4420MB
Test: [240/391]	Time 2.570 (2.527)	Loss 1.2617 (1.3642)	Acc@1 84.375 (75.814)	Acc@5 94.531 (93.079)	Mem 4420MB
Test: [250/391]	Time 2.452 (2.522)	Loss 0.9146 (1.3817)	Acc@1 82.812 (75.280)	Acc@5 96.875 (92.844)	Mem 4420MB
Test: [260/391]	Time 2.632 (2.520)	Loss 1.7256 (1.3938)	Acc@1 64.844 (75.024)	Acc@5 88.281 (92.723)	Mem 4420MB
Test: [270/391]	Time 2.587 (2.517)	Loss 1.9639 (1.4023)	Acc@1 60.938 (74.847)	Acc@5 89.062 (92.577)	Mem 4420MB
Test: [280/391]	Time 2.304 (2.516)	Loss 1.6582 (1.4041)	Acc@1 68.750 (74.855)	Acc@5 92.969 (92.574)	Mem 4420MB
Test: [290/391]	Time 2.206 (2.514)	Loss 1.6758 (1.4081)	Acc@1 54.688 (74.702)	Acc@5 92.188 (92.486)	Mem 4420MB
Test: [300/391]	Time 2.302 (2.507)	Loss 1.2295 (1.4118)	Acc@1 79.688 (74.668)	Acc@5 89.844 (92.437)	Mem 4420MB
Test: [310/391]	Time 2.345 (2.508)	Loss 1.3291 (1.4146)	Acc@1 77.344 (74.596)	Acc@5 96.094 (92.358)	Mem 4420MB
Test: [320/391]	Time 2.286 (2.509)	Loss 1.1582 (1.4186)	Acc@1 83.594 (74.491)	Acc@5 94.531 (92.280)	Mem 4420MB
Test: [330/391]	Time 2.322 (2.505)	Loss 1.7949 (1.4342)	Acc@1 62.500 (74.169)	Acc@5 87.500 (92.119)	Mem 4420MB
Test: [340/391]	Time 2.751 (2.503)	Loss 1.3154 (1.4401)	Acc@1 80.469 (74.068)	Acc@5 95.312 (92.050)	Mem 4420MB
Test: [350/391]	Time 2.369 (2.502)	Loss 1.4814 (1.4422)	Acc@1 77.344 (74.007)	Acc@5 92.188 (92.014)	Mem 4420MB
Test: [360/391]	Time 2.432 (2.501)	Loss 1.3965 (1.4434)	Acc@1 69.531 (73.909)	Acc@5 92.969 (91.980)	Mem 4420MB
Test: [370/391]	Time 2.823 (2.501)	Loss 1.4150 (1.4350)	Acc@1 66.406 (73.989)	Acc@5 92.969 (92.044)	Mem 4420MB
Test: [380/391]	Time 2.387 (2.499)	Loss 1.1523 (1.4326)	Acc@1 78.125 (73.971)	Acc@5 93.750 (92.046)	Mem 4420MB
Test: [390/391]	Time 1.557 (2.499)	Loss 1.7676 (1.4260)	Acc@1 51.807 (74.054)	Acc@5 87.952 (92.084)	Mem 4420MB
 * Acc@1 74.054 Acc@5 92.084
01/07 22:46:18 - mmengine - INFO - Loads checkpoint by http backend from path: https://download.openmmlab.com/mmclassification/v0/resnet/resnet50_8xb32_in1k_20210831-ea4938fc.pth
starting loop: img_size (640, 640)
Test: [0/391]	Time 5.733 (5.733)	Loss 1.0977 (1.0977)	Acc@1 83.594 (83.594)	Acc@5 96.875 (96.875)	Mem 6796MB
Test: [10/391]	Time 3.791 (3.675)	Loss 1.5605 (1.2563)	Acc@1 75.781 (83.523)	Acc@5 90.625 (95.526)	Mem 6796MB
Test: [20/391]	Time 3.043 (3.432)	Loss 1.3350 (1.4267)	Acc@1 86.719 (78.683)	Acc@5 93.750 (93.564)	Mem 6796MB
Test: [30/391]	Time 3.027 (3.359)	Loss 1.5459 (1.4913)	Acc@1 66.406 (75.202)	Acc@5 90.625 (93.170)	Mem 6796MB
Test: [40/391]	Time 3.106 (3.317)	Loss 1.5400 (1.4402)	Acc@1 81.250 (76.982)	Acc@5 91.406 (93.483)	Mem 6796MB
Test: [50/391]	Time 3.146 (3.308)	Loss 1.1553 (1.4515)	Acc@1 84.375 (76.792)	Acc@5 96.875 (92.953)	Mem 6796MB
Test: [60/391]	Time 2.957 (3.272)	Loss 2.3066 (1.4480)	Acc@1 73.438 (77.536)	Acc@5 92.188 (93.174)	Mem 6796MB
Test: [70/391]	Time 3.085 (3.256)	Loss 2.1289 (1.5453)	Acc@1 64.062 (76.199)	Acc@5 89.844 (92.760)	Mem 6796MB
Test: [80/391]	Time 3.077 (3.237)	Loss 2.3926 (1.6321)	Acc@1 71.875 (74.836)	Acc@5 89.844 (92.467)	Mem 6796MB
Test: [90/391]	Time 3.276 (3.227)	Loss 2.3750 (1.6966)	Acc@1 53.906 (74.433)	Acc@5 89.844 (92.333)	Mem 6796MB
Test: [100/391]	Time 2.966 (3.211)	Loss 2.2305 (1.7335)	Acc@1 71.094 (74.343)	Acc@5 93.750 (92.528)	Mem 6796MB
Test: [110/391]	Time 3.568 (3.225)	Loss 2.0762 (1.7618)	Acc@1 53.906 (73.916)	Acc@5 90.625 (92.490)	Mem 6796MB
Test: [120/391]	Time 3.136 (3.234)	Loss 1.3936 (1.7425)	Acc@1 80.469 (74.245)	Acc@5 96.094 (92.575)	Mem 6796MB
Test: [130/391]	Time 3.040 (3.240)	Loss 1.2197 (1.7165)	Acc@1 91.406 (74.648)	Acc@5 98.438 (92.718)	Mem 6796MB
Test: [140/391]	Time 3.211 (3.223)	Loss 2.1914 (1.7108)	Acc@1 59.375 (74.618)	Acc@5 93.750 (92.819)	Mem 6796MB
Test: [150/391]	Time 4.030 (3.232)	Loss 1.5938 (1.7176)	Acc@1 63.281 (74.255)	Acc@5 92.188 (92.550)	Mem 6796MB
Test: [160/391]	Time 3.401 (3.229)	Loss 1.4629 (1.7069)	Acc@1 75.000 (74.253)	Acc@5 94.531 (92.532)	Mem 6796MB
Test: [170/391]	Time 2.939 (3.221)	Loss 2.4766 (1.7236)	Acc@1 54.688 (73.826)	Acc@5 84.375 (92.293)	Mem 6796MB
Test: [180/391]	Time 3.167 (3.221)	Loss 2.2695 (1.7444)	Acc@1 46.875 (73.286)	Acc@5 82.812 (91.972)	Mem 6796MB
Test: [190/391]	Time 3.012 (3.223)	Loss 2.2168 (1.7592)	Acc@1 57.031 (72.820)	Acc@5 85.156 (91.693)	Mem 6796MB
Test: [200/391]	Time 2.851 (3.217)	Loss 1.8340 (1.7739)	Acc@1 71.875 (72.419)	Acc@5 95.312 (91.433)	Mem 6796MB
Test: [210/391]	Time 3.142 (3.216)	Loss 1.7119 (1.7843)	Acc@1 70.312 (72.145)	Acc@5 91.406 (91.295)	Mem 6796MB
Test: [220/391]	Time 3.324 (3.213)	Loss 1.2568 (1.7864)	Acc@1 82.031 (72.076)	Acc@5 94.531 (91.180)	Mem 6796MB
Test: [230/391]	Time 3.324 (3.217)	Loss 2.3672 (1.7938)	Acc@1 60.938 (71.983)	Acc@5 84.375 (91.065)	Mem 6796MB
Test: [240/391]	Time 3.205 (3.217)	Loss 1.7021 (1.7982)	Acc@1 80.469 (71.995)	Acc@5 94.531 (90.975)	Mem 6796MB
Test: [250/391]	Time 3.094 (3.207)	Loss 1.3174 (1.8159)	Acc@1 82.031 (71.455)	Acc@5 94.531 (90.740)	Mem 6796MB
Test: [260/391]	Time 3.343 (3.202)	Loss 2.2402 (1.8281)	Acc@1 59.375 (71.202)	Acc@5 85.156 (90.604)	Mem 6796MB
Test: [270/391]	Time 3.328 (3.200)	Loss 2.4023 (1.8368)	Acc@1 60.156 (71.068)	Acc@5 87.500 (90.498)	Mem 6796MB
Test: [280/391]	Time 2.962 (3.197)	Loss 2.1758 (1.8394)	Acc@1 63.281 (71.074)	Acc@5 90.625 (90.486)	Mem 6796MB
Test: [290/391]	Time 2.995 (3.193)	Loss 2.1230 (1.8441)	Acc@1 53.125 (70.941)	Acc@5 85.938 (90.378)	Mem 6796MB
Test: [300/391]	Time 2.989 (3.188)	Loss 1.6074 (1.8491)	Acc@1 77.344 (70.899)	Acc@5 88.281 (90.295)	Mem 6796MB
Test: [310/391]	Time 3.001 (3.189)	Loss 1.8008 (1.8528)	Acc@1 73.438 (70.875)	Acc@5 95.312 (90.231)	Mem 6796MB
Test: [320/391]	Time 2.960 (3.190)	Loss 1.5947 (1.8550)	Acc@1 85.156 (70.807)	Acc@5 93.750 (90.165)	Mem 6796MB
Test: [330/391]	Time 3.034 (3.187)	Loss 2.3105 (1.8721)	Acc@1 62.500 (70.492)	Acc@5 87.500 (89.981)	Mem 6796MB
Test: [340/391]	Time 3.400 (3.185)	Loss 1.7510 (1.8791)	Acc@1 78.125 (70.381)	Acc@5 93.750 (89.903)	Mem 6796MB
Test: [350/391]	Time 3.080 (3.183)	Loss 1.9727 (1.8817)	Acc@1 72.656 (70.359)	Acc@5 90.625 (89.848)	Mem 6796MB
Test: [360/391]	Time 3.082 (3.181)	Loss 1.6875 (1.8806)	Acc@1 71.094 (70.328)	Acc@5 93.750 (89.820)	Mem 6796MB
Test: [370/391]	Time 3.471 (3.182)	Loss 1.6758 (1.8695)	Acc@1 60.938 (70.422)	Acc@5 92.969 (89.894)	Mem 6796MB
Test: [380/391]	Time 3.082 (3.178)	Loss 1.4980 (1.8647)	Acc@1 75.781 (70.446)	Acc@5 94.531 (89.913)	Mem 6796MB
Test: [390/391]	Time 1.978 (3.175)	Loss 2.2051 (1.8562)	Acc@1 49.398 (70.564)	Acc@5 84.337 (89.959)	Mem 6796MB
 * Acc@1 70.564 Acc@5 89.959
01/07 23:07:00 - mmengine - INFO - Loads checkpoint by http backend from path: https://download.openmmlab.com/mmclassification/v0/resnet/resnet50_8xb32_in1k_20210831-ea4938fc.pth
starting loop: img_size (768, 768)
Test: [0/521]	Time 3.157 (3.157)	Loss 1.4268 (1.4268)	Acc@1 87.500 (87.500)	Acc@5 96.875 (96.875)	Mem 7324MB
Test: [10/521]	Time 2.969 (2.979)	Loss 1.4062 (1.5777)	Acc@1 86.458 (80.114)	Acc@5 94.792 (94.602)	Mem 7324MB
Test: [20/521]	Time 2.825 (2.985)	Loss 2.0547 (1.7286)	Acc@1 67.708 (76.190)	Acc@5 90.625 (92.113)	Mem 7324MB
Test: [30/521]	Time 2.849 (2.975)	Loss 2.1934 (1.8114)	Acc@1 68.750 (73.824)	Acc@5 90.625 (91.230)	Mem 7324MB
Test: [40/521]	Time 2.621 (2.972)	Loss 1.6660 (1.8219)	Acc@1 62.500 (71.773)	Acc@5 88.542 (90.777)	Mem 7324MB
Test: [50/521]	Time 2.909 (2.959)	Loss 1.8203 (1.7883)	Acc@1 71.875 (73.243)	Acc@5 90.625 (90.788)	Mem 7324MB
Test: [60/521]	Time 3.021 (2.948)	Loss 1.4414 (1.7630)	Acc@1 84.375 (73.719)	Acc@5 94.792 (90.932)	Mem 7324MB
Test: [70/521]	Time 2.971 (2.942)	Loss 1.6279 (1.7819)	Acc@1 72.917 (73.504)	Acc@5 88.542 (90.581)	Mem 7324MB
Test: [80/521]	Time 2.751 (2.909)	Loss 2.6094 (1.7834)	Acc@1 73.958 (73.920)	Acc@5 92.708 (90.882)	Mem 7324MB
Test: [90/521]	Time 2.881 (2.909)	Loss 2.5469 (1.8701)	Acc@1 66.667 (73.031)	Acc@5 90.625 (90.682)	Mem 7324MB
Test: [100/521]	Time 2.852 (2.917)	Loss 2.8242 (1.9442)	Acc@1 55.208 (71.679)	Acc@5 88.542 (90.161)	Mem 7324MB
Test: [110/521]	Time 2.999 (2.917)	Loss 2.7285 (2.0107)	Acc@1 66.667 (70.955)	Acc@5 87.500 (90.090)	Mem 7324MB
Test: [120/521]	Time 2.874 (2.914)	Loss 2.6953 (2.0585)	Acc@1 51.042 (70.704)	Acc@5 89.583 (90.031)	Mem 7324MB
Test: [130/521]	Time 2.845 (2.899)	Loss 2.4453 (2.0983)	Acc@1 66.667 (70.356)	Acc@5 94.792 (90.076)	Mem 7324MB
Test: [140/521]	Time 3.309 (2.880)	Loss 2.2852 (2.1222)	Acc@1 68.750 (70.309)	Acc@5 91.667 (90.219)	Mem 7324MB
Test: [150/521]	Time 2.532 (2.873)	Loss 1.6680 (2.1351)	Acc@1 75.000 (69.964)	Acc@5 95.833 (90.039)	Mem 7324MB
Test: [160/521]	Time 2.917 (2.873)	Loss 1.7227 (2.1205)	Acc@1 76.042 (70.186)	Acc@5 92.708 (90.172)	Mem 7324MB
Test: [170/521]	Time 3.109 (2.883)	Loss 1.4893 (2.0980)	Acc@1 79.167 (70.443)	Acc@5 90.625 (90.266)	Mem 7324MB
Test: [180/521]	Time 2.926 (2.886)	Loss 2.1211 (2.0898)	Acc@1 68.750 (70.782)	Acc@5 92.708 (90.343)	Mem 7324MB
Test: [190/521]	Time 2.688 (2.876)	Loss 2.1328 (2.0892)	Acc@1 69.792 (70.686)	Acc@5 83.333 (90.347)	Mem 7324MB
Test: [200/521]	Time 3.957 (2.893)	Loss 1.8623 (2.0950)	Acc@1 63.542 (70.129)	Acc@5 87.500 (90.102)	Mem 7324MB
Test: [210/521]	Time 2.617 (2.891)	Loss 1.3438 (2.0851)	Acc@1 83.333 (70.103)	Acc@5 96.875 (90.057)	Mem 7324MB
Test: [220/521]	Time 2.899 (2.889)	Loss 2.1504 (2.0948)	Acc@1 71.875 (69.886)	Acc@5 88.542 (89.913)	Mem 7324MB
Test: [230/521]	Time 3.108 (2.889)	Loss 2.2520 (2.1019)	Acc@1 63.542 (69.692)	Acc@5 87.500 (89.800)	Mem 7324MB
Test: [240/521]	Time 2.898 (2.885)	Loss 2.3730 (2.1191)	Acc@1 50.000 (69.325)	Acc@5 83.333 (89.514)	Mem 7324MB
Test: [250/521]	Time 2.887 (2.888)	Loss 2.4336 (2.1325)	Acc@1 64.583 (69.082)	Acc@5 83.333 (89.231)	Mem 7324MB
Test: [260/521]	Time 2.924 (2.887)	Loss 2.2578 (2.1416)	Acc@1 62.500 (68.706)	Acc@5 84.375 (89.029)	Mem 7324MB
Test: [270/521]	Time 2.938 (2.887)	Loss 2.4414 (2.1574)	Acc@1 64.583 (68.358)	Acc@5 83.333 (88.899)	Mem 7324MB
Test: [280/521]	Time 2.889 (2.888)	Loss 1.9404 (2.1621)	Acc@1 65.625 (68.201)	Acc@5 90.625 (88.820)	Mem 7324MB
Test: [290/521]	Time 4.163 (2.891)	Loss 2.7344 (2.1682)	Acc@1 58.333 (68.038)	Acc@5 81.250 (88.663)	Mem 7324MB
Test: [300/521]	Time 2.887 (2.887)	Loss 1.2334 (2.1638)	Acc@1 80.208 (68.189)	Acc@5 94.792 (88.663)	Mem 7324MB
Test: [310/521]	Time 3.175 (2.895)	Loss 2.9766 (2.1779)	Acc@1 43.750 (67.906)	Acc@5 70.833 (88.461)	Mem 7324MB
Test: [320/521]	Time 3.050 (2.896)	Loss 2.0371 (2.1805)	Acc@1 79.167 (68.017)	Acc@5 91.667 (88.399)	Mem 7324MB
Test: [330/521]	Time 3.065 (2.890)	Loss 3.4277 (2.1959)	Acc@1 44.792 (67.664)	Acc@5 69.792 (88.186)	Mem 7324MB
Test: [340/521]	Time 2.821 (2.891)	Loss 2.7793 (2.2033)	Acc@1 55.208 (67.418)	Acc@5 84.375 (88.035)	Mem 7324MB
Test: [350/521]	Time 2.859 (2.885)	Loss 2.5586 (2.2087)	Acc@1 59.375 (67.299)	Acc@5 85.417 (88.055)	Mem 7324MB
Test: [360/521]	Time 3.049 (2.887)	Loss 2.9805 (2.2184)	Acc@1 47.917 (67.074)	Acc@5 82.292 (87.892)	Mem 7324MB
Test: [370/521]	Time 2.817 (2.888)	Loss 3.1348 (2.2238)	Acc@1 47.917 (67.034)	Acc@5 81.250 (87.854)	Mem 7324MB
Test: [380/521]	Time 2.822 (2.886)	Loss 2.8398 (2.2225)	Acc@1 54.167 (67.077)	Acc@5 79.167 (87.836)	Mem 7324MB
Test: [390/521]	Time 2.739 (2.880)	Loss 2.4785 (2.2287)	Acc@1 66.667 (66.944)	Acc@5 93.750 (87.750)	Mem 7324MB
Test: [400/521]	Time 1.930 (2.874)	Loss 1.8838 (2.2327)	Acc@1 72.917 (66.885)	Acc@5 86.458 (87.674)	Mem 7324MB
Test: [410/521]	Time 2.986 (2.863)	Loss 2.2422 (2.2370)	Acc@1 64.583 (66.783)	Acc@5 86.458 (87.576)	Mem 7324MB
Test: [420/521]	Time 3.568 (2.865)	Loss 2.6211 (2.2374)	Acc@1 60.417 (66.815)	Acc@5 79.167 (87.545)	Mem 7324MB
Test: [430/521]	Time 1.923 (2.863)	Loss 2.9824 (2.2412)	Acc@1 50.000 (66.688)	Acc@5 73.958 (87.488)	Mem 7324MB
Test: [440/521]	Time 2.087 (2.862)	Loss 2.8223 (2.2550)	Acc@1 61.458 (66.440)	Acc@5 83.333 (87.320)	Mem 7324MB
Test: [450/521]	Time 2.842 (2.862)	Loss 3.0215 (2.2610)	Acc@1 43.750 (66.336)	Acc@5 78.125 (87.253)	Mem 7324MB
Test: [460/521]	Time 2.890 (2.863)	Loss 2.7148 (2.2643)	Acc@1 50.000 (66.330)	Acc@5 69.792 (87.227)	Mem 7324MB
Test: [470/521]	Time 3.016 (2.860)	Loss 2.2480 (2.2659)	Acc@1 68.750 (66.306)	Acc@5 83.333 (87.177)	Mem 7324MB
Test: [480/521]	Time 2.870 (2.851)	Loss 1.8057 (2.2630)	Acc@1 75.000 (66.335)	Acc@5 92.708 (87.208)	Mem 7324MB
Test: [490/521]	Time 2.820 (2.844)	Loss 1.6748 (2.2536)	Acc@1 78.125 (66.435)	Acc@5 94.792 (87.292)	Mem 7324MB
Test: [500/521]	Time 2.864 (2.839)	Loss 2.4434 (2.2420)	Acc@1 53.125 (66.586)	Acc@5 85.417 (87.371)	Mem 7324MB
Test: [510/521]	Time 3.299 (2.836)	Loss 2.2812 (2.2455)	Acc@1 70.833 (66.463)	Acc@5 88.542 (87.359)	Mem 7324MB
Test: [520/521]	Time 2.522 (2.839)	Loss 2.6328 (2.2330)	Acc@1 50.602 (66.686)	Acc@5 81.928 (87.437)	Mem 7324MB
 * Acc@1 66.686 Acc@5 87.437
01/07 23:31:40 - mmengine - INFO - Loads checkpoint by http backend from path: https://download.openmmlab.com/mmclassification/v0/resnet/resnet50_8xb32_in1k_20210831-ea4938fc.pth
starting loop: img_size (1024, 1024)
Test: [0/695]	Time 2.890 (2.890)	Loss 2.0137 (2.0137)	Acc@1 80.556 (80.556)	Acc@5 97.222 (97.222)	Mem 9700MB
Test: [10/695]	Time 3.336 (3.166)	Loss 2.2422 (2.2566)	Acc@1 69.444 (67.172)	Acc@5 95.833 (90.657)	Mem 9700MB
Test: [20/695]	Time 3.287 (3.273)	Loss 2.1641 (2.2646)	Acc@1 81.944 (69.048)	Acc@5 93.056 (90.013)	Mem 9700MB
Test: [30/695]	Time 3.238 (3.288)	Loss 2.5449 (2.4108)	Acc@1 65.278 (64.561)	Acc@5 87.500 (87.590)	Mem 9700MB
Test: [40/695]	Time 3.395 (3.294)	Loss 2.8516 (2.4987)	Acc@1 51.389 (61.822)	Acc@5 80.556 (85.908)	Mem 9700MB
Test: [50/695]	Time 3.648 (3.294)	Loss 1.6240 (2.4823)	Acc@1 56.944 (61.002)	Acc@5 93.056 (85.757)	Mem 9700MB
Test: [60/695]	Time 3.290 (3.303)	Loss 2.3262 (2.4590)	Acc@1 72.222 (61.157)	Acc@5 94.444 (85.861)	Mem 9700MB
Test: [70/695]	Time 3.255 (3.297)	Loss 2.0273 (2.4266)	Acc@1 75.000 (62.735)	Acc@5 90.278 (85.994)	Mem 9700MB
Test: [80/695]	Time 3.391 (3.245)	Loss 1.8145 (2.3978)	Acc@1 76.389 (63.152)	Acc@5 95.833 (86.060)	Mem 9700MB
Test: [90/695]	Time 2.671 (3.186)	Loss 1.9590 (2.4226)	Acc@1 83.333 (62.958)	Acc@5 93.056 (85.730)	Mem 9700MB
Test: [100/695]	Time 3.286 (3.138)	Loss 2.2637 (2.4110)	Acc@1 63.889 (63.353)	Acc@5 88.889 (85.905)	Mem 9700MB
Test: [110/695]	Time 3.205 (3.146)	Loss 3.3086 (2.4374)	Acc@1 38.889 (63.176)	Acc@5 88.889 (86.099)	Mem 9700MB
Test: [120/695]	Time 3.157 (3.150)	Loss 3.2793 (2.5021)	Acc@1 52.778 (62.454)	Acc@5 84.722 (85.721)	Mem 9700MB
Test: [130/695]	Time 3.248 (3.139)	Loss 3.5898 (2.5572)	Acc@1 31.944 (61.843)	Acc@5 73.611 (85.231)	Mem 9700MB
Test: [140/695]	Time 3.232 (3.123)	Loss 3.3086 (2.6128)	Acc@1 48.611 (60.825)	Acc@5 86.111 (84.712)	Mem 9700MB
Test: [150/695]	Time 2.369 (3.087)	Loss 2.9844 (2.6609)	Acc@1 76.389 (60.688)	Acc@5 91.667 (84.566)	Mem 9700MB
Test: [160/695]	Time 2.866 (3.083)	Loss 3.5488 (2.6979)	Acc@1 47.222 (60.395)	Acc@5 77.778 (84.334)	Mem 9700MB
Test: [170/695]	Time 2.149 (3.071)	Loss 3.2441 (2.7341)	Acc@1 66.667 (59.998)	Acc@5 88.889 (84.251)	Mem 9700MB
Test: [180/695]	Time 3.233 (3.064)	Loss 3.0723 (2.7557)	Acc@1 61.111 (59.968)	Acc@5 88.889 (84.262)	Mem 9700MB
Test: [190/695]	Time 2.264 (3.068)	Loss 3.0840 (2.7844)	Acc@1 61.111 (59.366)	Acc@5 86.111 (84.039)	Mem 9700MB
Test: [200/695]	Time 3.200 (3.062)	Loss 2.4570 (2.7928)	Acc@1 59.722 (59.218)	Acc@5 86.111 (83.914)	Mem 9700MB
Test: [210/695]	Time 3.400 (3.064)	Loss 2.5527 (2.7862)	Acc@1 54.167 (59.255)	Acc@5 88.889 (83.834)	Mem 9700MB
Test: [220/695]	Time 3.438 (3.062)	Loss 1.9014 (2.7859)	Acc@1 72.222 (58.999)	Acc@5 93.056 (83.679)	Mem 9700MB
Test: [230/695]	Time 3.331 (3.070)	Loss 2.4883 (2.7599)	Acc@1 65.278 (59.380)	Acc@5 93.056 (83.880)	Mem 9700MB
Test: [240/695]	Time 3.182 (3.061)	Loss 3.2715 (2.7554)	Acc@1 44.444 (59.728)	Acc@5 79.167 (84.036)	Mem 9700MB
Test: [250/695]	Time 2.656 (3.066)	Loss 3.4453 (2.7532)	Acc@1 31.944 (59.656)	Acc@5 68.056 (84.097)	Mem 9700MB
Test: [260/695]	Time 3.067 (3.059)	Loss 3.1504 (2.7603)	Acc@1 38.889 (59.344)	Acc@5 68.056 (83.802)	Mem 9700MB
Test: [270/695]	Time 3.445 (3.054)	Loss 2.2246 (2.7554)	Acc@1 77.778 (59.143)	Acc@5 90.278 (83.702)	Mem 9700MB
Test: [280/695]	Time 2.379 (3.042)	Loss 1.9980 (2.7470)	Acc@1 69.444 (59.193)	Acc@5 86.111 (83.660)	Mem 9700MB
Test: [290/695]	Time 2.824 (3.032)	Loss 2.5664 (2.7522)	Acc@1 66.667 (59.073)	Acc@5 88.889 (83.543)	Mem 9700MB
Test: [300/695]	Time 3.228 (3.026)	Loss 3.3770 (2.7589)	Acc@1 47.222 (59.141)	Acc@5 76.389 (83.523)	Mem 9700MB
Test: [310/695]	Time 3.138 (3.025)	Loss 3.6211 (2.7730)	Acc@1 33.333 (58.825)	Acc@5 69.444 (83.311)	Mem 9700MB
Test: [320/695]	Time 2.481 (3.012)	Loss 2.8301 (2.7839)	Acc@1 48.611 (58.615)	Acc@5 81.944 (83.065)	Mem 9700MB
Test: [330/695]	Time 2.364 (3.010)	Loss 2.2422 (2.7953)	Acc@1 80.556 (58.518)	Acc@5 93.056 (82.868)	Mem 9700MB
Test: [340/695]	Time 2.920 (3.005)	Loss 2.2480 (2.7998)	Acc@1 61.111 (58.215)	Acc@5 80.556 (82.731)	Mem 9700MB
Test: [350/695]	Time 3.174 (3.005)	Loss 3.7930 (2.8143)	Acc@1 38.889 (57.902)	Acc@5 68.056 (82.459)	Mem 9700MB
Test: [360/695]	Time 2.293 (3.002)	Loss 3.3164 (2.8241)	Acc@1 54.167 (57.591)	Acc@5 75.000 (82.379)	Mem 9700MB
Test: [370/695]	Time 3.274 (2.992)	Loss 1.6631 (2.8326)	Acc@1 81.944 (57.412)	Acc@5 95.833 (82.244)	Mem 9700MB
Test: [380/695]	Time 2.099 (2.978)	Loss 2.2090 (2.8325)	Acc@1 50.000 (57.367)	Acc@5 88.889 (82.196)	Mem 9700MB
Test: [390/695]	Time 3.249 (2.981)	Loss 2.9004 (2.8384)	Acc@1 61.111 (57.300)	Acc@5 83.333 (82.101)	Mem 9700MB
Test: [400/695]	Time 3.161 (2.987)	Loss 1.6914 (2.8373)	Acc@1 79.167 (57.443)	Acc@5 93.056 (82.128)	Mem 9700MB
Test: [410/695]	Time 2.222 (2.993)	Loss 2.5488 (2.8487)	Acc@1 56.944 (57.195)	Acc@5 81.944 (81.921)	Mem 9700MB
Test: [420/695]	Time 3.055 (2.997)	Loss 2.8418 (2.8577)	Acc@1 58.333 (57.043)	Acc@5 81.944 (81.875)	Mem 9700MB
Test: [430/695]	Time 3.196 (2.995)	Loss 3.8477 (2.8600)	Acc@1 30.556 (57.073)	Acc@5 58.333 (81.799)	Mem 9700MB
Test: [440/695]	Time 3.192 (2.983)	Loss 3.9297 (2.8667)	Acc@1 34.722 (56.907)	Acc@5 65.278 (81.689)	Mem 9700MB
Test: [450/695]	Time 3.091 (2.987)	Loss 3.0762 (2.8697)	Acc@1 51.389 (56.790)	Acc@5 79.167 (81.600)	Mem 9700MB
Test: [460/695]	Time 2.168 (2.981)	Loss 2.8398 (2.8770)	Acc@1 66.667 (56.728)	Acc@5 84.722 (81.526)	Mem 9700MB
Test: [470/695]	Time 3.188 (2.982)	Loss 3.3613 (2.8841)	Acc@1 52.778 (56.591)	Acc@5 79.167 (81.458)	Mem 9700MB
Test: [480/695]	Time 3.421 (2.984)	Loss 3.7695 (2.8856)	Acc@1 37.500 (56.575)	Acc@5 70.833 (81.381)	Mem 9700MB
Test: [490/695]	Time 3.709 (2.986)	Loss 3.6016 (2.8878)	Acc@1 52.778 (56.613)	Acc@5 73.611 (81.350)	Mem 9700MB
Test: [500/695]	Time 2.983 (2.993)	Loss 2.6660 (2.8910)	Acc@1 61.111 (56.570)	Acc@5 81.944 (81.304)	Mem 9700MB
Test: [510/695]	Time 2.688 (2.984)	Loss 3.2383 (2.8954)	Acc@1 41.667 (56.501)	Acc@5 72.222 (81.211)	Mem 9700MB
Test: [520/695]	Time 3.225 (2.982)	Loss 3.0215 (2.8966)	Acc@1 58.333 (56.539)	Acc@5 86.111 (81.211)	Mem 9700MB
Test: [530/695]	Time 2.345 (2.973)	Loss 2.8906 (2.9008)	Acc@1 51.389 (56.484)	Acc@5 79.167 (81.160)	Mem 9700MB
Test: [540/695]	Time 2.236 (2.966)	Loss 3.7793 (2.9074)	Acc@1 37.500 (56.395)	Acc@5 69.444 (81.051)	Mem 9700MB
Test: [550/695]	Time 2.193 (2.966)	Loss 3.7109 (2.9085)	Acc@1 50.000 (56.387)	Acc@5 69.444 (81.027)	Mem 9700MB
Test: [560/695]	Time 3.631 (2.971)	Loss 3.0820 (2.9072)	Acc@1 55.556 (56.449)	Acc@5 70.833 (80.991)	Mem 9700MB
Test: [570/695]	Time 3.262 (2.977)	Loss 2.4512 (2.9073)	Acc@1 81.944 (56.417)	Acc@5 90.278 (80.969)	Mem 9700MB
Test: [580/695]	Time 3.269 (2.981)	Loss 3.8809 (2.9141)	Acc@1 43.056 (56.325)	Acc@5 65.278 (80.900)	Mem 9700MB
Test: [590/695]	Time 3.275 (2.981)	Loss 3.7246 (2.9249)	Acc@1 38.889 (56.087)	Acc@5 68.056 (80.765)	Mem 9700MB
Test: [600/695]	Time 2.921 (2.975)	Loss 3.8770 (2.9281)	Acc@1 26.389 (56.066)	Acc@5 62.500 (80.701)	Mem 9700MB
Test: [610/695]	Time 2.639 (2.971)	Loss 2.9043 (2.9305)	Acc@1 54.167 (56.044)	Acc@5 77.778 (80.692)	Mem 9700MB
Test: [620/695]	Time 3.274 (2.970)	Loss 2.7559 (2.9333)	Acc@1 55.556 (56.032)	Acc@5 87.500 (80.649)	Mem 9700MB
Test: [630/695]	Time 2.579 (2.971)	Loss 3.2500 (2.9344)	Acc@1 41.667 (55.961)	Acc@5 70.833 (80.615)	Mem 9700MB
Test: [640/695]	Time 2.706 (2.964)	Loss 2.3711 (2.9298)	Acc@1 72.222 (56.050)	Acc@5 83.333 (80.683)	Mem 9700MB
Test: [650/695]	Time 3.177 (2.960)	Loss 1.2803 (2.9246)	Acc@1 86.111 (56.110)	Acc@5 94.444 (80.731)	Mem 9700MB
Test: [660/695]	Time 3.237 (2.965)	Loss 2.3086 (2.9112)	Acc@1 63.889 (56.268)	Acc@5 90.278 (80.852)	Mem 9700MB
Test: [670/695]	Time 3.241 (2.961)	Loss 2.9668 (2.9043)	Acc@1 61.111 (56.415)	Acc@5 84.722 (80.889)	Mem 9700MB
Test: [680/695]	Time 3.664 (2.966)	Loss 2.8750 (2.9059)	Acc@1 58.333 (56.333)	Acc@5 79.167 (80.872)	Mem 9700MB
Test: [690/695]	Time 3.698 (2.965)	Loss 2.1660 (2.8939)	Acc@1 76.389 (56.540)	Acc@5 91.667 (80.966)	Mem 9700MB
 * Acc@1 56.575 Acc@5 80.971
01/08 00:05:59 - mmengine - INFO - Loads checkpoint by http backend from path: https://download.openmmlab.com/mmclassification/v0/resnet/resnet50_8xb32_in1k_20210831-ea4938fc.pth
starting loop: img_size (1120, 1120)
Test: [0/834]	Time 3.123 (3.123)	Loss 2.2109 (2.2109)	Acc@1 78.333 (78.333)	Acc@5 93.333 (93.333)	Mem 9700MB
Test: [10/834]	Time 3.188 (2.761)	Loss 2.8945 (2.5462)	Acc@1 53.333 (60.000)	Acc@5 85.000 (86.364)	Mem 9700MB
Test: [20/834]	Time 3.299 (2.746)	Loss 2.3262 (2.5512)	Acc@1 80.000 (61.032)	Acc@5 90.000 (86.746)	Mem 9700MB
Test: [30/834]	Time 2.741 (2.866)	Loss 2.9082 (2.6479)	Acc@1 46.667 (59.301)	Acc@5 83.333 (84.516)	Mem 9700MB
Test: [40/834]	Time 3.092 (2.898)	Loss 2.6523 (2.7055)	Acc@1 71.667 (57.805)	Acc@5 88.333 (83.577)	Mem 9700MB
Test: [50/834]	Time 2.802 (2.883)	Loss 3.1621 (2.7716)	Acc@1 23.333 (55.196)	Acc@5 71.667 (81.340)	Mem 9700MB
Test: [60/834]	Time 3.354 (2.839)	Loss 1.6797 (2.7280)	Acc@1 51.667 (55.219)	Acc@5 93.333 (81.803)	Mem 9700MB
Test: [70/834]	Time 3.196 (2.879)	Loss 2.5430 (2.7010)	Acc@1 65.000 (55.352)	Acc@5 78.333 (81.761)	Mem 9700MB
Test: [80/834]	Time 2.135 (2.864)	Loss 2.8867 (2.6883)	Acc@1 66.667 (56.708)	Acc@5 78.333 (82.284)	Mem 9700MB
Test: [90/834]	Time 2.321 (2.873)	Loss 2.1309 (2.6754)	Acc@1 46.667 (57.253)	Acc@5 88.333 (82.253)	Mem 9700MB
Test: [100/834]	Time 3.242 (2.867)	Loss 2.9961 (2.6521)	Acc@1 48.333 (57.723)	Acc@5 76.667 (82.343)	Mem 9700MB
Test: [110/834]	Time 2.215 (2.831)	Loss 2.4375 (2.6634)	Acc@1 70.000 (57.868)	Acc@5 90.000 (82.312)	Mem 9700MB
Test: [120/834]	Time 3.165 (2.859)	Loss 2.6758 (2.6583)	Acc@1 55.000 (58.017)	Acc@5 83.333 (82.355)	Mem 9700MB
Test: [130/834]	Time 2.166 (2.864)	Loss 3.0820 (2.6644)	Acc@1 68.333 (58.295)	Acc@5 95.000 (82.583)	Mem 9700MB
Test: [140/834]	Time 3.170 (2.873)	Loss 3.0117 (2.7234)	Acc@1 76.667 (57.553)	Acc@5 88.333 (82.163)	Mem 9700MB
Test: [150/834]	Time 2.138 (2.865)	Loss 3.4023 (2.7629)	Acc@1 45.000 (57.384)	Acc@5 83.333 (81.898)	Mem 9700MB
Test: [160/834]	Time 3.125 (2.879)	Loss 3.6582 (2.8090)	Acc@1 45.000 (56.625)	Acc@5 73.333 (81.636)	Mem 9700MB
Test: [170/834]	Time 2.997 (2.891)	Loss 3.8516 (2.8559)	Acc@1 35.000 (55.858)	Acc@5 65.000 (81.209)	Mem 9700MB
Test: [180/834]	Time 2.955 (2.887)	Loss 3.2188 (2.8956)	Acc@1 71.667 (55.746)	Acc@5 88.333 (81.041)	Mem 9700MB
Test: [190/834]	Time 3.289 (2.878)	Loss 2.9805 (2.9236)	Acc@1 66.667 (55.593)	Acc@5 76.667 (80.899)	Mem 9700MB
Test: [200/834]	Time 2.878 (2.873)	Loss 3.7832 (2.9630)	Acc@1 25.000 (54.909)	Acc@5 73.333 (80.638)	Mem 9700MB
Test: [210/834]	Time 3.032 (2.884)	Loss 2.9219 (2.9831)	Acc@1 80.000 (54.929)	Acc@5 88.333 (80.648)	Mem 9700MB
Test: [220/834]	Time 2.548 (2.875)	Loss 3.8086 (3.0067)	Acc@1 36.667 (54.811)	Acc@5 73.333 (80.498)	Mem 9700MB
Test: [230/834]	Time 2.046 (2.863)	Loss 3.8340 (3.0262)	Acc@1 36.667 (54.250)	Acc@5 55.000 (80.202)	Mem 9700MB
Test: [240/834]	Time 3.089 (2.848)	Loss 2.5566 (3.0317)	Acc@1 50.000 (54.101)	Acc@5 88.333 (80.173)	Mem 9700MB
Test: [250/834]	Time 2.199 (2.853)	Loss 2.2832 (3.0292)	Acc@1 63.333 (54.070)	Acc@5 81.667 (80.027)	Mem 9700MB
Test: [260/834]	Time 3.327 (2.863)	Loss 3.4258 (3.0273)	Acc@1 30.000 (53.870)	Acc@5 71.667 (79.949)	Mem 9700MB
Test: [270/834]	Time 3.172 (2.876)	Loss 1.7021 (3.0087)	Acc@1 83.333 (54.096)	Acc@5 98.333 (80.123)	Mem 9700MB
Test: [280/834]	Time 3.229 (2.876)	Loss 3.4766 (2.9989)	Acc@1 43.333 (54.312)	Acc@5 71.667 (80.214)	Mem 9700MB
Test: [290/834]	Time 3.112 (2.884)	Loss 3.5000 (2.9996)	Acc@1 28.333 (54.376)	Acc@5 71.667 (80.258)	Mem 9700MB
Test: [300/834]	Time 2.069 (2.877)	Loss 3.8359 (2.9948)	Acc@1 23.333 (54.430)	Acc@5 60.000 (80.377)	Mem 9700MB
Test: [310/834]	Time 3.445 (2.869)	Loss 3.4297 (2.9975)	Acc@1 41.667 (54.341)	Acc@5 63.333 (80.209)	Mem 9700MB
Test: [320/834]	Time 2.676 (2.876)	Loss 2.3145 (2.9970)	Acc@1 71.667 (53.993)	Acc@5 76.667 (79.938)	Mem 9700MB
Test: [330/834]	Time 3.157 (2.886)	Loss 2.2051 (2.9853)	Acc@1 71.667 (54.094)	Acc@5 86.667 (80.005)	Mem 9700MB
Test: [340/834]	Time 3.191 (2.886)	Loss 3.8906 (2.9813)	Acc@1 30.000 (54.106)	Acc@5 66.667 (80.044)	Mem 9700MB
Test: [350/834]	Time 2.835 (2.886)	Loss 3.8145 (2.9932)	Acc@1 63.333 (53.960)	Acc@5 78.333 (79.858)	Mem 9700MB
Test: [360/834]	Time 3.102 (2.883)	Loss 3.4473 (2.9971)	Acc@1 46.667 (54.063)	Acc@5 71.667 (79.862)	Mem 9700MB
Test: [370/834]	Time 3.098 (2.881)	Loss 3.5488 (3.0073)	Acc@1 50.000 (53.976)	Acc@5 80.000 (79.686)	Mem 9700MB
Test: [380/834]	Time 3.361 (2.890)	Loss 4.0625 (3.0182)	Acc@1 28.333 (53.727)	Acc@5 50.000 (79.444)	Mem 9700MB
Test: [390/834]	Time 3.092 (2.893)	Loss 3.6035 (3.0296)	Acc@1 53.333 (53.542)	Acc@5 75.000 (79.156)	Mem 9700MB
Test: [400/834]	Time 3.165 (2.885)	Loss 3.2969 (3.0383)	Acc@1 60.000 (53.446)	Acc@5 76.667 (79.040)	Mem 9700MB
Test: [410/834]	Time 2.550 (2.878)	Loss 3.8848 (3.0403)	Acc@1 38.333 (53.167)	Acc@5 58.333 (78.938)	Mem 9700MB
Test: [420/834]	Time 3.154 (2.878)	Loss 3.9199 (3.0522)	Acc@1 36.667 (52.842)	Acc@5 65.000 (78.717)	Mem 9700MB
Test: [430/834]	Time 3.170 (2.880)	Loss 3.9922 (3.0608)	Acc@1 25.000 (52.552)	Acc@5 63.333 (78.623)	Mem 9700MB
Test: [440/834]	Time 2.240 (2.881)	Loss 3.2930 (3.0711)	Acc@1 63.333 (52.351)	Acc@5 80.000 (78.439)	Mem 9700MB
Test: [450/834]	Time 2.981 (2.882)	Loss 2.2441 (3.0668)	Acc@1 73.333 (52.480)	Acc@5 88.333 (78.459)	Mem 9700MB
Test: [460/834]	Time 3.158 (2.884)	Loss 3.6191 (3.0761)	Acc@1 60.000 (52.198)	Acc@5 78.333 (78.250)	Mem 9700MB
Test: [470/834]	Time 3.253 (2.892)	Loss 3.0684 (3.0787)	Acc@1 46.667 (52.212)	Acc@5 80.000 (78.273)	Mem 9700MB
Test: [480/834]	Time 2.127 (2.885)	Loss 1.8691 (3.0792)	Acc@1 81.667 (52.387)	Acc@5 91.667 (78.278)	Mem 9700MB
Test: [490/834]	Time 2.182 (2.877)	Loss 3.0508 (3.0893)	Acc@1 66.667 (52.183)	Acc@5 78.333 (78.106)	Mem 9700MB
Test: [500/834]	Time 2.129 (2.878)	Loss 4.0039 (3.0962)	Acc@1 28.333 (51.996)	Acc@5 58.333 (77.984)	Mem 9700MB
Test: [510/834]	Time 3.128 (2.881)	Loss 3.0684 (3.0957)	Acc@1 76.667 (52.143)	Acc@5 85.000 (78.023)	Mem 9700MB
Test: [520/834]	Time 2.503 (2.876)	Loss 3.3789 (3.1050)	Acc@1 41.667 (51.955)	Acc@5 70.000 (77.825)	Mem 9700MB
Test: [530/834]	Time 2.996 (2.870)	Loss 3.2383 (3.1080)	Acc@1 40.000 (51.852)	Acc@5 73.333 (77.781)	Mem 9700MB
Test: [540/834]	Time 2.920 (2.871)	Loss 3.3965 (3.1093)	Acc@1 43.333 (51.808)	Acc@5 78.333 (77.711)	Mem 9700MB
Test: [550/834]	Time 3.169 (2.869)	Loss 3.3965 (3.1167)	Acc@1 65.000 (51.697)	Acc@5 81.667 (77.623)	Mem 9700MB
Test: [560/834]	Time 3.112 (2.870)	Loss 2.8438 (3.1180)	Acc@1 71.667 (51.720)	Acc@5 86.667 (77.662)	Mem 9700MB
Test: [570/834]	Time 3.081 (2.874)	Loss 2.6660 (3.1230)	Acc@1 76.667 (51.693)	Acc@5 88.333 (77.615)	Mem 9700MB
Test: [580/834]	Time 3.263 (2.880)	Loss 3.6758 (3.1246)	Acc@1 43.333 (51.652)	Acc@5 61.667 (77.507)	Mem 9700MB
Test: [590/834]	Time 3.161 (2.885)	Loss 3.4648 (3.1270)	Acc@1 51.667 (51.698)	Acc@5 75.000 (77.513)	Mem 9700MB
Test: [600/834]	Time 3.122 (2.887)	Loss 2.8535 (3.1290)	Acc@1 61.667 (51.681)	Acc@5 85.000 (77.460)	Mem 9700MB
Test: [610/834]	Time 2.320 (2.885)	Loss 3.7148 (3.1316)	Acc@1 50.000 (51.680)	Acc@5 66.667 (77.384)	Mem 9700MB
Test: [620/834]	Time 3.162 (2.889)	Loss 3.5098 (3.1333)	Acc@1 43.333 (51.675)	Acc@5 75.000 (77.370)	Mem 9700MB
Test: [630/834]	Time 3.160 (2.893)	Loss 3.2871 (3.1350)	Acc@1 58.333 (51.630)	Acc@5 83.333 (77.348)	Mem 9700MB
Test: [640/834]	Time 2.930 (2.893)	Loss 2.8730 (3.1400)	Acc@1 53.333 (51.539)	Acc@5 76.667 (77.257)	Mem 9700MB
Test: [650/834]	Time 3.490 (2.891)	Loss 2.6836 (3.1437)	Acc@1 33.333 (51.464)	Acc@5 83.333 (77.202)	Mem 9700MB
Test: [660/834]	Time 2.108 (2.890)	Loss 3.8887 (3.1460)	Acc@1 45.000 (51.450)	Acc@5 68.333 (77.151)	Mem 9700MB
Test: [670/834]	Time 3.117 (2.886)	Loss 3.4688 (3.1442)	Acc@1 48.333 (51.540)	Acc@5 83.333 (77.158)	Mem 9700MB
Test: [680/834]	Time 3.264 (2.891)	Loss 3.1445 (3.1430)	Acc@1 56.667 (51.500)	Acc@5 73.333 (77.105)	Mem 9700MB
Test: [690/834]	Time 3.121 (2.894)	Loss 3.7285 (3.1478)	Acc@1 35.000 (51.435)	Acc@5 65.000 (77.057)	Mem 9700MB
Test: [700/834]	Time 3.572 (2.897)	Loss 3.3320 (3.1552)	Acc@1 41.667 (51.277)	Acc@5 68.333 (76.964)	Mem 9700MB
Test: [710/834]	Time 3.065 (2.897)	Loss 2.8750 (3.1621)	Acc@1 55.000 (51.146)	Acc@5 80.000 (76.887)	Mem 9700MB
Test: [720/834]	Time 2.104 (2.898)	Loss 4.3125 (3.1644)	Acc@1 15.000 (51.149)	Acc@5 51.667 (76.817)	Mem 9700MB
Test: [730/834]	Time 3.076 (2.897)	Loss 4.5000 (3.1677)	Acc@1 18.333 (51.092)	Acc@5 50.000 (76.778)	Mem 9700MB
Test: [740/834]	Time 3.099 (2.900)	Loss 3.5312 (3.1703)	Acc@1 58.333 (51.102)	Acc@5 71.667 (76.709)	Mem 9700MB
Test: [750/834]	Time 3.186 (2.904)	Loss 2.5781 (3.1716)	Acc@1 75.000 (51.039)	Acc@5 88.333 (76.680)	Mem 9700MB
Test: [760/834]	Time 3.107 (2.905)	Loss 2.4277 (3.1710)	Acc@1 73.333 (51.023)	Acc@5 96.667 (76.649)	Mem 9700MB
Test: [770/834]	Time 3.207 (2.907)	Loss 2.9727 (3.1660)	Acc@1 48.333 (51.139)	Acc@5 66.667 (76.712)	Mem 9700MB
Test: [780/834]	Time 3.083 (2.910)	Loss 1.5166 (3.1616)	Acc@1 80.000 (51.229)	Acc@5 91.667 (76.763)	Mem 9700MB
Test: [790/834]	Time 2.366 (2.908)	Loss 2.1016 (3.1486)	Acc@1 63.333 (51.403)	Acc@5 83.333 (76.884)	Mem 9700MB
Test: [800/834]	Time 2.153 (2.907)	Loss 2.9434 (3.1396)	Acc@1 61.667 (51.596)	Acc@5 85.000 (76.991)	Mem 9700MB
Test: [810/834]	Time 2.720 (2.903)	Loss 3.4883 (3.1421)	Acc@1 28.333 (51.504)	Acc@5 75.000 (76.956)	Mem 9700MB
Test: [820/834]	Time 3.184 (2.902)	Loss 1.5508 (3.1400)	Acc@1 83.333 (51.502)	Acc@5 93.333 (76.941)	Mem 9700MB
Test: [830/834]	Time 3.307 (2.906)	Loss 1.7236 (3.1252)	Acc@1 80.000 (51.809)	Acc@5 86.667 (77.102)	Mem 9700MB
 * Acc@1 51.783 Acc@5 77.073
01/08 00:46:22 - mmengine - INFO - Loads checkpoint by http backend from path: https://download.openmmlab.com/mmclassification/v0/resnet/resnet50_8xb32_in1k_20210831-ea4938fc.pth
starting loop: img_size (1280, 1280)
Test: [0/1563]	Time 2.061 (2.061)	Loss 2.6602 (2.6602)	Acc@1 78.125 (78.125)	Acc@5 90.625 (90.625)	Mem 9700MB
Test: [10/1563]	Time 2.015 (2.172)	Loss 3.4531 (2.6460)	Acc@1 6.250 (46.023)	Acc@5 46.875 (80.114)	Mem 9700MB
Test: [20/1563]	Time 2.046 (2.033)	Loss 3.3711 (3.0487)	Acc@1 43.750 (45.685)	Acc@5 81.250 (77.083)	Mem 9700MB
Test: [30/1563]	Time 2.128 (2.055)	Loss 3.0254 (3.1054)	Acc@1 68.750 (44.052)	Acc@5 81.250 (75.806)	Mem 9700MB
Test: [40/1563]	Time 1.758 (2.059)	Loss 2.5547 (3.0508)	Acc@1 53.125 (47.027)	Acc@5 93.750 (77.210)	Mem 9700MB
Test: [50/1563]	Time 1.965 (1.984)	Loss 3.6250 (3.0452)	Acc@1 34.375 (47.733)	Acc@5 65.625 (77.451)	Mem 9700MB
Test: [60/1563]	Time 1.994 (2.004)	Loss 3.3496 (3.1121)	Acc@1 43.750 (46.260)	Acc@5 84.375 (75.717)	Mem 9700MB
Test: [70/1563]	Time 2.058 (2.017)	Loss 3.4727 (3.1214)	Acc@1 40.625 (46.391)	Acc@5 50.000 (75.264)	Mem 9700MB
Test: [80/1563]	Time 1.933 (1.976)	Loss 3.8672 (3.2089)	Acc@1 59.375 (44.869)	Acc@5 75.000 (73.650)	Mem 9700MB
Test: [90/1563]	Time 1.440 (1.936)	Loss 3.1309 (3.2017)	Acc@1 34.375 (43.578)	Acc@5 53.125 (72.665)	Mem 9700MB
Test: [100/1563]	Time 1.398 (1.899)	Loss 2.9238 (3.2128)	Acc@1 46.875 (43.069)	Acc@5 81.250 (72.308)	Mem 9700MB
Test: [110/1563]	Time 1.669 (1.871)	Loss 2.8672 (3.1625)	Acc@1 53.125 (43.778)	Acc@5 81.250 (73.226)	Mem 9700MB
Test: [120/1563]	Time 1.864 (1.859)	Loss 3.0762 (3.1253)	Acc@1 31.250 (43.595)	Acc@5 75.000 (73.889)	Mem 9700MB
Test: [130/1563]	Time 1.438 (1.837)	Loss 1.7930 (3.1175)	Acc@1 90.625 (44.156)	Acc@5 100.000 (73.879)	Mem 9700MB
Test: [140/1563]	Time 1.462 (1.821)	Loss 3.5234 (3.1234)	Acc@1 46.875 (45.013)	Acc@5 75.000 (74.202)	Mem 9700MB
Test: [150/1563]	Time 2.093 (1.828)	Loss 3.2988 (3.1149)	Acc@1 62.500 (45.613)	Acc@5 75.000 (74.400)	Mem 9700MB
Test: [160/1563]	Time 2.183 (1.832)	Loss 2.0508 (3.0996)	Acc@1 90.625 (46.623)	Acc@5 93.750 (74.748)	Mem 9700MB
Test: [170/1563]	Time 2.124 (1.844)	Loss 1.9248 (3.0982)	Acc@1 65.625 (46.473)	Acc@5 78.125 (74.287)	Mem 9700MB
Test: [180/1563]	Time 2.136 (1.857)	Loss 2.1328 (3.0607)	Acc@1 59.375 (47.134)	Acc@5 93.750 (74.741)	Mem 9700MB
Test: [190/1563]	Time 2.096 (1.873)	Loss 2.6348 (3.0606)	Acc@1 78.125 (47.415)	Acc@5 84.375 (74.689)	Mem 9700MB
Test: [200/1563]	Time 2.115 (1.887)	Loss 2.6875 (3.0803)	Acc@1 62.500 (46.891)	Acc@5 87.500 (74.331)	Mem 9700MB
Test: [210/1563]	Time 2.106 (1.898)	Loss 3.8203 (3.0829)	Acc@1 25.000 (47.216)	Acc@5 40.625 (74.274)	Mem 9700MB
Test: [220/1563]	Time 2.090 (1.904)	Loss 3.0332 (3.0806)	Acc@1 50.000 (47.285)	Acc@5 81.250 (74.533)	Mem 9700MB
Test: [230/1563]	Time 1.348 (1.902)	Loss 2.0156 (3.0671)	Acc@1 68.750 (47.538)	Acc@5 84.375 (74.675)	Mem 9700MB
Test: [240/1563]	Time 1.418 (1.886)	Loss 3.3809 (3.0599)	Acc@1 65.625 (48.003)	Acc@5 81.250 (75.052)	Mem 9700MB
Test: [250/1563]	Time 1.963 (1.877)	Loss 3.5586 (3.0843)	Acc@1 62.500 (47.908)	Acc@5 81.250 (75.050)	Mem 9700MB
Test: [260/1563]	Time 1.579 (1.866)	Loss 4.2188 (3.1186)	Acc@1 31.250 (47.545)	Acc@5 68.750 (74.832)	Mem 9700MB
Test: [270/1563]	Time 1.873 (1.869)	Loss 3.8203 (3.1410)	Acc@1 37.500 (47.509)	Acc@5 71.875 (74.654)	Mem 9700MB
Test: [280/1563]	Time 1.428 (1.860)	Loss 3.6914 (3.1607)	Acc@1 46.875 (47.598)	Acc@5 68.750 (74.466)	Mem 9700MB
Test: [290/1563]	Time 1.816 (1.852)	Loss 3.8477 (3.1836)	Acc@1 31.250 (47.186)	Acc@5 84.375 (74.280)	Mem 9700MB
Test: [300/1563]	Time 2.028 (1.860)	Loss 3.9961 (3.2045)	Acc@1 31.250 (46.865)	Acc@5 59.375 (74.118)	Mem 9700MB
Test: [310/1563]	Time 2.017 (1.862)	Loss 3.5938 (3.2306)	Acc@1 56.250 (46.483)	Acc@5 84.375 (73.714)	Mem 9700MB
Test: [320/1563]	Time 2.049 (1.857)	Loss 4.2773 (3.2536)	Acc@1 28.125 (46.077)	Acc@5 62.500 (73.549)	Mem 9700MB
Test: [330/1563]	Time 1.993 (1.855)	Loss 3.8828 (3.2714)	Acc@1 31.250 (46.082)	Acc@5 65.625 (73.499)	Mem 9700MB
Test: [340/1563]	Time 1.833 (1.852)	Loss 3.9121 (3.2941)	Acc@1 50.000 (45.977)	Acc@5 68.750 (73.314)	Mem 9700MB
Test: [350/1563]	Time 1.416 (1.847)	Loss 4.1289 (3.3071)	Acc@1 37.500 (45.931)	Acc@5 65.625 (73.202)	Mem 9700MB
Test: [360/1563]	Time 2.023 (1.849)	Loss 4.5312 (3.3244)	Acc@1 28.125 (45.758)	Acc@5 46.875 (72.957)	Mem 9700MB
Test: [370/1563]	Time 1.781 (1.845)	Loss 3.8418 (3.3447)	Acc@1 40.625 (45.350)	Acc@5 75.000 (72.709)	Mem 9700MB
Test: [380/1563]	Time 1.795 (1.839)	Loss 3.8242 (3.3638)	Acc@1 50.000 (45.071)	Acc@5 75.000 (72.433)	Mem 9700MB
Test: [390/1563]	Time 1.424 (1.832)	Loss 3.9316 (3.3783)	Acc@1 25.000 (44.917)	Acc@5 53.125 (72.299)	Mem 9700MB
Test: [400/1563]	Time 1.408 (1.826)	Loss 4.2578 (3.3852)	Acc@1 18.750 (45.098)	Acc@5 43.750 (72.327)	Mem 9700MB
Test: [410/1563]	Time 2.228 (1.826)	Loss 4.0547 (3.3993)	Acc@1 40.625 (44.898)	Acc@5 65.625 (72.225)	Mem 9700MB
Test: [420/1563]	Time 1.746 (1.827)	Loss 3.9785 (3.4151)	Acc@1 28.125 (44.559)	Acc@5 56.250 (72.009)	Mem 9700MB
Test: [430/1563]	Time 1.423 (1.823)	Loss 3.3691 (3.4213)	Acc@1 46.875 (44.337)	Acc@5 75.000 (71.890)	Mem 9700MB
Test: [440/1563]	Time 2.259 (1.822)	Loss 3.7148 (3.4267)	Acc@1 25.000 (44.154)	Acc@5 68.750 (71.733)	Mem 9700MB
Test: [450/1563]	Time 1.325 (1.817)	Loss 2.9531 (3.4305)	Acc@1 40.625 (44.083)	Acc@5 81.250 (71.757)	Mem 9700MB
Test: [460/1563]	Time 1.346 (1.812)	Loss 3.1016 (3.4280)	Acc@1 50.000 (44.130)	Acc@5 84.375 (71.719)	Mem 9700MB
Test: [470/1563]	Time 2.181 (1.810)	Loss 3.0723 (3.4262)	Acc@1 37.500 (44.002)	Acc@5 65.625 (71.563)	Mem 9700MB
Test: [480/1563]	Time 1.383 (1.805)	Loss 3.4727 (3.4221)	Acc@1 25.000 (43.854)	Acc@5 68.750 (71.609)	Mem 9700MB
Test: [490/1563]	Time 2.032 (1.805)	Loss 3.6719 (3.4266)	Acc@1 34.375 (43.604)	Acc@5 65.625 (71.423)	Mem 9700MB
Test: [500/1563]	Time 2.031 (1.808)	Loss 2.1602 (3.4196)	Acc@1 75.000 (43.569)	Acc@5 93.750 (71.470)	Mem 9700MB
Test: [510/1563]	Time 2.250 (1.814)	Loss 2.7812 (3.4021)	Acc@1 62.500 (44.037)	Acc@5 75.000 (71.747)	Mem 9700MB
Test: [520/1563]	Time 2.071 (1.814)	Loss 3.2109 (3.3998)	Acc@1 59.375 (44.008)	Acc@5 84.375 (71.695)	Mem 9700MB
Test: [530/1563]	Time 1.726 (1.813)	Loss 2.6680 (3.3972)	Acc@1 78.125 (44.191)	Acc@5 96.875 (71.810)	Mem 9700MB
Test: [540/1563]	Time 1.698 (1.809)	Loss 4.2539 (3.3946)	Acc@1 15.625 (44.299)	Acc@5 59.375 (71.927)	Mem 9700MB
Test: [550/1563]	Time 1.401 (1.805)	Loss 3.1719 (3.3906)	Acc@1 25.000 (44.340)	Acc@5 75.000 (71.920)	Mem 9700MB
Test: [560/1563]	Time 1.525 (1.801)	Loss 3.5723 (3.3908)	Acc@1 28.125 (44.357)	Acc@5 65.625 (71.975)	Mem 9700MB
Test: [570/1563]	Time 2.140 (1.798)	Loss 2.9199 (3.3915)	Acc@1 59.375 (44.418)	Acc@5 68.750 (71.935)	Mem 9700MB
Test: [580/1563]	Time 1.359 (1.794)	Loss 3.0039 (3.3924)	Acc@1 46.875 (44.272)	Acc@5 84.375 (71.843)	Mem 9700MB
Test: [590/1563]	Time 1.599 (1.791)	Loss 3.4512 (3.3922)	Acc@1 28.125 (44.078)	Acc@5 65.625 (71.716)	Mem 9700MB
Test: [600/1563]	Time 1.487 (1.793)	Loss 2.5469 (3.3907)	Acc@1 62.500 (43.880)	Acc@5 75.000 (71.599)	Mem 9700MB
Test: [610/1563]	Time 1.455 (1.790)	Loss 3.3398 (3.3864)	Acc@1 31.250 (43.873)	Acc@5 65.625 (71.660)	Mem 9700MB
Test: [620/1563]	Time 1.945 (1.789)	Loss 2.9062 (3.3772)	Acc@1 50.000 (44.052)	Acc@5 65.625 (71.724)	Mem 9700MB
Test: [630/1563]	Time 1.378 (1.785)	Loss 3.2090 (3.3782)	Acc@1 28.125 (44.062)	Acc@5 65.625 (71.726)	Mem 9700MB
Test: [640/1563]	Time 2.034 (1.785)	Loss 3.1270 (3.3722)	Acc@1 37.500 (44.116)	Acc@5 81.250 (71.865)	Mem 9700MB
Test: [650/1563]	Time 1.470 (1.784)	Loss 3.3672 (3.3840)	Acc@1 46.875 (43.952)	Acc@5 71.875 (71.592)	Mem 9700MB
Test: [660/1563]	Time 2.100 (1.786)	Loss 3.6328 (3.3860)	Acc@1 56.250 (44.001)	Acc@5 68.750 (71.648)	Mem 9700MB
Test: [670/1563]	Time 2.115 (1.790)	Loss 3.2910 (3.3918)	Acc@1 62.500 (44.001)	Acc@5 81.250 (71.633)	Mem 9700MB
Test: [680/1563]	Time 1.403 (1.788)	Loss 5.0273 (3.3962)	Acc@1 12.500 (43.989)	Acc@5 28.125 (71.512)	Mem 9700MB
Test: [690/1563]	Time 1.448 (1.785)	Loss 3.3809 (3.3981)	Acc@1 50.000 (44.062)	Acc@5 81.250 (71.509)	Mem 9700MB
Test: [700/1563]	Time 1.817 (1.783)	Loss 4.8828 (3.4065)	Acc@1 18.750 (43.884)	Acc@5 53.125 (71.380)	Mem 9700MB
Test: [710/1563]	Time 2.043 (1.783)	Loss 4.1914 (3.4087)	Acc@1 18.750 (43.899)	Acc@5 53.125 (71.356)	Mem 9700MB
Test: [720/1563]	Time 2.054 (1.788)	Loss 3.5547 (3.4170)	Acc@1 34.375 (43.724)	Acc@5 75.000 (71.125)	Mem 9700MB
Test: [730/1563]	Time 2.411 (1.793)	Loss 3.9707 (3.4219)	Acc@1 43.750 (43.699)	Acc@5 62.500 (71.003)	Mem 9700MB
Test: [740/1563]	Time 2.056 (1.792)	Loss 3.5352 (3.4295)	Acc@1 28.125 (43.531)	Acc@5 75.000 (70.901)	Mem 9700MB
Test: [750/1563]	Time 2.076 (1.792)	Loss 3.4824 (3.4320)	Acc@1 50.000 (43.529)	Acc@5 68.750 (70.847)	Mem 9700MB
Test: [760/1563]	Time 2.044 (1.794)	Loss 3.7109 (3.4309)	Acc@1 53.125 (43.458)	Acc@5 75.000 (70.902)	Mem 9700MB
Test: [770/1563]	Time 2.044 (1.798)	Loss 4.1133 (3.4333)	Acc@1 18.750 (43.377)	Acc@5 50.000 (70.748)	Mem 9700MB
Test: [780/1563]	Time 1.989 (1.798)	Loss 4.0547 (3.4401)	Acc@1 18.750 (43.202)	Acc@5 56.250 (70.603)	Mem 9700MB
Test: [790/1563]	Time 2.327 (1.802)	Loss 4.4297 (3.4462)	Acc@1 21.875 (43.078)	Acc@5 34.375 (70.409)	Mem 9700MB
Test: [800/1563]	Time 1.550 (1.800)	Loss 3.5430 (3.4465)	Acc@1 15.625 (42.993)	Acc@5 68.750 (70.392)	Mem 9700MB
Test: [810/1563]	Time 1.523 (1.799)	Loss 4.1875 (3.4546)	Acc@1 34.375 (42.771)	Acc@5 50.000 (70.156)	Mem 9700MB
Test: [820/1563]	Time 1.447 (1.797)	Loss 3.3652 (3.4599)	Acc@1 46.875 (42.688)	Acc@5 78.125 (70.063)	Mem 9700MB
Test: [830/1563]	Time 2.004 (1.800)	Loss 3.9082 (3.4657)	Acc@1 21.875 (42.509)	Acc@5 53.125 (69.935)	Mem 9700MB
Test: [840/1563]	Time 1.390 (1.801)	Loss 2.7969 (3.4604)	Acc@1 65.625 (42.661)	Acc@5 68.750 (69.976)	Mem 9700MB
Test: [850/1563]	Time 2.107 (1.803)	Loss 4.1289 (3.4628)	Acc@1 31.250 (42.626)	Acc@5 50.000 (69.921)	Mem 9700MB
Test: [860/1563]	Time 1.752 (1.805)	Loss 4.5039 (3.4673)	Acc@1 12.500 (42.389)	Acc@5 15.625 (69.795)	Mem 9700MB
Test: [870/1563]	Time 2.142 (1.807)	Loss 3.5234 (3.4670)	Acc@1 50.000 (42.473)	Acc@5 68.750 (69.826)	Mem 9700MB
Test: [880/1563]	Time 1.960 (1.805)	Loss 3.7246 (3.4717)	Acc@1 34.375 (42.452)	Acc@5 75.000 (69.789)	Mem 9700MB
Test: [890/1563]	Time 1.401 (1.804)	Loss 3.9512 (3.4731)	Acc@1 31.250 (42.459)	Acc@5 68.750 (69.788)	Mem 9700MB
Test: [900/1563]	Time 2.154 (1.804)	Loss 2.5039 (3.4759)	Acc@1 78.125 (42.546)	Acc@5 90.625 (69.756)	Mem 9700MB
Test: [910/1563]	Time 1.444 (1.801)	Loss 3.4297 (3.4804)	Acc@1 56.250 (42.450)	Acc@5 81.250 (69.662)	Mem 9700MB
Test: [920/1563]	Time 2.167 (1.804)	Loss 4.2422 (3.4852)	Acc@1 28.125 (42.376)	Acc@5 59.375 (69.578)	Mem 9700MB
Test: [930/1563]	Time 2.201 (1.807)	Loss 3.9414 (3.4867)	Acc@1 18.750 (42.364)	Acc@5 65.625 (69.549)	Mem 9700MB
Test: [940/1563]	Time 2.139 (1.809)	Loss 4.1719 (3.4908)	Acc@1 31.250 (42.232)	Acc@5 71.875 (69.454)	Mem 9700MB
Test: [950/1563]	Time 2.074 (1.812)	Loss 2.7754 (3.4906)	Acc@1 68.750 (42.255)	Acc@5 81.250 (69.493)	Mem 9700MB
Test: [960/1563]	Time 1.394 (1.812)	Loss 4.4453 (3.4918)	Acc@1 15.625 (42.274)	Acc@5 43.750 (69.443)	Mem 9700MB
Test: [970/1563]	Time 2.075 (1.814)	Loss 3.9629 (3.4956)	Acc@1 25.000 (42.212)	Acc@5 65.625 (69.336)	Mem 9700MB
Test: [980/1563]	Time 1.981 (1.816)	Loss 4.0977 (3.4983)	Acc@1 40.625 (42.129)	Acc@5 68.750 (69.307)	Mem 9700MB
Test: [990/1563]	Time 2.052 (1.816)	Loss 4.4531 (3.4970)	Acc@1 0.000 (42.180)	Acc@5 53.125 (69.355)	Mem 9700MB
Test: [1000/1563]	Time 2.097 (1.815)	Loss 1.9971 (3.5007)	Acc@1 78.125 (42.052)	Acc@5 87.500 (69.299)	Mem 9700MB
Test: [1010/1563]	Time 2.065 (1.817)	Loss 2.6328 (3.4989)	Acc@1 65.625 (42.124)	Acc@5 81.250 (69.282)	Mem 9700MB
Test: [1020/1563]	Time 2.049 (1.820)	Loss 4.5352 (3.5037)	Acc@1 18.750 (42.033)	Acc@5 37.500 (69.191)	Mem 9700MB
Test: [1030/1563]	Time 1.908 (1.822)	Loss 3.0547 (3.5064)	Acc@1 75.000 (41.998)	Acc@5 81.250 (69.186)	Mem 9700MB
Test: [1040/1563]	Time 2.216 (1.824)	Loss 4.2109 (3.5073)	Acc@1 28.125 (42.033)	Acc@5 56.250 (69.227)	Mem 9700MB
Test: [1050/1563]	Time 2.058 (1.827)	Loss 3.0547 (3.5087)	Acc@1 75.000 (42.061)	Acc@5 87.500 (69.214)	Mem 9700MB
Test: [1060/1563]	Time 2.009 (1.829)	Loss 4.5586 (3.5135)	Acc@1 37.500 (42.000)	Acc@5 59.375 (69.174)	Mem 9700MB
Test: [1070/1563]	Time 2.137 (1.830)	Loss 2.4414 (3.5112)	Acc@1 78.125 (42.052)	Acc@5 87.500 (69.226)	Mem 9700MB
Test: [1080/1563]	Time 2.112 (1.833)	Loss 3.9883 (3.5102)	Acc@1 37.500 (42.056)	Acc@5 78.125 (69.221)	Mem 9700MB
Test: [1090/1563]	Time 2.049 (1.835)	Loss 4.3867 (3.5138)	Acc@1 21.875 (42.014)	Acc@5 46.875 (69.122)	Mem 9700MB
Test: [1100/1563]	Time 1.388 (1.835)	Loss 3.8770 (3.5117)	Acc@1 43.750 (42.064)	Acc@5 65.625 (69.181)	Mem 9700MB
Test: [1110/1563]	Time 1.838 (1.834)	Loss 4.5508 (3.5172)	Acc@1 18.750 (41.978)	Acc@5 43.750 (69.096)	Mem 9700MB
Test: [1120/1563]	Time 2.055 (1.835)	Loss 4.5586 (3.5153)	Acc@1 6.250 (42.022)	Acc@5 53.125 (69.129)	Mem 9700MB
Test: [1130/1563]	Time 2.063 (1.836)	Loss 3.8770 (3.5159)	Acc@1 46.875 (42.018)	Acc@5 59.375 (69.145)	Mem 9700MB
Test: [1140/1563]	Time 2.014 (1.837)	Loss 3.9785 (3.5159)	Acc@1 31.250 (42.044)	Acc@5 56.250 (69.122)	Mem 9700MB
Test: [1150/1563]	Time 2.093 (1.837)	Loss 3.6895 (3.5215)	Acc@1 50.000 (41.909)	Acc@5 81.250 (69.011)	Mem 9700MB
Test: [1160/1563]	Time 1.412 (1.834)	Loss 4.1992 (3.5203)	Acc@1 12.500 (41.968)	Acc@5 50.000 (69.043)	Mem 9700MB
Test: [1170/1563]	Time 1.910 (1.832)	Loss 3.9609 (3.5206)	Acc@1 25.000 (41.959)	Acc@5 59.375 (69.038)	Mem 9700MB
Test: [1180/1563]	Time 2.338 (1.832)	Loss 2.5312 (3.5212)	Acc@1 62.500 (41.945)	Acc@5 84.375 (69.044)	Mem 9700MB
Test: [1190/1563]	Time 2.100 (1.834)	Loss 3.5840 (3.5239)	Acc@1 40.625 (41.932)	Acc@5 65.625 (69.002)	Mem 9700MB
Test: [1200/1563]	Time 2.073 (1.834)	Loss 3.4199 (3.5268)	Acc@1 50.000 (41.908)	Acc@5 62.500 (68.914)	Mem 9700MB
Test: [1210/1563]	Time 2.098 (1.836)	Loss 4.0664 (3.5281)	Acc@1 18.750 (41.882)	Acc@5 62.500 (68.882)	Mem 9700MB
Test: [1220/1563]	Time 1.967 (1.838)	Loss 2.5195 (3.5304)	Acc@1 56.250 (41.825)	Acc@5 84.375 (68.855)	Mem 9700MB
Test: [1230/1563]	Time 2.089 (1.840)	Loss 4.2188 (3.5321)	Acc@1 9.375 (41.816)	Acc@5 53.125 (68.811)	Mem 9700MB
Test: [1240/1563]	Time 2.020 (1.840)	Loss 4.3438 (3.5343)	Acc@1 40.625 (41.783)	Acc@5 56.250 (68.790)	Mem 9700MB
Test: [1250/1563]	Time 2.053 (1.842)	Loss 2.8965 (3.5329)	Acc@1 75.000 (41.849)	Acc@5 84.375 (68.790)	Mem 9700MB
Test: [1260/1563]	Time 2.067 (1.843)	Loss 4.0430 (3.5314)	Acc@1 40.625 (41.919)	Acc@5 56.250 (68.809)	Mem 9700MB
Test: [1270/1563]	Time 1.342 (1.841)	Loss 3.5879 (3.5304)	Acc@1 34.375 (41.904)	Acc@5 53.125 (68.816)	Mem 9700MB
Test: [1280/1563]	Time 1.979 (1.840)	Loss 4.3711 (3.5303)	Acc@1 25.000 (41.881)	Acc@5 65.625 (68.811)	Mem 9700MB
Test: [1290/1563]	Time 1.428 (1.841)	Loss 3.6836 (3.5309)	Acc@1 43.750 (41.908)	Acc@5 65.625 (68.840)	Mem 9700MB
Test: [1300/1563]	Time 1.482 (1.839)	Loss 3.5820 (3.5340)	Acc@1 34.375 (41.845)	Acc@5 68.750 (68.776)	Mem 9700MB
Test: [1310/1563]	Time 2.042 (1.840)	Loss 3.7559 (3.5388)	Acc@1 31.250 (41.764)	Acc@5 75.000 (68.719)	Mem 9700MB
Test: [1320/1563]	Time 2.009 (1.842)	Loss 3.9199 (3.5417)	Acc@1 37.500 (41.699)	Acc@5 62.500 (68.700)	Mem 9700MB
Test: [1330/1563]	Time 1.359 (1.842)	Loss 4.2695 (3.5472)	Acc@1 25.000 (41.588)	Acc@5 65.625 (68.590)	Mem 9700MB
Test: [1340/1563]	Time 2.071 (1.842)	Loss 3.2852 (3.5448)	Acc@1 37.500 (41.690)	Acc@5 68.750 (68.652)	Mem 9700MB
Test: [1350/1563]	Time 2.011 (1.843)	Loss 4.5312 (3.5477)	Acc@1 6.250 (41.659)	Acc@5 37.500 (68.581)	Mem 9700MB
Test: [1360/1563]	Time 1.433 (1.844)	Loss 4.4961 (3.5529)	Acc@1 34.375 (41.585)	Acc@5 62.500 (68.486)	Mem 9700MB
Test: [1370/1563]	Time 1.787 (1.842)	Loss 4.2383 (3.5526)	Acc@1 37.500 (41.580)	Acc@5 53.125 (68.522)	Mem 9700MB
Test: [1380/1563]	Time 2.055 (1.841)	Loss 4.7617 (3.5552)	Acc@1 9.375 (41.562)	Acc@5 34.375 (68.460)	Mem 9700MB
Test: [1390/1563]	Time 2.099 (1.842)	Loss 4.0195 (3.5557)	Acc@1 31.250 (41.557)	Acc@5 56.250 (68.460)	Mem 9700MB
Test: [1400/1563]	Time 2.200 (1.843)	Loss 3.8867 (3.5549)	Acc@1 15.625 (41.526)	Acc@5 65.625 (68.460)	Mem 9700MB
Test: [1410/1563]	Time 1.512 (1.842)	Loss 3.0820 (3.5554)	Acc@1 56.250 (41.529)	Acc@5 75.000 (68.438)	Mem 9700MB
Test: [1420/1563]	Time 2.001 (1.841)	Loss 4.2227 (3.5558)	Acc@1 9.375 (41.502)	Acc@5 43.750 (68.387)	Mem 9700MB
Test: [1430/1563]	Time 2.009 (1.841)	Loss 4.0312 (3.5548)	Acc@1 34.375 (41.553)	Acc@5 62.500 (68.387)	Mem 9700MB
Test: [1440/1563]	Time 1.430 (1.843)	Loss 3.4082 (3.5516)	Acc@1 56.250 (41.668)	Acc@5 75.000 (68.457)	Mem 9700MB
Test: [1450/1563]	Time 2.144 (1.842)	Loss 3.7090 (3.5491)	Acc@1 21.875 (41.702)	Acc@5 65.625 (68.507)	Mem 9700MB
Test: [1460/1563]	Time 2.078 (1.844)	Loss 3.9121 (3.5496)	Acc@1 50.000 (41.688)	Acc@5 62.500 (68.519)	Mem 9700MB
Test: [1470/1563]	Time 2.030 (1.846)	Loss 2.5977 (3.5393)	Acc@1 62.500 (41.872)	Acc@5 90.625 (68.648)	Mem 9700MB
Test: [1480/1563]	Time 2.125 (1.847)	Loss 3.2539 (3.5339)	Acc@1 21.875 (41.935)	Acc@5 75.000 (68.716)	Mem 9700MB
Test: [1490/1563]	Time 2.082 (1.849)	Loss 2.9316 (3.5278)	Acc@1 56.250 (42.054)	Acc@5 81.250 (68.792)	Mem 9700MB
Test: [1500/1563]	Time 2.055 (1.850)	Loss 3.2031 (3.5234)	Acc@1 59.375 (42.170)	Acc@5 78.125 (68.852)	Mem 9700MB
Test: [1510/1563]	Time 1.377 (1.849)	Loss 3.9492 (3.5242)	Acc@1 34.375 (42.143)	Acc@5 65.625 (68.835)	Mem 9700MB
Test: [1520/1563]	Time 1.406 (1.850)	Loss 3.2852 (3.5257)	Acc@1 25.000 (42.086)	Acc@5 59.375 (68.799)	Mem 9700MB
Test: [1530/1563]	Time 2.475 (1.850)	Loss 3.1504 (3.5234)	Acc@1 46.875 (42.117)	Acc@5 81.250 (68.830)	Mem 9700MB
Test: [1540/1563]	Time 1.555 (1.850)	Loss 1.3828 (3.5211)	Acc@1 90.625 (42.160)	Acc@5 96.875 (68.833)	Mem 9700MB
Test: [1550/1563]	Time 2.106 (1.850)	Loss 2.4121 (3.5139)	Acc@1 75.000 (42.305)	Acc@5 87.500 (68.939)	Mem 9700MB
Test: [1560/1563]	Time 1.972 (1.850)	Loss 2.8359 (3.5073)	Acc@1 46.875 (42.473)	Acc@5 78.125 (69.028)	Mem 9700MB
 * Acc@1 42.455 Acc@5 69.002
