Successfully load ckpt /home/LiuYue/Workspace3/ckpts/ckpt_vssm_tiny_224/ckpt_epoch_292.pth
starting loop: img_size (224, 224)
Test: [0/391]	Time 2.608 (2.608)	Loss 0.2930 (0.2930)	Acc@1 96.094 (96.094)	Acc@5 99.219 (99.219)	Mem 6446MB
Test: [10/391]	Time 1.886 (1.663)	Loss 1.0029 (0.4278)	Acc@1 76.562 (92.116)	Acc@5 98.438 (98.580)	Mem 6446MB
Test: [20/391]	Time 1.382 (1.553)	Loss 0.5615 (0.5689)	Acc@1 90.625 (88.021)	Acc@5 96.094 (97.991)	Mem 6446MB
Test: [30/391]	Time 1.580 (1.517)	Loss 1.0635 (0.6875)	Acc@1 83.594 (85.005)	Acc@5 91.406 (97.228)	Mem 6446MB
Test: [40/391]	Time 1.353 (1.482)	Loss 0.4951 (0.6152)	Acc@1 91.406 (86.966)	Acc@5 96.875 (97.580)	Mem 6446MB
Test: [50/391]	Time 1.359 (1.476)	Loss 0.2512 (0.6161)	Acc@1 97.656 (87.331)	Acc@5 100.000 (97.534)	Mem 6446MB
Test: [60/391]	Time 1.261 (1.460)	Loss 0.8628 (0.5843)	Acc@1 77.344 (88.038)	Acc@5 95.312 (97.707)	Mem 6446MB
Test: [70/391]	Time 1.326 (1.448)	Loss 0.7378 (0.6125)	Acc@1 83.594 (87.269)	Acc@5 97.656 (97.590)	Mem 6446MB
Test: [80/391]	Time 1.346 (1.436)	Loss 0.6401 (0.6276)	Acc@1 82.031 (86.728)	Acc@5 96.875 (97.502)	Mem 6446MB
Test: [90/391]	Time 1.355 (1.428)	Loss 0.8525 (0.6298)	Acc@1 74.219 (86.702)	Acc@5 97.656 (97.459)	Mem 6446MB
Test: [100/391]	Time 1.410 (1.423)	Loss 0.4902 (0.6325)	Acc@1 89.062 (86.363)	Acc@5 98.438 (97.532)	Mem 6446MB
Test: [110/391]	Time 1.640 (1.437)	Loss 1.1182 (0.6433)	Acc@1 57.812 (85.853)	Acc@5 98.438 (97.551)	Mem 6446MB
Test: [120/391]	Time 1.438 (1.439)	Loss 0.4927 (0.6434)	Acc@1 90.625 (85.976)	Acc@5 97.656 (97.579)	Mem 6446MB
Test: [130/391]	Time 1.319 (1.443)	Loss 0.2651 (0.6341)	Acc@1 97.656 (86.254)	Acc@5 99.219 (97.567)	Mem 6446MB
Test: [140/391]	Time 1.420 (1.436)	Loss 1.0225 (0.6339)	Acc@1 71.875 (86.098)	Acc@5 98.438 (97.651)	Mem 6446MB
Test: [150/391]	Time 1.958 (1.441)	Loss 0.6938 (0.6404)	Acc@1 80.469 (86.010)	Acc@5 99.219 (97.584)	Mem 6446MB
Test: [160/391]	Time 1.518 (1.437)	Loss 0.6460 (0.6422)	Acc@1 84.375 (85.971)	Acc@5 97.656 (97.525)	Mem 6446MB
Test: [170/391]	Time 1.251 (1.431)	Loss 1.3916 (0.6559)	Acc@1 71.875 (85.522)	Acc@5 89.844 (97.410)	Mem 6446MB
Test: [180/391]	Time 1.336 (1.428)	Loss 1.3662 (0.6696)	Acc@1 64.062 (85.243)	Acc@5 93.750 (97.285)	Mem 6446MB
Test: [190/391]	Time 1.236 (1.428)	Loss 1.3457 (0.6885)	Acc@1 68.750 (84.743)	Acc@5 92.969 (97.096)	Mem 6446MB
Test: [200/391]	Time 1.150 (1.423)	Loss 0.4758 (0.7037)	Acc@1 86.719 (84.367)	Acc@5 98.438 (96.922)	Mem 6446MB
Test: [210/391]	Time 1.333 (1.421)	Loss 0.9321 (0.7160)	Acc@1 78.906 (84.042)	Acc@5 95.312 (96.842)	Mem 6446MB
Test: [220/391]	Time 1.430 (1.419)	Loss 0.3301 (0.7155)	Acc@1 92.188 (84.060)	Acc@5 100.000 (96.833)	Mem 6446MB
Test: [230/391]	Time 1.426 (1.420)	Loss 1.1631 (0.7187)	Acc@1 71.875 (83.979)	Acc@5 90.625 (96.794)	Mem 6446MB
Test: [240/391]	Time 1.368 (1.419)	Loss 0.6250 (0.7172)	Acc@1 89.844 (84.061)	Acc@5 94.531 (96.739)	Mem 6446MB
Test: [250/391]	Time 1.346 (1.415)	Loss 0.5747 (0.7327)	Acc@1 89.062 (83.603)	Acc@5 98.438 (96.595)	Mem 6446MB
Test: [260/391]	Time 1.427 (1.413)	Loss 0.6392 (0.7407)	Acc@1 83.594 (83.396)	Acc@5 97.656 (96.510)	Mem 6446MB
Test: [270/391]	Time 1.438 (1.411)	Loss 1.2979 (0.7475)	Acc@1 69.531 (83.225)	Acc@5 91.406 (96.434)	Mem 6446MB
Test: [280/391]	Time 1.279 (1.409)	Loss 0.9961 (0.7498)	Acc@1 75.781 (83.182)	Acc@5 95.312 (96.400)	Mem 6446MB
Test: [290/391]	Time 1.570 (1.413)	Loss 1.2012 (0.7549)	Acc@1 54.688 (83.051)	Acc@5 95.312 (96.330)	Mem 6446MB
Test: [300/391]	Time 1.273 (1.413)	Loss 0.6094 (0.7577)	Acc@1 87.500 (83.020)	Acc@5 98.438 (96.288)	Mem 6446MB
Test: [310/391]	Time 1.273 (1.412)	Loss 0.6797 (0.7607)	Acc@1 85.938 (82.941)	Acc@5 97.656 (96.234)	Mem 6446MB
Test: [320/391]	Time 1.265 (1.412)	Loss 0.5029 (0.7658)	Acc@1 89.844 (82.803)	Acc@5 98.438 (96.179)	Mem 6446MB
Test: [330/391]	Time 1.232 (1.409)	Loss 1.2852 (0.7758)	Acc@1 63.281 (82.513)	Acc@5 92.188 (96.106)	Mem 6446MB
Test: [340/391]	Time 1.500 (1.408)	Loss 0.7119 (0.7784)	Acc@1 85.156 (82.439)	Acc@5 97.656 (96.085)	Mem 6446MB
Test: [350/391]	Time 1.281 (1.406)	Loss 0.6934 (0.7793)	Acc@1 82.031 (82.372)	Acc@5 98.438 (96.074)	Mem 6446MB
Test: [360/391]	Time 1.342 (1.411)	Loss 1.2061 (0.7865)	Acc@1 71.094 (82.176)	Acc@5 94.531 (96.044)	Mem 6446MB
Test: [370/391]	Time 1.669 (1.411)	Loss 0.9878 (0.7845)	Acc@1 70.312 (82.204)	Acc@5 98.438 (96.081)	Mem 6446MB
Test: [380/391]	Time 1.346 (1.409)	Loss 0.6826 (0.7869)	Acc@1 82.812 (82.156)	Acc@5 98.438 (96.067)	Mem 6446MB
Test: [390/391]	Time 0.853 (1.409)	Loss 1.3994 (0.7855)	Acc@1 60.241 (82.185)	Acc@5 93.976 (96.088)	Mem 6446MB
 * Acc@1 82.185 Acc@5 96.088
Successfully load ckpt /home/LiuYue/Workspace3/ckpts/ckpt_vssm_tiny_224/ckpt_epoch_292.pth
starting loop: img_size (64, 64)
Test: [0/391]	Time 1.000 (1.000)	Loss 5.1758 (5.1758)	Acc@1 54.688 (54.688)	Acc@5 70.312 (70.312)	Mem 6446MB
Test: [10/391]	Time 1.435 (1.067)	Loss 7.2734 (5.0888)	Acc@1 35.156 (51.420)	Acc@5 57.812 (71.662)	Mem 6446MB
Test: [20/391]	Time 0.962 (1.044)	Loss 6.6211 (6.1882)	Acc@1 45.312 (42.746)	Acc@5 66.406 (64.249)	Mem 6446MB
Test: [30/391]	Time 1.156 (1.041)	Loss 6.5781 (6.7067)	Acc@1 43.750 (39.340)	Acc@5 60.938 (61.643)	Mem 6446MB
Test: [40/391]	Time 0.964 (1.024)	Loss 4.6562 (6.0795)	Acc@1 52.344 (44.569)	Acc@5 68.750 (65.396)	Mem 6446MB
Test: [50/391]	Time 0.960 (1.030)	Loss 2.5801 (6.1181)	Acc@1 71.094 (44.194)	Acc@5 85.938 (65.656)	Mem 6446MB
Test: [60/391]	Time 0.872 (1.022)	Loss 6.2227 (5.8137)	Acc@1 39.062 (46.299)	Acc@5 67.188 (67.713)	Mem 6446MB
Test: [70/391]	Time 0.932 (1.016)	Loss 7.7734 (5.8571)	Acc@1 30.469 (45.379)	Acc@5 57.031 (68.002)	Mem 6446MB
Test: [80/391]	Time 0.924 (1.007)	Loss 7.9102 (5.9106)	Acc@1 29.688 (44.666)	Acc@5 53.906 (67.911)	Mem 6446MB
Test: [90/391]	Time 0.955 (1.003)	Loss 5.0508 (5.9175)	Acc@1 41.406 (44.377)	Acc@5 78.906 (68.020)	Mem 6446MB
Test: [100/391]	Time 0.899 (0.995)	Loss 6.3008 (5.8833)	Acc@1 36.719 (44.175)	Acc@5 69.531 (68.464)	Mem 6446MB
Test: [110/391]	Time 1.221 (1.001)	Loss 6.7656 (5.8878)	Acc@1 31.250 (44.130)	Acc@5 64.844 (68.708)	Mem 6446MB
Test: [120/391]	Time 0.979 (1.005)	Loss 7.5312 (5.8726)	Acc@1 35.156 (44.544)	Acc@5 64.844 (68.982)	Mem 6446MB
Test: [130/391]	Time 0.933 (1.010)	Loss 6.2617 (5.9149)	Acc@1 47.656 (44.448)	Acc@5 65.625 (68.577)	Mem 6446MB
Test: [140/391]	Time 1.020 (1.005)	Loss 6.8125 (5.8382)	Acc@1 33.594 (44.919)	Acc@5 67.188 (69.044)	Mem 6446MB
Test: [150/391]	Time 1.557 (1.012)	Loss 3.7871 (5.7652)	Acc@1 56.250 (45.354)	Acc@5 82.812 (69.412)	Mem 6446MB
Test: [160/391]	Time 1.104 (1.010)	Loss 6.4531 (5.8053)	Acc@1 37.500 (45.162)	Acc@5 61.719 (69.177)	Mem 6446MB
Test: [170/391]	Time 0.864 (1.006)	Loss 6.6484 (5.9053)	Acc@1 28.906 (44.559)	Acc@5 59.375 (68.476)	Mem 6446MB
Test: [180/391]	Time 0.933 (1.004)	Loss 8.2656 (5.9899)	Acc@1 28.906 (43.966)	Acc@5 53.125 (67.926)	Mem 6446MB
Test: [190/391]	Time 0.839 (1.005)	Loss 7.6133 (6.0574)	Acc@1 29.688 (43.451)	Acc@5 60.156 (67.466)	Mem 6446MB
Test: [200/391]	Time 0.767 (1.001)	Loss 8.0469 (6.1446)	Acc@1 25.781 (42.860)	Acc@5 50.781 (66.845)	Mem 6446MB
Test: [210/391]	Time 0.933 (1.000)	Loss 7.7422 (6.1999)	Acc@1 34.375 (42.491)	Acc@5 60.938 (66.532)	Mem 6446MB
Test: [220/391]	Time 1.039 (1.000)	Loss 5.5352 (6.2318)	Acc@1 46.875 (42.371)	Acc@5 71.094 (66.293)	Mem 6446MB
Test: [230/391]	Time 1.023 (1.001)	Loss 10.3750 (6.2783)	Acc@1 15.625 (42.177)	Acc@5 46.875 (66.048)	Mem 6446MB
Test: [240/391]	Time 0.964 (1.002)	Loss 8.2109 (6.3170)	Acc@1 30.469 (41.999)	Acc@5 50.781 (65.706)	Mem 6446MB
Test: [250/391]	Time 0.937 (0.998)	Loss 6.8086 (6.3754)	Acc@1 41.406 (41.577)	Acc@5 64.844 (65.395)	Mem 6446MB
Test: [260/391]	Time 1.020 (0.997)	Loss 6.4727 (6.4091)	Acc@1 34.375 (41.278)	Acc@5 57.812 (65.119)	Mem 6446MB
Test: [270/391]	Time 1.037 (0.995)	Loss 6.8672 (6.4360)	Acc@1 35.156 (41.164)	Acc@5 67.188 (64.939)	Mem 6446MB
Test: [280/391]	Time 0.895 (0.994)	Loss 7.2266 (6.4440)	Acc@1 32.031 (41.095)	Acc@5 57.031 (64.877)	Mem 6446MB
Test: [290/391]	Time 0.808 (0.993)	Loss 7.6250 (6.4715)	Acc@1 30.469 (41.012)	Acc@5 60.938 (64.680)	Mem 6446MB
Test: [300/391]	Time 0.884 (0.991)	Loss 6.8125 (6.4880)	Acc@1 42.969 (40.939)	Acc@5 62.500 (64.556)	Mem 6446MB
Test: [310/391]	Time 0.881 (0.991)	Loss 7.0977 (6.5261)	Acc@1 37.500 (40.728)	Acc@5 64.844 (64.268)	Mem 6446MB
Test: [320/391]	Time 0.882 (0.991)	Loss 4.4727 (6.5294)	Acc@1 57.031 (40.725)	Acc@5 73.438 (64.240)	Mem 6446MB
Test: [330/391]	Time 0.837 (0.989)	Loss 7.2656 (6.5868)	Acc@1 32.812 (40.323)	Acc@5 55.469 (63.841)	Mem 6446MB
Test: [340/391]	Time 1.101 (0.988)	Loss 5.1641 (6.5797)	Acc@1 41.406 (40.316)	Acc@5 75.000 (63.861)	Mem 6446MB
Test: [350/391]	Time 0.879 (0.987)	Loss 4.9727 (6.5837)	Acc@1 48.438 (40.253)	Acc@5 71.875 (63.815)	Mem 6446MB
Test: [360/391]	Time 0.945 (0.986)	Loss 7.5469 (6.6013)	Acc@1 24.219 (40.123)	Acc@5 67.188 (63.747)	Mem 6446MB
Test: [370/391]	Time 1.192 (0.987)	Loss 4.8203 (6.5814)	Acc@1 52.344 (40.259)	Acc@5 77.344 (63.959)	Mem 6446MB
Test: [380/391]	Time 0.958 (0.986)	Loss 2.3789 (6.5635)	Acc@1 73.438 (40.440)	Acc@5 92.188 (64.071)	Mem 6446MB
Test: [390/391]	Time 0.595 (0.986)	Loss 8.4609 (6.5001)	Acc@1 19.277 (40.858)	Acc@5 54.217 (64.464)	Mem 6446MB
 * Acc@1 40.858 Acc@5 64.464
Successfully load ckpt /home/LiuYue/Workspace3/ckpts/ckpt_vssm_tiny_224/ckpt_epoch_292.pth
starting loop: img_size (112, 112)
Warning, x.shape torch.Size([128, 7, 7, 384]) is not match even ===========
Test: [0/391]	Time 1.096 (1.096)	Loss 0.8267 (0.8267)	Acc@1 88.281 (88.281)	Acc@5 95.312 (95.312)	Mem 6446MB
Warning, x.shape torch.Size([128, 7, 7, 384]) is not match even ===========
Warning, x.shape torch.Size([128, 7, 7, 384]) is not match even ===========
Warning, x.shape torch.Size([128, 7, 7, 384]) is not match even ===========
Warning, x.shape torch.Size([128, 7, 7, 384]) is not match even ===========
Warning, x.shape torch.Size([128, 7, 7, 384]) is not match even ===========
Warning, x.shape torch.Size([128, 7, 7, 384]) is not match even ===========
Warning, x.shape torch.Size([128, 7, 7, 384]) is not match even ===========
Warning, x.shape torch.Size([128, 7, 7, 384]) is not match even ===========
Warning, x.shape torch.Size([128, 7, 7, 384]) is not match even ===========
Warning, x.shape torch.Size([128, 7, 7, 384]) is not match even ===========
Test: [10/391]	Time 2.089 (1.443)	Loss 2.1465 (0.9598)	Acc@1 65.625 (83.594)	Acc@5 89.062 (93.750)	Mem 6446MB
Warning, x.shape torch.Size([128, 7, 7, 384]) is not match even ===========
Warning, x.shape torch.Size([128, 7, 7, 384]) is not match even ===========
Warning, x.shape torch.Size([128, 7, 7, 384]) is not match even ===========
Warning, x.shape torch.Size([128, 7, 7, 384]) is not match even ===========
Warning, x.shape torch.Size([128, 7, 7, 384]) is not match even ===========
Warning, x.shape torch.Size([128, 7, 7, 384]) is not match even ===========
Warning, x.shape torch.Size([128, 7, 7, 384]) is not match even ===========
Warning, x.shape torch.Size([128, 7, 7, 384]) is not match even ===========
Warning, x.shape torch.Size([128, 7, 7, 384]) is not match even ===========
Warning, x.shape torch.Size([128, 7, 7, 384]) is not match even ===========
Test: [20/391]	Time 1.386 (1.458)	Loss 1.4678 (1.4474)	Acc@1 78.906 (76.116)	Acc@5 89.062 (90.179)	Mem 6446MB
Warning, x.shape torch.Size([128, 7, 7, 384]) is not match even ===========
Warning, x.shape torch.Size([128, 7, 7, 384]) is not match even ===========
Warning, x.shape torch.Size([128, 7, 7, 384]) is not match even ===========
Warning, x.shape torch.Size([128, 7, 7, 384]) is not match even ===========
Warning, x.shape torch.Size([128, 7, 7, 384]) is not match even ===========
Warning, x.shape torch.Size([128, 7, 7, 384]) is not match even ===========
Warning, x.shape torch.Size([128, 7, 7, 384]) is not match even ===========
Warning, x.shape torch.Size([128, 7, 7, 384]) is not match even ===========
Warning, x.shape torch.Size([128, 7, 7, 384]) is not match even ===========
Warning, x.shape torch.Size([128, 7, 7, 384]) is not match even ===========
Test: [30/391]	Time 1.743 (1.478)	Loss 1.8408 (1.6702)	Acc@1 75.000 (72.354)	Acc@5 86.719 (89.340)	Mem 6446MB
Warning, x.shape torch.Size([128, 7, 7, 384]) is not match even ===========
Warning, x.shape torch.Size([128, 7, 7, 384]) is not match even ===========
Warning, x.shape torch.Size([128, 7, 7, 384]) is not match even ===========
Warning, x.shape torch.Size([128, 7, 7, 384]) is not match even ===========
Warning, x.shape torch.Size([128, 7, 7, 384]) is not match even ===========
Warning, x.shape torch.Size([128, 7, 7, 384]) is not match even ===========
Warning, x.shape torch.Size([128, 7, 7, 384]) is not match even ===========
Warning, x.shape torch.Size([128, 7, 7, 384]) is not match even ===========
Warning, x.shape torch.Size([128, 7, 7, 384]) is not match even ===========
Warning, x.shape torch.Size([128, 7, 7, 384]) is not match even ===========
Test: [40/391]	Time 1.374 (1.460)	Loss 1.0498 (1.4529)	Acc@1 82.812 (75.591)	Acc@5 91.406 (90.663)	Mem 6446MB
Warning, x.shape torch.Size([128, 7, 7, 384]) is not match even ===========
Warning, x.shape torch.Size([128, 7, 7, 384]) is not match even ===========
Warning, x.shape torch.Size([128, 7, 7, 384]) is not match even ===========
Warning, x.shape torch.Size([128, 7, 7, 384]) is not match even ===========
Warning, x.shape torch.Size([128, 7, 7, 384]) is not match even ===========
Warning, x.shape torch.Size([128, 7, 7, 384]) is not match even ===========
Warning, x.shape torch.Size([128, 7, 7, 384]) is not match even ===========
Warning, x.shape torch.Size([128, 7, 7, 384]) is not match even ===========
Warning, x.shape torch.Size([128, 7, 7, 384]) is not match even ===========
Warning, x.shape torch.Size([128, 7, 7, 384]) is not match even ===========
Test: [50/391]	Time 1.040 (1.420)	Loss 0.3657 (1.4587)	Acc@1 92.969 (75.797)	Acc@5 96.875 (90.702)	Mem 6446MB
Warning, x.shape torch.Size([128, 7, 7, 384]) is not match even ===========
Warning, x.shape torch.Size([128, 7, 7, 384]) is not match even ===========
Warning, x.shape torch.Size([128, 7, 7, 384]) is not match even ===========
Warning, x.shape torch.Size([128, 7, 7, 384]) is not match even ===========
Warning, x.shape torch.Size([128, 7, 7, 384]) is not match even ===========
Warning, x.shape torch.Size([128, 7, 7, 384]) is not match even ===========
Warning, x.shape torch.Size([128, 7, 7, 384]) is not match even ===========
Warning, x.shape torch.Size([128, 7, 7, 384]) is not match even ===========
Warning, x.shape torch.Size([128, 7, 7, 384]) is not match even ===========
Warning, x.shape torch.Size([128, 7, 7, 384]) is not match even ===========
Test: [60/391]	Time 0.962 (1.363)	Loss 1.6455 (1.3669)	Acc@1 75.000 (77.254)	Acc@5 92.969 (91.483)	Mem 6446MB
Warning, x.shape torch.Size([128, 7, 7, 384]) is not match even ===========
Warning, x.shape torch.Size([128, 7, 7, 384]) is not match even ===========
Warning, x.shape torch.Size([128, 7, 7, 384]) is not match even ===========
Warning, x.shape torch.Size([128, 7, 7, 384]) is not match even ===========
Warning, x.shape torch.Size([128, 7, 7, 384]) is not match even ===========
Warning, x.shape torch.Size([128, 7, 7, 384]) is not match even ===========
Warning, x.shape torch.Size([128, 7, 7, 384]) is not match even ===========
Warning, x.shape torch.Size([128, 7, 7, 384]) is not match even ===========
Warning, x.shape torch.Size([128, 7, 7, 384]) is not match even ===========
Warning, x.shape torch.Size([128, 7, 7, 384]) is not match even ===========
Test: [70/391]	Time 1.020 (1.322)	Loss 1.8564 (1.4148)	Acc@1 66.406 (75.979)	Acc@5 88.281 (91.615)	Mem 6446MB
Warning, x.shape torch.Size([128, 7, 7, 384]) is not match even ===========
Warning, x.shape torch.Size([128, 7, 7, 384]) is not match even ===========
Warning, x.shape torch.Size([128, 7, 7, 384]) is not match even ===========
Warning, x.shape torch.Size([128, 7, 7, 384]) is not match even ===========
Warning, x.shape torch.Size([128, 7, 7, 384]) is not match even ===========
Warning, x.shape torch.Size([128, 7, 7, 384]) is not match even ===========
Warning, x.shape torch.Size([128, 7, 7, 384]) is not match even ===========
Warning, x.shape torch.Size([128, 7, 7, 384]) is not match even ===========
Warning, x.shape torch.Size([128, 7, 7, 384]) is not match even ===========
Warning, x.shape torch.Size([128, 7, 7, 384]) is not match even ===========
Test: [80/391]	Time 0.998 (1.285)	Loss 1.8711 (1.4317)	Acc@1 64.062 (75.338)	Acc@5 89.844 (91.715)	Mem 6446MB
Warning, x.shape torch.Size([128, 7, 7, 384]) is not match even ===========
Warning, x.shape torch.Size([128, 7, 7, 384]) is not match even ===========
Warning, x.shape torch.Size([128, 7, 7, 384]) is not match even ===========
Warning, x.shape torch.Size([128, 7, 7, 384]) is not match even ===========
Warning, x.shape torch.Size([128, 7, 7, 384]) is not match even ===========
Warning, x.shape torch.Size([128, 7, 7, 384]) is not match even ===========
Warning, x.shape torch.Size([128, 7, 7, 384]) is not match even ===========
Warning, x.shape torch.Size([128, 7, 7, 384]) is not match even ===========
Warning, x.shape torch.Size([128, 7, 7, 384]) is not match even ===========
Warning, x.shape torch.Size([128, 7, 7, 384]) is not match even ===========
Test: [90/391]	Time 1.034 (1.259)	Loss 2.0332 (1.4439)	Acc@1 60.156 (75.318)	Acc@5 89.844 (91.775)	Mem 6446MB
Warning, x.shape torch.Size([128, 7, 7, 384]) is not match even ===========
Warning, x.shape torch.Size([128, 7, 7, 384]) is not match even ===========
Warning, x.shape torch.Size([128, 7, 7, 384]) is not match even ===========
Warning, x.shape torch.Size([128, 7, 7, 384]) is not match even ===========
Warning, x.shape torch.Size([128, 7, 7, 384]) is not match even ===========
Warning, x.shape torch.Size([128, 7, 7, 384]) is not match even ===========
Warning, x.shape torch.Size([128, 7, 7, 384]) is not match even ===========
Warning, x.shape torch.Size([128, 7, 7, 384]) is not match even ===========
Warning, x.shape torch.Size([128, 7, 7, 384]) is not match even ===========
Warning, x.shape torch.Size([128, 7, 7, 384]) is not match even ===========
Test: [100/391]	Time 0.980 (1.235)	Loss 1.2666 (1.4366)	Acc@1 77.344 (75.131)	Acc@5 92.969 (92.010)	Mem 6446MB
Warning, x.shape torch.Size([128, 7, 7, 384]) is not match even ===========
Warning, x.shape torch.Size([128, 7, 7, 384]) is not match even ===========
Warning, x.shape torch.Size([128, 7, 7, 384]) is not match even ===========
Warning, x.shape torch.Size([128, 7, 7, 384]) is not match even ===========
Warning, x.shape torch.Size([128, 7, 7, 384]) is not match even ===========
Warning, x.shape torch.Size([128, 7, 7, 384]) is not match even ===========
Warning, x.shape torch.Size([128, 7, 7, 384]) is not match even ===========
Warning, x.shape torch.Size([128, 7, 7, 384]) is not match even ===========
Warning, x.shape torch.Size([128, 7, 7, 384]) is not match even ===========
Warning, x.shape torch.Size([128, 7, 7, 384]) is not match even ===========
Test: [110/391]	Time 1.332 (1.230)	Loss 2.2988 (1.4375)	Acc@1 50.781 (74.894)	Acc@5 92.969 (92.237)	Mem 6446MB
Warning, x.shape torch.Size([128, 7, 7, 384]) is not match even ===========
Warning, x.shape torch.Size([128, 7, 7, 384]) is not match even ===========
Warning, x.shape torch.Size([128, 7, 7, 384]) is not match even ===========
Warning, x.shape torch.Size([128, 7, 7, 384]) is not match even ===========
Warning, x.shape torch.Size([128, 7, 7, 384]) is not match even ===========
Warning, x.shape torch.Size([128, 7, 7, 384]) is not match even ===========
Warning, x.shape torch.Size([128, 7, 7, 384]) is not match even ===========
Warning, x.shape torch.Size([128, 7, 7, 384]) is not match even ===========
Warning, x.shape torch.Size([128, 7, 7, 384]) is not match even ===========
Warning, x.shape torch.Size([128, 7, 7, 384]) is not match even ===========
Test: [120/391]	Time 1.084 (1.222)	Loss 1.7227 (1.4393)	Acc@1 70.312 (75.045)	Acc@5 92.188 (92.362)	Mem 6446MB
Warning, x.shape torch.Size([128, 7, 7, 384]) is not match even ===========
Warning, x.shape torch.Size([128, 7, 7, 384]) is not match even ===========
Warning, x.shape torch.Size([128, 7, 7, 384]) is not match even ===========
Warning, x.shape torch.Size([128, 7, 7, 384]) is not match even ===========
Warning, x.shape torch.Size([128, 7, 7, 384]) is not match even ===========
Warning, x.shape torch.Size([128, 7, 7, 384]) is not match even ===========
Warning, x.shape torch.Size([128, 7, 7, 384]) is not match even ===========
Warning, x.shape torch.Size([128, 7, 7, 384]) is not match even ===========
Warning, x.shape torch.Size([128, 7, 7, 384]) is not match even ===========
Warning, x.shape torch.Size([128, 7, 7, 384]) is not match even ===========
Test: [130/391]	Time 1.004 (1.219)	Loss 0.8916 (1.4300)	Acc@1 85.938 (75.322)	Acc@5 93.750 (92.366)	Mem 6446MB
Warning, x.shape torch.Size([128, 7, 7, 384]) is not match even ===========
Warning, x.shape torch.Size([128, 7, 7, 384]) is not match even ===========
Warning, x.shape torch.Size([128, 7, 7, 384]) is not match even ===========
Warning, x.shape torch.Size([128, 7, 7, 384]) is not match even ===========
Warning, x.shape torch.Size([128, 7, 7, 384]) is not match even ===========
Warning, x.shape torch.Size([128, 7, 7, 384]) is not match even ===========
Warning, x.shape torch.Size([128, 7, 7, 384]) is not match even ===========
Warning, x.shape torch.Size([128, 7, 7, 384]) is not match even ===========
Warning, x.shape torch.Size([128, 7, 7, 384]) is not match even ===========
Warning, x.shape torch.Size([128, 7, 7, 384]) is not match even ===========
Test: [140/391]	Time 1.123 (1.206)	Loss 1.7383 (1.4173)	Acc@1 71.094 (75.327)	Acc@5 93.750 (92.553)	Mem 6446MB
Warning, x.shape torch.Size([128, 7, 7, 384]) is not match even ===========
Warning, x.shape torch.Size([128, 7, 7, 384]) is not match even ===========
Warning, x.shape torch.Size([128, 7, 7, 384]) is not match even ===========
Warning, x.shape torch.Size([128, 7, 7, 384]) is not match even ===========
Warning, x.shape torch.Size([128, 7, 7, 384]) is not match even ===========
Warning, x.shape torch.Size([128, 7, 7, 384]) is not match even ===========
Warning, x.shape torch.Size([128, 7, 7, 384]) is not match even ===========
Warning, x.shape torch.Size([128, 7, 7, 384]) is not match even ===========
Warning, x.shape torch.Size([128, 7, 7, 384]) is not match even ===========
Warning, x.shape torch.Size([128, 7, 7, 384]) is not match even ===========
Test: [150/391]	Time 1.883 (1.207)	Loss 1.1738 (1.4126)	Acc@1 73.438 (75.481)	Acc@5 96.875 (92.643)	Mem 6446MB
Warning, x.shape torch.Size([128, 7, 7, 384]) is not match even ===========
Warning, x.shape torch.Size([128, 7, 7, 384]) is not match even ===========
Warning, x.shape torch.Size([128, 7, 7, 384]) is not match even ===========
Warning, x.shape torch.Size([128, 7, 7, 384]) is not match even ===========
Warning, x.shape torch.Size([128, 7, 7, 384]) is not match even ===========
Warning, x.shape torch.Size([128, 7, 7, 384]) is not match even ===========
Warning, x.shape torch.Size([128, 7, 7, 384]) is not match even ===========
Warning, x.shape torch.Size([128, 7, 7, 384]) is not match even ===========
Warning, x.shape torch.Size([128, 7, 7, 384]) is not match even ===========
Warning, x.shape torch.Size([128, 7, 7, 384]) is not match even ===========
Test: [160/391]	Time 1.219 (1.199)	Loss 1.2734 (1.4249)	Acc@1 73.438 (75.408)	Acc@5 90.625 (92.542)	Mem 6446MB
Warning, x.shape torch.Size([128, 7, 7, 384]) is not match even ===========
Warning, x.shape torch.Size([128, 7, 7, 384]) is not match even ===========
Warning, x.shape torch.Size([128, 7, 7, 384]) is not match even ===========
Warning, x.shape torch.Size([128, 7, 7, 384]) is not match even ===========
Warning, x.shape torch.Size([128, 7, 7, 384]) is not match even ===========
Warning, x.shape torch.Size([128, 7, 7, 384]) is not match even ===========
Warning, x.shape torch.Size([128, 7, 7, 384]) is not match even ===========
Warning, x.shape torch.Size([128, 7, 7, 384]) is not match even ===========
Warning, x.shape torch.Size([128, 7, 7, 384]) is not match even ===========
Warning, x.shape torch.Size([128, 7, 7, 384]) is not match even ===========
Test: [170/391]	Time 0.951 (1.189)	Loss 2.3223 (1.4712)	Acc@1 60.156 (74.767)	Acc@5 86.719 (92.224)	Mem 6446MB
Warning, x.shape torch.Size([128, 7, 7, 384]) is not match even ===========
Warning, x.shape torch.Size([128, 7, 7, 384]) is not match even ===========
Warning, x.shape torch.Size([128, 7, 7, 384]) is not match even ===========
Warning, x.shape torch.Size([128, 7, 7, 384]) is not match even ===========
Warning, x.shape torch.Size([128, 7, 7, 384]) is not match even ===========
Warning, x.shape torch.Size([128, 7, 7, 384]) is not match even ===========
Warning, x.shape torch.Size([128, 7, 7, 384]) is not match even ===========
Warning, x.shape torch.Size([128, 7, 7, 384]) is not match even ===========
Warning, x.shape torch.Size([128, 7, 7, 384]) is not match even ===========
Warning, x.shape torch.Size([128, 7, 7, 384]) is not match even ===========
Test: [180/391]	Time 1.013 (1.185)	Loss 2.8008 (1.5126)	Acc@1 55.469 (74.249)	Acc@5 80.469 (91.894)	Mem 6446MB
Warning, x.shape torch.Size([128, 7, 7, 384]) is not match even ===========
Warning, x.shape torch.Size([128, 7, 7, 384]) is not match even ===========
Warning, x.shape torch.Size([128, 7, 7, 384]) is not match even ===========
Warning, x.shape torch.Size([128, 7, 7, 384]) is not match even ===========
Warning, x.shape torch.Size([128, 7, 7, 384]) is not match even ===========
Warning, x.shape torch.Size([128, 7, 7, 384]) is not match even ===========
Warning, x.shape torch.Size([128, 7, 7, 384]) is not match even ===========
Warning, x.shape torch.Size([128, 7, 7, 384]) is not match even ===========
Warning, x.shape torch.Size([128, 7, 7, 384]) is not match even ===========
Warning, x.shape torch.Size([128, 7, 7, 384]) is not match even ===========
Test: [190/391]	Time 1.178 (1.189)	Loss 2.7695 (1.5542)	Acc@1 57.812 (73.646)	Acc@5 80.469 (91.594)	Mem 6446MB
Warning, x.shape torch.Size([128, 7, 7, 384]) is not match even ===========
Warning, x.shape torch.Size([128, 7, 7, 384]) is not match even ===========
Warning, x.shape torch.Size([128, 7, 7, 384]) is not match even ===========
Warning, x.shape torch.Size([128, 7, 7, 384]) is not match even ===========
Warning, x.shape torch.Size([128, 7, 7, 384]) is not match even ===========
Warning, x.shape torch.Size([128, 7, 7, 384]) is not match even ===========
Warning, x.shape torch.Size([128, 7, 7, 384]) is not match even ===========
Warning, x.shape torch.Size([128, 7, 7, 384]) is not match even ===========
Warning, x.shape torch.Size([128, 7, 7, 384]) is not match even ===========
Warning, x.shape torch.Size([128, 7, 7, 384]) is not match even ===========
Test: [200/391]	Time 0.865 (1.186)	Loss 1.4258 (1.5983)	Acc@1 72.656 (73.099)	Acc@5 88.281 (91.192)	Mem 6446MB
Warning, x.shape torch.Size([128, 7, 7, 384]) is not match even ===========
Warning, x.shape torch.Size([128, 7, 7, 384]) is not match even ===========
Warning, x.shape torch.Size([128, 7, 7, 384]) is not match even ===========
Warning, x.shape torch.Size([128, 7, 7, 384]) is not match even ===========
Warning, x.shape torch.Size([128, 7, 7, 384]) is not match even ===========
Warning, x.shape torch.Size([128, 7, 7, 384]) is not match even ===========
Warning, x.shape torch.Size([128, 7, 7, 384]) is not match even ===========
Warning, x.shape torch.Size([128, 7, 7, 384]) is not match even ===========
Warning, x.shape torch.Size([128, 7, 7, 384]) is not match even ===========
Warning, x.shape torch.Size([128, 7, 7, 384]) is not match even ===========
Test: [210/391]	Time 1.119 (1.191)	Loss 2.4805 (1.6257)	Acc@1 63.281 (72.771)	Acc@5 82.812 (90.984)	Mem 6446MB
Warning, x.shape torch.Size([128, 7, 7, 384]) is not match even ===========
Warning, x.shape torch.Size([128, 7, 7, 384]) is not match even ===========
Warning, x.shape torch.Size([128, 7, 7, 384]) is not match even ===========
Warning, x.shape torch.Size([128, 7, 7, 384]) is not match even ===========
Warning, x.shape torch.Size([128, 7, 7, 384]) is not match even ===========
Warning, x.shape torch.Size([128, 7, 7, 384]) is not match even ===========
Warning, x.shape torch.Size([128, 7, 7, 384]) is not match even ===========
Warning, x.shape torch.Size([128, 7, 7, 384]) is not match even ===========
Warning, x.shape torch.Size([128, 7, 7, 384]) is not match even ===========
Warning, x.shape torch.Size([128, 7, 7, 384]) is not match even ===========
Test: [220/391]	Time 1.152 (1.187)	Loss 1.0947 (1.6326)	Acc@1 83.594 (72.723)	Acc@5 92.969 (90.844)	Mem 6446MB
Warning, x.shape torch.Size([128, 7, 7, 384]) is not match even ===========
Warning, x.shape torch.Size([128, 7, 7, 384]) is not match even ===========
Warning, x.shape torch.Size([128, 7, 7, 384]) is not match even ===========
Warning, x.shape torch.Size([128, 7, 7, 384]) is not match even ===========
Warning, x.shape torch.Size([128, 7, 7, 384]) is not match even ===========
Warning, x.shape torch.Size([128, 7, 7, 384]) is not match even ===========
Warning, x.shape torch.Size([128, 7, 7, 384]) is not match even ===========
Warning, x.shape torch.Size([128, 7, 7, 384]) is not match even ===========
Warning, x.shape torch.Size([128, 7, 7, 384]) is not match even ===========
Warning, x.shape torch.Size([128, 7, 7, 384]) is not match even ===========
Test: [230/391]	Time 1.122 (1.185)	Loss 3.2461 (1.6460)	Acc@1 52.344 (72.616)	Acc@5 77.344 (90.689)	Mem 6446MB
Warning, x.shape torch.Size([128, 7, 7, 384]) is not match even ===========
Warning, x.shape torch.Size([128, 7, 7, 384]) is not match even ===========
Warning, x.shape torch.Size([128, 7, 7, 384]) is not match even ===========
Warning, x.shape torch.Size([128, 7, 7, 384]) is not match even ===========
Warning, x.shape torch.Size([128, 7, 7, 384]) is not match even ===========
Warning, x.shape torch.Size([128, 7, 7, 384]) is not match even ===========
Warning, x.shape torch.Size([128, 7, 7, 384]) is not match even ===========
Warning, x.shape torch.Size([128, 7, 7, 384]) is not match even ===========
Warning, x.shape torch.Size([128, 7, 7, 384]) is not match even ===========
Warning, x.shape torch.Size([128, 7, 7, 384]) is not match even ===========
Test: [240/391]	Time 1.038 (1.181)	Loss 2.0312 (1.6564)	Acc@1 73.438 (72.510)	Acc@5 83.594 (90.508)	Mem 6446MB
Warning, x.shape torch.Size([128, 7, 7, 384]) is not match even ===========
Warning, x.shape torch.Size([128, 7, 7, 384]) is not match even ===========
Warning, x.shape torch.Size([128, 7, 7, 384]) is not match even ===========
Warning, x.shape torch.Size([128, 7, 7, 384]) is not match even ===========
Warning, x.shape torch.Size([128, 7, 7, 384]) is not match even ===========
Warning, x.shape torch.Size([128, 7, 7, 384]) is not match even ===========
Warning, x.shape torch.Size([128, 7, 7, 384]) is not match even ===========
Warning, x.shape torch.Size([128, 7, 7, 384]) is not match even ===========
Warning, x.shape torch.Size([128, 7, 7, 384]) is not match even ===========
Warning, x.shape torch.Size([128, 7, 7, 384]) is not match even ===========
Test: [250/391]	Time 1.028 (1.173)	Loss 1.8496 (1.6904)	Acc@1 74.219 (71.931)	Acc@5 90.625 (90.289)	Mem 6446MB
Warning, x.shape torch.Size([128, 7, 7, 384]) is not match even ===========
Warning, x.shape torch.Size([128, 7, 7, 384]) is not match even ===========
Warning, x.shape torch.Size([128, 7, 7, 384]) is not match even ===========
Warning, x.shape torch.Size([128, 7, 7, 384]) is not match even ===========
Warning, x.shape torch.Size([128, 7, 7, 384]) is not match even ===========
Warning, x.shape torch.Size([128, 7, 7, 384]) is not match even ===========
Warning, x.shape torch.Size([128, 7, 7, 384]) is not match even ===========
Warning, x.shape torch.Size([128, 7, 7, 384]) is not match even ===========
Warning, x.shape torch.Size([128, 7, 7, 384]) is not match even ===========
Warning, x.shape torch.Size([128, 7, 7, 384]) is not match even ===========
Test: [260/391]	Time 1.130 (1.172)	Loss 1.4141 (1.7105)	Acc@1 73.438 (71.639)	Acc@5 90.625 (90.134)	Mem 6446MB
Warning, x.shape torch.Size([128, 7, 7, 384]) is not match even ===========
Warning, x.shape torch.Size([128, 7, 7, 384]) is not match even ===========
Warning, x.shape torch.Size([128, 7, 7, 384]) is not match even ===========
Warning, x.shape torch.Size([128, 7, 7, 384]) is not match even ===========
Warning, x.shape torch.Size([128, 7, 7, 384]) is not match even ===========
Warning, x.shape torch.Size([128, 7, 7, 384]) is not match even ===========
Warning, x.shape torch.Size([128, 7, 7, 384]) is not match even ===========
Warning, x.shape torch.Size([128, 7, 7, 384]) is not match even ===========
Warning, x.shape torch.Size([128, 7, 7, 384]) is not match even ===========
Warning, x.shape torch.Size([128, 7, 7, 384]) is not match even ===========
Test: [270/391]	Time 1.528 (1.169)	Loss 2.6719 (1.7294)	Acc@1 57.031 (71.411)	Acc@5 84.375 (89.991)	Mem 6446MB
Warning, x.shape torch.Size([128, 7, 7, 384]) is not match even ===========
Warning, x.shape torch.Size([128, 7, 7, 384]) is not match even ===========
Warning, x.shape torch.Size([128, 7, 7, 384]) is not match even ===========
Warning, x.shape torch.Size([128, 7, 7, 384]) is not match even ===========
Warning, x.shape torch.Size([128, 7, 7, 384]) is not match even ===========
Warning, x.shape torch.Size([128, 7, 7, 384]) is not match even ===========
Warning, x.shape torch.Size([128, 7, 7, 384]) is not match even ===========
Warning, x.shape torch.Size([128, 7, 7, 384]) is not match even ===========
Warning, x.shape torch.Size([128, 7, 7, 384]) is not match even ===========
Warning, x.shape torch.Size([128, 7, 7, 384]) is not match even ===========
Test: [280/391]	Time 0.979 (1.170)	Loss 2.0059 (1.7366)	Acc@1 60.156 (71.361)	Acc@5 89.062 (89.941)	Mem 6446MB
Warning, x.shape torch.Size([128, 7, 7, 384]) is not match even ===========
Warning, x.shape torch.Size([128, 7, 7, 384]) is not match even ===========
Warning, x.shape torch.Size([128, 7, 7, 384]) is not match even ===========
Warning, x.shape torch.Size([128, 7, 7, 384]) is not match even ===========
Warning, x.shape torch.Size([128, 7, 7, 384]) is not match even ===========
Warning, x.shape torch.Size([128, 7, 7, 384]) is not match even ===========
Warning, x.shape torch.Size([128, 7, 7, 384]) is not match even ===========
Warning, x.shape torch.Size([128, 7, 7, 384]) is not match even ===========
Warning, x.shape torch.Size([128, 7, 7, 384]) is not match even ===========
Warning, x.shape torch.Size([128, 7, 7, 384]) is not match even ===========
Test: [290/391]	Time 0.890 (1.166)	Loss 2.6895 (1.7548)	Acc@1 45.312 (71.155)	Acc@5 85.156 (89.744)	Mem 6446MB
Warning, x.shape torch.Size([128, 7, 7, 384]) is not match even ===========
Warning, x.shape torch.Size([128, 7, 7, 384]) is not match even ===========
Warning, x.shape torch.Size([128, 7, 7, 384]) is not match even ===========
Warning, x.shape torch.Size([128, 7, 7, 384]) is not match even ===========
Warning, x.shape torch.Size([128, 7, 7, 384]) is not match even ===========
Warning, x.shape torch.Size([128, 7, 7, 384]) is not match even ===========
Warning, x.shape torch.Size([128, 7, 7, 384]) is not match even ===========
Warning, x.shape torch.Size([128, 7, 7, 384]) is not match even ===========
Warning, x.shape torch.Size([128, 7, 7, 384]) is not match even ===========
Warning, x.shape torch.Size([128, 7, 7, 384]) is not match even ===========
Test: [300/391]	Time 0.965 (1.160)	Loss 1.8184 (1.7663)	Acc@1 74.219 (71.057)	Acc@5 85.938 (89.618)	Mem 6446MB
Warning, x.shape torch.Size([128, 7, 7, 384]) is not match even ===========
Warning, x.shape torch.Size([128, 7, 7, 384]) is not match even ===========
Warning, x.shape torch.Size([128, 7, 7, 384]) is not match even ===========
Warning, x.shape torch.Size([128, 7, 7, 384]) is not match even ===========
Warning, x.shape torch.Size([128, 7, 7, 384]) is not match even ===========
Warning, x.shape torch.Size([128, 7, 7, 384]) is not match even ===========
Warning, x.shape torch.Size([128, 7, 7, 384]) is not match even ===========
Warning, x.shape torch.Size([128, 7, 7, 384]) is not match even ===========
Warning, x.shape torch.Size([128, 7, 7, 384]) is not match even ===========
Warning, x.shape torch.Size([128, 7, 7, 384]) is not match even ===========
Test: [310/391]	Time 0.954 (1.159)	Loss 2.6172 (1.7868)	Acc@1 60.156 (70.832)	Acc@5 83.594 (89.442)	Mem 6446MB
Warning, x.shape torch.Size([128, 7, 7, 384]) is not match even ===========
Warning, x.shape torch.Size([128, 7, 7, 384]) is not match even ===========
Warning, x.shape torch.Size([128, 7, 7, 384]) is not match even ===========
Warning, x.shape torch.Size([128, 7, 7, 384]) is not match even ===========
Warning, x.shape torch.Size([128, 7, 7, 384]) is not match even ===========
Warning, x.shape torch.Size([128, 7, 7, 384]) is not match even ===========
Warning, x.shape torch.Size([128, 7, 7, 384]) is not match even ===========
Warning, x.shape torch.Size([128, 7, 7, 384]) is not match even ===========
Warning, x.shape torch.Size([128, 7, 7, 384]) is not match even ===========
Warning, x.shape torch.Size([128, 7, 7, 384]) is not match even ===========
Test: [320/391]	Time 0.990 (1.158)	Loss 1.0830 (1.7975)	Acc@1 80.469 (70.675)	Acc@5 92.188 (89.379)	Mem 6446MB
Warning, x.shape torch.Size([128, 7, 7, 384]) is not match even ===========
Warning, x.shape torch.Size([128, 7, 7, 384]) is not match even ===========
Warning, x.shape torch.Size([128, 7, 7, 384]) is not match even ===========
Warning, x.shape torch.Size([128, 7, 7, 384]) is not match even ===========
Warning, x.shape torch.Size([128, 7, 7, 384]) is not match even ===========
Warning, x.shape torch.Size([128, 7, 7, 384]) is not match even ===========
Warning, x.shape torch.Size([128, 7, 7, 384]) is not match even ===========
Warning, x.shape torch.Size([128, 7, 7, 384]) is not match even ===========
Warning, x.shape torch.Size([128, 7, 7, 384]) is not match even ===========
Warning, x.shape torch.Size([128, 7, 7, 384]) is not match even ===========
Test: [330/391]	Time 0.936 (1.154)	Loss 2.4629 (1.8283)	Acc@1 61.719 (70.343)	Acc@5 80.469 (89.098)	Mem 6446MB
Warning, x.shape torch.Size([128, 7, 7, 384]) is not match even ===========
Warning, x.shape torch.Size([128, 7, 7, 384]) is not match even ===========
Warning, x.shape torch.Size([128, 7, 7, 384]) is not match even ===========
Warning, x.shape torch.Size([128, 7, 7, 384]) is not match even ===========
Warning, x.shape torch.Size([128, 7, 7, 384]) is not match even ===========
Warning, x.shape torch.Size([128, 7, 7, 384]) is not match even ===========
Warning, x.shape torch.Size([128, 7, 7, 384]) is not match even ===========
Warning, x.shape torch.Size([128, 7, 7, 384]) is not match even ===========
Warning, x.shape torch.Size([128, 7, 7, 384]) is not match even ===========
Warning, x.shape torch.Size([128, 7, 7, 384]) is not match even ===========
Test: [340/391]	Time 1.188 (1.150)	Loss 1.5049 (1.8329)	Acc@1 70.312 (70.255)	Acc@5 92.969 (89.081)	Mem 6446MB
Warning, x.shape torch.Size([128, 7, 7, 384]) is not match even ===========
Warning, x.shape torch.Size([128, 7, 7, 384]) is not match even ===========
Warning, x.shape torch.Size([128, 7, 7, 384]) is not match even ===========
Warning, x.shape torch.Size([128, 7, 7, 384]) is not match even ===========
Warning, x.shape torch.Size([128, 7, 7, 384]) is not match even ===========
Warning, x.shape torch.Size([128, 7, 7, 384]) is not match even ===========
Warning, x.shape torch.Size([128, 7, 7, 384]) is not match even ===========
Warning, x.shape torch.Size([128, 7, 7, 384]) is not match even ===========
Warning, x.shape torch.Size([128, 7, 7, 384]) is not match even ===========
Warning, x.shape torch.Size([128, 7, 7, 384]) is not match even ===========
Test: [350/391]	Time 0.957 (1.147)	Loss 1.6826 (1.8378)	Acc@1 75.000 (70.188)	Acc@5 89.844 (89.038)	Mem 6446MB
Warning, x.shape torch.Size([128, 7, 7, 384]) is not match even ===========
Warning, x.shape torch.Size([128, 7, 7, 384]) is not match even ===========
Warning, x.shape torch.Size([128, 7, 7, 384]) is not match even ===========
Warning, x.shape torch.Size([128, 7, 7, 384]) is not match even ===========
Warning, x.shape torch.Size([128, 7, 7, 384]) is not match even ===========
Warning, x.shape torch.Size([128, 7, 7, 384]) is not match even ===========
Warning, x.shape torch.Size([128, 7, 7, 384]) is not match even ===========
Warning, x.shape torch.Size([128, 7, 7, 384]) is not match even ===========
Warning, x.shape torch.Size([128, 7, 7, 384]) is not match even ===========
Warning, x.shape torch.Size([128, 7, 7, 384]) is not match even ===========
Test: [360/391]	Time 1.017 (1.144)	Loss 2.3867 (1.8490)	Acc@1 56.250 (70.010)	Acc@5 90.625 (88.995)	Mem 6446MB
Warning, x.shape torch.Size([128, 7, 7, 384]) is not match even ===========
Warning, x.shape torch.Size([128, 7, 7, 384]) is not match even ===========
Warning, x.shape torch.Size([128, 7, 7, 384]) is not match even ===========
Warning, x.shape torch.Size([128, 7, 7, 384]) is not match even ===========
Warning, x.shape torch.Size([128, 7, 7, 384]) is not match even ===========
Warning, x.shape torch.Size([128, 7, 7, 384]) is not match even ===========
Warning, x.shape torch.Size([128, 7, 7, 384]) is not match even ===========
Warning, x.shape torch.Size([128, 7, 7, 384]) is not match even ===========
Warning, x.shape torch.Size([128, 7, 7, 384]) is not match even ===========
Warning, x.shape torch.Size([128, 7, 7, 384]) is not match even ===========
Test: [370/391]	Time 1.267 (1.143)	Loss 1.9248 (1.8404)	Acc@1 65.625 (70.102)	Acc@5 92.969 (89.088)	Mem 6446MB
Warning, x.shape torch.Size([128, 7, 7, 384]) is not match even ===========
Warning, x.shape torch.Size([128, 7, 7, 384]) is not match even ===========
Warning, x.shape torch.Size([128, 7, 7, 384]) is not match even ===========
Warning, x.shape torch.Size([128, 7, 7, 384]) is not match even ===========
Warning, x.shape torch.Size([128, 7, 7, 384]) is not match even ===========
Warning, x.shape torch.Size([128, 7, 7, 384]) is not match even ===========
Warning, x.shape torch.Size([128, 7, 7, 384]) is not match even ===========
Warning, x.shape torch.Size([128, 7, 7, 384]) is not match even ===========
Warning, x.shape torch.Size([128, 7, 7, 384]) is not match even ===========
Warning, x.shape torch.Size([128, 7, 7, 384]) is not match even ===========
Test: [380/391]	Time 1.065 (1.139)	Loss 0.8091 (1.8394)	Acc@1 83.594 (70.132)	Acc@5 97.656 (89.075)	Mem 6446MB
Warning, x.shape torch.Size([128, 7, 7, 384]) is not match even ===========
Warning, x.shape torch.Size([128, 7, 7, 384]) is not match even ===========
Warning, x.shape torch.Size([128, 7, 7, 384]) is not match even ===========
Warning, x.shape torch.Size([128, 7, 7, 384]) is not match even ===========
Warning, x.shape torch.Size([128, 7, 7, 384]) is not match even ===========
Warning, x.shape torch.Size([128, 7, 7, 384]) is not match even ===========
Warning, x.shape torch.Size([128, 7, 7, 384]) is not match even ===========
Warning, x.shape torch.Size([128, 7, 7, 384]) is not match even ===========
Warning, x.shape torch.Size([128, 7, 7, 384]) is not match even ===========
Warning, x.shape torch.Size([83, 7, 7, 384]) is not match even ===========
Test: [390/391]	Time 0.641 (1.139)	Loss 3.0898 (1.8228)	Acc@1 44.578 (70.324)	Acc@5 83.133 (89.211)	Mem 6446MB
 * Acc@1 70.324 Acc@5 89.211
Successfully load ckpt /home/LiuYue/Workspace3/ckpts/ckpt_vssm_tiny_224/ckpt_epoch_292.pth
starting loop: img_size (384, 384)
Test: [0/391]	Time 2.434 (2.434)	Loss 0.4709 (0.4709)	Acc@1 96.875 (96.875)	Acc@5 99.219 (99.219)	Mem 18591MB
Test: [10/391]	Time 2.761 (2.387)	Loss 1.0254 (0.5102)	Acc@1 79.688 (93.466)	Acc@5 98.438 (98.935)	Mem 18591MB
Test: [20/391]	Time 2.225 (2.343)	Loss 0.6025 (0.6456)	Acc@1 89.062 (89.286)	Acc@5 97.656 (98.475)	Mem 18591MB
Test: [30/391]	Time 2.467 (2.337)	Loss 1.2471 (0.7586)	Acc@1 74.219 (85.685)	Acc@5 89.844 (97.782)	Mem 18591MB
Test: [40/391]	Time 2.240 (2.316)	Loss 0.5571 (0.6952)	Acc@1 93.750 (87.614)	Acc@5 96.875 (98.075)	Mem 18591MB
Test: [50/391]	Time 2.236 (2.320)	Loss 0.3745 (0.7016)	Acc@1 98.438 (87.898)	Acc@5 100.000 (97.963)	Mem 18591MB
Test: [60/391]	Time 2.143 (2.310)	Loss 0.9956 (0.6756)	Acc@1 79.688 (88.665)	Acc@5 96.094 (98.143)	Mem 18591MB
Test: [70/391]	Time 2.214 (2.331)	Loss 0.8115 (0.7008)	Acc@1 85.938 (88.138)	Acc@5 97.656 (98.019)	Mem 18591MB
Test: [80/391]	Time 2.245 (2.319)	Loss 0.7671 (0.7176)	Acc@1 86.719 (87.693)	Acc@5 97.656 (97.936)	Mem 18591MB
Test: [90/391]	Time 2.281 (2.316)	Loss 1.0137 (0.7257)	Acc@1 74.219 (87.637)	Acc@5 98.438 (97.871)	Mem 18591MB
Test: [100/391]	Time 2.176 (2.306)	Loss 0.5947 (0.7269)	Acc@1 92.969 (87.399)	Acc@5 99.219 (97.950)	Mem 18591MB
Test: [110/391]	Time 2.551 (2.311)	Loss 1.2568 (0.7384)	Acc@1 57.812 (86.937)	Acc@5 100.000 (97.980)	Mem 18591MB
Test: [120/391]	Time 2.300 (2.318)	Loss 0.5508 (0.7357)	Acc@1 92.188 (87.138)	Acc@5 99.219 (97.979)	Mem 18591MB
Test: [130/391]	Time 2.208 (2.322)	Loss 0.3499 (0.7269)	Acc@1 98.438 (87.375)	Acc@5 100.000 (97.984)	Mem 18591MB
Test: [140/391]	Time 2.320 (2.316)	Loss 1.1318 (0.7272)	Acc@1 72.656 (87.256)	Acc@5 99.219 (98.050)	Mem 18591MB
Test: [150/391]	Time 2.919 (2.323)	Loss 0.8047 (0.7350)	Acc@1 78.125 (87.008)	Acc@5 99.219 (97.936)	Mem 18591MB
Test: [160/391]	Time 2.422 (2.320)	Loss 0.7339 (0.7369)	Acc@1 87.500 (87.020)	Acc@5 98.438 (97.899)	Mem 18591MB
Test: [170/391]	Time 2.150 (2.316)	Loss 1.5684 (0.7529)	Acc@1 68.750 (86.518)	Acc@5 88.281 (97.789)	Mem 18591MB
Test: [180/391]	Time 2.244 (2.314)	Loss 1.4512 (0.7671)	Acc@1 60.938 (86.171)	Acc@5 92.969 (97.639)	Mem 18591MB
Test: [190/391]	Time 2.145 (2.314)	Loss 1.4033 (0.7859)	Acc@1 69.531 (85.623)	Acc@5 94.531 (97.476)	Mem 18591MB
Test: [200/391]	Time 2.054 (2.310)	Loss 0.6895 (0.8003)	Acc@1 88.281 (85.265)	Acc@5 99.219 (97.326)	Mem 18591MB
Test: [210/391]	Time 2.209 (2.308)	Loss 0.9688 (0.8129)	Acc@1 81.250 (84.919)	Acc@5 96.875 (97.253)	Mem 18591MB
Test: [220/391]	Time 2.338 (2.307)	Loss 0.5186 (0.8142)	Acc@1 89.844 (84.905)	Acc@5 99.219 (97.229)	Mem 18591MB
Test: [230/391]	Time 2.351 (2.309)	Loss 1.1641 (0.8175)	Acc@1 74.219 (84.869)	Acc@5 92.969 (97.196)	Mem 18591MB
Test: [240/391]	Time 2.295 (2.309)	Loss 0.7407 (0.8159)	Acc@1 90.625 (84.975)	Acc@5 94.531 (97.167)	Mem 18591MB
Test: [250/391]	Time 2.261 (2.304)	Loss 0.5981 (0.8294)	Acc@1 91.406 (84.524)	Acc@5 99.219 (97.059)	Mem 18591MB
Test: [260/391]	Time 2.328 (2.303)	Loss 0.9004 (0.8390)	Acc@1 82.031 (84.270)	Acc@5 96.875 (96.962)	Mem 18591MB
Test: [270/391]	Time 2.323 (2.301)	Loss 1.3486 (0.8440)	Acc@1 64.062 (84.110)	Acc@5 93.750 (96.918)	Mem 18591MB
Test: [280/391]	Time 2.159 (2.300)	Loss 1.2188 (0.8465)	Acc@1 75.781 (84.091)	Acc@5 97.656 (96.903)	Mem 18591MB
Test: [290/391]	Time 2.081 (2.298)	Loss 1.2148 (0.8504)	Acc@1 60.156 (83.996)	Acc@5 96.094 (96.872)	Mem 18591MB
Test: [300/391]	Time 2.183 (2.295)	Loss 0.7588 (0.8540)	Acc@1 85.938 (83.916)	Acc@5 99.219 (96.820)	Mem 18591MB
Test: [310/391]	Time 2.685 (2.297)	Loss 0.8340 (0.8572)	Acc@1 88.281 (83.855)	Acc@5 97.656 (96.795)	Mem 18591MB
Test: [320/391]	Time 2.145 (2.304)	Loss 0.7388 (0.8618)	Acc@1 89.844 (83.774)	Acc@5 97.656 (96.734)	Mem 18591MB
Test: [330/391]	Time 2.121 (2.300)	Loss 1.1953 (0.8718)	Acc@1 64.844 (83.514)	Acc@5 95.312 (96.663)	Mem 18591MB
Test: [340/391]	Time 2.430 (2.299)	Loss 0.8145 (0.8754)	Acc@1 84.375 (83.427)	Acc@5 98.438 (96.634)	Mem 18591MB
Test: [350/391]	Time 2.183 (2.297)	Loss 0.8027 (0.8765)	Acc@1 87.500 (83.373)	Acc@5 98.438 (96.628)	Mem 18591MB
Test: [360/391]	Time 2.240 (2.296)	Loss 1.1826 (0.8827)	Acc@1 74.219 (83.206)	Acc@5 99.219 (96.604)	Mem 18591MB
Test: [370/391]	Time 2.499 (2.296)	Loss 1.0439 (0.8815)	Acc@1 71.875 (83.213)	Acc@5 99.219 (96.616)	Mem 18591MB
Test: [380/391]	Time 2.230 (2.294)	Loss 0.9443 (0.8843)	Acc@1 78.906 (83.153)	Acc@5 97.656 (96.606)	Mem 18591MB
Test: [390/391]	Time 1.437 (2.293)	Loss 1.5879 (0.8839)	Acc@1 60.241 (83.147)	Acc@5 93.976 (96.628)	Mem 18591MB
 * Acc@1 83.147 Acc@5 96.628
Successfully load ckpt /home/LiuYue/Workspace3/ckpts/ckpt_vssm_tiny_224/ckpt_epoch_292.pth
starting loop: img_size (512, 512)
Test: [0/391]	Time 3.214 (3.214)	Loss 0.6011 (0.6011)	Acc@1 96.094 (96.094)	Acc@5 99.219 (99.219)	Mem 32913MB
Test: [10/391]	Time 3.461 (3.115)	Loss 1.0312 (0.5833)	Acc@1 80.469 (93.466)	Acc@5 98.438 (98.935)	Mem 32913MB
Test: [20/391]	Time 2.952 (3.066)	Loss 0.7061 (0.7400)	Acc@1 89.844 (88.690)	Acc@5 98.438 (98.214)	Mem 32913MB
Test: [30/391]	Time 3.201 (3.060)	Loss 1.3281 (0.8521)	Acc@1 71.094 (85.307)	Acc@5 89.844 (97.455)	Mem 32913MB
Test: [40/391]	Time 2.967 (3.043)	Loss 0.7144 (0.7884)	Acc@1 93.750 (87.367)	Acc@5 96.094 (97.732)	Mem 32913MB
Test: [50/391]	Time 2.970 (3.046)	Loss 0.5020 (0.8045)	Acc@1 96.875 (87.561)	Acc@5 100.000 (97.610)	Mem 32913MB
Test: [60/391]	Time 2.869 (3.036)	Loss 1.1738 (0.7816)	Acc@1 78.906 (88.256)	Acc@5 95.312 (97.810)	Mem 32913MB
Test: [70/391]	Time 2.936 (3.028)	Loss 0.9810 (0.8121)	Acc@1 82.031 (87.467)	Acc@5 98.438 (97.656)	Mem 32913MB
Test: [80/391]	Time 2.911 (3.022)	Loss 0.8833 (0.8335)	Acc@1 85.156 (86.921)	Acc@5 96.094 (97.579)	Mem 32913MB
Test: [90/391]	Time 2.944 (3.015)	Loss 1.2100 (0.8459)	Acc@1 64.844 (86.736)	Acc@5 97.656 (97.493)	Mem 32913MB
Test: [100/391]	Time 2.888 (3.007)	Loss 0.7578 (0.8474)	Acc@1 92.969 (86.525)	Acc@5 98.438 (97.579)	Mem 32913MB
Test: [110/391]	Time 3.330 (3.014)	Loss 1.3760 (0.8593)	Acc@1 57.031 (86.099)	Acc@5 98.438 (97.586)	Mem 32913MB
Test: [120/391]	Time 2.979 (3.021)	Loss 0.6670 (0.8538)	Acc@1 92.969 (86.318)	Acc@5 97.656 (97.611)	Mem 32913MB
Test: [130/391]	Time 2.923 (3.025)	Loss 0.4097 (0.8445)	Acc@1 98.438 (86.558)	Acc@5 100.000 (97.650)	Mem 32913MB
Test: [140/391]	Time 3.028 (3.019)	Loss 1.2051 (0.8437)	Acc@1 69.531 (86.442)	Acc@5 100.000 (97.717)	Mem 32913MB
Test: [150/391]	Time 3.617 (3.028)	Loss 0.9653 (0.8514)	Acc@1 75.781 (86.139)	Acc@5 99.219 (97.630)	Mem 32913MB
Test: [160/391]	Time 3.151 (3.026)	Loss 0.8496 (0.8573)	Acc@1 88.281 (86.078)	Acc@5 98.438 (97.588)	Mem 32913MB
Test: [170/391]	Time 2.869 (3.022)	Loss 1.8262 (0.8783)	Acc@1 63.281 (85.517)	Acc@5 85.938 (97.446)	Mem 32913MB
Test: [180/391]	Time 3.007 (3.027)	Loss 1.6582 (0.8994)	Acc@1 60.156 (85.113)	Acc@5 90.625 (97.242)	Mem 32913MB
Test: [190/391]	Time 2.864 (3.037)	Loss 1.5283 (0.9212)	Acc@1 68.750 (84.580)	Acc@5 92.188 (97.014)	Mem 32913MB
Test: [200/391]	Time 2.789 (3.033)	Loss 0.8940 (0.9393)	Acc@1 84.375 (84.122)	Acc@5 97.656 (96.856)	Mem 32913MB
Test: [210/391]	Time 2.935 (3.031)	Loss 1.1602 (0.9551)	Acc@1 81.250 (83.834)	Acc@5 95.312 (96.734)	Mem 32913MB
Test: [220/391]	Time 3.098 (3.031)	Loss 0.7139 (0.9591)	Acc@1 90.625 (83.827)	Acc@5 96.875 (96.688)	Mem 32913MB
Test: [230/391]	Time 3.069 (3.033)	Loss 1.3359 (0.9648)	Acc@1 72.656 (83.756)	Acc@5 93.750 (96.659)	Mem 32913MB
Test: [240/391]	Time 3.039 (3.033)	Loss 0.9141 (0.9658)	Acc@1 89.062 (83.882)	Acc@5 95.312 (96.638)	Mem 32913MB
Test: [250/391]	Time 3.720 (3.052)	Loss 0.8110 (0.9816)	Acc@1 92.969 (83.444)	Acc@5 100.000 (96.523)	Mem 32913MB
Test: [260/391]	Time 3.912 (3.080)	Loss 1.1650 (0.9954)	Acc@1 78.906 (83.118)	Acc@5 96.875 (96.408)	Mem 32913MB
Test: [270/391]	Time 3.879 (3.104)	Loss 1.4883 (1.0020)	Acc@1 64.844 (82.957)	Acc@5 92.188 (96.345)	Mem 32913MB
Test: [280/391]	Time 3.593 (3.128)	Loss 1.5967 (1.0065)	Acc@1 67.969 (82.932)	Acc@5 96.094 (96.322)	Mem 32913MB
Test: [290/391]	Time 3.513 (3.150)	Loss 1.4287 (1.0129)	Acc@1 59.375 (82.815)	Acc@5 95.312 (96.258)	Mem 32913MB
Test: [300/391]	Time 2.884 (3.149)	Loss 0.9521 (1.0175)	Acc@1 85.938 (82.758)	Acc@5 98.438 (96.218)	Mem 32913MB
Test: [310/391]	Time 2.907 (3.145)	Loss 1.1709 (1.0228)	Acc@1 86.719 (82.679)	Acc@5 97.656 (96.177)	Mem 32913MB
Test: [320/391]	Time 2.873 (3.142)	Loss 0.9834 (1.0289)	Acc@1 85.938 (82.552)	Acc@5 97.656 (96.130)	Mem 32913MB
Test: [330/391]	Time 3.246 (3.140)	Loss 1.3594 (1.0419)	Acc@1 62.500 (82.267)	Acc@5 92.188 (96.030)	Mem 32913MB
Test: [340/391]	Time 3.164 (3.136)	Loss 1.0576 (1.0468)	Acc@1 85.156 (82.171)	Acc@5 98.438 (96.011)	Mem 32913MB
Test: [350/391]	Time 2.905 (3.131)	Loss 0.9355 (1.0487)	Acc@1 86.719 (82.111)	Acc@5 99.219 (95.987)	Mem 32913MB
Test: [360/391]	Time 2.952 (3.127)	Loss 1.2109 (1.0548)	Acc@1 75.781 (81.947)	Acc@5 97.656 (95.951)	Mem 32913MB
Test: [370/391]	Time 3.240 (3.126)	Loss 1.2344 (1.0540)	Acc@1 70.312 (81.934)	Acc@5 97.656 (95.970)	Mem 32913MB
Test: [380/391]	Time 2.976 (3.121)	Loss 1.1680 (1.0569)	Acc@1 78.125 (81.863)	Acc@5 96.875 (95.967)	Mem 32913MB
Test: [390/391]	Time 1.850 (3.117)	Loss 1.8291 (1.0560)	Acc@1 60.241 (81.883)	Acc@5 93.976 (95.996)	Mem 32913MB
 * Acc@1 81.883 Acc@5 95.996
Successfully load ckpt /home/LiuYue/Workspace3/ckpts/ckpt_vssm_tiny_224/ckpt_epoch_292.pth
starting loop: img_size (640, 640)
Test: [0/391]	Time 4.926 (4.926)	Loss 0.7061 (0.7061)	Acc@1 95.312 (95.312)	Acc@5 99.219 (99.219)	Mem 51327MB
Test: [10/391]	Time 5.782 (4.836)	Loss 1.0068 (0.6276)	Acc@1 80.469 (92.045)	Acc@5 98.438 (98.722)	Mem 51327MB
Test: [20/391]	Time 4.478 (4.834)	Loss 0.7920 (0.8033)	Acc@1 89.062 (86.830)	Acc@5 97.656 (97.954)	Mem 51327MB
Test: [30/391]	Time 4.690 (4.750)	Loss 1.3643 (0.9192)	Acc@1 71.094 (83.392)	Acc@5 90.625 (97.026)	Mem 51327MB
Test: [40/391]	Time 4.462 (4.687)	Loss 0.8149 (0.8492)	Acc@1 89.844 (85.499)	Acc@5 96.875 (97.370)	Mem 51327MB
Test: [50/391]	Time 4.488 (4.666)	Loss 0.5444 (0.8727)	Acc@1 96.094 (85.738)	Acc@5 99.219 (97.151)	Mem 51327MB
Test: [60/391]	Time 4.404 (4.639)	Loss 1.3105 (0.8482)	Acc@1 77.344 (86.501)	Acc@5 95.312 (97.426)	Mem 51327MB
Test: [70/391]	Time 4.448 (4.621)	Loss 1.0957 (0.8847)	Acc@1 78.906 (85.695)	Acc@5 98.438 (97.260)	Mem 51327MB
Test: [80/391]	Time 4.455 (4.602)	Loss 0.9893 (0.9132)	Acc@1 83.594 (85.069)	Acc@5 96.094 (97.174)	Mem 51327MB
Test: [90/391]	Time 4.467 (4.589)	Loss 1.2979 (0.9300)	Acc@1 64.062 (84.873)	Acc@5 96.875 (97.098)	Mem 51327MB
Test: [100/391]	Time 4.409 (4.576)	Loss 0.9019 (0.9336)	Acc@1 91.406 (84.692)	Acc@5 97.656 (97.177)	Mem 51327MB
Test: [110/391]	Time 4.791 (4.577)	Loss 1.5049 (0.9458)	Acc@1 57.031 (84.305)	Acc@5 96.094 (97.142)	Mem 51327MB
Test: [120/391]	Time 4.492 (4.577)	Loss 0.7236 (0.9374)	Acc@1 91.406 (84.556)	Acc@5 97.656 (97.166)	Mem 51327MB
Test: [130/391]	Time 4.436 (4.579)	Loss 0.4246 (0.9276)	Acc@1 97.656 (84.751)	Acc@5 100.000 (97.239)	Mem 51327MB
Test: [140/391]	Time 4.537 (4.569)	Loss 1.2617 (0.9255)	Acc@1 71.875 (84.724)	Acc@5 99.219 (97.318)	Mem 51327MB
Test: [150/391]	Time 5.120 (4.575)	Loss 1.0479 (0.9318)	Acc@1 74.219 (84.432)	Acc@5 97.656 (97.196)	Mem 51327MB
Test: [160/391]	Time 4.681 (4.571)	Loss 1.0176 (0.9415)	Acc@1 85.156 (84.390)	Acc@5 98.438 (97.137)	Mem 51327MB
Test: [170/391]	Time 4.381 (4.565)	Loss 2.0762 (0.9689)	Acc@1 60.156 (83.808)	Acc@5 84.375 (96.925)	Mem 51327MB
Test: [180/391]	Time 4.489 (4.563)	Loss 1.8125 (0.9965)	Acc@1 57.812 (83.369)	Acc@5 89.062 (96.711)	Mem 51327MB
Test: [190/391]	Time 4.402 (4.563)	Loss 1.6211 (1.0230)	Acc@1 67.969 (82.833)	Acc@5 92.188 (96.454)	Mem 51327MB
Test: [200/391]	Time 4.249 (4.560)	Loss 1.0400 (1.0456)	Acc@1 79.688 (82.366)	Acc@5 98.438 (96.199)	Mem 51327MB
Test: [210/391]	Time 4.464 (4.558)	Loss 1.3428 (1.0651)	Acc@1 78.125 (82.053)	Acc@5 95.312 (96.057)	Mem 51327MB
Test: [220/391]	Time 4.577 (4.558)	Loss 0.8379 (1.0722)	Acc@1 89.844 (82.074)	Acc@5 96.094 (95.988)	Mem 51327MB
Test: [230/391]	Time 4.583 (4.564)	Loss 1.5420 (1.0806)	Acc@1 69.531 (82.011)	Acc@5 89.844 (95.945)	Mem 51327MB
Test: [240/391]	Time 4.526 (4.564)	Loss 1.0791 (1.0850)	Acc@1 87.500 (82.054)	Acc@5 92.969 (95.919)	Mem 51327MB
Test: [250/391]	Time 4.475 (4.558)	Loss 1.0576 (1.1040)	Acc@1 89.062 (81.564)	Acc@5 97.656 (95.754)	Mem 51327MB
Test: [260/391]	Time 4.570 (4.565)	Loss 1.4619 (1.1224)	Acc@1 71.875 (81.202)	Acc@5 96.094 (95.612)	Mem 51327MB
Test: [270/391]	Time 4.627 (4.562)	Loss 1.5986 (1.1307)	Acc@1 65.625 (81.022)	Acc@5 92.969 (95.546)	Mem 51327MB
Test: [280/391]	Time 4.439 (4.562)	Loss 1.8516 (1.1378)	Acc@1 65.625 (80.964)	Acc@5 95.312 (95.532)	Mem 51327MB
Test: [290/391]	Time 4.297 (4.560)	Loss 1.5713 (1.1470)	Acc@1 57.812 (80.761)	Acc@5 94.531 (95.441)	Mem 51327MB
Test: [300/391]	Time 4.398 (4.556)	Loss 1.0967 (1.1537)	Acc@1 84.375 (80.682)	Acc@5 94.531 (95.383)	Mem 51327MB
Test: [310/391]	Time 4.399 (4.555)	Loss 1.4551 (1.1614)	Acc@1 78.906 (80.564)	Acc@5 94.531 (95.310)	Mem 51327MB
Test: [320/391]	Time 4.365 (4.554)	Loss 1.1650 (1.1689)	Acc@1 85.156 (80.437)	Acc@5 97.656 (95.257)	Mem 51327MB
Test: [330/391]	Time 4.395 (4.551)	Loss 1.4932 (1.1847)	Acc@1 64.844 (80.124)	Acc@5 92.969 (95.147)	Mem 51327MB
Test: [340/391]	Time 4.648 (4.549)	Loss 1.2627 (1.1913)	Acc@1 83.594 (80.045)	Acc@5 98.438 (95.122)	Mem 51327MB
Test: [350/391]	Time 4.418 (4.547)	Loss 1.1572 (1.1945)	Acc@1 85.156 (80.004)	Acc@5 95.312 (95.088)	Mem 51327MB
Test: [360/391]	Time 4.473 (4.546)	Loss 1.2764 (1.2009)	Acc@1 74.219 (79.858)	Acc@5 96.875 (95.048)	Mem 51327MB
Test: [370/391]	Time 4.731 (4.546)	Loss 1.3408 (1.1995)	Acc@1 67.969 (79.845)	Acc@5 96.875 (95.079)	Mem 51327MB
Test: [380/391]	Time 4.530 (4.544)	Loss 1.3662 (1.2021)	Acc@1 75.000 (79.770)	Acc@5 95.312 (95.066)	Mem 51327MB
Test: [390/391]	Time 2.823 (4.542)	Loss 2.1074 (1.2012)	Acc@1 49.398 (79.795)	Acc@5 87.952 (95.088)	Mem 51327MB
 * Acc@1 79.795 Acc@5 95.088
Successfully load ckpt /home/LiuYue/Workspace3/ckpts/ckpt_vssm_tiny_224/ckpt_epoch_292.pth
starting loop: img_size (768, 768)
Test: [0/521]	Time 6.154 (6.154)	Loss 0.8003 (0.8003)	Acc@1 92.708 (92.708)	Acc@5 97.917 (97.917)	Mem 55419MB
Test: [10/521]	Time 4.664 (5.014)	Loss 0.5723 (0.7010)	Acc@1 92.708 (91.193)	Acc@5 96.875 (98.390)	Mem 55419MB
Test: [20/521]	Time 5.402 (5.018)	Loss 0.9185 (0.8631)	Acc@1 84.375 (86.310)	Acc@5 96.875 (97.520)	Mem 55419MB
Test: [30/521]	Time 4.711 (4.968)	Loss 1.1885 (0.9344)	Acc@1 81.250 (84.509)	Acc@5 93.750 (97.077)	Mem 55419MB
Test: [40/521]	Time 4.944 (4.985)	Loss 1.4180 (1.0199)	Acc@1 69.792 (81.936)	Acc@5 90.625 (96.341)	Mem 55419MB
Test: [50/521]	Time 4.727 (4.971)	Loss 0.7432 (0.9527)	Acc@1 90.625 (83.742)	Acc@5 96.875 (96.569)	Mem 55419MB
Test: [60/521]	Time 4.761 (4.936)	Loss 0.8950 (0.9606)	Acc@1 89.583 (84.136)	Acc@5 95.833 (96.294)	Mem 55419MB
Test: [70/521]	Time 4.828 (4.952)	Loss 0.5142 (0.9580)	Acc@1 90.625 (84.463)	Acc@5 100.000 (96.273)	Mem 55419MB
Test: [80/521]	Time 4.822 (4.938)	Loss 1.4375 (0.9425)	Acc@1 73.958 (84.812)	Acc@5 94.792 (96.502)	Mem 55419MB
Test: [90/521]	Time 4.725 (4.908)	Loss 1.0869 (0.9801)	Acc@1 85.417 (83.803)	Acc@5 97.917 (96.268)	Mem 55419MB
Test: [100/521]	Time 5.044 (4.900)	Loss 1.5322 (1.0064)	Acc@1 59.375 (83.168)	Acc@5 95.833 (96.184)	Mem 55419MB
Test: [110/521]	Time 4.738 (4.923)	Loss 1.3867 (1.0258)	Acc@1 73.958 (82.920)	Acc@5 96.875 (96.237)	Mem 55419MB
Test: [120/521]	Time 4.822 (4.916)	Loss 1.3652 (1.0415)	Acc@1 58.333 (82.705)	Acc@5 95.833 (96.152)	Mem 55419MB
Test: [130/521]	Time 4.869 (4.915)	Loss 1.1455 (1.0512)	Acc@1 79.167 (82.268)	Acc@5 96.875 (96.199)	Mem 55419MB
Test: [140/521]	Time 4.685 (4.922)	Loss 1.1006 (1.0501)	Acc@1 86.458 (82.528)	Acc@5 96.875 (96.277)	Mem 55419MB
Test: [150/521]	Time 5.593 (4.925)	Loss 0.8960 (1.0624)	Acc@1 83.333 (82.078)	Acc@5 98.958 (96.185)	Mem 55419MB
Test: [160/521]	Time 4.687 (4.917)	Loss 0.7578 (1.0497)	Acc@1 89.583 (82.311)	Acc@5 97.917 (96.299)	Mem 55419MB
Test: [170/521]	Time 4.814 (4.913)	Loss 0.8408 (1.0401)	Acc@1 89.583 (82.499)	Acc@5 95.833 (96.369)	Mem 55419MB
Test: [180/521]	Time 4.696 (4.921)	Loss 1.0039 (1.0353)	Acc@1 86.458 (82.695)	Acc@5 96.875 (96.392)	Mem 55419MB
Test: [190/521]	Time 4.485 (4.926)	Loss 1.0283 (1.0340)	Acc@1 85.417 (82.668)	Acc@5 91.667 (96.422)	Mem 55419MB
Test: [200/521]	Time 6.417 (4.938)	Loss 0.9219 (1.0394)	Acc@1 78.125 (82.276)	Acc@5 96.875 (96.305)	Mem 55419MB
Test: [210/521]	Time 4.504 (4.931)	Loss 1.0898 (1.0458)	Acc@1 90.625 (82.237)	Acc@5 98.958 (96.253)	Mem 55419MB
Test: [220/521]	Time 4.654 (4.923)	Loss 1.3818 (1.0674)	Acc@1 75.000 (81.924)	Acc@5 94.792 (96.130)	Mem 55419MB
Test: [230/521]	Time 5.473 (4.922)	Loss 1.6221 (1.0901)	Acc@1 75.000 (81.521)	Acc@5 93.750 (95.937)	Mem 55419MB
Test: [240/521]	Time 4.866 (4.924)	Loss 1.7451 (1.1161)	Acc@1 55.208 (81.099)	Acc@5 91.667 (95.751)	Mem 55419MB
Test: [250/521]	Time 4.669 (4.920)	Loss 1.4746 (1.1393)	Acc@1 81.250 (80.798)	Acc@5 89.583 (95.481)	Mem 55419MB
Test: [260/521]	Time 4.656 (4.912)	Loss 1.3936 (1.1612)	Acc@1 79.167 (80.304)	Acc@5 92.708 (95.271)	Mem 55419MB
Test: [270/521]	Time 4.638 (4.904)	Loss 1.6162 (1.1817)	Acc@1 70.833 (79.912)	Acc@5 87.500 (95.126)	Mem 55419MB
Test: [280/521]	Time 4.605 (4.897)	Loss 1.3584 (1.1956)	Acc@1 78.125 (79.700)	Acc@5 96.875 (95.025)	Mem 55419MB
Test: [290/521]	Time 5.428 (4.891)	Loss 1.9980 (1.2081)	Acc@1 64.583 (79.575)	Acc@5 89.583 (94.942)	Mem 55419MB
Test: [300/521]	Time 4.590 (4.887)	Loss 0.8530 (1.2077)	Acc@1 89.583 (79.710)	Acc@5 96.875 (94.965)	Mem 55419MB
Test: [310/521]	Time 5.833 (4.893)	Loss 1.8057 (1.2200)	Acc@1 70.833 (79.555)	Acc@5 92.708 (94.896)	Mem 55419MB
Test: [320/521]	Time 4.698 (4.894)	Loss 1.0938 (1.2251)	Acc@1 87.500 (79.621)	Acc@5 94.792 (94.866)	Mem 55419MB
Test: [330/521]	Time 5.724 (4.891)	Loss 2.6152 (1.2434)	Acc@1 54.167 (79.233)	Acc@5 78.125 (94.659)	Mem 55419MB
Test: [340/521]	Time 5.487 (4.896)	Loss 1.9707 (1.2557)	Acc@1 69.792 (79.020)	Acc@5 89.583 (94.560)	Mem 55419MB
Test: [350/521]	Time 4.572 (4.889)	Loss 1.3320 (1.2682)	Acc@1 77.083 (78.733)	Acc@5 96.875 (94.528)	Mem 55419MB
Test: [360/521]	Time 4.772 (4.882)	Loss 2.0664 (1.2790)	Acc@1 55.208 (78.480)	Acc@5 90.625 (94.408)	Mem 55419MB
Test: [370/521]	Time 4.543 (4.876)	Loss 1.8350 (1.2870)	Acc@1 66.667 (78.403)	Acc@5 86.458 (94.342)	Mem 55419MB
Test: [380/521]	Time 4.621 (4.887)	Loss 1.9189 (1.2930)	Acc@1 67.708 (78.349)	Acc@5 91.667 (94.289)	Mem 55419MB
Test: [390/521]	Time 4.535 (4.883)	Loss 1.6240 (1.3014)	Acc@1 75.000 (78.152)	Acc@5 93.750 (94.214)	Mem 55419MB
Test: [400/521]	Time 4.621 (4.876)	Loss 1.1611 (1.3080)	Acc@1 83.333 (78.063)	Acc@5 93.750 (94.142)	Mem 55419MB
Test: [410/521]	Time 4.736 (4.876)	Loss 1.5596 (1.3144)	Acc@1 78.125 (77.958)	Acc@5 91.667 (94.064)	Mem 55419MB
Test: [420/521]	Time 5.233 (4.874)	Loss 1.9395 (1.3204)	Acc@1 75.000 (77.917)	Acc@5 85.417 (94.015)	Mem 55419MB
Test: [430/521]	Time 4.621 (4.874)	Loss 1.9766 (1.3288)	Acc@1 66.667 (77.750)	Acc@5 90.625 (93.970)	Mem 55419MB
Test: [440/521]	Time 5.477 (4.874)	Loss 1.6729 (1.3436)	Acc@1 66.667 (77.487)	Acc@5 90.625 (93.870)	Mem 55419MB
Test: [450/521]	Time 4.637 (4.872)	Loss 1.7773 (1.3494)	Acc@1 70.833 (77.388)	Acc@5 96.875 (93.856)	Mem 55419MB
Test: [460/521]	Time 4.861 (4.872)	Loss 2.4785 (1.3535)	Acc@1 53.125 (77.395)	Acc@5 76.042 (93.820)	Mem 55419MB
Test: [470/521]	Time 4.690 (4.870)	Loss 1.3740 (1.3572)	Acc@1 82.292 (77.342)	Acc@5 90.625 (93.774)	Mem 55419MB
Test: [480/521]	Time 5.125 (4.866)	Loss 1.2627 (1.3616)	Acc@1 79.167 (77.276)	Acc@5 95.833 (93.761)	Mem 55419MB
Test: [490/521]	Time 4.594 (4.869)	Loss 1.0879 (1.3600)	Acc@1 86.458 (77.285)	Acc@5 98.958 (93.795)	Mem 55419MB
Test: [500/521]	Time 4.653 (4.867)	Loss 1.8262 (1.3561)	Acc@1 67.708 (77.358)	Acc@5 92.708 (93.839)	Mem 55419MB
Test: [510/521]	Time 4.932 (4.863)	Loss 1.8926 (1.3674)	Acc@1 73.958 (77.110)	Acc@5 92.708 (93.762)	Mem 55419MB
Test: [520/521]	Time 3.980 (4.861)	Loss 2.4219 (1.3608)	Acc@1 49.398 (77.259)	Acc@5 81.928 (93.800)	Mem 55419MB
 * Acc@1 77.259 Acc@5 93.800
Successfully load ckpt /home/LiuYue/Workspace3/ckpts/ckpt_vssm_tiny_224/ckpt_epoch_292.pth
starting loop: img_size (1024, 1024)
Test: [0/695]	Time 6.333 (6.333)	Loss 0.9478 (0.9478)	Acc@1 88.889 (88.889)	Acc@5 95.833 (95.833)	Mem 73833MB
Test: [10/695]	Time 5.328 (5.492)	Loss 0.8579 (1.2547)	Acc@1 95.833 (82.449)	Acc@5 98.611 (96.212)	Mem 73833MB
Test: [20/695]	Time 5.356 (5.468)	Loss 0.9658 (1.1867)	Acc@1 91.667 (82.870)	Acc@5 94.444 (96.230)	Mem 73833MB
Test: [30/695]	Time 5.503 (5.497)	Loss 1.1357 (1.3285)	Acc@1 83.333 (78.002)	Acc@5 95.833 (95.027)	Mem 73833MB
Test: [40/695]	Time 5.288 (5.462)	Loss 1.9707 (1.4585)	Acc@1 65.278 (75.102)	Acc@5 84.722 (93.733)	Mem 73833MB
Test: [50/695]	Time 5.556 (5.447)	Loss 1.1494 (1.5019)	Acc@1 81.944 (73.911)	Acc@5 95.833 (93.246)	Mem 73833MB
Test: [60/695]	Time 5.458 (5.482)	Loss 0.9531 (1.4917)	Acc@1 86.111 (73.907)	Acc@5 100.000 (93.010)	Mem 73833MB
Test: [70/695]	Time 6.335 (5.529)	Loss 1.1338 (1.4153)	Acc@1 84.722 (75.919)	Acc@5 98.611 (93.447)	Mem 73833MB
Test: [80/695]	Time 5.383 (5.516)	Loss 1.3867 (1.4330)	Acc@1 79.167 (75.926)	Acc@5 97.222 (92.918)	Mem 73833MB
Test: [90/695]	Time 5.384 (5.508)	Loss 0.6001 (1.4369)	Acc@1 95.833 (75.946)	Acc@5 98.611 (92.842)	Mem 73833MB
Test: [100/695]	Time 5.399 (5.496)	Loss 1.0146 (1.3899)	Acc@1 91.667 (77.145)	Acc@5 95.833 (93.276)	Mem 73833MB
Test: [110/695]	Time 6.306 (5.497)	Loss 1.8994 (1.3979)	Acc@1 59.722 (76.977)	Acc@5 95.833 (93.456)	Mem 73833MB
Test: [120/695]	Time 5.397 (5.495)	Loss 1.8564 (1.4276)	Acc@1 70.833 (76.343)	Acc@5 91.667 (93.262)	Mem 73833MB
Test: [130/695]	Time 6.365 (5.501)	Loss 2.2305 (1.4519)	Acc@1 62.500 (75.785)	Acc@5 87.500 (93.151)	Mem 73833MB
Test: [140/695]	Time 6.324 (5.563)	Loss 2.2305 (1.4921)	Acc@1 52.778 (74.833)	Acc@5 86.111 (92.809)	Mem 73833MB
Test: [150/695]	Time 5.346 (5.574)	Loss 1.4521 (1.5052)	Acc@1 86.111 (74.871)	Acc@5 97.222 (92.835)	Mem 73833MB
Test: [160/695]	Time 5.478 (5.560)	Loss 1.7734 (1.5278)	Acc@1 50.000 (74.379)	Acc@5 91.667 (92.693)	Mem 73833MB
Test: [170/695]	Time 5.272 (5.554)	Loss 1.6553 (1.5402)	Acc@1 73.611 (73.814)	Acc@5 94.444 (92.682)	Mem 73833MB
Test: [180/695]	Time 5.311 (5.543)	Loss 1.4131 (1.5399)	Acc@1 79.167 (73.949)	Acc@5 95.833 (92.910)	Mem 73833MB
Test: [190/695]	Time 5.335 (5.545)	Loss 1.2500 (1.5583)	Acc@1 83.333 (73.480)	Acc@5 93.056 (92.772)	Mem 73833MB
Test: [200/695]	Time 5.257 (5.536)	Loss 1.4209 (1.5657)	Acc@1 66.667 (73.190)	Acc@5 97.222 (92.752)	Mem 73833MB
Test: [210/695]	Time 5.402 (5.531)	Loss 1.4199 (1.5553)	Acc@1 66.667 (73.466)	Acc@5 97.222 (92.852)	Mem 73833MB
Test: [220/695]	Time 5.490 (5.528)	Loss 1.1924 (1.5522)	Acc@1 86.111 (73.567)	Acc@5 97.222 (92.880)	Mem 73833MB
Test: [230/695]	Time 5.390 (5.524)	Loss 1.5479 (1.5392)	Acc@1 73.611 (73.846)	Acc@5 95.833 (92.911)	Mem 73833MB
Test: [240/695]	Time 5.331 (5.519)	Loss 1.9297 (1.5341)	Acc@1 70.833 (74.084)	Acc@5 93.056 (92.958)	Mem 73833MB
Test: [250/695]	Time 5.897 (5.530)	Loss 1.6982 (1.5301)	Acc@1 65.278 (73.998)	Acc@5 93.056 (92.989)	Mem 73833MB
Test: [260/695]	Time 5.186 (5.535)	Loss 1.4668 (1.5339)	Acc@1 70.833 (73.835)	Acc@5 87.500 (92.800)	Mem 73833MB
Test: [270/695]	Time 5.365 (5.534)	Loss 1.1270 (1.5278)	Acc@1 86.111 (73.719)	Acc@5 91.667 (92.794)	Mem 73833MB
Test: [280/695]	Time 5.204 (5.529)	Loss 1.4824 (1.5315)	Acc@1 73.611 (73.794)	Acc@5 97.222 (92.715)	Mem 73833MB
Test: [290/695]	Time 6.378 (5.530)	Loss 1.0977 (1.5516)	Acc@1 88.889 (73.497)	Acc@5 100.000 (92.464)	Mem 73833MB
Test: [300/695]	Time 6.428 (5.570)	Loss 1.7480 (1.5655)	Acc@1 68.056 (73.348)	Acc@5 93.056 (92.428)	Mem 73833MB
Test: [310/695]	Time 5.314 (5.581)	Loss 2.5391 (1.5992)	Acc@1 56.944 (72.713)	Acc@5 80.556 (91.917)	Mem 73833MB
Test: [320/695]	Time 6.234 (5.596)	Loss 2.1621 (1.6217)	Acc@1 44.444 (72.304)	Acc@5 84.722 (91.662)	Mem 73833MB
Test: [330/695]	Time 5.329 (5.613)	Loss 1.0908 (1.6422)	Acc@1 90.278 (71.949)	Acc@5 97.222 (91.394)	Mem 73833MB
Test: [340/695]	Time 5.383 (5.611)	Loss 1.8770 (1.6610)	Acc@1 68.056 (71.558)	Acc@5 83.333 (91.113)	Mem 73833MB
Test: [350/695]	Time 5.685 (5.612)	Loss 2.8750 (1.6817)	Acc@1 45.833 (71.154)	Acc@5 72.222 (90.899)	Mem 73833MB
Test: [360/695]	Time 5.627 (5.610)	Loss 2.2422 (1.6977)	Acc@1 65.278 (70.868)	Acc@5 83.333 (90.705)	Mem 73833MB
Test: [370/695]	Time 5.327 (5.605)	Loss 1.4502 (1.7121)	Acc@1 80.556 (70.568)	Acc@5 91.667 (90.532)	Mem 73833MB
Test: [380/695]	Time 5.279 (5.599)	Loss 1.9785 (1.7206)	Acc@1 47.222 (70.392)	Acc@5 93.056 (90.453)	Mem 73833MB
Test: [390/695]	Time 6.778 (5.621)	Loss 2.0527 (1.7319)	Acc@1 68.056 (70.279)	Acc@5 94.444 (90.352)	Mem 73833MB
Test: [400/695]	Time 5.292 (5.639)	Loss 1.1279 (1.7346)	Acc@1 88.889 (70.303)	Acc@5 97.222 (90.333)	Mem 73833MB
Test: [410/695]	Time 5.421 (5.634)	Loss 1.7549 (1.7467)	Acc@1 66.667 (70.097)	Acc@5 90.278 (90.268)	Mem 73833MB
Test: [420/695]	Time 6.217 (5.641)	Loss 1.3457 (1.7542)	Acc@1 81.944 (70.002)	Acc@5 95.833 (90.208)	Mem 73833MB
Test: [430/695]	Time 6.356 (5.649)	Loss 2.7793 (1.7631)	Acc@1 38.889 (69.931)	Acc@5 80.556 (90.091)	Mem 73833MB
Test: [440/695]	Time 5.263 (5.651)	Loss 3.2812 (1.7755)	Acc@1 38.889 (69.681)	Acc@5 70.833 (89.922)	Mem 73833MB
Test: [450/695]	Time 5.450 (5.646)	Loss 2.3984 (1.7858)	Acc@1 68.056 (69.518)	Acc@5 80.556 (89.813)	Mem 73833MB
Test: [460/695]	Time 5.331 (5.642)	Loss 2.1426 (1.8035)	Acc@1 66.667 (69.146)	Acc@5 88.889 (89.627)	Mem 73833MB
Test: [470/695]	Time 6.178 (5.641)	Loss 2.4590 (1.8106)	Acc@1 61.111 (69.026)	Acc@5 81.944 (89.597)	Mem 73833MB
Test: [480/695]	Time 5.455 (5.638)	Loss 2.5586 (1.8167)	Acc@1 48.611 (68.867)	Acc@5 77.778 (89.478)	Mem 73833MB
Test: [490/695]	Time 5.350 (5.633)	Loss 2.4434 (1.8250)	Acc@1 69.444 (68.788)	Acc@5 86.111 (89.361)	Mem 73833MB
Test: [500/695]	Time 5.327 (5.628)	Loss 1.9082 (1.8284)	Acc@1 65.278 (68.746)	Acc@5 79.167 (89.319)	Mem 73833MB
Test: [510/695]	Time 5.413 (5.627)	Loss 2.7305 (1.8379)	Acc@1 41.667 (68.572)	Acc@5 77.778 (89.188)	Mem 73833MB
Test: [520/695]	Time 5.311 (5.622)	Loss 1.9287 (1.8414)	Acc@1 68.056 (68.530)	Acc@5 90.278 (89.137)	Mem 73833MB
Test: [530/695]	Time 6.671 (5.637)	Loss 2.1133 (1.8483)	Acc@1 55.556 (68.435)	Acc@5 83.333 (89.082)	Mem 73833MB
Test: [540/695]	Time 5.351 (5.636)	Loss 2.6719 (1.8574)	Acc@1 47.222 (68.225)	Acc@5 79.167 (88.940)	Mem 73833MB
Test: [550/695]	Time 5.376 (5.632)	Loss 3.1855 (1.8618)	Acc@1 48.611 (68.182)	Acc@5 70.833 (88.912)	Mem 73833MB
Test: [560/695]	Time 5.574 (5.635)	Loss 2.4082 (1.8657)	Acc@1 66.667 (68.202)	Acc@5 83.333 (88.862)	Mem 73833MB
Test: [570/695]	Time 6.200 (5.638)	Loss 1.8613 (1.8709)	Acc@1 76.389 (68.068)	Acc@5 97.222 (88.835)	Mem 73833MB
Test: [580/695]	Time 5.988 (5.639)	Loss 2.7520 (1.8819)	Acc@1 54.167 (67.888)	Acc@5 77.778 (88.765)	Mem 73833MB
Test: [590/695]	Time 5.579 (5.637)	Loss 2.7637 (1.8944)	Acc@1 48.611 (67.576)	Acc@5 83.333 (88.640)	Mem 73833MB
Test: [600/695]	Time 5.302 (5.633)	Loss 2.4629 (1.8966)	Acc@1 54.167 (67.591)	Acc@5 91.667 (88.637)	Mem 73833MB
Test: [610/695]	Time 5.347 (5.632)	Loss 1.7139 (1.9014)	Acc@1 77.778 (67.546)	Acc@5 91.667 (88.591)	Mem 73833MB
Test: [620/695]	Time 5.503 (5.630)	Loss 1.7812 (1.9052)	Acc@1 76.389 (67.552)	Acc@5 93.056 (88.553)	Mem 73833MB
Test: [630/695]	Time 6.500 (5.641)	Loss 2.2227 (1.9093)	Acc@1 59.722 (67.485)	Acc@5 86.111 (88.524)	Mem 73833MB
Test: [640/695]	Time 5.336 (5.647)	Loss 1.8271 (1.9110)	Acc@1 73.611 (67.497)	Acc@5 91.667 (88.547)	Mem 73833MB
Test: [650/695]	Time 5.351 (5.645)	Loss 1.0459 (1.9086)	Acc@1 87.500 (67.524)	Acc@5 100.000 (88.575)	Mem 73833MB
Test: [660/695]	Time 5.920 (5.645)	Loss 1.8076 (1.9026)	Acc@1 66.667 (67.614)	Acc@5 90.278 (88.662)	Mem 73833MB
Test: [670/695]	Time 5.802 (5.652)	Loss 1.6953 (1.9000)	Acc@1 77.778 (67.706)	Acc@5 94.444 (88.669)	Mem 73833MB
Test: [680/695]	Time 7.590 (5.663)	Loss 2.5352 (1.9103)	Acc@1 65.278 (67.523)	Acc@5 87.500 (88.589)	Mem 73833MB
Test: [690/695]	Time 5.751 (5.666)	Loss 0.9761 (1.9014)	Acc@1 90.278 (67.750)	Acc@5 98.611 (88.666)	Mem 73833MB
 * Acc@1 67.722 Acc@5 88.637
Successfully load ckpt /home/LiuYue/Workspace3/ckpts/ckpt_vssm_tiny_224/ckpt_epoch_292.pth
starting loop: img_size (1120, 1120)
Test: [0/834]	Time 5.626 (5.626)	Loss 0.7969 (0.7969)	Acc@1 95.000 (95.000)	Acc@5 96.667 (96.667)	Mem 73833MB
Test: [10/834]	Time 6.663 (6.201)	Loss 1.2783 (1.6518)	Acc@1 90.000 (75.000)	Acc@5 95.000 (93.030)	Mem 73833MB
Test: [20/834]	Time 6.529 (5.999)	Loss 1.1660 (1.5300)	Acc@1 83.333 (77.063)	Acc@5 93.333 (94.048)	Mem 73833MB
Test: [30/834]	Time 7.308 (6.242)	Loss 2.3516 (1.6361)	Acc@1 46.667 (73.333)	Acc@5 88.333 (92.581)	Mem 73833MB
Test: [40/834]	Time 5.642 (6.288)	Loss 2.0137 (1.7023)	Acc@1 73.333 (71.260)	Acc@5 88.333 (91.585)	Mem 73833MB
Test: [50/834]	Time 5.627 (6.169)	Loss 2.2305 (1.8040)	Acc@1 53.333 (68.889)	Acc@5 91.667 (90.425)	Mem 73833MB
Test: [60/834]	Time 5.739 (6.137)	Loss 1.1572 (1.8190)	Acc@1 76.667 (68.005)	Acc@5 96.667 (90.137)	Mem 73833MB
Test: [70/834]	Time 5.675 (6.092)	Loss 1.3848 (1.8198)	Acc@1 78.333 (67.700)	Acc@5 90.000 (89.906)	Mem 73833MB
Test: [80/834]	Time 5.556 (6.050)	Loss 1.2500 (1.7356)	Acc@1 86.667 (69.897)	Acc@5 93.333 (90.494)	Mem 73833MB
Test: [90/834]	Time 5.728 (6.003)	Loss 2.0762 (1.7442)	Acc@1 56.667 (70.073)	Acc@5 86.667 (90.110)	Mem 73833MB
Test: [100/834]	Time 6.086 (5.970)	Loss 2.0762 (1.7402)	Acc@1 63.333 (70.281)	Acc@5 83.333 (89.967)	Mem 73833MB
Test: [110/834]	Time 5.625 (5.943)	Loss 1.3691 (1.7276)	Acc@1 85.000 (70.646)	Acc@5 98.333 (90.135)	Mem 73833MB
Test: [120/834]	Time 5.592 (5.920)	Loss 1.3105 (1.6889)	Acc@1 83.333 (71.653)	Acc@5 93.333 (90.551)	Mem 73833MB
Test: [130/834]	Time 5.555 (5.895)	Loss 1.4424 (1.6899)	Acc@1 81.667 (71.756)	Acc@5 96.667 (90.751)	Mem 73833MB
Test: [140/834]	Time 5.553 (5.873)	Loss 1.6650 (1.7107)	Acc@1 80.000 (71.217)	Acc@5 95.000 (90.721)	Mem 73833MB
Test: [150/834]	Time 5.506 (5.878)	Loss 2.1797 (1.7247)	Acc@1 61.667 (71.159)	Acc@5 85.000 (90.651)	Mem 73833MB
Test: [160/834]	Time 5.581 (5.862)	Loss 2.4648 (1.7674)	Acc@1 60.000 (70.104)	Acc@5 81.667 (90.238)	Mem 73833MB
Test: [170/834]	Time 5.459 (5.843)	Loss 2.7734 (1.8003)	Acc@1 41.667 (69.259)	Acc@5 76.667 (89.981)	Mem 73833MB
Test: [180/834]	Time 5.616 (5.847)	Loss 1.8252 (1.8136)	Acc@1 80.000 (69.217)	Acc@5 91.667 (89.926)	Mem 73833MB
Test: [190/834]	Time 5.683 (5.854)	Loss 1.7568 (1.8365)	Acc@1 73.333 (68.700)	Acc@5 91.667 (89.817)	Mem 73833MB
Test: [200/834]	Time 5.510 (5.840)	Loss 2.0566 (1.8538)	Acc@1 33.333 (67.935)	Acc@5 93.333 (89.751)	Mem 73833MB
Test: [210/834]	Time 5.480 (5.827)	Loss 1.4795 (1.8555)	Acc@1 80.000 (67.899)	Acc@5 98.333 (89.842)	Mem 73833MB
Test: [220/834]	Time 5.546 (5.815)	Loss 2.7578 (1.8651)	Acc@1 43.333 (67.919)	Acc@5 88.333 (89.894)	Mem 73833MB
Test: [230/834]	Time 6.696 (5.820)	Loss 2.1016 (1.8798)	Acc@1 66.667 (67.525)	Acc@5 85.000 (89.683)	Mem 73833MB
Test: [240/834]	Time 6.869 (5.869)	Loss 1.6035 (1.8892)	Acc@1 55.000 (67.213)	Acc@5 96.667 (89.661)	Mem 73833MB
Test: [250/834]	Time 5.668 (5.893)	Loss 1.0068 (1.8819)	Acc@1 85.000 (67.444)	Acc@5 100.000 (89.708)	Mem 73833MB
Test: [260/834]	Time 5.630 (5.884)	Loss 2.2754 (1.8761)	Acc@1 56.667 (67.427)	Acc@5 90.000 (89.777)	Mem 73833MB
Test: [270/834]	Time 5.777 (5.892)	Loss 0.6719 (1.8577)	Acc@1 96.667 (67.884)	Acc@5 100.000 (89.951)	Mem 73833MB
Test: [280/834]	Time 5.647 (5.891)	Loss 1.7637 (1.8518)	Acc@1 75.000 (68.084)	Acc@5 90.000 (89.970)	Mem 73833MB
Test: [290/834]	Time 5.593 (5.886)	Loss 2.8008 (1.8564)	Acc@1 36.667 (67.938)	Acc@5 80.000 (89.914)	Mem 73833MB
Test: [300/834]	Time 5.631 (5.882)	Loss 2.1523 (1.8487)	Acc@1 55.000 (68.012)	Acc@5 86.667 (90.022)	Mem 73833MB
Test: [310/834]	Time 6.835 (5.890)	Loss 2.6055 (1.8496)	Acc@1 36.667 (67.905)	Acc@5 78.333 (89.887)	Mem 73833MB
Test: [320/834]	Time 5.657 (5.903)	Loss 1.1787 (1.8436)	Acc@1 76.667 (67.726)	Acc@5 95.000 (89.891)	Mem 73833MB
Test: [330/834]	Time 5.599 (5.896)	Loss 1.2910 (1.8402)	Acc@1 85.000 (67.774)	Acc@5 93.333 (89.804)	Mem 73833MB
Test: [340/834]	Time 5.780 (5.895)	Loss 2.8379 (1.8465)	Acc@1 55.000 (67.761)	Acc@5 78.333 (89.805)	Mem 73833MB
Test: [350/834]	Time 5.918 (5.893)	Loss 2.7129 (1.8666)	Acc@1 63.333 (67.450)	Acc@5 85.000 (89.516)	Mem 73833MB
Test: [360/834]	Time 5.658 (5.894)	Loss 1.6836 (1.8759)	Acc@1 68.333 (67.299)	Acc@5 93.333 (89.386)	Mem 73833MB
Test: [370/834]	Time 6.189 (5.890)	Loss 3.0293 (1.9044)	Acc@1 56.667 (66.819)	Acc@5 81.667 (88.908)	Mem 73833MB
Test: [380/834]	Time 6.385 (5.891)	Loss 2.4473 (1.9242)	Acc@1 63.333 (66.492)	Acc@5 81.667 (88.640)	Mem 73833MB
Test: [390/834]	Time 5.628 (5.898)	Loss 2.3770 (1.9472)	Acc@1 58.333 (66.044)	Acc@5 90.000 (88.291)	Mem 73833MB
Test: [400/834]	Time 5.617 (5.894)	Loss 2.1387 (1.9643)	Acc@1 70.000 (65.732)	Acc@5 85.000 (88.001)	Mem 73833MB
Test: [410/834]	Time 6.300 (5.891)	Loss 3.2383 (1.9767)	Acc@1 38.333 (65.414)	Acc@5 66.667 (87.839)	Mem 73833MB
Test: [420/834]	Time 5.654 (5.891)	Loss 3.3359 (1.9936)	Acc@1 38.333 (65.016)	Acc@5 60.000 (87.637)	Mem 73833MB
Test: [430/834]	Time 5.723 (5.887)	Loss 3.2285 (2.0089)	Acc@1 38.333 (64.695)	Acc@5 73.333 (87.421)	Mem 73833MB
Test: [440/834]	Time 5.693 (5.887)	Loss 2.2070 (2.0191)	Acc@1 68.333 (64.460)	Acc@5 86.667 (87.279)	Mem 73833MB
Test: [450/834]	Time 5.519 (5.881)	Loss 1.7148 (2.0241)	Acc@1 75.000 (64.483)	Acc@5 86.667 (87.166)	Mem 73833MB
Test: [460/834]	Time 5.771 (5.880)	Loss 2.7344 (2.0391)	Acc@1 65.000 (64.140)	Acc@5 81.667 (86.978)	Mem 73833MB
Test: [470/834]	Time 5.669 (5.879)	Loss 2.4414 (2.0468)	Acc@1 63.333 (64.034)	Acc@5 80.000 (86.914)	Mem 73833MB
Test: [480/834]	Time 5.582 (5.876)	Loss 1.3076 (2.0498)	Acc@1 80.000 (64.061)	Acc@5 93.333 (86.888)	Mem 73833MB
Test: [490/834]	Time 5.757 (5.875)	Loss 2.5410 (2.0611)	Acc@1 61.667 (63.870)	Acc@5 85.000 (86.802)	Mem 73833MB
Test: [500/834]	Time 5.617 (5.872)	Loss 3.7266 (2.0664)	Acc@1 30.000 (63.772)	Acc@5 55.000 (86.730)	Mem 73833MB
Test: [510/834]	Time 5.608 (5.866)	Loss 2.2070 (2.0729)	Acc@1 78.333 (63.780)	Acc@5 90.000 (86.598)	Mem 73833MB
Test: [520/834]	Time 5.650 (5.862)	Loss 2.3301 (2.0828)	Acc@1 60.000 (63.615)	Acc@5 86.667 (86.446)	Mem 73833MB
Test: [530/834]	Time 5.477 (5.858)	Loss 2.3516 (2.0901)	Acc@1 50.000 (63.409)	Acc@5 90.000 (86.368)	Mem 73833MB
Test: [540/834]	Time 5.616 (5.855)	Loss 2.7148 (2.0988)	Acc@1 61.667 (63.309)	Acc@5 76.667 (86.223)	Mem 73833MB
Test: [550/834]	Time 5.947 (5.858)	Loss 2.2891 (2.1171)	Acc@1 75.000 (62.895)	Acc@5 93.333 (85.968)	Mem 73833MB
Test: [560/834]	Time 5.619 (5.859)	Loss 1.2021 (2.1224)	Acc@1 91.667 (62.855)	Acc@5 96.667 (85.942)	Mem 73833MB
Test: [570/834]	Time 5.588 (5.855)	Loss 1.3691 (2.1251)	Acc@1 90.000 (62.805)	Acc@5 93.333 (85.937)	Mem 73833MB
Test: [580/834]	Time 6.266 (5.854)	Loss 2.4160 (2.1300)	Acc@1 63.333 (62.734)	Acc@5 81.667 (85.812)	Mem 73833MB
Test: [590/834]	Time 5.653 (5.853)	Loss 1.7803 (2.1373)	Acc@1 80.000 (62.693)	Acc@5 93.333 (85.725)	Mem 73833MB
Test: [600/834]	Time 5.647 (5.854)	Loss 2.0684 (2.1401)	Acc@1 66.667 (62.623)	Acc@5 78.333 (85.691)	Mem 73833MB
Test: [610/834]	Time 5.786 (5.854)	Loss 2.3379 (2.1459)	Acc@1 61.667 (62.556)	Acc@5 78.333 (85.576)	Mem 73833MB
Test: [620/834]	Time 5.552 (5.852)	Loss 2.3711 (2.1509)	Acc@1 60.000 (62.493)	Acc@5 86.667 (85.502)	Mem 73833MB
Test: [630/834]	Time 5.817 (5.850)	Loss 2.2207 (2.1541)	Acc@1 68.333 (62.417)	Acc@5 90.000 (85.481)	Mem 73833MB
Test: [640/834]	Time 5.671 (5.847)	Loss 1.7080 (2.1619)	Acc@1 73.333 (62.285)	Acc@5 93.333 (85.361)	Mem 73833MB
Test: [650/834]	Time 5.965 (5.850)	Loss 2.1172 (2.1676)	Acc@1 48.333 (62.156)	Acc@5 95.000 (85.259)	Mem 73833MB
Test: [660/834]	Time 5.621 (5.848)	Loss 3.5000 (2.1720)	Acc@1 33.333 (62.105)	Acc@5 70.000 (85.207)	Mem 73833MB
Test: [670/834]	Time 5.626 (5.846)	Loss 2.4121 (2.1752)	Acc@1 63.333 (62.111)	Acc@5 88.333 (85.144)	Mem 73833MB
Test: [680/834]	Time 5.675 (5.845)	Loss 1.9277 (2.1791)	Acc@1 70.000 (62.007)	Acc@5 93.333 (85.078)	Mem 73833MB
Test: [690/834]	Time 5.555 (5.845)	Loss 3.1367 (2.1864)	Acc@1 48.333 (61.901)	Acc@5 70.000 (85.058)	Mem 73833MB
Test: [700/834]	Time 6.487 (5.846)	Loss 2.3086 (2.1969)	Acc@1 56.667 (61.667)	Acc@5 80.000 (84.952)	Mem 73833MB
Test: [710/834]	Time 5.886 (5.845)	Loss 1.7998 (2.2054)	Acc@1 75.000 (61.472)	Acc@5 95.000 (84.871)	Mem 73833MB
Test: [720/834]	Time 5.579 (5.845)	Loss 2.9590 (2.2065)	Acc@1 31.667 (61.521)	Acc@5 86.667 (84.857)	Mem 73833MB
Test: [730/834]	Time 5.655 (5.845)	Loss 4.0078 (2.2134)	Acc@1 23.333 (61.391)	Acc@5 50.000 (84.793)	Mem 73833MB
Test: [740/834]	Time 6.155 (5.844)	Loss 2.2246 (2.2174)	Acc@1 68.333 (61.379)	Acc@5 83.333 (84.739)	Mem 73833MB
Test: [750/834]	Time 5.655 (5.845)	Loss 1.6250 (2.2201)	Acc@1 85.000 (61.307)	Acc@5 91.667 (84.727)	Mem 73833MB
Test: [760/834]	Time 5.726 (5.843)	Loss 1.8467 (2.2229)	Acc@1 83.333 (61.226)	Acc@5 93.333 (84.685)	Mem 73833MB
Test: [770/834]	Time 5.697 (5.841)	Loss 1.6719 (2.2210)	Acc@1 73.333 (61.336)	Acc@5 93.333 (84.754)	Mem 73833MB
Test: [780/834]	Time 5.685 (5.840)	Loss 1.2090 (2.2188)	Acc@1 85.000 (61.366)	Acc@5 98.333 (84.782)	Mem 73833MB
Test: [790/834]	Time 5.840 (5.839)	Loss 1.6543 (2.2113)	Acc@1 71.667 (61.513)	Acc@5 93.333 (84.890)	Mem 73833MB
Test: [800/834]	Time 5.800 (5.841)	Loss 2.0918 (2.2053)	Acc@1 61.667 (61.673)	Acc@5 88.333 (84.958)	Mem 73833MB
Test: [810/834]	Time 6.476 (5.839)	Loss 2.8809 (2.2113)	Acc@1 40.000 (61.529)	Acc@5 83.333 (84.868)	Mem 73833MB
Test: [820/834]	Time 5.588 (5.839)	Loss 1.1260 (2.2173)	Acc@1 90.000 (61.470)	Acc@5 95.000 (84.825)	Mem 73833MB
Test: [830/834]	Time 5.997 (5.840)	Loss 1.9609 (2.2060)	Acc@1 76.667 (61.753)	Acc@5 86.667 (84.936)	Mem 73833MB
 * Acc@1 61.688 Acc@5 84.889
Successfully load ckpt /home/LiuYue/Workspace3/ckpts/ckpt_vssm_tiny_224/ckpt_epoch_292.pth
starting loop: img_size (1280, 1280)
Test: [0/1563]	Time 4.846 (4.846)	Loss 0.9170 (0.9170)	Acc@1 96.875 (96.875)	Acc@5 96.875 (96.875)	Mem 51327MB
Test: [10/1563]	Time 3.695 (4.004)	Loss 3.4531 (2.5093)	Acc@1 9.375 (50.852)	Acc@5 62.500 (80.114)	Mem 51327MB
Test: [20/1563]	Time 3.723 (3.899)	Loss 2.0586 (2.2727)	Acc@1 81.250 (61.905)	Acc@5 96.875 (84.970)	Mem 51327MB
Test: [30/1563]	Time 3.746 (3.847)	Loss 2.1953 (2.1920)	Acc@1 65.625 (63.609)	Acc@5 87.500 (87.198)	Mem 51327MB
Test: [40/1563]	Time 3.763 (3.824)	Loss 1.9482 (2.1881)	Acc@1 43.750 (61.890)	Acc@5 100.000 (87.500)	Mem 51327MB
Test: [50/1563]	Time 3.633 (3.806)	Loss 2.6348 (2.1381)	Acc@1 50.000 (63.480)	Acc@5 93.750 (88.174)	Mem 51327MB
Test: [60/1563]	Time 3.664 (3.795)	Loss 3.1309 (2.3109)	Acc@1 50.000 (59.529)	Acc@5 71.875 (84.939)	Mem 51327MB
Test: [70/1563]	Time 3.725 (3.786)	Loss 3.5840 (2.2768)	Acc@1 40.625 (60.211)	Acc@5 56.250 (85.387)	Mem 51327MB
Test: [80/1563]	Time 4.293 (3.804)	Loss 2.5508 (2.4023)	Acc@1 65.625 (57.562)	Acc@5 75.000 (83.102)	Mem 51327MB
Test: [90/1563]	Time 3.703 (3.803)	Loss 2.3145 (2.4158)	Acc@1 65.625 (56.937)	Acc@5 78.125 (83.173)	Mem 51327MB
Test: [100/1563]	Time 3.695 (3.796)	Loss 1.6055 (2.4212)	Acc@1 68.750 (56.869)	Acc@5 90.625 (82.921)	Mem 51327MB
Test: [110/1563]	Time 4.287 (3.811)	Loss 1.5918 (2.4336)	Acc@1 84.375 (56.532)	Acc@5 93.750 (82.742)	Mem 51327MB
Test: [120/1563]	Time 4.956 (3.885)	Loss 2.8809 (2.4362)	Acc@1 43.750 (55.733)	Acc@5 78.125 (82.851)	Mem 51327MB
Test: [130/1563]	Time 4.822 (3.944)	Loss 1.2305 (2.4240)	Acc@1 87.500 (56.059)	Acc@5 96.875 (82.657)	Mem 51327MB
Test: [140/1563]	Time 5.156 (4.003)	Loss 1.9502 (2.3934)	Acc@1 81.250 (57.402)	Acc@5 84.375 (83.001)	Mem 51327MB
Test: [150/1563]	Time 4.678 (4.093)	Loss 1.6719 (2.3268)	Acc@1 87.500 (58.961)	Acc@5 90.625 (83.692)	Mem 51327MB
Test: [160/1563]	Time 4.840 (4.135)	Loss 1.2412 (2.2934)	Acc@1 90.625 (59.880)	Acc@5 100.000 (84.142)	Mem 51327MB
Test: [170/1563]	Time 4.800 (4.199)	Loss 2.2188 (2.3353)	Acc@1 62.500 (59.156)	Acc@5 81.250 (83.297)	Mem 51327MB
Test: [180/1563]	Time 5.682 (4.244)	Loss 2.4297 (2.3217)	Acc@1 46.875 (59.530)	Acc@5 90.625 (83.356)	Mem 51327MB
Test: [190/1563]	Time 6.501 (4.317)	Loss 2.0273 (2.3194)	Acc@1 68.750 (59.653)	Acc@5 87.500 (83.279)	Mem 51327MB
Test: [200/1563]	Time 4.870 (4.376)	Loss 1.2471 (2.3293)	Acc@1 87.500 (59.313)	Acc@5 100.000 (83.225)	Mem 51327MB
Test: [210/1563]	Time 4.585 (4.407)	Loss 2.3926 (2.3046)	Acc@1 53.125 (59.908)	Acc@5 81.250 (83.679)	Mem 51327MB
Test: [220/1563]	Time 4.582 (4.437)	Loss 1.9316 (2.2829)	Acc@1 75.000 (60.520)	Acc@5 87.500 (83.937)	Mem 51327MB
Test: [230/1563]	Time 4.725 (4.465)	Loss 1.7510 (2.2611)	Acc@1 71.875 (61.107)	Acc@5 87.500 (84.240)	Mem 51327MB
Test: [240/1563]	Time 5.767 (4.504)	Loss 2.5391 (2.2560)	Acc@1 75.000 (61.333)	Acc@5 90.625 (84.518)	Mem 51327MB
Test: [250/1563]	Time 5.633 (4.542)	Loss 1.9336 (2.2672)	Acc@1 71.875 (61.093)	Acc@5 90.625 (84.500)	Mem 51327MB
Test: [260/1563]	Time 4.794 (4.561)	Loss 2.2852 (2.2825)	Acc@1 56.250 (60.644)	Acc@5 96.875 (84.423)	Mem 51327MB
Test: [270/1563]	Time 5.174 (4.584)	Loss 3.0000 (2.2904)	Acc@1 53.125 (60.678)	Acc@5 71.875 (84.421)	Mem 51327MB
Test: [280/1563]	Time 5.741 (4.594)	Loss 3.0332 (2.2926)	Acc@1 50.000 (60.732)	Acc@5 62.500 (84.397)	Mem 51327MB
Test: [290/1563]	Time 5.003 (4.621)	Loss 2.7031 (2.3222)	Acc@1 46.875 (59.837)	Acc@5 84.375 (83.913)	Mem 51327MB
Test: [300/1563]	Time 5.430 (4.644)	Loss 3.0332 (2.3474)	Acc@1 50.000 (59.323)	Acc@5 75.000 (83.544)	Mem 51327MB
Test: [310/1563]	Time 4.482 (4.666)	Loss 1.9443 (2.3688)	Acc@1 75.000 (58.762)	Acc@5 93.750 (83.250)	Mem 51327MB
Test: [320/1563]	Time 4.537 (4.667)	Loss 3.0723 (2.3876)	Acc@1 43.750 (58.226)	Acc@5 75.000 (83.090)	Mem 51327MB
Test: [330/1563]	Time 4.467 (4.668)	Loss 3.4199 (2.3985)	Acc@1 25.000 (58.072)	Acc@5 68.750 (82.949)	Mem 51327MB
Test: [340/1563]	Time 4.763 (4.670)	Loss 2.8984 (2.4100)	Acc@1 50.000 (58.065)	Acc@5 81.250 (82.945)	Mem 51327MB
Test: [350/1563]	Time 4.634 (4.671)	Loss 3.0117 (2.4312)	Acc@1 46.875 (57.577)	Acc@5 81.250 (82.666)	Mem 51327MB
Test: [360/1563]	Time 4.630 (4.673)	Loss 3.0762 (2.4389)	Acc@1 53.125 (57.419)	Acc@5 71.875 (82.635)	Mem 51327MB
Test: [370/1563]	Time 4.688 (4.674)	Loss 2.5605 (2.4544)	Acc@1 53.125 (56.772)	Acc@5 81.250 (82.421)	Mem 51327MB
Test: [380/1563]	Time 4.694 (4.675)	Loss 3.3301 (2.4613)	Acc@1 28.125 (56.512)	Acc@5 71.875 (82.390)	Mem 51327MB
Test: [390/1563]	Time 4.638 (4.675)	Loss 3.2949 (2.4689)	Acc@1 21.875 (56.370)	Acc@5 78.125 (82.409)	Mem 51327MB
Test: [400/1563]	Time 4.681 (4.674)	Loss 3.3320 (2.4645)	Acc@1 28.125 (56.406)	Acc@5 65.625 (82.497)	Mem 51327MB
Test: [410/1563]	Time 4.738 (4.678)	Loss 2.2910 (2.4758)	Acc@1 75.000 (56.273)	Acc@5 93.750 (82.474)	Mem 51327MB
Test: [420/1563]	Time 6.299 (4.689)	Loss 2.4805 (2.4952)	Acc@1 56.250 (55.805)	Acc@5 81.250 (82.156)	Mem 51327MB
Test: [430/1563]	Time 4.539 (4.707)	Loss 2.5332 (2.4998)	Acc@1 53.125 (55.641)	Acc@5 81.250 (82.055)	Mem 51327MB
Test: [440/1563]	Time 4.783 (4.721)	Loss 2.8535 (2.4982)	Acc@1 43.750 (55.605)	Acc@5 78.125 (82.129)	Mem 51327MB
Test: [450/1563]	Time 5.200 (4.730)	Loss 2.1426 (2.5125)	Acc@1 40.625 (55.287)	Acc@5 87.500 (81.950)	Mem 51327MB
Test: [460/1563]	Time 5.904 (4.744)	Loss 2.2676 (2.5079)	Acc@1 59.375 (55.511)	Acc@5 84.375 (82.016)	Mem 51327MB
Test: [470/1563]	Time 4.885 (4.769)	Loss 1.7148 (2.5037)	Acc@1 65.625 (55.533)	Acc@5 93.750 (82.053)	Mem 51327MB
Test: [480/1563]	Time 5.661 (4.780)	Loss 2.4941 (2.4991)	Acc@1 65.625 (55.581)	Acc@5 84.375 (82.140)	Mem 51327MB
Test: [490/1563]	Time 5.234 (4.793)	Loss 3.0469 (2.4995)	Acc@1 46.875 (55.474)	Acc@5 71.875 (82.109)	Mem 51327MB
Test: [500/1563]	Time 4.701 (4.803)	Loss 0.9189 (2.4888)	Acc@1 87.500 (55.745)	Acc@5 96.875 (82.211)	Mem 51327MB
Test: [510/1563]	Time 4.774 (4.805)	Loss 0.9883 (2.4665)	Acc@1 84.375 (56.238)	Acc@5 100.000 (82.485)	Mem 51327MB
Test: [520/1563]	Time 6.484 (4.830)	Loss 2.1914 (2.4738)	Acc@1 65.625 (56.106)	Acc@5 90.625 (82.318)	Mem 51327MB
Test: [530/1563]	Time 4.638 (4.840)	Loss 0.5942 (2.4642)	Acc@1 96.875 (56.368)	Acc@5 100.000 (82.415)	Mem 51327MB
Test: [540/1563]	Time 4.905 (4.847)	Loss 2.7500 (2.4651)	Acc@1 50.000 (56.279)	Acc@5 90.625 (82.359)	Mem 51327MB
Test: [550/1563]	Time 6.421 (4.856)	Loss 2.8672 (2.4626)	Acc@1 9.375 (56.188)	Acc@5 84.375 (82.430)	Mem 51327MB
Test: [560/1563]	Time 5.452 (4.867)	Loss 3.0469 (2.4610)	Acc@1 31.250 (56.200)	Acc@5 68.750 (82.464)	Mem 51327MB
Test: [570/1563]	Time 4.994 (4.877)	Loss 1.1055 (2.4560)	Acc@1 84.375 (56.370)	Acc@5 90.625 (82.432)	Mem 51327MB
Test: [580/1563]	Time 5.439 (4.878)	Loss 2.0195 (2.4545)	Acc@1 56.250 (56.239)	Acc@5 87.500 (82.380)	Mem 51327MB
Test: [590/1563]	Time 5.875 (4.894)	Loss 2.3652 (2.4506)	Acc@1 40.625 (56.150)	Acc@5 84.375 (82.323)	Mem 51327MB
Test: [600/1563]	Time 6.204 (4.902)	Loss 1.5020 (2.4456)	Acc@1 75.000 (56.037)	Acc@5 96.875 (82.363)	Mem 51327MB
Test: [610/1563]	Time 4.658 (4.917)	Loss 2.2148 (2.4381)	Acc@1 53.125 (56.112)	Acc@5 84.375 (82.385)	Mem 51327MB
Test: [620/1563]	Time 4.933 (4.918)	Loss 2.2246 (2.4381)	Acc@1 56.250 (56.134)	Acc@5 87.500 (82.332)	Mem 51327MB
Test: [630/1563]	Time 6.265 (4.931)	Loss 2.9707 (2.4398)	Acc@1 37.500 (56.161)	Acc@5 90.625 (82.315)	Mem 51327MB
Test: [640/1563]	Time 5.489 (4.935)	Loss 1.7588 (2.4398)	Acc@1 68.750 (56.118)	Acc@5 96.875 (82.386)	Mem 51327MB
Test: [650/1563]	Time 5.441 (4.945)	Loss 2.4648 (2.4601)	Acc@1 59.375 (55.784)	Acc@5 75.000 (81.980)	Mem 51327MB
Test: [660/1563]	Time 5.331 (4.951)	Loss 2.5293 (2.4589)	Acc@1 59.375 (55.919)	Acc@5 68.750 (82.016)	Mem 51327MB
Test: [670/1563]	Time 6.384 (4.963)	Loss 2.3086 (2.4689)	Acc@1 62.500 (55.775)	Acc@5 90.625 (81.804)	Mem 51327MB
Test: [680/1563]	Time 4.684 (4.963)	Loss 4.9805 (2.4816)	Acc@1 9.375 (55.511)	Acc@5 18.750 (81.512)	Mem 51327MB
Test: [690/1563]	Time 4.572 (4.960)	Loss 2.8633 (2.4890)	Acc@1 53.125 (55.445)	Acc@5 78.125 (81.336)	Mem 51327MB
Test: [700/1563]	Time 6.177 (4.959)	Loss 3.9414 (2.5058)	Acc@1 34.375 (55.153)	Acc@5 65.625 (81.067)	Mem 51327MB
Test: [710/1563]	Time 5.116 (4.962)	Loss 3.5684 (2.5142)	Acc@1 28.125 (55.002)	Acc@5 65.625 (80.916)	Mem 51327MB
Test: [720/1563]	Time 4.958 (4.967)	Loss 2.9727 (2.5277)	Acc@1 31.250 (54.755)	Acc@5 78.125 (80.674)	Mem 51327MB
Test: [730/1563]	Time 6.274 (4.975)	Loss 3.4297 (2.5375)	Acc@1 40.625 (54.566)	Acc@5 65.625 (80.498)	Mem 51327MB
Test: [740/1563]	Time 4.995 (4.982)	Loss 3.0684 (2.5473)	Acc@1 40.625 (54.382)	Acc@5 81.250 (80.335)	Mem 51327MB
Test: [750/1563]	Time 5.924 (4.989)	Loss 2.7480 (2.5540)	Acc@1 59.375 (54.290)	Acc@5 78.125 (80.185)	Mem 51327MB
Test: [760/1563]	Time 4.606 (4.987)	Loss 2.2402 (2.5566)	Acc@1 71.875 (54.221)	Acc@5 90.625 (80.182)	Mem 51327MB
Test: [770/1563]	Time 7.049 (4.993)	Loss 3.3145 (2.5627)	Acc@1 28.125 (54.021)	Acc@5 65.625 (80.062)	Mem 51327MB
Test: [780/1563]	Time 5.347 (4.994)	Loss 2.9824 (2.5733)	Acc@1 53.125 (53.769)	Acc@5 75.000 (79.882)	Mem 51327MB
Test: [790/1563]	Time 5.168 (4.997)	Loss 4.1250 (2.5810)	Acc@1 15.625 (53.575)	Acc@5 43.750 (79.729)	Mem 51327MB
Test: [800/1563]	Time 5.625 (5.003)	Loss 2.6797 (2.5851)	Acc@1 53.125 (53.468)	Acc@5 87.500 (79.705)	Mem 51327MB
Test: [810/1563]	Time 5.114 (5.002)	Loss 2.4219 (2.5931)	Acc@1 50.000 (53.306)	Acc@5 90.625 (79.539)	Mem 51327MB
Test: [820/1563]	Time 5.319 (5.009)	Loss 2.2090 (2.5976)	Acc@1 53.125 (53.270)	Acc@5 87.500 (79.450)	Mem 51327MB
Test: [830/1563]	Time 5.058 (5.013)	Loss 2.0586 (2.6054)	Acc@1 59.375 (53.016)	Acc@5 90.625 (79.355)	Mem 51327MB
Test: [840/1563]	Time 5.716 (5.018)	Loss 2.1230 (2.6023)	Acc@1 68.750 (53.155)	Acc@5 84.375 (79.377)	Mem 51327MB
Test: [850/1563]	Time 4.523 (5.021)	Loss 4.0547 (2.6106)	Acc@1 12.500 (52.989)	Acc@5 46.875 (79.238)	Mem 51327MB
Test: [860/1563]	Time 4.874 (5.018)	Loss 4.0195 (2.6195)	Acc@1 25.000 (52.704)	Acc@5 37.500 (79.087)	Mem 51327MB
Test: [870/1563]	Time 5.535 (5.017)	Loss 3.1367 (2.6225)	Acc@1 37.500 (52.698)	Acc@5 81.250 (79.087)	Mem 51327MB
Test: [880/1563]	Time 4.514 (5.016)	Loss 2.5195 (2.6270)	Acc@1 21.875 (52.618)	Acc@5 90.625 (79.015)	Mem 51327MB
Test: [890/1563]	Time 4.980 (5.024)	Loss 3.4102 (2.6290)	Acc@1 21.875 (52.567)	Acc@5 78.125 (78.995)	Mem 51327MB
Test: [900/1563]	Time 5.276 (5.031)	Loss 1.7139 (2.6324)	Acc@1 75.000 (52.549)	Acc@5 93.750 (78.937)	Mem 51327MB
Test: [910/1563]	Time 5.000 (5.034)	Loss 3.1914 (2.6392)	Acc@1 56.250 (52.346)	Acc@5 75.000 (78.852)	Mem 51327MB
Test: [920/1563]	Time 5.330 (5.038)	Loss 2.9980 (2.6420)	Acc@1 62.500 (52.351)	Acc@5 84.375 (78.861)	Mem 51327MB
Test: [930/1563]	Time 5.881 (5.047)	Loss 3.1191 (2.6402)	Acc@1 34.375 (52.390)	Acc@5 78.125 (78.887)	Mem 51327MB
Test: [940/1563]	Time 5.811 (5.052)	Loss 3.4902 (2.6458)	Acc@1 40.625 (52.272)	Acc@5 53.125 (78.779)	Mem 51327MB
Test: [950/1563]	Time 4.976 (5.057)	Loss 3.5723 (2.6448)	Acc@1 37.500 (52.336)	Acc@5 50.000 (78.779)	Mem 51327MB
Test: [960/1563]	Time 4.852 (5.058)	Loss 2.4414 (2.6497)	Acc@1 68.750 (52.299)	Acc@5 87.500 (78.701)	Mem 51327MB
Test: [970/1563]	Time 6.255 (5.063)	Loss 3.3438 (2.6548)	Acc@1 31.250 (52.172)	Acc@5 65.625 (78.601)	Mem 51327MB
Test: [980/1563]	Time 4.820 (5.068)	Loss 3.2363 (2.6611)	Acc@1 28.125 (52.045)	Acc@5 75.000 (78.495)	Mem 51327MB
Test: [990/1563]	Time 4.466 (5.067)	Loss 3.9121 (2.6594)	Acc@1 21.875 (52.050)	Acc@5 53.125 (78.500)	Mem 51327MB
Test: [1000/1563]	Time 5.582 (5.072)	Loss 2.3105 (2.6648)	Acc@1 65.625 (51.911)	Acc@5 81.250 (78.406)	Mem 51327MB
Test: [1010/1563]	Time 5.407 (5.078)	Loss 3.0723 (2.6700)	Acc@1 53.125 (51.873)	Acc@5 71.875 (78.289)	Mem 51327MB
Test: [1020/1563]	Time 5.053 (5.082)	Loss 4.1133 (2.6791)	Acc@1 18.750 (51.729)	Acc@5 62.500 (78.116)	Mem 51327MB
Test: [1030/1563]	Time 5.313 (5.086)	Loss 2.6426 (2.6902)	Acc@1 65.625 (51.412)	Acc@5 84.375 (77.919)	Mem 51327MB
Test: [1040/1563]	Time 5.562 (5.088)	Loss 3.7988 (2.6942)	Acc@1 28.125 (51.342)	Acc@5 59.375 (77.891)	Mem 51327MB
Test: [1050/1563]	Time 6.253 (5.092)	Loss 1.4639 (2.6955)	Acc@1 90.625 (51.380)	Acc@5 96.875 (77.920)	Mem 51327MB
Test: [1060/1563]	Time 5.562 (5.093)	Loss 3.6270 (2.6955)	Acc@1 31.250 (51.434)	Acc@5 62.500 (77.934)	Mem 51327MB
Test: [1070/1563]	Time 4.536 (5.100)	Loss 1.6787 (2.6940)	Acc@1 81.250 (51.421)	Acc@5 90.625 (77.953)	Mem 51327MB
Test: [1080/1563]	Time 4.547 (5.102)	Loss 2.3555 (2.6961)	Acc@1 65.625 (51.390)	Acc@5 90.625 (77.897)	Mem 51327MB
Test: [1090/1563]	Time 5.643 (5.104)	Loss 4.9141 (2.7020)	Acc@1 9.375 (51.292)	Acc@5 31.250 (77.744)	Mem 51327MB
Test: [1100/1563]	Time 5.099 (5.106)	Loss 2.7656 (2.7049)	Acc@1 62.500 (51.257)	Acc@5 84.375 (77.682)	Mem 51327MB
Test: [1110/1563]	Time 4.800 (5.110)	Loss 3.8652 (2.7062)	Acc@1 31.250 (51.288)	Acc@5 53.125 (77.692)	Mem 51327MB
Test: [1120/1563]	Time 5.383 (5.113)	Loss 4.3750 (2.7032)	Acc@1 9.375 (51.369)	Acc@5 43.750 (77.732)	Mem 51327MB
Test: [1130/1563]	Time 5.657 (5.115)	Loss 2.2246 (2.7043)	Acc@1 62.500 (51.343)	Acc@5 90.625 (77.683)	Mem 51327MB
Test: [1140/1563]	Time 4.732 (5.118)	Loss 3.5117 (2.7066)	Acc@1 34.375 (51.312)	Acc@5 62.500 (77.616)	Mem 51327MB
Test: [1150/1563]	Time 4.632 (5.120)	Loss 3.3262 (2.7142)	Acc@1 50.000 (51.165)	Acc@5 62.500 (77.487)	Mem 51327MB
Test: [1160/1563]	Time 5.298 (5.122)	Loss 3.4805 (2.7145)	Acc@1 31.250 (51.176)	Acc@5 59.375 (77.474)	Mem 51327MB
Test: [1170/1563]	Time 5.004 (5.121)	Loss 3.0684 (2.7148)	Acc@1 40.625 (51.156)	Acc@5 62.500 (77.461)	Mem 51327MB
Test: [1180/1563]	Time 4.449 (5.120)	Loss 1.7744 (2.7163)	Acc@1 84.375 (51.119)	Acc@5 93.750 (77.442)	Mem 51327MB
Test: [1190/1563]	Time 5.021 (5.123)	Loss 3.5566 (2.7179)	Acc@1 37.500 (51.113)	Acc@5 59.375 (77.424)	Mem 51327MB
Test: [1200/1563]	Time 5.056 (5.126)	Loss 2.4727 (2.7244)	Acc@1 53.125 (50.994)	Acc@5 81.250 (77.279)	Mem 51327MB
Test: [1210/1563]	Time 5.473 (5.131)	Loss 3.7598 (2.7262)	Acc@1 18.750 (50.993)	Acc@5 56.250 (77.224)	Mem 51327MB
Test: [1220/1563]	Time 4.322 (5.133)	Loss 2.1035 (2.7292)	Acc@1 62.500 (50.898)	Acc@5 81.250 (77.160)	Mem 51327MB
Test: [1230/1563]	Time 5.235 (5.137)	Loss 3.5879 (2.7300)	Acc@1 28.125 (50.899)	Acc@5 68.750 (77.130)	Mem 51327MB
Test: [1240/1563]	Time 5.438 (5.141)	Loss 5.0898 (2.7371)	Acc@1 15.625 (50.803)	Acc@5 31.250 (76.987)	Mem 51327MB
Test: [1250/1563]	Time 6.620 (5.144)	Loss 2.0762 (2.7385)	Acc@1 65.625 (50.802)	Acc@5 84.375 (76.926)	Mem 51327MB
Test: [1260/1563]	Time 5.383 (5.147)	Loss 3.4746 (2.7369)	Acc@1 40.625 (50.892)	Acc@5 59.375 (76.973)	Mem 51327MB
Test: [1270/1563]	Time 5.184 (5.151)	Loss 3.0469 (2.7395)	Acc@1 43.750 (50.826)	Acc@5 71.875 (76.915)	Mem 51327MB
Test: [1280/1563]	Time 4.969 (5.151)	Loss 2.9141 (2.7395)	Acc@1 46.875 (50.844)	Acc@5 81.250 (76.954)	Mem 51327MB
Test: [1290/1563]	Time 4.436 (5.151)	Loss 4.0352 (2.7436)	Acc@1 15.625 (50.760)	Acc@5 37.500 (76.905)	Mem 51327MB
Test: [1300/1563]	Time 6.346 (5.156)	Loss 2.5508 (2.7493)	Acc@1 50.000 (50.632)	Acc@5 84.375 (76.809)	Mem 51327MB
Test: [1310/1563]	Time 5.756 (5.159)	Loss 2.5195 (2.7549)	Acc@1 50.000 (50.515)	Acc@5 87.500 (76.716)	Mem 51327MB
Test: [1320/1563]	Time 4.835 (5.160)	Loss 3.3105 (2.7595)	Acc@1 43.750 (50.414)	Acc@5 65.625 (76.654)	Mem 51327MB
Test: [1330/1563]	Time 5.282 (5.158)	Loss 3.3574 (2.7654)	Acc@1 12.500 (50.244)	Acc@5 78.125 (76.568)	Mem 51327MB
Test: [1340/1563]	Time 4.878 (5.157)	Loss 2.5996 (2.7618)	Acc@1 53.125 (50.364)	Acc@5 75.000 (76.638)	Mem 51327MB
Test: [1350/1563]	Time 4.683 (5.156)	Loss 3.4434 (2.7638)	Acc@1 18.750 (50.354)	Acc@5 65.625 (76.598)	Mem 51327MB
Test: [1360/1563]	Time 5.288 (5.156)	Loss 3.9609 (2.7698)	Acc@1 28.125 (50.246)	Acc@5 53.125 (76.506)	Mem 51327MB
Test: [1370/1563]	Time 5.385 (5.157)	Loss 3.8906 (2.7730)	Acc@1 37.500 (50.141)	Acc@5 56.250 (76.463)	Mem 51327MB
Test: [1380/1563]	Time 5.670 (5.158)	Loss 5.0156 (2.7745)	Acc@1 0.000 (50.111)	Acc@5 15.625 (76.421)	Mem 51327MB
Test: [1390/1563]	Time 5.341 (5.161)	Loss 3.4766 (2.7777)	Acc@1 40.625 (50.056)	Acc@5 56.250 (76.355)	Mem 51327MB
Test: [1400/1563]	Time 5.490 (5.164)	Loss 3.1055 (2.7772)	Acc@1 28.125 (50.025)	Acc@5 78.125 (76.381)	Mem 51327MB
Test: [1410/1563]	Time 6.629 (5.166)	Loss 1.8838 (2.7772)	Acc@1 75.000 (50.040)	Acc@5 90.625 (76.371)	Mem 51327MB
Test: [1420/1563]	Time 4.468 (5.165)	Loss 3.6523 (2.7787)	Acc@1 6.250 (50.002)	Acc@5 78.125 (76.352)	Mem 51327MB
Test: [1430/1563]	Time 5.584 (5.167)	Loss 3.1289 (2.7811)	Acc@1 37.500 (49.961)	Acc@5 78.125 (76.326)	Mem 51327MB
Test: [1440/1563]	Time 6.753 (5.168)	Loss 2.8730 (2.7799)	Acc@1 43.750 (50.022)	Acc@5 78.125 (76.347)	Mem 51327MB
Test: [1450/1563]	Time 4.445 (5.167)	Loss 3.3262 (2.7767)	Acc@1 21.875 (50.093)	Acc@5 65.625 (76.430)	Mem 51327MB
Test: [1460/1563]	Time 6.073 (5.171)	Loss 2.9844 (2.7779)	Acc@1 53.125 (50.053)	Acc@5 75.000 (76.420)	Mem 51327MB
Test: [1470/1563]	Time 5.263 (5.171)	Loss 2.0098 (2.7706)	Acc@1 65.625 (50.229)	Acc@5 93.750 (76.530)	Mem 51327MB
Test: [1480/1563]	Time 5.016 (5.174)	Loss 3.4668 (2.7666)	Acc@1 12.500 (50.302)	Acc@5 71.875 (76.591)	Mem 51327MB
Test: [1490/1563]	Time 4.987 (5.175)	Loss 1.7734 (2.7614)	Acc@1 84.375 (50.438)	Acc@5 93.750 (76.673)	Mem 51327MB
Test: [1500/1563]	Time 5.975 (5.175)	Loss 2.5234 (2.7588)	Acc@1 53.125 (50.516)	Acc@5 84.375 (76.699)	Mem 51327MB
Test: [1510/1563]	Time 5.755 (5.177)	Loss 2.5879 (2.7610)	Acc@1 59.375 (50.449)	Acc@5 81.250 (76.677)	Mem 51327MB
Test: [1520/1563]	Time 5.144 (5.178)	Loss 3.3809 (2.7645)	Acc@1 21.875 (50.355)	Acc@5 68.750 (76.598)	Mem 51327MB
Test: [1530/1563]	Time 6.395 (5.180)	Loss 2.7656 (2.7689)	Acc@1 46.875 (50.296)	Acc@5 93.750 (76.580)	Mem 51327MB
Test: [1540/1563]	Time 6.436 (5.182)	Loss 0.9092 (2.7675)	Acc@1 93.750 (50.365)	Acc@5 100.000 (76.584)	Mem 51327MB
Test: [1550/1563]	Time 5.512 (5.183)	Loss 2.0098 (2.7616)	Acc@1 78.125 (50.516)	Acc@5 87.500 (76.662)	Mem 51327MB
Test: [1560/1563]	Time 5.024 (5.183)	Loss 2.9180 (2.7570)	Acc@1 37.500 (50.631)	Acc@5 78.125 (76.722)	Mem 51327MB
 * Acc@1 50.589 Acc@5 76.663
