[W socket.cpp:426] [c10d] The server socket has failed to bind to [::]:61234 (errno: 98 - Address already in use).
[W socket.cpp:426] [c10d] The server socket has failed to bind to ?UNKNOWN? (errno: 98 - Address already in use).
[E socket.cpp:462] [c10d] The server socket has failed to listen on any local network address.
The server socket has failed to listen on any local network address. The server socket has failed to bind to [::]:61234 (errno: 98 - Address already in use). The server socket has failed to bind to ?UNKNOWN? (errno: 98 - Address already in use).
[W socket.cpp:426] [c10d] The server socket has failed to bind to [::]:61233 (errno: 98 - Address already in use).
[W socket.cpp:426] [c10d] The server socket has failed to bind to ?UNKNOWN? (errno: 98 - Address already in use).
[E socket.cpp:462] [c10d] The server socket has failed to listen on any local network address.
The server socket has failed to listen on any local network address. The server socket has failed to bind to [::]:61233 (errno: 98 - Address already in use). The server socket has failed to bind to ?UNKNOWN? (errno: 98 - Address already in use).
[W socket.cpp:426] [c10d] The server socket has failed to bind to [::]:61232 (errno: 98 - Address already in use).
[W socket.cpp:426] [c10d] The server socket has failed to bind to ?UNKNOWN? (errno: 98 - Address already in use).
[E socket.cpp:462] [c10d] The server socket has failed to listen on any local network address.
The server socket has failed to listen on any local network address. The server socket has failed to bind to [::]:61232 (errno: 98 - Address already in use). The server socket has failed to bind to ?UNKNOWN? (errno: 98 - Address already in use).
[W socket.cpp:426] [c10d] The server socket has failed to bind to [::]:61231 (errno: 98 - Address already in use).
[W socket.cpp:426] [c10d] The server socket has failed to bind to ?UNKNOWN? (errno: 98 - Address already in use).
[E socket.cpp:462] [c10d] The server socket has failed to listen on any local network address.
The server socket has failed to listen on any local network address. The server socket has failed to bind to [::]:61231 (errno: 98 - Address already in use). The server socket has failed to bind to ?UNKNOWN? (errno: 98 - Address already in use).
using init_deit ======================== 
01/16 01:28:43 - mmengine - INFO - Because batch augmentations are enabled, the data preprocessor automatically enables the `to_onehot` option to generate one-hot format labels.
01/16 01:28:45 - mmengine - INFO - Loads checkpoint by http backend from path: https://download.openmmlab.com/mmclassification/v0/deit/deit-base_pt-16xb64_in1k_20220216-db63c16c.pth
Downloading: "https://download.openmmlab.com/mmclassification/v0/deit/deit-base_pt-16xb64_in1k_20220216-db63c16c.pth" to /home/LiuYue/.cache/torch/hub/checkpoints/deit-base_pt-16xb64_in1k_20220216-db63c16c.pth

  0%|          | 0.00/330M [00:00<?, ?B/s]
  0%|          | 696k/330M [00:00<00:49, 7.04MB/s]
  1%|          | 2.01M/330M [00:00<00:31, 11.1MB/s]
  1%|          | 4.01M/330M [00:00<00:21, 15.6MB/s]
  2%|▏         | 6.59M/330M [00:00<00:16, 20.0MB/s]
  3%|▎         | 9.77M/330M [00:00<00:13, 24.7MB/s]
  4%|▍         | 13.4M/330M [00:00<00:11, 29.3MB/s]
  5%|▌         | 17.1M/330M [00:00<00:10, 32.3MB/s]
  6%|▌         | 20.2M/330M [00:01<00:20, 16.1MB/s]
  7%|▋         | 23.6M/330M [00:01<00:16, 19.8MB/s]
  8%|▊         | 26.3M/330M [00:01<00:15, 21.0MB/s]
  9%|▉         | 30.2M/330M [00:01<00:12, 25.5MB/s]
 10%|█         | 33.2M/330M [00:01<00:17, 17.8MB/s]
 11%|█         | 35.6M/330M [00:01<00:17, 17.3MB/s]
 12%|█▏        | 38.1M/330M [00:02<00:16, 18.9MB/s]
 12%|█▏        | 40.3M/330M [00:02<00:16, 18.7MB/s]
 13%|█▎        | 44.1M/330M [00:02<00:12, 23.5MB/s]
 14%|█▍        | 46.7M/330M [00:02<00:12, 22.9MB/s]
 15%|█▍        | 49.4M/330M [00:02<00:12, 24.3MB/s]
 16%|█▌        | 52.8M/330M [00:02<00:10, 27.3MB/s]
 17%|█▋        | 55.9M/330M [00:02<00:10, 28.7MB/s]
 18%|█▊        | 60.1M/330M [00:02<00:09, 31.1MB/s]
 19%|█▉        | 63.2M/330M [00:02<00:10, 26.5MB/s]
 20%|██        | 66.6M/330M [00:03<00:09, 28.9MB/s]
 21%|██▏       | 70.9M/330M [00:03<00:08, 32.4MB/s]
 23%|██▎       | 75.7M/330M [00:03<00:08, 32.4MB/s]
 24%|██▍       | 79.2M/330M [00:03<00:07, 33.2MB/s]
 25%|██▌       | 83.1M/330M [00:03<00:08, 31.5MB/s]
 26%|██▌       | 86.1M/330M [00:03<00:11, 23.2MB/s]
 27%|██▋       | 89.5M/330M [00:03<00:09, 25.7MB/s]
 28%|██▊       | 92.8M/330M [00:04<00:09, 26.7MB/s]
 29%|██▉       | 95.6M/330M [00:04<00:12, 19.0MB/s]
 30%|███       | 99.7M/330M [00:04<00:10, 23.6MB/s]
 31%|███       | 103M/330M [00:04<00:09, 25.8MB/s] 
 33%|███▎      | 108M/330M [00:04<00:07, 32.8MB/s]
 34%|███▍      | 112M/330M [00:04<00:07, 28.7MB/s]
 35%|███▍      | 115M/330M [00:04<00:09, 24.5MB/s]
 36%|███▌      | 119M/330M [00:05<00:08, 26.9MB/s]
 37%|███▋      | 122M/330M [00:05<00:07, 28.2MB/s]
 38%|███▊      | 125M/330M [00:05<00:09, 21.6MB/s]
 39%|███▊      | 128M/330M [00:05<00:09, 22.8MB/s]
 40%|███▉      | 132M/330M [00:05<00:08, 25.6MB/s]
 41%|████      | 135M/330M [00:05<00:09, 21.2MB/s]
 42%|████▏     | 137M/330M [00:05<00:08, 23.1MB/s]
 43%|████▎     | 141M/330M [00:06<00:07, 25.7MB/s]
 43%|████▎     | 144M/330M [00:06<00:07, 26.7MB/s]
 45%|████▍     | 147M/330M [00:06<00:06, 29.4MB/s]
 45%|████▌     | 150M/330M [00:06<00:06, 27.8MB/s]
 46%|████▋     | 153M/330M [00:06<00:06, 28.4MB/s]
 47%|████▋     | 156M/330M [00:06<00:06, 28.3MB/s]
 48%|████▊     | 159M/330M [00:06<00:07, 22.6MB/s]
 49%|████▉     | 161M/330M [00:06<00:07, 23.6MB/s]
 50%|████▉     | 165M/330M [00:07<00:06, 27.2MB/s]
 51%|█████     | 168M/330M [00:07<00:05, 28.4MB/s]
 52%|█████▏    | 171M/330M [00:07<00:07, 22.0MB/s]
 53%|█████▎    | 173M/330M [00:07<00:09, 17.9MB/s]
 54%|█████▍    | 178M/330M [00:07<00:06, 23.3MB/s]
 55%|█████▍    | 181M/330M [00:07<00:06, 23.6MB/s]
 56%|█████▌    | 186M/330M [00:07<00:05, 29.9MB/s]
 57%|█████▋    | 189M/330M [00:08<00:05, 29.2MB/s]
 58%|█████▊    | 193M/330M [00:08<00:04, 31.6MB/s]
 59%|█████▉    | 196M/330M [00:08<00:04, 31.2MB/s]
 60%|██████    | 199M/330M [00:08<00:04, 31.0MB/s]
 61%|██████▏   | 203M/330M [00:08<00:04, 30.0MB/s]
 62%|██████▏   | 206M/330M [00:08<00:04, 30.2MB/s]
 63%|██████▎   | 209M/330M [00:08<00:04, 27.7MB/s]
 65%|██████▍   | 213M/330M [00:08<00:03, 31.9MB/s]
 65%|██████▌   | 216M/330M [00:08<00:03, 31.6MB/s]
 66%|██████▋   | 220M/330M [00:09<00:03, 32.8MB/s]
 67%|██████▋   | 223M/330M [00:09<00:03, 33.0MB/s]
 68%|██████▊   | 226M/330M [00:09<00:03, 33.8MB/s]
 69%|██████▉   | 230M/330M [00:09<00:04, 26.4MB/s]
 70%|███████   | 232M/330M [00:09<00:06, 16.6MB/s]
 71%|███████   | 235M/330M [00:09<00:05, 18.7MB/s]
 72%|███████▏  | 239M/330M [00:09<00:04, 23.3MB/s]
 73%|███████▎  | 242M/330M [00:10<00:03, 25.2MB/s]
 74%|███████▍  | 245M/330M [00:10<00:03, 26.5MB/s]
 75%|███████▌  | 249M/330M [00:10<00:03, 27.3MB/s]
 76%|███████▋  | 252M/330M [00:10<00:02, 27.8MB/s]
 77%|███████▋  | 255M/330M [00:10<00:02, 29.2MB/s]
 78%|███████▊  | 258M/330M [00:10<00:02, 30.0MB/s]
 79%|███████▉  | 261M/330M [00:10<00:02, 27.1MB/s]
 80%|████████  | 265M/330M [00:10<00:02, 30.7MB/s]
 81%|████████▏ | 269M/330M [00:10<00:02, 30.5MB/s]
 83%|████████▎ | 273M/330M [00:11<00:01, 34.1MB/s]
 84%|████████▎ | 276M/330M [00:11<00:02, 25.3MB/s]
 85%|████████▍ | 280M/330M [00:11<00:01, 29.0MB/s]
 86%|████████▌ | 283M/330M [00:11<00:01, 26.8MB/s]
 87%|████████▋ | 288M/330M [00:11<00:01, 31.3MB/s]
 88%|████████▊ | 291M/330M [00:11<00:01, 27.5MB/s]
 89%|████████▉ | 294M/330M [00:11<00:01, 26.9MB/s]
 90%|████████▉ | 297M/330M [00:12<00:01, 28.0MB/s]
 91%|█████████ | 300M/330M [00:12<00:01, 29.7MB/s]
 92%|█████████▏| 305M/330M [00:12<00:00, 34.0MB/s]
 93%|█████████▎| 308M/330M [00:12<00:00, 30.8MB/s]
 94%|█████████▍| 311M/330M [00:12<00:00, 28.7MB/s]
 95%|█████████▌| 314M/330M [00:12<00:00, 22.3MB/s]
 96%|█████████▋| 318M/330M [00:13<00:00, 19.9MB/s]
 97%|█████████▋| 322M/330M [00:13<00:00, 23.7MB/s]
 98%|█████████▊| 325M/330M [00:13<00:00, 23.7MB/s]
100%|█████████▉| 329M/330M [00:13<00:00, 28.5MB/s]
100%|██████████| 330M/330M [00:13<00:00, 25.9MB/s]
starting loop: img_size (224, 224)
Test: [0/391]	Time 3.971 (3.971)	Loss 0.3013 (0.3013)	Acc@1 94.531 (94.531)	Acc@5 99.219 (99.219)	Mem 1570MB
Test: [10/391]	Time 3.337 (2.965)	Loss 1.1133 (0.4675)	Acc@1 75.781 (90.980)	Acc@5 98.438 (98.509)	Mem 1570MB
Test: [20/391]	Time 1.952 (2.558)	Loss 0.5757 (0.6259)	Acc@1 87.500 (86.458)	Acc@5 96.094 (97.619)	Mem 1570MB
Test: [30/391]	Time 2.554 (2.472)	Loss 1.0811 (0.7330)	Acc@1 80.469 (83.594)	Acc@5 92.188 (97.152)	Mem 1570MB
Test: [40/391]	Time 2.100 (2.431)	Loss 0.5435 (0.6551)	Acc@1 92.188 (85.938)	Acc@5 96.875 (97.580)	Mem 1570MB
Test: [50/391]	Time 2.278 (2.390)	Loss 0.3132 (0.6543)	Acc@1 96.094 (86.382)	Acc@5 99.219 (97.411)	Mem 1570MB
Test: [60/391]	Time 2.193 (2.444)	Loss 0.8457 (0.6190)	Acc@1 80.469 (87.269)	Acc@5 96.094 (97.592)	Mem 1570MB
Test: [70/391]	Time 3.289 (2.581)	Loss 0.9131 (0.6458)	Acc@1 77.344 (86.565)	Acc@5 96.094 (97.436)	Mem 1570MB
Test: [80/391]	Time 4.447 (2.707)	Loss 0.7715 (0.6600)	Acc@1 85.156 (86.111)	Acc@5 93.750 (97.319)	Mem 1570MB
Test: [90/391]	Time 2.068 (2.749)	Loss 0.9131 (0.6621)	Acc@1 71.094 (86.092)	Acc@5 96.094 (97.270)	Mem 1570MB
Test: [100/391]	Time 3.707 (2.817)	Loss 0.5078 (0.6626)	Acc@1 89.844 (85.860)	Acc@5 96.875 (97.339)	Mem 1570MB
Test: [110/391]	Time 4.042 (2.856)	Loss 1.1533 (0.6733)	Acc@1 60.156 (85.459)	Acc@5 97.656 (97.361)	Mem 1570MB
Test: [120/391]	Time 4.406 (2.910)	Loss 0.4744 (0.6699)	Acc@1 90.625 (85.673)	Acc@5 98.438 (97.398)	Mem 1570MB
Test: [130/391]	Time 2.028 (2.947)	Loss 0.2717 (0.6626)	Acc@1 98.438 (85.943)	Acc@5 99.219 (97.406)	Mem 1570MB
Test: [140/391]	Time 3.575 (2.916)	Loss 1.0176 (0.6628)	Acc@1 71.875 (85.771)	Acc@5 100.000 (97.468)	Mem 1570MB
Test: [150/391]	Time 4.920 (2.991)	Loss 0.7422 (0.6688)	Acc@1 78.125 (85.663)	Acc@5 99.219 (97.403)	Mem 1570MB
Test: [160/391]	Time 4.156 (3.013)	Loss 0.6665 (0.6679)	Acc@1 84.375 (85.680)	Acc@5 96.875 (97.351)	Mem 1570MB
Test: [170/391]	Time 3.327 (3.041)	Loss 1.3037 (0.6817)	Acc@1 65.625 (85.298)	Acc@5 90.625 (97.236)	Mem 1570MB
Test: [180/391]	Time 3.567 (3.095)	Loss 1.4248 (0.6962)	Acc@1 64.062 (84.940)	Acc@5 95.312 (97.117)	Mem 1570MB
Test: [190/391]	Time 2.166 (3.116)	Loss 1.3789 (0.7159)	Acc@1 70.312 (84.408)	Acc@5 92.969 (96.936)	Mem 1570MB
Test: [200/391]	Time 2.673 (3.096)	Loss 0.5654 (0.7323)	Acc@1 88.281 (84.010)	Acc@5 99.219 (96.793)	Mem 1570MB
Test: [210/391]	Time 3.575 (3.137)	Loss 1.0205 (0.7435)	Acc@1 78.125 (83.683)	Acc@5 93.750 (96.734)	Mem 1570MB
Test: [220/391]	Time 6.227 (3.174)	Loss 0.3362 (0.7422)	Acc@1 92.969 (83.707)	Acc@5 98.438 (96.727)	Mem 1570MB
Test: [230/391]	Time 5.306 (3.257)	Loss 1.1982 (0.7493)	Acc@1 71.875 (83.553)	Acc@5 89.844 (96.628)	Mem 1570MB
Test: [240/391]	Time 4.209 (3.309)	Loss 0.7471 (0.7514)	Acc@1 86.719 (83.558)	Acc@5 93.750 (96.535)	Mem 1570MB
Test: [250/391]	Time 3.909 (3.330)	Loss 0.4604 (0.7665)	Acc@1 89.844 (83.068)	Acc@5 99.219 (96.433)	Mem 1570MB
Test: [260/391]	Time 2.853 (3.324)	Loss 0.7251 (0.7761)	Acc@1 77.344 (82.845)	Acc@5 99.219 (96.327)	Mem 1570MB
Test: [270/391]	Time 4.892 (3.327)	Loss 1.6201 (0.7823)	Acc@1 64.062 (82.703)	Acc@5 86.719 (96.247)	Mem 1570MB
Test: [280/391]	Time 2.540 (3.365)	Loss 0.9111 (0.7846)	Acc@1 77.344 (82.648)	Acc@5 95.312 (96.219)	Mem 1570MB
Test: [290/391]	Time 4.246 (3.397)	Loss 1.2305 (0.7899)	Acc@1 64.062 (82.531)	Acc@5 92.969 (96.134)	Mem 1570MB
Test: [300/391]	Time 4.214 (3.431)	Loss 0.8145 (0.7941)	Acc@1 82.812 (82.470)	Acc@5 95.312 (96.065)	Mem 1570MB
Test: [310/391]	Time 3.583 (3.444)	Loss 0.7764 (0.7965)	Acc@1 81.250 (82.390)	Acc@5 95.312 (96.036)	Mem 1570MB
Test: [320/391]	Time 3.485 (3.462)	Loss 0.5327 (0.8025)	Acc@1 89.844 (82.277)	Acc@5 97.656 (95.965)	Mem 1570MB
Test: [330/391]	Time 4.345 (3.471)	Loss 1.2500 (0.8136)	Acc@1 67.188 (81.982)	Acc@5 91.406 (95.858)	Mem 1570MB
Test: [340/391]	Time 4.699 (3.510)	Loss 0.7080 (0.8157)	Acc@1 84.375 (81.905)	Acc@5 97.656 (95.849)	Mem 1570MB
Test: [350/391]	Time 3.434 (3.541)	Loss 0.7842 (0.8175)	Acc@1 81.250 (81.835)	Acc@5 96.875 (95.829)	Mem 1570MB
Test: [360/391]	Time 4.526 (3.540)	Loss 1.3008 (0.8249)	Acc@1 69.531 (81.659)	Acc@5 96.875 (95.780)	Mem 1570MB
Test: [370/391]	Time 2.898 (3.525)	Loss 1.0664 (0.8215)	Acc@1 66.406 (81.701)	Acc@5 98.438 (95.828)	Mem 1570MB
Test: [380/391]	Time 2.834 (3.509)	Loss 0.7988 (0.8227)	Acc@1 82.031 (81.656)	Acc@5 99.219 (95.829)	Mem 1570MB
Test: [390/391]	Time 2.563 (3.516)	Loss 1.4404 (0.8203)	Acc@1 61.446 (81.669)	Acc@5 93.976 (95.860)	Mem 1570MB
 * Acc@1 81.669 Acc@5 95.860
01/16 01:51:54 - mmengine - INFO - Because batch augmentations are enabled, the data preprocessor automatically enables the `to_onehot` option to generate one-hot format labels.
01/16 01:51:55 - mmengine - INFO - Loads checkpoint by http backend from path: https://download.openmmlab.com/mmclassification/v0/deit/deit-base_pt-16xb64_in1k_20220216-db63c16c.pth
starting loop: img_size (64, 64)
Test: [0/391]	Time 1.532 (1.532)	Loss 7.0430 (7.0430)	Acc@1 0.000 (0.000)	Acc@5 1.562 (1.562)	Mem 1570MB
Test: [10/391]	Time 2.420 (1.780)	Loss 7.2891 (7.2443)	Acc@1 0.000 (0.142)	Acc@5 0.000 (1.136)	Mem 1570MB
Test: [20/391]	Time 1.753 (1.750)	Loss 7.2148 (7.2891)	Acc@1 0.781 (0.112)	Acc@5 0.781 (0.707)	Mem 1570MB
Test: [30/391]	Time 2.559 (1.794)	Loss 6.6016 (7.1961)	Acc@1 0.781 (0.202)	Acc@5 3.125 (1.134)	Mem 1570MB
Test: [40/391]	Time 1.645 (1.818)	Loss 7.5781 (7.2345)	Acc@1 0.000 (0.171)	Acc@5 0.000 (0.915)	Mem 1570MB
Test: [50/391]	Time 1.529 (1.794)	Loss 6.8359 (7.2227)	Acc@1 0.781 (0.230)	Acc@5 0.781 (1.026)	Mem 1570MB
Test: [60/391]	Time 2.057 (1.787)	Loss 7.4648 (7.2307)	Acc@1 0.000 (0.205)	Acc@5 0.000 (0.948)	Mem 1570MB
Test: [70/391]	Time 1.529 (1.828)	Loss 7.5469 (7.2799)	Acc@1 0.000 (0.176)	Acc@5 0.000 (0.814)	Mem 1570MB
Test: [80/391]	Time 1.857 (1.804)	Loss 7.6133 (7.3048)	Acc@1 0.000 (0.154)	Acc@5 0.000 (0.714)	Mem 1570MB
Test: [90/391]	Time 1.845 (1.836)	Loss 7.5078 (7.3242)	Acc@1 0.000 (0.137)	Acc@5 0.000 (0.635)	Mem 1570MB
Test: [100/391]	Time 2.409 (1.870)	Loss 7.6328 (7.3520)	Acc@1 0.000 (0.124)	Acc@5 0.000 (0.572)	Mem 1570MB
Test: [110/391]	Time 2.614 (1.906)	Loss 7.1211 (7.3657)	Acc@1 0.000 (0.113)	Acc@5 0.000 (0.521)	Mem 1570MB
Test: [120/391]	Time 1.995 (1.944)	Loss 6.9531 (7.3644)	Acc@1 0.000 (0.110)	Acc@5 0.781 (0.504)	Mem 1570MB
Test: [130/391]	Time 1.430 (1.970)	Loss 7.4531 (7.3458)	Acc@1 0.000 (0.143)	Acc@5 0.000 (0.555)	Mem 1570MB
Test: [140/391]	Time 2.352 (1.956)	Loss 7.6445 (7.3560)	Acc@1 0.000 (0.133)	Acc@5 0.000 (0.532)	Mem 1570MB
Test: [150/391]	Time 3.276 (1.983)	Loss 7.5586 (7.3639)	Acc@1 0.000 (0.129)	Acc@5 0.000 (0.502)	Mem 1570MB
Test: [160/391]	Time 2.845 (1.972)	Loss 6.4648 (7.3334)	Acc@1 0.000 (0.136)	Acc@5 3.906 (0.611)	Mem 1570MB
Test: [170/391]	Time 1.440 (1.964)	Loss 6.6289 (7.2983)	Acc@1 0.000 (0.242)	Acc@5 3.125 (0.886)	Mem 1570MB
Test: [180/391]	Time 1.671 (1.964)	Loss 6.2852 (7.2606)	Acc@1 1.562 (0.376)	Acc@5 6.250 (1.260)	Mem 1570MB
Test: [190/391]	Time 1.213 (1.955)	Loss 5.9414 (7.2310)	Acc@1 5.469 (0.405)	Acc@5 13.281 (1.333)	Mem 1570MB
Test: [200/391]	Time 1.881 (1.957)	Loss 6.8242 (7.1925)	Acc@1 0.781 (0.490)	Acc@5 0.781 (1.617)	Mem 1570MB
Test: [210/391]	Time 1.333 (1.962)	Loss 5.4336 (7.1598)	Acc@1 7.812 (0.589)	Acc@5 27.344 (1.922)	Mem 1570MB
Test: [220/391]	Time 1.581 (1.964)	Loss 6.7266 (7.1256)	Acc@1 0.781 (0.675)	Acc@5 4.688 (2.220)	Mem 1570MB
Test: [230/391]	Time 2.141 (1.970)	Loss 6.2148 (7.1101)	Acc@1 3.906 (0.703)	Acc@5 14.062 (2.357)	Mem 1570MB
Test: [240/391]	Time 1.468 (1.979)	Loss 6.5977 (7.0881)	Acc@1 0.781 (0.733)	Acc@5 4.688 (2.441)	Mem 1570MB
Test: [250/391]	Time 1.611 (1.971)	Loss 5.9531 (7.0617)	Acc@1 6.250 (0.822)	Acc@5 14.844 (2.661)	Mem 1570MB
Test: [260/391]	Time 2.146 (1.971)	Loss 7.2227 (7.0455)	Acc@1 0.781 (0.859)	Acc@5 2.344 (2.802)	Mem 1570MB
Test: [270/391]	Time 1.939 (1.974)	Loss 7.0977 (7.0317)	Acc@1 0.000 (0.897)	Acc@5 0.000 (2.909)	Mem 1570MB
Test: [280/391]	Time 2.085 (1.978)	Loss 6.0938 (7.0114)	Acc@1 4.688 (0.943)	Acc@5 17.188 (3.067)	Mem 1570MB
Test: [290/391]	Time 1.497 (1.967)	Loss 6.6484 (6.9926)	Acc@1 0.000 (1.018)	Acc@5 1.562 (3.216)	Mem 1570MB
Test: [300/391]	Time 1.657 (1.958)	Loss 6.4062 (6.9743)	Acc@1 4.688 (1.067)	Acc@5 11.719 (3.387)	Mem 1570MB
Test: [310/391]	Time 1.823 (1.959)	Loss 6.0078 (6.9540)	Acc@1 10.938 (1.153)	Acc@5 27.344 (3.690)	Mem 1570MB
Test: [320/391]	Time 1.287 (1.960)	Loss 6.6367 (6.9406)	Acc@1 0.000 (1.176)	Acc@5 1.562 (3.882)	Mem 1570MB
Test: [330/391]	Time 2.097 (1.956)	Loss 5.7266 (6.9297)	Acc@1 0.000 (1.192)	Acc@5 21.875 (3.989)	Mem 1570MB
Test: [340/391]	Time 2.620 (1.976)	Loss 6.5938 (6.9116)	Acc@1 0.000 (1.301)	Acc@5 3.125 (4.186)	Mem 1570MB
Test: [350/391]	Time 2.432 (1.998)	Loss 6.0742 (6.8976)	Acc@1 0.781 (1.304)	Acc@5 3.906 (4.271)	Mem 1570MB
Test: [360/391]	Time 1.655 (2.013)	Loss 6.2773 (6.8691)	Acc@1 6.250 (1.530)	Acc@5 17.188 (4.696)	Mem 1570MB
Test: [370/391]	Time 2.335 (2.033)	Loss 6.1836 (6.8756)	Acc@1 2.344 (1.516)	Acc@5 12.500 (4.639)	Mem 1570MB
Test: [380/391]	Time 1.699 (2.046)	Loss 6.6055 (6.8699)	Acc@1 0.781 (1.509)	Acc@5 3.906 (4.665)	Mem 1570MB
Test: [390/391]	Time 2.224 (2.058)	Loss 6.2891 (6.8634)	Acc@1 2.410 (1.604)	Acc@5 10.843 (4.792)	Mem 1570MB
 * Acc@1 1.604 Acc@5 4.792
01/16 02:05:21 - mmengine - INFO - Because batch augmentations are enabled, the data preprocessor automatically enables the `to_onehot` option to generate one-hot format labels.
01/16 02:05:23 - mmengine - INFO - Loads checkpoint by http backend from path: https://download.openmmlab.com/mmclassification/v0/deit/deit-base_pt-16xb64_in1k_20220216-db63c16c.pth
starting loop: img_size (112, 112)
Test: [0/391]	Time 5.284 (5.284)	Loss 0.9253 (0.9253)	Acc@1 82.031 (82.031)	Acc@5 96.094 (96.094)	Mem 1633MB
Test: [10/391]	Time 5.135 (4.777)	Loss 2.2578 (1.2271)	Acc@1 60.156 (77.131)	Acc@5 82.031 (90.554)	Mem 1633MB
Test: [20/391]	Time 3.063 (4.034)	Loss 2.0469 (1.6536)	Acc@1 60.938 (68.378)	Acc@5 81.250 (85.305)	Mem 1633MB
Test: [30/391]	Time 4.765 (3.991)	Loss 1.6807 (1.8068)	Acc@1 64.062 (64.113)	Acc@5 87.500 (83.871)	Mem 1633MB
Test: [40/391]	Time 1.946 (3.808)	Loss 1.8760 (1.6455)	Acc@1 62.500 (67.816)	Acc@5 79.688 (85.499)	Mem 1633MB
Test: [50/391]	Time 3.236 (3.774)	Loss 0.7554 (1.6616)	Acc@1 85.938 (67.341)	Acc@5 94.531 (85.263)	Mem 1633MB
Test: [60/391]	Time 2.909 (3.678)	Loss 1.4814 (1.5725)	Acc@1 66.406 (69.185)	Acc@5 88.281 (86.399)	Mem 1633MB
Test: [70/391]	Time 2.128 (3.529)	Loss 2.0801 (1.5851)	Acc@1 53.125 (68.156)	Acc@5 80.469 (86.620)	Mem 1633MB
Test: [80/391]	Time 2.432 (3.383)	Loss 1.9082 (1.5953)	Acc@1 56.250 (67.409)	Acc@5 81.250 (86.516)	Mem 1633MB
Test: [90/391]	Time 3.584 (3.346)	Loss 1.6309 (1.5762)	Acc@1 61.719 (67.557)	Acc@5 89.844 (86.873)	Mem 1633MB
Test: [100/391]	Time 2.987 (3.328)	Loss 1.4268 (1.5587)	Acc@1 64.062 (67.597)	Acc@5 89.844 (87.322)	Mem 1633MB
Test: [110/391]	Time 3.040 (3.313)	Loss 1.6982 (1.5540)	Acc@1 56.250 (67.476)	Acc@5 90.625 (87.451)	Mem 1633MB
Test: [120/391]	Time 3.191 (3.278)	Loss 1.8398 (1.5509)	Acc@1 61.719 (67.698)	Acc@5 85.938 (87.545)	Mem 1633MB
Test: [130/391]	Time 2.701 (3.288)	Loss 1.4512 (1.5452)	Acc@1 77.344 (68.040)	Acc@5 85.156 (87.554)	Mem 1633MB
Test: [140/391]	Time 4.391 (3.263)	Loss 2.1230 (1.5429)	Acc@1 52.344 (68.030)	Acc@5 85.938 (87.594)	Mem 1633MB
Test: [150/391]	Time 5.003 (3.267)	Loss 1.5645 (1.5425)	Acc@1 63.281 (68.196)	Acc@5 88.281 (87.609)	Mem 1633MB
Test: [160/391]	Time 3.252 (3.264)	Loss 1.6729 (1.5438)	Acc@1 64.062 (68.240)	Acc@5 85.938 (87.602)	Mem 1633MB
Test: [170/391]	Time 3.591 (3.231)	Loss 2.1816 (1.5754)	Acc@1 48.438 (67.558)	Acc@5 81.250 (87.194)	Mem 1633MB
Test: [180/391]	Time 3.290 (3.214)	Loss 2.1855 (1.5922)	Acc@1 53.125 (67.170)	Acc@5 79.688 (86.999)	Mem 1633MB
Test: [190/391]	Time 2.648 (3.202)	Loss 2.1348 (1.6161)	Acc@1 57.031 (66.623)	Acc@5 83.594 (86.686)	Mem 1633MB
Test: [200/391]	Time 3.790 (3.183)	Loss 2.1250 (1.6365)	Acc@1 53.906 (66.235)	Acc@5 82.812 (86.431)	Mem 1633MB
Test: [210/391]	Time 2.971 (3.185)	Loss 1.6885 (1.6515)	Acc@1 67.188 (65.940)	Acc@5 82.812 (86.215)	Mem 1633MB
Test: [220/391]	Time 2.452 (3.182)	Loss 0.9990 (1.6491)	Acc@1 82.031 (66.063)	Acc@5 94.531 (86.213)	Mem 1633MB
Test: [230/391]	Time 3.090 (3.177)	Loss 2.5000 (1.6603)	Acc@1 50.000 (65.946)	Acc@5 71.875 (86.009)	Mem 1633MB
Test: [240/391]	Time 2.713 (3.171)	Loss 1.5293 (1.6646)	Acc@1 68.750 (65.917)	Acc@5 84.375 (85.934)	Mem 1633MB
Test: [250/391]	Time 2.832 (3.160)	Loss 1.3750 (1.6807)	Acc@1 76.562 (65.557)	Acc@5 89.062 (85.757)	Mem 1633MB
Test: [260/391]	Time 3.007 (3.138)	Loss 1.8496 (1.6971)	Acc@1 57.031 (65.161)	Acc@5 83.594 (85.593)	Mem 1633MB
Test: [270/391]	Time 3.522 (3.123)	Loss 3.0176 (1.7093)	Acc@1 39.062 (64.968)	Acc@5 65.625 (85.393)	Mem 1633MB
Test: [280/391]	Time 2.501 (3.118)	Loss 1.5879 (1.7111)	Acc@1 63.281 (64.966)	Acc@5 90.625 (85.376)	Mem 1633MB
Test: [290/391]	Time 2.486 (3.099)	Loss 2.0430 (1.7185)	Acc@1 54.688 (64.919)	Acc@5 85.156 (85.239)	Mem 1633MB
Test: [300/391]	Time 1.685 (3.072)	Loss 1.9580 (1.7267)	Acc@1 60.938 (64.789)	Acc@5 83.594 (85.130)	Mem 1633MB
Test: [310/391]	Time 2.419 (3.067)	Loss 1.9404 (1.7362)	Acc@1 61.719 (64.633)	Acc@5 85.938 (84.985)	Mem 1633MB
Test: [320/391]	Time 2.913 (3.066)	Loss 1.5518 (1.7408)	Acc@1 65.625 (64.537)	Acc@5 91.406 (84.927)	Mem 1633MB
Test: [330/391]	Time 3.218 (3.076)	Loss 2.1191 (1.7555)	Acc@1 50.781 (64.273)	Acc@5 78.906 (84.694)	Mem 1633MB
Test: [340/391]	Time 4.104 (3.081)	Loss 1.6904 (1.7610)	Acc@1 60.938 (64.145)	Acc@5 87.500 (84.609)	Mem 1633MB
Test: [350/391]	Time 4.482 (3.105)	Loss 1.6855 (1.7623)	Acc@1 68.750 (64.114)	Acc@5 84.375 (84.595)	Mem 1633MB
Test: [360/391]	Time 3.977 (3.129)	Loss 1.9893 (1.7655)	Acc@1 50.000 (64.021)	Acc@5 87.500 (84.591)	Mem 1633MB
Test: [370/391]	Time 4.620 (3.175)	Loss 1.4258 (1.7580)	Acc@1 64.062 (64.136)	Acc@5 94.531 (84.729)	Mem 1633MB
Test: [380/391]	Time 4.523 (3.194)	Loss 1.2031 (1.7549)	Acc@1 70.312 (64.183)	Acc@5 94.531 (84.775)	Mem 1633MB
Test: [390/391]	Time 2.627 (3.230)	Loss 2.7129 (1.7442)	Acc@1 43.373 (64.400)	Acc@5 72.289 (84.915)	Mem 1633MB
 * Acc@1 64.400 Acc@5 84.915
01/16 02:26:27 - mmengine - INFO - Because batch augmentations are enabled, the data preprocessor automatically enables the `to_onehot` option to generate one-hot format labels.
01/16 02:26:30 - mmengine - INFO - Loads checkpoint by http backend from path: https://download.openmmlab.com/mmclassification/v0/deit/deit-base_pt-16xb64_in1k_20220216-db63c16c.pth
starting loop: img_size (384, 384)
Test: [0/391]	Time 6.277 (6.277)	Loss 0.2666 (0.2666)	Acc@1 95.312 (95.312)	Acc@5 99.219 (99.219)	Mem 5920MB
Test: [10/391]	Time 8.908 (6.598)	Loss 1.0420 (0.3943)	Acc@1 75.781 (92.330)	Acc@5 98.438 (98.935)	Mem 5920MB
Test: [20/391]	Time 6.897 (6.607)	Loss 0.5342 (0.5511)	Acc@1 86.719 (88.058)	Acc@5 96.875 (97.805)	Mem 5920MB
Test: [30/391]	Time 7.696 (6.698)	Loss 1.0869 (0.6706)	Acc@1 76.562 (84.703)	Acc@5 92.188 (97.077)	Mem 5920MB
Test: [40/391]	Time 6.932 (6.553)	Loss 0.4502 (0.5995)	Acc@1 90.625 (86.738)	Acc@5 97.656 (97.428)	Mem 5920MB
Test: [50/391]	Time 5.743 (6.628)	Loss 0.1777 (0.6039)	Acc@1 98.438 (86.994)	Acc@5 99.219 (97.273)	Mem 5920MB
Test: [60/391]	Time 6.155 (6.528)	Loss 0.7876 (0.5671)	Acc@1 83.594 (87.846)	Acc@5 96.875 (97.541)	Mem 5920MB
Test: [70/391]	Time 2.423 (6.331)	Loss 0.9141 (0.6031)	Acc@1 75.000 (86.862)	Acc@5 96.875 (97.392)	Mem 5920MB
Test: [80/391]	Time 6.192 (6.223)	Loss 0.7529 (0.6223)	Acc@1 82.031 (86.275)	Acc@5 96.094 (97.290)	Mem 5920MB
Test: [90/391]	Time 5.887 (6.189)	Loss 0.9028 (0.6285)	Acc@1 70.312 (86.212)	Acc@5 98.438 (97.244)	Mem 5920MB
Test: [100/391]	Time 5.671 (6.134)	Loss 0.5293 (0.6376)	Acc@1 89.844 (85.798)	Acc@5 96.875 (97.215)	Mem 5920MB
Test: [110/391]	Time 7.863 (6.129)	Loss 1.1455 (0.6489)	Acc@1 61.719 (85.417)	Acc@5 97.656 (97.248)	Mem 5920MB
Test: [120/391]	Time 6.718 (6.156)	Loss 0.3950 (0.6465)	Acc@1 92.188 (85.537)	Acc@5 97.656 (97.288)	Mem 5920MB
Test: [130/391]	Time 5.949 (6.219)	Loss 0.2264 (0.6392)	Acc@1 97.656 (85.806)	Acc@5 99.219 (97.292)	Mem 5920MB
Test: [140/391]	Time 7.200 (6.206)	Loss 1.0693 (0.6398)	Acc@1 67.969 (85.594)	Acc@5 98.438 (97.368)	Mem 5920MB
Test: [150/391]	Time 9.166 (6.252)	Loss 0.7319 (0.6481)	Acc@1 76.562 (85.410)	Acc@5 98.438 (97.289)	Mem 5920MB
Test: [160/391]	Time 5.614 (6.224)	Loss 0.6699 (0.6458)	Acc@1 83.594 (85.481)	Acc@5 96.875 (97.273)	Mem 5920MB
Test: [170/391]	Time 5.415 (6.225)	Loss 1.5098 (0.6605)	Acc@1 62.500 (85.051)	Acc@5 92.188 (97.158)	Mem 5920MB
Test: [180/391]	Time 5.075 (6.200)	Loss 1.5225 (0.6779)	Acc@1 61.719 (84.656)	Acc@5 93.750 (96.987)	Mem 5920MB
Test: [190/391]	Time 5.393 (6.214)	Loss 1.4229 (0.6954)	Acc@1 68.750 (84.187)	Acc@5 92.188 (96.818)	Mem 5920MB
Test: [200/391]	Time 5.674 (6.208)	Loss 0.6392 (0.7158)	Acc@1 82.031 (83.706)	Acc@5 97.656 (96.615)	Mem 5920MB
Test: [210/391]	Time 6.014 (6.206)	Loss 0.9404 (0.7274)	Acc@1 76.562 (83.368)	Acc@5 92.969 (96.516)	Mem 5920MB
Test: [220/391]	Time 6.591 (6.181)	Loss 0.2815 (0.7265)	Acc@1 94.531 (83.389)	Acc@5 99.219 (96.479)	Mem 5920MB
Test: [230/391]	Time 7.755 (6.188)	Loss 1.2314 (0.7331)	Acc@1 74.219 (83.276)	Acc@5 91.406 (96.415)	Mem 5920MB
Test: [240/391]	Time 6.989 (6.201)	Loss 0.6880 (0.7350)	Acc@1 87.500 (83.260)	Acc@5 92.188 (96.330)	Mem 5920MB
Test: [250/391]	Time 6.437 (6.168)	Loss 0.3855 (0.7510)	Acc@1 90.625 (82.769)	Acc@5 100.000 (96.206)	Mem 5920MB
Test: [260/391]	Time 4.996 (6.151)	Loss 0.6753 (0.7619)	Acc@1 81.250 (82.468)	Acc@5 97.656 (96.079)	Mem 5920MB
Test: [270/391]	Time 6.827 (6.143)	Loss 1.3945 (0.7658)	Acc@1 65.625 (82.377)	Acc@5 88.281 (96.016)	Mem 5920MB
Test: [280/391]	Time 4.474 (6.141)	Loss 1.0664 (0.7672)	Acc@1 74.219 (82.337)	Acc@5 93.750 (95.988)	Mem 5920MB
Test: [290/391]	Time 4.419 (6.127)	Loss 1.2520 (0.7705)	Acc@1 57.031 (82.254)	Acc@5 93.750 (95.933)	Mem 5920MB
Test: [300/391]	Time 5.734 (6.090)	Loss 0.7695 (0.7748)	Acc@1 82.031 (82.166)	Acc@5 96.094 (95.865)	Mem 5920MB
Test: [310/391]	Time 4.961 (6.079)	Loss 0.7363 (0.7778)	Acc@1 82.812 (82.109)	Acc@5 94.531 (95.820)	Mem 5920MB
Test: [320/391]	Time 5.637 (6.062)	Loss 0.5889 (0.7852)	Acc@1 85.156 (81.983)	Acc@5 96.094 (95.726)	Mem 5920MB
Test: [330/391]	Time 5.657 (6.036)	Loss 1.1602 (0.7964)	Acc@1 69.531 (81.734)	Acc@5 92.969 (95.605)	Mem 5920MB
Test: [340/391]	Time 5.923 (6.006)	Loss 0.6479 (0.7982)	Acc@1 87.500 (81.676)	Acc@5 97.656 (95.583)	Mem 5920MB
Test: [350/391]	Time 4.025 (5.978)	Loss 0.7534 (0.8001)	Acc@1 84.375 (81.651)	Acc@5 94.531 (95.553)	Mem 5920MB
Test: [360/391]	Time 4.112 (5.950)	Loss 1.2422 (0.8072)	Acc@1 68.750 (81.473)	Acc@5 94.531 (95.488)	Mem 5920MB
Test: [370/391]	Time 5.802 (5.942)	Loss 1.1084 (0.8038)	Acc@1 65.625 (81.507)	Acc@5 96.094 (95.536)	Mem 5920MB
Test: [380/391]	Time 4.702 (5.919)	Loss 0.6821 (0.8051)	Acc@1 84.375 (81.463)	Acc@5 97.656 (95.532)	Mem 5920MB
Test: [390/391]	Time 2.123 (5.901)	Loss 1.6201 (0.8026)	Acc@1 54.217 (81.483)	Acc@5 90.361 (95.564)	Mem 5920MB
 * Acc@1 81.483 Acc@5 95.564
01/16 03:04:59 - mmengine - INFO - Because batch augmentations are enabled, the data preprocessor automatically enables the `to_onehot` option to generate one-hot format labels.
01/16 03:05:00 - mmengine - INFO - Loads checkpoint by http backend from path: https://download.openmmlab.com/mmclassification/v0/deit/deit-base_pt-16xb64_in1k_20220216-db63c16c.pth
starting loop: img_size (512, 512)
Test: [0/391]	Time 6.052 (6.052)	Loss 0.2939 (0.2939)	Acc@1 94.531 (94.531)	Acc@5 99.219 (99.219)	Mem 13481MB
Test: [10/391]	Time 8.470 (7.304)	Loss 0.9995 (0.4129)	Acc@1 75.000 (91.264)	Acc@5 99.219 (98.864)	Mem 13482MB
Test: [20/391]	Time 9.060 (7.243)	Loss 0.6890 (0.6015)	Acc@1 83.594 (86.124)	Acc@5 95.312 (97.284)	Mem 13482MB
Test: [30/391]	Time 7.049 (6.990)	Loss 1.2480 (0.7334)	Acc@1 73.438 (82.888)	Acc@5 92.969 (96.472)	Mem 13482MB
Test: [40/391]	Time 6.626 (6.874)	Loss 0.5273 (0.6539)	Acc@1 89.844 (85.175)	Acc@5 96.094 (96.894)	Mem 13482MB
Test: [50/391]	Time 7.931 (6.828)	Loss 0.2367 (0.6659)	Acc@1 94.531 (85.233)	Acc@5 99.219 (96.569)	Mem 13482MB
Test: [60/391]	Time 7.290 (6.761)	Loss 0.8462 (0.6264)	Acc@1 79.688 (86.130)	Acc@5 96.094 (96.926)	Mem 13482MB
Test: [70/391]	Time 7.423 (6.796)	Loss 1.2598 (0.6722)	Acc@1 69.531 (84.947)	Acc@5 90.625 (96.567)	Mem 13482MB
Test: [80/391]	Time 6.474 (6.670)	Loss 0.9990 (0.6995)	Acc@1 74.219 (84.028)	Acc@5 94.531 (96.460)	Mem 13482MB
Test: [90/391]	Time 6.533 (6.678)	Loss 1.1133 (0.7130)	Acc@1 64.062 (83.637)	Acc@5 96.875 (96.403)	Mem 13482MB
Test: [100/391]	Time 7.051 (6.695)	Loss 0.6138 (0.7320)	Acc@1 87.500 (83.029)	Acc@5 96.094 (96.287)	Mem 13482MB
Test: [110/391]	Time 9.407 (6.757)	Loss 1.2471 (0.7440)	Acc@1 63.281 (82.700)	Acc@5 96.094 (96.333)	Mem 13482MB
Test: [120/391]	Time 7.340 (6.793)	Loss 0.4153 (0.7376)	Acc@1 91.406 (82.896)	Acc@5 97.656 (96.358)	Mem 13482MB
Test: [130/391]	Time 5.688 (6.848)	Loss 0.2205 (0.7265)	Acc@1 96.875 (83.218)	Acc@5 99.219 (96.428)	Mem 13482MB
Test: [140/391]	Time 5.982 (6.850)	Loss 1.1494 (0.7264)	Acc@1 65.625 (83.062)	Acc@5 97.656 (96.487)	Mem 13482MB
Test: [150/391]	Time 9.454 (6.896)	Loss 0.8472 (0.7331)	Acc@1 72.656 (82.942)	Acc@5 99.219 (96.425)	Mem 13482MB
Test: [160/391]	Time 5.312 (6.893)	Loss 0.8672 (0.7301)	Acc@1 76.562 (83.011)	Acc@5 94.531 (96.399)	Mem 13482MB
Test: [170/391]	Time 5.149 (6.871)	Loss 1.7988 (0.7470)	Acc@1 56.250 (82.607)	Acc@5 84.375 (96.190)	Mem 13482MB
Test: [180/391]	Time 8.611 (6.938)	Loss 1.5664 (0.7679)	Acc@1 61.719 (82.161)	Acc@5 90.625 (95.956)	Mem 13482MB
Test: [190/391]	Time 8.606 (6.954)	Loss 1.6514 (0.7871)	Acc@1 63.281 (81.712)	Acc@5 88.281 (95.775)	Mem 13482MB
Test: [200/391]	Time 6.963 (6.955)	Loss 0.7031 (0.8107)	Acc@1 80.469 (81.157)	Acc@5 97.656 (95.480)	Mem 13482MB
Test: [210/391]	Time 6.490 (6.950)	Loss 1.0742 (0.8232)	Acc@1 75.781 (80.843)	Acc@5 90.625 (95.375)	Mem 13482MB
Test: [220/391]	Time 7.861 (6.952)	Loss 0.4133 (0.8227)	Acc@1 90.625 (80.886)	Acc@5 97.656 (95.327)	Mem 13482MB
Test: [230/391]	Time 6.829 (6.935)	Loss 1.3789 (0.8282)	Acc@1 70.312 (80.783)	Acc@5 88.281 (95.285)	Mem 13482MB
Test: [240/391]	Time 5.549 (6.918)	Loss 0.8442 (0.8309)	Acc@1 84.375 (80.773)	Acc@5 90.625 (95.183)	Mem 13482MB
Test: [250/391]	Time 6.367 (6.897)	Loss 0.4224 (0.8480)	Acc@1 90.625 (80.301)	Acc@5 99.219 (95.001)	Mem 13482MB
Test: [260/391]	Time 6.520 (6.880)	Loss 0.7256 (0.8613)	Acc@1 80.469 (79.957)	Acc@5 96.875 (94.831)	Mem 13482MB
Test: [270/391]	Time 4.336 (6.881)	Loss 1.4688 (0.8650)	Acc@1 67.188 (79.915)	Acc@5 86.719 (94.779)	Mem 13482MB
Test: [280/391]	Time 5.783 (6.879)	Loss 1.3096 (0.8664)	Acc@1 65.625 (79.904)	Acc@5 91.406 (94.759)	Mem 13482MB
Test: [290/391]	Time 6.423 (6.835)	Loss 1.3652 (0.8715)	Acc@1 53.906 (79.768)	Acc@5 89.844 (94.655)	Mem 13482MB
Test: [300/391]	Time 5.348 (6.812)	Loss 0.9429 (0.8766)	Acc@1 78.906 (79.698)	Acc@5 93.750 (94.586)	Mem 13482MB
Test: [310/391]	Time 3.914 (6.812)	Loss 0.7842 (0.8808)	Acc@1 82.812 (79.620)	Acc@5 96.875 (94.514)	Mem 13482MB
Test: [320/391]	Time 7.249 (6.810)	Loss 0.6343 (0.8886)	Acc@1 84.375 (79.500)	Acc@5 95.312 (94.441)	Mem 13482MB
Test: [330/391]	Time 7.027 (6.788)	Loss 1.2461 (0.8995)	Acc@1 69.531 (79.265)	Acc@5 89.062 (94.307)	Mem 13482MB
Test: [340/391]	Time 7.369 (6.762)	Loss 0.6953 (0.9016)	Acc@1 86.719 (79.216)	Acc@5 95.312 (94.275)	Mem 13482MB
Test: [350/391]	Time 7.532 (6.761)	Loss 0.8633 (0.9042)	Acc@1 82.812 (79.160)	Acc@5 92.969 (94.235)	Mem 13482MB
Test: [360/391]	Time 6.461 (6.740)	Loss 1.2441 (0.9115)	Acc@1 69.531 (78.991)	Acc@5 96.094 (94.159)	Mem 13482MB
Test: [370/391]	Time 7.014 (6.734)	Loss 1.1738 (0.9080)	Acc@1 64.844 (79.030)	Acc@5 96.094 (94.209)	Mem 13482MB
Test: [380/391]	Time 7.513 (6.728)	Loss 0.6328 (0.9096)	Acc@1 82.812 (78.982)	Acc@5 99.219 (94.191)	Mem 13482MB
Test: [390/391]	Time 5.493 (6.751)	Loss 1.8613 (0.9055)	Acc@1 49.398 (79.055)	Acc@5 89.157 (94.242)	Mem 13482MB
 * Acc@1 79.055 Acc@5 94.242
01/16 03:49:01 - mmengine - INFO - Because batch augmentations are enabled, the data preprocessor automatically enables the `to_onehot` option to generate one-hot format labels.
01/16 03:49:03 - mmengine - INFO - Loads checkpoint by http backend from path: https://download.openmmlab.com/mmclassification/v0/deit/deit-base_pt-16xb64_in1k_20220216-db63c16c.pth
starting loop: img_size (640, 640)
Test: [0/391]	Time 8.781 (8.781)	Loss 0.3533 (0.3533)	Acc@1 92.188 (92.188)	Acc@5 99.219 (99.219)	Mem 28290MB
Test: [10/391]	Time 11.543 (9.204)	Loss 1.0000 (0.4593)	Acc@1 74.219 (89.844)	Acc@5 96.875 (98.224)	Mem 28291MB
Test: [20/391]	Time 5.776 (8.879)	Loss 0.9155 (0.6918)	Acc@1 81.250 (83.631)	Acc@5 92.969 (95.833)	Mem 28291MB
Test: [30/391]	Time 11.200 (8.829)	Loss 1.4385 (0.8525)	Acc@1 68.750 (79.688)	Acc@5 90.625 (94.808)	Mem 28291MB
Test: [40/391]	Time 8.865 (8.610)	Loss 0.6748 (0.7592)	Acc@1 86.719 (82.431)	Acc@5 94.531 (95.541)	Mem 28291MB
Test: [50/391]	Time 10.309 (8.635)	Loss 0.2620 (0.7788)	Acc@1 92.969 (82.368)	Acc@5 100.000 (95.205)	Mem 28291MB
Test: [60/391]	Time 9.190 (8.694)	Loss 1.0078 (0.7367)	Acc@1 75.781 (83.312)	Acc@5 95.312 (95.620)	Mem 28291MB
Test: [70/391]	Time 9.915 (8.696)	Loss 1.6191 (0.7898)	Acc@1 61.719 (81.866)	Acc@5 86.719 (95.147)	Mem 28291MB
Test: [80/391]	Time 9.045 (8.727)	Loss 1.3350 (0.8223)	Acc@1 67.969 (80.777)	Acc@5 89.844 (95.052)	Mem 28291MB
Test: [90/391]	Time 8.796 (8.736)	Loss 1.3760 (0.8469)	Acc@1 59.375 (80.151)	Acc@5 94.531 (94.935)	Mem 28291MB
Test: [100/391]	Time 8.643 (8.773)	Loss 0.8599 (0.8786)	Acc@1 82.031 (79.223)	Acc@5 90.625 (94.678)	Mem 28291MB
Test: [110/391]	Time 8.033 (8.808)	Loss 1.4248 (0.8911)	Acc@1 59.375 (78.850)	Acc@5 94.531 (94.764)	Mem 28291MB
Test: [120/391]	Time 9.596 (8.829)	Loss 0.5479 (0.8807)	Acc@1 88.281 (79.165)	Acc@5 95.312 (94.841)	Mem 28291MB
Test: [130/391]	Time 8.666 (8.818)	Loss 0.2173 (0.8644)	Acc@1 97.656 (79.622)	Acc@5 99.219 (94.984)	Mem 28291MB
Test: [140/391]	Time 7.386 (8.770)	Loss 1.1621 (0.8615)	Acc@1 64.844 (79.566)	Acc@5 97.656 (95.091)	Mem 28291MB
Test: [150/391]	Time 11.038 (8.813)	Loss 0.9917 (0.8670)	Acc@1 66.406 (79.455)	Acc@5 98.438 (95.018)	Mem 28291MB
Test: [160/391]	Time 9.703 (8.835)	Loss 1.1162 (0.8619)	Acc@1 71.094 (79.571)	Acc@5 93.750 (95.012)	Mem 28291MB
Test: [170/391]	Time 8.337 (8.832)	Loss 2.1777 (0.8819)	Acc@1 50.781 (79.158)	Acc@5 78.906 (94.741)	Mem 28291MB
Test: [180/391]	Time 8.664 (8.855)	Loss 1.6611 (0.9060)	Acc@1 61.719 (78.652)	Acc@5 88.281 (94.471)	Mem 28291MB
Test: [190/391]	Time 7.685 (8.871)	Loss 1.9248 (0.9253)	Acc@1 57.812 (78.231)	Acc@5 85.156 (94.302)	Mem 28291MB
Test: [200/391]	Time 8.208 (8.853)	Loss 0.8418 (0.9520)	Acc@1 78.125 (77.624)	Acc@5 94.531 (93.925)	Mem 28291MB
Test: [210/391]	Time 9.288 (8.857)	Loss 1.2441 (0.9655)	Acc@1 73.438 (77.266)	Acc@5 89.844 (93.802)	Mem 28291MB
Test: [220/391]	Time 8.806 (8.875)	Loss 0.5596 (0.9649)	Acc@1 89.062 (77.365)	Acc@5 96.875 (93.768)	Mem 28291MB
Test: [230/391]	Time 8.618 (8.872)	Loss 1.4990 (0.9707)	Acc@1 67.188 (77.229)	Acc@5 87.500 (93.720)	Mem 28291MB
Test: [240/391]	Time 10.551 (8.893)	Loss 0.9683 (0.9740)	Acc@1 84.375 (77.240)	Acc@5 89.844 (93.624)	Mem 28291MB
Test: [250/391]	Time 9.277 (8.881)	Loss 0.5005 (0.9919)	Acc@1 89.844 (76.827)	Acc@5 97.656 (93.417)	Mem 28291MB
Test: [260/391]	Time 10.559 (8.880)	Loss 0.8501 (1.0076)	Acc@1 75.781 (76.413)	Acc@5 97.656 (93.205)	Mem 28291MB
Test: [270/391]	Time 8.751 (8.873)	Loss 1.5430 (1.0099)	Acc@1 64.844 (76.401)	Acc@5 87.500 (93.159)	Mem 28291MB
Test: [280/391]	Time 9.636 (8.889)	Loss 1.5820 (1.0101)	Acc@1 62.500 (76.443)	Acc@5 87.500 (93.155)	Mem 28291MB
Test: [290/391]	Time 9.620 (8.896)	Loss 1.4189 (1.0159)	Acc@1 57.031 (76.348)	Acc@5 91.406 (93.030)	Mem 28291MB
Test: [300/391]	Time 9.001 (8.879)	Loss 1.1543 (1.0231)	Acc@1 77.344 (76.261)	Acc@5 89.844 (92.938)	Mem 28291MB
Test: [310/391]	Time 8.906 (8.900)	Loss 0.9551 (1.0285)	Acc@1 76.562 (76.186)	Acc@5 96.094 (92.876)	Mem 28291MB
Test: [320/391]	Time 9.049 (8.917)	Loss 0.6924 (1.0365)	Acc@1 84.375 (76.039)	Acc@5 95.312 (92.794)	Mem 28291MB
Test: [330/391]	Time 8.618 (8.926)	Loss 1.3418 (1.0482)	Acc@1 71.875 (75.831)	Acc@5 87.500 (92.652)	Mem 28291MB
Test: [340/391]	Time 10.536 (8.930)	Loss 0.7651 (1.0503)	Acc@1 85.156 (75.763)	Acc@5 94.531 (92.598)	Mem 28291MB
Test: [350/391]	Time 9.625 (8.939)	Loss 1.0918 (1.0541)	Acc@1 78.125 (75.719)	Acc@5 91.406 (92.530)	Mem 28291MB
Test: [360/391]	Time 7.873 (8.954)	Loss 1.3115 (1.0610)	Acc@1 64.062 (75.571)	Acc@5 96.094 (92.449)	Mem 28291MB
Test: [370/391]	Time 9.946 (8.945)	Loss 1.3516 (1.0567)	Acc@1 59.375 (75.640)	Acc@5 95.312 (92.514)	Mem 28291MB
Test: [380/391]	Time 9.268 (8.931)	Loss 0.6387 (1.0582)	Acc@1 83.594 (75.597)	Acc@5 97.656 (92.481)	Mem 28291MB
Test: [390/391]	Time 6.286 (8.941)	Loss 2.1484 (1.0526)	Acc@1 45.783 (75.711)	Acc@5 84.337 (92.552)	Mem 28291MB
 * Acc@1 75.711 Acc@5 92.552
01/16 04:47:20 - mmengine - INFO - Because batch augmentations are enabled, the data preprocessor automatically enables the `to_onehot` option to generate one-hot format labels.
01/16 04:47:21 - mmengine - INFO - Loads checkpoint by http backend from path: https://download.openmmlab.com/mmclassification/v0/deit/deit-base_pt-16xb64_in1k_20220216-db63c16c.pth
starting loop: img_size (768, 768)
Test: [0/521]	Time 8.863 (8.863)	Loss 0.2379 (0.2379)	Acc@1 96.875 (96.875)	Acc@5 98.958 (98.958)	Mem 41375MB
Test: [10/521]	Time 8.335 (9.378)	Loss 0.5098 (0.5051)	Acc@1 93.750 (88.920)	Acc@5 93.750 (97.443)	Mem 41375MB
Test: [20/521]	Time 8.802 (9.391)	Loss 0.9932 (0.7569)	Acc@1 73.958 (82.192)	Acc@5 92.708 (95.188)	Mem 41375MB
Test: [30/521]	Time 9.763 (9.118)	Loss 1.6416 (0.9388)	Acc@1 65.625 (78.427)	Acc@5 83.333 (93.481)	Mem 41375MB
Test: [40/521]	Time 10.969 (9.024)	Loss 1.6572 (1.0472)	Acc@1 62.500 (75.178)	Acc@5 88.542 (92.683)	Mem 41375MB
Test: [50/521]	Time 5.495 (9.077)	Loss 0.6729 (0.9546)	Acc@1 84.375 (77.737)	Acc@5 97.917 (93.484)	Mem 41375MB
Test: [60/521]	Time 10.904 (8.948)	Loss 0.7856 (0.9463)	Acc@1 82.292 (78.176)	Acc@5 97.917 (93.306)	Mem 41375MB
Test: [70/521]	Time 8.766 (8.989)	Loss 0.4514 (0.9331)	Acc@1 88.542 (78.477)	Acc@5 97.917 (93.398)	Mem 41375MB
Test: [80/521]	Time 6.871 (8.856)	Loss 1.3467 (0.9054)	Acc@1 67.708 (79.141)	Acc@5 92.708 (93.660)	Mem 41375MB
Test: [90/521]	Time 6.830 (8.744)	Loss 1.3379 (0.9485)	Acc@1 66.667 (78.056)	Acc@5 89.583 (93.338)	Mem 41375MB
Test: [100/521]	Time 6.658 (8.668)	Loss 1.5693 (0.9800)	Acc@1 56.250 (77.228)	Acc@5 88.542 (92.987)	Mem 41375MB
Test: [110/521]	Time 8.326 (8.638)	Loss 1.3799 (1.0178)	Acc@1 62.500 (75.976)	Acc@5 88.542 (92.849)	Mem 41375MB
Test: [120/521]	Time 5.995 (8.599)	Loss 1.5391 (1.0414)	Acc@1 59.375 (75.430)	Acc@5 92.708 (92.734)	Mem 41375MB
Test: [130/521]	Time 8.479 (8.568)	Loss 1.3428 (1.0974)	Acc@1 66.667 (73.895)	Acc@5 92.708 (92.199)	Mem 41375MB
Test: [140/521]	Time 6.664 (8.551)	Loss 0.9839 (1.1034)	Acc@1 79.167 (73.678)	Acc@5 96.875 (92.287)	Mem 41375MB
Test: [150/521]	Time 8.502 (8.588)	Loss 0.8511 (1.1125)	Acc@1 78.125 (73.565)	Acc@5 96.875 (92.232)	Mem 41375MB
Test: [160/521]	Time 8.772 (8.601)	Loss 0.6938 (1.0953)	Acc@1 85.417 (74.030)	Acc@5 93.750 (92.437)	Mem 41375MB
Test: [170/521]	Time 5.873 (8.629)	Loss 1.0117 (1.0796)	Acc@1 81.250 (74.464)	Acc@5 90.625 (92.580)	Mem 41375MB
Test: [180/521]	Time 8.973 (8.637)	Loss 1.2891 (1.0692)	Acc@1 67.708 (74.730)	Acc@5 93.750 (92.708)	Mem 41375MB
Test: [190/521]	Time 8.102 (8.633)	Loss 1.0957 (1.0645)	Acc@1 80.208 (74.831)	Acc@5 88.542 (92.779)	Mem 41375MB
Test: [200/521]	Time 11.181 (8.673)	Loss 1.1328 (1.0698)	Acc@1 63.542 (74.679)	Acc@5 97.917 (92.739)	Mem 41375MB
Test: [210/521]	Time 8.188 (8.688)	Loss 0.5586 (1.0595)	Acc@1 86.458 (74.916)	Acc@5 97.917 (92.768)	Mem 41375MB
Test: [220/521]	Time 8.078 (8.657)	Loss 0.8828 (1.0730)	Acc@1 72.917 (74.661)	Acc@5 95.833 (92.628)	Mem 41375MB
Test: [230/521]	Time 10.673 (8.641)	Loss 1.9736 (1.0882)	Acc@1 57.292 (74.360)	Acc@5 79.167 (92.411)	Mem 41375MB
Test: [240/521]	Time 11.156 (8.654)	Loss 1.5498 (1.1088)	Acc@1 57.292 (73.963)	Acc@5 89.583 (92.151)	Mem 41375MB
Test: [250/521]	Time 6.648 (8.669)	Loss 0.9995 (1.1190)	Acc@1 79.167 (73.855)	Acc@5 93.750 (92.011)	Mem 41375MB
Test: [260/521]	Time 8.767 (8.642)	Loss 1.6543 (1.1408)	Acc@1 71.875 (73.376)	Acc@5 83.333 (91.750)	Mem 41375MB
Test: [270/521]	Time 7.899 (8.634)	Loss 1.3975 (1.1617)	Acc@1 65.625 (72.882)	Acc@5 89.583 (91.505)	Mem 41375MB
Test: [280/521]	Time 8.044 (8.626)	Loss 1.3086 (1.1694)	Acc@1 69.792 (72.676)	Acc@5 92.708 (91.437)	Mem 41375MB
Test: [290/521]	Time 11.327 (8.631)	Loss 2.1113 (1.1725)	Acc@1 54.167 (72.630)	Acc@5 76.042 (91.355)	Mem 41375MB
Test: [300/521]	Time 6.946 (8.610)	Loss 0.5557 (1.1648)	Acc@1 87.500 (72.865)	Acc@5 94.792 (91.417)	Mem 41375MB
Test: [310/521]	Time 11.517 (8.634)	Loss 1.7686 (1.1766)	Acc@1 53.125 (72.585)	Acc@5 87.500 (91.295)	Mem 41375MB
Test: [320/521]	Time 7.643 (8.619)	Loss 1.0068 (1.1792)	Acc@1 81.250 (72.599)	Acc@5 90.625 (91.196)	Mem 41375MB
Test: [330/521]	Time 7.676 (8.606)	Loss 1.7129 (1.1969)	Acc@1 67.708 (72.262)	Acc@5 82.292 (90.971)	Mem 41375MB
Test: [340/521]	Time 7.731 (8.620)	Loss 1.8506 (1.2046)	Acc@1 57.292 (72.147)	Acc@5 85.417 (90.879)	Mem 41375MB
Test: [350/521]	Time 6.156 (8.614)	Loss 1.1641 (1.2128)	Acc@1 72.917 (71.908)	Acc@5 94.792 (90.782)	Mem 41375MB
Test: [360/521]	Time 7.640 (8.597)	Loss 1.8662 (1.2164)	Acc@1 53.125 (71.858)	Acc@5 83.333 (90.694)	Mem 41375MB
Test: [370/521]	Time 5.444 (8.587)	Loss 1.6230 (1.2158)	Acc@1 67.708 (71.912)	Acc@5 86.458 (90.709)	Mem 41375MB
Test: [380/521]	Time 9.144 (8.598)	Loss 1.7510 (1.2172)	Acc@1 69.792 (71.971)	Acc@5 82.292 (90.655)	Mem 41375MB
Test: [390/521]	Time 8.914 (8.615)	Loss 1.9395 (1.2240)	Acc@1 59.375 (71.870)	Acc@5 82.292 (90.532)	Mem 41375MB
Test: [400/521]	Time 9.758 (8.606)	Loss 1.2627 (1.2290)	Acc@1 76.042 (71.794)	Acc@5 88.542 (90.472)	Mem 41375MB
Test: [410/521]	Time 7.958 (8.587)	Loss 1.5527 (1.2356)	Acc@1 66.667 (71.657)	Acc@5 86.458 (90.399)	Mem 41375MB
Test: [420/521]	Time 12.786 (8.605)	Loss 1.8789 (1.2396)	Acc@1 60.417 (71.645)	Acc@5 80.208 (90.326)	Mem 41375MB
Test: [430/521]	Time 9.831 (8.601)	Loss 2.0820 (1.2448)	Acc@1 56.250 (71.527)	Acc@5 75.000 (90.258)	Mem 41375MB
Test: [440/521]	Time 6.402 (8.598)	Loss 1.5459 (1.2547)	Acc@1 67.708 (71.374)	Acc@5 83.333 (90.117)	Mem 41375MB
Test: [450/521]	Time 6.266 (8.570)	Loss 1.0000 (1.2570)	Acc@1 72.917 (71.309)	Acc@5 93.750 (90.094)	Mem 41375MB
Test: [460/521]	Time 6.431 (8.572)	Loss 2.6133 (1.2569)	Acc@1 44.792 (71.351)	Acc@5 75.000 (90.085)	Mem 41375MB
Test: [470/521]	Time 11.074 (8.587)	Loss 1.0566 (1.2623)	Acc@1 76.042 (71.289)	Acc@5 89.583 (89.977)	Mem 41375MB
Test: [480/521]	Time 7.408 (8.583)	Loss 1.3965 (1.2662)	Acc@1 63.542 (71.221)	Acc@5 89.583 (89.938)	Mem 41375MB
Test: [490/521]	Time 8.100 (8.596)	Loss 0.9229 (1.2606)	Acc@1 78.125 (71.311)	Acc@5 96.875 (90.008)	Mem 41375MB
Test: [500/521]	Time 6.715 (8.579)	Loss 2.4004 (1.2580)	Acc@1 51.042 (71.372)	Acc@5 76.042 (90.055)	Mem 41375MB
Test: [510/521]	Time 10.885 (8.582)	Loss 0.9365 (1.2628)	Acc@1 80.208 (71.247)	Acc@5 94.792 (90.020)	Mem 41375MB
Test: [520/521]	Time 9.710 (8.588)	Loss 2.3809 (1.2540)	Acc@1 48.193 (71.470)	Acc@5 79.518 (90.113)	Mem 41375MB
 * Acc@1 71.470 Acc@5 90.113
01/16 06:01:57 - mmengine - INFO - Because batch augmentations are enabled, the data preprocessor automatically enables the `to_onehot` option to generate one-hot format labels.
01/16 06:01:58 - mmengine - INFO - Loads checkpoint by http backend from path: https://download.openmmlab.com/mmclassification/v0/deit/deit-base_pt-16xb64_in1k_20220216-db63c16c.pth
starting loop: img_size (1024, 1024)
Traceback (most recent call last):
  File "/media/Disk2/LiuYue/Visualize/analyze/get_scaleup.py", line 394, in <module>
    main(os.environ['GETSCALENET'])
  File "/media/Disk2/LiuYue/Visualize/analyze/get_scaleup.py", line 372, in main
    # main_small(model)
  File "/media/Disk2/LiuYue/Visualize/analyze/get_scaleup.py", line 336, in main_small
    _validate(init_model(shape=1024), img_size=(1024, 1024), batch_size=(52 if model in ["deit"] else 72))
  File "/media/Disk2/LiuYue/Visualize/analyze/get_scaleup.py", line 155, in _validate
    validate(config, data_loader=data_loader, model=model)
  File "/home/LiuYue/miniconda3/envs/mamba/lib/python3.10/site-packages/torch/autograd/grad_mode.py", line 27, in decorate_context
    return func(*args, **kwargs)
  File "/media/Disk2/LiuYue/Visualize/analyze/get_scaleup.py", line 58, in validate
    output = model(images)
  File "/home/LiuYue/miniconda3/envs/mamba/lib/python3.10/site-packages/torch/nn/modules/module.py", line 1190, in _call_impl
    return forward_call(*input, **kwargs)
  File "/home/LiuYue/miniconda3/envs/mamba/lib/python3.10/site-packages/torch/nn/parallel/distributed.py", line 1040, in forward
    output = self._run_ddp_forward(*inputs, **kwargs)
  File "/home/LiuYue/miniconda3/envs/mamba/lib/python3.10/site-packages/torch/nn/parallel/distributed.py", line 1003, in _run_ddp_forward
    return module_to_run(*inputs, **kwargs)
  File "/home/LiuYue/miniconda3/envs/mamba/lib/python3.10/site-packages/torch/nn/modules/module.py", line 1190, in _call_impl
    return forward_call(*input, **kwargs)
  File "/home/LiuYue/miniconda3/envs/mamba/lib/python3.10/site-packages/mmpretrain/models/classifiers/image.py", line 119, in forward
    feats = self.extract_feat(inputs)
  File "/home/LiuYue/miniconda3/envs/mamba/lib/python3.10/site-packages/mmpretrain/models/classifiers/image.py", line 204, in extract_feat
    x = self.backbone(inputs)
  File "/home/LiuYue/miniconda3/envs/mamba/lib/python3.10/site-packages/torch/nn/modules/module.py", line 1190, in _call_impl
    return forward_call(*input, **kwargs)
  File "/home/LiuYue/miniconda3/envs/mamba/lib/python3.10/site-packages/mmpretrain/models/backbones/vision_transformer.py", line 480, in forward
    x = layer(x)
  File "/home/LiuYue/miniconda3/envs/mamba/lib/python3.10/site-packages/torch/nn/modules/module.py", line 1190, in _call_impl
    return forward_call(*input, **kwargs)
  File "/home/LiuYue/miniconda3/envs/mamba/lib/python3.10/site-packages/mmpretrain/models/backbones/vision_transformer.py", line 107, in forward
    x = x + self.attn(self.ln1(x))
  File "/home/LiuYue/miniconda3/envs/mamba/lib/python3.10/site-packages/torch/nn/modules/module.py", line 1190, in _call_impl
    return forward_call(*input, **kwargs)
  File "/home/LiuYue/miniconda3/envs/mamba/lib/python3.10/site-packages/mmpretrain/models/utils/attention.py", line 594, in forward
    x = self.scaled_dot_product_attention(q, k, v, dropout_p=attn_drop)
  File "/home/LiuYue/miniconda3/envs/mamba/lib/python3.10/site-packages/mmpretrain/models/utils/attention.py", line 46, in scaled_dot_product_attention_pyimpl
    attn_weight = torch.softmax(attn_weight, dim=-1)
torch.cuda.OutOfMemoryError: CUDA out of memory. Tried to allocate 39.02 GiB (GPU 0; 79.15 GiB total capacity; 25.15 GiB already allocated; 31.66 GiB free; 45.67 GiB reserved in total by PyTorch) If reserved memory is >> allocated memory try setting max_split_size_mb to avoid fragmentation.  See documentation for Memory Management and PYTORCH_CUDA_ALLOC_CONF
using init_deit ======================== 
01/16 13:29:49 - mmengine - INFO - Because batch augmentations are enabled, the data preprocessor automatically enables the `to_onehot` option to generate one-hot format labels.
01/16 13:29:50 - mmengine - INFO - Loads checkpoint by http backend from path: https://download.openmmlab.com/mmclassification/v0/deit/deit-base_pt-16xb64_in1k_20220216-db63c16c.pth
starting loop: img_size (1024, 1024)
Traceback (most recent call last):
  File "/media/Disk2/LiuYue/Visualize/analyze/get_scaleup.py", line 394, in <module>
    main(os.environ['GETSCALENET'])
  File "/media/Disk2/LiuYue/Visualize/analyze/get_scaleup.py", line 372, in main
    main_small(model)
  File "/media/Disk2/LiuYue/Visualize/analyze/get_scaleup.py", line 336, in main_small
    _validate(init_model(shape=1024), img_size=(1024, 1024), batch_size=(42 if model in ["deit"] else 72))
  File "/media/Disk2/LiuYue/Visualize/analyze/get_scaleup.py", line 155, in _validate
    validate(config, data_loader=data_loader, model=model)
  File "/home/LiuYue/miniconda3/envs/mamba/lib/python3.10/site-packages/torch/autograd/grad_mode.py", line 27, in decorate_context
    return func(*args, **kwargs)
  File "/media/Disk2/LiuYue/Visualize/analyze/get_scaleup.py", line 58, in validate
    output = model(images)
  File "/home/LiuYue/miniconda3/envs/mamba/lib/python3.10/site-packages/torch/nn/modules/module.py", line 1190, in _call_impl
    return forward_call(*input, **kwargs)
  File "/home/LiuYue/miniconda3/envs/mamba/lib/python3.10/site-packages/torch/nn/parallel/distributed.py", line 1040, in forward
    output = self._run_ddp_forward(*inputs, **kwargs)
  File "/home/LiuYue/miniconda3/envs/mamba/lib/python3.10/site-packages/torch/nn/parallel/distributed.py", line 1003, in _run_ddp_forward
    return module_to_run(*inputs, **kwargs)
  File "/home/LiuYue/miniconda3/envs/mamba/lib/python3.10/site-packages/torch/nn/modules/module.py", line 1190, in _call_impl
    return forward_call(*input, **kwargs)
  File "/home/LiuYue/miniconda3/envs/mamba/lib/python3.10/site-packages/mmpretrain/models/classifiers/image.py", line 119, in forward
    feats = self.extract_feat(inputs)
  File "/home/LiuYue/miniconda3/envs/mamba/lib/python3.10/site-packages/mmpretrain/models/classifiers/image.py", line 204, in extract_feat
    x = self.backbone(inputs)
  File "/home/LiuYue/miniconda3/envs/mamba/lib/python3.10/site-packages/torch/nn/modules/module.py", line 1190, in _call_impl
    return forward_call(*input, **kwargs)
  File "/home/LiuYue/miniconda3/envs/mamba/lib/python3.10/site-packages/mmpretrain/models/backbones/vision_transformer.py", line 480, in forward
    x = layer(x)
  File "/home/LiuYue/miniconda3/envs/mamba/lib/python3.10/site-packages/torch/nn/modules/module.py", line 1190, in _call_impl
    return forward_call(*input, **kwargs)
  File "/home/LiuYue/miniconda3/envs/mamba/lib/python3.10/site-packages/mmpretrain/models/backbones/vision_transformer.py", line 107, in forward
    x = x + self.attn(self.ln1(x))
  File "/home/LiuYue/miniconda3/envs/mamba/lib/python3.10/site-packages/torch/nn/modules/module.py", line 1190, in _call_impl
    return forward_call(*input, **kwargs)
  File "/home/LiuYue/miniconda3/envs/mamba/lib/python3.10/site-packages/mmpretrain/models/utils/attention.py", line 594, in forward
    x = self.scaled_dot_product_attention(q, k, v, dropout_p=attn_drop)
  File "/home/LiuYue/miniconda3/envs/mamba/lib/python3.10/site-packages/mmpretrain/models/utils/attention.py", line 46, in scaled_dot_product_attention_pyimpl
    attn_weight = torch.softmax(attn_weight, dim=-1)
torch.cuda.OutOfMemoryError: CUDA out of memory. Tried to allocate 31.52 GiB (GPU 0; 79.15 GiB total capacity; 18.64 GiB already allocated; 27.56 GiB free; 49.77 GiB reserved in total by PyTorch) If reserved memory is >> allocated memory try setting max_split_size_mb to avoid fragmentation.  See documentation for Memory Management and PYTORCH_CUDA_ALLOC_CONF
using init_deit ======================== 
01/16 13:31:07 - mmengine - INFO - Because batch augmentations are enabled, the data preprocessor automatically enables the `to_onehot` option to generate one-hot format labels.
01/16 13:31:08 - mmengine - INFO - Loads checkpoint by http backend from path: https://download.openmmlab.com/mmclassification/v0/deit/deit-base_pt-16xb64_in1k_20220216-db63c16c.pth
starting loop: img_size (1024, 1024)
Test: [0/1389]	Time 4.487 (4.487)	Loss 0.3843 (0.3843)	Acc@1 97.222 (97.222)	Acc@5 97.222 (97.222)	Mem 44693MB
Test: [10/1389]	Time 3.170 (3.517)	Loss 0.8657 (0.9219)	Acc@1 83.333 (77.778)	Acc@5 91.667 (94.192)	Mem 44693MB
Test: [20/1389]	Time 3.157 (3.428)	Loss 0.2546 (0.8235)	Acc@1 94.444 (81.085)	Acc@5 100.000 (94.577)	Mem 44693MB
Test: [30/1389]	Time 3.541 (3.426)	Loss 0.8574 (0.8137)	Acc@1 77.778 (81.989)	Acc@5 94.444 (94.355)	Mem 44693MB
Test: [40/1389]	Time 3.575 (3.466)	Loss 0.6567 (0.8669)	Acc@1 80.556 (80.285)	Acc@5 97.222 (94.377)	Mem 44693MB
Test: [50/1389]	Time 4.932 (3.599)	Loss 2.3379 (1.0940)	Acc@1 38.889 (74.782)	Acc@5 80.556 (91.939)	Mem 44693MB
Test: [60/1389]	Time 4.818 (3.947)	Loss 0.7251 (1.1713)	Acc@1 86.111 (72.814)	Acc@5 88.889 (90.619)	Mem 44693MB
Test: [70/1389]	Time 6.001 (4.187)	Loss 2.3047 (1.3492)	Acc@1 50.000 (69.327)	Acc@5 77.778 (87.989)	Mem 44693MB
Test: [80/1389]	Time 6.310 (4.411)	Loss 3.3574 (1.5245)	Acc@1 36.111 (65.878)	Acc@5 55.556 (85.597)	Mem 44693MB
Test: [90/1389]	Time 6.242 (4.553)	Loss 1.3457 (1.6311)	Acc@1 61.111 (63.217)	Acc@5 88.889 (84.402)	Mem 44693MB
Test: [100/1389]	Time 8.168 (4.689)	Loss 1.6025 (1.6789)	Acc@1 30.556 (61.744)	Acc@5 97.222 (83.938)	Mem 44693MB
Test: [110/1389]	Time 4.427 (4.822)	Loss 4.1602 (1.7306)	Acc@1 13.889 (60.235)	Acc@5 38.889 (83.759)	Mem 44693MB
Test: [120/1389]	Time 5.131 (4.910)	Loss 0.9810 (1.6727)	Acc@1 75.000 (61.731)	Acc@5 94.444 (84.389)	Mem 44693MB
Test: [130/1389]	Time 5.465 (5.001)	Loss 0.7769 (1.5842)	Acc@1 77.778 (63.868)	Acc@5 94.444 (85.284)	Mem 44693MB
Test: [140/1389]	Time 4.674 (5.090)	Loss 1.1709 (1.5338)	Acc@1 75.000 (65.032)	Acc@5 88.889 (86.013)	Mem 44693MB
Test: [150/1389]	Time 6.134 (5.132)	Loss 2.0430 (1.5585)	Acc@1 44.444 (64.790)	Acc@5 83.333 (85.596)	Mem 44693MB
Test: [160/1389]	Time 4.678 (5.188)	Loss 0.3291 (1.5362)	Acc@1 91.667 (65.459)	Acc@5 97.222 (85.714)	Mem 44693MB
Test: [170/1389]	Time 6.989 (5.252)	Loss 1.2754 (1.5341)	Acc@1 69.444 (65.497)	Acc@5 86.111 (85.786)	Mem 44693MB
Test: [180/1389]	Time 8.654 (5.271)	Loss 0.1300 (1.5347)	Acc@1 100.000 (65.500)	Acc@5 100.000 (85.773)	Mem 44693MB
Test: [190/1389]	Time 5.989 (5.318)	Loss 0.9189 (1.4979)	Acc@1 80.556 (66.390)	Acc@5 94.444 (86.169)	Mem 44693MB
Test: [200/1389]	Time 5.388 (5.355)	Loss 1.4336 (1.4820)	Acc@1 75.000 (66.653)	Acc@5 91.667 (86.512)	Mem 44693MB
Test: [210/1389]	Time 5.808 (5.396)	Loss 4.1289 (1.4671)	Acc@1 16.667 (67.048)	Acc@5 52.778 (86.611)	Mem 44693MB
Test: [220/1389]	Time 7.284 (5.433)	Loss 0.7651 (1.4586)	Acc@1 83.333 (67.119)	Acc@5 97.222 (86.840)	Mem 44693MB
Test: [230/1389]	Time 3.827 (5.431)	Loss 1.8467 (1.4841)	Acc@1 55.556 (66.570)	Acc@5 86.111 (86.592)	Mem 44693MB
Test: [240/1389]	Time 6.941 (5.458)	Loss 2.3672 (1.4990)	Acc@1 50.000 (66.136)	Acc@5 72.222 (86.538)	Mem 44693MB
Test: [250/1389]	Time 5.886 (5.468)	Loss 2.9453 (1.5239)	Acc@1 27.778 (65.660)	Acc@5 61.111 (86.056)	Mem 44693MB
Test: [260/1389]	Time 4.817 (5.445)	Loss 1.5801 (1.5378)	Acc@1 75.000 (65.219)	Acc@5 86.111 (85.920)	Mem 44693MB
Test: [270/1389]	Time 4.151 (5.416)	Loss 1.2754 (1.5379)	Acc@1 69.444 (64.975)	Acc@5 91.667 (85.978)	Mem 44693MB
Test: [280/1389]	Time 5.297 (5.390)	Loss 1.7939 (1.5531)	Acc@1 50.000 (64.423)	Acc@5 94.444 (86.012)	Mem 44693MB
Test: [290/1389]	Time 4.365 (5.365)	Loss 3.0430 (1.5807)	Acc@1 33.333 (63.708)	Acc@5 63.889 (85.748)	Mem 44693MB
Test: [300/1389]	Time 4.953 (5.323)	Loss 0.8179 (1.5870)	Acc@1 80.556 (63.566)	Acc@5 97.222 (85.613)	Mem 44693MB
Test: [310/1389]	Time 5.244 (5.312)	Loss 2.9766 (1.6118)	Acc@1 27.778 (62.942)	Acc@5 69.444 (85.325)	Mem 44693MB
Test: [320/1389]	Time 5.579 (5.289)	Loss 1.3203 (1.6191)	Acc@1 72.222 (62.920)	Acc@5 88.889 (85.202)	Mem 44693MB
Test: [330/1389]	Time 4.109 (5.266)	Loss 2.7773 (1.6541)	Acc@1 27.778 (62.051)	Acc@5 80.556 (84.911)	Mem 44693MB
Test: [340/1389]	Time 4.302 (5.243)	Loss 2.9492 (1.6740)	Acc@1 38.889 (61.535)	Acc@5 63.889 (84.694)	Mem 44693MB
Test: [350/1389]	Time 3.994 (5.224)	Loss 0.8291 (1.7007)	Acc@1 86.111 (61.016)	Acc@5 97.222 (84.307)	Mem 44693MB
Test: [360/1389]	Time 6.014 (5.225)	Loss 2.0391 (1.7115)	Acc@1 52.778 (60.719)	Acc@5 80.556 (84.218)	Mem 44693MB
Test: [370/1389]	Time 5.854 (5.210)	Loss 1.9043 (1.7222)	Acc@1 52.778 (60.370)	Acc@5 77.778 (84.119)	Mem 44693MB
Test: [380/1389]	Time 5.885 (5.217)	Loss 1.7822 (1.7295)	Acc@1 55.556 (60.258)	Acc@5 80.556 (84.099)	Mem 44693MB
Test: [390/1389]	Time 6.989 (5.247)	Loss 2.0352 (1.7177)	Acc@1 47.222 (60.472)	Acc@5 91.667 (84.314)	Mem 44693MB
Test: [400/1389]	Time 4.065 (5.275)	Loss 1.2451 (1.7274)	Acc@1 72.222 (60.287)	Acc@5 94.444 (84.185)	Mem 44693MB
Test: [410/1389]	Time 6.515 (5.289)	Loss 1.5537 (1.7133)	Acc@1 58.333 (60.638)	Acc@5 94.444 (84.388)	Mem 44693MB
Test: [420/1389]	Time 4.127 (5.294)	Loss 0.9673 (1.7043)	Acc@1 66.667 (60.788)	Acc@5 97.222 (84.521)	Mem 44693MB
Test: [430/1389]	Time 7.239 (5.298)	Loss 1.2627 (1.7060)	Acc@1 75.000 (60.692)	Acc@5 97.222 (84.590)	Mem 44693MB
Test: [440/1389]	Time 6.126 (5.316)	Loss 0.9023 (1.7111)	Acc@1 77.778 (60.557)	Acc@5 88.889 (84.555)	Mem 44693MB
Test: [450/1389]	Time 6.835 (5.326)	Loss 0.5327 (1.6919)	Acc@1 86.111 (60.957)	Acc@5 97.222 (84.805)	Mem 44693MB
Test: [460/1389]	Time 5.505 (5.329)	Loss 1.3496 (1.6837)	Acc@1 55.556 (61.238)	Acc@5 94.444 (84.870)	Mem 44693MB
Test: [470/1389]	Time 5.851 (5.341)	Loss 1.6406 (1.6705)	Acc@1 63.889 (61.571)	Acc@5 83.333 (85.032)	Mem 44693MB
Test: [480/1389]	Time 4.968 (5.349)	Loss 2.3047 (1.6672)	Acc@1 50.000 (61.694)	Acc@5 77.778 (85.118)	Mem 44693MB
Test: [490/1389]	Time 4.966 (5.353)	Loss 1.2500 (1.6665)	Acc@1 52.778 (61.649)	Acc@5 97.222 (85.195)	Mem 44693MB
Test: [500/1389]	Time 6.103 (5.338)	Loss 1.3975 (1.6619)	Acc@1 58.333 (61.688)	Acc@5 97.222 (85.324)	Mem 44693MB
Test: [510/1389]	Time 7.558 (5.337)	Loss 1.2432 (1.6566)	Acc@1 69.444 (61.899)	Acc@5 91.667 (85.334)	Mem 44693MB
Test: [520/1389]	Time 3.574 (5.336)	Loss 1.9805 (1.6603)	Acc@1 58.333 (61.810)	Acc@5 77.778 (85.301)	Mem 44693MB
Test: [530/1389]	Time 5.420 (5.342)	Loss 1.8311 (1.6526)	Acc@1 55.556 (61.964)	Acc@5 80.556 (85.421)	Mem 44693MB
Test: [540/1389]	Time 4.792 (5.338)	Loss 0.7563 (1.6445)	Acc@1 80.556 (62.082)	Acc@5 97.222 (85.562)	Mem 44693MB
Test: [550/1389]	Time 5.744 (5.347)	Loss 0.3169 (1.6361)	Acc@1 91.667 (62.301)	Acc@5 97.222 (85.612)	Mem 44693MB
Test: [560/1389]	Time 4.695 (5.340)	Loss 1.9375 (1.6365)	Acc@1 52.778 (62.334)	Acc@5 91.667 (85.601)	Mem 44693MB
Test: [570/1389]	Time 5.257 (5.341)	Loss 0.8027 (1.6289)	Acc@1 88.889 (62.512)	Acc@5 94.444 (85.717)	Mem 44693MB
Test: [580/1389]	Time 3.935 (5.345)	Loss 0.8013 (1.6438)	Acc@1 83.333 (62.354)	Acc@5 94.444 (85.490)	Mem 44693MB
Test: [590/1389]	Time 4.657 (5.346)	Loss 1.4580 (1.6428)	Acc@1 66.667 (62.352)	Acc@5 86.111 (85.486)	Mem 44693MB
Test: [600/1389]	Time 6.360 (5.349)	Loss 1.1445 (1.6407)	Acc@1 61.111 (62.382)	Acc@5 91.667 (85.515)	Mem 44693MB
Test: [610/1389]	Time 5.345 (5.349)	Loss 0.4275 (1.6545)	Acc@1 91.667 (62.175)	Acc@5 97.222 (85.306)	Mem 44693MB
Test: [620/1389]	Time 4.265 (5.347)	Loss 2.2539 (1.6702)	Acc@1 52.778 (61.872)	Acc@5 77.778 (85.132)	Mem 44693MB
Test: [630/1389]	Time 5.629 (5.349)	Loss 2.1895 (1.6684)	Acc@1 44.444 (61.939)	Acc@5 83.333 (85.134)	Mem 44693MB
Test: [640/1389]	Time 5.298 (5.346)	Loss 1.9990 (1.6831)	Acc@1 47.222 (61.670)	Acc@5 88.889 (84.919)	Mem 44693MB
Test: [650/1389]	Time 6.950 (5.350)	Loss 1.7012 (1.6886)	Acc@1 66.667 (61.619)	Acc@5 80.556 (84.840)	Mem 44693MB
Test: [660/1389]	Time 5.357 (5.353)	Loss 0.5864 (1.6870)	Acc@1 94.444 (61.708)	Acc@5 94.444 (84.842)	Mem 44693MB
Test: [670/1389]	Time 5.388 (5.347)	Loss 1.9395 (1.6873)	Acc@1 52.778 (61.699)	Acc@5 86.111 (84.873)	Mem 44693MB
Test: [680/1389]	Time 5.660 (5.345)	Loss 2.3574 (1.6985)	Acc@1 58.333 (61.462)	Acc@5 66.667 (84.749)	Mem 44693MB
Test: [690/1389]	Time 4.871 (5.343)	Loss 2.4336 (1.7027)	Acc@1 36.111 (61.405)	Acc@5 77.778 (84.680)	Mem 44693MB
Test: [700/1389]	Time 5.260 (5.343)	Loss 2.4512 (1.7149)	Acc@1 47.222 (61.230)	Acc@5 80.556 (84.502)	Mem 44693MB
Test: [710/1389]	Time 6.433 (5.339)	Loss 1.8564 (1.7241)	Acc@1 36.111 (61.013)	Acc@5 91.667 (84.400)	Mem 44693MB
Test: [720/1389]	Time 6.349 (5.343)	Loss 1.7227 (1.7305)	Acc@1 63.889 (60.884)	Acc@5 83.333 (84.316)	Mem 44693MB
Test: [730/1389]	Time 6.071 (5.341)	Loss 1.6924 (1.7304)	Acc@1 66.667 (60.910)	Acc@5 83.333 (84.291)	Mem 44693MB
Test: [740/1389]	Time 4.211 (5.342)	Loss 2.2012 (1.7356)	Acc@1 50.000 (60.766)	Acc@5 80.556 (84.244)	Mem 44693MB
Test: [750/1389]	Time 4.443 (5.343)	Loss 0.5859 (1.7369)	Acc@1 88.889 (60.786)	Acc@5 94.444 (84.236)	Mem 44693MB
Test: [760/1389]	Time 5.342 (5.344)	Loss 2.5098 (1.7418)	Acc@1 30.556 (60.666)	Acc@5 88.889 (84.195)	Mem 44693MB
Test: [770/1389]	Time 4.669 (5.343)	Loss 0.7183 (1.7336)	Acc@1 77.778 (60.866)	Acc@5 97.222 (84.281)	Mem 44693MB
Test: [780/1389]	Time 5.465 (5.339)	Loss 1.1396 (1.7339)	Acc@1 77.778 (60.944)	Acc@5 91.667 (84.240)	Mem 44693MB
Test: [790/1389]	Time 4.143 (5.343)	Loss 0.9624 (1.7324)	Acc@1 77.778 (60.974)	Acc@5 94.444 (84.264)	Mem 44693MB
Test: [800/1389]	Time 5.887 (5.340)	Loss 0.2761 (1.7289)	Acc@1 94.444 (61.056)	Acc@5 100.000 (84.301)	Mem 44693MB
Test: [810/1389]	Time 3.752 (5.334)	Loss 0.5352 (1.7331)	Acc@1 88.889 (60.988)	Acc@5 94.444 (84.262)	Mem 44693MB
Test: [820/1389]	Time 6.294 (5.335)	Loss 1.9385 (1.7369)	Acc@1 63.889 (60.935)	Acc@5 80.556 (84.210)	Mem 44693MB
Test: [830/1389]	Time 6.070 (5.341)	Loss 3.2188 (1.7427)	Acc@1 36.111 (60.830)	Acc@5 63.889 (84.139)	Mem 44693MB
Test: [840/1389]	Time 5.416 (5.336)	Loss 1.8184 (1.7471)	Acc@1 69.444 (60.797)	Acc@5 75.000 (84.053)	Mem 44693MB
Test: [850/1389]	Time 6.982 (5.332)	Loss 0.7026 (1.7437)	Acc@1 83.333 (60.935)	Acc@5 94.444 (84.064)	Mem 44693MB
Test: [860/1389]	Time 6.122 (5.333)	Loss 3.0605 (1.7486)	Acc@1 11.111 (60.901)	Acc@5 77.778 (83.969)	Mem 44693MB
Test: [870/1389]	Time 7.498 (5.331)	Loss 2.0410 (1.7543)	Acc@1 52.778 (60.808)	Acc@5 77.778 (83.872)	Mem 44693MB
Test: [880/1389]	Time 5.756 (5.329)	Loss 3.0059 (1.7590)	Acc@1 41.667 (60.698)	Acc@5 63.889 (83.825)	Mem 44693MB
Test: [890/1389]	Time 4.211 (5.327)	Loss 1.4805 (1.7610)	Acc@1 66.667 (60.690)	Acc@5 86.111 (83.826)	Mem 44693MB
Test: [900/1389]	Time 5.883 (5.328)	Loss 1.7275 (1.7589)	Acc@1 58.333 (60.763)	Acc@5 86.111 (83.842)	Mem 44693MB
Test: [910/1389]	Time 5.917 (5.326)	Loss 4.1797 (1.7710)	Acc@1 19.444 (60.550)	Acc@5 41.667 (83.669)	Mem 44693MB
Test: [920/1389]	Time 4.394 (5.326)	Loss 1.5830 (1.7773)	Acc@1 61.111 (60.408)	Acc@5 94.444 (83.596)	Mem 44693MB
Test: [930/1389]	Time 6.896 (5.327)	Loss 0.7456 (1.7763)	Acc@1 80.556 (60.422)	Acc@5 94.444 (83.608)	Mem 44693MB
Test: [940/1389]	Time 5.753 (5.333)	Loss 2.3145 (1.7753)	Acc@1 61.111 (60.473)	Acc@5 75.000 (83.590)	Mem 44693MB
Test: [950/1389]	Time 6.492 (5.334)	Loss 1.4531 (1.7760)	Acc@1 75.000 (60.492)	Acc@5 80.556 (83.555)	Mem 44693MB
Test: [960/1389]	Time 6.057 (5.339)	Loss 1.5137 (1.7729)	Acc@1 61.111 (60.562)	Acc@5 83.333 (83.576)	Mem 44693MB
Test: [970/1389]	Time 8.961 (5.345)	Loss 3.2520 (1.7778)	Acc@1 33.333 (60.482)	Acc@5 66.667 (83.516)	Mem 44693MB
Test: [980/1389]	Time 5.028 (5.346)	Loss 1.4121 (1.7738)	Acc@1 69.444 (60.587)	Acc@5 91.667 (83.549)	Mem 44693MB
Test: [990/1389]	Time 5.460 (5.347)	Loss 0.5596 (1.7723)	Acc@1 86.111 (60.626)	Acc@5 100.000 (83.563)	Mem 44693MB
Test: [1000/1389]	Time 5.012 (5.340)	Loss 1.3857 (1.7703)	Acc@1 72.222 (60.687)	Acc@5 88.889 (83.583)	Mem 44693MB
Test: [1010/1389]	Time 4.169 (5.338)	Loss 0.2788 (1.7669)	Acc@1 97.222 (60.795)	Acc@5 100.000 (83.597)	Mem 44693MB
Test: [1020/1389]	Time 5.003 (5.344)	Loss 1.8496 (1.7715)	Acc@1 61.111 (60.747)	Acc@5 77.778 (83.502)	Mem 44693MB
Test: [1030/1389]	Time 5.078 (5.344)	Loss 1.3799 (1.7688)	Acc@1 75.000 (60.823)	Acc@5 88.889 (83.533)	Mem 44693MB
Test: [1040/1389]	Time 6.113 (5.344)	Loss 3.2676 (1.7729)	Acc@1 36.111 (60.780)	Acc@5 61.111 (83.459)	Mem 44693MB
Test: [1050/1389]	Time 6.089 (5.345)	Loss 1.2275 (1.7775)	Acc@1 69.444 (60.678)	Acc@5 86.111 (83.415)	Mem 44693MB
Test: [1060/1389]	Time 5.053 (5.347)	Loss 0.4229 (1.7788)	Acc@1 88.889 (60.671)	Acc@5 100.000 (83.401)	Mem 44693MB
Test: [1070/1389]	Time 4.810 (5.344)	Loss 2.5234 (1.7829)	Acc@1 52.778 (60.605)	Acc@5 77.778 (83.333)	Mem 44693MB
Test: [1080/1389]	Time 4.372 (5.341)	Loss 1.6260 (1.7880)	Acc@1 63.889 (60.523)	Acc@5 86.111 (83.269)	Mem 44693MB
Test: [1090/1389]	Time 6.112 (5.339)	Loss 1.9033 (1.7884)	Acc@1 58.333 (60.503)	Acc@5 86.111 (83.285)	Mem 44693MB
Test: [1100/1389]	Time 5.562 (5.341)	Loss 2.3535 (1.7912)	Acc@1 52.778 (60.465)	Acc@5 72.222 (83.210)	Mem 44693MB
Test: [1110/1389]	Time 5.208 (5.342)	Loss 4.4648 (1.7965)	Acc@1 11.111 (60.404)	Acc@5 52.778 (83.136)	Mem 44693MB
Test: [1120/1389]	Time 4.816 (5.346)	Loss 3.5391 (1.7928)	Acc@1 27.778 (60.514)	Acc@5 61.111 (83.177)	Mem 44693MB
Test: [1130/1389]	Time 4.416 (5.350)	Loss 2.6660 (1.7995)	Acc@1 41.667 (60.389)	Acc@5 72.222 (83.083)	Mem 44693MB
Test: [1140/1389]	Time 6.792 (5.352)	Loss 1.1230 (1.7966)	Acc@1 77.778 (60.454)	Acc@5 91.667 (83.122)	Mem 44693MB
Test: [1150/1389]	Time 5.002 (5.352)	Loss 3.9590 (1.7999)	Acc@1 33.333 (60.404)	Acc@5 61.111 (83.073)	Mem 44693MB
Test: [1160/1389]	Time 5.189 (5.355)	Loss 3.3770 (1.8000)	Acc@1 33.333 (60.422)	Acc@5 58.333 (83.065)	Mem 44693MB
Test: [1170/1389]	Time 5.004 (5.357)	Loss 1.2061 (1.8065)	Acc@1 66.667 (60.288)	Acc@5 88.889 (82.975)	Mem 44693MB
Test: [1180/1389]	Time 8.629 (5.356)	Loss 2.0352 (1.8092)	Acc@1 52.778 (60.217)	Acc@5 86.111 (82.943)	Mem 44693MB
Test: [1190/1389]	Time 4.978 (5.356)	Loss 1.0850 (1.8082)	Acc@1 75.000 (60.248)	Acc@5 91.667 (82.949)	Mem 44693MB
Test: [1200/1389]	Time 4.525 (5.355)	Loss 2.2637 (1.8076)	Acc@1 38.889 (60.269)	Acc@5 83.333 (82.945)	Mem 44693MB
Test: [1210/1389]	Time 4.679 (5.359)	Loss 0.5615 (1.8074)	Acc@1 83.333 (60.272)	Acc@5 100.000 (82.957)	Mem 44693MB
Test: [1220/1389]	Time 4.295 (5.356)	Loss 1.1670 (1.8055)	Acc@1 77.778 (60.324)	Acc@5 94.444 (82.988)	Mem 44693MB
Test: [1230/1389]	Time 6.437 (5.355)	Loss 4.3203 (1.8120)	Acc@1 22.222 (60.222)	Acc@5 44.444 (82.898)	Mem 44693MB
Test: [1240/1389]	Time 5.281 (5.356)	Loss 3.0117 (1.8128)	Acc@1 38.889 (60.229)	Acc@5 58.333 (82.863)	Mem 44693MB
Test: [1250/1389]	Time 7.521 (5.357)	Loss 0.9775 (1.8166)	Acc@1 77.778 (60.130)	Acc@5 88.889 (82.825)	Mem 44693MB
Test: [1260/1389]	Time 4.763 (5.357)	Loss 2.7051 (1.8171)	Acc@1 27.778 (60.126)	Acc@5 72.222 (82.813)	Mem 44693MB
Test: [1270/1389]	Time 5.249 (5.356)	Loss 0.4282 (1.8217)	Acc@1 91.667 (60.038)	Acc@5 100.000 (82.765)	Mem 44693MB
Test: [1280/1389]	Time 4.586 (5.354)	Loss 1.8281 (1.8174)	Acc@1 63.889 (60.148)	Acc@5 83.333 (82.826)	Mem 44693MB
Test: [1290/1389]	Time 4.853 (5.359)	Loss 2.3242 (1.8139)	Acc@1 50.000 (60.201)	Acc@5 80.556 (82.879)	Mem 44693MB
Test: [1300/1389]	Time 4.230 (5.356)	Loss 0.9390 (1.8125)	Acc@1 72.222 (60.210)	Acc@5 100.000 (82.896)	Mem 44693MB
Test: [1310/1389]	Time 5.961 (5.359)	Loss 1.7051 (1.8073)	Acc@1 58.333 (60.295)	Acc@5 88.889 (82.963)	Mem 44693MB
Test: [1320/1389]	Time 5.696 (5.361)	Loss 1.9551 (1.8061)	Acc@1 47.222 (60.283)	Acc@5 88.889 (83.014)	Mem 44693MB
Test: [1330/1389]	Time 6.082 (5.358)	Loss 0.9312 (1.8019)	Acc@1 80.556 (60.381)	Acc@5 94.444 (83.064)	Mem 44693MB
Test: [1340/1389]	Time 4.156 (5.355)	Loss 1.4551 (1.8040)	Acc@1 63.889 (60.370)	Acc@5 94.444 (83.035)	Mem 44693MB
Test: [1350/1389]	Time 4.560 (5.355)	Loss 1.7119 (1.8088)	Acc@1 50.000 (60.264)	Acc@5 100.000 (82.978)	Mem 44693MB
Test: [1360/1389]	Time 4.805 (5.351)	Loss 0.8672 (1.8057)	Acc@1 77.778 (60.307)	Acc@5 97.222 (83.041)	Mem 44693MB
Test: [1370/1389]	Time 4.086 (5.346)	Loss 0.1613 (1.8009)	Acc@1 94.444 (60.428)	Acc@5 100.000 (83.092)	Mem 44693MB
Test: [1380/1389]	Time 5.154 (5.344)	Loss 0.3923 (1.7944)	Acc@1 91.667 (60.576)	Acc@5 97.222 (83.174)	Mem 44693MB
 * Acc@1 60.616 Acc@5 83.199
01/16 15:34:47 - mmengine - INFO - Because batch augmentations are enabled, the data preprocessor automatically enables the `to_onehot` option to generate one-hot format labels.
01/16 15:34:48 - mmengine - INFO - Loads checkpoint by http backend from path: https://download.openmmlab.com/mmclassification/v0/deit/deit-base_pt-16xb64_in1k_20220216-db63c16c.pth
starting loop: img_size (1120, 1120)
Test: [0/2084]	Time 3.500 (3.500)	Loss 0.5376 (0.5376)	Acc@1 91.667 (91.667)	Acc@5 95.833 (95.833)	Mem 44693MB
Test: [10/2084]	Time 4.200 (3.957)	Loss 0.6670 (0.8271)	Acc@1 79.167 (78.409)	Acc@5 95.833 (96.212)	Mem 44693MB
Test: [20/2084]	Time 3.316 (3.969)	Loss 1.8164 (1.1586)	Acc@1 66.667 (71.825)	Acc@5 79.167 (91.865)	Mem 44693MB
Test: [30/2084]	Time 3.281 (4.024)	Loss 0.4089 (0.9805)	Acc@1 91.667 (76.075)	Acc@5 95.833 (93.414)	Mem 44693MB
Test: [40/2084]	Time 4.366 (4.076)	Loss 0.9468 (0.9413)	Acc@1 75.000 (77.642)	Acc@5 95.833 (93.496)	Mem 44693MB
Test: [50/2084]	Time 4.205 (4.119)	Loss 1.7129 (0.9942)	Acc@1 70.833 (76.552)	Acc@5 91.667 (93.137)	Mem 44693MB
Test: [60/2084]	Time 4.445 (4.067)	Loss 0.4167 (1.0105)	Acc@1 91.667 (76.025)	Acc@5 95.833 (93.033)	Mem 44693MB
Test: [70/2084]	Time 3.549 (4.021)	Loss 2.6582 (1.1496)	Acc@1 45.833 (72.946)	Acc@5 62.500 (91.608)	Mem 44693MB
Test: [80/2084]	Time 3.926 (4.012)	Loss 1.1904 (1.2983)	Acc@1 75.000 (70.010)	Acc@5 87.500 (89.455)	Mem 44693MB
Test: [90/2084]	Time 3.798 (3.971)	Loss 1.1602 (1.3599)	Acc@1 70.833 (68.452)	Acc@5 83.333 (88.416)	Mem 44693MB
Test: [100/2084]	Time 4.046 (3.969)	Loss 3.1641 (1.4973)	Acc@1 41.667 (65.800)	Acc@5 58.333 (85.850)	Mem 44693MB
Test: [110/2084]	Time 3.141 (3.966)	Loss 3.5625 (1.6022)	Acc@1 25.000 (64.077)	Acc@5 58.333 (84.384)	Mem 44693MB
Test: [120/2084]	Time 4.392 (3.976)	Loss 3.1094 (1.7634)	Acc@1 37.500 (60.916)	Acc@5 54.167 (82.197)	Mem 44693MB
Test: [130/2084]	Time 3.475 (3.952)	Loss 2.7031 (1.9006)	Acc@1 25.000 (58.365)	Acc@5 79.167 (80.280)	Mem 44693MB
Test: [140/2084]	Time 3.316 (3.933)	Loss 5.2383 (1.9335)	Acc@1 4.167 (57.417)	Acc@5 33.333 (79.846)	Mem 44693MB
Test: [150/2084]	Time 3.423 (3.932)	Loss 1.3184 (1.9455)	Acc@1 33.333 (57.036)	Acc@5 100.000 (79.801)	Mem 44693MB
Test: [160/2084]	Time 5.620 (3.939)	Loss 3.0137 (1.9630)	Acc@1 29.167 (56.082)	Acc@5 66.667 (80.202)	Mem 44693MB
Test: [170/2084]	Time 4.005 (3.944)	Loss 1.5869 (1.9836)	Acc@1 75.000 (55.921)	Acc@5 79.167 (79.776)	Mem 44693MB
Test: [180/2084]	Time 3.352 (3.935)	Loss 0.9175 (1.9376)	Acc@1 75.000 (56.929)	Acc@5 100.000 (80.341)	Mem 44693MB
Test: [190/2084]	Time 3.513 (3.933)	Loss 0.9116 (1.8696)	Acc@1 87.500 (58.617)	Acc@5 87.500 (81.086)	Mem 44693MB
Test: [200/2084]	Time 4.160 (3.937)	Loss 0.3774 (1.8061)	Acc@1 87.500 (59.971)	Acc@5 100.000 (81.862)	Mem 44693MB
Test: [210/2084]	Time 3.926 (3.964)	Loss 1.3916 (1.7820)	Acc@1 70.833 (60.604)	Acc@5 83.333 (82.208)	Mem 44693MB
Test: [220/2084]	Time 3.407 (3.955)	Loss 1.5625 (1.7832)	Acc@1 70.833 (60.709)	Acc@5 79.167 (82.032)	Mem 44693MB
Test: [230/2084]	Time 4.382 (3.945)	Loss 0.6108 (1.7935)	Acc@1 79.167 (60.570)	Acc@5 100.000 (81.890)	Mem 44693MB
Test: [240/2084]	Time 3.593 (3.947)	Loss 0.4717 (1.7800)	Acc@1 87.500 (60.979)	Acc@5 95.833 (82.019)	Mem 44693MB
Test: [250/2084]	Time 4.748 (3.949)	Loss 1.9473 (1.7862)	Acc@1 62.500 (60.823)	Acc@5 79.167 (82.055)	Mem 44693MB
Test: [260/2084]	Time 3.667 (3.947)	Loss 2.6348 (1.7895)	Acc@1 41.667 (60.632)	Acc@5 70.833 (81.976)	Mem 44693MB
Test: [270/2084]	Time 5.051 (3.938)	Loss 0.1475 (1.7758)	Acc@1 100.000 (60.901)	Acc@5 100.000 (82.165)	Mem 44693MB
Test: [280/2084]	Time 4.261 (3.932)	Loss 3.1113 (1.7564)	Acc@1 29.167 (61.388)	Acc@5 75.000 (82.429)	Mem 44693MB
Test: [290/2084]	Time 4.304 (3.925)	Loss 0.2644 (1.7330)	Acc@1 91.667 (61.913)	Acc@5 100.000 (82.775)	Mem 44693MB
Test: [300/2084]	Time 3.293 (3.928)	Loss 1.5117 (1.7195)	Acc@1 75.000 (62.112)	Acc@5 83.333 (83.070)	Mem 44693MB
Test: [310/2084]	Time 3.900 (3.928)	Loss 0.3323 (1.6918)	Acc@1 95.833 (62.755)	Acc@5 95.833 (83.454)	Mem 44693MB
Test: [320/2084]	Time 3.136 (3.928)	Loss 1.1279 (1.6907)	Acc@1 75.000 (62.786)	Acc@5 91.667 (83.346)	Mem 44693MB
Test: [330/2084]	Time 3.225 (3.921)	Loss 0.6646 (1.6895)	Acc@1 83.333 (62.727)	Acc@5 100.000 (83.510)	Mem 44693MB
Test: [340/2084]	Time 4.144 (3.924)	Loss 3.1680 (1.7104)	Acc@1 25.000 (62.170)	Acc@5 66.667 (83.260)	Mem 44693MB
Test: [350/2084]	Time 4.989 (3.923)	Loss 0.9292 (1.7111)	Acc@1 87.500 (61.966)	Acc@5 91.667 (83.369)	Mem 44693MB
Test: [360/2084]	Time 4.256 (3.922)	Loss 2.8945 (1.7246)	Acc@1 41.667 (61.611)	Acc@5 66.667 (83.253)	Mem 44693MB
Test: [370/2084]	Time 3.947 (3.918)	Loss 1.3555 (1.7260)	Acc@1 66.667 (61.534)	Acc@5 91.667 (83.210)	Mem 44693MB
Test: [380/2084]	Time 5.261 (3.930)	Loss 3.1133 (1.7616)	Acc@1 33.333 (60.750)	Acc@5 66.667 (82.677)	Mem 44693MB
Test: [390/2084]	Time 4.374 (3.929)	Loss 2.1152 (1.7649)	Acc@1 70.833 (60.582)	Acc@5 79.167 (82.705)	Mem 44693MB
Test: [400/2084]	Time 3.970 (3.934)	Loss 2.2930 (1.7561)	Acc@1 41.667 (60.682)	Acc@5 75.000 (82.751)	Mem 44693MB
Test: [410/2084]	Time 3.925 (3.930)	Loss 3.2695 (1.7705)	Acc@1 8.333 (60.128)	Acc@5 75.000 (82.664)	Mem 44693MB
Test: [420/2084]	Time 3.172 (3.928)	Loss 2.4551 (1.7773)	Acc@1 25.000 (59.749)	Acc@5 83.333 (82.710)	Mem 44693MB
Test: [430/2084]	Time 3.949 (3.926)	Loss 2.8613 (1.7943)	Acc@1 25.000 (59.242)	Acc@5 70.833 (82.589)	Mem 44693MB
Test: [440/2084]	Time 4.037 (3.924)	Loss 2.5508 (1.8060)	Acc@1 37.500 (58.995)	Acc@5 70.833 (82.398)	Mem 44693MB
Test: [450/2084]	Time 5.145 (3.926)	Loss 1.1475 (1.8128)	Acc@1 70.833 (58.878)	Acc@5 91.667 (82.252)	Mem 44693MB
Test: [460/2084]	Time 3.319 (3.923)	Loss 1.9980 (1.8258)	Acc@1 62.500 (58.632)	Acc@5 79.167 (82.041)	Mem 44693MB
Test: [470/2084]	Time 4.278 (3.918)	Loss 1.8955 (1.8411)	Acc@1 50.000 (58.263)	Acc@5 79.167 (81.803)	Mem 44693MB
Test: [480/2084]	Time 3.607 (3.919)	Loss 1.3047 (1.8449)	Acc@1 75.000 (58.290)	Acc@5 87.500 (81.713)	Mem 44693MB
Test: [490/2084]	Time 3.298 (3.927)	Loss 3.5742 (1.8696)	Acc@1 25.000 (57.646)	Acc@5 54.167 (81.500)	Mem 44693MB
Test: [500/2084]	Time 4.738 (3.928)	Loss 2.7480 (1.8806)	Acc@1 25.000 (57.269)	Acc@5 87.500 (81.479)	Mem 44693MB
Test: [510/2084]	Time 3.450 (3.931)	Loss 3.2441 (1.8978)	Acc@1 33.333 (56.906)	Acc@5 62.500 (81.246)	Mem 44693MB
Test: [520/2084]	Time 4.437 (3.928)	Loss 3.5137 (1.9261)	Acc@1 20.833 (56.406)	Acc@5 58.333 (80.798)	Mem 44693MB
Test: [530/2084]	Time 4.015 (3.923)	Loss 3.1855 (1.9349)	Acc@1 29.167 (56.199)	Acc@5 75.000 (80.736)	Mem 44693MB
Test: [540/2084]	Time 3.670 (3.919)	Loss 2.1406 (1.9419)	Acc@1 54.167 (56.000)	Acc@5 83.333 (80.661)	Mem 44693MB
Test: [550/2084]	Time 3.862 (3.917)	Loss 2.6934 (1.9515)	Acc@1 45.833 (55.793)	Acc@5 66.667 (80.596)	Mem 44693MB
Test: [560/2084]	Time 3.925 (3.917)	Loss 1.7969 (1.9621)	Acc@1 54.167 (55.518)	Acc@5 87.500 (80.474)	Mem 44693MB
Test: [570/2084]	Time 3.878 (3.909)	Loss 2.5469 (1.9618)	Acc@1 45.833 (55.495)	Acc@5 75.000 (80.531)	Mem 44693MB
Test: [580/2084]	Time 2.944 (3.908)	Loss 0.7275 (1.9500)	Acc@1 79.167 (55.744)	Acc@5 95.833 (80.687)	Mem 44693MB
Test: [590/2084]	Time 3.946 (3.907)	Loss 0.8374 (1.9549)	Acc@1 79.167 (55.570)	Acc@5 95.833 (80.697)	Mem 44693MB
Test: [600/2084]	Time 5.144 (3.912)	Loss 1.4766 (1.9593)	Acc@1 62.500 (55.560)	Acc@5 91.667 (80.636)	Mem 44693MB
Test: [610/2084]	Time 4.378 (3.914)	Loss 0.9351 (1.9495)	Acc@1 79.167 (55.831)	Acc@5 95.833 (80.762)	Mem 44693MB
Test: [620/2084]	Time 4.428 (3.921)	Loss 1.3047 (1.9391)	Acc@1 62.500 (56.065)	Acc@5 91.667 (80.938)	Mem 44693MB
Test: [630/2084]	Time 3.740 (3.922)	Loss 1.0684 (1.9339)	Acc@1 58.333 (56.115)	Acc@5 95.833 (81.035)	Mem 44693MB
Test: [640/2084]	Time 3.358 (3.921)	Loss 1.4951 (1.9381)	Acc@1 58.333 (55.954)	Acc@5 95.833 (81.078)	Mem 44693MB
Test: [650/2084]	Time 3.394 (3.923)	Loss 2.9297 (1.9398)	Acc@1 25.000 (55.933)	Acc@5 75.000 (81.061)	Mem 44693MB
Test: [660/2084]	Time 4.404 (3.923)	Loss 1.1240 (1.9447)	Acc@1 70.833 (55.856)	Acc@5 83.333 (81.014)	Mem 44693MB
Test: [670/2084]	Time 3.651 (3.921)	Loss 0.5684 (1.9294)	Acc@1 91.667 (56.191)	Acc@5 100.000 (81.210)	Mem 44693MB
Test: [680/2084]	Time 3.499 (3.919)	Loss 0.5210 (1.9130)	Acc@1 91.667 (56.547)	Acc@5 95.833 (81.455)	Mem 44693MB
Test: [690/2084]	Time 3.742 (3.920)	Loss 1.5322 (1.9131)	Acc@1 58.333 (56.585)	Acc@5 91.667 (81.434)	Mem 44693MB
Test: [700/2084]	Time 3.861 (3.916)	Loss 2.1582 (1.8972)	Acc@1 54.167 (56.960)	Acc@5 75.000 (81.639)	Mem 44693MB
Test: [710/2084]	Time 3.173 (3.913)	Loss 0.8530 (1.8889)	Acc@1 79.167 (57.202)	Acc@5 95.833 (81.751)	Mem 44693MB
Test: [720/2084]	Time 3.261 (3.908)	Loss 1.7510 (1.8920)	Acc@1 58.333 (57.212)	Acc@5 87.500 (81.796)	Mem 44693MB
Test: [730/2084]	Time 3.357 (3.902)	Loss 1.0664 (1.8991)	Acc@1 79.167 (57.102)	Acc@5 91.667 (81.754)	Mem 44693MB
Test: [740/2084]	Time 3.718 (3.902)	Loss 1.3311 (1.8891)	Acc@1 75.000 (57.282)	Acc@5 83.333 (81.894)	Mem 44693MB
Test: [750/2084]	Time 3.230 (3.905)	Loss 1.3994 (1.8890)	Acc@1 58.333 (57.224)	Acc@5 100.000 (81.963)	Mem 44693MB
Test: [760/2084]	Time 3.236 (3.902)	Loss 0.6138 (1.8813)	Acc@1 91.667 (57.452)	Acc@5 91.667 (82.030)	Mem 44693MB
Test: [770/2084]	Time 4.908 (3.907)	Loss 1.8633 (1.8844)	Acc@1 58.333 (57.398)	Acc@5 83.333 (81.977)	Mem 44693MB
Test: [780/2084]	Time 4.811 (3.905)	Loss 2.0449 (1.8848)	Acc@1 58.333 (57.389)	Acc@5 75.000 (81.989)	Mem 44693MB
Test: [790/2084]	Time 5.129 (3.902)	Loss 0.8750 (1.8745)	Acc@1 79.167 (57.654)	Acc@5 95.833 (82.101)	Mem 44693MB
Test: [800/2084]	Time 3.928 (3.901)	Loss 0.8828 (1.8742)	Acc@1 83.333 (57.595)	Acc@5 95.833 (82.121)	Mem 44693MB
Test: [810/2084]	Time 3.244 (3.902)	Loss 1.0498 (1.8663)	Acc@1 75.000 (57.696)	Acc@5 95.833 (82.270)	Mem 44693MB
Test: [820/2084]	Time 4.308 (3.902)	Loss 1.0771 (1.8582)	Acc@1 75.000 (57.877)	Acc@5 87.500 (82.339)	Mem 44693MB
Test: [830/2084]	Time 3.433 (3.903)	Loss 2.2344 (1.8555)	Acc@1 58.333 (57.972)	Acc@5 70.833 (82.351)	Mem 44693MB
Test: [840/2084]	Time 4.360 (3.899)	Loss 2.0586 (1.8565)	Acc@1 54.167 (57.991)	Acc@5 91.667 (82.328)	Mem 44693MB
Test: [850/2084]	Time 3.976 (3.898)	Loss 1.1367 (1.8484)	Acc@1 75.000 (58.142)	Acc@5 91.667 (82.447)	Mem 44693MB
Test: [860/2084]	Time 3.884 (3.901)	Loss 1.5615 (1.8531)	Acc@1 66.667 (58.087)	Acc@5 87.500 (82.385)	Mem 44693MB
Test: [870/2084]	Time 3.816 (3.899)	Loss 1.1387 (1.8622)	Acc@1 75.000 (58.013)	Acc@5 91.667 (82.243)	Mem 44693MB
Test: [880/2084]	Time 4.908 (3.896)	Loss 1.4834 (1.8598)	Acc@1 66.667 (58.092)	Acc@5 91.667 (82.260)	Mem 44693MB
Test: [890/2084]	Time 4.145 (3.896)	Loss 1.2070 (1.8575)	Acc@1 66.667 (58.123)	Acc@5 91.667 (82.300)	Mem 44693MB
Test: [900/2084]	Time 3.848 (3.896)	Loss 1.8096 (1.8582)	Acc@1 54.167 (58.121)	Acc@5 79.167 (82.279)	Mem 44693MB
Test: [910/2084]	Time 3.083 (3.892)	Loss 3.2695 (1.8729)	Acc@1 37.500 (57.899)	Acc@5 58.333 (82.048)	Mem 44693MB
Test: [920/2084]	Time 4.017 (3.889)	Loss 2.3867 (1.8728)	Acc@1 45.833 (57.926)	Acc@5 75.000 (82.030)	Mem 44693MB
Test: [930/2084]	Time 4.716 (3.892)	Loss 2.3125 (1.8867)	Acc@1 45.833 (57.653)	Acc@5 79.167 (81.865)	Mem 44693MB
Test: [940/2084]	Time 4.350 (3.890)	Loss 0.7969 (1.8807)	Acc@1 87.500 (57.789)	Acc@5 95.833 (81.956)	Mem 44693MB
Test: [950/2084]	Time 3.329 (3.891)	Loss 2.2812 (1.8911)	Acc@1 54.167 (57.628)	Acc@5 70.833 (81.813)	Mem 44693MB
Test: [960/2084]	Time 3.853 (3.888)	Loss 1.9111 (1.9001)	Acc@1 45.833 (57.488)	Acc@5 95.833 (81.720)	Mem 44693MB
Test: [970/2084]	Time 3.994 (3.892)	Loss 2.6934 (1.9085)	Acc@1 37.500 (57.334)	Acc@5 79.167 (81.634)	Mem 44693MB
Test: [980/2084]	Time 3.612 (3.891)	Loss 2.2012 (1.9086)	Acc@1 54.167 (57.390)	Acc@5 87.500 (81.626)	Mem 44693MB
Test: [990/2084]	Time 3.173 (3.890)	Loss 0.5312 (1.9033)	Acc@1 95.833 (57.539)	Acc@5 95.833 (81.673)	Mem 44693MB
Test: [1000/2084]	Time 4.323 (3.889)	Loss 0.9404 (1.9031)	Acc@1 79.167 (57.567)	Acc@5 91.667 (81.643)	Mem 44693MB
Test: [1010/2084]	Time 4.874 (3.891)	Loss 2.4180 (1.9015)	Acc@1 41.667 (57.554)	Acc@5 83.333 (81.689)	Mem 44693MB
Test: [1020/2084]	Time 4.313 (3.889)	Loss 3.0605 (1.9132)	Acc@1 41.667 (57.317)	Acc@5 66.667 (81.558)	Mem 44693MB
Test: [1030/2084]	Time 3.146 (3.888)	Loss 2.8809 (1.9152)	Acc@1 33.333 (57.291)	Acc@5 62.500 (81.523)	Mem 44693MB
Test: [1040/2084]	Time 3.259 (3.888)	Loss 3.6094 (1.9238)	Acc@1 33.333 (57.161)	Acc@5 58.333 (81.404)	Mem 44693MB
Test: [1050/2084]	Time 3.223 (3.887)	Loss 2.0703 (1.9279)	Acc@1 50.000 (57.120)	Acc@5 91.667 (81.351)	Mem 44693MB
Test: [1060/2084]	Time 4.240 (3.888)	Loss 2.9668 (1.9380)	Acc@1 29.167 (56.931)	Acc@5 66.667 (81.232)	Mem 44693MB
Test: [1070/2084]	Time 4.487 (3.887)	Loss 3.5371 (1.9406)	Acc@1 16.667 (56.824)	Acc@5 58.333 (81.225)	Mem 44693MB
Test: [1080/2084]	Time 3.414 (3.885)	Loss 2.0332 (1.9453)	Acc@1 54.167 (56.753)	Acc@5 79.167 (81.132)	Mem 44693MB
Test: [1090/2084]	Time 3.243 (3.885)	Loss 4.0039 (1.9443)	Acc@1 25.000 (56.806)	Acc@5 45.833 (81.141)	Mem 44693MB
Test: [1100/2084]	Time 3.538 (3.887)	Loss 2.3301 (1.9455)	Acc@1 50.000 (56.702)	Acc@5 83.333 (81.146)	Mem 44693MB
Test: [1110/2084]	Time 3.448 (3.886)	Loss 2.6504 (1.9491)	Acc@1 41.667 (56.661)	Acc@5 75.000 (81.098)	Mem 44693MB
Test: [1120/2084]	Time 4.416 (3.884)	Loss 1.0273 (1.9488)	Acc@1 83.333 (56.702)	Acc@5 91.667 (81.107)	Mem 44693MB
Test: [1130/2084]	Time 3.216 (3.884)	Loss 3.0508 (1.9542)	Acc@1 37.500 (56.609)	Acc@5 62.500 (81.023)	Mem 44693MB
Test: [1140/2084]	Time 3.234 (3.885)	Loss 2.7773 (1.9559)	Acc@1 33.333 (56.562)	Acc@5 91.667 (81.025)	Mem 44693MB
Test: [1150/2084]	Time 3.960 (3.882)	Loss 0.9473 (1.9512)	Acc@1 87.500 (56.675)	Acc@5 87.500 (81.089)	Mem 44693MB
Test: [1160/2084]	Time 4.845 (3.881)	Loss 2.3711 (1.9457)	Acc@1 50.000 (56.822)	Acc@5 75.000 (81.133)	Mem 44693MB
Test: [1170/2084]	Time 3.697 (3.882)	Loss 1.1650 (1.9464)	Acc@1 66.667 (56.857)	Acc@5 91.667 (81.106)	Mem 44693MB
Test: [1180/2084]	Time 4.023 (3.881)	Loss 1.9443 (1.9446)	Acc@1 66.667 (56.873)	Acc@5 83.333 (81.142)	Mem 44693MB
Test: [1190/2084]	Time 4.300 (3.881)	Loss 2.0996 (1.9454)	Acc@1 62.500 (56.846)	Acc@5 66.667 (81.119)	Mem 44693MB
Test: [1200/2084]	Time 4.866 (3.883)	Loss 0.1901 (1.9429)	Acc@1 91.667 (56.925)	Acc@5 100.000 (81.148)	Mem 44693MB
Test: [1210/2084]	Time 3.761 (3.881)	Loss 2.1973 (1.9466)	Acc@1 54.167 (56.868)	Acc@5 75.000 (81.097)	Mem 44693MB
Test: [1220/2084]	Time 5.488 (3.881)	Loss 3.6152 (1.9479)	Acc@1 16.667 (56.825)	Acc@5 66.667 (81.108)	Mem 44693MB
Test: [1230/2084]	Time 4.446 (3.883)	Loss 1.9131 (1.9496)	Acc@1 54.167 (56.797)	Acc@5 83.333 (81.086)	Mem 44693MB
Test: [1240/2084]	Time 4.734 (3.884)	Loss 1.4014 (1.9500)	Acc@1 41.667 (56.802)	Acc@5 95.833 (81.074)	Mem 44693MB
Test: [1250/2084]	Time 4.802 (3.884)	Loss 4.7422 (1.9590)	Acc@1 16.667 (56.648)	Acc@5 50.000 (80.982)	Mem 44693MB
Test: [1260/2084]	Time 2.987 (3.880)	Loss 1.6279 (1.9607)	Acc@1 70.833 (56.648)	Acc@5 83.333 (80.941)	Mem 44693MB
Test: [1270/2084]	Time 4.950 (3.881)	Loss 3.2891 (1.9623)	Acc@1 25.000 (56.678)	Acc@5 62.500 (80.884)	Mem 44693MB
Test: [1280/2084]	Time 3.211 (3.881)	Loss 1.7236 (1.9557)	Acc@1 70.833 (56.837)	Acc@5 70.833 (80.939)	Mem 44693MB
Test: [1290/2084]	Time 3.820 (3.880)	Loss 3.2910 (1.9617)	Acc@1 8.333 (56.778)	Acc@5 66.667 (80.829)	Mem 44693MB
Test: [1300/2084]	Time 3.326 (3.883)	Loss 1.5967 (1.9687)	Acc@1 70.833 (56.639)	Acc@5 83.333 (80.723)	Mem 44693MB
Test: [1310/2084]	Time 3.381 (3.884)	Loss 2.1426 (1.9688)	Acc@1 50.000 (56.627)	Acc@5 83.333 (80.734)	Mem 44693MB
Test: [1320/2084]	Time 3.250 (3.884)	Loss 4.1094 (1.9721)	Acc@1 20.833 (56.561)	Acc@5 45.833 (80.690)	Mem 44693MB
Test: [1330/2084]	Time 3.563 (3.885)	Loss 4.9688 (1.9753)	Acc@1 0.000 (56.518)	Acc@5 62.500 (80.685)	Mem 44693MB
Test: [1340/2084]	Time 3.998 (3.885)	Loss 4.2578 (1.9734)	Acc@1 16.667 (56.596)	Acc@5 45.833 (80.695)	Mem 44693MB
Test: [1350/2084]	Time 3.745 (3.882)	Loss 2.3633 (1.9714)	Acc@1 45.833 (56.649)	Acc@5 83.333 (80.718)	Mem 44693MB
Test: [1360/2084]	Time 3.082 (3.880)	Loss 3.0918 (1.9774)	Acc@1 33.333 (56.564)	Acc@5 58.333 (80.615)	Mem 44693MB
Test: [1370/2084]	Time 4.139 (3.879)	Loss 2.6016 (1.9896)	Acc@1 0.000 (56.291)	Acc@5 87.500 (80.477)	Mem 44693MB
Test: [1380/2084]	Time 3.285 (3.878)	Loss 1.8613 (1.9903)	Acc@1 62.500 (56.318)	Acc@5 87.500 (80.461)	Mem 44693MB
Test: [1390/2084]	Time 4.144 (3.877)	Loss 1.8623 (1.9925)	Acc@1 54.167 (56.269)	Acc@5 83.333 (80.419)	Mem 44693MB
Test: [1400/2084]	Time 5.141 (3.878)	Loss 0.3975 (1.9878)	Acc@1 95.833 (56.391)	Acc@5 95.833 (80.475)	Mem 44693MB
Test: [1410/2084]	Time 4.949 (3.880)	Loss 3.0586 (1.9878)	Acc@1 41.667 (56.411)	Acc@5 70.833 (80.457)	Mem 44693MB
Test: [1420/2084]	Time 4.521 (3.879)	Loss 5.2422 (1.9898)	Acc@1 4.167 (56.410)	Acc@5 29.167 (80.407)	Mem 44693MB
Test: [1430/2084]	Time 3.144 (3.876)	Loss 1.8906 (1.9855)	Acc@1 66.667 (56.516)	Acc@5 83.333 (80.459)	Mem 44693MB
Test: [1440/2084]	Time 3.867 (3.879)	Loss 1.5303 (1.9840)	Acc@1 58.333 (56.541)	Acc@5 87.500 (80.474)	Mem 44693MB
Test: [1450/2084]	Time 5.428 (3.880)	Loss 2.4199 (1.9846)	Acc@1 54.167 (56.553)	Acc@5 66.667 (80.447)	Mem 44693MB
Test: [1460/2084]	Time 3.352 (3.879)	Loss 2.1699 (1.9877)	Acc@1 62.500 (56.508)	Acc@5 75.000 (80.416)	Mem 44693MB
Test: [1470/2084]	Time 4.586 (3.881)	Loss 2.0137 (1.9853)	Acc@1 54.167 (56.560)	Acc@5 83.333 (80.436)	Mem 44693MB
Test: [1480/2084]	Time 4.276 (3.880)	Loss 2.6855 (1.9835)	Acc@1 45.833 (56.603)	Acc@5 70.833 (80.455)	Mem 44693MB
Test: [1490/2084]	Time 3.263 (3.880)	Loss 0.9902 (1.9793)	Acc@1 83.333 (56.687)	Acc@5 87.500 (80.502)	Mem 44693MB
Test: [1500/2084]	Time 3.286 (3.878)	Loss 0.9316 (1.9803)	Acc@1 83.333 (56.693)	Acc@5 91.667 (80.485)	Mem 44693MB
Test: [1510/2084]	Time 3.241 (3.877)	Loss 3.3105 (1.9769)	Acc@1 41.667 (56.797)	Acc@5 62.500 (80.507)	Mem 44693MB
Test: [1520/2084]	Time 3.070 (3.876)	Loss 2.6094 (1.9768)	Acc@1 45.833 (56.813)	Acc@5 66.667 (80.487)	Mem 44693MB
Test: [1530/2084]	Time 3.145 (3.875)	Loss 2.0273 (1.9805)	Acc@1 62.500 (56.741)	Acc@5 79.167 (80.421)	Mem 44693MB
Test: [1540/2084]	Time 4.912 (3.874)	Loss 0.6597 (1.9791)	Acc@1 83.333 (56.776)	Acc@5 91.667 (80.427)	Mem 44693MB
Test: [1550/2084]	Time 4.588 (3.874)	Loss 1.3252 (1.9777)	Acc@1 70.833 (56.807)	Acc@5 91.667 (80.437)	Mem 44693MB
Test: [1560/2084]	Time 3.824 (3.872)	Loss 3.2910 (1.9808)	Acc@1 37.500 (56.785)	Acc@5 58.333 (80.381)	Mem 44693MB
Test: [1570/2084]	Time 3.435 (3.870)	Loss 2.3691 (1.9860)	Acc@1 50.000 (56.678)	Acc@5 70.833 (80.339)	Mem 44693MB
Test: [1580/2084]	Time 3.187 (3.869)	Loss 2.2949 (1.9863)	Acc@1 62.500 (56.681)	Acc@5 70.833 (80.316)	Mem 44693MB
Test: [1590/2084]	Time 5.064 (3.873)	Loss 0.4773 (1.9886)	Acc@1 79.167 (56.649)	Acc@5 100.000 (80.288)	Mem 44693MB
Test: [1600/2084]	Time 4.291 (3.873)	Loss 2.8691 (1.9918)	Acc@1 45.833 (56.592)	Acc@5 66.667 (80.244)	Mem 44693MB
Test: [1610/2084]	Time 3.177 (3.872)	Loss 3.4316 (1.9927)	Acc@1 33.333 (56.585)	Acc@5 70.833 (80.225)	Mem 44693MB
Test: [1620/2084]	Time 3.030 (3.871)	Loss 0.9189 (1.9973)	Acc@1 66.667 (56.519)	Acc@5 100.000 (80.172)	Mem 44693MB
Test: [1630/2084]	Time 5.442 (3.871)	Loss 1.9316 (1.9988)	Acc@1 50.000 (56.486)	Acc@5 87.500 (80.191)	Mem 44693MB
Test: [1640/2084]	Time 3.185 (3.872)	Loss 2.8320 (1.9990)	Acc@1 37.500 (56.495)	Acc@5 66.667 (80.170)	Mem 44693MB
Test: [1650/2084]	Time 3.283 (3.874)	Loss 2.5918 (2.0013)	Acc@1 58.333 (56.471)	Acc@5 70.833 (80.128)	Mem 44693MB
Test: [1660/2084]	Time 3.837 (3.871)	Loss 1.5361 (2.0018)	Acc@1 70.833 (56.482)	Acc@5 87.500 (80.112)	Mem 44693MB
Test: [1670/2084]	Time 3.319 (3.871)	Loss 0.8579 (2.0046)	Acc@1 79.167 (56.458)	Acc@5 95.833 (80.084)	Mem 44693MB
Test: [1680/2084]	Time 3.418 (3.870)	Loss 4.1172 (2.0018)	Acc@1 12.500 (56.534)	Acc@5 58.333 (80.126)	Mem 44693MB
Test: [1690/2084]	Time 3.381 (3.870)	Loss 2.7207 (2.0085)	Acc@1 45.833 (56.419)	Acc@5 75.000 (80.044)	Mem 44693MB
Test: [1700/2084]	Time 3.258 (3.868)	Loss 1.5420 (2.0074)	Acc@1 66.667 (56.430)	Acc@5 87.500 (80.063)	Mem 44693MB
Test: [1710/2084]	Time 5.009 (3.868)	Loss 1.5166 (2.0064)	Acc@1 75.000 (56.458)	Acc@5 83.333 (80.075)	Mem 44693MB
Test: [1720/2084]	Time 3.878 (3.867)	Loss 1.5732 (2.0047)	Acc@1 62.500 (56.493)	Acc@5 87.500 (80.094)	Mem 44693MB
Test: [1730/2084]	Time 3.170 (3.868)	Loss 2.0254 (2.0114)	Acc@1 58.333 (56.374)	Acc@5 75.000 (80.004)	Mem 44693MB
Test: [1740/2084]	Time 4.549 (3.867)	Loss 3.4297 (2.0094)	Acc@1 41.667 (56.445)	Acc@5 54.167 (80.026)	Mem 44693MB
Test: [1750/2084]	Time 3.291 (3.868)	Loss 1.2725 (2.0168)	Acc@1 70.833 (56.315)	Acc@5 83.333 (79.914)	Mem 44693MB
Test: [1760/2084]	Time 3.192 (3.867)	Loss 2.4277 (2.0172)	Acc@1 45.833 (56.306)	Acc@5 79.167 (79.900)	Mem 44693MB
Test: [1770/2084]	Time 3.406 (3.866)	Loss 2.4922 (2.0192)	Acc@1 45.833 (56.249)	Acc@5 75.000 (79.877)	Mem 44693MB
Test: [1780/2084]	Time 3.995 (3.866)	Loss 1.0947 (2.0181)	Acc@1 79.167 (56.272)	Acc@5 91.667 (79.897)	Mem 44693MB
Test: [1790/2084]	Time 3.536 (3.868)	Loss 2.7383 (2.0177)	Acc@1 54.167 (56.309)	Acc@5 70.833 (79.890)	Mem 44693MB
Test: [1800/2084]	Time 4.526 (3.868)	Loss 2.5352 (2.0166)	Acc@1 41.667 (56.328)	Acc@5 70.833 (79.893)	Mem 44693MB
Test: [1810/2084]	Time 3.789 (3.868)	Loss 4.1250 (2.0181)	Acc@1 25.000 (56.288)	Acc@5 54.167 (79.891)	Mem 44693MB
Test: [1820/2084]	Time 4.608 (3.868)	Loss 0.7461 (2.0145)	Acc@1 83.333 (56.375)	Acc@5 95.833 (79.938)	Mem 44693MB
Test: [1830/2084]	Time 3.454 (3.869)	Loss 1.5791 (2.0154)	Acc@1 58.333 (56.342)	Acc@5 91.667 (79.936)	Mem 44693MB
Test: [1840/2084]	Time 4.405 (3.868)	Loss 3.6895 (2.0159)	Acc@1 20.833 (56.342)	Acc@5 66.667 (79.929)	Mem 44693MB
Test: [1850/2084]	Time 3.128 (3.869)	Loss 2.3984 (2.0222)	Acc@1 62.500 (56.251)	Acc@5 62.500 (79.846)	Mem 44693MB
Test: [1860/2084]	Time 3.316 (3.867)	Loss 3.1973 (2.0224)	Acc@1 45.833 (56.269)	Acc@5 58.333 (79.829)	Mem 44693MB
Test: [1870/2084]	Time 4.649 (3.868)	Loss 2.0273 (2.0243)	Acc@1 66.667 (56.224)	Acc@5 83.333 (79.810)	Mem 44693MB
Test: [1880/2084]	Time 3.926 (3.868)	Loss 1.0010 (2.0249)	Acc@1 79.167 (56.216)	Acc@5 91.667 (79.796)	Mem 44693MB
Test: [1890/2084]	Time 4.444 (3.866)	Loss 2.6309 (2.0268)	Acc@1 29.167 (56.189)	Acc@5 75.000 (79.777)	Mem 44693MB
Test: [1900/2084]	Time 3.278 (3.864)	Loss 0.7451 (2.0346)	Acc@1 83.333 (56.047)	Acc@5 95.833 (79.686)	Mem 44693MB
Test: [1910/2084]	Time 3.521 (3.863)	Loss 0.9316 (2.0294)	Acc@1 79.167 (56.157)	Acc@5 95.833 (79.758)	Mem 44693MB
Test: [1920/2084]	Time 3.897 (3.862)	Loss 1.2109 (2.0270)	Acc@1 70.833 (56.214)	Acc@5 91.667 (79.794)	Mem 44693MB
Test: [1930/2084]	Time 3.356 (3.862)	Loss 0.7397 (2.0249)	Acc@1 79.167 (56.242)	Acc@5 95.833 (79.827)	Mem 44693MB
Test: [1940/2084]	Time 3.161 (3.861)	Loss 3.2246 (2.0245)	Acc@1 29.167 (56.236)	Acc@5 58.333 (79.834)	Mem 44693MB
Test: [1950/2084]	Time 3.132 (3.860)	Loss 1.0889 (2.0221)	Acc@1 70.833 (56.264)	Acc@5 91.667 (79.854)	Mem 44693MB
Test: [1960/2084]	Time 4.430 (3.862)	Loss 1.1689 (2.0167)	Acc@1 70.833 (56.357)	Acc@5 95.833 (79.921)	Mem 44693MB
Test: [1970/2084]	Time 3.176 (3.860)	Loss 2.0703 (2.0152)	Acc@1 54.167 (56.365)	Acc@5 79.167 (79.949)	Mem 44693MB
Test: [1980/2084]	Time 3.613 (3.859)	Loss 2.4902 (2.0143)	Acc@1 37.500 (56.356)	Acc@5 83.333 (79.991)	Mem 44693MB
Test: [1990/2084]	Time 4.662 (3.858)	Loss 1.7188 (2.0117)	Acc@1 58.333 (56.412)	Acc@5 83.333 (80.021)	Mem 44693MB
Test: [2000/2084]	Time 3.446 (3.858)	Loss 2.0449 (2.0096)	Acc@1 54.167 (56.455)	Acc@5 87.500 (80.043)	Mem 44693MB
Test: [2010/2084]	Time 3.212 (3.855)	Loss 1.6904 (2.0120)	Acc@1 62.500 (56.427)	Acc@5 91.667 (80.006)	Mem 44693MB
Test: [2020/2084]	Time 3.375 (3.854)	Loss 3.5918 (2.0172)	Acc@1 29.167 (56.340)	Acc@5 58.333 (79.938)	Mem 44693MB
Test: [2030/2084]	Time 3.151 (3.853)	Loss 0.4207 (2.0144)	Acc@1 91.667 (56.380)	Acc@5 100.000 (79.993)	Mem 44693MB
Test: [2040/2084]	Time 3.790 (3.852)	Loss 0.7275 (2.0127)	Acc@1 87.500 (56.392)	Acc@5 95.833 (80.036)	Mem 44693MB
Test: [2050/2084]	Time 3.796 (3.852)	Loss 0.2920 (2.0114)	Acc@1 95.833 (56.430)	Acc@5 100.000 (80.048)	Mem 44693MB
Test: [2060/2084]	Time 3.925 (3.853)	Loss 0.9463 (2.0064)	Acc@1 75.000 (56.520)	Acc@5 91.667 (80.115)	Mem 44693MB
Test: [2070/2084]	Time 3.567 (3.853)	Loss 0.0683 (2.0003)	Acc@1 100.000 (56.661)	Acc@5 100.000 (80.191)	Mem 44693MB
Test: [2080/2084]	Time 3.857 (3.853)	Loss 2.1621 (1.9956)	Acc@1 37.500 (56.742)	Acc@5 83.333 (80.256)	Mem 44693MB
 * Acc@1 56.721 Acc@5 80.229
