using init_swin ======================== 
01/17 10:08:39 - mmengine - INFO - Because batch augmentations are enabled, the data preprocessor automatically enables the `to_onehot` option to generate one-hot format labels.
01/17 10:08:40 - mmengine - INFO - Loads checkpoint by http backend from path: https://download.openmmlab.com/mmclassification/v0/swin-transformer/swin_small_224_b16x64_300e_imagenet_20210615_110219-7f9d988b.pth
starting loop: img_size 224; len(dataset) 50003
Test: [0/391]	Time 2.215 (2.215)	Loss 0.2812 (0.2812)	Acc@1 96.094 (96.094)	Acc@5 98.438 (98.438)	Mem 1975MB
Test: [10/391]	Time 2.583 (1.885)	Loss 0.9863 (0.3890)	Acc@1 75.781 (92.543)	Acc@5 97.656 (98.438)	Mem 1975MB
Test: [20/391]	Time 1.747 (2.092)	Loss 0.4319 (0.5177)	Acc@1 89.844 (88.579)	Acc@5 97.656 (97.842)	Mem 1975MB
Test: [30/391]	Time 2.375 (2.286)	Loss 1.0703 (0.6280)	Acc@1 78.906 (85.610)	Acc@5 91.406 (97.278)	Mem 1975MB
Test: [40/391]	Time 9.467 (3.080)	Loss 0.3875 (0.5586)	Acc@1 95.312 (87.633)	Acc@5 96.875 (97.637)	Mem 1975MB
Test: [50/391]	Time 6.108 (3.760)	Loss 0.1675 (0.5577)	Acc@1 97.656 (88.021)	Acc@5 100.000 (97.595)	Mem 1975MB
Test: [60/391]	Time 6.021 (4.211)	Loss 0.7119 (0.5229)	Acc@1 85.156 (88.806)	Acc@5 95.312 (97.784)	Mem 1975MB
Test: [70/391]	Time 6.198 (4.486)	Loss 0.6489 (0.5496)	Acc@1 83.594 (88.028)	Acc@5 98.438 (97.678)	Mem 1975MB
Test: [80/391]	Time 4.882 (4.629)	Loss 0.5654 (0.5621)	Acc@1 87.500 (87.751)	Acc@5 97.656 (97.627)	Mem 1975MB
Test: [90/391]	Time 6.428 (4.831)	Loss 0.7388 (0.5629)	Acc@1 72.656 (87.715)	Acc@5 97.656 (97.596)	Mem 1975MB
Test: [100/391]	Time 6.295 (4.969)	Loss 0.4492 (0.5623)	Acc@1 92.969 (87.593)	Acc@5 97.656 (97.672)	Mem 1975MB
Test: [110/391]	Time 7.916 (5.186)	Loss 1.0469 (0.5730)	Acc@1 63.281 (87.226)	Acc@5 99.219 (97.684)	Mem 1975MB
Test: [120/391]	Time 6.592 (5.329)	Loss 0.3887 (0.5719)	Acc@1 92.969 (87.377)	Acc@5 97.656 (97.695)	Mem 1975MB
Test: [130/391]	Time 5.743 (5.414)	Loss 0.2581 (0.5650)	Acc@1 96.875 (87.548)	Acc@5 99.219 (97.704)	Mem 1975MB
Test: [140/391]	Time 6.894 (5.447)	Loss 0.9478 (0.5638)	Acc@1 75.781 (87.461)	Acc@5 99.219 (97.800)	Mem 1975MB
Test: [150/391]	Time 7.496 (5.500)	Loss 0.7188 (0.5731)	Acc@1 78.906 (87.293)	Acc@5 97.656 (97.729)	Mem 1975MB
Test: [160/391]	Time 7.879 (5.526)	Loss 0.6465 (0.5761)	Acc@1 85.938 (87.233)	Acc@5 97.656 (97.681)	Mem 1975MB
Test: [170/391]	Time 4.964 (5.539)	Loss 1.4736 (0.5943)	Acc@1 60.938 (86.678)	Acc@5 89.844 (97.524)	Mem 1975MB
Test: [180/391]	Time 5.166 (5.558)	Loss 1.5254 (0.6092)	Acc@1 61.719 (86.309)	Acc@5 92.969 (97.393)	Mem 1975MB
Test: [190/391]	Time 5.880 (5.592)	Loss 1.3047 (0.6291)	Acc@1 70.312 (85.745)	Acc@5 94.531 (97.219)	Mem 1975MB
Test: [200/391]	Time 6.027 (5.588)	Loss 0.4553 (0.6457)	Acc@1 91.406 (85.389)	Acc@5 98.438 (97.050)	Mem 1975MB
Test: [210/391]	Time 5.286 (5.615)	Loss 0.7490 (0.6574)	Acc@1 82.812 (85.082)	Acc@5 96.875 (96.956)	Mem 1975MB
Test: [220/391]	Time 7.438 (5.622)	Loss 0.3293 (0.6595)	Acc@1 90.625 (85.029)	Acc@5 99.219 (96.939)	Mem 1975MB
Test: [230/391]	Time 7.228 (5.629)	Loss 1.2021 (0.6655)	Acc@1 72.656 (84.923)	Acc@5 92.188 (96.875)	Mem 1975MB
Test: [240/391]	Time 6.198 (5.659)	Loss 0.7280 (0.6645)	Acc@1 87.500 (85.007)	Acc@5 95.312 (96.836)	Mem 1975MB
Test: [250/391]	Time 5.423 (5.646)	Loss 0.3804 (0.6798)	Acc@1 90.625 (84.521)	Acc@5 99.219 (96.722)	Mem 1975MB
Test: [260/391]	Time 6.297 (5.655)	Loss 0.6855 (0.6896)	Acc@1 82.031 (84.255)	Acc@5 96.094 (96.633)	Mem 1975MB
Test: [270/391]	Time 5.610 (5.648)	Loss 1.2666 (0.6953)	Acc@1 70.312 (84.139)	Acc@5 91.406 (96.552)	Mem 1975MB
Test: [280/391]	Time 5.919 (5.658)	Loss 0.8081 (0.6966)	Acc@1 78.125 (84.103)	Acc@5 97.656 (96.558)	Mem 1975MB
Test: [290/391]	Time 5.197 (5.674)	Loss 1.2998 (0.7010)	Acc@1 53.125 (83.951)	Acc@5 94.531 (96.510)	Mem 1975MB
Test: [300/391]	Time 2.570 (5.657)	Loss 0.5952 (0.7047)	Acc@1 87.500 (83.887)	Acc@5 97.656 (96.473)	Mem 1975MB
Test: [310/391]	Time 4.954 (5.652)	Loss 0.7119 (0.7075)	Acc@1 84.375 (83.827)	Acc@5 94.531 (96.425)	Mem 1975MB
Test: [320/391]	Time 5.632 (5.657)	Loss 0.5039 (0.7135)	Acc@1 89.062 (83.676)	Acc@5 96.875 (96.357)	Mem 1975MB
Test: [330/391]	Time 5.250 (5.653)	Loss 1.1426 (0.7222)	Acc@1 68.750 (83.412)	Acc@5 92.188 (96.287)	Mem 1975MB
Test: [340/391]	Time 5.027 (5.647)	Loss 0.5669 (0.7260)	Acc@1 87.500 (83.330)	Acc@5 97.656 (96.254)	Mem 1975MB
Test: [350/391]	Time 6.129 (5.637)	Loss 0.7349 (0.7273)	Acc@1 82.031 (83.271)	Acc@5 96.094 (96.256)	Mem 1975MB
Test: [360/391]	Time 2.801 (5.617)	Loss 1.1328 (0.7348)	Acc@1 75.000 (83.066)	Acc@5 94.531 (96.213)	Mem 1975MB
Test: [370/391]	Time 5.756 (5.624)	Loss 0.9707 (0.7310)	Acc@1 68.750 (83.128)	Acc@5 98.438 (96.262)	Mem 1975MB
Test: [380/391]	Time 5.194 (5.601)	Loss 0.7510 (0.7339)	Acc@1 79.688 (83.054)	Acc@5 98.438 (96.245)	Mem 1975MB
Test: [390/391]	Time 4.389 (5.603)	Loss 1.3369 (0.7321)	Acc@1 55.422 (83.041)	Acc@5 92.771 (96.282)	Mem 1975MB
 * Acc@1 83.041 Acc@5 96.282
01/17 10:45:12 - mmengine - INFO - Because batch augmentations are enabled, the data preprocessor automatically enables the `to_onehot` option to generate one-hot format labels.
01/17 10:45:13 - mmengine - INFO - Loads checkpoint by http backend from path: https://download.openmmlab.com/mmclassification/v0/swin-transformer/swin_small_224_b16x64_300e_imagenet_20210615_110219-7f9d988b.pth
starting loop: img_size 64; len(dataset) 50003
The input shape (4, 4) is smaller than the window size (7). Please set `pad_small_map=True`, or decrease the `window_size`.
01/17 10:45:17 - mmengine - INFO - Because batch augmentations are enabled, the data preprocessor automatically enables the `to_onehot` option to generate one-hot format labels.
01/17 10:45:19 - mmengine - INFO - Loads checkpoint by http backend from path: https://download.openmmlab.com/mmclassification/v0/swin-transformer/swin_small_224_b16x64_300e_imagenet_20210615_110219-7f9d988b.pth
starting loop: img_size 112; len(dataset) 50003
The input shape (4, 4) is smaller than the window size (7). Please set `pad_small_map=True`, or decrease the `window_size`.
01/17 10:45:26 - mmengine - INFO - Because batch augmentations are enabled, the data preprocessor automatically enables the `to_onehot` option to generate one-hot format labels.
01/17 10:45:27 - mmengine - INFO - Loads checkpoint by http backend from path: https://download.openmmlab.com/mmclassification/v0/swin-transformer/swin_small_224_b16x64_300e_imagenet_20210615_110219-7f9d988b.pth
starting loop: img_size 384; len(dataset) 50003
Test: [0/391]	Time 8.971 (8.971)	Loss 0.5669 (0.5669)	Acc@1 96.094 (96.094)	Acc@5 99.219 (99.219)	Mem 5747MB
Test: [10/391]	Time 7.669 (6.660)	Loss 1.1104 (0.7105)	Acc@1 78.906 (92.756)	Acc@5 97.656 (98.509)	Mem 5747MB
Test: [20/391]	Time 4.726 (6.079)	Loss 0.7104 (0.8172)	Acc@1 91.406 (88.876)	Acc@5 97.656 (97.917)	Mem 5747MB
Test: [30/391]	Time 4.931 (5.794)	Loss 1.4209 (0.9146)	Acc@1 68.750 (85.030)	Acc@5 91.406 (97.404)	Mem 5747MB
Test: [40/391]	Time 6.695 (5.460)	Loss 0.7227 (0.8592)	Acc@1 94.531 (87.119)	Acc@5 97.656 (97.732)	Mem 5747MB
Test: [50/391]	Time 3.421 (5.558)	Loss 0.5923 (0.8553)	Acc@1 96.094 (87.393)	Acc@5 100.000 (97.610)	Mem 5747MB
Test: [60/391]	Time 4.296 (5.324)	Loss 1.0361 (0.8295)	Acc@1 83.594 (88.320)	Acc@5 96.875 (97.810)	Mem 5747MB
Test: [70/391]	Time 3.507 (5.128)	Loss 1.0420 (0.8582)	Acc@1 78.906 (87.456)	Acc@5 97.656 (97.645)	Mem 5747MB
Test: [80/391]	Time 3.750 (5.003)	Loss 0.8594 (0.8724)	Acc@1 86.719 (86.931)	Acc@5 97.656 (97.598)	Mem 5747MB
Test: [90/391]	Time 2.861 (4.907)	Loss 1.1143 (0.8782)	Acc@1 72.656 (86.951)	Acc@5 98.438 (97.527)	Mem 5747MB
Test: [100/391]	Time 3.640 (4.723)	Loss 0.7812 (0.8790)	Acc@1 92.188 (86.781)	Acc@5 98.438 (97.610)	Mem 5747MB
Test: [110/391]	Time 3.638 (4.613)	Loss 1.2695 (0.8859)	Acc@1 63.281 (86.479)	Acc@5 97.656 (97.600)	Mem 5747MB
Test: [120/391]	Time 3.132 (4.536)	Loss 0.8135 (0.8833)	Acc@1 91.406 (86.622)	Acc@5 98.438 (97.650)	Mem 5747MB
Test: [130/391]	Time 2.717 (4.453)	Loss 0.4248 (0.8778)	Acc@1 98.438 (86.808)	Acc@5 100.000 (97.662)	Mem 5747MB
Test: [140/391]	Time 3.612 (4.367)	Loss 1.3242 (0.8761)	Acc@1 73.438 (86.663)	Acc@5 98.438 (97.717)	Mem 5747MB
Test: [150/391]	Time 3.995 (4.310)	Loss 0.8960 (0.8812)	Acc@1 78.906 (86.476)	Acc@5 99.219 (97.651)	Mem 5747MB
Test: [160/391]	Time 3.234 (4.241)	Loss 0.8359 (0.8838)	Acc@1 85.938 (86.384)	Acc@5 97.656 (97.622)	Mem 5747MB
Test: [170/391]	Time 3.142 (4.182)	Loss 1.7852 (0.9001)	Acc@1 60.938 (85.796)	Acc@5 89.062 (97.432)	Mem 5747MB
Test: [180/391]	Time 3.575 (4.139)	Loss 1.7275 (0.9156)	Acc@1 60.938 (85.385)	Acc@5 91.406 (97.251)	Mem 5747MB
Test: [190/391]	Time 3.405 (4.102)	Loss 1.5127 (0.9314)	Acc@1 67.188 (84.866)	Acc@5 92.969 (97.051)	Mem 5747MB
Test: [200/391]	Time 4.109 (4.131)	Loss 0.9380 (0.9472)	Acc@1 88.281 (84.468)	Acc@5 96.875 (96.809)	Mem 5747MB
Test: [210/391]	Time 6.886 (4.227)	Loss 0.9585 (0.9567)	Acc@1 79.688 (84.123)	Acc@5 96.875 (96.723)	Mem 5747MB
Test: [220/391]	Time 6.874 (4.345)	Loss 0.6006 (0.9586)	Acc@1 89.062 (84.039)	Acc@5 98.438 (96.688)	Mem 5747MB
Test: [230/391]	Time 8.200 (4.454)	Loss 1.4395 (0.9634)	Acc@1 72.656 (83.969)	Acc@5 92.188 (96.625)	Mem 5747MB
Test: [240/391]	Time 7.940 (4.595)	Loss 0.9800 (0.9631)	Acc@1 85.938 (84.031)	Acc@5 94.531 (96.554)	Mem 5747MB
Test: [250/391]	Time 7.585 (4.699)	Loss 0.7212 (0.9776)	Acc@1 89.062 (83.547)	Acc@5 99.219 (96.427)	Mem 5747MB
Test: [260/391]	Time 7.962 (4.795)	Loss 1.1113 (0.9868)	Acc@1 76.562 (83.267)	Acc@5 96.875 (96.342)	Mem 5747MB
Test: [270/391]	Time 7.400 (4.877)	Loss 1.5449 (0.9942)	Acc@1 63.281 (83.078)	Acc@5 92.188 (96.258)	Mem 5747MB
Test: [280/391]	Time 7.227 (4.965)	Loss 1.1924 (0.9958)	Acc@1 73.438 (83.007)	Acc@5 96.094 (96.266)	Mem 5747MB
Test: [290/391]	Time 7.859 (5.068)	Loss 1.3975 (1.0012)	Acc@1 60.156 (82.826)	Acc@5 95.312 (96.215)	Mem 5747MB
Test: [300/391]	Time 8.207 (5.181)	Loss 0.8770 (1.0044)	Acc@1 83.594 (82.802)	Acc@5 97.656 (96.156)	Mem 5747MB
Test: [310/391]	Time 6.391 (5.296)	Loss 1.0771 (1.0081)	Acc@1 81.250 (82.694)	Acc@5 93.750 (96.101)	Mem 5747MB
Test: [320/391]	Time 8.546 (5.417)	Loss 0.7700 (1.0140)	Acc@1 88.281 (82.555)	Acc@5 96.875 (96.038)	Mem 5747MB
Test: [330/391]	Time 7.895 (5.506)	Loss 1.5371 (1.0233)	Acc@1 61.719 (82.322)	Acc@5 90.625 (95.973)	Mem 5747MB
Test: [340/391]	Time 9.795 (5.583)	Loss 0.9780 (1.0261)	Acc@1 83.594 (82.263)	Acc@5 96.875 (95.961)	Mem 5747MB
Test: [350/391]	Time 8.603 (5.650)	Loss 0.9717 (1.0264)	Acc@1 85.938 (82.247)	Acc@5 98.438 (95.947)	Mem 5747MB
Test: [360/391]	Time 8.454 (5.716)	Loss 1.1357 (1.0315)	Acc@1 75.781 (82.085)	Acc@5 95.312 (95.884)	Mem 5747MB
Test: [370/391]	Time 7.864 (5.778)	Loss 1.1318 (1.0253)	Acc@1 66.406 (82.109)	Acc@5 97.656 (95.929)	Mem 5747MB
Test: [380/391]	Time 6.423 (5.814)	Loss 0.8672 (1.0248)	Acc@1 82.812 (82.066)	Acc@5 98.438 (95.909)	Mem 5747MB
Test: [390/391]	Time 4.129 (5.866)	Loss 1.7207 (1.0214)	Acc@1 50.602 (82.087)	Acc@5 93.976 (95.948)	Mem 5747MB
 * Acc@1 82.087 Acc@5 95.948
01/17 11:23:42 - mmengine - INFO - Because batch augmentations are enabled, the data preprocessor automatically enables the `to_onehot` option to generate one-hot format labels.
01/17 11:23:43 - mmengine - INFO - Loads checkpoint by http backend from path: https://download.openmmlab.com/mmclassification/v0/swin-transformer/swin_small_224_b16x64_300e_imagenet_20210615_110219-7f9d988b.pth
starting loop: img_size 512; len(dataset) 50003
Test: [0/391]	Time 10.511 (10.511)	Loss 0.7158 (0.7158)	Acc@1 93.750 (93.750)	Acc@5 98.438 (98.438)	Mem 9874MB
Test: [10/391]	Time 12.874 (10.191)	Loss 1.1855 (0.8802)	Acc@1 78.906 (91.619)	Acc@5 98.438 (98.366)	Mem 9875MB
Test: [20/391]	Time 9.903 (9.764)	Loss 0.9385 (1.0000)	Acc@1 92.188 (88.281)	Acc@5 96.875 (97.842)	Mem 9875MB
Test: [30/391]	Time 9.925 (9.960)	Loss 1.5459 (1.0911)	Acc@1 66.406 (84.652)	Acc@5 89.062 (97.077)	Mem 9875MB
Test: [40/391]	Time 4.851 (9.571)	Loss 0.8906 (1.0363)	Acc@1 92.188 (86.566)	Acc@5 97.656 (97.389)	Mem 9875MB
Test: [50/391]	Time 9.567 (9.640)	Loss 0.7988 (1.0299)	Acc@1 96.094 (86.795)	Acc@5 99.219 (97.227)	Mem 9875MB
Test: [60/391]	Time 9.223 (9.712)	Loss 1.2891 (1.0094)	Acc@1 82.812 (87.551)	Acc@5 96.875 (97.477)	Mem 9875MB
Test: [70/391]	Time 9.645 (9.702)	Loss 1.2734 (1.0471)	Acc@1 75.000 (86.631)	Acc@5 98.438 (97.238)	Mem 9875MB
Test: [80/391]	Time 10.337 (9.761)	Loss 1.1289 (1.0695)	Acc@1 87.500 (85.976)	Acc@5 97.656 (97.135)	Mem 9875MB
Test: [90/391]	Time 5.887 (9.683)	Loss 1.3213 (1.0838)	Acc@1 73.438 (85.903)	Acc@5 97.656 (97.090)	Mem 9875MB
Test: [100/391]	Time 10.058 (9.687)	Loss 1.1084 (1.0902)	Acc@1 90.625 (85.705)	Acc@5 96.094 (97.161)	Mem 9875MB
Test: [110/391]	Time 9.401 (9.657)	Loss 1.4648 (1.0959)	Acc@1 62.500 (85.389)	Acc@5 96.875 (97.157)	Mem 9875MB
Test: [120/391]	Time 8.542 (9.644)	Loss 0.9727 (1.0869)	Acc@1 92.188 (85.531)	Acc@5 98.438 (97.217)	Mem 9875MB
Test: [130/391]	Time 11.167 (9.688)	Loss 0.5205 (1.0788)	Acc@1 98.438 (85.669)	Acc@5 99.219 (97.251)	Mem 9875MB
Test: [140/391]	Time 8.994 (9.691)	Loss 1.5430 (1.0749)	Acc@1 71.875 (85.494)	Acc@5 96.875 (97.302)	Mem 9875MB
Test: [150/391]	Time 13.100 (9.782)	Loss 1.0049 (1.0777)	Acc@1 78.906 (85.198)	Acc@5 97.656 (97.227)	Mem 9875MB
Test: [160/391]	Time 11.654 (9.798)	Loss 1.0488 (1.0795)	Acc@1 82.031 (85.083)	Acc@5 96.094 (97.186)	Mem 9875MB
Test: [170/391]	Time 5.601 (9.758)	Loss 2.0078 (1.0994)	Acc@1 60.938 (84.503)	Acc@5 88.281 (96.980)	Mem 9875MB
Test: [180/391]	Time 10.032 (9.753)	Loss 1.9707 (1.1187)	Acc@1 55.469 (84.025)	Acc@5 91.406 (96.771)	Mem 9875MB
Test: [190/391]	Time 9.267 (9.800)	Loss 1.7959 (1.1356)	Acc@1 64.844 (83.500)	Acc@5 91.406 (96.531)	Mem 9875MB
Test: [200/391]	Time 5.778 (9.758)	Loss 1.3135 (1.1542)	Acc@1 85.938 (83.038)	Acc@5 96.875 (96.300)	Mem 9875MB
Test: [210/391]	Time 11.197 (9.763)	Loss 1.1777 (1.1660)	Acc@1 80.469 (82.676)	Acc@5 96.094 (96.197)	Mem 9875MB
Test: [220/391]	Time 8.769 (9.724)	Loss 0.8418 (1.1691)	Acc@1 89.062 (82.643)	Acc@5 96.875 (96.129)	Mem 9875MB
Test: [230/391]	Time 8.769 (9.670)	Loss 1.6826 (1.1756)	Acc@1 73.438 (82.572)	Acc@5 91.406 (96.036)	Mem 9875MB
Test: [240/391]	Time 8.876 (9.694)	Loss 1.2129 (1.1774)	Acc@1 88.281 (82.654)	Acc@5 93.750 (95.967)	Mem 9875MB
Test: [250/391]	Time 11.411 (9.701)	Loss 0.9604 (1.1938)	Acc@1 85.156 (82.174)	Acc@5 97.656 (95.807)	Mem 9875MB
Test: [260/391]	Time 8.063 (9.685)	Loss 1.4258 (1.2048)	Acc@1 70.312 (81.870)	Acc@5 93.750 (95.726)	Mem 9875MB
Test: [270/391]	Time 9.622 (9.682)	Loss 1.8232 (1.2143)	Acc@1 60.156 (81.639)	Acc@5 90.625 (95.632)	Mem 9875MB
Test: [280/391]	Time 8.794 (9.683)	Loss 1.4307 (1.2174)	Acc@1 73.438 (81.606)	Acc@5 96.094 (95.643)	Mem 9875MB
Test: [290/391]	Time 10.486 (9.714)	Loss 1.6348 (1.2247)	Acc@1 57.812 (81.384)	Acc@5 94.531 (95.576)	Mem 9875MB
Test: [300/391]	Time 9.563 (9.724)	Loss 1.0967 (1.2292)	Acc@1 82.812 (81.375)	Acc@5 95.312 (95.515)	Mem 9875MB
Test: [310/391]	Time 11.414 (9.770)	Loss 1.3594 (1.2350)	Acc@1 80.469 (81.235)	Acc@5 94.531 (95.451)	Mem 9875MB
Test: [320/391]	Time 8.104 (9.772)	Loss 0.9873 (1.2412)	Acc@1 85.156 (81.067)	Acc@5 96.875 (95.386)	Mem 9875MB
Test: [330/391]	Time 8.540 (9.777)	Loss 1.8682 (1.2533)	Acc@1 64.844 (80.818)	Acc@5 92.188 (95.296)	Mem 9875MB
Test: [340/391]	Time 9.967 (9.776)	Loss 1.2744 (1.2569)	Acc@1 82.812 (80.757)	Acc@5 96.875 (95.283)	Mem 9875MB
Test: [350/391]	Time 8.856 (9.754)	Loss 1.3164 (1.2583)	Acc@1 83.594 (80.745)	Acc@5 95.312 (95.261)	Mem 9875MB
Test: [360/391]	Time 9.997 (9.737)	Loss 1.2959 (1.2631)	Acc@1 74.219 (80.570)	Acc@5 93.750 (95.196)	Mem 9875MB
Test: [370/391]	Time 11.512 (9.741)	Loss 1.2598 (1.2551)	Acc@1 66.406 (80.614)	Acc@5 96.094 (95.241)	Mem 9875MB
Test: [380/391]	Time 9.528 (9.709)	Loss 1.1025 (1.2533)	Acc@1 77.344 (80.579)	Acc@5 96.875 (95.241)	Mem 9875MB
Test: [390/391]	Time 5.546 (9.704)	Loss 2.0352 (1.2487)	Acc@1 50.602 (80.605)	Acc@5 92.771 (95.278)	Mem 9875MB
 * Acc@1 80.605 Acc@5 95.278
01/17 12:26:59 - mmengine - INFO - Because batch augmentations are enabled, the data preprocessor automatically enables the `to_onehot` option to generate one-hot format labels.
01/17 12:27:00 - mmengine - INFO - Loads checkpoint by http backend from path: https://download.openmmlab.com/mmclassification/v0/swin-transformer/swin_small_224_b16x64_300e_imagenet_20210615_110219-7f9d988b.pth
starting loop: img_size 640; len(dataset) 50003
Test: [0/391]	Time 12.916 (12.916)	Loss 0.9570 (0.9570)	Acc@1 92.969 (92.969)	Acc@5 99.219 (99.219)	Mem 14391MB
Test: [10/391]	Time 14.505 (12.132)	Loss 1.2988 (1.0865)	Acc@1 82.031 (90.199)	Acc@5 97.656 (98.153)	Mem 14391MB
Test: [20/391]	Time 12.581 (12.120)	Loss 1.1602 (1.2234)	Acc@1 90.625 (86.235)	Acc@5 96.094 (97.173)	Mem 14391MB
Test: [30/391]	Time 12.977 (11.863)	Loss 1.6914 (1.3069)	Acc@1 67.188 (82.888)	Acc@5 87.500 (96.346)	Mem 14391MB
Test: [40/391]	Time 11.042 (11.735)	Loss 1.1201 (1.2499)	Acc@1 90.625 (84.775)	Acc@5 96.875 (96.646)	Mem 14391MB
Test: [50/391]	Time 13.050 (11.623)	Loss 1.0098 (1.2420)	Acc@1 93.750 (84.819)	Acc@5 99.219 (96.369)	Mem 14391MB
Test: [60/391]	Time 9.830 (11.576)	Loss 1.6377 (1.2212)	Acc@1 81.250 (85.540)	Acc@5 96.875 (96.657)	Mem 14391MB
Test: [70/391]	Time 11.154 (11.568)	Loss 1.5635 (1.2679)	Acc@1 72.656 (84.628)	Acc@5 96.094 (96.457)	Mem 14391MB
Test: [80/391]	Time 12.986 (11.454)	Loss 1.4697 (1.3033)	Acc@1 82.812 (83.893)	Acc@5 96.094 (96.306)	Mem 14391MB
Test: [90/391]	Time 11.594 (11.442)	Loss 1.5762 (1.3259)	Acc@1 70.312 (83.843)	Acc@5 96.094 (96.231)	Mem 14391MB
Test: [100/391]	Time 10.150 (11.286)	Loss 1.4707 (1.3388)	Acc@1 86.719 (83.601)	Acc@5 95.312 (96.303)	Mem 14391MB
Test: [110/391]	Time 8.513 (11.324)	Loss 1.6348 (1.3441)	Acc@1 58.594 (83.333)	Acc@5 96.094 (96.340)	Mem 14391MB
Test: [120/391]	Time 12.571 (11.342)	Loss 1.1875 (1.3314)	Acc@1 89.844 (83.523)	Acc@5 97.656 (96.423)	Mem 14391MB
Test: [130/391]	Time 10.037 (11.311)	Loss 0.6519 (1.3206)	Acc@1 96.094 (83.695)	Acc@5 100.000 (96.464)	Mem 14391MB
Test: [140/391]	Time 11.581 (11.267)	Loss 1.7334 (1.3145)	Acc@1 66.406 (83.561)	Acc@5 97.656 (96.531)	Mem 14391MB
Test: [150/391]	Time 9.401 (11.281)	Loss 1.2100 (1.3161)	Acc@1 71.875 (83.190)	Acc@5 97.656 (96.409)	Mem 14391MB
Test: [160/391]	Time 13.118 (11.306)	Loss 1.3447 (1.3162)	Acc@1 79.688 (83.138)	Acc@5 93.750 (96.361)	Mem 14391MB
Test: [170/391]	Time 7.997 (11.237)	Loss 2.3105 (1.3395)	Acc@1 57.812 (82.593)	Acc@5 84.375 (96.107)	Mem 14391MB
Test: [180/391]	Time 10.951 (11.215)	Loss 2.1777 (1.3622)	Acc@1 59.375 (82.074)	Acc@5 88.281 (95.869)	Mem 14391MB
Test: [190/391]	Time 12.708 (11.233)	Loss 2.0898 (1.3798)	Acc@1 59.375 (81.545)	Acc@5 90.625 (95.615)	Mem 14391MB
Test: [200/391]	Time 8.404 (11.198)	Loss 1.7383 (1.4016)	Acc@1 77.344 (81.021)	Acc@5 96.094 (95.367)	Mem 14391MB
Test: [210/391]	Time 11.665 (11.251)	Loss 1.4307 (1.4151)	Acc@1 78.906 (80.684)	Acc@5 94.531 (95.209)	Mem 14391MB
Test: [220/391]	Time 13.961 (11.280)	Loss 1.1309 (1.4207)	Acc@1 85.156 (80.603)	Acc@5 94.531 (95.107)	Mem 14391MB
Test: [230/391]	Time 8.720 (11.303)	Loss 1.9512 (1.4289)	Acc@1 71.875 (80.496)	Acc@5 89.844 (95.032)	Mem 14391MB
Test: [240/391]	Time 11.915 (11.275)	Loss 1.4883 (1.4323)	Acc@1 85.938 (80.540)	Acc@5 92.969 (94.959)	Mem 14391MB
Test: [250/391]	Time 11.217 (11.254)	Loss 1.2393 (1.4503)	Acc@1 83.594 (80.011)	Acc@5 96.875 (94.768)	Mem 14391MB
Test: [260/391]	Time 11.130 (11.264)	Loss 1.7539 (1.4629)	Acc@1 67.188 (79.696)	Acc@5 92.188 (94.663)	Mem 14391MB
Test: [270/391]	Time 13.734 (11.267)	Loss 2.0293 (1.4727)	Acc@1 60.938 (79.494)	Acc@5 88.281 (94.551)	Mem 14391MB
Test: [280/391]	Time 12.697 (11.252)	Loss 1.7236 (1.4767)	Acc@1 70.312 (79.448)	Acc@5 94.531 (94.540)	Mem 14391MB
Test: [290/391]	Time 8.957 (11.250)	Loss 1.8486 (1.4848)	Acc@1 60.156 (79.212)	Acc@5 92.188 (94.448)	Mem 14391MB
Test: [300/391]	Time 11.301 (11.214)	Loss 1.3584 (1.4908)	Acc@1 80.469 (79.109)	Acc@5 92.969 (94.378)	Mem 14391MB
Test: [310/391]	Time 8.039 (11.194)	Loss 1.6631 (1.4981)	Acc@1 79.688 (78.969)	Acc@5 92.969 (94.298)	Mem 14391MB
Test: [320/391]	Time 9.531 (11.192)	Loss 1.2617 (1.5041)	Acc@1 82.812 (78.819)	Acc@5 96.875 (94.220)	Mem 14391MB
Test: [330/391]	Time 10.720 (11.171)	Loss 2.2031 (1.5179)	Acc@1 62.500 (78.566)	Acc@5 90.625 (94.137)	Mem 14391MB
Test: [340/391]	Time 12.269 (11.174)	Loss 1.6445 (1.5226)	Acc@1 81.250 (78.524)	Acc@5 96.094 (94.112)	Mem 14391MB
Test: [350/391]	Time 10.930 (11.176)	Loss 1.6562 (1.5246)	Acc@1 79.688 (78.512)	Acc@5 93.750 (94.079)	Mem 14391MB
Test: [360/391]	Time 12.425 (11.182)	Loss 1.4834 (1.5288)	Acc@1 72.656 (78.367)	Acc@5 92.188 (94.016)	Mem 14391MB
Test: [370/391]	Time 9.696 (11.185)	Loss 1.4209 (1.5181)	Acc@1 65.625 (78.443)	Acc@5 94.531 (94.079)	Mem 14391MB
Test: [380/391]	Time 9.437 (11.173)	Loss 1.2939 (1.5147)	Acc@1 76.562 (78.449)	Acc@5 96.875 (94.076)	Mem 14391MB
Test: [390/391]	Time 4.654 (11.169)	Loss 2.3184 (1.5083)	Acc@1 49.398 (78.491)	Acc@5 86.747 (94.102)	Mem 14391MB
 * Acc@1 78.491 Acc@5 94.102
01/17 13:39:48 - mmengine - INFO - Because batch augmentations are enabled, the data preprocessor automatically enables the `to_onehot` option to generate one-hot format labels.
01/17 13:39:49 - mmengine - INFO - Loads checkpoint by http backend from path: https://download.openmmlab.com/mmclassification/v0/swin-transformer/swin_small_224_b16x64_300e_imagenet_20210615_110219-7f9d988b.pth
starting loop: img_size 768; len(dataset) 50003
Test: [0/521]	Time 11.283 (11.283)	Loss 1.1738 (1.1738)	Acc@1 93.750 (93.750)	Acc@5 96.875 (96.875)	Mem 15905MB
Test: [10/521]	Time 10.431 (11.646)	Loss 1.2344 (1.3287)	Acc@1 91.667 (88.542)	Acc@5 94.792 (97.917)	Mem 15905MB
Test: [20/521]	Time 11.969 (11.130)	Loss 1.5342 (1.4183)	Acc@1 83.333 (85.169)	Acc@5 96.875 (96.776)	Mem 15905MB
Test: [30/521]	Time 11.331 (11.294)	Loss 1.8594 (1.5031)	Acc@1 76.042 (82.762)	Acc@5 91.667 (96.136)	Mem 15905MB
Test: [40/521]	Time 13.056 (11.251)	Loss 1.8369 (1.5400)	Acc@1 59.375 (80.666)	Acc@5 87.500 (95.630)	Mem 15905MB
Test: [50/521]	Time 10.057 (10.929)	Loss 1.3770 (1.4919)	Acc@1 85.417 (82.251)	Acc@5 96.875 (95.813)	Mem 15905MB
Test: [60/521]	Time 6.541 (10.650)	Loss 0.9219 (1.4548)	Acc@1 92.708 (82.787)	Acc@5 97.917 (95.731)	Mem 15905MB
Test: [70/521]	Time 10.252 (10.860)	Loss 1.3330 (1.4609)	Acc@1 85.417 (82.849)	Acc@5 94.792 (95.423)	Mem 15905MB
Test: [80/521]	Time 10.861 (10.853)	Loss 1.8525 (1.4424)	Acc@1 80.208 (83.475)	Acc@5 96.875 (95.628)	Mem 15905MB
Test: [90/521]	Time 10.175 (10.807)	Loss 1.8340 (1.4874)	Acc@1 77.083 (82.807)	Acc@5 96.875 (95.536)	Mem 15905MB
Test: [100/521]	Time 10.739 (10.830)	Loss 2.3027 (1.5292)	Acc@1 63.542 (82.137)	Acc@5 89.583 (95.328)	Mem 15905MB
Test: [110/521]	Time 12.844 (10.816)	Loss 2.0000 (1.5615)	Acc@1 79.167 (81.813)	Acc@5 94.792 (95.336)	Mem 15905MB
Test: [120/521]	Time 11.284 (10.827)	Loss 1.8232 (1.5816)	Acc@1 64.583 (81.689)	Acc@5 95.833 (95.257)	Mem 15905MB
Test: [130/521]	Time 5.370 (10.795)	Loss 1.7432 (1.6056)	Acc@1 77.083 (81.131)	Acc@5 95.833 (95.269)	Mem 15905MB
Test: [140/521]	Time 6.029 (10.676)	Loss 1.4326 (1.6052)	Acc@1 89.583 (81.353)	Acc@5 96.875 (95.405)	Mem 15905MB
Test: [150/521]	Time 10.409 (10.683)	Loss 1.0947 (1.6085)	Acc@1 88.542 (81.029)	Acc@5 100.000 (95.337)	Mem 15905MB
Test: [160/521]	Time 11.137 (10.713)	Loss 1.4648 (1.5968)	Acc@1 87.500 (81.218)	Acc@5 96.875 (95.413)	Mem 15905MB
Test: [170/521]	Time 10.704 (10.717)	Loss 1.2383 (1.5907)	Acc@1 83.333 (81.305)	Acc@5 92.708 (95.407)	Mem 15905MB
Test: [180/521]	Time 10.171 (10.726)	Loss 1.5488 (1.5762)	Acc@1 78.125 (81.440)	Acc@5 96.875 (95.430)	Mem 15905MB
Test: [190/521]	Time 10.959 (10.709)	Loss 1.4600 (1.5719)	Acc@1 85.417 (81.321)	Acc@5 90.625 (95.468)	Mem 15905MB
Test: [200/521]	Time 13.543 (10.775)	Loss 1.2363 (1.5732)	Acc@1 75.000 (80.898)	Acc@5 97.917 (95.377)	Mem 15905MB
Test: [210/521]	Time 11.127 (10.811)	Loss 1.2764 (1.5698)	Acc@1 93.750 (80.904)	Acc@5 98.958 (95.330)	Mem 15905MB
Test: [220/521]	Time 9.265 (10.811)	Loss 1.7510 (1.5877)	Acc@1 73.958 (80.505)	Acc@5 91.667 (95.145)	Mem 15905MB
Test: [230/521]	Time 11.635 (10.811)	Loss 2.0234 (1.6038)	Acc@1 67.708 (80.105)	Acc@5 92.708 (94.927)	Mem 15905MB
Test: [240/521]	Time 12.913 (10.798)	Loss 2.2012 (1.6233)	Acc@1 56.250 (79.577)	Acc@5 84.375 (94.710)	Mem 15905MB
Test: [250/521]	Time 12.694 (10.788)	Loss 1.8154 (1.6386)	Acc@1 80.208 (79.241)	Acc@5 92.708 (94.435)	Mem 15905MB
Test: [260/521]	Time 9.706 (10.752)	Loss 1.8730 (1.6539)	Acc@1 71.875 (78.776)	Acc@5 90.625 (94.253)	Mem 15905MB
Test: [270/521]	Time 12.200 (10.720)	Loss 1.7471 (1.6740)	Acc@1 77.083 (78.333)	Acc@5 90.625 (94.069)	Mem 15905MB
Test: [280/521]	Time 10.384 (10.707)	Loss 1.5518 (1.6827)	Acc@1 78.125 (78.029)	Acc@5 94.792 (93.991)	Mem 15905MB
Test: [290/521]	Time 12.009 (10.713)	Loss 2.8809 (1.6928)	Acc@1 56.250 (77.821)	Acc@5 80.208 (93.850)	Mem 15905MB
Test: [300/521]	Time 7.109 (10.662)	Loss 1.1729 (1.6920)	Acc@1 90.625 (77.865)	Acc@5 96.875 (93.823)	Mem 15905MB
Test: [310/521]	Time 10.802 (10.624)	Loss 2.4590 (1.7047)	Acc@1 53.125 (77.589)	Acc@5 84.375 (93.696)	Mem 15905MB
Test: [320/521]	Time 12.435 (10.650)	Loss 1.6689 (1.7064)	Acc@1 84.375 (77.654)	Acc@5 90.625 (93.636)	Mem 15905MB
Test: [330/521]	Time 10.499 (10.628)	Loss 2.4902 (1.7237)	Acc@1 60.417 (77.260)	Acc@5 81.250 (93.423)	Mem 15905MB
Test: [340/521]	Time 11.028 (10.624)	Loss 2.1719 (1.7321)	Acc@1 72.917 (77.068)	Acc@5 92.708 (93.365)	Mem 15905MB
Test: [350/521]	Time 9.131 (10.615)	Loss 2.2129 (1.7390)	Acc@1 69.792 (76.858)	Acc@5 91.667 (93.323)	Mem 15905MB
Test: [360/521]	Time 11.408 (10.580)	Loss 2.4414 (1.7485)	Acc@1 57.292 (76.662)	Acc@5 83.333 (93.193)	Mem 15905MB
Test: [370/521]	Time 10.890 (10.573)	Loss 2.4395 (1.7546)	Acc@1 67.708 (76.626)	Acc@5 93.750 (93.132)	Mem 15905MB
Test: [380/521]	Time 11.701 (10.583)	Loss 2.5000 (1.7554)	Acc@1 62.500 (76.594)	Acc@5 81.250 (93.086)	Mem 15905MB
Test: [390/521]	Time 11.831 (10.592)	Loss 2.3730 (1.7632)	Acc@1 63.542 (76.393)	Acc@5 89.583 (92.956)	Mem 15905MB
Test: [400/521]	Time 8.577 (10.568)	Loss 1.5459 (1.7684)	Acc@1 79.167 (76.294)	Acc@5 94.792 (92.893)	Mem 15905MB
Test: [410/521]	Time 10.617 (10.588)	Loss 1.8828 (1.7751)	Acc@1 78.125 (76.158)	Acc@5 90.625 (92.835)	Mem 15905MB
Test: [420/521]	Time 10.263 (10.553)	Loss 2.1797 (1.7801)	Acc@1 75.000 (76.121)	Acc@5 86.458 (92.780)	Mem 15905MB
Test: [430/521]	Time 10.815 (10.543)	Loss 2.3594 (1.7846)	Acc@1 62.500 (75.984)	Acc@5 92.708 (92.749)	Mem 15905MB
Test: [440/521]	Time 10.443 (10.525)	Loss 2.7559 (1.7966)	Acc@1 58.333 (75.751)	Acc@5 84.375 (92.652)	Mem 15905MB
Test: [450/521]	Time 8.770 (10.538)	Loss 1.9795 (1.8001)	Acc@1 76.042 (75.711)	Acc@5 93.750 (92.618)	Mem 15905MB
Test: [460/521]	Time 9.317 (10.521)	Loss 2.7148 (1.8040)	Acc@1 47.917 (75.696)	Acc@5 72.917 (92.575)	Mem 15905MB
Test: [470/521]	Time 11.324 (10.511)	Loss 1.7148 (1.8067)	Acc@1 79.167 (75.646)	Acc@5 92.708 (92.531)	Mem 15905MB
Test: [480/521]	Time 7.093 (10.500)	Loss 1.5488 (1.8080)	Acc@1 79.167 (75.598)	Acc@5 93.750 (92.522)	Mem 15905MB
Test: [490/521]	Time 7.767 (10.496)	Loss 1.1396 (1.7986)	Acc@1 88.542 (75.681)	Acc@5 98.958 (92.594)	Mem 15905MB
Test: [500/521]	Time 9.437 (10.485)	Loss 2.1934 (1.7884)	Acc@1 61.458 (75.780)	Acc@5 84.375 (92.661)	Mem 15905MB
Test: [510/521]	Time 11.192 (10.473)	Loss 2.0684 (1.7933)	Acc@1 72.917 (75.652)	Acc@5 93.750 (92.621)	Mem 15905MB
Test: [520/521]	Time 8.784 (10.474)	Loss 2.5938 (1.7818)	Acc@1 46.988 (75.785)	Acc@5 84.337 (92.668)	Mem 15905MB
 * Acc@1 75.785 Acc@5 92.668
01/17 15:10:47 - mmengine - INFO - Because batch augmentations are enabled, the data preprocessor automatically enables the `to_onehot` option to generate one-hot format labels.
01/17 15:10:49 - mmengine - INFO - Loads checkpoint by http backend from path: https://download.openmmlab.com/mmclassification/v0/swin-transformer/swin_small_224_b16x64_300e_imagenet_20210615_110219-7f9d988b.pth
starting loop: img_size 1024; len(dataset) 50003
Test: [0/695]	Time 7.169 (7.169)	Loss 1.5010 (1.5010)	Acc@1 93.056 (93.056)	Acc@5 97.222 (97.222)	Mem 20661MB
Test: [10/695]	Time 9.787 (10.077)	Loss 2.0312 (2.0029)	Acc@1 86.111 (75.379)	Acc@5 97.222 (94.444)	Mem 20661MB
Test: [20/695]	Time 11.792 (10.768)	Loss 1.7041 (1.9786)	Acc@1 88.889 (76.984)	Acc@5 94.444 (94.577)	Mem 20661MB
Test: [30/695]	Time 13.387 (10.945)	Loss 1.9482 (2.0765)	Acc@1 79.167 (73.701)	Acc@5 93.056 (92.966)	Mem 20661MB
Test: [40/695]	Time 5.580 (10.953)	Loss 2.8340 (2.2000)	Acc@1 55.556 (70.562)	Acc@5 75.000 (90.752)	Mem 20661MB
Test: [50/695]	Time 15.395 (11.122)	Loss 1.5410 (2.1940)	Acc@1 63.889 (69.608)	Acc@5 95.833 (90.632)	Mem 20661MB
Test: [60/695]	Time 10.536 (11.295)	Loss 1.7305 (2.1787)	Acc@1 86.111 (69.513)	Acc@5 95.833 (90.597)	Mem 20661MB
Test: [70/695]	Time 11.245 (11.245)	Loss 1.7871 (2.1200)	Acc@1 79.167 (71.459)	Acc@5 95.833 (91.158)	Mem 20661MB
Test: [80/695]	Time 10.499 (11.348)	Loss 1.2920 (2.0850)	Acc@1 84.722 (71.931)	Acc@5 97.222 (91.118)	Mem 20661MB
Test: [90/695]	Time 10.340 (11.464)	Loss 1.4102 (2.0930)	Acc@1 91.667 (71.841)	Acc@5 97.222 (90.888)	Mem 20661MB
Test: [100/695]	Time 9.846 (11.471)	Loss 1.8271 (2.0838)	Acc@1 84.722 (72.511)	Acc@5 95.833 (91.075)	Mem 20661MB
Test: [110/695]	Time 11.293 (11.472)	Loss 2.6719 (2.0860)	Acc@1 56.944 (72.410)	Acc@5 91.667 (91.304)	Mem 20661MB
Test: [120/695]	Time 12.064 (11.495)	Loss 2.8438 (2.1230)	Acc@1 52.778 (71.832)	Acc@5 88.889 (91.288)	Mem 20661MB
Test: [130/695]	Time 9.481 (11.439)	Loss 2.8359 (2.1603)	Acc@1 66.667 (71.533)	Acc@5 88.889 (91.084)	Mem 20661MB
Test: [140/695]	Time 11.043 (11.472)	Loss 3.0508 (2.2063)	Acc@1 50.000 (70.686)	Acc@5 77.778 (90.652)	Mem 20661MB
Test: [150/695]	Time 11.389 (11.478)	Loss 1.9375 (2.2345)	Acc@1 91.667 (70.539)	Acc@5 97.222 (90.646)	Mem 20661MB
Test: [160/695]	Time 10.841 (11.499)	Loss 2.7930 (2.2616)	Acc@1 59.722 (70.247)	Acc@5 84.722 (90.390)	Mem 20661MB
Test: [170/695]	Time 5.231 (11.460)	Loss 2.7207 (2.2970)	Acc@1 65.278 (69.388)	Acc@5 93.056 (90.188)	Mem 20661MB
Test: [180/695]	Time 13.730 (11.458)	Loss 2.2910 (2.3084)	Acc@1 77.778 (69.222)	Acc@5 91.667 (90.178)	Mem 20661MB
Test: [190/695]	Time 11.766 (11.508)	Loss 2.0410 (2.3196)	Acc@1 80.556 (69.059)	Acc@5 94.444 (90.169)	Mem 20661MB
Test: [200/695]	Time 12.961 (11.526)	Loss 1.5723 (2.3154)	Acc@1 81.944 (69.078)	Acc@5 100.000 (90.285)	Mem 20661MB
Test: [210/695]	Time 14.359 (11.522)	Loss 2.1387 (2.2971)	Acc@1 62.500 (69.444)	Acc@5 95.833 (90.495)	Mem 20661MB
Test: [220/695]	Time 8.839 (11.523)	Loss 2.0625 (2.3087)	Acc@1 80.556 (69.356)	Acc@5 93.056 (90.397)	Mem 20661MB
Test: [230/695]	Time 12.129 (11.546)	Loss 1.7412 (2.2855)	Acc@1 86.111 (69.835)	Acc@5 100.000 (90.530)	Mem 20661MB
Test: [240/695]	Time 12.993 (11.498)	Loss 2.9492 (2.2721)	Acc@1 38.889 (69.859)	Acc@5 77.778 (90.572)	Mem 20661MB
Test: [250/695]	Time 10.868 (11.492)	Loss 2.6758 (2.2648)	Acc@1 59.722 (69.810)	Acc@5 88.889 (90.715)	Mem 20661MB
Test: [260/695]	Time 10.828 (11.438)	Loss 2.1738 (2.2587)	Acc@1 65.278 (69.886)	Acc@5 88.889 (90.672)	Mem 20661MB
Test: [270/695]	Time 12.025 (11.477)	Loss 1.7920 (2.2475)	Acc@1 87.500 (69.947)	Acc@5 91.667 (90.652)	Mem 20661MB
Test: [280/695]	Time 12.666 (11.517)	Loss 1.8711 (2.2450)	Acc@1 73.611 (69.939)	Acc@5 98.611 (90.624)	Mem 20661MB
Test: [290/695]	Time 13.317 (11.521)	Loss 1.9082 (2.2615)	Acc@1 87.500 (69.530)	Acc@5 98.611 (90.316)	Mem 20661MB
Test: [300/695]	Time 13.187 (11.542)	Loss 3.1113 (2.2742)	Acc@1 50.000 (69.329)	Acc@5 87.500 (90.199)	Mem 20661MB
Test: [310/695]	Time 12.923 (11.553)	Loss 3.1523 (2.2988)	Acc@1 48.611 (68.783)	Acc@5 84.722 (89.800)	Mem 20661MB
Test: [320/695]	Time 13.152 (11.594)	Loss 2.6797 (2.3146)	Acc@1 50.000 (68.350)	Acc@5 80.556 (89.495)	Mem 20661MB
Test: [330/695]	Time 11.431 (11.605)	Loss 1.5615 (2.3294)	Acc@1 86.111 (68.102)	Acc@5 94.444 (89.292)	Mem 20661MB
Test: [340/695]	Time 13.216 (11.588)	Loss 2.2168 (2.3422)	Acc@1 70.833 (67.726)	Acc@5 86.111 (89.072)	Mem 20661MB
Test: [350/695]	Time 11.537 (11.602)	Loss 3.8047 (2.3611)	Acc@1 34.722 (67.312)	Acc@5 68.056 (88.798)	Mem 20661MB
Test: [360/695]	Time 13.583 (11.604)	Loss 2.6914 (2.3761)	Acc@1 66.667 (66.974)	Acc@5 81.944 (88.566)	Mem 20661MB
Test: [370/695]	Time 11.161 (11.633)	Loss 1.5771 (2.3873)	Acc@1 72.222 (66.652)	Acc@5 91.667 (88.372)	Mem 20661MB
Test: [380/695]	Time 11.435 (11.632)	Loss 2.1230 (2.3911)	Acc@1 44.444 (66.506)	Acc@5 90.278 (88.266)	Mem 20661MB
Test: [390/695]	Time 11.015 (11.630)	Loss 2.7910 (2.3992)	Acc@1 63.889 (66.443)	Acc@5 84.722 (88.139)	Mem 20661MB
Test: [400/695]	Time 9.482 (11.624)	Loss 1.6396 (2.4025)	Acc@1 80.556 (66.414)	Acc@5 94.444 (88.075)	Mem 20661MB
Test: [410/695]	Time 12.688 (11.626)	Loss 2.3242 (2.4131)	Acc@1 72.222 (66.167)	Acc@5 84.722 (87.929)	Mem 20661MB
Test: [420/695]	Time 10.104 (11.633)	Loss 2.5059 (2.4196)	Acc@1 70.833 (66.027)	Acc@5 90.278 (87.883)	Mem 20661MB
Test: [430/695]	Time 13.071 (11.644)	Loss 3.6094 (2.4248)	Acc@1 22.222 (65.977)	Acc@5 72.222 (87.761)	Mem 20661MB
Test: [440/695]	Time 12.255 (11.675)	Loss 3.1914 (2.4348)	Acc@1 52.778 (65.807)	Acc@5 75.000 (87.620)	Mem 20661MB
Test: [450/695]	Time 6.797 (11.657)	Loss 2.9258 (2.4399)	Acc@1 55.556 (65.706)	Acc@5 81.944 (87.518)	Mem 20661MB
Test: [460/695]	Time 11.805 (11.659)	Loss 2.3281 (2.4491)	Acc@1 68.056 (65.440)	Acc@5 93.056 (87.413)	Mem 20661MB
Test: [470/695]	Time 8.160 (11.642)	Loss 3.0312 (2.4566)	Acc@1 63.889 (65.349)	Acc@5 81.944 (87.353)	Mem 20661MB
Test: [480/695]	Time 12.425 (11.653)	Loss 3.0703 (2.4593)	Acc@1 58.333 (65.312)	Acc@5 77.778 (87.307)	Mem 20661MB
Test: [490/695]	Time 10.773 (11.623)	Loss 2.5137 (2.4640)	Acc@1 68.056 (65.244)	Acc@5 84.722 (87.189)	Mem 20661MB
Test: [500/695]	Time 14.173 (11.631)	Loss 2.4941 (2.4649)	Acc@1 69.444 (65.303)	Acc@5 88.889 (87.187)	Mem 20661MB
Test: [510/695]	Time 12.278 (11.648)	Loss 2.8750 (2.4697)	Acc@1 52.778 (65.207)	Acc@5 75.000 (87.062)	Mem 20661MB
Test: [520/695]	Time 12.599 (11.644)	Loss 2.8672 (2.4719)	Acc@1 59.722 (65.219)	Acc@5 86.111 (86.999)	Mem 20661MB
Test: [530/695]	Time 13.588 (11.636)	Loss 3.2344 (2.4792)	Acc@1 51.389 (65.011)	Acc@5 72.222 (86.877)	Mem 20661MB
Test: [540/695]	Time 6.185 (11.623)	Loss 3.5625 (2.4884)	Acc@1 43.056 (64.875)	Acc@5 68.056 (86.732)	Mem 20661MB
Test: [550/695]	Time 13.483 (11.617)	Loss 3.6973 (2.4923)	Acc@1 45.833 (64.779)	Acc@5 63.889 (86.681)	Mem 20661MB
Test: [560/695]	Time 13.823 (11.615)	Loss 2.7695 (2.4948)	Acc@1 65.278 (64.788)	Acc@5 81.944 (86.614)	Mem 20661MB
Test: [570/695]	Time 11.582 (11.617)	Loss 2.0273 (2.4958)	Acc@1 79.167 (64.709)	Acc@5 95.833 (86.593)	Mem 20661MB
Test: [580/695]	Time 12.834 (11.598)	Loss 3.2441 (2.5018)	Acc@1 58.333 (64.553)	Acc@5 81.944 (86.553)	Mem 20661MB
Test: [590/695]	Time 10.815 (11.620)	Loss 3.4961 (2.5122)	Acc@1 44.444 (64.317)	Acc@5 77.778 (86.459)	Mem 20661MB
Test: [600/695]	Time 12.256 (11.593)	Loss 3.0586 (2.5139)	Acc@1 48.611 (64.370)	Acc@5 84.722 (86.446)	Mem 20661MB
Test: [610/695]	Time 10.380 (11.594)	Loss 2.4531 (2.5180)	Acc@1 69.444 (64.273)	Acc@5 80.556 (86.416)	Mem 20661MB
Test: [620/695]	Time 11.235 (11.582)	Loss 2.6777 (2.5234)	Acc@1 56.944 (64.182)	Acc@5 80.556 (86.303)	Mem 20661MB
Test: [630/695]	Time 11.497 (11.572)	Loss 3.3906 (2.5269)	Acc@1 34.722 (64.087)	Acc@5 77.778 (86.250)	Mem 20661MB
Test: [640/695]	Time 11.881 (11.567)	Loss 2.3203 (2.5262)	Acc@1 59.722 (64.047)	Acc@5 86.111 (86.250)	Mem 20661MB
Test: [650/695]	Time 11.362 (11.543)	Loss 1.1875 (2.5184)	Acc@1 84.722 (64.158)	Acc@5 94.444 (86.307)	Mem 20661MB
Test: [660/695]	Time 11.917 (11.546)	Loss 1.8027 (2.5044)	Acc@1 72.222 (64.345)	Acc@5 97.222 (86.452)	Mem 20661MB
Test: [670/695]	Time 11.394 (11.538)	Loss 2.3496 (2.4961)	Acc@1 69.444 (64.528)	Acc@5 90.278 (86.500)	Mem 20661MB
Test: [680/695]	Time 12.312 (11.523)	Loss 2.7012 (2.5011)	Acc@1 54.167 (64.387)	Acc@5 84.722 (86.450)	Mem 20661MB
Test: [690/695]	Time 13.000 (11.524)	Loss 1.4414 (2.4886)	Acc@1 91.667 (64.590)	Acc@5 95.833 (86.521)	Mem 20661MB
 * Acc@1 64.604 Acc@5 86.515
01/17 17:24:19 - mmengine - INFO - Because batch augmentations are enabled, the data preprocessor automatically enables the `to_onehot` option to generate one-hot format labels.
01/17 17:24:19 - mmengine - INFO - Loads checkpoint by http backend from path: https://download.openmmlab.com/mmclassification/v0/swin-transformer/swin_small_224_b16x64_300e_imagenet_20210615_110219-7f9d988b.pth
starting loop: img_size 1120; len(dataset) 50003
Test: [0/834]	Time 12.385 (12.385)	Loss 1.4727 (1.4727)	Acc@1 95.000 (95.000)	Acc@5 96.667 (96.667)	Mem 20661MB
Test: [10/834]	Time 11.051 (11.296)	Loss 2.4473 (2.2593)	Acc@1 71.667 (67.273)	Acc@5 95.000 (89.848)	Mem 20661MB
Test: [20/834]	Time 6.068 (9.971)	Loss 1.7520 (2.2875)	Acc@1 86.667 (68.254)	Acc@5 93.333 (91.270)	Mem 20661MB
Test: [30/834]	Time 10.858 (10.940)	Loss 2.4707 (2.3096)	Acc@1 60.000 (67.312)	Acc@5 96.667 (90.538)	Mem 20661MB
Test: [40/834]	Time 10.565 (10.749)	Loss 2.4863 (2.3564)	Acc@1 73.333 (66.301)	Acc@5 86.667 (89.756)	Mem 20661MB
Test: [50/834]	Time 9.714 (10.717)	Loss 3.2031 (2.4548)	Acc@1 35.000 (63.725)	Acc@5 78.333 (87.843)	Mem 20661MB
Test: [60/834]	Time 11.904 (10.773)	Loss 1.6182 (2.4181)	Acc@1 46.667 (63.279)	Acc@5 95.000 (88.060)	Mem 20661MB
Test: [70/834]	Time 11.649 (10.811)	Loss 2.1992 (2.4014)	Acc@1 75.000 (63.052)	Acc@5 86.667 (87.817)	Mem 20661MB
Test: [80/834]	Time 9.489 (10.669)	Loss 2.4082 (2.3503)	Acc@1 73.333 (65.267)	Acc@5 88.333 (88.539)	Mem 20661MB
Test: [90/834]	Time 13.008 (10.772)	Loss 2.1895 (2.3271)	Acc@1 50.000 (65.714)	Acc@5 86.667 (88.370)	Mem 20661MB
Test: [100/834]	Time 14.325 (10.727)	Loss 2.2227 (2.2939)	Acc@1 65.000 (66.452)	Acc@5 80.000 (88.399)	Mem 20661MB
Test: [110/834]	Time 9.506 (10.731)	Loss 2.5566 (2.3078)	Acc@1 66.667 (66.396)	Acc@5 90.000 (88.243)	Mem 20661MB
Test: [120/834]	Time 11.730 (10.677)	Loss 2.1660 (2.3036)	Acc@1 76.667 (66.777)	Acc@5 96.667 (88.388)	Mem 20661MB
Test: [130/834]	Time 9.511 (10.663)	Loss 2.4707 (2.2954)	Acc@1 76.667 (66.908)	Acc@5 91.667 (88.550)	Mem 20661MB
Test: [140/834]	Time 10.172 (10.667)	Loss 1.8799 (2.3215)	Acc@1 90.000 (66.596)	Acc@5 98.333 (88.641)	Mem 20661MB
Test: [150/834]	Time 12.080 (10.712)	Loss 3.0312 (2.3462)	Acc@1 50.000 (66.490)	Acc@5 83.333 (88.477)	Mem 20661MB
Test: [160/834]	Time 8.557 (10.612)	Loss 3.4453 (2.3918)	Acc@1 43.333 (65.787)	Acc@5 70.000 (88.085)	Mem 20661MB
Test: [170/834]	Time 9.650 (10.548)	Loss 3.2324 (2.4301)	Acc@1 40.000 (64.951)	Acc@5 76.667 (87.719)	Mem 20661MB
Test: [180/834]	Time 12.059 (10.553)	Loss 1.9434 (2.4533)	Acc@1 93.333 (64.862)	Acc@5 96.667 (87.643)	Mem 20661MB
Test: [190/834]	Time 9.831 (10.531)	Loss 2.1914 (2.4749)	Acc@1 75.000 (64.651)	Acc@5 88.333 (87.487)	Mem 20661MB
Test: [200/834]	Time 9.040 (10.520)	Loss 3.4570 (2.5124)	Acc@1 30.000 (63.690)	Acc@5 85.000 (87.123)	Mem 20661MB
Test: [210/834]	Time 9.163 (10.515)	Loss 2.0469 (2.5278)	Acc@1 86.667 (63.373)	Acc@5 95.000 (86.951)	Mem 20661MB
Test: [220/834]	Time 11.656 (10.491)	Loss 3.3086 (2.5389)	Acc@1 48.333 (63.303)	Acc@5 78.333 (86.946)	Mem 20661MB
Test: [230/834]	Time 9.329 (10.518)	Loss 2.7227 (2.5434)	Acc@1 61.667 (63.232)	Acc@5 86.667 (86.970)	Mem 20661MB
Test: [240/834]	Time 11.233 (10.548)	Loss 1.5801 (2.5387)	Acc@1 80.000 (63.278)	Acc@5 100.000 (87.116)	Mem 20661MB
Test: [250/834]	Time 9.800 (10.545)	Loss 1.7832 (2.5203)	Acc@1 76.667 (63.758)	Acc@5 95.000 (87.364)	Mem 20661MB
Test: [260/834]	Time 12.196 (10.549)	Loss 3.1816 (2.5251)	Acc@1 46.667 (63.627)	Acc@5 83.333 (87.375)	Mem 20661MB
Test: [270/834]	Time 9.885 (10.544)	Loss 1.2246 (2.5147)	Acc@1 93.333 (63.985)	Acc@5 100.000 (87.497)	Mem 20661MB
Test: [280/834]	Time 10.269 (10.533)	Loss 2.6504 (2.4949)	Acc@1 46.667 (64.377)	Acc@5 88.333 (87.586)	Mem 20661MB
Test: [290/834]	Time 10.595 (10.531)	Loss 3.4160 (2.4940)	Acc@1 30.000 (64.141)	Acc@5 75.000 (87.486)	Mem 20661MB
Test: [300/834]	Time 12.498 (10.550)	Loss 3.0488 (2.4823)	Acc@1 41.667 (64.236)	Acc@5 85.000 (87.708)	Mem 20661MB
Test: [310/834]	Time 11.776 (10.546)	Loss 2.4805 (2.4728)	Acc@1 61.667 (64.512)	Acc@5 88.333 (87.755)	Mem 20661MB
Test: [320/834]	Time 11.541 (10.571)	Loss 1.4258 (2.4643)	Acc@1 76.667 (64.465)	Acc@5 96.667 (87.747)	Mem 20661MB
Test: [330/834]	Time 10.721 (10.495)	Loss 1.6035 (2.4542)	Acc@1 73.333 (64.597)	Acc@5 90.000 (87.774)	Mem 20661MB
Test: [340/834]	Time 11.617 (10.467)	Loss 2.8750 (2.4578)	Acc@1 55.000 (64.511)	Acc@5 85.000 (87.747)	Mem 20661MB
Test: [350/834]	Time 9.191 (10.455)	Loss 3.7051 (2.4787)	Acc@1 55.000 (64.145)	Acc@5 76.667 (87.393)	Mem 20661MB
Test: [360/834]	Time 9.941 (10.451)	Loss 3.2129 (2.4877)	Acc@1 46.667 (64.012)	Acc@5 88.333 (87.253)	Mem 20661MB
Test: [370/834]	Time 11.453 (10.453)	Loss 3.0957 (2.5087)	Acc@1 63.333 (63.630)	Acc@5 76.667 (86.842)	Mem 20661MB
Test: [380/834]	Time 13.596 (10.473)	Loss 3.2793 (2.5261)	Acc@1 56.667 (63.198)	Acc@5 78.333 (86.509)	Mem 20661MB
Test: [390/834]	Time 11.440 (10.488)	Loss 2.9727 (2.5422)	Acc@1 53.333 (62.843)	Acc@5 81.667 (86.219)	Mem 20661MB
Test: [400/834]	Time 7.942 (10.485)	Loss 3.0605 (2.5557)	Acc@1 66.667 (62.648)	Acc@5 81.667 (86.018)	Mem 20661MB
Test: [410/834]	Time 10.648 (10.501)	Loss 3.6738 (2.5643)	Acc@1 40.000 (62.401)	Acc@5 65.000 (85.892)	Mem 20661MB
Test: [420/834]	Time 10.305 (10.484)	Loss 4.0586 (2.5813)	Acc@1 31.667 (62.031)	Acc@5 66.667 (85.645)	Mem 20661MB
Test: [430/834]	Time 11.864 (10.483)	Loss 3.5273 (2.5968)	Acc@1 43.333 (61.671)	Acc@5 71.667 (85.348)	Mem 20661MB
Test: [440/834]	Time 11.686 (10.485)	Loss 2.9004 (2.6072)	Acc@1 66.667 (61.379)	Acc@5 78.333 (85.193)	Mem 20661MB
Test: [450/834]	Time 9.370 (10.469)	Loss 1.9277 (2.6076)	Acc@1 76.667 (61.408)	Acc@5 88.333 (85.133)	Mem 20661MB
Test: [460/834]	Time 8.575 (10.455)	Loss 3.1855 (2.6182)	Acc@1 58.333 (61.146)	Acc@5 78.333 (84.967)	Mem 20661MB
Test: [470/834]	Time 13.417 (10.473)	Loss 2.9336 (2.6248)	Acc@1 48.333 (61.019)	Acc@5 78.333 (84.858)	Mem 20661MB
Test: [480/834]	Time 11.081 (10.486)	Loss 1.8271 (2.6281)	Acc@1 76.667 (61.046)	Acc@5 91.667 (84.782)	Mem 20661MB
Test: [490/834]	Time 10.291 (10.496)	Loss 2.3750 (2.6379)	Acc@1 76.667 (60.791)	Acc@5 88.333 (84.630)	Mem 20661MB
Test: [500/834]	Time 9.674 (10.502)	Loss 3.9531 (2.6436)	Acc@1 31.667 (60.692)	Acc@5 63.333 (84.568)	Mem 20661MB
Test: [510/834]	Time 11.356 (10.480)	Loss 2.0488 (2.6435)	Acc@1 83.333 (60.786)	Acc@5 91.667 (84.543)	Mem 20661MB
Test: [520/834]	Time 10.297 (10.456)	Loss 3.2656 (2.6578)	Acc@1 45.000 (60.477)	Acc@5 71.667 (84.309)	Mem 20661MB
Test: [530/834]	Time 9.150 (10.476)	Loss 2.8613 (2.6610)	Acc@1 58.333 (60.468)	Acc@5 83.333 (84.281)	Mem 20661MB
Test: [540/834]	Time 10.596 (10.468)	Loss 3.1543 (2.6653)	Acc@1 46.667 (60.410)	Acc@5 80.000 (84.193)	Mem 20661MB
Test: [550/834]	Time 6.146 (10.455)	Loss 2.4297 (2.6764)	Acc@1 75.000 (60.103)	Acc@5 93.333 (84.041)	Mem 20661MB
Test: [560/834]	Time 9.453 (10.420)	Loss 2.3848 (2.6803)	Acc@1 76.667 (60.104)	Acc@5 86.667 (83.996)	Mem 20661MB
Test: [570/834]	Time 5.644 (10.398)	Loss 2.1738 (2.6864)	Acc@1 85.000 (60.058)	Acc@5 93.333 (83.955)	Mem 20661MB
Test: [580/834]	Time 12.526 (10.385)	Loss 3.5527 (2.6876)	Acc@1 46.667 (60.032)	Acc@5 70.000 (83.884)	Mem 20661MB
Test: [590/834]	Time 7.430 (10.359)	Loss 2.6387 (2.6916)	Acc@1 71.667 (60.037)	Acc@5 93.333 (83.816)	Mem 20661MB
Test: [600/834]	Time 9.354 (10.330)	Loss 2.6172 (2.6916)	Acc@1 68.333 (60.044)	Acc@5 88.333 (83.805)	Mem 20661MB
Test: [610/834]	Time 10.449 (10.327)	Loss 3.2090 (2.6941)	Acc@1 55.000 (60.016)	Acc@5 71.667 (83.712)	Mem 20661MB
Test: [620/834]	Time 8.547 (10.302)	Loss 3.2520 (2.6967)	Acc@1 61.667 (60.008)	Acc@5 85.000 (83.647)	Mem 20661MB
Test: [630/834]	Time 8.304 (10.290)	Loss 2.8906 (2.7007)	Acc@1 60.000 (59.889)	Acc@5 81.667 (83.563)	Mem 20661MB
Test: [640/834]	Time 9.530 (10.284)	Loss 2.3945 (2.7082)	Acc@1 68.333 (59.782)	Acc@5 90.000 (83.419)	Mem 20661MB
Test: [650/834]	Time 12.010 (10.279)	Loss 2.5664 (2.7151)	Acc@1 38.333 (59.657)	Acc@5 90.000 (83.315)	Mem 20661MB
Test: [660/834]	Time 11.063 (10.281)	Loss 3.9434 (2.7198)	Acc@1 35.000 (59.574)	Acc@5 56.667 (83.217)	Mem 20661MB
Test: [670/834]	Time 9.141 (10.270)	Loss 3.0156 (2.7210)	Acc@1 73.333 (59.613)	Acc@5 90.000 (83.177)	Mem 20661MB
Test: [680/834]	Time 8.517 (10.271)	Loss 2.3555 (2.7222)	Acc@1 73.333 (59.528)	Acc@5 95.000 (83.164)	Mem 20661MB
Test: [690/834]	Time 10.284 (10.248)	Loss 3.5820 (2.7260)	Acc@1 35.000 (59.457)	Acc@5 66.667 (83.121)	Mem 20661MB
Test: [700/834]	Time 12.100 (10.233)	Loss 3.0332 (2.7335)	Acc@1 63.333 (59.299)	Acc@5 78.333 (83.046)	Mem 20661MB
Test: [710/834]	Time 11.556 (10.228)	Loss 2.5801 (2.7411)	Acc@1 63.333 (59.119)	Acc@5 83.333 (82.972)	Mem 20661MB
Test: [720/834]	Time 11.426 (10.217)	Loss 3.6406 (2.7420)	Acc@1 33.333 (59.175)	Acc@5 78.333 (82.973)	Mem 20661MB
Test: [730/834]	Time 10.832 (10.225)	Loss 4.4609 (2.7477)	Acc@1 16.667 (59.022)	Acc@5 50.000 (82.932)	Mem 20661MB
Test: [740/834]	Time 12.514 (10.226)	Loss 3.2578 (2.7527)	Acc@1 61.667 (58.956)	Acc@5 76.667 (82.812)	Mem 20661MB
Test: [750/834]	Time 6.029 (10.220)	Loss 2.3125 (2.7564)	Acc@1 78.333 (58.864)	Acc@5 86.667 (82.745)	Mem 20661MB
Test: [760/834]	Time 10.308 (10.222)	Loss 2.0215 (2.7584)	Acc@1 80.000 (58.752)	Acc@5 91.667 (82.689)	Mem 20661MB
Test: [770/834]	Time 9.157 (10.218)	Loss 1.9756 (2.7551)	Acc@1 63.333 (58.815)	Acc@5 88.333 (82.702)	Mem 20661MB
Test: [780/834]	Time 11.785 (10.225)	Loss 1.3672 (2.7481)	Acc@1 81.667 (58.937)	Acc@5 93.333 (82.766)	Mem 20661MB
Test: [790/834]	Time 11.647 (10.228)	Loss 1.8213 (2.7342)	Acc@1 80.000 (59.151)	Acc@5 93.333 (82.920)	Mem 20661MB
Test: [800/834]	Time 8.631 (10.232)	Loss 2.5039 (2.7239)	Acc@1 61.667 (59.374)	Acc@5 85.000 (83.019)	Mem 20661MB
Test: [810/834]	Time 8.050 (10.229)	Loss 3.1348 (2.7271)	Acc@1 31.667 (59.283)	Acc@5 80.000 (82.959)	Mem 20661MB
Test: [820/834]	Time 10.690 (10.223)	Loss 1.5703 (2.7282)	Acc@1 91.667 (59.253)	Acc@5 95.000 (82.901)	Mem 20661MB
Test: [830/834]	Time 12.282 (10.225)	Loss 1.2705 (2.7112)	Acc@1 83.333 (59.569)	Acc@5 98.333 (83.055)	Mem 20661MB
 * Acc@1 59.530 Acc@5 83.019
