01/07 10:04:42 - mmengine - INFO - Because batch augmentations are enabled, the data preprocessor automatically enables the `to_onehot` option to generate one-hot format labels.
01/07 10:04:42 - mmengine - INFO - Loads checkpoint by http backend from path: https://download.openmmlab.com/mmclassification/v0/swin-transformer/swin_tiny_224_b16x64_300e_imagenet_20210616_090925-66df6be6.pth
starting loop: img_size (224, 224)
Test: [0/391]   Time 2.617 (2.617)      Loss 0.3203 (0.3203)    Acc@1 94.531 (94.531)   Acc@5 99.219 (99.219)   Mem 1811MB
Test: [10/391]  Time 1.631 (1.465)      Loss 1.0264 (0.4414)    Acc@1 77.344 (91.690)   Acc@5 97.656 (98.509)   Mem 1812MB
Test: [20/391]  Time 1.135 (1.332)      Loss 0.5200 (0.5899)    Acc@1 90.625 (87.128)   Acc@5 97.656 (97.731)   Mem 1812MB
Test: [30/391]  Time 1.340 (1.293)      Loss 1.0508 (0.6948)    Acc@1 80.469 (84.123)   Acc@5 93.750 (97.102)   Mem 1812MB
Test: [40/391]  Time 1.169 (1.262)      Loss 0.5952 (0.6258)    Acc@1 90.625 (86.109)   Acc@5 93.750 (97.351)   Mem 1812MB
Test: [50/391]  Time 1.180 (1.270)      Loss 0.2766 (0.6286)    Acc@1 94.531 (86.443)   Acc@5 100.000 (97.243)  Mem 1812MB
Test: [60/391]  Time 1.184 (1.266)      Loss 0.8555 (0.5979)    Acc@1 85.938 (87.346)   Acc@5 94.531 (97.439)   Mem 1812MB
Test: [70/391]  Time 1.145 (1.261)      Loss 0.8818 (0.6283)    Acc@1 74.219 (86.466)   Acc@5 97.656 (97.260)   Mem 1812MB
Test: [80/391]  Time 1.141 (1.248)      Loss 0.7197 (0.6451)    Acc@1 79.688 (85.889)   Acc@5 97.656 (97.174)   Mem 1812MB
Test: [90/391]  Time 1.170 (1.240)      Loss 0.8823 (0.6480)    Acc@1 75.000 (85.817)   Acc@5 96.875 (97.167)   Mem 1812MB
Test: [100/391] Time 1.063 (1.232)      Loss 0.5444 (0.6490)    Acc@1 89.844 (85.628)   Acc@5 95.312 (97.223)   Mem 1812MB
Test: [110/391] Time 1.417 (1.233)      Loss 1.1416 (0.6595)    Acc@1 60.156 (85.283)   Acc@5 98.438 (97.213)   Mem 1812MB
Test: [120/391] Time 1.157 (1.236)      Loss 0.4756 (0.6550)    Acc@1 90.625 (85.518)   Acc@5 98.438 (97.301)   Mem 1812MB
Test: [130/391] Time 1.264 (1.242)      Loss 0.2795 (0.6483)    Acc@1 97.656 (85.723)   Acc@5 99.219 (97.310)   Mem 1812MB
Test: [140/391] Time 1.249 (1.236)      Loss 1.0215 (0.6473)    Acc@1 75.000 (85.550)   Acc@5 97.656 (97.401)   Mem 1812MB
Test: [150/391] Time 1.937 (1.244)      Loss 0.7285 (0.6536)    Acc@1 80.469 (85.487)   Acc@5 96.875 (97.325)   Mem 1812MB
Test: [160/391] Time 1.305 (1.239)      Loss 0.6382 (0.6554)    Acc@1 83.594 (85.452)   Acc@5 96.094 (97.268)   Mem 1812MB
Test: [170/391] Time 1.029 (1.237)      Loss 1.4229 (0.6741)    Acc@1 67.188 (84.891)   Acc@5 89.844 (97.113)   Mem 1812MB
Test: [180/391] Time 1.113 (1.233)      Loss 1.3135 (0.6875)    Acc@1 64.062 (84.556)   Acc@5 96.094 (96.974)   Mem 1812MB
Test: [190/391] Time 1.030 (1.231)      Loss 1.2529 (0.7068)    Acc@1 69.531 (83.999)   Acc@5 94.531 (96.810)   Mem 1812MB
Test: [200/391] Time 0.930 (1.225)      Loss 0.5396 (0.7245)    Acc@1 85.938 (83.574)   Acc@5 98.438 (96.622)   Mem 1812MB
Test: [210/391] Time 1.102 (1.222)      Loss 0.7905 (0.7350)    Acc@1 82.031 (83.283)   Acc@5 96.875 (96.520)   Mem 1812MB
Test: [220/391] Time 1.221 (1.220)      Loss 0.4458 (0.7368)    Acc@1 89.844 (83.276)   Acc@5 97.656 (96.465)   Mem 1812MB
Test: [230/391] Time 1.215 (1.219)      Loss 1.3281 (0.7421)    Acc@1 67.969 (83.134)   Acc@5 89.062 (96.391)   Mem 1812MB
Test: [240/391] Time 1.150 (1.218)      Loss 0.6943 (0.7423)    Acc@1 86.719 (83.189)   Acc@5 96.094 (96.330)   Mem 1812MB
Test: [250/391] Time 1.111 (1.212)      Loss 0.5239 (0.7573)    Acc@1 89.062 (82.644)   Acc@5 98.438 (96.206)   Mem 1812MB
Test: [260/391] Time 1.204 (1.218)      Loss 0.8262 (0.7678)    Acc@1 79.688 (82.334)   Acc@5 96.094 (96.106)   Mem 1812MB
Test: [270/391] Time 1.215 (1.220)      Loss 1.2930 (0.7737)    Acc@1 64.844 (82.198)   Acc@5 90.625 (96.027)   Mem 1812MB
Test: [280/391] Time 1.053 (1.217)      Loss 0.9502 (0.7762)    Acc@1 75.000 (82.129)   Acc@5 94.531 (95.999)   Mem 1812MB
Test: [290/391] Time 1.316 (1.217)      Loss 1.4121 (0.7809)    Acc@1 53.125 (81.986)   Acc@5 92.969 (95.943)   Mem 1812MB
Test: [300/391] Time 1.380 (1.220)      Loss 0.7422 (0.7849)    Acc@1 85.156 (81.922)   Acc@5 96.094 (95.894)   Mem 1812MB
Test: [310/391] Time 1.245 (1.219)      Loss 0.8394 (0.7892)    Acc@1 78.906 (81.835)   Acc@5 95.312 (95.827)   Mem 1812MB
Test: [320/391] Time 1.156 (1.224)      Loss 0.5547 (0.7953)    Acc@1 89.062 (81.671)   Acc@5 96.875 (95.770)   Mem 1812MB
Test: [330/391] Time 1.015 (1.220)      Loss 1.2715 (0.8060)    Acc@1 69.531 (81.382)   Acc@5 91.406 (95.674)   Mem 1812MB
Test: [340/391] Time 1.286 (1.223)      Loss 0.6855 (0.8089)    Acc@1 82.812 (81.316)   Acc@5 98.438 (95.636)   Mem 1812MB
Test: [350/391] Time 1.052 (1.224)      Loss 0.8394 (0.8108)    Acc@1 81.250 (81.283)   Acc@5 95.312 (95.611)   Mem 1812MB
Test: [360/391] Time 1.130 (1.222)      Loss 1.1348 (0.8171)    Acc@1 71.094 (81.088)   Acc@5 96.094 (95.572)   Mem 1812MB
Test: [370/391] Time 1.428 (1.221)      Loss 0.9863 (0.8137)    Acc@1 66.406 (81.115)   Acc@5 97.656 (95.622)   Mem 1812MB
Test: [380/391] Time 1.129 (1.218)      Loss 0.6958 (0.8145)    Acc@1 82.812 (81.123)   Acc@5 99.219 (95.628)   Mem 1812MB
Test: [390/391] Time 0.737 (1.218)      Loss 1.5176 (0.8111)    Acc@1 55.422 (81.157)   Acc@5 89.157 (95.662)   Mem 1812MB
 * Acc@1 81.157 Acc@5 95.662
01/07 10:12:39 - mmengine - INFO - Because batch augmentations are enabled, the data preprocessor automatically enables the `to_onehot` option to generate one-hot format labels.
01/07 10:12:39 - mmengine - INFO - Loads checkpoint by http backend from path: https://download.openmmlab.com/mmclassification/v0/swin-transformer/swin_tiny_224_b16x64_300e_imagenet_20210616_090925-66df6be6.pth
starting loop: img_size (64, 64)
Traceback (most recent call last):
  File "/media/Disk2/LiuYue/Visualize/get_scaleup.py", line 424, in <module>
    while True:
  File "/media/Disk2/LiuYue/Visualize/get_scaleup.py", line 393, in main
    model.forward = model.forward_backbone
  File "/media/Disk2/LiuYue/Visualize/get_scaleup.py", line 155, in _validate
    validate(config, data_loader=data_loader, model=model)
  File "/home/LiuYue/miniconda3/envs/mamba/lib/python3.10/site-packages/torch/autograd/grad_mode.py", line 27, in decorate_context
    return func(*args, **kwargs)
  File "/media/Disk2/LiuYue/Visualize/get_scaleup.py", line 58, in validate
    output = model(images)
  File "/home/LiuYue/miniconda3/envs/mamba/lib/python3.10/site-packages/torch/nn/modules/module.py", line 1190, in _call_impl
    return forward_call(*input, **kwargs)
  File "/home/LiuYue/miniconda3/envs/mamba/lib/python3.10/site-packages/torch/nn/parallel/distributed.py", line 1040, in forward
    output = self._run_ddp_forward(*inputs, **kwargs)
  File "/home/LiuYue/miniconda3/envs/mamba/lib/python3.10/site-packages/torch/nn/parallel/distributed.py", line 1003, in _run_ddp_forward
    return module_to_run(*inputs, **kwargs)
  File "/home/LiuYue/miniconda3/envs/mamba/lib/python3.10/site-packages/torch/nn/modules/module.py", line 1190, in _call_impl
    return forward_call(*input, **kwargs)
  File "/home/LiuYue/miniconda3/envs/mamba/lib/python3.10/site-packages/mmpretrain/models/classifiers/image.py", line 119, in forward
    feats = self.extract_feat(inputs)
  File "/home/LiuYue/miniconda3/envs/mamba/lib/python3.10/site-packages/mmpretrain/models/classifiers/image.py", line 204, in extract_feat
    x = self.backbone(inputs)
  File "/home/LiuYue/miniconda3/envs/mamba/lib/python3.10/site-packages/torch/nn/modules/module.py", line 1190, in _call_impl
    return forward_call(*input, **kwargs)
  File "/home/LiuYue/miniconda3/envs/mamba/lib/python3.10/site-packages/mmpretrain/models/backbones/swin_transformer.py", line 434, in forward
    x, hw_shape = stage(
  File "/home/LiuYue/miniconda3/envs/mamba/lib/python3.10/site-packages/torch/nn/modules/module.py", line 1190, in _call_impl
    return forward_call(*input, **kwargs)
  File "/home/LiuYue/miniconda3/envs/mamba/lib/python3.10/site-packages/mmpretrain/models/backbones/swin_transformer.py", line 188, in forward
    x = block(x, in_shape)
  File "/home/LiuYue/miniconda3/envs/mamba/lib/python3.10/site-packages/torch/nn/modules/module.py", line 1190, in _call_impl
    return forward_call(*input, **kwargs)
  File "/home/LiuYue/miniconda3/envs/mamba/lib/python3.10/site-packages/mmpretrain/models/backbones/swin_transformer.py", line 107, in forward
    x = _inner_forward(x)
  File "/home/LiuYue/miniconda3/envs/mamba/lib/python3.10/site-packages/mmpretrain/models/backbones/swin_transformer.py", line 95, in _inner_forward
    x = self.attn(x, hw_shape)
  File "/home/LiuYue/miniconda3/envs/mamba/lib/python3.10/site-packages/torch/nn/modules/module.py", line 1190, in _call_impl
    return forward_call(*input, **kwargs)
  File "/home/LiuYue/miniconda3/envs/mamba/lib/python3.10/site-packages/mmpretrain/models/utils/attention.py", line 409, in forward
    assert self.pad_small_map, \
AssertionError: The input shape (4, 4) is smaller than the window size (7). Please set `pad_small_map=True`, or decrease the `window_size`.
[W socket.cpp:426] [c10d] The server socket has failed to bind to [::]:61234 (errno: 98 - Address already in use).
[W socket.cpp:426] [c10d] The server socket has failed to bind to ?UNKNOWN? (errno: 98 - Address already in use).
[E socket.cpp:462] [c10d] The server socket has failed to listen on any local network address.
The server socket has failed to listen on any local network address. The server socket has failed to bind to [::]:61234 (errno: 98 - Address already in use). The server socket has failed to bind to ?UNKNOWN? (errno: 98 - Address already in use).
01/07 10:24:19 - mmengine - INFO - Because batch augmentations are enabled, the data preprocessor automatically enables the `to_onehot` option to generate one-hot format labels.
01/07 10:24:19 - mmengine - INFO - Loads checkpoint by http backend from path: https://download.openmmlab.com/mmclassification/v0/swin-transformer/swin_tiny_224_b16x64_300e_imagenet_20210616_090925-66df6be6.pth
starting loop: img_size (112, 112)
Traceback (most recent call last):
  File "/media/Disk2/LiuYue/Visualize/get_scaleup.py", line 288, in <module>
    main()
  File "/media/Disk2/LiuYue/Visualize/get_scaleup.py", line 258, in main
    _validate(init_model(shape=112), img_size=(112, 112), batch_size=128) #128 Mem 6446MB
  File "/media/Disk2/LiuYue/Visualize/get_scaleup.py", line 155, in _validate
    validate(config, data_loader=data_loader, model=model)
  File "/home/LiuYue/miniconda3/envs/mamba/lib/python3.10/site-packages/torch/autograd/grad_mode.py", line 27, in decorate_context
    return func(*args, **kwargs)
  File "/media/Disk2/LiuYue/Visualize/get_scaleup.py", line 58, in validate
    output = model(images)
  File "/home/LiuYue/miniconda3/envs/mamba/lib/python3.10/site-packages/torch/nn/modules/module.py", line 1190, in _call_impl
    return forward_call(*input, **kwargs)
  File "/home/LiuYue/miniconda3/envs/mamba/lib/python3.10/site-packages/torch/nn/parallel/distributed.py", line 1040, in forward
    output = self._run_ddp_forward(*inputs, **kwargs)
  File "/home/LiuYue/miniconda3/envs/mamba/lib/python3.10/site-packages/torch/nn/parallel/distributed.py", line 1003, in _run_ddp_forward
    return module_to_run(*inputs, **kwargs)
  File "/home/LiuYue/miniconda3/envs/mamba/lib/python3.10/site-packages/torch/nn/modules/module.py", line 1190, in _call_impl
    return forward_call(*input, **kwargs)
  File "/home/LiuYue/miniconda3/envs/mamba/lib/python3.10/site-packages/mmpretrain/models/classifiers/image.py", line 119, in forward
    feats = self.extract_feat(inputs)
  File "/home/LiuYue/miniconda3/envs/mamba/lib/python3.10/site-packages/mmpretrain/models/classifiers/image.py", line 204, in extract_feat
    x = self.backbone(inputs)
  File "/home/LiuYue/miniconda3/envs/mamba/lib/python3.10/site-packages/torch/nn/modules/module.py", line 1190, in _call_impl
    return forward_call(*input, **kwargs)
  File "/home/LiuYue/miniconda3/envs/mamba/lib/python3.10/site-packages/mmpretrain/models/backbones/swin_transformer.py", line 434, in forward
    x, hw_shape = stage(
  File "/home/LiuYue/miniconda3/envs/mamba/lib/python3.10/site-packages/torch/nn/modules/module.py", line 1190, in _call_impl
    return forward_call(*input, **kwargs)
  File "/home/LiuYue/miniconda3/envs/mamba/lib/python3.10/site-packages/mmpretrain/models/backbones/swin_transformer.py", line 188, in forward
    x = block(x, in_shape)
  File "/home/LiuYue/miniconda3/envs/mamba/lib/python3.10/site-packages/torch/nn/modules/module.py", line 1190, in _call_impl
    return forward_call(*input, **kwargs)
  File "/home/LiuYue/miniconda3/envs/mamba/lib/python3.10/site-packages/mmpretrain/models/backbones/swin_transformer.py", line 107, in forward
    x = _inner_forward(x)
  File "/home/LiuYue/miniconda3/envs/mamba/lib/python3.10/site-packages/mmpretrain/models/backbones/swin_transformer.py", line 95, in _inner_forward
    x = self.attn(x, hw_shape)
  File "/home/LiuYue/miniconda3/envs/mamba/lib/python3.10/site-packages/torch/nn/modules/module.py", line 1190, in _call_impl
    return forward_call(*input, **kwargs)
  File "/home/LiuYue/miniconda3/envs/mamba/lib/python3.10/site-packages/mmpretrain/models/utils/attention.py", line 409, in forward
    assert self.pad_small_map, \
AssertionError: The input shape (4, 4) is smaller than the window size (7). Please set `pad_small_map=True`, or decrease the `window_size`.
[W socket.cpp:426] [c10d] The server socket has failed to bind to [::]:61234 (errno: 98 - Address already in use).
[W socket.cpp:426] [c10d] The server socket has failed to bind to ?UNKNOWN? (errno: 98 - Address already in use).
[E socket.cpp:462] [c10d] The server socket has failed to listen on any local network address.
The server socket has failed to listen on any local network address. The server socket has failed to bind to [::]:61234 (errno: 98 - Address already in use). The server socket has failed to bind to ?UNKNOWN? (errno: 98 - Address already in use).
01/07 10:30:22 - mmengine - INFO - Because batch augmentations are enabled, the data preprocessor automatically enables the `to_onehot` option to generate one-hot format labels.
01/07 10:30:22 - mmengine - INFO - Loads checkpoint by http backend from path: https://download.openmmlab.com/mmclassification/v0/swin-transformer/swin_tiny_224_b16x64_300e_imagenet_20210616_090925-66df6be6.pth
starting loop: img_size (384, 384)
Test: [0/391]	Time 4.885 (4.885)	Loss 0.6162 (0.6162)	Acc@1 94.531 (94.531)	Acc@5 99.219 (99.219)	Mem 5019MB
Test: [10/391]	Time 4.090 (3.605)	Loss 1.1143 (0.7402)	Acc@1 77.344 (91.264)	Acc@5 96.875 (98.366)	Mem 5019MB
Test: [20/391]	Time 3.573 (3.471)	Loss 0.7964 (0.9075)	Acc@1 90.625 (86.942)	Acc@5 97.656 (97.656)	Mem 5019MB
Test: [30/391]	Time 3.503 (3.426)	Loss 1.4170 (1.0003)	Acc@1 74.219 (83.569)	Acc@5 90.625 (97.026)	Mem 5019MB
Test: [40/391]	Time 3.762 (3.309)	Loss 0.8389 (0.9443)	Acc@1 90.625 (85.328)	Acc@5 96.094 (97.256)	Mem 5019MB
Test: [50/391]	Time 3.849 (3.255)	Loss 0.6445 (0.9425)	Acc@1 96.875 (85.555)	Acc@5 100.000 (97.013)	Mem 5019MB
Test: [60/391]	Time 2.344 (3.172)	Loss 1.1709 (0.9110)	Acc@1 84.375 (86.475)	Acc@5 94.531 (97.272)	Mem 5019MB
Test: [70/391]	Time 3.401 (3.172)	Loss 1.2363 (0.9570)	Acc@1 71.094 (85.376)	Acc@5 96.094 (97.051)	Mem 5019MB
Test: [80/391]	Time 2.806 (3.140)	Loss 1.1758 (0.9838)	Acc@1 79.688 (84.713)	Acc@5 96.875 (96.962)	Mem 5019MB
Test: [90/391]	Time 2.253 (3.104)	Loss 1.2549 (0.9982)	Acc@1 70.312 (84.684)	Acc@5 96.875 (96.909)	Mem 5019MB
Test: [100/391]	Time 3.199 (3.100)	Loss 1.0020 (1.0014)	Acc@1 89.062 (84.522)	Acc@5 95.312 (97.014)	Mem 5019MB
Test: [110/391]	Time 3.136 (3.105)	Loss 1.3896 (1.0095)	Acc@1 59.375 (84.227)	Acc@5 96.875 (96.988)	Mem 5019MB
Test: [120/391]	Time 3.123 (3.103)	Loss 0.8765 (1.0019)	Acc@1 92.188 (84.517)	Acc@5 99.219 (97.049)	Mem 5019MB
Test: [130/391]	Time 2.998 (3.086)	Loss 0.5088 (0.9930)	Acc@1 97.656 (84.745)	Acc@5 99.219 (97.072)	Mem 5019MB
Test: [140/391]	Time 2.488 (3.065)	Loss 1.4609 (0.9922)	Acc@1 71.875 (84.619)	Acc@5 96.875 (97.141)	Mem 5019MB
Test: [150/391]	Time 4.247 (3.061)	Loss 0.9814 (0.9966)	Acc@1 75.781 (84.458)	Acc@5 96.875 (97.061)	Mem 5019MB
Test: [160/391]	Time 3.327 (3.057)	Loss 0.9287 (0.9971)	Acc@1 81.250 (84.341)	Acc@5 97.656 (97.025)	Mem 5019MB
Test: [170/391]	Time 3.040 (3.052)	Loss 1.8086 (1.0129)	Acc@1 62.500 (83.776)	Acc@5 88.281 (96.852)	Mem 5019MB
Test: [180/391]	Time 2.613 (3.041)	Loss 1.6221 (1.0278)	Acc@1 62.500 (83.391)	Acc@5 90.625 (96.651)	Mem 5019MB
Test: [190/391]	Time 2.544 (3.023)	Loss 1.4961 (1.0427)	Acc@1 69.531 (82.866)	Acc@5 93.750 (96.466)	Mem 5019MB
Test: [200/391]	Time 2.176 (3.006)	Loss 1.1152 (1.0580)	Acc@1 82.031 (82.459)	Acc@5 97.656 (96.269)	Mem 5019MB
Test: [210/391]	Time 2.326 (2.990)	Loss 0.9404 (1.0667)	Acc@1 78.125 (82.150)	Acc@5 97.656 (96.183)	Mem 5019MB
Test: [220/391]	Time 3.203 (2.982)	Loss 0.6987 (1.0675)	Acc@1 88.281 (82.109)	Acc@5 96.875 (96.136)	Mem 5019MB
Test: [230/391]	Time 2.722 (2.975)	Loss 1.5156 (1.0716)	Acc@1 70.312 (82.018)	Acc@5 92.188 (96.090)	Mem 5019MB
Test: [240/391]	Time 2.303 (2.947)	Loss 0.9980 (1.0726)	Acc@1 87.500 (82.086)	Acc@5 92.969 (96.026)	Mem 5019MB
Test: [250/391]	Time 2.379 (2.908)	Loss 0.7803 (1.0881)	Acc@1 89.844 (81.555)	Acc@5 98.438 (95.876)	Mem 5019MB
Test: [260/391]	Time 1.780 (2.872)	Loss 1.3115 (1.0989)	Acc@1 73.438 (81.205)	Acc@5 96.875 (95.779)	Mem 5019MB
Test: [270/391]	Time 1.570 (2.838)	Loss 1.6328 (1.1068)	Acc@1 64.062 (80.999)	Acc@5 90.625 (95.702)	Mem 5019MB
Test: [280/391]	Time 1.947 (2.808)	Loss 1.1973 (1.1074)	Acc@1 78.906 (80.986)	Acc@5 95.312 (95.685)	Mem 5019MB
Test: [290/391]	Time 2.133 (2.780)	Loss 1.4893 (1.1128)	Acc@1 58.594 (80.837)	Acc@5 93.750 (95.605)	Mem 5019MB
Test: [300/391]	Time 2.050 (2.754)	Loss 0.9595 (1.1168)	Acc@1 82.812 (80.757)	Acc@5 95.312 (95.551)	Mem 5019MB
Test: [310/391]	Time 1.800 (2.734)	Loss 1.0859 (1.1207)	Acc@1 82.031 (80.650)	Acc@5 97.656 (95.501)	Mem 5019MB
Test: [320/391]	Time 2.028 (2.713)	Loss 0.9102 (1.1258)	Acc@1 82.812 (80.500)	Acc@5 96.875 (95.459)	Mem 5019MB
Test: [330/391]	Time 1.856 (2.693)	Loss 1.5859 (1.1379)	Acc@1 65.625 (80.200)	Acc@5 92.188 (95.336)	Mem 5019MB
Test: [340/391]	Time 1.866 (2.673)	Loss 1.1514 (1.1418)	Acc@1 80.469 (80.098)	Acc@5 96.094 (95.315)	Mem 5019MB
Test: [350/391]	Time 1.591 (2.651)	Loss 1.1504 (1.1419)	Acc@1 82.031 (80.081)	Acc@5 96.875 (95.292)	Mem 5019MB
Test: [360/391]	Time 2.375 (2.635)	Loss 1.0811 (1.1450)	Acc@1 75.781 (79.947)	Acc@5 96.094 (95.258)	Mem 5019MB
Test: [370/391]	Time 2.377 (2.621)	Loss 1.1494 (1.1385)	Acc@1 67.188 (80.003)	Acc@5 100.000 (95.310)	Mem 5019MB
Test: [380/391]	Time 2.203 (2.606)	Loss 0.7935 (1.1361)	Acc@1 83.594 (79.997)	Acc@5 97.656 (95.310)	Mem 5019MB
Test: [390/391]	Time 1.082 (2.589)	Loss 1.8398 (1.1308)	Acc@1 51.807 (80.031)	Acc@5 92.771 (95.354)	Mem 5019MB
 * Acc@1 80.031 Acc@5 95.354
01/07 10:47:16 - mmengine - INFO - Because batch augmentations are enabled, the data preprocessor automatically enables the `to_onehot` option to generate one-hot format labels.
01/07 10:47:16 - mmengine - INFO - Loads checkpoint by http backend from path: https://download.openmmlab.com/mmclassification/v0/swin-transformer/swin_tiny_224_b16x64_300e_imagenet_20210616_090925-66df6be6.pth
starting loop: img_size (512, 512)
Test: [0/391]	Time 2.314 (2.314)	Loss 0.8076 (0.8076)	Acc@1 93.750 (93.750)	Acc@5 99.219 (99.219)	Mem 9066MB
Test: [10/391]	Time 3.381 (2.754)	Loss 1.2246 (0.9762)	Acc@1 80.469 (90.412)	Acc@5 96.875 (98.153)	Mem 9067MB
Test: [20/391]	Time 2.701 (2.780)	Loss 1.0723 (1.1579)	Acc@1 90.625 (85.826)	Acc@5 96.875 (96.912)	Mem 9067MB
Test: [30/391]	Time 2.419 (2.761)	Loss 1.5840 (1.2369)	Acc@1 72.656 (82.485)	Acc@5 89.844 (96.144)	Mem 9067MB
Test: [40/391]	Time 2.668 (2.768)	Loss 1.0742 (1.1815)	Acc@1 88.281 (84.261)	Acc@5 94.531 (96.437)	Mem 9067MB
Test: [50/391]	Time 2.969 (2.803)	Loss 0.9800 (1.1750)	Acc@1 91.406 (84.283)	Acc@5 98.438 (96.094)	Mem 9067MB
Test: [60/391]	Time 2.973 (2.929)	Loss 1.5576 (1.1526)	Acc@1 81.250 (84.913)	Acc@5 94.531 (96.414)	Mem 9067MB
Test: [70/391]	Time 3.342 (3.052)	Loss 1.5771 (1.2124)	Acc@1 67.969 (83.759)	Acc@5 97.656 (96.248)	Mem 9067MB
Test: [80/391]	Time 3.245 (3.090)	Loss 1.5371 (1.2517)	Acc@1 79.688 (83.083)	Acc@5 95.312 (96.190)	Mem 9067MB
Test: [90/391]	Time 3.436 (3.160)	Loss 1.5469 (1.2760)	Acc@1 67.969 (82.933)	Acc@5 96.875 (96.137)	Mem 9067MB
Test: [100/391]	Time 3.832 (3.216)	Loss 1.3818 (1.2850)	Acc@1 89.062 (82.774)	Acc@5 96.094 (96.256)	Mem 9067MB
Test: [110/391]	Time 4.628 (3.263)	Loss 1.6289 (1.2914)	Acc@1 58.594 (82.517)	Acc@5 95.312 (96.270)	Mem 9067MB
Test: [120/391]	Time 3.088 (3.360)	Loss 1.1250 (1.2783)	Acc@1 87.500 (82.761)	Acc@5 96.875 (96.307)	Mem 9067MB
Test: [130/391]	Time 6.018 (3.422)	Loss 0.7158 (1.2661)	Acc@1 94.531 (82.938)	Acc@5 99.219 (96.326)	Mem 9067MB
Test: [140/391]	Time 5.538 (3.467)	Loss 1.7773 (1.2620)	Acc@1 68.750 (82.857)	Acc@5 96.094 (96.393)	Mem 9067MB
Test: [150/391]	Time 4.228 (3.487)	Loss 1.2031 (1.2648)	Acc@1 72.656 (82.595)	Acc@5 96.094 (96.316)	Mem 9067MB
Test: [160/391]	Time 4.171 (3.526)	Loss 1.1670 (1.2632)	Acc@1 81.250 (82.497)	Acc@5 96.875 (96.268)	Mem 9067MB
Test: [170/391]	Time 3.267 (3.536)	Loss 2.1191 (1.2810)	Acc@1 58.594 (81.940)	Acc@5 85.156 (96.062)	Mem 9067MB
Test: [180/391]	Time 3.959 (3.553)	Loss 1.8750 (1.2984)	Acc@1 58.594 (81.457)	Acc@5 89.844 (95.830)	Mem 9067MB
Test: [190/391]	Time 4.558 (3.574)	Loss 1.8369 (1.3129)	Acc@1 66.406 (80.996)	Acc@5 92.188 (95.619)	Mem 9067MB
Test: [200/391]	Time 4.329 (3.612)	Loss 1.5273 (1.3293)	Acc@1 80.469 (80.593)	Acc@5 96.094 (95.375)	Mem 9067MB
Test: [210/391]	Time 3.701 (3.665)	Loss 1.1787 (1.3387)	Acc@1 76.562 (80.291)	Acc@5 97.656 (95.268)	Mem 9067MB
Test: [220/391]	Time 3.448 (3.676)	Loss 0.9390 (1.3407)	Acc@1 86.719 (80.246)	Acc@5 96.875 (95.185)	Mem 9067MB
Test: [230/391]	Time 3.659 (3.687)	Loss 1.9570 (1.3451)	Acc@1 68.750 (80.208)	Acc@5 89.062 (95.140)	Mem 9067MB
Test: [240/391]	Time 3.641 (3.687)	Loss 1.3125 (1.3478)	Acc@1 86.719 (80.284)	Acc@5 92.188 (95.066)	Mem 9067MB
Test: [250/391]	Time 3.529 (3.679)	Loss 1.0303 (1.3640)	Acc@1 85.156 (79.775)	Acc@5 97.656 (94.889)	Mem 9067MB
Test: [260/391]	Time 4.404 (3.683)	Loss 1.6816 (1.3762)	Acc@1 68.750 (79.397)	Acc@5 92.188 (94.786)	Mem 9067MB
Test: [270/391]	Time 3.551 (3.681)	Loss 1.9375 (1.3857)	Acc@1 61.719 (79.160)	Acc@5 87.500 (94.667)	Mem 9067MB
Test: [280/391]	Time 3.046 (3.677)	Loss 1.4961 (1.3870)	Acc@1 75.781 (79.159)	Acc@5 94.531 (94.640)	Mem 9067MB
Test: [290/391]	Time 2.836 (3.673)	Loss 1.7529 (1.3936)	Acc@1 56.250 (78.992)	Acc@5 92.188 (94.537)	Mem 9067MB
Test: [300/391]	Time 3.414 (3.662)	Loss 1.1846 (1.3981)	Acc@1 81.250 (78.898)	Acc@5 92.969 (94.469)	Mem 9067MB
Test: [310/391]	Time 3.599 (3.658)	Loss 1.4277 (1.4031)	Acc@1 78.906 (78.778)	Acc@5 96.094 (94.408)	Mem 9067MB
Test: [320/391]	Time 3.289 (3.652)	Loss 1.1338 (1.4073)	Acc@1 83.594 (78.648)	Acc@5 96.875 (94.349)	Mem 9067MB
Test: [330/391]	Time 4.386 (3.656)	Loss 1.9570 (1.4210)	Acc@1 64.844 (78.354)	Acc@5 89.062 (94.231)	Mem 9067MB
Test: [340/391]	Time 4.230 (3.670)	Loss 1.4805 (1.4251)	Acc@1 82.031 (78.295)	Acc@5 95.312 (94.201)	Mem 9067MB
Test: [350/391]	Time 3.426 (3.675)	Loss 1.4629 (1.4252)	Acc@1 78.906 (78.299)	Acc@5 92.188 (94.160)	Mem 9067MB
Test: [360/391]	Time 3.351 (3.675)	Loss 1.2480 (1.4272)	Acc@1 74.219 (78.179)	Acc@5 96.875 (94.111)	Mem 9067MB
Test: [370/391]	Time 3.507 (3.681)	Loss 1.2930 (1.4179)	Acc@1 66.406 (78.241)	Acc@5 98.438 (94.182)	Mem 9067MB
Test: [380/391]	Time 3.696 (3.678)	Loss 1.0117 (1.4135)	Acc@1 79.688 (78.223)	Acc@5 97.656 (94.203)	Mem 9067MB
Test: [390/391]	Time 2.181 (3.692)	Loss 2.1602 (1.4062)	Acc@1 49.398 (78.283)	Acc@5 90.361 (94.248)	Mem 9067MB
 * Acc@1 78.283 Acc@5 94.248
01/07 11:11:20 - mmengine - INFO - Because batch augmentations are enabled, the data preprocessor automatically enables the `to_onehot` option to generate one-hot format labels.
01/07 11:11:20 - mmengine - INFO - Loads checkpoint by http backend from path: https://download.openmmlab.com/mmclassification/v0/swin-transformer/swin_tiny_224_b16x64_300e_imagenet_20210616_090925-66df6be6.pth
starting loop: img_size (640, 640)
Test: [0/391]	Time 6.086 (6.086)	Loss 1.1123 (1.1123)	Acc@1 92.188 (92.188)	Acc@5 99.219 (99.219)	Mem 13500MB
Test: [10/391]	Time 5.822 (5.369)	Loss 1.4395 (1.2674)	Acc@1 80.469 (88.210)	Acc@5 96.875 (97.585)	Mem 13500MB
Test: [20/391]	Time 4.551 (5.088)	Loss 1.4150 (1.4720)	Acc@1 86.719 (82.850)	Acc@5 95.312 (95.796)	Mem 13500MB
Test: [30/391]	Time 4.420 (4.851)	Loss 1.8584 (1.5467)	Acc@1 64.062 (79.662)	Acc@5 86.719 (94.985)	Mem 13500MB
Test: [40/391]	Time 4.355 (4.725)	Loss 1.3564 (1.4879)	Acc@1 87.500 (81.555)	Acc@5 95.312 (95.351)	Mem 13500MB
Test: [50/391]	Time 4.409 (4.691)	Loss 1.2754 (1.4776)	Acc@1 86.719 (81.464)	Acc@5 98.438 (94.884)	Mem 13500MB
Test: [60/391]	Time 4.915 (4.693)	Loss 1.9902 (1.4546)	Acc@1 77.344 (82.211)	Acc@5 94.531 (95.223)	Mem 13500MB
Test: [70/391]	Time 4.539 (4.686)	Loss 1.9482 (1.5262)	Acc@1 67.188 (81.085)	Acc@5 94.531 (95.026)	Mem 13500MB
Test: [80/391]	Time 4.219 (4.673)	Loss 1.9814 (1.5771)	Acc@1 78.125 (80.334)	Acc@5 94.531 (94.975)	Mem 13500MB
Test: [90/391]	Time 4.367 (4.648)	Loss 1.8936 (1.6122)	Acc@1 65.625 (80.143)	Acc@5 96.875 (94.935)	Mem 13500MB
Test: [100/391]	Time 4.258 (4.692)	Loss 1.8594 (1.6280)	Acc@1 80.469 (79.935)	Acc@5 96.094 (95.034)	Mem 13500MB
Test: [110/391]	Time 4.763 (4.667)	Loss 1.8828 (1.6361)	Acc@1 58.594 (79.666)	Acc@5 95.312 (95.101)	Mem 13500MB
Test: [120/391]	Time 4.371 (4.646)	Loss 1.4229 (1.6185)	Acc@1 85.938 (79.946)	Acc@5 95.312 (95.138)	Mem 13500MB
Test: [130/391]	Time 4.447 (4.626)	Loss 0.9565 (1.6023)	Acc@1 94.531 (80.206)	Acc@5 99.219 (95.175)	Mem 13500MB
Test: [140/391]	Time 4.762 (4.593)	Loss 2.1250 (1.5970)	Acc@1 64.062 (80.197)	Acc@5 93.750 (95.246)	Mem 13500MB
Test: [150/391]	Time 4.834 (4.585)	Loss 1.5010 (1.5989)	Acc@1 68.750 (79.889)	Acc@5 94.531 (95.090)	Mem 13500MB
Test: [160/391]	Time 4.361 (4.567)	Loss 1.4951 (1.5951)	Acc@1 78.906 (79.833)	Acc@5 95.312 (95.080)	Mem 13500MB
Test: [170/391]	Time 3.805 (4.545)	Loss 2.4512 (1.6146)	Acc@1 53.906 (79.308)	Acc@5 85.156 (94.869)	Mem 13500MB
Test: [180/391]	Time 4.149 (4.543)	Loss 2.1953 (1.6340)	Acc@1 56.250 (78.833)	Acc@5 87.500 (94.613)	Mem 13500MB
Test: [190/391]	Time 3.791 (4.530)	Loss 2.2598 (1.6487)	Acc@1 60.938 (78.354)	Acc@5 89.062 (94.388)	Mem 13500MB
Test: [200/391]	Time 3.678 (4.518)	Loss 1.9922 (1.6664)	Acc@1 76.562 (77.923)	Acc@5 93.750 (94.115)	Mem 13500MB
Test: [210/391]	Time 4.574 (4.510)	Loss 1.4814 (1.6767)	Acc@1 78.125 (77.607)	Acc@5 92.969 (93.983)	Mem 13500MB
Test: [220/391]	Time 3.930 (4.508)	Loss 1.3027 (1.6801)	Acc@1 82.812 (77.598)	Acc@5 96.875 (93.927)	Mem 13500MB
Test: [230/391]	Time 4.390 (4.500)	Loss 2.3223 (1.6855)	Acc@1 67.969 (77.567)	Acc@5 85.938 (93.862)	Mem 13500MB
Test: [240/391]	Time 4.853 (4.505)	Loss 1.6846 (1.6905)	Acc@1 84.375 (77.590)	Acc@5 92.188 (93.795)	Mem 13500MB
Test: [250/391]	Time 3.836 (4.487)	Loss 1.3818 (1.7071)	Acc@1 84.375 (77.107)	Acc@5 95.312 (93.576)	Mem 13500MB
Test: [260/391]	Time 3.926 (4.471)	Loss 2.1543 (1.7202)	Acc@1 64.062 (76.733)	Acc@5 89.844 (93.433)	Mem 13500MB
Test: [270/391]	Time 4.209 (4.464)	Loss 2.2754 (1.7305)	Acc@1 62.500 (76.542)	Acc@5 87.500 (93.315)	Mem 13500MB
Test: [280/391]	Time 4.273 (4.477)	Loss 1.8691 (1.7324)	Acc@1 71.875 (76.557)	Acc@5 92.969 (93.258)	Mem 13500MB
Test: [290/391]	Time 5.098 (4.487)	Loss 2.0840 (1.7400)	Acc@1 56.250 (76.361)	Acc@5 91.406 (93.143)	Mem 13500MB
Test: [300/391]	Time 3.925 (4.487)	Loss 1.4961 (1.7452)	Acc@1 81.250 (76.282)	Acc@5 91.406 (93.067)	Mem 13500MB
Test: [310/391]	Time 5.179 (4.491)	Loss 1.7695 (1.7511)	Acc@1 75.781 (76.128)	Acc@5 94.531 (92.991)	Mem 13500MB
Test: [320/391]	Time 4.571 (4.492)	Loss 1.4580 (1.7551)	Acc@1 79.688 (75.991)	Acc@5 96.094 (92.957)	Mem 13500MB
Test: [330/391]	Time 4.114 (4.483)	Loss 2.3945 (1.7701)	Acc@1 58.594 (75.670)	Acc@5 86.719 (92.811)	Mem 13500MB
Test: [340/391]	Time 4.367 (4.483)	Loss 1.8691 (1.7750)	Acc@1 78.125 (75.623)	Acc@5 94.531 (92.774)	Mem 13500MB
Test: [350/391]	Time 4.204 (4.480)	Loss 1.8887 (1.7750)	Acc@1 78.125 (75.650)	Acc@5 91.406 (92.739)	Mem 13500MB
Test: [360/391]	Time 3.983 (4.476)	Loss 1.4883 (1.7757)	Acc@1 75.000 (75.567)	Acc@5 93.750 (92.687)	Mem 13500MB
Test: [370/391]	Time 4.708 (4.471)	Loss 1.5098 (1.7640)	Acc@1 66.406 (75.672)	Acc@5 96.094 (92.769)	Mem 13500MB
Test: [380/391]	Time 3.814 (4.467)	Loss 1.2803 (1.7578)	Acc@1 78.125 (75.703)	Acc@5 95.312 (92.784)	Mem 13500MB
Test: [390/391]	Time 2.592 (4.465)	Loss 2.4961 (1.7481)	Acc@1 44.578 (75.785)	Acc@5 89.157 (92.842)	Mem 13500MB
 * Acc@1 75.785 Acc@5 92.842
01/07 11:40:26 - mmengine - INFO - Because batch augmentations are enabled, the data preprocessor automatically enables the `to_onehot` option to generate one-hot format labels.
01/07 11:40:26 - mmengine - INFO - Loads checkpoint by http backend from path: https://download.openmmlab.com/mmclassification/v0/swin-transformer/swin_tiny_224_b16x64_300e_imagenet_20210616_090925-66df6be6.pth
starting loop: img_size (768, 768)
Test: [0/521]	Time 5.606 (5.606)	Loss 1.4678 (1.4678)	Acc@1 92.708 (92.708)	Acc@5 98.958 (98.958)	Mem 14933MB
Test: [10/521]	Time 4.042 (4.248)	Loss 1.4570 (1.5546)	Acc@1 91.667 (87.027)	Acc@5 93.750 (96.496)	Mem 14933MB
Test: [20/521]	Time 4.158 (4.447)	Loss 1.9561 (1.6944)	Acc@1 76.042 (81.994)	Acc@5 92.708 (94.345)	Mem 14933MB
Test: [30/521]	Time 3.868 (4.381)	Loss 2.0723 (1.7830)	Acc@1 79.167 (79.704)	Acc@5 87.500 (93.851)	Mem 14933MB
Test: [40/521]	Time 4.261 (4.303)	Loss 2.0371 (1.8167)	Acc@1 57.292 (77.160)	Acc@5 85.417 (93.445)	Mem 14933MB
Test: [50/521]	Time 4.306 (4.225)	Loss 1.7715 (1.7762)	Acc@1 80.208 (78.819)	Acc@5 92.708 (93.811)	Mem 14933MB
Test: [60/521]	Time 4.201 (4.173)	Loss 1.0967 (1.7286)	Acc@1 89.583 (79.355)	Acc@5 97.917 (93.835)	Mem 14933MB
Test: [70/521]	Time 4.052 (4.199)	Loss 1.5811 (1.7380)	Acc@1 83.333 (79.313)	Acc@5 93.750 (93.618)	Mem 14933MB
Test: [80/521]	Time 3.553 (4.173)	Loss 2.2520 (1.7179)	Acc@1 78.125 (79.887)	Acc@5 93.750 (93.917)	Mem 14933MB
Test: [90/521]	Time 4.025 (4.145)	Loss 2.2910 (1.7816)	Acc@1 75.000 (79.098)	Acc@5 94.792 (93.761)	Mem 14933MB
Test: [100/521]	Time 3.832 (4.118)	Loss 2.6426 (1.8336)	Acc@1 57.292 (78.259)	Acc@5 86.458 (93.544)	Mem 14933MB
Test: [110/521]	Time 4.016 (4.118)	Loss 2.4082 (1.8770)	Acc@1 71.875 (77.797)	Acc@5 94.792 (93.628)	Mem 14933MB
Test: [120/521]	Time 3.862 (4.106)	Loss 2.1230 (1.9037)	Acc@1 63.542 (77.617)	Acc@5 94.792 (93.543)	Mem 14933MB
Test: [130/521]	Time 3.765 (4.109)	Loss 2.1367 (1.9276)	Acc@1 69.792 (77.195)	Acc@5 95.833 (93.607)	Mem 14933MB
Test: [140/521]	Time 3.790 (4.086)	Loss 1.8389 (1.9303)	Acc@1 83.333 (77.438)	Acc@5 96.875 (93.765)	Mem 14933MB
Test: [150/521]	Time 3.667 (4.086)	Loss 1.3145 (1.9308)	Acc@1 85.417 (77.221)	Acc@5 97.917 (93.709)	Mem 14933MB
Test: [160/521]	Time 3.963 (4.082)	Loss 1.7295 (1.9158)	Acc@1 81.250 (77.362)	Acc@5 95.833 (93.821)	Mem 14933MB
Test: [170/521]	Time 4.148 (4.086)	Loss 1.4551 (1.9052)	Acc@1 83.333 (77.485)	Acc@5 92.708 (93.866)	Mem 14933MB
Test: [180/521]	Time 4.846 (4.077)	Loss 1.8398 (1.8895)	Acc@1 80.208 (77.785)	Acc@5 95.833 (93.917)	Mem 14933MB
Test: [190/521]	Time 3.957 (4.066)	Loss 1.8701 (1.8877)	Acc@1 79.167 (77.738)	Acc@5 90.625 (93.952)	Mem 14933MB
Test: [200/521]	Time 4.677 (4.081)	Loss 1.5479 (1.8896)	Acc@1 71.875 (77.337)	Acc@5 94.792 (93.786)	Mem 14933MB
Test: [210/521]	Time 3.619 (4.087)	Loss 1.4150 (1.8856)	Acc@1 92.708 (77.340)	Acc@5 98.958 (93.760)	Mem 14933MB
Test: [220/521]	Time 3.906 (4.077)	Loss 1.8916 (1.8971)	Acc@1 73.958 (77.031)	Acc@5 93.750 (93.675)	Mem 14933MB
Test: [230/521]	Time 4.579 (4.078)	Loss 2.2383 (1.9091)	Acc@1 63.542 (76.732)	Acc@5 90.625 (93.461)	Mem 14933MB
Test: [240/521]	Time 4.060 (4.092)	Loss 2.2324 (1.9243)	Acc@1 55.208 (76.336)	Acc@5 87.500 (93.262)	Mem 14933MB
Test: [250/521]	Time 3.763 (4.094)	Loss 2.0898 (1.9356)	Acc@1 75.000 (76.067)	Acc@5 94.792 (93.024)	Mem 14933MB
Test: [260/521]	Time 3.623 (4.093)	Loss 2.1289 (1.9475)	Acc@1 73.958 (75.643)	Acc@5 85.417 (92.828)	Mem 14933MB
Test: [270/521]	Time 3.465 (4.083)	Loss 2.0293 (1.9650)	Acc@1 77.083 (75.300)	Acc@5 91.667 (92.674)	Mem 14933MB
Test: [280/521]	Time 4.016 (4.093)	Loss 1.6582 (1.9700)	Acc@1 76.042 (75.078)	Acc@5 93.750 (92.597)	Mem 14933MB
Test: [290/521]	Time 5.225 (4.096)	Loss 2.9121 (1.9768)	Acc@1 53.125 (74.964)	Acc@5 77.083 (92.479)	Mem 14933MB
Test: [300/521]	Time 4.055 (4.092)	Loss 1.2168 (1.9730)	Acc@1 87.500 (75.107)	Acc@5 95.833 (92.497)	Mem 14933MB
Test: [310/521]	Time 4.478 (4.094)	Loss 2.8457 (1.9844)	Acc@1 47.917 (74.869)	Acc@5 79.167 (92.373)	Mem 14933MB
Test: [320/521]	Time 4.510 (4.099)	Loss 1.8936 (1.9865)	Acc@1 80.208 (74.916)	Acc@5 92.708 (92.345)	Mem 14933MB
Test: [330/521]	Time 4.060 (4.099)	Loss 2.8887 (2.0021)	Acc@1 60.417 (74.591)	Acc@5 76.042 (92.085)	Mem 14933MB
Test: [340/521]	Time 4.134 (4.093)	Loss 2.6758 (2.0089)	Acc@1 61.458 (74.386)	Acc@5 87.500 (92.003)	Mem 14933MB
Test: [350/521]	Time 4.063 (4.090)	Loss 2.3184 (2.0158)	Acc@1 63.542 (74.130)	Acc@5 96.875 (91.987)	Mem 14933MB
Test: [360/521]	Time 3.993 (4.090)	Loss 2.8340 (2.0274)	Acc@1 53.125 (73.892)	Acc@5 83.333 (91.843)	Mem 14933MB
Test: [370/521]	Time 4.019 (4.087)	Loss 2.8574 (2.0324)	Acc@1 60.417 (73.852)	Acc@5 88.542 (91.787)	Mem 14933MB
Test: [380/521]	Time 3.886 (4.084)	Loss 2.7148 (2.0325)	Acc@1 61.458 (73.846)	Acc@5 85.417 (91.727)	Mem 14933MB
Test: [390/521]	Time 4.049 (4.080)	Loss 2.6016 (2.0393)	Acc@1 66.667 (73.663)	Acc@5 90.625 (91.621)	Mem 14933MB
Test: [400/521]	Time 4.138 (4.076)	Loss 1.6621 (2.0429)	Acc@1 79.167 (73.576)	Acc@5 91.667 (91.576)	Mem 14933MB
Test: [410/521]	Time 4.127 (4.078)	Loss 2.0117 (2.0485)	Acc@1 75.000 (73.431)	Acc@5 89.583 (91.499)	Mem 14933MB
Test: [420/521]	Time 5.056 (4.075)	Loss 2.3848 (2.0511)	Acc@1 72.917 (73.419)	Acc@5 85.417 (91.461)	Mem 14933MB
Test: [430/521]	Time 3.554 (4.070)	Loss 2.6348 (2.0551)	Acc@1 60.417 (73.320)	Acc@5 86.458 (91.439)	Mem 14933MB
Test: [440/521]	Time 3.648 (4.067)	Loss 2.9766 (2.0682)	Acc@1 53.125 (73.054)	Acc@5 83.333 (91.296)	Mem 14933MB
Test: [450/521]	Time 3.989 (4.068)	Loss 2.3438 (2.0718)	Acc@1 71.875 (73.009)	Acc@5 92.708 (91.267)	Mem 14933MB
Test: [460/521]	Time 3.815 (4.065)	Loss 2.7051 (2.0737)	Acc@1 48.958 (73.048)	Acc@5 71.875 (91.249)	Mem 14933MB
Test: [470/521]	Time 4.217 (4.067)	Loss 1.9414 (2.0750)	Acc@1 79.167 (73.014)	Acc@5 92.708 (91.216)	Mem 14933MB
Test: [480/521]	Time 4.164 (4.068)	Loss 1.5508 (2.0730)	Acc@1 80.208 (72.988)	Acc@5 94.792 (91.208)	Mem 14933MB
Test: [490/521]	Time 4.199 (4.067)	Loss 1.3232 (2.0634)	Acc@1 86.458 (73.089)	Acc@5 97.917 (91.283)	Mem 14933MB
Test: [500/521]	Time 3.599 (4.066)	Loss 2.4023 (2.0509)	Acc@1 57.292 (73.245)	Acc@5 85.417 (91.359)	Mem 14933MB
Test: [510/521]	Time 4.783 (4.063)	Loss 2.2812 (2.0533)	Acc@1 71.875 (73.129)	Acc@5 92.708 (91.332)	Mem 14933MB
Test: [520/521]	Time 3.217 (4.067)	Loss 2.7637 (2.0397)	Acc@1 42.169 (73.308)	Acc@5 81.928 (91.379)	Mem 14933MB
 * Acc@1 73.308 Acc@5 91.379
01/07 12:15:46 - mmengine - INFO - Because batch augmentations are enabled, the data preprocessor automatically enables the `to_onehot` option to generate one-hot format labels.
01/07 12:15:46 - mmengine - INFO - Loads checkpoint by http backend from path: https://download.openmmlab.com/mmclassification/v0/swin-transformer/swin_tiny_224_b16x64_300e_imagenet_20210616_090925-66df6be6.pth
starting loop: img_size (1024, 1024)
Test: [0/695]	Time 4.217 (4.217)	Loss 1.9395 (1.9395)	Acc@1 91.667 (91.667)	Acc@5 98.611 (98.611)	Mem 19184MB
Test: [10/695]	Time 4.307 (4.379)	Loss 2.2207 (2.1996)	Acc@1 84.722 (77.525)	Acc@5 97.222 (94.697)	Mem 19185MB
Test: [20/695]	Time 5.042 (4.434)	Loss 2.0039 (2.1908)	Acc@1 90.278 (77.579)	Acc@5 94.444 (93.915)	Mem 19185MB
Test: [30/695]	Time 4.194 (4.421)	Loss 2.4902 (2.3406)	Acc@1 72.222 (73.387)	Acc@5 90.278 (91.443)	Mem 19185MB
Test: [40/695]	Time 4.160 (4.384)	Loss 2.7422 (2.4367)	Acc@1 62.500 (70.664)	Acc@5 80.556 (89.431)	Mem 19185MB
Test: [50/695]	Time 4.710 (4.376)	Loss 1.7295 (2.4387)	Acc@1 66.667 (69.581)	Acc@5 95.833 (89.461)	Mem 19185MB
Test: [60/695]	Time 4.456 (4.413)	Loss 2.1758 (2.4308)	Acc@1 79.167 (69.353)	Acc@5 94.444 (89.344)	Mem 19185MB
Test: [70/695]	Time 4.455 (4.448)	Loss 1.9756 (2.3800)	Acc@1 81.944 (70.951)	Acc@5 95.833 (89.847)	Mem 19185MB
Test: [80/695]	Time 4.404 (4.434)	Loss 1.4736 (2.3373)	Acc@1 81.944 (71.348)	Acc@5 95.833 (89.849)	Mem 19185MB
Test: [90/695]	Time 4.204 (4.458)	Loss 1.6279 (2.3471)	Acc@1 88.889 (71.276)	Acc@5 97.222 (89.621)	Mem 19185MB
Test: [100/695]	Time 4.437 (4.495)	Loss 1.9707 (2.3304)	Acc@1 86.111 (71.920)	Acc@5 95.833 (89.865)	Mem 19185MB
Test: [110/695]	Time 4.307 (4.495)	Loss 3.1152 (2.3406)	Acc@1 59.722 (71.822)	Acc@5 91.667 (90.065)	Mem 19185MB
Test: [120/695]	Time 4.336 (4.484)	Loss 3.2109 (2.3952)	Acc@1 56.944 (71.166)	Acc@5 83.333 (89.727)	Mem 19185MB
Test: [130/695]	Time 4.692 (4.477)	Loss 3.3926 (2.4433)	Acc@1 56.944 (70.642)	Acc@5 79.167 (89.472)	Mem 19185MB
Test: [140/695]	Time 4.834 (4.467)	Loss 3.1074 (2.4936)	Acc@1 61.111 (69.582)	Acc@5 80.556 (89.125)	Mem 19185MB
Test: [150/695]	Time 3.974 (4.470)	Loss 2.4414 (2.5281)	Acc@1 93.056 (69.352)	Acc@5 95.833 (89.091)	Mem 19185MB
Test: [160/695]	Time 4.715 (4.464)	Loss 3.0176 (2.5615)	Acc@1 61.111 (68.910)	Acc@5 87.500 (88.958)	Mem 19185MB
Test: [170/695]	Time 5.320 (4.478)	Loss 3.0820 (2.5939)	Acc@1 69.444 (68.332)	Acc@5 87.500 (88.824)	Mem 19185MB
Test: [180/695]	Time 4.694 (4.491)	Loss 2.5312 (2.6045)	Acc@1 77.778 (68.247)	Acc@5 94.444 (88.874)	Mem 19185MB
Test: [190/695]	Time 3.868 (4.491)	Loss 2.3398 (2.6196)	Acc@1 80.556 (67.954)	Acc@5 93.056 (88.853)	Mem 19185MB
Test: [200/695]	Time 4.334 (4.485)	Loss 1.8555 (2.6165)	Acc@1 76.389 (67.904)	Acc@5 98.611 (88.944)	Mem 19185MB
Test: [210/695]	Time 4.533 (4.492)	Loss 2.5645 (2.5997)	Acc@1 59.722 (68.148)	Acc@5 88.889 (89.106)	Mem 19185MB
Test: [220/695]	Time 4.666 (4.504)	Loss 2.2129 (2.6063)	Acc@1 79.167 (67.949)	Acc@5 93.056 (88.989)	Mem 19185MB
Test: [230/695]	Time 4.037 (4.500)	Loss 2.0996 (2.5824)	Acc@1 83.333 (68.314)	Acc@5 98.611 (89.159)	Mem 19185MB
Test: [240/695]	Time 4.015 (4.482)	Loss 3.0273 (2.5675)	Acc@1 48.611 (68.522)	Acc@5 86.111 (89.240)	Mem 19185MB
Test: [250/695]	Time 4.327 (4.466)	Loss 3.1602 (2.5625)	Acc@1 50.000 (68.471)	Acc@5 81.944 (89.370)	Mem 19185MB
Test: [260/695]	Time 3.911 (4.448)	Loss 2.6406 (2.5606)	Acc@1 61.111 (68.354)	Acc@5 80.556 (89.272)	Mem 19185MB
Test: [270/695]	Time 4.409 (4.443)	Loss 2.1641 (2.5523)	Acc@1 86.111 (68.240)	Acc@5 91.667 (89.253)	Mem 19185MB
Test: [280/695]	Time 2.909 (4.425)	Loss 1.9795 (2.5484)	Acc@1 76.389 (68.229)	Acc@5 95.833 (89.195)	Mem 19185MB
Test: [290/695]	Time 3.913 (4.413)	Loss 2.3418 (2.5576)	Acc@1 79.167 (67.965)	Acc@5 98.611 (89.037)	Mem 19185MB
Test: [300/695]	Time 4.012 (4.400)	Loss 3.3516 (2.5664)	Acc@1 51.389 (67.848)	Acc@5 84.722 (88.967)	Mem 19185MB
Test: [310/695]	Time 2.757 (4.383)	Loss 3.4316 (2.5852)	Acc@1 43.056 (67.354)	Acc@5 83.333 (88.634)	Mem 19185MB
Test: [320/695]	Time 3.565 (4.371)	Loss 2.7695 (2.5973)	Acc@1 47.222 (67.043)	Acc@5 83.333 (88.452)	Mem 19185MB
Test: [330/695]	Time 4.028 (4.365)	Loss 1.7305 (2.6079)	Acc@1 88.889 (66.830)	Acc@5 97.222 (88.259)	Mem 19185MB
Test: [340/695]	Time 3.899 (4.355)	Loss 2.2617 (2.6164)	Acc@1 66.667 (66.443)	Acc@5 88.889 (88.123)	Mem 19185MB
Test: [350/695]	Time 3.945 (4.350)	Loss 3.7422 (2.6315)	Acc@1 50.000 (66.101)	Acc@5 75.000 (87.876)	Mem 19185MB
Test: [360/695]	Time 4.083 (4.340)	Loss 3.0391 (2.6443)	Acc@1 62.500 (65.828)	Acc@5 80.556 (87.715)	Mem 19185MB
Test: [370/695]	Time 4.126 (4.335)	Loss 1.5137 (2.6525)	Acc@1 79.167 (65.566)	Acc@5 90.278 (87.526)	Mem 19185MB
Test: [380/695]	Time 4.068 (4.328)	Loss 2.1035 (2.6525)	Acc@1 48.611 (65.471)	Acc@5 90.278 (87.464)	Mem 19185MB
Test: [390/695]	Time 4.400 (4.323)	Loss 2.9395 (2.6592)	Acc@1 66.667 (65.349)	Acc@5 86.111 (87.326)	Mem 19185MB
Test: [400/695]	Time 3.851 (4.317)	Loss 1.6211 (2.6590)	Acc@1 84.722 (65.378)	Acc@5 94.444 (87.306)	Mem 19185MB
Test: [410/695]	Time 4.039 (4.310)	Loss 2.4590 (2.6679)	Acc@1 69.444 (65.153)	Acc@5 86.111 (87.216)	Mem 19185MB
Test: [420/695]	Time 3.823 (4.306)	Loss 2.7969 (2.6759)	Acc@1 70.833 (65.014)	Acc@5 87.500 (87.160)	Mem 19185MB
Test: [430/695]	Time 4.227 (4.301)	Loss 3.8457 (2.6813)	Acc@1 27.778 (64.965)	Acc@5 61.111 (87.036)	Mem 19185MB
Test: [440/695]	Time 4.154 (4.301)	Loss 3.4395 (2.6889)	Acc@1 44.444 (64.777)	Acc@5 75.000 (86.936)	Mem 19185MB
Test: [450/695]	Time 4.497 (4.304)	Loss 2.7070 (2.6910)	Acc@1 63.889 (64.723)	Acc@5 84.722 (86.872)	Mem 19185MB
Test: [460/695]	Time 4.998 (4.344)	Loss 2.6855 (2.7002)	Acc@1 65.278 (64.494)	Acc@5 91.667 (86.762)	Mem 19185MB
Test: [470/695]	Time 4.434 (4.364)	Loss 3.2441 (2.7081)	Acc@1 56.944 (64.334)	Acc@5 81.944 (86.722)	Mem 19185MB
Test: [480/695]	Time 4.889 (4.373)	Loss 3.5312 (2.7116)	Acc@1 48.611 (64.247)	Acc@5 77.778 (86.637)	Mem 19185MB
Test: [490/695]	Time 4.645 (4.386)	Loss 2.8848 (2.7134)	Acc@1 63.889 (64.251)	Acc@5 84.722 (86.592)	Mem 19185MB
Test: [500/695]	Time 4.773 (4.397)	Loss 2.7402 (2.7142)	Acc@1 68.056 (64.255)	Acc@5 80.556 (86.588)	Mem 19185MB
Test: [510/695]	Time 4.714 (4.404)	Loss 3.0938 (2.7196)	Acc@1 52.778 (64.098)	Acc@5 73.611 (86.445)	Mem 19185MB
Test: [520/695]	Time 5.094 (4.412)	Loss 3.1152 (2.7213)	Acc@1 59.722 (64.067)	Acc@5 87.500 (86.399)	Mem 19185MB
Test: [530/695]	Time 4.806 (4.422)	Loss 3.3359 (2.7261)	Acc@1 44.444 (63.931)	Acc@5 75.000 (86.313)	Mem 19185MB
Test: [540/695]	Time 4.275 (4.433)	Loss 3.6895 (2.7344)	Acc@1 45.833 (63.802)	Acc@5 69.444 (86.137)	Mem 19185MB
Test: [550/695]	Time 4.246 (4.443)	Loss 3.8184 (2.7363)	Acc@1 45.833 (63.788)	Acc@5 70.833 (86.116)	Mem 19185MB
Test: [560/695]	Time 5.931 (4.457)	Loss 2.9297 (2.7363)	Acc@1 62.500 (63.787)	Acc@5 81.944 (86.111)	Mem 19185MB
Test: [570/695]	Time 4.518 (4.466)	Loss 2.2344 (2.7363)	Acc@1 84.722 (63.775)	Acc@5 95.833 (86.116)	Mem 19185MB
Test: [580/695]	Time 4.460 (4.473)	Loss 3.5977 (2.7425)	Acc@1 45.833 (63.652)	Acc@5 77.778 (86.078)	Mem 19185MB
Test: [590/695]	Time 4.466 (4.479)	Loss 3.4727 (2.7522)	Acc@1 51.389 (63.433)	Acc@5 83.333 (85.980)	Mem 19185MB
Test: [600/695]	Time 4.290 (4.482)	Loss 3.2324 (2.7531)	Acc@1 48.611 (63.471)	Acc@5 86.111 (85.968)	Mem 19185MB
Test: [610/695]	Time 4.547 (4.489)	Loss 2.6816 (2.7547)	Acc@1 69.444 (63.464)	Acc@5 87.500 (85.975)	Mem 19185MB
Test: [620/695]	Time 4.837 (4.501)	Loss 2.7051 (2.7575)	Acc@1 61.111 (63.435)	Acc@5 88.889 (85.910)	Mem 19185MB
Test: [630/695]	Time 4.494 (4.508)	Loss 3.2656 (2.7591)	Acc@1 44.444 (63.378)	Acc@5 81.944 (85.887)	Mem 19185MB
Test: [640/695]	Time 4.869 (4.511)	Loss 2.0684 (2.7550)	Acc@1 75.000 (63.412)	Acc@5 88.889 (85.905)	Mem 19185MB
Test: [650/695]	Time 4.278 (4.516)	Loss 1.3975 (2.7479)	Acc@1 80.556 (63.492)	Acc@5 95.833 (85.964)	Mem 19185MB
Test: [660/695]	Time 3.928 (4.511)	Loss 1.8828 (2.7333)	Acc@1 80.556 (63.698)	Acc@5 94.444 (86.111)	Mem 19185MB
Test: [670/695]	Time 4.104 (4.506)	Loss 2.6934 (2.7242)	Acc@1 69.444 (63.876)	Acc@5 90.278 (86.181)	Mem 19185MB
Test: [680/695]	Time 4.560 (4.502)	Loss 2.8945 (2.7267)	Acc@1 62.500 (63.752)	Acc@5 83.333 (86.168)	Mem 19185MB
Test: [690/695]	Time 6.570 (4.504)	Loss 1.6494 (2.7121)	Acc@1 90.278 (64.011)	Acc@5 97.222 (86.266)	Mem 19185MB
 * Acc@1 64.024 Acc@5 86.261
01/07 13:07:54 - mmengine - INFO - Because batch augmentations are enabled, the data preprocessor automatically enables the `to_onehot` option to generate one-hot format labels.
01/07 13:07:54 - mmengine - INFO - Loads checkpoint by http backend from path: https://download.openmmlab.com/mmclassification/v0/swin-transformer/swin_tiny_224_b16x64_300e_imagenet_20210616_090925-66df6be6.pth
starting loop: img_size (1120, 1120)
Test: [0/834]	Time 3.975 (3.975)	Loss 2.0059 (2.0059)	Acc@1 86.667 (86.667)	Acc@5 96.667 (96.667)	Mem 19185MB
Test: [10/834]	Time 3.554 (3.996)	Loss 2.7168 (2.4371)	Acc@1 71.667 (68.788)	Acc@5 93.333 (91.667)	Mem 19185MB
Test: [20/834]	Time 4.101 (3.991)	Loss 1.9922 (2.4758)	Acc@1 85.000 (69.444)	Acc@5 95.000 (91.825)	Mem 19185MB
Test: [30/834]	Time 4.380 (4.008)	Loss 2.9844 (2.5570)	Acc@1 51.667 (67.043)	Acc@5 86.667 (89.140)	Mem 19185MB
Test: [40/834]	Time 3.834 (4.016)	Loss 2.7676 (2.6248)	Acc@1 76.667 (65.854)	Acc@5 90.000 (88.374)	Mem 19185MB
Test: [50/834]	Time 3.880 (4.016)	Loss 3.3652 (2.6999)	Acc@1 26.667 (63.301)	Acc@5 71.667 (86.307)	Mem 19185MB
Test: [60/834]	Time 4.193 (4.024)	Loss 1.7686 (2.6700)	Acc@1 61.667 (63.333)	Acc@5 95.000 (86.667)	Mem 19185MB
Test: [70/834]	Time 4.178 (4.069)	Loss 2.4434 (2.6578)	Acc@1 75.000 (62.864)	Acc@5 86.667 (86.432)	Mem 19185MB
Test: [80/834]	Time 4.062 (4.065)	Loss 2.7109 (2.6213)	Acc@1 63.333 (64.815)	Acc@5 81.667 (87.016)	Mem 19185MB
Test: [90/834]	Time 5.170 (4.172)	Loss 2.0488 (2.5917)	Acc@1 58.333 (65.330)	Acc@5 88.333 (86.941)	Mem 19185MB
Test: [100/834]	Time 4.835 (4.231)	Loss 2.4922 (2.5564)	Acc@1 61.667 (65.891)	Acc@5 83.333 (87.145)	Mem 19185MB
Test: [110/834]	Time 4.587 (4.299)	Loss 2.6016 (2.5656)	Acc@1 70.000 (65.931)	Acc@5 91.667 (87.087)	Mem 19185MB
Test: [120/834]	Time 5.816 (4.391)	Loss 2.3125 (2.5533)	Acc@1 80.000 (66.419)	Acc@5 93.333 (87.273)	Mem 19185MB
Test: [130/834]	Time 4.406 (4.429)	Loss 2.8613 (2.5493)	Acc@1 78.333 (66.539)	Acc@5 93.333 (87.405)	Mem 19185MB
Test: [140/834]	Time 4.369 (4.434)	Loss 2.4746 (2.5951)	Acc@1 88.333 (65.957)	Acc@5 96.667 (87.187)	Mem 19185MB
Test: [150/834]	Time 4.200 (4.452)	Loss 3.2695 (2.6291)	Acc@1 51.667 (65.773)	Acc@5 78.333 (87.064)	Mem 19185MB
Test: [160/834]	Time 5.450 (4.486)	Loss 3.8281 (2.6829)	Acc@1 36.667 (64.793)	Acc@5 66.667 (86.646)	Mem 19185MB
Test: [170/834]	Time 5.143 (4.516)	Loss 3.4297 (2.7236)	Acc@1 40.000 (63.840)	Acc@5 78.333 (86.267)	Mem 19185MB
Test: [180/834]	Time 7.330 (4.544)	Loss 2.5938 (2.7564)	Acc@1 85.000 (63.545)	Acc@5 95.000 (85.976)	Mem 19185MB
Test: [190/834]	Time 5.107 (4.574)	Loss 2.8242 (2.7865)	Acc@1 73.333 (63.159)	Acc@5 86.667 (85.698)	Mem 19185MB
Test: [200/834]	Time 4.312 (4.602)	Loss 3.4922 (2.8221)	Acc@1 40.000 (62.363)	Acc@5 85.000 (85.431)	Mem 19185MB
Test: [210/834]	Time 4.371 (4.649)	Loss 2.5234 (2.8407)	Acc@1 81.667 (62.014)	Acc@5 91.667 (85.245)	Mem 19185MB
Test: [220/834]	Time 8.069 (4.708)	Loss 3.6562 (2.8531)	Acc@1 43.333 (61.931)	Acc@5 75.000 (85.332)	Mem 19185MB
Test: [230/834]	Time 5.045 (4.756)	Loss 3.1289 (2.8601)	Acc@1 58.333 (61.739)	Acc@5 80.000 (85.289)	Mem 19185MB
Test: [240/834]	Time 5.018 (4.777)	Loss 1.8379 (2.8573)	Acc@1 76.667 (61.708)	Acc@5 100.000 (85.415)	Mem 19185MB
Test: [250/834]	Time 4.223 (4.773)	Loss 2.0996 (2.8407)	Acc@1 68.333 (62.078)	Acc@5 88.333 (85.604)	Mem 19185MB
Test: [260/834]	Time 4.671 (4.769)	Loss 3.2930 (2.8413)	Acc@1 45.000 (61.922)	Acc@5 85.000 (85.600)	Mem 19185MB
Test: [270/834]	Time 4.484 (4.760)	Loss 1.4639 (2.8297)	Acc@1 90.000 (62.263)	Acc@5 100.000 (85.726)	Mem 19185MB
Test: [280/834]	Time 4.506 (4.753)	Loss 2.8418 (2.8114)	Acc@1 53.333 (62.622)	Acc@5 88.333 (85.848)	Mem 19185MB
Test: [290/834]	Time 4.178 (4.737)	Loss 3.5137 (2.8076)	Acc@1 33.333 (62.440)	Acc@5 68.333 (85.762)	Mem 19185MB
Test: [300/834]	Time 4.342 (4.724)	Loss 3.5566 (2.7987)	Acc@1 38.333 (62.553)	Acc@5 76.667 (85.941)	Mem 19185MB
Test: [310/834]	Time 5.033 (4.718)	Loss 2.9980 (2.7934)	Acc@1 46.667 (62.610)	Acc@5 85.000 (85.927)	Mem 19185MB
Test: [320/834]	Time 4.069 (4.717)	Loss 1.7080 (2.7861)	Acc@1 76.667 (62.425)	Acc@5 93.333 (85.877)	Mem 19185MB
Test: [330/834]	Time 4.823 (4.719)	Loss 1.9932 (2.7773)	Acc@1 71.667 (62.437)	Acc@5 90.000 (85.891)	Mem 19185MB
Test: [340/834]	Time 4.658 (4.711)	Loss 3.2148 (2.7776)	Acc@1 55.000 (62.454)	Acc@5 85.000 (85.938)	Mem 19185MB
Test: [350/834]	Time 4.417 (4.708)	Loss 3.7305 (2.7934)	Acc@1 55.000 (62.175)	Acc@5 83.333 (85.674)	Mem 19185MB
Test: [360/834]	Time 3.995 (4.702)	Loss 3.5371 (2.7994)	Acc@1 38.333 (62.059)	Acc@5 86.667 (85.614)	Mem 19185MB
Test: [370/834]	Time 5.033 (4.699)	Loss 3.2090 (2.8149)	Acc@1 66.667 (61.757)	Acc@5 80.000 (85.292)	Mem 19185MB
Test: [380/834]	Time 4.968 (4.695)	Loss 3.6836 (2.8297)	Acc@1 45.000 (61.347)	Acc@5 78.333 (85.026)	Mem 19185MB
Test: [390/834]	Time 4.181 (4.697)	Loss 3.0645 (2.8416)	Acc@1 51.667 (61.053)	Acc@5 83.333 (84.778)	Mem 19185MB
Test: [400/834]	Time 4.028 (4.695)	Loss 3.1660 (2.8518)	Acc@1 61.667 (60.873)	Acc@5 81.667 (84.580)	Mem 19185MB
Test: [410/834]	Time 4.272 (4.687)	Loss 3.8008 (2.8574)	Acc@1 40.000 (60.629)	Acc@5 65.000 (84.481)	Mem 19185MB
Test: [420/834]	Time 4.620 (4.683)	Loss 3.9824 (2.8708)	Acc@1 41.667 (60.329)	Acc@5 70.000 (84.272)	Mem 19185MB
Test: [430/834]	Time 4.590 (4.679)	Loss 4.0078 (2.8836)	Acc@1 40.000 (60.000)	Acc@5 70.000 (84.091)	Mem 19185MB
Test: [440/834]	Time 4.447 (4.682)	Loss 3.1211 (2.8915)	Acc@1 70.000 (59.830)	Acc@5 80.000 (83.942)	Mem 19185MB
Test: [450/834]	Time 4.083 (4.675)	Loss 2.1816 (2.8885)	Acc@1 78.333 (59.911)	Acc@5 91.667 (83.914)	Mem 19185MB
Test: [460/834]	Time 4.355 (4.668)	Loss 3.1289 (2.8976)	Acc@1 70.000 (59.595)	Acc@5 81.667 (83.760)	Mem 19185MB
Test: [470/834]	Time 4.892 (4.667)	Loss 3.0781 (2.9024)	Acc@1 45.000 (59.476)	Acc@5 78.333 (83.655)	Mem 19185MB
Test: [480/834]	Time 4.323 (4.661)	Loss 1.7852 (2.9026)	Acc@1 85.000 (59.536)	Acc@5 90.000 (83.617)	Mem 19185MB
Test: [490/834]	Time 4.447 (4.656)	Loss 2.6602 (2.9109)	Acc@1 70.000 (59.318)	Acc@5 83.333 (83.500)	Mem 19185MB
Test: [500/834]	Time 4.259 (4.655)	Loss 4.1250 (2.9169)	Acc@1 30.000 (59.172)	Acc@5 63.333 (83.413)	Mem 19185MB
Test: [510/834]	Time 4.211 (4.648)	Loss 2.5820 (2.9183)	Acc@1 78.333 (59.214)	Acc@5 91.667 (83.395)	Mem 19185MB
Test: [520/834]	Time 4.530 (4.647)	Loss 3.1816 (2.9306)	Acc@1 51.667 (58.954)	Acc@5 76.667 (83.154)	Mem 19185MB
Test: [530/834]	Time 4.305 (4.643)	Loss 2.9844 (2.9333)	Acc@1 60.000 (58.879)	Acc@5 88.333 (83.158)	Mem 19185MB
Test: [540/834]	Time 4.367 (4.638)	Loss 2.9902 (2.9345)	Acc@1 56.667 (58.863)	Acc@5 83.333 (83.093)	Mem 19185MB
Test: [550/834]	Time 4.142 (4.631)	Loss 2.6641 (2.9446)	Acc@1 75.000 (58.596)	Acc@5 93.333 (82.934)	Mem 19185MB
Test: [560/834]	Time 4.103 (4.625)	Loss 2.4082 (2.9481)	Acc@1 81.667 (58.586)	Acc@5 93.333 (82.909)	Mem 19185MB
Test: [570/834]	Time 3.840 (4.620)	Loss 2.5391 (2.9537)	Acc@1 80.000 (58.526)	Acc@5 93.333 (82.904)	Mem 19185MB
Test: [580/834]	Time 4.273 (4.616)	Loss 3.7109 (2.9559)	Acc@1 45.000 (58.451)	Acc@5 75.000 (82.800)	Mem 19185MB
Test: [590/834]	Time 3.992 (4.613)	Loss 2.9570 (2.9577)	Acc@1 71.667 (58.522)	Acc@5 81.667 (82.792)	Mem 19185MB
Test: [600/834]	Time 4.193 (4.613)	Loss 2.8965 (2.9575)	Acc@1 70.000 (58.530)	Acc@5 78.333 (82.790)	Mem 19185MB
Test: [610/834]	Time 6.335 (4.640)	Loss 3.5449 (2.9606)	Acc@1 50.000 (58.440)	Acc@5 70.000 (82.668)	Mem 19185MB
Test: [620/834]	Time 3.992 (4.654)	Loss 3.5215 (2.9627)	Acc@1 50.000 (58.417)	Acc@5 83.333 (82.609)	Mem 19185MB
Test: [630/834]	Time 11.654 (4.683)	Loss 2.8906 (2.9646)	Acc@1 70.000 (58.349)	Acc@5 86.667 (82.575)	Mem 19185MB
Test: [640/834]	Time 6.247 (4.704)	Loss 2.4121 (2.9702)	Acc@1 73.333 (58.242)	Acc@5 83.333 (82.416)	Mem 19185MB
Test: [650/834]	Time 7.013 (4.716)	Loss 2.7578 (2.9765)	Acc@1 35.000 (58.136)	Acc@5 88.333 (82.307)	Mem 19185MB
Test: [660/834]	Time 4.759 (4.716)	Loss 3.9902 (2.9791)	Acc@1 38.333 (58.122)	Acc@5 60.000 (82.254)	Mem 19185MB
Test: [670/834]	Time 5.195 (4.730)	Loss 3.1875 (2.9778)	Acc@1 71.667 (58.192)	Acc@5 91.667 (82.258)	Mem 19185MB
Test: [680/834]	Time 7.374 (4.744)	Loss 2.7109 (2.9787)	Acc@1 73.333 (58.128)	Acc@5 86.667 (82.230)	Mem 19185MB
Test: [690/834]	Time 5.877 (4.767)	Loss 3.4922 (2.9814)	Acc@1 38.333 (58.082)	Acc@5 75.000 (82.231)	Mem 19185MB
Test: [700/834]	Time 5.331 (4.777)	Loss 3.2578 (2.9890)	Acc@1 56.667 (57.908)	Acc@5 78.333 (82.149)	Mem 19185MB
Test: [710/834]	Time 4.663 (4.772)	Loss 2.7930 (2.9956)	Acc@1 61.667 (57.790)	Acc@5 83.333 (82.086)	Mem 19185MB
Test: [720/834]	Time 4.549 (4.765)	Loss 3.7070 (2.9952)	Acc@1 30.000 (57.864)	Acc@5 76.667 (82.092)	Mem 19185MB
Test: [730/834]	Time 4.295 (4.758)	Loss 4.3516 (2.9982)	Acc@1 25.000 (57.782)	Acc@5 56.667 (82.068)	Mem 19185MB
Test: [740/834]	Time 4.798 (4.753)	Loss 3.2051 (3.0010)	Acc@1 63.333 (57.742)	Acc@5 81.667 (82.013)	Mem 19185MB
Test: [750/834]	Time 4.208 (4.751)	Loss 2.4395 (3.0027)	Acc@1 78.333 (57.688)	Acc@5 88.333 (81.993)	Mem 19185MB
Test: [760/834]	Time 4.386 (4.748)	Loss 2.0605 (3.0027)	Acc@1 83.333 (57.624)	Acc@5 93.333 (81.965)	Mem 19185MB
Test: [770/834]	Time 4.348 (4.744)	Loss 2.4062 (2.9974)	Acc@1 60.000 (57.722)	Acc@5 85.000 (82.038)	Mem 19185MB
Test: [780/834]	Time 4.655 (4.739)	Loss 1.5781 (2.9913)	Acc@1 78.333 (57.828)	Acc@5 91.667 (82.113)	Mem 19185MB
Test: [790/834]	Time 4.337 (4.736)	Loss 2.1543 (2.9774)	Acc@1 78.333 (58.053)	Acc@5 90.000 (82.269)	Mem 19185MB
Test: [800/834]	Time 4.398 (4.727)	Loss 2.7285 (2.9661)	Acc@1 58.333 (58.306)	Acc@5 88.333 (82.403)	Mem 19185MB
Test: [810/834]	Time 3.982 (4.721)	Loss 2.8125 (2.9681)	Acc@1 41.667 (58.208)	Acc@5 90.000 (82.367)	Mem 19185MB
Test: [820/834]	Time 4.232 (4.717)	Loss 1.4805 (2.9660)	Acc@1 91.667 (58.230)	Acc@5 95.000 (82.379)	Mem 19185MB
Test: [830/834]	Time 6.000 (4.721)	Loss 1.6826 (2.9487)	Acc@1 86.667 (58.552)	Acc@5 90.000 (82.529)	Mem 19185MB
 * Acc@1 58.500 Acc@5 82.507
01/07 14:13:32 - mmengine - INFO - Because batch augmentations are enabled, the data preprocessor automatically enables the `to_onehot` option to generate one-hot format labels.
01/07 14:13:33 - mmengine - INFO - Loads checkpoint by http backend from path: https://download.openmmlab.com/mmclassification/v0/swin-transformer/swin_tiny_224_b16x64_300e_imagenet_20210616_090925-66df6be6.pth
starting loop: img_size (1280, 1280)
Test: [0/1563]	Time 2.837 (2.837)	Loss 2.3926 (2.3926)	Acc@1 90.625 (90.625)	Acc@5 96.875 (96.875)	Mem 19185MB
Test: [10/1563]	Time 3.998 (3.445)	Loss 3.5566 (2.6792)	Acc@1 6.250 (54.261)	Acc@5 62.500 (87.500)	Mem 19185MB
Test: [20/1563]	Time 5.001 (3.700)	Loss 3.3848 (2.9091)	Acc@1 53.125 (58.333)	Acc@5 96.875 (86.607)	Mem 19185MB
Test: [30/1563]	Time 3.142 (3.500)	Loss 3.1055 (2.9984)	Acc@1 75.000 (57.056)	Acc@5 90.625 (86.391)	Mem 19185MB
Test: [40/1563]	Time 4.739 (3.613)	Loss 2.2031 (2.9419)	Acc@1 71.875 (58.460)	Acc@5 93.750 (86.433)	Mem 19185MB
Test: [50/1563]	Time 3.859 (3.598)	Loss 3.2383 (2.9074)	Acc@1 65.625 (59.436)	Acc@5 87.500 (86.397)	Mem 19185MB
Test: [60/1563]	Time 3.744 (3.546)	Loss 3.0801 (3.0147)	Acc@1 65.625 (56.762)	Acc@5 93.750 (83.504)	Mem 19185MB
Test: [70/1563]	Time 3.033 (3.544)	Loss 3.6348 (3.0205)	Acc@1 50.000 (56.866)	Acc@5 68.750 (83.187)	Mem 19185MB
Test: [80/1563]	Time 2.698 (3.540)	Loss 3.2812 (3.1090)	Acc@1 62.500 (55.093)	Acc@5 71.875 (81.250)	Mem 19185MB
Test: [90/1563]	Time 3.361 (3.518)	Loss 3.2129 (3.1220)	Acc@1 43.750 (54.155)	Acc@5 68.750 (80.288)	Mem 19185MB
Test: [100/1563]	Time 3.027 (3.447)	Loss 2.8652 (3.1398)	Acc@1 56.250 (53.620)	Acc@5 87.500 (79.920)	Mem 19185MB
Test: [110/1563]	Time 2.435 (3.366)	Loss 3.0488 (3.1021)	Acc@1 68.750 (53.970)	Acc@5 84.375 (80.490)	Mem 19185MB
Test: [120/1563]	Time 2.977 (3.313)	Loss 3.3496 (3.0847)	Acc@1 34.375 (53.125)	Acc@5 78.125 (80.759)	Mem 19185MB
Test: [130/1563]	Time 2.457 (3.257)	Loss 1.4961 (3.0773)	Acc@1 96.875 (53.364)	Acc@5 100.000 (80.510)	Mem 19185MB
Test: [140/1563]	Time 2.494 (3.220)	Loss 3.1992 (3.0710)	Acc@1 68.750 (54.566)	Acc@5 87.500 (80.740)	Mem 19185MB
Test: [150/1563]	Time 2.486 (3.185)	Loss 3.1641 (3.0441)	Acc@1 59.375 (55.484)	Acc@5 75.000 (81.250)	Mem 19185MB
Test: [160/1563]	Time 2.611 (3.157)	Loss 1.5654 (3.0146)	Acc@1 96.875 (56.250)	Acc@5 96.875 (81.561)	Mem 19185MB
Test: [170/1563]	Time 3.314 (3.125)	Loss 1.8057 (3.0090)	Acc@1 65.625 (56.012)	Acc@5 84.375 (81.159)	Mem 19185MB
Test: [180/1563]	Time 2.804 (3.099)	Loss 2.0117 (2.9779)	Acc@1 71.875 (56.682)	Acc@5 93.750 (81.423)	Mem 19185MB
Test: [190/1563]	Time 2.482 (3.073)	Loss 2.5898 (2.9652)	Acc@1 68.750 (57.019)	Acc@5 84.375 (81.348)	Mem 19185MB
Test: [200/1563]	Time 2.760 (3.050)	Loss 2.3906 (2.9857)	Acc@1 78.125 (56.421)	Acc@5 96.875 (80.986)	Mem 19185MB
Test: [210/1563]	Time 2.722 (3.030)	Loss 3.9082 (2.9856)	Acc@1 34.375 (56.620)	Acc@5 53.125 (81.072)	Mem 19185MB
Test: [220/1563]	Time 2.545 (3.008)	Loss 2.9883 (2.9796)	Acc@1 56.250 (56.745)	Acc@5 87.500 (81.377)	Mem 19185MB
Test: [230/1563]	Time 2.142 (2.987)	Loss 1.5996 (2.9665)	Acc@1 78.125 (56.994)	Acc@5 93.750 (81.534)	Mem 19185MB
Test: [240/1563]	Time 2.408 (2.971)	Loss 3.0859 (2.9501)	Acc@1 68.750 (57.365)	Acc@5 90.625 (81.859)	Mem 19185MB
Test: [250/1563]	Time 2.730 (2.954)	Loss 2.7891 (2.9723)	Acc@1 78.125 (57.159)	Acc@5 93.750 (81.760)	Mem 19185MB
Test: [260/1563]	Time 2.463 (2.936)	Loss 3.8945 (3.0043)	Acc@1 31.250 (56.609)	Acc@5 87.500 (81.466)	Mem 19185MB
Test: [270/1563]	Time 2.823 (2.937)	Loss 3.9961 (3.0236)	Acc@1 43.750 (56.492)	Acc@5 62.500 (81.331)	Mem 19185MB
Test: [280/1563]	Time 3.281 (2.929)	Loss 3.8047 (3.0366)	Acc@1 50.000 (56.517)	Acc@5 59.375 (81.228)	Mem 19185MB
Test: [290/1563]	Time 2.391 (2.914)	Loss 3.9219 (3.0683)	Acc@1 40.625 (55.788)	Acc@5 71.875 (80.777)	Mem 19185MB
Test: [300/1563]	Time 2.391 (2.903)	Loss 4.2891 (3.0948)	Acc@1 31.250 (55.212)	Acc@5 65.625 (80.534)	Mem 19185MB
Test: [310/1563]	Time 2.355 (2.894)	Loss 3.2754 (3.1221)	Acc@1 68.750 (54.682)	Acc@5 90.625 (80.105)	Mem 19185MB
Test: [320/1563]	Time 2.422 (2.880)	Loss 3.9414 (3.1413)	Acc@1 34.375 (54.293)	Acc@5 65.625 (79.945)	Mem 19185MB
Test: [330/1563]	Time 2.483 (2.868)	Loss 3.8750 (3.1619)	Acc@1 37.500 (53.956)	Acc@5 75.000 (79.645)	Mem 19185MB
Test: [340/1563]	Time 2.524 (2.862)	Loss 3.9023 (3.1779)	Acc@1 50.000 (53.922)	Acc@5 68.750 (79.500)	Mem 19185MB
Test: [350/1563]	Time 2.513 (2.857)	Loss 3.8789 (3.1961)	Acc@1 43.750 (53.490)	Acc@5 62.500 (79.184)	Mem 19185MB
Test: [360/1563]	Time 2.468 (2.853)	Loss 4.1602 (3.2101)	Acc@1 40.625 (53.315)	Acc@5 71.875 (79.043)	Mem 19185MB
Test: [370/1563]	Time 2.518 (2.847)	Loss 3.6973 (3.2296)	Acc@1 31.250 (52.830)	Acc@5 71.875 (78.723)	Mem 19185MB
Test: [380/1563]	Time 2.833 (2.844)	Loss 4.0781 (3.2519)	Acc@1 21.875 (52.346)	Acc@5 53.125 (78.363)	Mem 19185MB
Test: [390/1563]	Time 2.985 (2.843)	Loss 4.0508 (3.2672)	Acc@1 12.500 (52.030)	Acc@5 62.500 (78.117)	Mem 19185MB
Test: [400/1563]	Time 3.091 (2.844)	Loss 3.9355 (3.2676)	Acc@1 25.000 (52.081)	Acc@5 59.375 (78.172)	Mem 19185MB
Test: [410/1563]	Time 2.704 (2.843)	Loss 3.5723 (3.2740)	Acc@1 56.250 (52.038)	Acc@5 87.500 (78.155)	Mem 19185MB
Test: [420/1563]	Time 3.147 (2.847)	Loss 3.3828 (3.2887)	Acc@1 56.250 (51.640)	Acc@5 84.375 (77.925)	Mem 19185MB
Test: [430/1563]	Time 2.872 (2.847)	Loss 2.9414 (3.2878)	Acc@1 53.125 (51.675)	Acc@5 84.375 (77.915)	Mem 19185MB
Test: [440/1563]	Time 3.018 (2.848)	Loss 3.6250 (3.2872)	Acc@1 31.250 (51.616)	Acc@5 78.125 (77.997)	Mem 19185MB
Test: [450/1563]	Time 2.245 (2.846)	Loss 2.2207 (3.2861)	Acc@1 68.750 (51.670)	Acc@5 93.750 (78.076)	Mem 19185MB
Test: [460/1563]	Time 3.879 (2.852)	Loss 2.6836 (3.2696)	Acc@1 78.125 (52.149)	Acc@5 93.750 (78.335)	Mem 19185MB
Test: [470/1563]	Time 2.667 (2.852)	Loss 2.7832 (3.2635)	Acc@1 56.250 (52.203)	Acc@5 81.250 (78.463)	Mem 19185MB
Test: [480/1563]	Time 2.910 (2.852)	Loss 3.4883 (3.2623)	Acc@1 56.250 (52.163)	Acc@5 84.375 (78.528)	Mem 19185MB
Test: [490/1563]	Time 3.164 (2.854)	Loss 3.9629 (3.2688)	Acc@1 34.375 (51.954)	Acc@5 62.500 (78.450)	Mem 19185MB
Test: [500/1563]	Time 2.885 (2.853)	Loss 2.3242 (3.2674)	Acc@1 87.500 (52.027)	Acc@5 96.875 (78.518)	Mem 19185MB
Test: [510/1563]	Time 2.797 (2.852)	Loss 2.3867 (3.2473)	Acc@1 78.125 (52.568)	Acc@5 93.750 (78.828)	Mem 19185MB
Test: [520/1563]	Time 2.418 (2.856)	Loss 2.2598 (3.2404)	Acc@1 75.000 (52.603)	Acc@5 96.875 (78.869)	Mem 19185MB
Test: [530/1563]	Time 2.922 (2.854)	Loss 1.8486 (3.2298)	Acc@1 90.625 (52.913)	Acc@5 100.000 (79.031)	Mem 19185MB
Test: [540/1563]	Time 2.539 (2.853)	Loss 3.3965 (3.2251)	Acc@1 53.125 (52.952)	Acc@5 81.250 (79.061)	Mem 19185MB
Test: [550/1563]	Time 2.766 (2.852)	Loss 3.2090 (3.2219)	Acc@1 21.875 (52.824)	Acc@5 84.375 (79.027)	Mem 19185MB
Test: [560/1563]	Time 3.142 (2.853)	Loss 3.2441 (3.2184)	Acc@1 46.875 (52.863)	Acc@5 75.000 (79.156)	Mem 19185MB
Test: [570/1563]	Time 2.502 (2.849)	Loss 2.2559 (3.2110)	Acc@1 75.000 (53.098)	Acc@5 84.375 (79.236)	Mem 19185MB
Test: [580/1563]	Time 2.801 (2.848)	Loss 2.6855 (3.2099)	Acc@1 59.375 (53.028)	Acc@5 87.500 (79.238)	Mem 19185MB
Test: [590/1563]	Time 3.368 (2.851)	Loss 3.1348 (3.2048)	Acc@1 50.000 (53.046)	Acc@5 81.250 (79.246)	Mem 19185MB
Test: [600/1563]	Time 2.566 (2.853)	Loss 1.9629 (3.2008)	Acc@1 75.000 (52.907)	Acc@5 90.625 (79.243)	Mem 19185MB
Test: [610/1563]	Time 2.922 (2.853)	Loss 2.9590 (3.1950)	Acc@1 46.875 (52.987)	Acc@5 78.125 (79.312)	Mem 19185MB
Test: [620/1563]	Time 3.346 (2.854)	Loss 2.6836 (3.1884)	Acc@1 62.500 (53.044)	Acc@5 71.875 (79.267)	Mem 19185MB
Test: [630/1563]	Time 3.013 (2.856)	Loss 3.2852 (3.1919)	Acc@1 37.500 (53.011)	Acc@5 84.375 (79.249)	Mem 19185MB
Test: [640/1563]	Time 3.024 (2.856)	Loss 2.8887 (3.1868)	Acc@1 53.125 (53.032)	Acc@5 90.625 (79.388)	Mem 19185MB
Test: [650/1563]	Time 2.587 (2.856)	Loss 3.0605 (3.2023)	Acc@1 68.750 (52.751)	Acc@5 81.250 (79.018)	Mem 19185MB
Test: [660/1563]	Time 2.894 (2.856)	Loss 3.2734 (3.2034)	Acc@1 53.125 (52.799)	Acc@5 65.625 (79.052)	Mem 19185MB
Test: [670/1563]	Time 2.625 (2.855)	Loss 3.3906 (3.2098)	Acc@1 56.250 (52.669)	Acc@5 81.250 (78.954)	Mem 19185MB
Test: [680/1563]	Time 2.640 (2.855)	Loss 4.9766 (3.2175)	Acc@1 12.500 (52.450)	Acc@5 34.375 (78.763)	Mem 19185MB
Test: [690/1563]	Time 3.088 (2.855)	Loss 3.6387 (3.2229)	Acc@1 53.125 (52.383)	Acc@5 81.250 (78.699)	Mem 19185MB
Test: [700/1563]	Time 2.611 (2.855)	Loss 4.5703 (3.2333)	Acc@1 28.125 (52.175)	Acc@5 43.750 (78.446)	Mem 19185MB
Test: [710/1563]	Time 3.270 (2.858)	Loss 4.1641 (3.2383)	Acc@1 15.625 (52.017)	Acc@5 62.500 (78.318)	Mem 19185MB
Test: [720/1563]	Time 3.103 (2.858)	Loss 3.3984 (3.2460)	Acc@1 34.375 (51.825)	Acc@5 81.250 (78.168)	Mem 19185MB
Test: [730/1563]	Time 2.894 (2.860)	Loss 3.7969 (3.2520)	Acc@1 50.000 (51.701)	Acc@5 68.750 (78.031)	Mem 19185MB
Test: [740/1563]	Time 2.646 (2.860)	Loss 3.5332 (3.2593)	Acc@1 56.250 (51.560)	Acc@5 87.500 (77.935)	Mem 19185MB
Test: [750/1563]	Time 2.646 (2.860)	Loss 3.4805 (3.2628)	Acc@1 50.000 (51.510)	Acc@5 78.125 (77.834)	Mem 19185MB
Test: [760/1563]	Time 3.868 (2.861)	Loss 3.5000 (3.2635)	Acc@1 62.500 (51.392)	Acc@5 84.375 (77.875)	Mem 19185MB
Test: [770/1563]	Time 2.663 (2.861)	Loss 3.9453 (3.2679)	Acc@1 21.875 (51.244)	Acc@5 53.125 (77.699)	Mem 19185MB
Test: [780/1563]	Time 2.656 (2.863)	Loss 4.0312 (3.2759)	Acc@1 34.375 (51.052)	Acc@5 68.750 (77.549)	Mem 19185MB
Test: [790/1563]	Time 3.173 (2.864)	Loss 5.0156 (3.2844)	Acc@1 12.500 (50.901)	Acc@5 21.875 (77.366)	Mem 19185MB
Test: [800/1563]	Time 2.497 (2.868)	Loss 3.7246 (3.2860)	Acc@1 31.250 (50.827)	Acc@5 81.250 (77.364)	Mem 19185MB
Test: [810/1563]	Time 3.127 (2.867)	Loss 3.8867 (3.2952)	Acc@1 43.750 (50.605)	Acc@5 65.625 (77.150)	Mem 19185MB
Test: [820/1563]	Time 3.236 (2.871)	Loss 2.9453 (3.2981)	Acc@1 56.250 (50.632)	Acc@5 87.500 (77.071)	Mem 19185MB
Test: [830/1563]	Time 2.821 (2.872)	Loss 3.7695 (3.3055)	Acc@1 37.500 (50.417)	Acc@5 65.625 (76.925)	Mem 19185MB
Test: [840/1563]	Time 3.314 (2.875)	Loss 2.8340 (3.3001)	Acc@1 65.625 (50.565)	Acc@5 75.000 (76.947)	Mem 19185MB
Test: [850/1563]	Time 2.779 (2.876)	Loss 4.0391 (3.3037)	Acc@1 31.250 (50.492)	Acc@5 59.375 (76.880)	Mem 19185MB
Test: [860/1563]	Time 2.512 (2.877)	Loss 4.5234 (3.3075)	Acc@1 12.500 (50.258)	Acc@5 40.625 (76.789)	Mem 19185MB
Test: [870/1563]	Time 3.423 (2.878)	Loss 3.6074 (3.3078)	Acc@1 43.750 (50.301)	Acc@5 75.000 (76.808)	Mem 19185MB
Test: [880/1563]	Time 3.455 (2.880)	Loss 3.8945 (3.3126)	Acc@1 21.875 (50.223)	Acc@5 65.625 (76.710)	Mem 19185MB
Test: [890/1563]	Time 2.725 (2.880)	Loss 3.5977 (3.3118)	Acc@1 34.375 (50.235)	Acc@5 78.125 (76.708)	Mem 19185MB
Test: [900/1563]	Time 3.064 (2.881)	Loss 2.1895 (3.3151)	Acc@1 90.625 (50.219)	Acc@5 90.625 (76.630)	Mem 19185MB
Test: [910/1563]	Time 2.919 (2.881)	Loss 3.8301 (3.3212)	Acc@1 46.875 (50.041)	Acc@5 68.750 (76.482)	Mem 19185MB
Test: [920/1563]	Time 1.747 (2.882)	Loss 3.6816 (3.3226)	Acc@1 50.000 (50.031)	Acc@5 75.000 (76.483)	Mem 19185MB
Test: [930/1563]	Time 3.034 (2.883)	Loss 3.5312 (3.3238)	Acc@1 31.250 (50.010)	Acc@5 81.250 (76.470)	Mem 19185MB
Test: [940/1563]	Time 3.120 (2.883)	Loss 3.7891 (3.3274)	Acc@1 43.750 (49.900)	Acc@5 68.750 (76.391)	Mem 19185MB
Test: [950/1563]	Time 2.827 (2.881)	Loss 3.2422 (3.3281)	Acc@1 65.625 (49.944)	Acc@5 75.000 (76.383)	Mem 19185MB
Test: [960/1563]	Time 3.472 (2.882)	Loss 4.1797 (3.3301)	Acc@1 31.250 (49.945)	Acc@5 65.625 (76.353)	Mem 19185MB
Test: [970/1563]	Time 3.625 (2.883)	Loss 4.1016 (3.3368)	Acc@1 21.875 (49.804)	Acc@5 62.500 (76.184)	Mem 19185MB
Test: [980/1563]	Time 2.721 (2.882)	Loss 3.6777 (3.3414)	Acc@1 40.625 (49.685)	Acc@5 87.500 (76.121)	Mem 19185MB
Test: [990/1563]	Time 2.758 (2.882)	Loss 4.1836 (3.3401)	Acc@1 28.125 (49.732)	Acc@5 53.125 (76.151)	Mem 19185MB
Test: [1000/1563]	Time 2.537 (2.884)	Loss 1.6758 (3.3415)	Acc@1 87.500 (49.675)	Acc@5 93.750 (76.115)	Mem 19185MB
Test: [1010/1563]	Time 3.555 (2.884)	Loss 2.9492 (3.3423)	Acc@1 65.625 (49.716)	Acc@5 78.125 (76.035)	Mem 19185MB
Test: [1020/1563]	Time 3.172 (2.886)	Loss 4.5742 (3.3477)	Acc@1 31.250 (49.639)	Acc@5 46.875 (75.940)	Mem 19185MB
Test: [1030/1563]	Time 3.204 (2.885)	Loss 3.1504 (3.3530)	Acc@1 78.125 (49.433)	Acc@5 87.500 (75.846)	Mem 19185MB
Test: [1040/1563]	Time 3.205 (2.888)	Loss 4.1875 (3.3545)	Acc@1 31.250 (49.421)	Acc@5 56.250 (75.835)	Mem 19185MB
Test: [1050/1563]	Time 3.005 (2.889)	Loss 2.6406 (3.3572)	Acc@1 75.000 (49.429)	Acc@5 93.750 (75.818)	Mem 19185MB
Test: [1060/1563]	Time 3.012 (2.888)	Loss 4.0977 (3.3600)	Acc@1 40.625 (49.417)	Acc@5 62.500 (75.813)	Mem 19185MB
Test: [1070/1563]	Time 2.964 (2.890)	Loss 2.3613 (3.3603)	Acc@1 81.250 (49.405)	Acc@5 96.875 (75.823)	Mem 19185MB
Test: [1080/1563]	Time 2.828 (2.892)	Loss 3.6309 (3.3598)	Acc@1 50.000 (49.419)	Acc@5 93.750 (75.821)	Mem 19185MB
Test: [1090/1563]	Time 2.792 (2.891)	Loss 4.2227 (3.3638)	Acc@1 21.875 (49.327)	Acc@5 50.000 (75.687)	Mem 19185MB
Test: [1100/1563]	Time 3.766 (2.893)	Loss 3.8594 (3.3634)	Acc@1 53.125 (49.367)	Acc@5 75.000 (75.712)	Mem 19185MB
Test: [1110/1563]	Time 3.343 (2.895)	Loss 4.2734 (3.3658)	Acc@1 21.875 (49.356)	Acc@5 59.375 (75.675)	Mem 19185MB
Test: [1120/1563]	Time 3.274 (2.895)	Loss 3.8262 (3.3619)	Acc@1 18.750 (49.451)	Acc@5 78.125 (75.739)	Mem 19185MB
Test: [1130/1563]	Time 2.289 (2.894)	Loss 3.3594 (3.3625)	Acc@1 53.125 (49.442)	Acc@5 68.750 (75.707)	Mem 19185MB
Test: [1140/1563]	Time 2.588 (2.894)	Loss 3.6758 (3.3622)	Acc@1 43.750 (49.474)	Acc@5 75.000 (75.671)	Mem 19185MB
Test: [1150/1563]	Time 3.352 (2.895)	Loss 3.9805 (3.3691)	Acc@1 46.875 (49.305)	Acc@5 65.625 (75.502)	Mem 19185MB
Test: [1160/1563]	Time 2.875 (2.895)	Loss 4.1562 (3.3678)	Acc@1 18.750 (49.341)	Acc@5 59.375 (75.506)	Mem 19185MB
Test: [1170/1563]	Time 2.892 (2.897)	Loss 3.9102 (3.3679)	Acc@1 31.250 (49.314)	Acc@5 56.250 (75.472)	Mem 19185MB
Test: [1180/1563]	Time 3.382 (2.898)	Loss 2.5938 (3.3692)	Acc@1 75.000 (49.267)	Acc@5 90.625 (75.468)	Mem 19185MB
Test: [1190/1563]	Time 2.683 (2.898)	Loss 4.2656 (3.3711)	Acc@1 25.000 (49.250)	Acc@5 53.125 (75.433)	Mem 19185MB
Test: [1200/1563]	Time 2.568 (2.898)	Loss 3.0762 (3.3759)	Acc@1 59.375 (49.165)	Acc@5 71.875 (75.304)	Mem 19185MB
Test: [1210/1563]	Time 2.927 (2.899)	Loss 4.2656 (3.3785)	Acc@1 25.000 (49.159)	Acc@5 56.250 (75.258)	Mem 19185MB
Test: [1220/1563]	Time 2.559 (2.899)	Loss 2.4668 (3.3813)	Acc@1 50.000 (49.091)	Acc@5 93.750 (75.189)	Mem 19185MB
Test: [1230/1563]	Time 2.579 (2.901)	Loss 4.1133 (3.3831)	Acc@1 25.000 (49.061)	Acc@5 59.375 (75.124)	Mem 19185MB
Test: [1240/1563]	Time 2.614 (2.901)	Loss 4.3867 (3.3860)	Acc@1 31.250 (49.008)	Acc@5 53.125 (75.060)	Mem 19185MB
Test: [1250/1563]	Time 2.525 (2.903)	Loss 2.8242 (3.3851)	Acc@1 68.750 (49.036)	Acc@5 81.250 (75.035)	Mem 19185MB
Test: [1260/1563]	Time 2.714 (2.903)	Loss 4.0234 (3.3840)	Acc@1 43.750 (49.086)	Acc@5 62.500 (75.059)	Mem 19185MB
Test: [1270/1563]	Time 2.685 (2.904)	Loss 3.5547 (3.3839)	Acc@1 37.500 (49.061)	Acc@5 78.125 (75.081)	Mem 19185MB
Test: [1280/1563]	Time 3.035 (2.904)	Loss 4.4297 (3.3832)	Acc@1 25.000 (49.085)	Acc@5 53.125 (75.100)	Mem 19185MB
Test: [1290/1563]	Time 2.696 (2.903)	Loss 3.4746 (3.3826)	Acc@1 43.750 (49.112)	Acc@5 65.625 (75.133)	Mem 19185MB
Test: [1300/1563]	Time 2.767 (2.904)	Loss 3.7578 (3.3856)	Acc@1 28.125 (48.994)	Acc@5 65.625 (75.091)	Mem 19185MB
Test: [1310/1563]	Time 2.943 (2.904)	Loss 3.3145 (3.3907)	Acc@1 46.875 (48.906)	Acc@5 93.750 (75.026)	Mem 19185MB
Test: [1320/1563]	Time 2.684 (2.905)	Loss 4.2852 (3.3932)	Acc@1 34.375 (48.857)	Acc@5 53.125 (74.988)	Mem 19185MB
Test: [1330/1563]	Time 2.445 (2.905)	Loss 4.3242 (3.3983)	Acc@1 28.125 (48.718)	Acc@5 62.500 (74.899)	Mem 19185MB
Test: [1340/1563]	Time 2.662 (2.904)	Loss 2.9492 (3.3949)	Acc@1 56.250 (48.853)	Acc@5 84.375 (74.946)	Mem 19185MB
Test: [1350/1563]	Time 2.698 (2.904)	Loss 4.0820 (3.3963)	Acc@1 15.625 (48.830)	Acc@5 68.750 (74.921)	Mem 19185MB
Test: [1360/1563]	Time 3.788 (2.906)	Loss 4.6641 (3.3998)	Acc@1 25.000 (48.765)	Acc@5 53.125 (74.853)	Mem 19185MB
Test: [1370/1563]	Time 2.767 (2.906)	Loss 4.2500 (3.4009)	Acc@1 31.250 (48.701)	Acc@5 56.250 (74.870)	Mem 19185MB
Test: [1380/1563]	Time 2.924 (2.906)	Loss 4.9258 (3.4040)	Acc@1 9.375 (48.622)	Acc@5 34.375 (74.781)	Mem 19185MB
Test: [1390/1563]	Time 2.564 (2.905)	Loss 4.0039 (3.4047)	Acc@1 31.250 (48.612)	Acc@5 53.125 (74.764)	Mem 19185MB
Test: [1400/1563]	Time 3.017 (2.906)	Loss 3.7520 (3.4038)	Acc@1 21.875 (48.595)	Acc@5 62.500 (74.777)	Mem 19185MB
Test: [1410/1563]	Time 2.815 (2.906)	Loss 3.0020 (3.4047)	Acc@1 65.625 (48.607)	Acc@5 93.750 (74.767)	Mem 19185MB
Test: [1420/1563]	Time 2.846 (2.907)	Loss 4.1836 (3.4047)	Acc@1 6.250 (48.601)	Acc@5 62.500 (74.758)	Mem 19185MB
Test: [1430/1563]	Time 2.872 (2.907)	Loss 3.8340 (3.4044)	Acc@1 34.375 (48.583)	Acc@5 71.875 (74.744)	Mem 19185MB
Test: [1440/1563]	Time 3.517 (2.909)	Loss 2.8613 (3.4008)	Acc@1 68.750 (48.686)	Acc@5 75.000 (74.779)	Mem 19185MB
Test: [1450/1563]	Time 2.791 (2.908)	Loss 3.6094 (3.3966)	Acc@1 34.375 (48.751)	Acc@5 68.750 (74.843)	Mem 19185MB
Test: [1460/1563]	Time 2.648 (2.909)	Loss 3.6016 (3.3964)	Acc@1 59.375 (48.749)	Acc@5 75.000 (74.846)	Mem 19185MB
Test: [1470/1563]	Time 2.942 (2.908)	Loss 2.0059 (3.3861)	Acc@1 75.000 (48.948)	Acc@5 93.750 (74.981)	Mem 19185MB
Test: [1480/1563]	Time 2.676 (2.908)	Loss 3.2129 (3.3784)	Acc@1 6.250 (49.057)	Acc@5 93.750 (75.093)	Mem 19185MB
Test: [1490/1563]	Time 2.943 (2.907)	Loss 2.5176 (3.3710)	Acc@1 71.875 (49.231)	Acc@5 93.750 (75.205)	Mem 19185MB
Test: [1500/1563]	Time 2.837 (2.907)	Loss 3.0020 (3.3651)	Acc@1 59.375 (49.392)	Acc@5 84.375 (75.298)	Mem 19185MB
Test: [1510/1563]	Time 2.792 (2.906)	Loss 4.1289 (3.3651)	Acc@1 46.875 (49.409)	Acc@5 71.875 (75.287)	Mem 19185MB
Test: [1520/1563]	Time 2.777 (2.907)	Loss 2.7695 (3.3668)	Acc@1 37.500 (49.338)	Acc@5 71.875 (75.244)	Mem 19185MB
Test: [1530/1563]	Time 3.004 (2.907)	Loss 3.1465 (3.3651)	Acc@1 37.500 (49.363)	Acc@5 81.250 (75.278)	Mem 19185MB
Test: [1540/1563]	Time 3.796 (2.909)	Loss 0.9116 (3.3618)	Acc@1 96.875 (49.426)	Acc@5 100.000 (75.278)	Mem 19185MB
Test: [1550/1563]	Time 3.180 (2.912)	Loss 2.0977 (3.3530)	Acc@1 81.250 (49.589)	Acc@5 87.500 (75.391)	Mem 19185MB
Test: [1560/1563]	Time 2.888 (2.913)	Loss 2.9355 (3.3447)	Acc@1 40.625 (49.742)	Acc@5 87.500 (75.478)	Mem 19185MB
 * Acc@1 49.705 Acc@5 75.441
