[W socket.cpp:426] [c10d] The server socket has failed to bind to [::]:61234 (errno: 98 - Address already in use).
[W socket.cpp:426] [c10d] The server socket has failed to bind to ?UNKNOWN? (errno: 98 - Address already in use).
[E socket.cpp:462] [c10d] The server socket has failed to listen on any local network address.
The server socket has failed to listen on any local network address. The server socket has failed to bind to [::]:61234 (errno: 98 - Address already in use). The server socket has failed to bind to ?UNKNOWN? (errno: 98 - Address already in use).
[W socket.cpp:426] [c10d] The server socket has failed to bind to [::]:61233 (errno: 98 - Address already in use).
[W socket.cpp:426] [c10d] The server socket has failed to bind to ?UNKNOWN? (errno: 98 - Address already in use).
[E socket.cpp:462] [c10d] The server socket has failed to listen on any local network address.
The server socket has failed to listen on any local network address. The server socket has failed to bind to [::]:61233 (errno: 98 - Address already in use). The server socket has failed to bind to ?UNKNOWN? (errno: 98 - Address already in use).
01/07 10:28:42 - mmengine - INFO - Because batch augmentations are enabled, the data preprocessor automatically enables the `to_onehot` option to generate one-hot format labels.
01/07 10:28:43 - mmengine - INFO - Loads checkpoint by http backend from path: https://download.openmmlab.com/mmclassification/v0/convnext/convnext-tiny_32xb128_in1k_20221207-998cf3e9.pth
starting loop: img_size (224, 224)
Test: [0/391]	Time 4.774 (4.774)	Loss 0.3030 (0.3030)	Acc@1 95.312 (95.312)	Acc@5 99.219 (99.219)	Mem 1178MB
Test: [10/391]	Time 3.603 (2.984)	Loss 1.0146 (0.4243)	Acc@1 76.562 (92.116)	Acc@5 97.656 (98.438)	Mem 1179MB
Test: [20/391]	Time 1.502 (2.386)	Loss 0.4922 (0.5613)	Acc@1 92.188 (87.537)	Acc@5 96.094 (97.954)	Mem 1179MB
Test: [30/391]	Time 1.347 (2.106)	Loss 1.0361 (0.6718)	Acc@1 81.250 (84.703)	Acc@5 92.188 (97.203)	Mem 1179MB
Test: [40/391]	Time 1.133 (1.939)	Loss 0.5508 (0.6038)	Acc@1 89.844 (86.776)	Acc@5 95.312 (97.523)	Mem 1179MB
Test: [50/391]	Time 1.165 (1.845)	Loss 0.2559 (0.6028)	Acc@1 97.656 (87.102)	Acc@5 100.000 (97.411)	Mem 1179MB
Test: [60/391]	Time 1.460 (1.809)	Loss 0.8706 (0.5725)	Acc@1 82.812 (87.935)	Acc@5 94.531 (97.592)	Mem 1179MB
Test: [70/391]	Time 1.615 (1.861)	Loss 0.7632 (0.6054)	Acc@1 78.125 (87.148)	Acc@5 98.438 (97.447)	Mem 1179MB
Test: [80/391]	Time 1.885 (1.916)	Loss 0.7002 (0.6215)	Acc@1 81.250 (86.613)	Acc@5 96.875 (97.386)	Mem 1179MB
Test: [90/391]	Time 1.839 (1.980)	Loss 0.8452 (0.6236)	Acc@1 74.219 (86.633)	Acc@5 96.875 (97.364)	Mem 1179MB
Test: [100/391]	Time 1.580 (1.956)	Loss 0.5054 (0.6253)	Acc@1 89.844 (86.417)	Acc@5 96.094 (97.424)	Mem 1179MB
Test: [110/391]	Time 2.089 (1.960)	Loss 1.0996 (0.6358)	Acc@1 60.938 (85.980)	Acc@5 99.219 (97.473)	Mem 1179MB
Test: [120/391]	Time 2.134 (1.968)	Loss 0.4019 (0.6346)	Acc@1 93.750 (86.189)	Acc@5 98.438 (97.521)	Mem 1179MB
Test: [130/391]	Time 2.150 (1.979)	Loss 0.2749 (0.6272)	Acc@1 97.656 (86.397)	Acc@5 100.000 (97.525)	Mem 1179MB
Test: [140/391]	Time 2.229 (1.975)	Loss 1.0078 (0.6262)	Acc@1 72.656 (86.237)	Acc@5 97.656 (97.612)	Mem 1179MB
Test: [150/391]	Time 2.712 (2.005)	Loss 0.7324 (0.6337)	Acc@1 77.344 (86.036)	Acc@5 98.438 (97.553)	Mem 1179MB
Test: [160/391]	Time 2.273 (2.011)	Loss 0.6597 (0.6346)	Acc@1 81.250 (86.010)	Acc@5 97.656 (97.516)	Mem 1179MB
Test: [170/391]	Time 1.778 (2.016)	Loss 1.3271 (0.6494)	Acc@1 68.750 (85.595)	Acc@5 92.969 (97.391)	Mem 1179MB
Test: [180/391]	Time 1.828 (2.013)	Loss 1.2178 (0.6625)	Acc@1 63.281 (85.281)	Acc@5 97.656 (97.276)	Mem 1179MB
Test: [190/391]	Time 1.813 (2.026)	Loss 1.2002 (0.6802)	Acc@1 68.750 (84.739)	Acc@5 95.312 (97.125)	Mem 1179MB
Test: [200/391]	Time 1.822 (2.021)	Loss 0.5830 (0.6974)	Acc@1 85.938 (84.363)	Acc@5 98.438 (96.941)	Mem 1179MB
Test: [210/391]	Time 1.833 (2.017)	Loss 0.8311 (0.7082)	Acc@1 78.125 (84.057)	Acc@5 96.875 (96.882)	Mem 1179MB
Test: [220/391]	Time 2.957 (2.024)	Loss 0.2783 (0.7073)	Acc@1 96.094 (84.113)	Acc@5 100.000 (96.871)	Mem 1179MB
Test: [230/391]	Time 1.934 (2.023)	Loss 1.1689 (0.7115)	Acc@1 71.875 (84.027)	Acc@5 89.844 (96.790)	Mem 1179MB
Test: [240/391]	Time 1.876 (2.021)	Loss 0.7671 (0.7127)	Acc@1 87.500 (84.070)	Acc@5 92.188 (96.716)	Mem 1179MB
Test: [250/391]	Time 1.803 (2.012)	Loss 0.4990 (0.7272)	Acc@1 89.844 (83.541)	Acc@5 99.219 (96.610)	Mem 1179MB
Test: [260/391]	Time 1.773 (2.005)	Loss 0.7178 (0.7371)	Acc@1 82.812 (83.282)	Acc@5 96.875 (96.498)	Mem 1179MB
Test: [270/391]	Time 1.939 (1.998)	Loss 1.3770 (0.7420)	Acc@1 64.844 (83.167)	Acc@5 89.062 (96.417)	Mem 1179MB
Test: [280/391]	Time 1.712 (1.994)	Loss 0.9980 (0.7439)	Acc@1 75.000 (83.141)	Acc@5 93.750 (96.397)	Mem 1179MB
Test: [290/391]	Time 1.476 (1.991)	Loss 1.1504 (0.7489)	Acc@1 57.812 (82.982)	Acc@5 98.438 (96.343)	Mem 1179MB
Test: [300/391]	Time 2.126 (1.984)	Loss 0.7271 (0.7517)	Acc@1 83.594 (82.945)	Acc@5 96.094 (96.320)	Mem 1179MB
Test: [310/391]	Time 1.672 (1.986)	Loss 0.7925 (0.7546)	Acc@1 85.156 (82.910)	Acc@5 96.094 (96.265)	Mem 1179MB
Test: [320/391]	Time 1.430 (1.990)	Loss 0.5479 (0.7600)	Acc@1 89.844 (82.808)	Acc@5 97.656 (96.201)	Mem 1179MB
Test: [330/391]	Time 1.525 (1.997)	Loss 1.1387 (0.7703)	Acc@1 69.531 (82.562)	Acc@5 92.188 (96.108)	Mem 1179MB
Test: [340/391]	Time 2.253 (1.995)	Loss 0.6924 (0.7732)	Acc@1 83.594 (82.473)	Acc@5 97.656 (96.091)	Mem 1179MB
Test: [350/391]	Time 1.838 (1.993)	Loss 0.7656 (0.7743)	Acc@1 83.594 (82.430)	Acc@5 94.531 (96.074)	Mem 1179MB
Test: [360/391]	Time 1.390 (1.990)	Loss 1.2236 (0.7810)	Acc@1 72.656 (82.250)	Acc@5 93.750 (96.024)	Mem 1179MB
Test: [370/391]	Time 2.524 (1.998)	Loss 1.0264 (0.7784)	Acc@1 68.750 (82.273)	Acc@5 98.438 (96.062)	Mem 1179MB
Test: [380/391]	Time 1.788 (2.002)	Loss 0.7158 (0.7798)	Acc@1 82.031 (82.255)	Acc@5 99.219 (96.049)	Mem 1179MB
Test: [390/391]	Time 2.087 (2.010)	Loss 1.3848 (0.7776)	Acc@1 57.831 (82.287)	Acc@5 93.976 (96.070)	Mem 1179MB
 * Acc@1 82.287 Acc@5 96.070
01/07 10:41:49 - mmengine - INFO - Because batch augmentations are enabled, the data preprocessor automatically enables the `to_onehot` option to generate one-hot format labels.
01/07 10:41:50 - mmengine - INFO - Loads checkpoint by http backend from path: https://download.openmmlab.com/mmclassification/v0/convnext/convnext-tiny_32xb128_in1k_20221207-998cf3e9.pth
starting loop: img_size (64, 64)
Test: [0/391]	Time 1.010 (1.010)	Loss 2.9434 (2.9434)	Acc@1 55.469 (55.469)	Acc@5 71.875 (71.875)	Mem 1179MB
Test: [10/391]	Time 1.873 (1.252)	Loss 4.5859 (2.8241)	Acc@1 32.031 (52.273)	Acc@5 53.125 (73.082)	Mem 1179MB
Test: [20/391]	Time 1.102 (1.226)	Loss 3.2520 (3.3786)	Acc@1 47.656 (45.759)	Acc@5 66.406 (66.629)	Mem 1179MB
Test: [30/391]	Time 1.411 (1.232)	Loss 3.5762 (3.6429)	Acc@1 50.000 (42.440)	Acc@5 63.281 (63.936)	Mem 1179MB
Test: [40/391]	Time 0.964 (1.201)	Loss 3.1797 (3.3236)	Acc@1 49.219 (46.837)	Acc@5 64.844 (67.378)	Mem 1179MB
Test: [50/391]	Time 0.983 (1.208)	Loss 1.4336 (3.3277)	Acc@1 73.438 (46.339)	Acc@5 88.281 (67.525)	Mem 1179MB
Test: [60/391]	Time 0.970 (1.194)	Loss 3.2207 (3.1506)	Acc@1 35.938 (48.489)	Acc@5 74.219 (69.659)	Mem 1179MB
Test: [70/391]	Time 1.158 (1.193)	Loss 4.3242 (3.1576)	Acc@1 23.438 (47.183)	Acc@5 57.031 (69.663)	Mem 1179MB
Test: [80/391]	Time 0.935 (1.179)	Loss 3.7852 (3.1776)	Acc@1 34.375 (46.412)	Acc@5 63.281 (69.309)	Mem 1179MB
Test: [90/391]	Time 1.334 (1.178)	Loss 2.7715 (3.1500)	Acc@1 35.938 (46.317)	Acc@5 78.906 (69.617)	Mem 1179MB
Test: [100/391]	Time 0.903 (1.169)	Loss 3.0801 (3.0971)	Acc@1 37.500 (46.279)	Acc@5 73.438 (70.398)	Mem 1179MB
Test: [110/391]	Time 1.758 (1.182)	Loss 3.1133 (3.0806)	Acc@1 34.375 (46.291)	Acc@5 74.219 (70.671)	Mem 1179MB
Test: [120/391]	Time 1.056 (1.185)	Loss 3.9121 (3.0743)	Acc@1 35.156 (46.649)	Acc@5 68.750 (71.003)	Mem 1179MB
Test: [130/391]	Time 0.985 (1.192)	Loss 3.4277 (3.1057)	Acc@1 46.094 (46.529)	Acc@5 62.500 (70.527)	Mem 1179MB
Test: [140/391]	Time 1.065 (1.184)	Loss 3.4941 (3.0832)	Acc@1 35.156 (46.792)	Acc@5 67.969 (70.822)	Mem 1179MB
Test: [150/391]	Time 1.682 (1.195)	Loss 1.8887 (3.0455)	Acc@1 57.812 (47.253)	Acc@5 85.938 (71.125)	Mem 1179MB
Test: [160/391]	Time 1.549 (1.195)	Loss 3.5215 (3.0660)	Acc@1 42.188 (47.215)	Acc@5 60.938 (70.866)	Mem 1179MB
Test: [170/391]	Time 0.884 (1.191)	Loss 3.8242 (3.1248)	Acc@1 31.250 (46.637)	Acc@5 68.750 (70.281)	Mem 1179MB
Test: [180/391]	Time 1.028 (1.188)	Loss 3.9434 (3.1764)	Acc@1 33.594 (46.128)	Acc@5 61.719 (69.799)	Mem 1179MB
Test: [190/391]	Time 0.846 (1.190)	Loss 4.6016 (3.2148)	Acc@1 31.250 (45.787)	Acc@5 60.938 (69.380)	Mem 1179MB
Test: [200/391]	Time 0.794 (1.184)	Loss 4.4727 (3.2598)	Acc@1 25.781 (45.208)	Acc@5 53.125 (68.890)	Mem 1179MB
Test: [210/391]	Time 1.088 (1.186)	Loss 3.6543 (3.2903)	Acc@1 44.531 (44.953)	Acc@5 64.844 (68.580)	Mem 1179MB
Test: [220/391]	Time 1.186 (1.184)	Loss 2.6680 (3.3039)	Acc@1 57.812 (44.856)	Acc@5 76.562 (68.471)	Mem 1179MB
Test: [230/391]	Time 1.052 (1.187)	Loss 5.0273 (3.3220)	Acc@1 22.656 (44.724)	Acc@5 52.344 (68.304)	Mem 1179MB
Test: [240/391]	Time 1.335 (1.189)	Loss 4.6406 (3.3521)	Acc@1 31.250 (44.444)	Acc@5 49.219 (67.936)	Mem 1179MB
Test: [250/391]	Time 1.167 (1.184)	Loss 3.4961 (3.3794)	Acc@1 45.312 (44.080)	Acc@5 63.281 (67.648)	Mem 1179MB
Test: [260/391]	Time 1.052 (1.181)	Loss 3.5020 (3.4011)	Acc@1 42.969 (43.834)	Acc@5 64.062 (67.424)	Mem 1179MB
Test: [270/391]	Time 1.320 (1.182)	Loss 4.6016 (3.4142)	Acc@1 27.344 (43.733)	Acc@5 55.469 (67.234)	Mem 1179MB
Test: [280/391]	Time 0.899 (1.180)	Loss 3.7871 (3.4282)	Acc@1 38.281 (43.639)	Acc@5 64.062 (67.087)	Mem 1179MB
Test: [290/391]	Time 1.136 (1.178)	Loss 4.0547 (3.4459)	Acc@1 32.031 (43.508)	Acc@5 61.719 (66.916)	Mem 1179MB
Test: [300/391]	Time 0.906 (1.177)	Loss 3.6484 (3.4598)	Acc@1 40.625 (43.423)	Acc@5 67.969 (66.731)	Mem 1179MB
Test: [310/391]	Time 1.266 (1.177)	Loss 4.0469 (3.4856)	Acc@1 35.156 (43.157)	Acc@5 64.844 (66.424)	Mem 1179MB
Test: [320/391]	Time 0.887 (1.177)	Loss 2.5234 (3.4927)	Acc@1 59.375 (43.110)	Acc@5 75.000 (66.372)	Mem 1179MB
Test: [330/391]	Time 1.009 (1.174)	Loss 4.2305 (3.5308)	Acc@1 37.500 (42.704)	Acc@5 61.719 (65.965)	Mem 1179MB
Test: [340/391]	Time 1.444 (1.173)	Loss 3.1055 (3.5334)	Acc@1 36.719 (42.650)	Acc@5 71.094 (65.937)	Mem 1179MB
Test: [350/391]	Time 0.892 (1.170)	Loss 3.0898 (3.5378)	Acc@1 50.000 (42.606)	Acc@5 73.438 (65.908)	Mem 1179MB
Test: [360/391]	Time 1.293 (1.170)	Loss 3.8730 (3.5513)	Acc@1 32.031 (42.430)	Acc@5 68.750 (65.802)	Mem 1179MB
Test: [370/391]	Time 1.217 (1.169)	Loss 2.2070 (3.5353)	Acc@1 57.812 (42.579)	Acc@5 82.812 (65.996)	Mem 1179MB
Test: [380/391]	Time 1.327 (1.167)	Loss 1.3613 (3.5279)	Acc@1 74.219 (42.704)	Acc@5 89.062 (66.052)	Mem 1179MB
Test: [390/391]	Time 0.647 (1.168)	Loss 4.8359 (3.4962)	Acc@1 25.301 (43.105)	Acc@5 49.398 (66.392)	Mem 1179MB
 * Acc@1 43.105 Acc@5 66.392
01/07 10:49:27 - mmengine - INFO - Because batch augmentations are enabled, the data preprocessor automatically enables the `to_onehot` option to generate one-hot format labels.
01/07 10:49:27 - mmengine - INFO - Loads checkpoint by http backend from path: https://download.openmmlab.com/mmclassification/v0/convnext/convnext-tiny_32xb128_in1k_20221207-998cf3e9.pth
starting loop: img_size (112, 112)
Test: [0/391]	Time 2.400 (2.400)	Loss 0.7354 (0.7354)	Acc@1 86.719 (86.719)	Acc@5 95.312 (95.312)	Mem 1179MB
Test: [10/391]	Time 2.730 (2.108)	Loss 1.9150 (0.8463)	Acc@1 68.750 (82.670)	Acc@5 89.062 (94.318)	Mem 1179MB
Test: [20/391]	Time 1.312 (1.872)	Loss 1.1455 (1.2186)	Acc@1 78.906 (75.409)	Acc@5 90.625 (90.885)	Mem 1179MB
Test: [30/391]	Time 1.883 (1.846)	Loss 1.6631 (1.3658)	Acc@1 76.562 (72.152)	Acc@5 88.281 (89.718)	Mem 1179MB
Test: [40/391]	Time 1.813 (1.867)	Loss 1.1367 (1.2057)	Acc@1 78.125 (75.419)	Acc@5 88.281 (90.930)	Mem 1179MB
Test: [50/391]	Time 1.385 (1.861)	Loss 0.3545 (1.2131)	Acc@1 91.406 (75.322)	Acc@5 96.875 (90.794)	Mem 1179MB
Test: [60/391]	Time 2.447 (1.864)	Loss 1.2607 (1.1386)	Acc@1 72.656 (76.691)	Acc@5 92.188 (91.573)	Mem 1179MB
Test: [70/391]	Time 1.647 (1.825)	Loss 1.6270 (1.1746)	Acc@1 61.719 (75.484)	Acc@5 87.500 (91.483)	Mem 1179MB
Test: [80/391]	Time 1.869 (1.809)	Loss 1.1826 (1.1805)	Acc@1 67.188 (74.807)	Acc@5 92.188 (91.493)	Mem 1179MB
Test: [90/391]	Time 1.406 (1.806)	Loss 1.4893 (1.1827)	Acc@1 60.938 (74.588)	Acc@5 89.844 (91.492)	Mem 1179MB
Test: [100/391]	Time 2.276 (1.800)	Loss 0.8203 (1.1665)	Acc@1 80.469 (74.520)	Acc@5 96.875 (91.816)	Mem 1179MB
Test: [110/391]	Time 1.830 (1.791)	Loss 1.3906 (1.1637)	Acc@1 57.812 (74.437)	Acc@5 94.531 (92.026)	Mem 1179MB
Test: [120/391]	Time 1.615 (1.779)	Loss 1.0605 (1.1597)	Acc@1 76.562 (74.793)	Acc@5 94.531 (92.239)	Mem 1179MB
Test: [130/391]	Time 2.012 (1.779)	Loss 0.6895 (1.1558)	Acc@1 83.594 (75.024)	Acc@5 94.531 (92.229)	Mem 1179MB
Test: [140/391]	Time 1.670 (1.808)	Loss 1.3857 (1.1505)	Acc@1 67.188 (75.017)	Acc@5 92.969 (92.309)	Mem 1179MB
Test: [150/391]	Time 2.355 (1.824)	Loss 0.8198 (1.1416)	Acc@1 77.344 (75.321)	Acc@5 96.875 (92.379)	Mem 1179MB
Test: [160/391]	Time 1.825 (1.823)	Loss 1.1270 (1.1477)	Acc@1 75.781 (75.325)	Acc@5 89.062 (92.319)	Mem 1179MB
Test: [170/391]	Time 1.726 (1.813)	Loss 2.1152 (1.1901)	Acc@1 58.594 (74.639)	Acc@5 82.812 (91.859)	Mem 1179MB
Test: [180/391]	Time 2.969 (1.848)	Loss 2.3105 (1.2222)	Acc@1 51.562 (74.115)	Acc@5 81.250 (91.501)	Mem 1179MB
Test: [190/391]	Time 3.708 (1.866)	Loss 2.1270 (1.2557)	Acc@1 55.469 (73.532)	Acc@5 85.938 (91.140)	Mem 1179MB
Test: [200/391]	Time 2.062 (1.867)	Loss 1.4775 (1.2877)	Acc@1 64.844 (72.967)	Acc@5 88.281 (90.835)	Mem 1179MB
Test: [210/391]	Time 1.885 (1.873)	Loss 1.8271 (1.3086)	Acc@1 66.406 (72.645)	Acc@5 86.719 (90.632)	Mem 1179MB
Test: [220/391]	Time 1.617 (1.909)	Loss 0.6670 (1.3167)	Acc@1 87.500 (72.575)	Acc@5 95.312 (90.508)	Mem 1179MB
Test: [230/391]	Time 1.520 (1.906)	Loss 2.5938 (1.3281)	Acc@1 51.562 (72.430)	Acc@5 78.125 (90.358)	Mem 1179MB
Test: [240/391]	Time 1.648 (1.895)	Loss 1.6748 (1.3384)	Acc@1 71.094 (72.345)	Acc@5 82.031 (90.145)	Mem 1179MB
Test: [250/391]	Time 1.301 (1.881)	Loss 1.1904 (1.3613)	Acc@1 73.438 (71.825)	Acc@5 93.750 (89.943)	Mem 1179MB
Test: [260/391]	Time 1.625 (1.876)	Loss 1.2607 (1.3839)	Acc@1 70.312 (71.465)	Acc@5 90.625 (89.721)	Mem 1179MB
Test: [270/391]	Time 1.898 (1.873)	Loss 2.5977 (1.3959)	Acc@1 52.344 (71.293)	Acc@5 78.125 (89.555)	Mem 1179MB
Test: [280/391]	Time 1.658 (1.865)	Loss 1.6699 (1.4043)	Acc@1 63.281 (71.108)	Acc@5 86.719 (89.507)	Mem 1179MB
Test: [290/391]	Time 1.668 (1.860)	Loss 2.1777 (1.4176)	Acc@1 45.312 (70.871)	Acc@5 83.594 (89.352)	Mem 1179MB
Test: [300/391]	Time 1.308 (1.854)	Loss 1.7754 (1.4263)	Acc@1 71.875 (70.749)	Acc@5 85.156 (89.223)	Mem 1179MB
Test: [310/391]	Time 2.053 (1.856)	Loss 2.4355 (1.4430)	Acc@1 59.375 (70.518)	Acc@5 76.562 (89.030)	Mem 1179MB
Test: [320/391]	Time 3.182 (1.875)	Loss 0.9194 (1.4521)	Acc@1 82.812 (70.378)	Acc@5 91.406 (88.955)	Mem 1179MB
Test: [330/391]	Time 1.259 (1.878)	Loss 2.1387 (1.4801)	Acc@1 60.938 (70.006)	Acc@5 78.125 (88.623)	Mem 1179MB
Test: [340/391]	Time 2.137 (1.872)	Loss 1.6143 (1.4856)	Acc@1 58.594 (69.875)	Acc@5 89.844 (88.556)	Mem 1179MB
Test: [350/391]	Time 1.353 (1.865)	Loss 1.3184 (1.4909)	Acc@1 75.000 (69.761)	Acc@5 86.719 (88.486)	Mem 1179MB
Test: [360/391]	Time 1.491 (1.853)	Loss 1.7129 (1.5015)	Acc@1 59.375 (69.590)	Acc@5 92.969 (88.437)	Mem 1179MB
Test: [370/391]	Time 2.042 (1.860)	Loss 1.3223 (1.4943)	Acc@1 67.188 (69.691)	Acc@5 93.750 (88.523)	Mem 1179MB
Test: [380/391]	Time 1.357 (1.854)	Loss 0.9648 (1.4954)	Acc@1 75.781 (69.677)	Acc@5 98.438 (88.501)	Mem 1179MB
Test: [390/391]	Time 0.974 (1.845)	Loss 2.5293 (1.4847)	Acc@1 39.759 (69.830)	Acc@5 74.699 (88.615)	Mem 1179MB
 * Acc@1 69.830 Acc@5 88.615
01/07 11:01:29 - mmengine - INFO - Because batch augmentations are enabled, the data preprocessor automatically enables the `to_onehot` option to generate one-hot format labels.
01/07 11:01:29 - mmengine - INFO - Loads checkpoint by http backend from path: https://download.openmmlab.com/mmclassification/v0/convnext/convnext-tiny_32xb128_in1k_20221207-998cf3e9.pth
starting loop: img_size (384, 384)
Test: [0/391]	Time 2.792 (2.792)	Loss 1.1494 (1.1494)	Acc@1 93.750 (93.750)	Acc@5 98.438 (98.438)	Mem 3028MB
Test: [10/391]	Time 3.274 (2.759)	Loss 2.2344 (1.4417)	Acc@1 78.906 (92.188)	Acc@5 97.656 (98.509)	Mem 3029MB
Test: [20/391]	Time 2.034 (2.682)	Loss 1.2812 (1.5743)	Acc@1 91.406 (87.463)	Acc@5 96.094 (97.842)	Mem 3029MB
Test: [30/391]	Time 2.564 (2.690)	Loss 1.9219 (1.6667)	Acc@1 75.781 (84.224)	Acc@5 88.281 (96.951)	Mem 3029MB
Test: [40/391]	Time 3.109 (2.651)	Loss 1.4404 (1.6235)	Acc@1 91.406 (86.090)	Acc@5 96.875 (97.351)	Mem 3029MB
Test: [50/391]	Time 2.024 (2.639)	Loss 1.2734 (1.5761)	Acc@1 98.438 (86.581)	Acc@5 100.000 (97.181)	Mem 3029MB
Test: [60/391]	Time 2.598 (2.595)	Loss 1.6094 (1.5418)	Acc@1 83.594 (87.462)	Acc@5 92.969 (97.374)	Mem 3029MB
Test: [70/391]	Time 3.039 (2.583)	Loss 1.4053 (1.5309)	Acc@1 78.906 (86.807)	Acc@5 97.656 (97.238)	Mem 3029MB
Test: [80/391]	Time 2.150 (2.571)	Loss 1.4404 (1.5185)	Acc@1 85.156 (86.526)	Acc@5 96.094 (97.164)	Mem 3029MB
Test: [90/391]	Time 2.153 (2.560)	Loss 1.6631 (1.5094)	Acc@1 81.250 (86.513)	Acc@5 96.875 (97.158)	Mem 3029MB
Test: [100/391]	Time 2.022 (2.536)	Loss 1.1543 (1.4944)	Acc@1 91.406 (86.278)	Acc@5 96.875 (97.231)	Mem 3029MB
Test: [110/391]	Time 3.392 (2.539)	Loss 1.9648 (1.5121)	Acc@1 62.500 (85.860)	Acc@5 96.094 (97.199)	Mem 3029MB
Test: [120/391]	Time 2.295 (2.536)	Loss 1.4316 (1.5176)	Acc@1 93.750 (86.054)	Acc@5 97.656 (97.185)	Mem 3029MB
Test: [130/391]	Time 4.350 (2.582)	Loss 0.9282 (1.5189)	Acc@1 98.438 (86.283)	Acc@5 100.000 (97.209)	Mem 3029MB
Test: [140/391]	Time 4.278 (2.614)	Loss 1.9668 (1.5144)	Acc@1 71.094 (86.120)	Acc@5 96.094 (97.291)	Mem 3029MB
Test: [150/391]	Time 4.926 (2.672)	Loss 1.5908 (1.5183)	Acc@1 77.344 (85.979)	Acc@5 99.219 (97.232)	Mem 3029MB
Test: [160/391]	Time 2.580 (2.672)	Loss 1.3076 (1.5117)	Acc@1 81.250 (85.879)	Acc@5 95.312 (97.200)	Mem 3029MB
Test: [170/391]	Time 2.795 (2.664)	Loss 2.0566 (1.5097)	Acc@1 63.281 (85.348)	Acc@5 90.625 (97.094)	Mem 3029MB
Test: [180/391]	Time 2.121 (2.660)	Loss 1.8301 (1.5084)	Acc@1 62.500 (84.953)	Acc@5 96.875 (96.953)	Mem 3029MB
Test: [190/391]	Time 1.908 (2.646)	Loss 1.6904 (1.5060)	Acc@1 70.312 (84.473)	Acc@5 94.531 (96.793)	Mem 3029MB
Test: [200/391]	Time 1.926 (2.629)	Loss 1.2939 (1.5093)	Acc@1 79.688 (83.998)	Acc@5 98.438 (96.576)	Mem 3029MB
Test: [210/391]	Time 2.145 (2.620)	Loss 1.3789 (1.5065)	Acc@1 81.250 (83.694)	Acc@5 96.094 (96.490)	Mem 3029MB
Test: [220/391]	Time 2.353 (2.610)	Loss 0.8677 (1.4934)	Acc@1 91.406 (83.714)	Acc@5 98.438 (96.504)	Mem 3029MB
Test: [230/391]	Time 2.326 (2.615)	Loss 1.6133 (1.4875)	Acc@1 71.094 (83.604)	Acc@5 89.062 (96.445)	Mem 3029MB
Test: [240/391]	Time 2.613 (2.627)	Loss 1.1025 (1.4792)	Acc@1 87.500 (83.655)	Acc@5 92.188 (96.402)	Mem 3029MB
Test: [250/391]	Time 2.914 (2.652)	Loss 1.0098 (1.4857)	Acc@1 89.062 (83.161)	Acc@5 98.438 (96.265)	Mem 3029MB
Test: [260/391]	Time 2.603 (2.666)	Loss 1.3252 (1.4866)	Acc@1 81.250 (82.917)	Acc@5 96.875 (96.190)	Mem 3029MB
Test: [270/391]	Time 2.537 (2.658)	Loss 1.6191 (1.4869)	Acc@1 67.969 (82.740)	Acc@5 93.750 (96.143)	Mem 3029MB
Test: [280/391]	Time 2.699 (2.661)	Loss 1.5117 (1.4807)	Acc@1 73.438 (82.735)	Acc@5 96.875 (96.147)	Mem 3029MB
Test: [290/391]	Time 2.867 (2.654)	Loss 1.5928 (1.4777)	Acc@1 60.938 (82.584)	Acc@5 96.094 (96.099)	Mem 3029MB
Test: [300/391]	Time 2.016 (2.642)	Loss 1.3291 (1.4732)	Acc@1 83.594 (82.584)	Acc@5 97.656 (96.078)	Mem 3029MB
Test: [310/391]	Time 2.199 (2.634)	Loss 1.2725 (1.4695)	Acc@1 86.719 (82.524)	Acc@5 98.438 (96.059)	Mem 3029MB
Test: [320/391]	Time 2.398 (2.628)	Loss 1.3545 (1.4717)	Acc@1 87.500 (82.396)	Acc@5 96.094 (96.006)	Mem 3029MB
Test: [330/391]	Time 2.005 (2.614)	Loss 1.5801 (1.4784)	Acc@1 67.188 (82.128)	Acc@5 93.750 (95.907)	Mem 3029MB
Test: [340/391]	Time 2.338 (2.606)	Loss 1.4795 (1.4764)	Acc@1 85.938 (82.059)	Acc@5 97.656 (95.883)	Mem 3029MB
Test: [350/391]	Time 2.154 (2.599)	Loss 1.4102 (1.4735)	Acc@1 78.906 (82.011)	Acc@5 95.312 (95.887)	Mem 3029MB
Test: [360/391]	Time 2.124 (2.595)	Loss 1.4922 (1.4763)	Acc@1 73.438 (81.852)	Acc@5 96.094 (95.841)	Mem 3029MB
Test: [370/391]	Time 2.702 (2.589)	Loss 1.5801 (1.4691)	Acc@1 68.750 (81.863)	Acc@5 96.875 (95.881)	Mem 3029MB
Test: [380/391]	Time 2.122 (2.585)	Loss 1.5166 (1.4664)	Acc@1 82.812 (81.824)	Acc@5 98.438 (95.868)	Mem 3029MB
Test: [390/391]	Time 1.620 (2.585)	Loss 2.0859 (1.4644)	Acc@1 55.422 (81.857)	Acc@5 89.157 (95.888)	Mem 3029MB
 * Acc@1 81.857 Acc@5 95.888
01/07 11:18:20 - mmengine - INFO - Because batch augmentations are enabled, the data preprocessor automatically enables the `to_onehot` option to generate one-hot format labels.
01/07 11:18:20 - mmengine - INFO - Loads checkpoint by http backend from path: https://download.openmmlab.com/mmclassification/v0/convnext/convnext-tiny_32xb128_in1k_20221207-998cf3e9.pth
starting loop: img_size (512, 512)
Test: [0/391]	Time 4.701 (4.701)	Loss 1.6719 (1.6719)	Acc@1 91.406 (91.406)	Acc@5 97.656 (97.656)	Mem 5212MB
Test: [10/391]	Time 3.770 (3.813)	Loss 2.6797 (1.9775)	Acc@1 78.125 (89.773)	Acc@5 94.531 (97.727)	Mem 5213MB
Test: [20/391]	Time 3.716 (3.672)	Loss 1.8076 (2.1469)	Acc@1 85.938 (84.003)	Acc@5 95.312 (96.280)	Mem 5213MB
Test: [30/391]	Time 3.178 (3.574)	Loss 2.2715 (2.2113)	Acc@1 75.781 (81.200)	Acc@5 89.844 (95.363)	Mem 5213MB
Test: [40/391]	Time 3.438 (3.509)	Loss 1.9727 (2.1677)	Acc@1 89.062 (83.098)	Acc@5 96.875 (95.827)	Mem 5213MB
Test: [50/391]	Time 2.760 (3.454)	Loss 1.8105 (2.1086)	Acc@1 94.531 (83.425)	Acc@5 99.219 (95.619)	Mem 5213MB
Test: [60/391]	Time 2.689 (3.379)	Loss 2.2734 (2.0727)	Acc@1 79.688 (84.337)	Acc@5 92.969 (95.902)	Mem 5213MB
Test: [70/391]	Time 2.626 (3.373)	Loss 1.9463 (2.0775)	Acc@1 77.344 (83.605)	Acc@5 96.875 (95.731)	Mem 5213MB
Test: [80/391]	Time 3.660 (3.378)	Loss 2.1074 (2.0824)	Acc@1 82.812 (83.295)	Acc@5 95.312 (95.660)	Mem 5213MB
Test: [90/391]	Time 3.249 (3.379)	Loss 2.2129 (2.0827)	Acc@1 77.344 (83.336)	Acc@5 97.656 (95.716)	Mem 5213MB
Test: [100/391]	Time 3.638 (3.365)	Loss 1.9521 (2.0738)	Acc@1 88.281 (83.192)	Acc@5 96.094 (95.792)	Mem 5213MB
Test: [110/391]	Time 4.625 (3.389)	Loss 2.4355 (2.0958)	Acc@1 61.719 (82.812)	Acc@5 92.969 (95.749)	Mem 5213MB
Test: [120/391]	Time 2.870 (3.399)	Loss 2.0605 (2.0978)	Acc@1 89.844 (83.019)	Acc@5 96.094 (95.726)	Mem 5213MB
Test: [130/391]	Time 3.849 (3.418)	Loss 1.3467 (2.0966)	Acc@1 92.969 (83.158)	Acc@5 98.438 (95.796)	Mem 5213MB
Test: [140/391]	Time 3.259 (3.399)	Loss 2.5859 (2.0873)	Acc@1 68.750 (83.062)	Acc@5 92.969 (95.894)	Mem 5213MB
Test: [150/391]	Time 5.160 (3.421)	Loss 2.0605 (2.0864)	Acc@1 73.438 (82.869)	Acc@5 97.656 (95.825)	Mem 5213MB
Test: [160/391]	Time 3.546 (3.412)	Loss 1.6953 (2.0757)	Acc@1 76.562 (82.696)	Acc@5 94.531 (95.773)	Mem 5213MB
Test: [170/391]	Time 3.513 (3.401)	Loss 2.6348 (2.0690)	Acc@1 57.812 (82.136)	Acc@5 85.938 (95.655)	Mem 5213MB
Test: [180/391]	Time 3.779 (3.406)	Loss 2.2383 (2.0624)	Acc@1 59.375 (81.725)	Acc@5 92.188 (95.472)	Mem 5213MB
Test: [190/391]	Time 2.661 (3.409)	Loss 2.1289 (2.0531)	Acc@1 67.969 (81.246)	Acc@5 90.625 (95.312)	Mem 5213MB
Test: [200/391]	Time 2.720 (3.393)	Loss 1.8760 (2.0512)	Acc@1 77.344 (80.760)	Acc@5 96.875 (95.072)	Mem 5213MB
Test: [210/391]	Time 3.458 (3.391)	Loss 1.7705 (2.0435)	Acc@1 80.469 (80.487)	Acc@5 96.094 (94.979)	Mem 5213MB
Test: [220/391]	Time 3.631 (3.398)	Loss 1.3018 (2.0267)	Acc@1 88.281 (80.469)	Acc@5 96.875 (94.966)	Mem 5213MB
Test: [230/391]	Time 2.802 (3.397)	Loss 2.0391 (2.0161)	Acc@1 71.875 (80.435)	Acc@5 86.719 (94.913)	Mem 5213MB
Test: [240/391]	Time 2.990 (3.423)	Loss 1.5010 (2.0047)	Acc@1 84.375 (80.482)	Acc@5 92.188 (94.878)	Mem 5213MB
Test: [250/391]	Time 3.888 (3.429)	Loss 1.3926 (2.0089)	Acc@1 86.719 (79.977)	Acc@5 97.656 (94.730)	Mem 5213MB
Test: [260/391]	Time 4.152 (3.479)	Loss 1.7998 (2.0077)	Acc@1 74.219 (79.738)	Acc@5 95.312 (94.651)	Mem 5213MB
Test: [270/391]	Time 4.184 (3.489)	Loss 1.9209 (2.0066)	Acc@1 71.094 (79.569)	Acc@5 92.188 (94.572)	Mem 5213MB
Test: [280/391]	Time 3.396 (3.507)	Loss 1.9609 (1.9973)	Acc@1 74.219 (79.565)	Acc@5 95.312 (94.598)	Mem 5213MB
Test: [290/391]	Time 3.137 (3.515)	Loss 2.0117 (1.9925)	Acc@1 61.719 (79.424)	Acc@5 92.969 (94.515)	Mem 5213MB
Test: [300/391]	Time 3.966 (3.541)	Loss 1.8252 (1.9856)	Acc@1 78.906 (79.410)	Acc@5 93.750 (94.485)	Mem 5213MB
Test: [310/391]	Time 3.569 (3.557)	Loss 1.7803 (1.9803)	Acc@1 84.375 (79.311)	Acc@5 96.875 (94.441)	Mem 5213MB
Test: [320/391]	Time 4.336 (3.585)	Loss 1.8291 (1.9809)	Acc@1 82.031 (79.191)	Acc@5 94.531 (94.371)	Mem 5213MB
Test: [330/391]	Time 3.823 (3.596)	Loss 2.0449 (1.9870)	Acc@1 68.750 (78.878)	Acc@5 94.531 (94.255)	Mem 5213MB
Test: [340/391]	Time 4.510 (3.602)	Loss 2.0957 (1.9834)	Acc@1 82.812 (78.808)	Acc@5 96.875 (94.220)	Mem 5213MB
Test: [350/391]	Time 4.341 (3.615)	Loss 1.9355 (1.9788)	Acc@1 71.875 (78.775)	Acc@5 93.750 (94.220)	Mem 5213MB
Test: [360/391]	Time 4.087 (3.629)	Loss 1.7793 (1.9802)	Acc@1 73.438 (78.647)	Acc@5 94.531 (94.187)	Mem 5213MB
Test: [370/391]	Time 4.429 (3.639)	Loss 1.8916 (1.9691)	Acc@1 65.625 (78.681)	Acc@5 96.875 (94.247)	Mem 5213MB
Test: [380/391]	Time 4.054 (3.643)	Loss 2.0645 (1.9638)	Acc@1 80.469 (78.650)	Acc@5 96.094 (94.248)	Mem 5213MB
Test: [390/391]	Time 3.152 (3.660)	Loss 2.5918 (1.9599)	Acc@1 54.217 (78.699)	Acc@5 87.952 (94.292)	Mem 5213MB
 * Acc@1 78.699 Acc@5 94.292
01/07 11:42:12 - mmengine - INFO - Because batch augmentations are enabled, the data preprocessor automatically enables the `to_onehot` option to generate one-hot format labels.
01/07 11:42:12 - mmengine - INFO - Loads checkpoint by http backend from path: https://download.openmmlab.com/mmclassification/v0/convnext/convnext-tiny_32xb128_in1k_20221207-998cf3e9.pth
starting loop: img_size (640, 640)
Test: [0/391]	Time 5.832 (5.832)	Loss 2.0840 (2.0840)	Acc@1 88.281 (88.281)	Acc@5 97.656 (97.656)	Mem 8020MB
Test: [10/391]	Time 5.712 (5.981)	Loss 2.9219 (2.3443)	Acc@1 75.781 (85.795)	Acc@5 90.625 (96.378)	Mem 8021MB
Test: [20/391]	Time 4.827 (5.578)	Loss 2.2031 (2.5214)	Acc@1 83.594 (79.725)	Acc@5 92.188 (94.271)	Mem 8021MB
Test: [30/391]	Time 4.717 (5.444)	Loss 2.4883 (2.5714)	Acc@1 69.531 (76.840)	Acc@5 86.719 (93.019)	Mem 8021MB
Test: [40/391]	Time 4.415 (5.360)	Loss 2.3516 (2.5279)	Acc@1 83.594 (78.887)	Acc@5 95.312 (93.674)	Mem 8021MB
Test: [50/391]	Time 5.100 (5.358)	Loss 2.2266 (2.4656)	Acc@1 88.281 (79.366)	Acc@5 96.094 (93.551)	Mem 8021MB
Test: [60/391]	Time 4.703 (5.332)	Loss 2.8574 (2.4364)	Acc@1 75.000 (80.085)	Acc@5 91.406 (93.878)	Mem 8021MB
Test: [70/391]	Time 6.462 (5.410)	Loss 2.4336 (2.4692)	Acc@1 71.094 (79.247)	Acc@5 93.750 (93.673)	Mem 8021MB
Test: [80/391]	Time 4.461 (5.352)	Loss 2.6797 (2.5046)	Acc@1 77.344 (78.733)	Acc@5 92.969 (93.567)	Mem 8021MB
Test: [90/391]	Time 4.746 (5.296)	Loss 2.6934 (2.5219)	Acc@1 71.875 (78.597)	Acc@5 96.094 (93.570)	Mem 8021MB
Test: [100/391]	Time 4.418 (5.275)	Loss 2.6250 (2.5251)	Acc@1 78.906 (78.403)	Acc@5 95.312 (93.611)	Mem 8021MB
Test: [110/391]	Time 5.081 (5.298)	Loss 2.9062 (2.5485)	Acc@1 58.594 (78.104)	Acc@5 87.500 (93.553)	Mem 8021MB
Test: [120/391]	Time 5.793 (5.313)	Loss 2.4023 (2.5442)	Acc@1 77.344 (78.299)	Acc@5 95.312 (93.595)	Mem 8021MB
Test: [130/391]	Time 4.557 (5.303)	Loss 1.7305 (2.5356)	Acc@1 91.406 (78.495)	Acc@5 96.875 (93.696)	Mem 8021MB
Test: [140/391]	Time 4.826 (5.272)	Loss 3.0059 (2.5213)	Acc@1 61.719 (78.474)	Acc@5 88.281 (93.778)	Mem 8021MB
Test: [150/391]	Time 6.292 (5.273)	Loss 2.4082 (2.5181)	Acc@1 68.750 (78.218)	Acc@5 96.094 (93.698)	Mem 8021MB
Test: [160/391]	Time 6.160 (5.268)	Loss 2.0527 (2.5037)	Acc@1 72.656 (78.076)	Acc@5 92.188 (93.663)	Mem 8021MB
Test: [170/391]	Time 4.358 (5.233)	Loss 3.1543 (2.4963)	Acc@1 50.000 (77.595)	Acc@5 80.469 (93.490)	Mem 8021MB
Test: [180/391]	Time 5.568 (5.228)	Loss 2.6016 (2.4879)	Acc@1 56.250 (77.253)	Acc@5 89.062 (93.331)	Mem 8021MB
Test: [190/391]	Time 4.288 (5.229)	Loss 2.5781 (2.4761)	Acc@1 67.188 (76.886)	Acc@5 87.500 (93.177)	Mem 8021MB
Test: [200/391]	Time 5.208 (5.230)	Loss 2.3457 (2.4721)	Acc@1 72.656 (76.473)	Acc@5 94.531 (92.942)	Mem 8021MB
Test: [210/391]	Time 6.167 (5.240)	Loss 2.1387 (2.4638)	Acc@1 77.344 (76.226)	Acc@5 92.969 (92.821)	Mem 8021MB
Test: [220/391]	Time 5.425 (5.253)	Loss 1.6680 (2.4474)	Acc@1 86.719 (76.227)	Acc@5 96.094 (92.817)	Mem 8021MB
Test: [230/391]	Time 6.214 (5.260)	Loss 2.4766 (2.4356)	Acc@1 69.531 (76.211)	Acc@5 83.594 (92.749)	Mem 8021MB
Test: [240/391]	Time 5.085 (5.261)	Loss 1.8809 (2.4231)	Acc@1 82.812 (76.287)	Acc@5 92.188 (92.735)	Mem 8021MB
Test: [250/391]	Time 3.292 (5.259)	Loss 1.7754 (2.4266)	Acc@1 85.156 (75.847)	Acc@5 96.094 (92.524)	Mem 8021MB
Test: [260/391]	Time 5.100 (5.260)	Loss 2.2734 (2.4257)	Acc@1 68.750 (75.659)	Acc@5 89.844 (92.448)	Mem 8021MB
Test: [270/391]	Time 4.784 (5.257)	Loss 2.2539 (2.4244)	Acc@1 70.312 (75.548)	Acc@5 89.844 (92.378)	Mem 8021MB
Test: [280/391]	Time 4.746 (5.259)	Loss 2.3320 (2.4143)	Acc@1 70.312 (75.595)	Acc@5 93.750 (92.421)	Mem 8021MB
Test: [290/391]	Time 4.258 (5.257)	Loss 2.4434 (2.4095)	Acc@1 57.812 (75.446)	Acc@5 91.406 (92.298)	Mem 8021MB
Test: [300/391]	Time 3.908 (5.242)	Loss 2.2227 (2.4026)	Acc@1 74.219 (75.459)	Acc@5 89.844 (92.265)	Mem 8021MB
Test: [310/391]	Time 5.760 (5.254)	Loss 2.2637 (2.3976)	Acc@1 76.562 (75.372)	Acc@5 96.094 (92.238)	Mem 8021MB
Test: [320/391]	Time 4.022 (5.265)	Loss 2.1914 (2.3975)	Acc@1 76.562 (75.258)	Acc@5 94.531 (92.170)	Mem 8021MB
Test: [330/391]	Time 4.751 (5.262)	Loss 2.4805 (2.4038)	Acc@1 64.062 (74.953)	Acc@5 91.406 (92.003)	Mem 8021MB
Test: [340/391]	Time 6.010 (5.250)	Loss 2.5820 (2.3995)	Acc@1 74.219 (74.911)	Acc@5 94.531 (91.974)	Mem 8021MB
Test: [350/391]	Time 4.873 (5.244)	Loss 2.4121 (2.3946)	Acc@1 71.875 (74.918)	Acc@5 90.625 (92.001)	Mem 8021MB
Test: [360/391]	Time 4.589 (5.238)	Loss 2.1270 (2.3953)	Acc@1 74.219 (74.814)	Acc@5 92.188 (91.962)	Mem 8021MB
Test: [370/391]	Time 6.931 (5.245)	Loss 2.1387 (2.3813)	Acc@1 63.281 (74.901)	Acc@5 94.531 (92.049)	Mem 8021MB
Test: [380/391]	Time 5.517 (5.237)	Loss 2.4824 (2.3737)	Acc@1 79.688 (74.930)	Acc@5 96.094 (92.069)	Mem 8021MB
Test: [390/391]	Time 3.337 (5.227)	Loss 2.9336 (2.3674)	Acc@1 48.193 (75.000)	Acc@5 83.133 (92.130)	Mem 8021MB
 * Acc@1 75.000 Acc@5 92.130
01/07 12:16:16 - mmengine - INFO - Because batch augmentations are enabled, the data preprocessor automatically enables the `to_onehot` option to generate one-hot format labels.
01/07 12:16:16 - mmengine - INFO - Loads checkpoint by http backend from path: https://download.openmmlab.com/mmclassification/v0/convnext/convnext-tiny_32xb128_in1k_20221207-998cf3e9.pth
starting loop: img_size (768, 768)
Test: [0/521]	Time 6.474 (6.474)	Loss 2.5469 (2.5469)	Acc@1 87.500 (87.500)	Acc@5 95.833 (95.833)	Mem 8644MB
Test: [10/521]	Time 5.417 (5.490)	Loss 2.4590 (2.6138)	Acc@1 84.375 (83.144)	Acc@5 93.750 (95.455)	Mem 8645MB
Test: [20/521]	Time 5.496 (5.574)	Loss 3.1797 (2.7999)	Acc@1 69.792 (76.935)	Acc@5 86.458 (92.560)	Mem 8645MB
Test: [30/521]	Time 4.208 (5.337)	Loss 2.9199 (2.8538)	Acc@1 70.833 (75.235)	Acc@5 87.500 (91.599)	Mem 8645MB
Test: [40/521]	Time 5.289 (5.264)	Loss 2.6309 (2.8866)	Acc@1 64.583 (72.917)	Acc@5 83.333 (90.625)	Mem 8645MB
Test: [50/521]	Time 5.890 (5.162)	Loss 2.8184 (2.8621)	Acc@1 71.875 (74.592)	Acc@5 88.542 (91.176)	Mem 8645MB
Test: [60/521]	Time 5.552 (5.122)	Loss 1.9561 (2.8003)	Acc@1 92.708 (75.512)	Acc@5 97.917 (91.513)	Mem 8645MB
Test: [70/521]	Time 4.857 (5.136)	Loss 2.6543 (2.7730)	Acc@1 79.167 (75.763)	Acc@5 89.583 (91.359)	Mem 8645MB
Test: [80/521]	Time 4.453 (5.092)	Loss 3.3203 (2.7593)	Acc@1 75.000 (76.247)	Acc@5 92.708 (91.615)	Mem 8645MB
Test: [90/521]	Time 5.036 (5.114)	Loss 3.4121 (2.8086)	Acc@1 67.708 (75.332)	Acc@5 90.625 (91.312)	Mem 8645MB
Test: [100/521]	Time 4.240 (5.113)	Loss 3.9375 (2.8586)	Acc@1 55.208 (74.691)	Acc@5 76.042 (90.955)	Mem 8645MB
Test: [110/521]	Time 4.556 (5.124)	Loss 3.4375 (2.8964)	Acc@1 62.500 (74.371)	Acc@5 89.583 (90.982)	Mem 8645MB
Test: [120/521]	Time 4.611 (5.101)	Loss 3.2461 (2.9163)	Acc@1 62.500 (74.294)	Acc@5 95.833 (90.995)	Mem 8645MB
Test: [130/521]	Time 4.907 (5.090)	Loss 3.4727 (2.9362)	Acc@1 62.500 (73.911)	Acc@5 90.625 (90.887)	Mem 8645MB
Test: [140/521]	Time 5.542 (5.125)	Loss 3.0684 (2.9406)	Acc@1 76.042 (73.980)	Acc@5 96.875 (91.090)	Mem 8645MB
Test: [150/521]	Time 4.514 (5.101)	Loss 3.5098 (2.9596)	Acc@1 77.083 (73.669)	Acc@5 91.667 (90.880)	Mem 8645MB
Test: [160/521]	Time 5.737 (5.116)	Loss 2.8047 (2.9493)	Acc@1 71.875 (73.751)	Acc@5 89.583 (90.981)	Mem 8645MB
Test: [170/521]	Time 4.283 (5.129)	Loss 2.4277 (2.9412)	Acc@1 78.125 (73.824)	Acc@5 91.667 (91.131)	Mem 8645MB
Test: [180/521]	Time 4.898 (5.119)	Loss 2.6992 (2.9191)	Acc@1 75.000 (74.142)	Acc@5 93.750 (91.218)	Mem 8645MB
Test: [190/521]	Time 4.415 (5.109)	Loss 2.9121 (2.9166)	Acc@1 73.958 (74.067)	Acc@5 84.375 (91.219)	Mem 8645MB
Test: [200/521]	Time 4.707 (5.077)	Loss 2.4883 (2.9078)	Acc@1 68.750 (73.798)	Acc@5 90.625 (91.128)	Mem 8645MB
Test: [210/521]	Time 3.753 (5.032)	Loss 2.7578 (2.8982)	Acc@1 86.458 (73.756)	Acc@5 98.958 (91.148)	Mem 8645MB
Test: [220/521]	Time 4.179 (4.995)	Loss 2.2480 (2.8885)	Acc@1 72.917 (73.435)	Acc@5 90.625 (91.007)	Mem 8645MB
Test: [230/521]	Time 3.816 (4.957)	Loss 2.7422 (2.8809)	Acc@1 65.625 (73.250)	Acc@5 88.542 (90.914)	Mem 8645MB
Test: [240/521]	Time 4.045 (4.932)	Loss 2.7305 (2.8732)	Acc@1 58.333 (73.016)	Acc@5 86.458 (90.811)	Mem 8645MB
Test: [250/521]	Time 4.208 (4.908)	Loss 2.3672 (2.8608)	Acc@1 73.958 (72.871)	Acc@5 90.625 (90.683)	Mem 8645MB
Test: [260/521]	Time 4.153 (4.884)	Loss 2.8262 (2.8577)	Acc@1 59.375 (72.502)	Acc@5 80.208 (90.541)	Mem 8645MB
Test: [270/521]	Time 4.193 (4.860)	Loss 2.1602 (2.8539)	Acc@1 78.125 (72.244)	Acc@5 92.708 (90.406)	Mem 8645MB
Test: [280/521]	Time 4.214 (4.840)	Loss 2.4258 (2.8472)	Acc@1 72.917 (72.049)	Acc@5 95.833 (90.351)	Mem 8645MB
Test: [290/521]	Time 5.711 (4.824)	Loss 3.3105 (2.8384)	Acc@1 48.958 (72.000)	Acc@5 86.458 (90.331)	Mem 8645MB
Test: [300/521]	Time 3.956 (4.803)	Loss 1.9668 (2.8211)	Acc@1 81.250 (72.231)	Acc@5 92.708 (90.397)	Mem 8645MB
Test: [310/521]	Time 4.415 (4.792)	Loss 2.9648 (2.8167)	Acc@1 54.167 (72.079)	Acc@5 83.333 (90.303)	Mem 8645MB
Test: [320/521]	Time 4.337 (4.775)	Loss 2.1797 (2.8067)	Acc@1 79.167 (72.196)	Acc@5 90.625 (90.336)	Mem 8645MB
Test: [330/521]	Time 3.581 (4.743)	Loss 3.0977 (2.8099)	Acc@1 55.208 (71.916)	Acc@5 79.167 (90.150)	Mem 8645MB
Test: [340/521]	Time 3.279 (4.701)	Loss 2.9629 (2.8074)	Acc@1 70.833 (71.832)	Acc@5 85.417 (90.084)	Mem 8645MB
Test: [350/521]	Time 3.238 (4.665)	Loss 3.0781 (2.8053)	Acc@1 62.500 (71.700)	Acc@5 93.750 (90.070)	Mem 8645MB
Test: [360/521]	Time 3.449 (4.629)	Loss 2.8145 (2.8073)	Acc@1 58.333 (71.529)	Acc@5 81.250 (89.944)	Mem 8645MB
Test: [370/521]	Time 3.154 (4.597)	Loss 2.7598 (2.8009)	Acc@1 68.750 (71.583)	Acc@5 88.542 (89.943)	Mem 8645MB
Test: [380/521]	Time 3.178 (4.565)	Loss 3.2832 (2.7943)	Acc@1 57.292 (71.593)	Acc@5 81.250 (89.906)	Mem 8645MB
Test: [390/521]	Time 3.297 (4.536)	Loss 2.7266 (2.7908)	Acc@1 75.000 (71.499)	Acc@5 89.583 (89.796)	Mem 8645MB
Test: [400/521]	Time 3.170 (4.504)	Loss 2.5078 (2.7854)	Acc@1 75.000 (71.519)	Acc@5 89.583 (89.768)	Mem 8645MB
Test: [410/521]	Time 3.546 (4.490)	Loss 2.0332 (2.7817)	Acc@1 78.125 (71.429)	Acc@5 88.542 (89.730)	Mem 8645MB
Test: [420/521]	Time 4.672 (4.481)	Loss 2.7305 (2.7789)	Acc@1 70.833 (71.484)	Acc@5 81.250 (89.722)	Mem 8645MB
Test: [430/521]	Time 4.069 (4.477)	Loss 3.3789 (2.7805)	Acc@1 52.083 (71.338)	Acc@5 77.083 (89.661)	Mem 8645MB
Test: [440/521]	Time 5.871 (4.493)	Loss 3.1074 (2.7868)	Acc@1 58.333 (71.098)	Acc@5 83.333 (89.468)	Mem 8645MB
Test: [450/521]	Time 4.252 (4.504)	Loss 2.3535 (2.7821)	Acc@1 73.958 (71.101)	Acc@5 93.750 (89.477)	Mem 8645MB
Test: [460/521]	Time 5.071 (4.522)	Loss 3.1152 (2.7793)	Acc@1 54.167 (71.125)	Acc@5 77.083 (89.497)	Mem 8645MB
Test: [470/521]	Time 4.198 (4.539)	Loss 2.3301 (2.7769)	Acc@1 79.167 (71.116)	Acc@5 86.458 (89.482)	Mem 8645MB
Test: [480/521]	Time 5.889 (4.562)	Loss 2.3418 (2.7759)	Acc@1 73.958 (71.089)	Acc@5 95.833 (89.488)	Mem 8645MB
Test: [490/521]	Time 5.793 (4.579)	Loss 1.9004 (2.7645)	Acc@1 85.417 (71.192)	Acc@5 98.958 (89.581)	Mem 8645MB
Test: [500/521]	Time 5.891 (4.597)	Loss 2.4141 (2.7507)	Acc@1 62.500 (71.349)	Acc@5 85.417 (89.683)	Mem 8645MB
Test: [510/521]	Time 6.591 (4.608)	Loss 3.0859 (2.7529)	Acc@1 71.875 (71.206)	Acc@5 89.583 (89.667)	Mem 8645MB
Test: [520/521]	Time 3.828 (4.620)	Loss 3.2422 (2.7422)	Acc@1 44.578 (71.398)	Acc@5 79.518 (89.745)	Mem 8645MB
 * Acc@1 71.398 Acc@5 89.745
01/07 12:56:24 - mmengine - INFO - Because batch augmentations are enabled, the data preprocessor automatically enables the `to_onehot` option to generate one-hot format labels.
01/07 12:56:24 - mmengine - INFO - Loads checkpoint by http backend from path: https://download.openmmlab.com/mmclassification/v0/convnext/convnext-tiny_32xb128_in1k_20221207-998cf3e9.pth
starting loop: img_size (1024, 1024)
Test: [0/695]	Time 6.583 (6.583)	Loss 2.7617 (2.7617)	Acc@1 88.889 (88.889)	Acc@5 95.833 (95.833)	Mem 11452MB
Test: [10/695]	Time 6.300 (6.120)	Loss 3.1719 (3.2104)	Acc@1 77.778 (74.116)	Acc@5 94.444 (92.045)	Mem 11452MB
Test: [20/695]	Time 5.611 (6.128)	Loss 3.1738 (3.2678)	Acc@1 72.222 (72.156)	Acc@5 90.278 (90.013)	Mem 11452MB
Test: [30/695]	Time 6.528 (6.250)	Loss 3.3438 (3.3516)	Acc@1 72.222 (67.428)	Acc@5 88.889 (87.366)	Mem 11452MB
Test: [40/695]	Time 4.872 (6.086)	Loss 3.4414 (3.4101)	Acc@1 58.333 (65.650)	Acc@5 81.944 (85.637)	Mem 11452MB
Test: [50/695]	Time 5.098 (5.940)	Loss 3.0957 (3.4203)	Acc@1 73.611 (64.488)	Acc@5 94.444 (85.212)	Mem 11452MB
Test: [60/695]	Time 7.850 (6.003)	Loss 3.1582 (3.4064)	Acc@1 72.222 (64.526)	Acc@5 88.889 (85.360)	Mem 11452MB
Test: [70/695]	Time 6.338 (6.034)	Loss 3.3809 (3.3818)	Acc@1 76.389 (65.826)	Acc@5 90.278 (85.915)	Mem 11452MB
Test: [80/695]	Time 6.523 (6.052)	Loss 2.4727 (3.3347)	Acc@1 83.333 (66.701)	Acc@5 97.222 (86.231)	Mem 11452MB
Test: [90/695]	Time 5.593 (5.961)	Loss 2.7559 (3.3124)	Acc@1 86.111 (66.926)	Acc@5 97.222 (86.203)	Mem 11452MB
Test: [100/695]	Time 4.960 (5.906)	Loss 3.0859 (3.2997)	Acc@1 80.556 (67.450)	Acc@5 91.667 (86.620)	Mem 11452MB
Test: [110/695]	Time 5.572 (5.833)	Loss 4.1016 (3.3284)	Acc@1 45.833 (66.954)	Acc@5 80.556 (86.562)	Mem 11452MB
Test: [120/695]	Time 4.546 (5.800)	Loss 4.2031 (3.3752)	Acc@1 45.833 (66.265)	Acc@5 75.000 (86.146)	Mem 11452MB
Test: [130/695]	Time 5.113 (5.753)	Loss 4.4766 (3.4246)	Acc@1 37.500 (65.712)	Acc@5 70.833 (85.698)	Mem 11452MB
Test: [140/695]	Time 5.241 (5.717)	Loss 4.0352 (3.4742)	Acc@1 52.778 (65.081)	Acc@5 80.556 (85.254)	Mem 11452MB
Test: [150/695]	Time 5.802 (5.683)	Loss 3.5020 (3.5172)	Acc@1 81.944 (64.597)	Acc@5 93.056 (84.888)	Mem 11452MB
Test: [160/695]	Time 5.660 (5.652)	Loss 4.1211 (3.5427)	Acc@1 54.167 (64.493)	Acc@5 81.944 (84.783)	Mem 11452MB
Test: [170/695]	Time 3.963 (5.576)	Loss 3.6445 (3.5661)	Acc@1 69.444 (64.084)	Acc@5 84.722 (84.609)	Mem 11452MB
Test: [180/695]	Time 4.035 (5.506)	Loss 3.8262 (3.5845)	Acc@1 68.056 (63.897)	Acc@5 93.056 (84.507)	Mem 11452MB
Test: [190/695]	Time 6.329 (5.514)	Loss 3.2539 (3.6025)	Acc@1 77.778 (63.533)	Acc@5 90.278 (84.359)	Mem 11452MB
Test: [200/695]	Time 4.844 (5.496)	Loss 4.0391 (3.6114)	Acc@1 55.556 (63.253)	Acc@5 84.722 (84.280)	Mem 11452MB
Test: [210/695]	Time 4.167 (5.472)	Loss 3.5098 (3.6020)	Acc@1 43.056 (63.290)	Acc@5 75.000 (84.281)	Mem 11452MB
Test: [220/695]	Time 4.395 (5.501)	Loss 3.1113 (3.5925)	Acc@1 72.222 (63.084)	Acc@5 87.500 (84.276)	Mem 11452MB
Test: [230/695]	Time 7.557 (5.491)	Loss 3.2832 (3.5747)	Acc@1 76.389 (63.360)	Acc@5 95.833 (84.524)	Mem 11452MB
Test: [240/695]	Time 5.673 (5.479)	Loss 3.7441 (3.5591)	Acc@1 47.222 (63.653)	Acc@5 83.333 (84.653)	Mem 11452MB
Test: [250/695]	Time 4.141 (5.454)	Loss 4.0547 (3.5500)	Acc@1 38.889 (63.739)	Acc@5 72.222 (84.838)	Mem 11452MB
Test: [260/695]	Time 4.473 (5.435)	Loss 3.3809 (3.5480)	Acc@1 66.667 (63.676)	Acc@5 84.722 (84.712)	Mem 11452MB
Test: [270/695]	Time 4.269 (5.441)	Loss 2.9629 (3.5390)	Acc@1 77.778 (63.566)	Acc@5 90.278 (84.681)	Mem 11452MB
Test: [280/695]	Time 4.875 (5.445)	Loss 3.3379 (3.5288)	Acc@1 73.611 (63.607)	Acc@5 94.444 (84.747)	Mem 11452MB
Test: [290/695]	Time 7.215 (5.458)	Loss 3.3926 (3.5241)	Acc@1 66.667 (63.340)	Acc@5 93.056 (84.612)	Mem 11452MB
Test: [300/695]	Time 6.971 (5.459)	Loss 3.7559 (3.5139)	Acc@1 54.167 (63.363)	Acc@5 83.333 (84.699)	Mem 11452MB
Test: [310/695]	Time 6.263 (5.481)	Loss 3.6953 (3.5160)	Acc@1 50.000 (63.009)	Acc@5 81.944 (84.477)	Mem 11452MB
Test: [320/695]	Time 5.958 (5.525)	Loss 3.0801 (3.5084)	Acc@1 54.167 (62.946)	Acc@5 81.944 (84.467)	Mem 11452MB
Test: [330/695]	Time 7.625 (5.563)	Loss 2.4199 (3.5015)	Acc@1 90.278 (62.915)	Acc@5 95.833 (84.433)	Mem 11452MB
Test: [340/695]	Time 5.047 (5.574)	Loss 3.1777 (3.4974)	Acc@1 63.889 (62.696)	Acc@5 86.111 (84.360)	Mem 11452MB
Test: [350/695]	Time 5.575 (5.576)	Loss 3.7812 (3.4961)	Acc@1 51.389 (62.504)	Acc@5 75.000 (84.164)	Mem 11452MB
Test: [360/695]	Time 5.748 (5.585)	Loss 2.9473 (3.4923)	Acc@1 69.444 (62.377)	Acc@5 79.167 (84.076)	Mem 11452MB
Test: [370/695]	Time 6.104 (5.599)	Loss 2.7812 (3.4923)	Acc@1 77.778 (62.178)	Acc@5 88.889 (83.959)	Mem 11452MB
Test: [380/695]	Time 5.434 (5.618)	Loss 2.7910 (3.4807)	Acc@1 58.333 (62.208)	Acc@5 93.056 (84.033)	Mem 11452MB
Test: [390/695]	Time 5.412 (5.632)	Loss 3.2285 (3.4775)	Acc@1 73.611 (62.166)	Acc@5 87.500 (83.976)	Mem 11452MB
Test: [400/695]	Time 4.808 (5.643)	Loss 2.4512 (3.4651)	Acc@1 77.778 (62.334)	Acc@5 91.667 (84.054)	Mem 11452MB
Test: [410/695]	Time 7.027 (5.653)	Loss 3.0254 (3.4617)	Acc@1 69.444 (62.206)	Acc@5 81.944 (83.989)	Mem 11452MB
Test: [420/695]	Time 5.131 (5.667)	Loss 3.1309 (3.4591)	Acc@1 79.167 (62.160)	Acc@5 95.833 (83.993)	Mem 11452MB
Test: [430/695]	Time 7.355 (5.674)	Loss 4.0898 (3.4532)	Acc@1 34.722 (62.226)	Acc@5 65.278 (83.991)	Mem 11452MB
Test: [440/695]	Time 5.975 (5.670)	Loss 3.3926 (3.4522)	Acc@1 50.000 (62.135)	Acc@5 75.000 (83.938)	Mem 11452MB
Test: [450/695]	Time 5.667 (5.672)	Loss 3.3750 (3.4497)	Acc@1 63.889 (62.060)	Acc@5 88.889 (83.881)	Mem 11452MB
Test: [460/695]	Time 5.469 (5.671)	Loss 3.6426 (3.4526)	Acc@1 51.389 (61.913)	Acc@5 86.111 (83.797)	Mem 11452MB
Test: [470/695]	Time 4.893 (5.674)	Loss 3.6680 (3.4513)	Acc@1 55.556 (61.825)	Acc@5 79.167 (83.805)	Mem 11452MB
Test: [480/695]	Time 6.089 (5.683)	Loss 3.5742 (3.4508)	Acc@1 54.167 (61.801)	Acc@5 79.167 (83.758)	Mem 11452MB
Test: [490/695]	Time 6.349 (5.678)	Loss 3.1191 (3.4454)	Acc@1 68.056 (61.878)	Acc@5 84.722 (83.777)	Mem 11452MB
Test: [500/695]	Time 6.889 (5.681)	Loss 2.8574 (3.4398)	Acc@1 73.611 (61.926)	Acc@5 87.500 (83.846)	Mem 11452MB
Test: [510/695]	Time 6.095 (5.688)	Loss 3.4863 (3.4394)	Acc@1 51.389 (61.799)	Acc@5 79.167 (83.692)	Mem 11452MB
Test: [520/695]	Time 5.062 (5.695)	Loss 3.3633 (3.4352)	Acc@1 61.111 (61.786)	Acc@5 86.111 (83.685)	Mem 11452MB
Test: [530/695]	Time 4.890 (5.700)	Loss 3.5137 (3.4327)	Acc@1 55.556 (61.799)	Acc@5 77.778 (83.663)	Mem 11452MB
Test: [540/695]	Time 5.185 (5.705)	Loss 3.8457 (3.4331)	Acc@1 44.444 (61.694)	Acc@5 73.611 (83.582)	Mem 11452MB
Test: [550/695]	Time 5.872 (5.715)	Loss 3.8262 (3.4287)	Acc@1 48.611 (61.761)	Acc@5 72.222 (83.618)	Mem 11452MB
Test: [560/695]	Time 5.268 (5.710)	Loss 3.4062 (3.4258)	Acc@1 62.500 (61.856)	Acc@5 83.333 (83.638)	Mem 11452MB
Test: [570/695]	Time 3.856 (5.693)	Loss 3.2637 (3.4256)	Acc@1 72.222 (61.775)	Acc@5 90.278 (83.577)	Mem 11452MB
Test: [580/695]	Time 3.994 (5.671)	Loss 4.1992 (3.4279)	Acc@1 40.278 (61.687)	Acc@5 68.056 (83.501)	Mem 11452MB
Test: [590/695]	Time 4.351 (5.652)	Loss 3.3223 (3.4317)	Acc@1 61.111 (61.520)	Acc@5 86.111 (83.404)	Mem 11452MB
Test: [600/695]	Time 3.942 (5.629)	Loss 3.1875 (3.4273)	Acc@1 58.333 (61.576)	Acc@5 83.333 (83.417)	Mem 11452MB
Test: [610/695]	Time 4.159 (5.614)	Loss 2.8789 (3.4243)	Acc@1 72.222 (61.616)	Acc@5 87.500 (83.447)	Mem 11452MB
Test: [620/695]	Time 5.099 (5.613)	Loss 2.8203 (3.4215)	Acc@1 65.278 (61.585)	Acc@5 90.278 (83.414)	Mem 11452MB
Test: [630/695]	Time 5.467 (5.615)	Loss 3.7012 (3.4243)	Acc@1 55.556 (61.529)	Acc@5 80.556 (83.366)	Mem 11452MB
Test: [640/695]	Time 6.217 (5.601)	Loss 2.8398 (3.4207)	Acc@1 72.222 (61.560)	Acc@5 88.889 (83.396)	Mem 11452MB
Test: [650/695]	Time 5.436 (5.602)	Loss 2.3418 (3.4125)	Acc@1 86.111 (61.651)	Acc@5 93.056 (83.478)	Mem 11452MB
Test: [660/695]	Time 7.914 (5.620)	Loss 2.7207 (3.4005)	Acc@1 73.611 (61.809)	Acc@5 91.667 (83.625)	Mem 11452MB
Test: [670/695]	Time 10.328 (5.647)	Loss 2.9473 (3.3890)	Acc@1 80.556 (62.051)	Acc@5 94.444 (83.737)	Mem 11452MB
Test: [680/695]	Time 7.932 (5.677)	Loss 3.6836 (3.3925)	Acc@1 52.778 (61.917)	Acc@5 77.778 (83.688)	Mem 11452MB
Test: [690/695]	Time 7.043 (5.701)	Loss 2.2578 (3.3818)	Acc@1 87.500 (62.166)	Acc@5 94.444 (83.804)	Mem 11452MB
 * Acc@1 62.176 Acc@5 83.789
01/07 14:02:27 - mmengine - INFO - Because batch augmentations are enabled, the data preprocessor automatically enables the `to_onehot` option to generate one-hot format labels.
01/07 14:02:27 - mmengine - INFO - Loads checkpoint by http backend from path: https://download.openmmlab.com/mmclassification/v0/convnext/convnext-tiny_32xb128_in1k_20221207-998cf3e9.pth
starting loop: img_size (1120, 1120)
Test: [0/834]	Time 6.021 (6.021)	Loss 2.7559 (2.7559)	Acc@1 85.000 (85.000)	Acc@5 96.667 (96.667)	Mem 11452MB
Test: [10/834]	Time 4.870 (6.333)	Loss 3.6152 (3.4158)	Acc@1 66.667 (66.818)	Acc@5 90.000 (89.242)	Mem 11452MB
Test: [20/834]	Time 5.336 (5.926)	Loss 3.1133 (3.4473)	Acc@1 76.667 (67.143)	Acc@5 88.333 (88.571)	Mem 11452MB
Test: [30/834]	Time 5.566 (5.742)	Loss 3.5215 (3.5130)	Acc@1 48.333 (62.903)	Acc@5 83.333 (85.645)	Mem 11452MB
Test: [40/834]	Time 6.835 (5.777)	Loss 3.9688 (3.5767)	Acc@1 61.667 (61.098)	Acc@5 78.333 (84.268)	Mem 11452MB
Test: [50/834]	Time 4.662 (5.713)	Loss 4.0312 (3.6068)	Acc@1 31.667 (59.281)	Acc@5 73.333 (82.484)	Mem 11452MB
Test: [60/834]	Time 5.577 (5.624)	Loss 3.1328 (3.5927)	Acc@1 73.333 (59.426)	Acc@5 95.000 (82.459)	Mem 11452MB
Test: [70/834]	Time 6.690 (5.633)	Loss 3.3281 (3.5754)	Acc@1 68.333 (59.366)	Acc@5 76.667 (82.629)	Mem 11452MB
Test: [80/834]	Time 5.758 (5.600)	Loss 3.7910 (3.5572)	Acc@1 58.333 (60.638)	Acc@5 70.000 (83.169)	Mem 11452MB
Test: [90/834]	Time 5.319 (5.568)	Loss 3.2012 (3.5426)	Acc@1 51.667 (61.136)	Acc@5 81.667 (83.077)	Mem 11452MB
Test: [100/834]	Time 6.157 (5.595)	Loss 2.7656 (3.4921)	Acc@1 68.333 (62.096)	Acc@5 85.000 (83.564)	Mem 11452MB
Test: [110/834]	Time 6.921 (5.654)	Loss 3.4492 (3.4839)	Acc@1 65.000 (62.267)	Acc@5 93.333 (83.664)	Mem 11452MB
Test: [120/834]	Time 5.198 (5.663)	Loss 3.2285 (3.4741)	Acc@1 73.333 (62.645)	Acc@5 90.000 (84.008)	Mem 11452MB
Test: [130/834]	Time 5.826 (5.675)	Loss 4.0859 (3.4951)	Acc@1 61.667 (62.430)	Acc@5 86.667 (84.033)	Mem 11452MB
Test: [140/834]	Time 5.883 (5.739)	Loss 3.7793 (3.5369)	Acc@1 73.333 (61.915)	Acc@5 90.000 (83.700)	Mem 11452MB
Test: [150/834]	Time 5.478 (5.807)	Loss 3.8438 (3.5685)	Acc@1 58.333 (61.766)	Acc@5 88.333 (83.466)	Mem 11452MB
Test: [160/834]	Time 6.300 (5.854)	Loss 4.8867 (3.6231)	Acc@1 43.333 (61.056)	Acc@5 53.333 (82.660)	Mem 11452MB
Test: [170/834]	Time 6.126 (5.870)	Loss 4.6289 (3.6649)	Acc@1 33.333 (60.390)	Acc@5 70.000 (82.290)	Mem 11452MB
Test: [180/834]	Time 4.724 (5.843)	Loss 3.7344 (3.7023)	Acc@1 76.667 (59.797)	Acc@5 88.333 (81.768)	Mem 11452MB
Test: [190/834]	Time 5.055 (5.811)	Loss 4.1094 (3.7226)	Acc@1 61.667 (59.721)	Acc@5 76.667 (81.684)	Mem 11452MB
Test: [200/834]	Time 4.093 (5.767)	Loss 4.5352 (3.7553)	Acc@1 36.667 (59.013)	Acc@5 76.667 (81.302)	Mem 11452MB
Test: [210/834]	Time 5.155 (5.730)	Loss 3.8164 (3.7733)	Acc@1 73.333 (58.736)	Acc@5 86.667 (81.161)	Mem 11452MB
Test: [220/834]	Time 5.587 (5.710)	Loss 4.4453 (3.7883)	Acc@1 33.333 (58.635)	Acc@5 70.000 (81.048)	Mem 11452MB
Test: [230/834]	Time 5.064 (5.697)	Loss 4.0117 (3.7994)	Acc@1 58.333 (58.442)	Acc@5 75.000 (80.895)	Mem 11452MB
Test: [240/834]	Time 5.359 (5.692)	Loss 4.1055 (3.8053)	Acc@1 55.000 (58.271)	Acc@5 86.667 (80.802)	Mem 11452MB
Test: [250/834]	Time 4.650 (5.652)	Loss 3.1270 (3.7999)	Acc@1 68.333 (58.367)	Acc@5 91.667 (80.823)	Mem 11452MB
Test: [260/834]	Time 6.517 (5.653)	Loss 3.9258 (3.7891)	Acc@1 40.000 (58.167)	Acc@5 71.667 (80.843)	Mem 11452MB
Test: [270/834]	Time 5.124 (5.664)	Loss 3.0273 (3.7789)	Acc@1 73.333 (58.272)	Acc@5 98.333 (81.009)	Mem 11452MB
Test: [280/834]	Time 6.233 (5.670)	Loss 3.5195 (3.7601)	Acc@1 58.333 (58.695)	Acc@5 91.667 (81.293)	Mem 11452MB
Test: [290/834]	Time 5.544 (5.665)	Loss 3.7637 (3.7520)	Acc@1 51.667 (58.803)	Acc@5 83.333 (81.317)	Mem 11452MB
Test: [300/834]	Time 6.587 (5.667)	Loss 4.2695 (3.7427)	Acc@1 21.667 (58.942)	Acc@5 61.667 (81.512)	Mem 11452MB
Test: [310/834]	Time 5.876 (5.674)	Loss 3.9316 (3.7411)	Acc@1 56.667 (58.896)	Acc@5 75.000 (81.415)	Mem 11452MB
Test: [320/834]	Time 5.685 (5.667)	Loss 2.9121 (3.7326)	Acc@1 68.333 (58.842)	Acc@5 83.333 (81.355)	Mem 11452MB
Test: [330/834]	Time 5.353 (5.674)	Loss 3.0371 (3.7243)	Acc@1 71.667 (58.872)	Acc@5 80.000 (81.365)	Mem 11452MB
Test: [340/834]	Time 6.044 (5.660)	Loss 3.6934 (3.7172)	Acc@1 48.333 (58.900)	Acc@5 80.000 (81.461)	Mem 11452MB
Test: [350/834]	Time 5.111 (5.657)	Loss 3.7930 (3.7185)	Acc@1 58.333 (58.656)	Acc@5 86.667 (81.334)	Mem 11452MB
Test: [360/834]	Time 7.131 (5.672)	Loss 3.8379 (3.7081)	Acc@1 43.333 (58.730)	Acc@5 81.667 (81.431)	Mem 11452MB
Test: [370/834]	Time 6.733 (5.681)	Loss 3.5742 (3.7085)	Acc@1 63.333 (58.527)	Acc@5 81.667 (81.244)	Mem 11452MB
Test: [380/834]	Time 5.833 (5.693)	Loss 3.8926 (3.7063)	Acc@1 46.667 (58.307)	Acc@5 81.667 (81.164)	Mem 11452MB
Test: [390/834]	Time 6.116 (5.700)	Loss 3.1094 (3.6998)	Acc@1 61.667 (58.244)	Acc@5 85.000 (81.113)	Mem 11452MB
Test: [400/834]	Time 4.829 (5.697)	Loss 3.3672 (3.6963)	Acc@1 65.000 (58.254)	Acc@5 81.667 (81.047)	Mem 11452MB
Test: [410/834]	Time 5.012 (5.691)	Loss 3.4375 (3.6923)	Acc@1 55.000 (58.175)	Acc@5 75.000 (81.022)	Mem 11452MB
Test: [420/834]	Time 5.947 (5.692)	Loss 4.0000 (3.6942)	Acc@1 43.333 (57.933)	Acc@5 78.333 (80.883)	Mem 11452MB
Test: [430/834]	Time 4.659 (5.694)	Loss 4.0898 (3.6924)	Acc@1 43.333 (57.773)	Acc@5 68.333 (80.793)	Mem 11452MB
Test: [440/834]	Time 4.815 (5.694)	Loss 3.6309 (3.6914)	Acc@1 58.333 (57.585)	Acc@5 78.333 (80.699)	Mem 11452MB
Test: [450/834]	Time 5.263 (5.694)	Loss 2.7773 (3.6839)	Acc@1 81.667 (57.727)	Acc@5 91.667 (80.739)	Mem 11452MB
Test: [460/834]	Time 7.475 (5.698)	Loss 3.5117 (3.6821)	Acc@1 70.000 (57.509)	Acc@5 81.667 (80.640)	Mem 11452MB
Test: [470/834]	Time 6.874 (5.712)	Loss 3.0586 (3.6768)	Acc@1 58.333 (57.562)	Acc@5 81.667 (80.665)	Mem 11452MB
Test: [480/834]	Time 5.919 (5.721)	Loss 2.6738 (3.6676)	Acc@1 80.000 (57.699)	Acc@5 88.333 (80.728)	Mem 11452MB
Test: [490/834]	Time 6.844 (5.722)	Loss 3.0898 (3.6646)	Acc@1 71.667 (57.536)	Acc@5 90.000 (80.682)	Mem 11452MB
Test: [500/834]	Time 6.406 (5.718)	Loss 4.5430 (3.6627)	Acc@1 21.667 (57.445)	Acc@5 56.667 (80.619)	Mem 11452MB
Test: [510/834]	Time 5.172 (5.709)	Loss 2.7285 (3.6556)	Acc@1 86.667 (57.681)	Acc@5 93.333 (80.760)	Mem 11452MB
Test: [520/834]	Time 5.360 (5.709)	Loss 3.5469 (3.6579)	Acc@1 65.000 (57.492)	Acc@5 86.667 (80.601)	Mem 11452MB
Test: [530/834]	Time 5.200 (5.708)	Loss 3.1934 (3.6551)	Acc@1 55.000 (57.486)	Acc@5 83.333 (80.590)	Mem 11452MB
Test: [540/834]	Time 5.172 (5.704)	Loss 3.5918 (3.6526)	Acc@1 60.000 (57.508)	Acc@5 88.333 (80.545)	Mem 11452MB
Test: [550/834]	Time 5.310 (5.709)	Loss 3.2207 (3.6567)	Acc@1 76.667 (57.344)	Acc@5 91.667 (80.420)	Mem 11452MB
Test: [560/834]	Time 7.347 (5.721)	Loss 3.3594 (3.6539)	Acc@1 76.667 (57.329)	Acc@5 95.000 (80.463)	Mem 11452MB
Test: [570/834]	Time 5.255 (5.724)	Loss 3.0918 (3.6551)	Acc@1 71.667 (57.280)	Acc@5 90.000 (80.464)	Mem 11452MB
Test: [580/834]	Time 4.974 (5.729)	Loss 3.2988 (3.6519)	Acc@1 65.000 (57.289)	Acc@5 78.333 (80.422)	Mem 11452MB
Test: [590/834]	Time 5.563 (5.728)	Loss 3.5508 (3.6495)	Acc@1 61.667 (57.335)	Acc@5 81.667 (80.434)	Mem 11452MB
Test: [600/834]	Time 5.510 (5.727)	Loss 3.1250 (3.6444)	Acc@1 71.667 (57.399)	Acc@5 86.667 (80.507)	Mem 11452MB
Test: [610/834]	Time 6.269 (5.730)	Loss 3.6426 (3.6429)	Acc@1 60.000 (57.338)	Acc@5 75.000 (80.396)	Mem 11452MB
Test: [620/834]	Time 6.316 (5.728)	Loss 4.2148 (3.6407)	Acc@1 38.333 (57.319)	Acc@5 68.333 (80.349)	Mem 11452MB
Test: [630/834]	Time 5.440 (5.723)	Loss 3.4102 (3.6381)	Acc@1 70.000 (57.359)	Acc@5 86.667 (80.357)	Mem 11452MB
Test: [640/834]	Time 5.316 (5.712)	Loss 3.1914 (3.6365)	Acc@1 65.000 (57.345)	Acc@5 83.333 (80.307)	Mem 11452MB
Test: [650/834]	Time 5.511 (5.711)	Loss 3.9297 (3.6382)	Acc@1 50.000 (57.284)	Acc@5 81.667 (80.243)	Mem 11452MB
Test: [660/834]	Time 6.798 (5.717)	Loss 3.9863 (3.6342)	Acc@1 43.333 (57.345)	Acc@5 68.333 (80.287)	Mem 11452MB
Test: [670/834]	Time 6.694 (5.721)	Loss 3.6543 (3.6311)	Acc@1 56.667 (57.439)	Acc@5 88.333 (80.310)	Mem 11452MB
Test: [680/834]	Time 5.333 (5.721)	Loss 3.2227 (3.6315)	Acc@1 63.333 (57.352)	Acc@5 78.333 (80.247)	Mem 11452MB
Test: [690/834]	Time 5.540 (5.716)	Loss 3.7070 (3.6308)	Acc@1 55.000 (57.364)	Acc@5 75.000 (80.244)	Mem 11452MB
Test: [700/834]	Time 5.973 (5.714)	Loss 3.2246 (3.6352)	Acc@1 68.333 (57.187)	Acc@5 85.000 (80.109)	Mem 11452MB
Test: [710/834]	Time 4.579 (5.716)	Loss 3.6348 (3.6376)	Acc@1 61.667 (57.077)	Acc@5 80.000 (80.049)	Mem 11452MB
Test: [720/834]	Time 6.697 (5.714)	Loss 3.8145 (3.6331)	Acc@1 38.333 (57.147)	Acc@5 75.000 (80.072)	Mem 11452MB
Test: [730/834]	Time 5.285 (5.715)	Loss 4.6250 (3.6323)	Acc@1 23.333 (57.143)	Acc@5 55.000 (80.050)	Mem 11452MB
Test: [740/834]	Time 6.036 (5.717)	Loss 4.0547 (3.6305)	Acc@1 55.000 (57.123)	Acc@5 75.000 (79.998)	Mem 11452MB
Test: [750/834]	Time 6.714 (5.726)	Loss 3.7148 (3.6303)	Acc@1 68.333 (57.104)	Acc@5 85.000 (80.000)	Mem 11452MB
Test: [760/834]	Time 6.108 (5.723)	Loss 3.0938 (3.6303)	Acc@1 73.333 (57.032)	Acc@5 88.333 (79.974)	Mem 11452MB
Test: [770/834]	Time 7.364 (5.724)	Loss 3.1426 (3.6263)	Acc@1 60.000 (57.101)	Acc@5 86.667 (80.017)	Mem 11452MB
Test: [780/834]	Time 4.818 (5.721)	Loss 2.4336 (3.6186)	Acc@1 83.333 (57.230)	Acc@5 90.000 (80.109)	Mem 11452MB
Test: [790/834]	Time 5.506 (5.721)	Loss 2.9258 (3.6078)	Acc@1 76.667 (57.413)	Acc@5 93.333 (80.268)	Mem 11452MB
Test: [800/834]	Time 5.978 (5.721)	Loss 2.7090 (3.5965)	Acc@1 68.333 (57.657)	Acc@5 90.000 (80.414)	Mem 11452MB
Test: [810/834]	Time 6.454 (5.720)	Loss 3.4844 (3.5960)	Acc@1 53.333 (57.635)	Acc@5 88.333 (80.395)	Mem 11452MB
Test: [820/834]	Time 4.502 (5.723)	Loss 2.8047 (3.5967)	Acc@1 85.000 (57.617)	Acc@5 95.000 (80.357)	Mem 11452MB
Test: [830/834]	Time 6.309 (5.726)	Loss 2.3828 (3.5833)	Acc@1 86.667 (57.930)	Acc@5 90.000 (80.523)	Mem 11452MB
 * Acc@1 57.883 Acc@5 80.493
01/07 15:22:00 - mmengine - INFO - Because batch augmentations are enabled, the data preprocessor automatically enables the `to_onehot` option to generate one-hot format labels.
01/07 15:22:00 - mmengine - INFO - Loads checkpoint by http backend from path: https://download.openmmlab.com/mmclassification/v0/convnext/convnext-tiny_32xb128_in1k_20221207-998cf3e9.pth
starting loop: img_size (1280, 1280)
Test: [0/1563]	Time 3.102 (3.102)	Loss 2.9023 (2.9023)	Acc@1 87.500 (87.500)	Acc@5 96.875 (96.875)	Mem 11452MB
Test: [10/1563]	Time 3.418 (3.834)	Loss 3.9688 (3.6886)	Acc@1 31.250 (57.955)	Acc@5 59.375 (80.966)	Mem 11452MB
Test: [20/1563]	Time 3.304 (3.876)	Loss 3.9668 (3.7243)	Acc@1 40.625 (58.929)	Acc@5 100.000 (83.185)	Mem 11452MB
Test: [30/1563]	Time 3.072 (3.783)	Loss 4.0234 (3.7844)	Acc@1 59.375 (57.258)	Acc@5 81.250 (82.762)	Mem 11452MB
Test: [40/1563]	Time 3.800 (3.786)	Loss 3.4824 (3.7432)	Acc@1 56.250 (58.308)	Acc@5 84.375 (82.927)	Mem 11452MB
Test: [50/1563]	Time 3.113 (3.796)	Loss 4.0898 (3.7552)	Acc@1 37.500 (56.863)	Acc@5 68.750 (82.169)	Mem 11452MB
Test: [60/1563]	Time 3.354 (3.791)	Loss 4.0508 (3.7905)	Acc@1 34.375 (54.355)	Acc@5 75.000 (80.430)	Mem 11452MB
Test: [70/1563]	Time 3.085 (3.785)	Loss 4.1641 (3.7935)	Acc@1 46.875 (54.313)	Acc@5 62.500 (79.886)	Mem 11452MB
Test: [80/1563]	Time 3.968 (3.773)	Loss 4.0938 (3.8585)	Acc@1 59.375 (52.508)	Acc@5 68.750 (78.125)	Mem 11452MB
Test: [90/1563]	Time 3.839 (3.766)	Loss 3.9648 (3.8585)	Acc@1 40.625 (51.477)	Acc@5 68.750 (77.198)	Mem 11452MB
Test: [100/1563]	Time 2.870 (3.737)	Loss 4.0664 (3.8697)	Acc@1 62.500 (51.238)	Acc@5 78.125 (76.980)	Mem 11452MB
Test: [110/1563]	Time 3.524 (3.732)	Loss 3.7676 (3.8557)	Acc@1 53.125 (51.436)	Acc@5 78.125 (77.393)	Mem 11452MB
Test: [120/1563]	Time 4.008 (3.720)	Loss 3.3711 (3.8404)	Acc@1 50.000 (51.317)	Acc@5 81.250 (77.893)	Mem 11452MB
Test: [130/1563]	Time 3.132 (3.666)	Loss 2.8926 (3.8225)	Acc@1 96.875 (51.503)	Acc@5 100.000 (77.958)	Mem 11452MB
Test: [140/1563]	Time 2.490 (3.599)	Loss 3.7852 (3.8061)	Acc@1 50.000 (52.327)	Acc@5 78.125 (78.191)	Mem 11452MB
Test: [150/1563]	Time 2.620 (3.535)	Loss 4.0352 (3.7993)	Acc@1 53.125 (53.022)	Acc@5 65.625 (78.560)	Mem 11452MB
Test: [160/1563]	Time 2.488 (3.487)	Loss 3.2305 (3.7949)	Acc@1 78.125 (53.649)	Acc@5 90.625 (78.649)	Mem 11452MB
Test: [170/1563]	Time 3.102 (3.467)	Loss 3.1621 (3.7904)	Acc@1 68.750 (53.655)	Acc@5 87.500 (78.235)	Mem 11452MB
Test: [180/1563]	Time 3.083 (3.437)	Loss 3.2363 (3.7632)	Acc@1 68.750 (54.334)	Acc@5 93.750 (78.712)	Mem 11452MB
Test: [190/1563]	Time 3.036 (3.418)	Loss 3.0430 (3.7333)	Acc@1 78.125 (54.827)	Acc@5 87.500 (78.812)	Mem 11452MB
Test: [200/1563]	Time 3.314 (3.407)	Loss 3.6797 (3.7394)	Acc@1 75.000 (54.680)	Acc@5 87.500 (78.576)	Mem 11452MB
Test: [210/1563]	Time 2.957 (3.398)	Loss 4.5547 (3.7369)	Acc@1 31.250 (54.828)	Acc@5 37.500 (78.717)	Mem 11452MB
Test: [220/1563]	Time 3.072 (3.370)	Loss 3.7773 (3.7264)	Acc@1 62.500 (55.147)	Acc@5 81.250 (79.101)	Mem 11452MB
Test: [230/1563]	Time 2.521 (3.352)	Loss 3.3594 (3.7276)	Acc@1 75.000 (55.330)	Acc@5 87.500 (79.383)	Mem 11452MB
Test: [240/1563]	Time 3.023 (3.332)	Loss 4.4922 (3.7358)	Acc@1 43.750 (55.277)	Acc@5 81.250 (79.396)	Mem 11452MB
Test: [250/1563]	Time 3.281 (3.316)	Loss 3.9961 (3.7640)	Acc@1 75.000 (54.943)	Acc@5 87.500 (79.158)	Mem 11452MB
Test: [260/1563]	Time 3.171 (3.303)	Loss 4.6758 (3.7871)	Acc@1 21.875 (54.693)	Acc@5 71.875 (78.975)	Mem 11452MB
Test: [270/1563]	Time 3.215 (3.285)	Loss 4.6914 (3.8060)	Acc@1 34.375 (54.509)	Acc@5 59.375 (78.794)	Mem 11452MB
Test: [280/1563]	Time 3.231 (3.280)	Loss 4.1055 (3.8233)	Acc@1 50.000 (54.460)	Acc@5 59.375 (78.581)	Mem 11452MB
Test: [290/1563]	Time 2.420 (3.265)	Loss 4.9336 (3.8487)	Acc@1 37.500 (54.091)	Acc@5 65.625 (78.254)	Mem 11452MB
Test: [300/1563]	Time 3.027 (3.259)	Loss 5.0469 (3.8781)	Acc@1 34.375 (53.623)	Acc@5 50.000 (77.710)	Mem 11452MB
Test: [310/1563]	Time 2.612 (3.246)	Loss 4.4648 (3.9039)	Acc@1 56.250 (53.105)	Acc@5 84.375 (77.261)	Mem 11452MB
Test: [320/1563]	Time 2.250 (3.234)	Loss 4.8438 (3.9264)	Acc@1 31.250 (52.794)	Acc@5 65.625 (76.976)	Mem 11452MB
Test: [330/1563]	Time 2.577 (3.220)	Loss 4.7500 (3.9468)	Acc@1 18.750 (52.351)	Acc@5 56.250 (76.548)	Mem 11452MB
Test: [340/1563]	Time 3.372 (3.213)	Loss 4.4531 (3.9676)	Acc@1 59.375 (52.144)	Acc@5 75.000 (76.246)	Mem 11452MB
Test: [350/1563]	Time 3.336 (3.206)	Loss 4.8203 (3.9802)	Acc@1 34.375 (51.950)	Acc@5 59.375 (76.140)	Mem 11452MB
Test: [360/1563]	Time 3.170 (3.201)	Loss 4.7930 (3.9940)	Acc@1 34.375 (51.749)	Acc@5 59.375 (76.047)	Mem 11452MB
Test: [370/1563]	Time 2.378 (3.196)	Loss 4.2539 (4.0118)	Acc@1 43.750 (51.306)	Acc@5 78.125 (75.767)	Mem 11452MB
Test: [380/1563]	Time 3.122 (3.193)	Loss 4.1016 (4.0266)	Acc@1 65.625 (50.927)	Acc@5 84.375 (75.574)	Mem 11452MB
Test: [390/1563]	Time 2.672 (3.183)	Loss 4.7344 (4.0407)	Acc@1 25.000 (50.815)	Acc@5 65.625 (75.424)	Mem 11452MB
Test: [400/1563]	Time 2.490 (3.181)	Loss 4.9141 (4.0438)	Acc@1 21.875 (50.881)	Acc@5 50.000 (75.468)	Mem 11452MB
Test: [410/1563]	Time 3.487 (3.180)	Loss 4.6797 (4.0567)	Acc@1 53.125 (50.836)	Acc@5 62.500 (75.418)	Mem 11452MB
Test: [420/1563]	Time 3.056 (3.177)	Loss 4.4531 (4.0715)	Acc@1 34.375 (50.334)	Acc@5 71.875 (75.126)	Mem 11452MB
Test: [430/1563]	Time 3.026 (3.177)	Loss 4.3672 (4.0737)	Acc@1 34.375 (50.334)	Acc@5 75.000 (75.073)	Mem 11452MB
Test: [440/1563]	Time 3.288 (3.173)	Loss 4.8516 (4.0767)	Acc@1 28.125 (50.326)	Acc@5 68.750 (75.071)	Mem 11452MB
Test: [450/1563]	Time 2.633 (3.169)	Loss 4.3125 (4.0804)	Acc@1 37.500 (50.298)	Acc@5 78.125 (74.972)	Mem 11452MB
Test: [460/1563]	Time 2.942 (3.168)	Loss 3.7852 (4.0802)	Acc@1 56.250 (50.373)	Acc@5 78.125 (74.980)	Mem 11452MB
Test: [470/1563]	Time 3.138 (3.168)	Loss 3.3848 (4.0753)	Acc@1 62.500 (50.451)	Acc@5 87.500 (75.060)	Mem 11452MB
Test: [480/1563]	Time 2.443 (3.163)	Loss 4.0156 (4.0693)	Acc@1 56.250 (50.396)	Acc@5 84.375 (75.097)	Mem 11452MB
Test: [490/1563]	Time 3.412 (3.162)	Loss 4.2930 (4.0660)	Acc@1 34.375 (50.191)	Acc@5 62.500 (75.006)	Mem 11452MB
Test: [500/1563]	Time 3.009 (3.159)	Loss 3.7285 (4.0605)	Acc@1 65.625 (50.206)	Acc@5 93.750 (75.094)	Mem 11452MB
Test: [510/1563]	Time 3.314 (3.158)	Loss 2.9180 (4.0478)	Acc@1 81.250 (50.434)	Acc@5 96.875 (75.385)	Mem 11452MB
Test: [520/1563]	Time 3.403 (3.158)	Loss 3.4395 (4.0403)	Acc@1 71.875 (50.546)	Acc@5 90.625 (75.480)	Mem 11452MB
Test: [530/1563]	Time 3.034 (3.158)	Loss 2.9961 (4.0334)	Acc@1 78.125 (50.836)	Acc@5 93.750 (75.630)	Mem 11452MB
Test: [540/1563]	Time 3.039 (3.157)	Loss 4.0430 (4.0283)	Acc@1 43.750 (50.913)	Acc@5 68.750 (75.659)	Mem 11452MB
Test: [550/1563]	Time 3.042 (3.154)	Loss 3.9609 (4.0226)	Acc@1 43.750 (51.078)	Acc@5 81.250 (75.760)	Mem 11452MB
Test: [560/1563]	Time 3.345 (3.154)	Loss 4.2773 (4.0188)	Acc@1 37.500 (51.148)	Acc@5 78.125 (75.908)	Mem 11452MB
Test: [570/1563]	Time 3.079 (3.151)	Loss 3.4199 (4.0183)	Acc@1 65.625 (51.111)	Acc@5 78.125 (75.832)	Mem 11452MB
Test: [580/1563]	Time 2.997 (3.150)	Loss 3.6289 (4.0173)	Acc@1 50.000 (51.054)	Acc@5 87.500 (75.796)	Mem 11452MB
Test: [590/1563]	Time 3.283 (3.150)	Loss 4.1094 (4.0139)	Acc@1 37.500 (51.063)	Acc@5 62.500 (75.814)	Mem 11452MB
Test: [600/1563]	Time 3.063 (3.151)	Loss 3.1074 (4.0098)	Acc@1 68.750 (50.952)	Acc@5 84.375 (75.816)	Mem 11452MB
Test: [610/1563]	Time 3.765 (3.152)	Loss 4.1133 (4.0076)	Acc@1 37.500 (51.008)	Acc@5 59.375 (75.818)	Mem 11452MB
Test: [620/1563]	Time 3.115 (3.151)	Loss 3.5430 (4.0009)	Acc@1 56.250 (51.107)	Acc@5 68.750 (75.830)	Mem 11452MB
Test: [630/1563]	Time 2.996 (3.152)	Loss 3.9023 (3.9982)	Acc@1 31.250 (51.094)	Acc@5 87.500 (75.891)	Mem 11452MB
Test: [640/1563]	Time 3.198 (3.151)	Loss 3.7227 (3.9940)	Acc@1 37.500 (51.097)	Acc@5 78.125 (75.956)	Mem 11452MB
Test: [650/1563]	Time 3.426 (3.150)	Loss 3.3242 (3.9973)	Acc@1 65.625 (50.883)	Acc@5 81.250 (75.739)	Mem 11452MB
Test: [660/1563]	Time 3.008 (3.147)	Loss 3.2500 (3.9950)	Acc@1 59.375 (50.917)	Acc@5 71.875 (75.733)	Mem 11452MB
Test: [670/1563]	Time 3.140 (3.147)	Loss 3.6426 (3.9931)	Acc@1 62.500 (50.931)	Acc@5 84.375 (75.694)	Mem 11452MB
Test: [680/1563]	Time 3.062 (3.147)	Loss 4.9336 (3.9906)	Acc@1 21.875 (50.918)	Acc@5 37.500 (75.619)	Mem 11452MB
Test: [690/1563]	Time 3.107 (3.145)	Loss 3.9531 (3.9902)	Acc@1 56.250 (50.900)	Acc@5 75.000 (75.565)	Mem 11452MB
Test: [700/1563]	Time 3.065 (3.144)	Loss 4.2852 (3.9934)	Acc@1 37.500 (50.740)	Acc@5 53.125 (75.388)	Mem 11452MB
Test: [710/1563]	Time 3.139 (3.144)	Loss 4.5312 (3.9913)	Acc@1 3.125 (50.664)	Acc@5 59.375 (75.387)	Mem 11452MB
Test: [720/1563]	Time 3.061 (3.145)	Loss 3.5254 (3.9897)	Acc@1 50.000 (50.624)	Acc@5 78.125 (75.355)	Mem 11452MB
Test: [730/1563]	Time 3.707 (3.146)	Loss 2.9004 (3.9862)	Acc@1 65.625 (50.581)	Acc@5 81.250 (75.316)	Mem 11452MB
Test: [740/1563]	Time 3.281 (3.146)	Loss 4.0352 (3.9872)	Acc@1 56.250 (50.498)	Acc@5 84.375 (75.278)	Mem 11452MB
Test: [750/1563]	Time 3.129 (3.147)	Loss 3.6113 (3.9821)	Acc@1 62.500 (50.583)	Acc@5 81.250 (75.287)	Mem 11452MB
Test: [760/1563]	Time 2.863 (3.145)	Loss 3.8359 (3.9805)	Acc@1 50.000 (50.485)	Acc@5 75.000 (75.312)	Mem 11452MB
Test: [770/1563]	Time 2.605 (3.143)	Loss 4.1953 (3.9782)	Acc@1 21.875 (50.426)	Acc@5 71.875 (75.263)	Mem 11452MB
Test: [780/1563]	Time 3.998 (3.143)	Loss 4.4414 (3.9813)	Acc@1 15.625 (50.252)	Acc@5 50.000 (75.132)	Mem 11452MB
Test: [790/1563]	Time 3.075 (3.148)	Loss 4.6172 (3.9824)	Acc@1 18.750 (50.138)	Acc@5 37.500 (74.984)	Mem 11452MB
Test: [800/1563]	Time 5.439 (3.153)	Loss 3.8711 (3.9780)	Acc@1 56.250 (50.176)	Acc@5 87.500 (75.059)	Mem 11452MB
Test: [810/1563]	Time 3.511 (3.157)	Loss 3.4414 (3.9790)	Acc@1 65.625 (50.031)	Acc@5 78.125 (74.977)	Mem 11452MB
Test: [820/1563]	Time 3.721 (3.163)	Loss 3.6387 (3.9776)	Acc@1 50.000 (50.004)	Acc@5 78.125 (74.920)	Mem 11452MB
Test: [830/1563]	Time 3.921 (3.173)	Loss 4.2695 (3.9824)	Acc@1 25.000 (49.774)	Acc@5 53.125 (74.741)	Mem 11452MB
Test: [840/1563]	Time 4.382 (3.180)	Loss 3.7129 (3.9760)	Acc@1 56.250 (49.918)	Acc@5 81.250 (74.837)	Mem 11452MB
Test: [850/1563]	Time 4.072 (3.186)	Loss 3.8691 (3.9732)	Acc@1 40.625 (49.923)	Acc@5 56.250 (74.842)	Mem 11452MB
Test: [860/1563]	Time 3.349 (3.192)	Loss 5.0352 (3.9736)	Acc@1 12.500 (49.728)	Acc@5 15.625 (74.731)	Mem 11452MB
Test: [870/1563]	Time 5.384 (3.199)	Loss 4.3906 (3.9713)	Acc@1 31.250 (49.806)	Acc@5 62.500 (74.785)	Mem 11452MB
Test: [880/1563]	Time 3.307 (3.205)	Loss 3.7363 (3.9696)	Acc@1 68.750 (49.819)	Acc@5 90.625 (74.801)	Mem 11452MB
Test: [890/1563]	Time 3.687 (3.212)	Loss 3.5664 (3.9632)	Acc@1 56.250 (49.905)	Acc@5 81.250 (74.870)	Mem 11452MB
Test: [900/1563]	Time 3.874 (3.218)	Loss 3.1250 (3.9617)	Acc@1 75.000 (49.955)	Acc@5 90.625 (74.865)	Mem 11452MB
Test: [910/1563]	Time 4.169 (3.222)	Loss 2.9004 (3.9602)	Acc@1 71.875 (49.873)	Acc@5 78.125 (74.811)	Mem 11452MB
Test: [920/1563]	Time 4.117 (3.232)	Loss 3.7871 (3.9585)	Acc@1 59.375 (49.871)	Acc@5 81.250 (74.817)	Mem 11452MB
Test: [930/1563]	Time 4.461 (3.244)	Loss 3.5684 (3.9558)	Acc@1 37.500 (49.889)	Acc@5 90.625 (74.836)	Mem 11452MB
Test: [940/1563]	Time 3.560 (3.250)	Loss 4.1992 (3.9562)	Acc@1 50.000 (49.774)	Acc@5 62.500 (74.771)	Mem 11452MB
Test: [950/1563]	Time 3.853 (3.257)	Loss 3.5352 (3.9534)	Acc@1 65.625 (49.915)	Acc@5 81.250 (74.869)	Mem 11452MB
Test: [960/1563]	Time 3.433 (3.261)	Loss 4.0391 (3.9492)	Acc@1 34.375 (49.990)	Acc@5 68.750 (74.906)	Mem 11452MB
Test: [970/1563]	Time 4.610 (3.267)	Loss 4.3047 (3.9515)	Acc@1 25.000 (49.862)	Acc@5 56.250 (74.765)	Mem 11452MB
Test: [980/1563]	Time 3.922 (3.276)	Loss 3.7754 (3.9525)	Acc@1 50.000 (49.822)	Acc@5 84.375 (74.758)	Mem 11452MB
Test: [990/1563]	Time 3.116 (3.284)	Loss 4.5078 (3.9495)	Acc@1 21.875 (49.886)	Acc@5 50.000 (74.795)	Mem 11452MB
Test: [1000/1563]	Time 3.432 (3.286)	Loss 2.5098 (3.9500)	Acc@1 87.500 (49.788)	Acc@5 96.875 (74.710)	Mem 11452MB
Test: [1010/1563]	Time 3.343 (3.286)	Loss 3.2031 (3.9471)	Acc@1 78.125 (49.873)	Acc@5 87.500 (74.731)	Mem 11452MB
Test: [1020/1563]	Time 3.344 (3.285)	Loss 4.4492 (3.9498)	Acc@1 40.625 (49.804)	Acc@5 56.250 (74.669)	Mem 11452MB
Test: [1030/1563]	Time 3.913 (3.285)	Loss 3.5234 (3.9527)	Acc@1 81.250 (49.639)	Acc@5 90.625 (74.573)	Mem 11452MB
Test: [1040/1563]	Time 3.465 (3.285)	Loss 3.7734 (3.9518)	Acc@1 50.000 (49.613)	Acc@5 71.875 (74.574)	Mem 11452MB
Test: [1050/1563]	Time 2.731 (3.283)	Loss 3.4727 (3.9505)	Acc@1 78.125 (49.676)	Acc@5 93.750 (74.608)	Mem 11452MB
Test: [1060/1563]	Time 3.082 (3.281)	Loss 4.3438 (3.9510)	Acc@1 46.875 (49.676)	Acc@5 59.375 (74.629)	Mem 11452MB
Test: [1070/1563]	Time 3.031 (3.279)	Loss 3.1152 (3.9506)	Acc@1 65.625 (49.679)	Acc@5 93.750 (74.647)	Mem 11452MB
Test: [1080/1563]	Time 3.058 (3.280)	Loss 3.7617 (3.9493)	Acc@1 56.250 (49.725)	Acc@5 90.625 (74.659)	Mem 11452MB
Test: [1090/1563]	Time 3.007 (3.278)	Loss 4.2031 (3.9483)	Acc@1 34.375 (49.708)	Acc@5 62.500 (74.599)	Mem 11452MB
Test: [1100/1563]	Time 4.073 (3.278)	Loss 3.6543 (3.9469)	Acc@1 65.625 (49.753)	Acc@5 71.875 (74.614)	Mem 11452MB
Test: [1110/1563]	Time 3.875 (3.279)	Loss 4.2734 (3.9461)	Acc@1 34.375 (49.775)	Acc@5 62.500 (74.615)	Mem 11452MB
Test: [1120/1563]	Time 2.581 (3.278)	Loss 4.1055 (3.9419)	Acc@1 34.375 (49.861)	Acc@5 71.875 (74.696)	Mem 11452MB
Test: [1130/1563]	Time 2.689 (3.277)	Loss 4.2109 (3.9391)	Acc@1 46.875 (49.867)	Acc@5 62.500 (74.710)	Mem 11452MB
Test: [1140/1563]	Time 3.070 (3.275)	Loss 3.9277 (3.9381)	Acc@1 43.750 (49.879)	Acc@5 65.625 (74.674)	Mem 11452MB
Test: [1150/1563]	Time 3.341 (3.273)	Loss 4.0273 (3.9415)	Acc@1 62.500 (49.767)	Acc@5 78.125 (74.568)	Mem 11452MB
Test: [1160/1563]	Time 3.104 (3.275)	Loss 4.5312 (3.9384)	Acc@1 18.750 (49.830)	Acc@5 53.125 (74.564)	Mem 11452MB
Test: [1170/1563]	Time 3.115 (3.276)	Loss 3.9844 (3.9375)	Acc@1 46.875 (49.843)	Acc@5 75.000 (74.565)	Mem 11452MB
Test: [1180/1563]	Time 3.717 (3.278)	Loss 3.5234 (3.9363)	Acc@1 68.750 (49.833)	Acc@5 87.500 (74.585)	Mem 11452MB
Test: [1190/1563]	Time 3.545 (3.279)	Loss 4.1367 (3.9348)	Acc@1 43.750 (49.890)	Acc@5 65.625 (74.596)	Mem 11452MB
Test: [1200/1563]	Time 3.275 (3.281)	Loss 3.7051 (3.9353)	Acc@1 53.125 (49.849)	Acc@5 65.625 (74.529)	Mem 11452MB
Test: [1210/1563]	Time 3.805 (3.282)	Loss 3.9980 (3.9353)	Acc@1 37.500 (49.819)	Acc@5 68.750 (74.484)	Mem 11452MB
Test: [1220/1563]	Time 3.624 (3.283)	Loss 3.4922 (3.9371)	Acc@1 65.625 (49.772)	Acc@5 90.625 (74.422)	Mem 11452MB
Test: [1230/1563]	Time 3.750 (3.284)	Loss 3.7207 (3.9356)	Acc@1 37.500 (49.812)	Acc@5 71.875 (74.447)	Mem 11452MB
Test: [1240/1563]	Time 3.373 (3.284)	Loss 4.2852 (3.9343)	Acc@1 50.000 (49.834)	Acc@5 65.625 (74.451)	Mem 11452MB
Test: [1250/1563]	Time 3.441 (3.285)	Loss 2.3164 (3.9326)	Acc@1 75.000 (49.870)	Acc@5 90.625 (74.440)	Mem 11452MB
Test: [1260/1563]	Time 3.285 (3.286)	Loss 4.2656 (3.9303)	Acc@1 40.625 (49.938)	Acc@5 68.750 (74.489)	Mem 11452MB
Test: [1270/1563]	Time 3.404 (3.289)	Loss 4.3047 (3.9304)	Acc@1 31.250 (49.887)	Acc@5 53.125 (74.442)	Mem 11452MB
Test: [1280/1563]	Time 3.913 (3.291)	Loss 3.7539 (3.9296)	Acc@1 53.125 (49.890)	Acc@5 75.000 (74.444)	Mem 11452MB
Test: [1290/1563]	Time 2.851 (3.291)	Loss 4.0469 (3.9275)	Acc@1 50.000 (49.944)	Acc@5 71.875 (74.482)	Mem 11452MB
Test: [1300/1563]	Time 3.129 (3.292)	Loss 3.9668 (3.9288)	Acc@1 50.000 (49.880)	Acc@5 62.500 (74.419)	Mem 11452MB
Test: [1310/1563]	Time 3.233 (3.292)	Loss 4.1016 (3.9335)	Acc@1 25.000 (49.745)	Acc@5 84.375 (74.306)	Mem 11452MB
Test: [1320/1563]	Time 3.784 (3.295)	Loss 4.5195 (3.9341)	Acc@1 28.125 (49.735)	Acc@5 53.125 (74.257)	Mem 11452MB
Test: [1330/1563]	Time 2.595 (3.292)	Loss 4.6523 (3.9361)	Acc@1 18.750 (49.648)	Acc@5 50.000 (74.192)	Mem 11452MB
Test: [1340/1563]	Time 2.463 (3.287)	Loss 3.1660 (3.9328)	Acc@1 50.000 (49.737)	Acc@5 81.250 (74.245)	Mem 11452MB
Test: [1350/1563]	Time 2.682 (3.282)	Loss 4.3086 (3.9316)	Acc@1 9.375 (49.732)	Acc@5 68.750 (74.241)	Mem 11452MB
Test: [1360/1563]	Time 2.618 (3.277)	Loss 4.5391 (3.9308)	Acc@1 28.125 (49.727)	Acc@5 46.875 (74.196)	Mem 11452MB
Test: [1370/1563]	Time 2.660 (3.273)	Loss 4.0625 (3.9313)	Acc@1 43.750 (49.722)	Acc@5 56.250 (74.179)	Mem 11452MB
Test: [1380/1563]	Time 2.548 (3.268)	Loss 5.2344 (3.9315)	Acc@1 3.125 (49.695)	Acc@5 25.000 (74.124)	Mem 11452MB
Test: [1390/1563]	Time 2.685 (3.263)	Loss 4.0508 (3.9302)	Acc@1 34.375 (49.674)	Acc@5 68.750 (74.104)	Mem 11452MB
Test: [1400/1563]	Time 2.660 (3.259)	Loss 4.1445 (3.9277)	Acc@1 34.375 (49.697)	Acc@5 87.500 (74.150)	Mem 11452MB
Test: [1410/1563]	Time 2.945 (3.255)	Loss 3.8789 (3.9297)	Acc@1 56.250 (49.674)	Acc@5 68.750 (74.090)	Mem 11452MB
Test: [1420/1563]	Time 2.381 (3.250)	Loss 4.5000 (3.9302)	Acc@1 18.750 (49.648)	Acc@5 53.125 (74.068)	Mem 11452MB
Test: [1430/1563]	Time 2.601 (3.246)	Loss 3.8984 (3.9299)	Acc@1 53.125 (49.603)	Acc@5 68.750 (74.046)	Mem 11452MB
Test: [1440/1563]	Time 2.642 (3.242)	Loss 3.0879 (3.9261)	Acc@1 65.625 (49.709)	Acc@5 78.125 (74.094)	Mem 11452MB
Test: [1450/1563]	Time 2.489 (3.237)	Loss 3.7188 (3.9233)	Acc@1 43.750 (49.726)	Acc@5 81.250 (74.139)	Mem 11452MB
Test: [1460/1563]	Time 2.550 (3.233)	Loss 3.7910 (3.9203)	Acc@1 46.875 (49.752)	Acc@5 71.875 (74.164)	Mem 11452MB
Test: [1470/1563]	Time 2.591 (3.229)	Loss 3.0430 (3.9134)	Acc@1 68.750 (49.919)	Acc@5 93.750 (74.271)	Mem 11452MB
Test: [1480/1563]	Time 2.639 (3.224)	Loss 3.8145 (3.9070)	Acc@1 12.500 (50.027)	Acc@5 90.625 (74.378)	Mem 11452MB
Test: [1490/1563]	Time 2.599 (3.221)	Loss 3.0918 (3.9013)	Acc@1 75.000 (50.163)	Acc@5 87.500 (74.466)	Mem 11452MB
Test: [1500/1563]	Time 2.605 (3.216)	Loss 2.9121 (3.8951)	Acc@1 75.000 (50.346)	Acc@5 87.500 (74.573)	Mem 11452MB
Test: [1510/1563]	Time 2.726 (3.213)	Loss 4.4453 (3.8927)	Acc@1 46.875 (50.385)	Acc@5 71.875 (74.613)	Mem 11452MB
Test: [1520/1563]	Time 2.565 (3.209)	Loss 3.6953 (3.8942)	Acc@1 34.375 (50.316)	Acc@5 87.500 (74.577)	Mem 11452MB
Test: [1530/1563]	Time 3.042 (3.205)	Loss 3.7559 (3.8948)	Acc@1 43.750 (50.282)	Acc@5 84.375 (74.571)	Mem 11452MB
Test: [1540/1563]	Time 3.110 (3.202)	Loss 2.9824 (3.8939)	Acc@1 90.625 (50.320)	Acc@5 96.875 (74.564)	Mem 11452MB
Test: [1550/1563]	Time 2.591 (3.199)	Loss 2.8574 (3.8873)	Acc@1 78.125 (50.475)	Acc@5 87.500 (74.684)	Mem 11452MB
Test: [1560/1563]	Time 2.503 (3.195)	Loss 3.4863 (3.8798)	Acc@1 34.375 (50.635)	Acc@5 81.250 (74.768)	Mem 11452MB
 * Acc@1 50.605 Acc@5 74.742
