[W socket.cpp:426] [c10d] The server socket has failed to bind to [::]:61234 (errno: 98 - Address already in use).
[W socket.cpp:426] [c10d] The server socket has failed to bind to ?UNKNOWN? (errno: 98 - Address already in use).
[E socket.cpp:462] [c10d] The server socket has failed to listen on any local network address.
The server socket has failed to listen on any local network address. The server socket has failed to bind to [::]:61234 (errno: 98 - Address already in use). The server socket has failed to bind to ?UNKNOWN? (errno: 98 - Address already in use).
[W socket.cpp:426] [c10d] The server socket has failed to bind to [::]:61233 (errno: 98 - Address already in use).
[W socket.cpp:426] [c10d] The server socket has failed to bind to ?UNKNOWN? (errno: 98 - Address already in use).
[E socket.cpp:462] [c10d] The server socket has failed to listen on any local network address.
The server socket has failed to listen on any local network address. The server socket has failed to bind to [::]:61233 (errno: 98 - Address already in use). The server socket has failed to bind to ?UNKNOWN? (errno: 98 - Address already in use).
using init_convnext ======================== 
01/16 21:06:40 - mmengine - INFO - Because batch augmentations are enabled, the data preprocessor automatically enables the `to_onehot` option to generate one-hot format labels.
01/16 21:06:40 - mmengine - INFO - Loads checkpoint by http backend from path: https://download.openmmlab.com/mmclassification/v0/convnext/convnext-tiny_32xb128_in1k_20221207-998cf3e9.pth
starting loop: img_size 224; len(dataset) 50003
Test: [0/391]	Time 4.951 (4.951)	Loss 0.3262 (0.3262)	Acc@1 92.969 (92.969)	Acc@5 98.438 (98.438)	Mem 1178MB
Test: [10/391]	Time 3.401 (3.535)	Loss 0.9688 (0.4197)	Acc@1 78.125 (92.259)	Acc@5 98.438 (98.509)	Mem 1179MB
Test: [20/391]	Time 5.195 (3.214)	Loss 0.5137 (0.5523)	Acc@1 92.188 (87.760)	Acc@5 97.656 (98.214)	Mem 1179MB
Test: [30/391]	Time 5.913 (4.127)	Loss 1.0664 (0.6569)	Acc@1 78.125 (84.829)	Acc@5 92.188 (97.581)	Mem 1179MB
Test: [40/391]	Time 4.750 (4.229)	Loss 0.4805 (0.5877)	Acc@1 92.188 (86.928)	Acc@5 96.875 (97.866)	Mem 1179MB
Test: [50/391]	Time 3.277 (4.431)	Loss 0.2344 (0.5870)	Acc@1 96.875 (87.286)	Acc@5 100.000 (97.763)	Mem 1179MB
Test: [60/391]	Time 5.091 (4.604)	Loss 0.8662 (0.5590)	Acc@1 82.812 (88.140)	Acc@5 94.531 (97.900)	Mem 1179MB
Test: [70/391]	Time 6.351 (4.847)	Loss 0.6616 (0.5924)	Acc@1 79.688 (87.247)	Acc@5 99.219 (97.678)	Mem 1179MB
Test: [80/391]	Time 6.640 (5.065)	Loss 0.6172 (0.6079)	Acc@1 83.594 (86.748)	Acc@5 96.875 (97.608)	Mem 1179MB
Test: [90/391]	Time 6.070 (5.197)	Loss 0.8247 (0.6098)	Acc@1 75.000 (86.779)	Acc@5 97.656 (97.553)	Mem 1179MB
Test: [100/391]	Time 4.678 (5.231)	Loss 0.4724 (0.6114)	Acc@1 90.625 (86.549)	Acc@5 97.656 (97.649)	Mem 1179MB
Test: [110/391]	Time 8.011 (5.376)	Loss 1.1025 (0.6230)	Acc@1 62.500 (86.128)	Acc@5 100.000 (97.656)	Mem 1179MB
Test: [120/391]	Time 6.326 (5.475)	Loss 0.3721 (0.6208)	Acc@1 92.969 (86.338)	Acc@5 98.438 (97.708)	Mem 1179MB
Test: [130/391]	Time 5.638 (5.580)	Loss 0.2893 (0.6137)	Acc@1 96.094 (86.588)	Acc@5 100.000 (97.710)	Mem 1179MB
Test: [140/391]	Time 7.680 (5.588)	Loss 1.0117 (0.6124)	Acc@1 69.531 (86.425)	Acc@5 98.438 (97.795)	Mem 1179MB
Test: [150/391]	Time 8.110 (5.678)	Loss 0.7285 (0.6203)	Acc@1 79.688 (86.258)	Acc@5 98.438 (97.713)	Mem 1179MB
Test: [160/391]	Time 6.936 (5.729)	Loss 0.6880 (0.6228)	Acc@1 80.469 (86.166)	Acc@5 96.094 (97.647)	Mem 1179MB
Test: [170/391]	Time 6.429 (5.755)	Loss 1.3740 (0.6406)	Acc@1 63.281 (85.663)	Acc@5 92.188 (97.492)	Mem 1179MB
Test: [180/391]	Time 6.362 (5.790)	Loss 1.4180 (0.6550)	Acc@1 62.500 (85.294)	Acc@5 93.750 (97.337)	Mem 1179MB
Test: [190/391]	Time 6.330 (5.819)	Loss 1.1885 (0.6742)	Acc@1 71.094 (84.796)	Acc@5 95.312 (97.161)	Mem 1179MB
Test: [200/391]	Time 5.555 (5.822)	Loss 0.5581 (0.6911)	Acc@1 87.500 (84.402)	Acc@5 98.438 (97.007)	Mem 1179MB
Test: [210/391]	Time 6.019 (5.851)	Loss 0.8193 (0.7037)	Acc@1 80.469 (84.082)	Acc@5 96.875 (96.919)	Mem 1179MB
Test: [220/391]	Time 6.992 (5.878)	Loss 0.3362 (0.7054)	Acc@1 93.750 (84.089)	Acc@5 98.438 (96.847)	Mem 1179MB
Test: [230/391]	Time 7.149 (5.917)	Loss 1.1211 (0.7098)	Acc@1 74.219 (84.033)	Acc@5 90.625 (96.767)	Mem 1179MB
Test: [240/391]	Time 6.980 (5.937)	Loss 0.7134 (0.7110)	Acc@1 88.281 (84.080)	Acc@5 93.750 (96.684)	Mem 1179MB
Test: [250/391]	Time 6.031 (5.941)	Loss 0.4822 (0.7257)	Acc@1 87.500 (83.572)	Acc@5 100.000 (96.595)	Mem 1179MB
Test: [260/391]	Time 7.307 (5.937)	Loss 0.7451 (0.7367)	Acc@1 82.031 (83.327)	Acc@5 97.656 (96.486)	Mem 1179MB
Test: [270/391]	Time 5.460 (5.939)	Loss 1.4053 (0.7423)	Acc@1 65.625 (83.205)	Acc@5 89.062 (96.399)	Mem 1179MB
Test: [280/391]	Time 4.845 (5.933)	Loss 0.9980 (0.7442)	Acc@1 74.219 (83.149)	Acc@5 96.875 (96.394)	Mem 1179MB
Test: [290/391]	Time 5.587 (5.903)	Loss 1.2168 (0.7502)	Acc@1 54.688 (82.960)	Acc@5 96.875 (96.333)	Mem 1179MB
Test: [300/391]	Time 6.526 (5.907)	Loss 0.6724 (0.7537)	Acc@1 83.594 (82.919)	Acc@5 97.656 (96.291)	Mem 1179MB
Test: [310/391]	Time 5.463 (5.920)	Loss 0.9194 (0.7575)	Acc@1 80.469 (82.868)	Acc@5 92.969 (96.229)	Mem 1179MB
Test: [320/391]	Time 5.728 (5.936)	Loss 0.5117 (0.7628)	Acc@1 91.406 (82.757)	Acc@5 97.656 (96.176)	Mem 1179MB
Test: [330/391]	Time 5.736 (5.936)	Loss 1.1953 (0.7730)	Acc@1 69.531 (82.492)	Acc@5 92.188 (96.073)	Mem 1179MB
Test: [340/391]	Time 6.904 (5.944)	Loss 0.6499 (0.7761)	Acc@1 85.156 (82.425)	Acc@5 98.438 (96.059)	Mem 1179MB
Test: [350/391]	Time 4.120 (5.941)	Loss 0.7881 (0.7774)	Acc@1 77.344 (82.350)	Acc@5 93.750 (96.049)	Mem 1179MB
Test: [360/391]	Time 3.789 (5.894)	Loss 1.2686 (0.7840)	Acc@1 67.969 (82.142)	Acc@5 95.312 (96.027)	Mem 1179MB
Test: [370/391]	Time 5.009 (5.833)	Loss 1.0547 (0.7813)	Acc@1 66.406 (82.155)	Acc@5 98.438 (96.060)	Mem 1179MB
Test: [380/391]	Time 4.673 (5.784)	Loss 0.7363 (0.7833)	Acc@1 80.469 (82.115)	Acc@5 97.656 (96.028)	Mem 1179MB
Test: [390/391]	Time 3.237 (5.756)	Loss 1.5029 (0.7813)	Acc@1 57.831 (82.151)	Acc@5 95.181 (96.054)	Mem 1179MB
 * Acc@1 82.151 Acc@5 96.054
01/16 21:44:12 - mmengine - INFO - Because batch augmentations are enabled, the data preprocessor automatically enables the `to_onehot` option to generate one-hot format labels.
01/16 21:44:13 - mmengine - INFO - Loads checkpoint by http backend from path: https://download.openmmlab.com/mmclassification/v0/convnext/convnext-tiny_32xb128_in1k_20221207-998cf3e9.pth
starting loop: img_size 64; len(dataset) 50003
Test: [0/391]	Time 2.595 (2.595)	Loss 2.4102 (2.4102)	Acc@1 62.500 (62.500)	Acc@5 78.906 (78.906)	Mem 1179MB
Test: [10/391]	Time 3.698 (2.777)	Loss 3.7969 (2.4466)	Acc@1 42.969 (57.955)	Acc@5 62.500 (77.060)	Mem 1179MB
Test: [20/391]	Time 1.822 (2.591)	Loss 2.9805 (2.9807)	Acc@1 55.469 (51.153)	Acc@5 71.094 (71.466)	Mem 1179MB
Test: [30/391]	Time 2.687 (2.470)	Loss 3.2324 (3.2280)	Acc@1 52.344 (47.480)	Acc@5 69.531 (69.254)	Mem 1179MB
Test: [40/391]	Time 1.505 (2.251)	Loss 2.8086 (2.9032)	Acc@1 55.469 (52.210)	Acc@5 67.188 (72.542)	Mem 1179MB
Test: [50/391]	Time 1.378 (2.156)	Loss 1.1436 (2.8942)	Acc@1 74.219 (51.915)	Acc@5 90.625 (72.687)	Mem 1179MB
Test: [60/391]	Time 1.304 (2.074)	Loss 2.2305 (2.7208)	Acc@1 55.469 (54.214)	Acc@5 80.469 (74.526)	Mem 1179MB
Test: [70/391]	Time 1.838 (1.999)	Loss 3.6191 (2.7324)	Acc@1 34.375 (52.872)	Acc@5 67.969 (74.736)	Mem 1179MB
Test: [80/391]	Time 1.431 (1.942)	Loss 2.8945 (2.7272)	Acc@1 38.281 (52.209)	Acc@5 72.656 (74.797)	Mem 1179MB
Test: [90/391]	Time 1.520 (1.902)	Loss 2.3027 (2.6977)	Acc@1 44.531 (52.172)	Acc@5 85.156 (75.215)	Mem 1179MB
Test: [100/391]	Time 1.297 (1.891)	Loss 2.3281 (2.6486)	Acc@1 46.875 (52.088)	Acc@5 79.688 (75.890)	Mem 1179MB
Test: [110/391]	Time 2.017 (1.872)	Loss 2.8359 (2.6310)	Acc@1 40.625 (52.203)	Acc@5 78.906 (76.281)	Mem 1179MB
Test: [120/391]	Time 1.473 (1.863)	Loss 3.4844 (2.6273)	Acc@1 44.531 (52.492)	Acc@5 67.188 (76.498)	Mem 1179MB
Test: [130/391]	Time 1.280 (1.851)	Loss 2.8457 (2.6581)	Acc@1 53.125 (52.451)	Acc@5 72.656 (76.020)	Mem 1179MB
Test: [140/391]	Time 1.287 (1.806)	Loss 2.7500 (2.6328)	Acc@1 44.531 (52.704)	Acc@5 75.781 (76.308)	Mem 1179MB
Test: [150/391]	Time 1.944 (1.779)	Loss 1.8936 (2.6014)	Acc@1 54.688 (53.099)	Acc@5 88.281 (76.552)	Mem 1179MB
Test: [160/391]	Time 1.443 (1.743)	Loss 3.2520 (2.6283)	Acc@1 48.438 (52.984)	Acc@5 67.969 (76.291)	Mem 1179MB
Test: [170/391]	Time 1.100 (1.710)	Loss 3.7031 (2.6967)	Acc@1 36.719 (52.316)	Acc@5 68.750 (75.585)	Mem 1179MB
Test: [180/391]	Time 1.143 (1.681)	Loss 3.7422 (2.7503)	Acc@1 41.406 (51.731)	Acc@5 64.844 (75.108)	Mem 1179MB
Test: [190/391]	Time 0.970 (1.659)	Loss 4.1055 (2.7971)	Acc@1 35.156 (51.264)	Acc@5 67.188 (74.583)	Mem 1179MB
Test: [200/391]	Time 0.914 (1.635)	Loss 3.9707 (2.8472)	Acc@1 35.156 (50.641)	Acc@5 60.938 (74.024)	Mem 1179MB
Test: [210/391]	Time 1.121 (1.616)	Loss 3.4473 (2.8784)	Acc@1 48.438 (50.326)	Acc@5 67.969 (73.704)	Mem 1179MB
Test: [220/391]	Time 1.344 (1.601)	Loss 2.4824 (2.8914)	Acc@1 60.156 (50.173)	Acc@5 80.469 (73.536)	Mem 1179MB
Test: [230/391]	Time 1.350 (1.588)	Loss 4.7852 (2.9117)	Acc@1 25.000 (50.003)	Acc@5 57.031 (73.309)	Mem 1179MB
Test: [240/391]	Time 1.269 (1.575)	Loss 4.1680 (2.9386)	Acc@1 35.156 (49.757)	Acc@5 55.469 (72.958)	Mem 1179MB
Test: [250/391]	Time 1.134 (1.557)	Loss 2.6895 (2.9661)	Acc@1 53.125 (49.325)	Acc@5 74.219 (72.681)	Mem 1179MB
Test: [260/391]	Time 1.309 (1.545)	Loss 3.1094 (2.9923)	Acc@1 46.875 (48.967)	Acc@5 71.094 (72.411)	Mem 1179MB
Test: [270/391]	Time 1.252 (1.533)	Loss 4.2852 (3.0090)	Acc@1 27.344 (48.830)	Acc@5 57.031 (72.212)	Mem 1179MB
Test: [280/391]	Time 1.103 (1.523)	Loss 3.5742 (3.0260)	Acc@1 41.406 (48.654)	Acc@5 67.188 (72.039)	Mem 1179MB
Test: [290/391]	Time 0.918 (1.512)	Loss 4.0234 (3.0502)	Acc@1 34.375 (48.478)	Acc@5 62.500 (71.765)	Mem 1179MB
Test: [300/391]	Time 1.205 (1.500)	Loss 3.4863 (3.0649)	Acc@1 42.969 (48.354)	Acc@5 68.750 (71.592)	Mem 1179MB
Test: [310/391]	Time 1.088 (1.491)	Loss 3.8770 (3.0931)	Acc@1 43.750 (48.056)	Acc@5 67.969 (71.249)	Mem 1179MB
Test: [320/391]	Time 0.986 (1.482)	Loss 2.3242 (3.1017)	Acc@1 58.594 (47.960)	Acc@5 79.688 (71.176)	Mem 1179MB
Test: [330/391]	Time 2.501 (1.495)	Loss 3.9961 (3.1412)	Acc@1 35.938 (47.543)	Acc@5 60.156 (70.773)	Mem 1179MB
Test: [340/391]	Time 1.743 (1.507)	Loss 3.0352 (3.1467)	Acc@1 39.844 (47.425)	Acc@5 75.781 (70.748)	Mem 1179MB
Test: [350/391]	Time 1.506 (1.508)	Loss 2.7910 (3.1526)	Acc@1 56.250 (47.307)	Acc@5 74.219 (70.691)	Mem 1179MB
Test: [360/391]	Time 1.411 (1.510)	Loss 3.3184 (3.1651)	Acc@1 40.625 (47.171)	Acc@5 75.781 (70.596)	Mem 1179MB
Test: [370/391]	Time 1.927 (1.516)	Loss 2.0645 (3.1497)	Acc@1 56.250 (47.296)	Acc@5 85.156 (70.776)	Mem 1179MB
Test: [380/391]	Time 2.219 (1.516)	Loss 1.3320 (3.1442)	Acc@1 77.344 (47.392)	Acc@5 92.188 (70.844)	Mem 1179MB
Test: [390/391]	Time 1.451 (1.527)	Loss 4.5117 (3.1159)	Acc@1 27.711 (47.751)	Acc@5 56.627 (71.146)	Mem 1179MB
 * Acc@1 47.751 Acc@5 71.146
01/16 21:54:11 - mmengine - INFO - Because batch augmentations are enabled, the data preprocessor automatically enables the `to_onehot` option to generate one-hot format labels.
01/16 21:54:11 - mmengine - INFO - Loads checkpoint by http backend from path: https://download.openmmlab.com/mmclassification/v0/convnext/convnext-tiny_32xb128_in1k_20221207-998cf3e9.pth
starting loop: img_size 112; len(dataset) 50003
Test: [0/391]	Time 4.408 (4.408)	Loss 0.6694 (0.6694)	Acc@1 85.938 (85.938)	Acc@5 96.094 (96.094)	Mem 1179MB
Test: [10/391]	Time 4.917 (3.791)	Loss 1.7207 (0.7740)	Acc@1 67.188 (83.878)	Acc@5 89.844 (94.744)	Mem 1179MB
Test: [20/391]	Time 3.970 (3.869)	Loss 1.0664 (1.0790)	Acc@1 79.688 (77.418)	Acc@5 92.188 (92.076)	Mem 1179MB
Test: [30/391]	Time 4.915 (3.935)	Loss 1.4658 (1.2117)	Acc@1 78.125 (74.924)	Acc@5 89.062 (91.356)	Mem 1179MB
Test: [40/391]	Time 3.866 (3.886)	Loss 1.0146 (1.0634)	Acc@1 78.906 (77.877)	Acc@5 89.844 (92.530)	Mem 1179MB
Test: [50/391]	Time 3.761 (3.846)	Loss 0.2351 (1.0678)	Acc@1 91.406 (77.911)	Acc@5 99.219 (92.479)	Mem 1179MB
Test: [60/391]	Time 2.464 (3.791)	Loss 1.2070 (1.0037)	Acc@1 69.531 (79.175)	Acc@5 92.969 (93.007)	Mem 1179MB
Test: [70/391]	Time 2.460 (3.710)	Loss 1.3262 (1.0446)	Acc@1 62.500 (77.784)	Acc@5 94.531 (93.035)	Mem 1179MB
Test: [80/391]	Time 4.024 (3.742)	Loss 1.1943 (1.0582)	Acc@1 69.531 (77.103)	Acc@5 91.406 (93.036)	Mem 1179MB
Test: [90/391]	Time 4.296 (3.773)	Loss 1.2158 (1.0579)	Acc@1 65.625 (77.026)	Acc@5 90.625 (93.012)	Mem 1179MB
Test: [100/391]	Time 3.121 (3.772)	Loss 0.8833 (1.0443)	Acc@1 78.125 (76.841)	Acc@5 93.750 (93.263)	Mem 1179MB
Test: [110/391]	Time 2.158 (3.815)	Loss 1.1416 (1.0404)	Acc@1 58.594 (76.591)	Acc@5 98.438 (93.497)	Mem 1179MB
Test: [120/391]	Time 5.508 (3.902)	Loss 0.7910 (1.0344)	Acc@1 78.906 (76.924)	Acc@5 94.531 (93.634)	Mem 1179MB
Test: [130/391]	Time 4.452 (4.000)	Loss 0.4580 (1.0280)	Acc@1 88.281 (77.248)	Acc@5 96.875 (93.637)	Mem 1179MB
Test: [140/391]	Time 5.823 (4.024)	Loss 1.2080 (1.0204)	Acc@1 66.406 (77.227)	Acc@5 96.875 (93.728)	Mem 1179MB
Test: [150/391]	Time 7.110 (4.119)	Loss 0.8408 (1.0169)	Acc@1 77.344 (77.401)	Acc@5 95.312 (93.745)	Mem 1179MB
Test: [160/391]	Time 1.933 (4.151)	Loss 1.2354 (1.0276)	Acc@1 72.656 (77.349)	Acc@5 90.625 (93.614)	Mem 1179MB
Test: [170/391]	Time 4.053 (4.158)	Loss 2.0547 (1.0678)	Acc@1 56.250 (76.622)	Acc@5 83.594 (93.234)	Mem 1179MB
Test: [180/391]	Time 5.157 (4.130)	Loss 2.2402 (1.1020)	Acc@1 49.219 (76.144)	Acc@5 80.469 (92.818)	Mem 1179MB
Test: [190/391]	Time 4.111 (4.195)	Loss 2.1270 (1.1405)	Acc@1 59.375 (75.487)	Acc@5 86.719 (92.380)	Mem 1179MB
Test: [200/391]	Time 4.486 (4.207)	Loss 1.4375 (1.1764)	Acc@1 65.625 (74.914)	Acc@5 87.500 (92.020)	Mem 1179MB
Test: [210/391]	Time 5.383 (4.220)	Loss 1.7041 (1.1970)	Acc@1 67.188 (74.508)	Acc@5 85.156 (91.810)	Mem 1179MB
Test: [220/391]	Time 4.987 (4.248)	Loss 0.6226 (1.2093)	Acc@1 85.156 (74.339)	Acc@5 94.531 (91.643)	Mem 1179MB
Test: [230/391]	Time 6.169 (4.268)	Loss 2.3652 (1.2189)	Acc@1 60.156 (74.232)	Acc@5 79.688 (91.471)	Mem 1179MB
Test: [240/391]	Time 4.661 (4.294)	Loss 1.6104 (1.2298)	Acc@1 67.188 (74.105)	Acc@5 84.375 (91.270)	Mem 1179MB
Test: [250/391]	Time 4.964 (4.303)	Loss 0.9888 (1.2535)	Acc@1 75.781 (73.540)	Acc@5 93.750 (91.036)	Mem 1179MB
Test: [260/391]	Time 2.748 (4.319)	Loss 1.3066 (1.2797)	Acc@1 71.875 (73.132)	Acc@5 89.844 (90.772)	Mem 1179MB
Test: [270/391]	Time 4.844 (4.337)	Loss 2.5059 (1.2943)	Acc@1 49.219 (72.924)	Acc@5 82.812 (90.596)	Mem 1179MB
Test: [280/391]	Time 5.100 (4.356)	Loss 1.6914 (1.3048)	Acc@1 63.281 (72.729)	Acc@5 86.719 (90.508)	Mem 1179MB
Test: [290/391]	Time 2.185 (4.367)	Loss 2.3301 (1.3207)	Acc@1 41.406 (72.444)	Acc@5 82.031 (90.327)	Mem 1179MB
Test: [300/391]	Time 4.804 (4.388)	Loss 1.7734 (1.3336)	Acc@1 72.656 (72.277)	Acc@5 82.812 (90.171)	Mem 1179MB
Test: [310/391]	Time 4.975 (4.395)	Loss 2.4785 (1.3510)	Acc@1 56.250 (72.048)	Acc@5 77.344 (89.964)	Mem 1179MB
Test: [320/391]	Time 4.345 (4.412)	Loss 0.7065 (1.3598)	Acc@1 87.500 (71.963)	Acc@5 95.312 (89.890)	Mem 1179MB
Test: [330/391]	Time 4.931 (4.423)	Loss 2.0234 (1.3849)	Acc@1 59.375 (71.573)	Acc@5 79.688 (89.612)	Mem 1179MB
Test: [340/391]	Time 6.616 (4.430)	Loss 1.5566 (1.3910)	Acc@1 62.500 (71.403)	Acc@5 90.625 (89.571)	Mem 1179MB
Test: [350/391]	Time 1.938 (4.438)	Loss 1.2568 (1.3976)	Acc@1 73.438 (71.234)	Acc@5 89.844 (89.483)	Mem 1179MB
Test: [360/391]	Time 4.637 (4.430)	Loss 1.8828 (1.4107)	Acc@1 57.812 (71.031)	Acc@5 89.844 (89.402)	Mem 1179MB
Test: [370/391]	Time 7.287 (4.459)	Loss 1.4707 (1.4043)	Acc@1 64.062 (71.108)	Acc@5 93.750 (89.479)	Mem 1179MB
Test: [380/391]	Time 2.456 (4.475)	Loss 0.8281 (1.4052)	Acc@1 82.812 (71.118)	Acc@5 97.656 (89.454)	Mem 1179MB
Test: [390/391]	Time 3.684 (4.495)	Loss 2.4805 (1.3952)	Acc@1 45.783 (71.260)	Acc@5 81.928 (89.573)	Mem 1179MB
 * Acc@1 71.260 Acc@5 89.573
01/16 22:23:30 - mmengine - INFO - Because batch augmentations are enabled, the data preprocessor automatically enables the `to_onehot` option to generate one-hot format labels.
01/16 22:23:31 - mmengine - INFO - Loads checkpoint by http backend from path: https://download.openmmlab.com/mmclassification/v0/convnext/convnext-tiny_32xb128_in1k_20221207-998cf3e9.pth
starting loop: img_size 384; len(dataset) 50003
Test: [0/391]	Time 10.307 (10.307)	Loss 1.0537 (1.0537)	Acc@1 92.188 (92.188)	Acc@5 99.219 (99.219)	Mem 3028MB
Test: [10/391]	Time 11.907 (8.474)	Loss 2.0098 (1.3422)	Acc@1 81.250 (92.188)	Acc@5 98.438 (98.722)	Mem 3029MB
Test: [20/391]	Time 7.400 (7.977)	Loss 1.1641 (1.4729)	Acc@1 92.188 (87.426)	Acc@5 96.875 (97.991)	Mem 3029MB
Test: [30/391]	Time 8.586 (7.930)	Loss 1.8545 (1.5705)	Acc@1 73.438 (84.199)	Acc@5 89.062 (97.127)	Mem 3029MB
Test: [40/391]	Time 7.780 (7.622)	Loss 1.3457 (1.5242)	Acc@1 94.531 (86.204)	Acc@5 97.656 (97.485)	Mem 3029MB
Test: [50/391]	Time 8.130 (7.711)	Loss 1.1436 (1.4831)	Acc@1 98.438 (86.581)	Acc@5 99.219 (97.258)	Mem 3029MB
Test: [60/391]	Time 5.799 (7.578)	Loss 1.5156 (1.4476)	Acc@1 82.031 (87.385)	Acc@5 92.969 (97.464)	Mem 3029MB
Test: [70/391]	Time 6.505 (7.546)	Loss 1.2988 (1.4384)	Acc@1 81.250 (86.818)	Acc@5 97.656 (97.271)	Mem 3029MB
Test: [80/391]	Time 5.244 (7.513)	Loss 1.3057 (1.4282)	Acc@1 85.938 (86.478)	Acc@5 96.875 (97.213)	Mem 3029MB
Test: [90/391]	Time 8.416 (7.474)	Loss 1.5469 (1.4186)	Acc@1 80.469 (86.478)	Acc@5 96.875 (97.227)	Mem 3029MB
Test: [100/391]	Time 7.804 (7.473)	Loss 1.0742 (1.4058)	Acc@1 92.188 (86.231)	Acc@5 96.875 (97.254)	Mem 3029MB
Test: [110/391]	Time 8.167 (7.514)	Loss 1.9043 (1.4217)	Acc@1 60.156 (85.811)	Acc@5 96.094 (97.213)	Mem 3029MB
Test: [120/391]	Time 7.937 (7.547)	Loss 1.3428 (1.4259)	Acc@1 93.750 (85.970)	Acc@5 98.438 (97.198)	Mem 3029MB
Test: [130/391]	Time 6.853 (7.607)	Loss 0.8569 (1.4259)	Acc@1 98.438 (86.182)	Acc@5 100.000 (97.221)	Mem 3029MB
Test: [140/391]	Time 6.334 (7.533)	Loss 1.8203 (1.4207)	Acc@1 71.094 (86.070)	Acc@5 97.656 (97.307)	Mem 3029MB
Test: [150/391]	Time 9.816 (7.490)	Loss 1.5146 (1.4240)	Acc@1 80.469 (85.912)	Acc@5 98.438 (97.232)	Mem 3029MB
Test: [160/391]	Time 8.639 (7.490)	Loss 1.2861 (1.4197)	Acc@1 82.031 (85.773)	Acc@5 95.312 (97.152)	Mem 3029MB
Test: [170/391]	Time 5.899 (7.474)	Loss 2.0605 (1.4240)	Acc@1 59.375 (85.156)	Acc@5 89.062 (96.976)	Mem 3029MB
Test: [180/391]	Time 8.061 (7.454)	Loss 1.9404 (1.4270)	Acc@1 60.156 (84.772)	Acc@5 92.969 (96.815)	Mem 3029MB
Test: [190/391]	Time 5.789 (7.412)	Loss 1.6523 (1.4286)	Acc@1 71.094 (84.228)	Acc@5 92.969 (96.605)	Mem 3029MB
Test: [200/391]	Time 7.245 (7.382)	Loss 1.2832 (1.4348)	Acc@1 79.688 (83.722)	Acc@5 98.438 (96.409)	Mem 3029MB
Test: [210/391]	Time 4.904 (7.351)	Loss 1.3223 (1.4348)	Acc@1 82.812 (83.427)	Acc@5 96.094 (96.323)	Mem 3029MB
Test: [220/391]	Time 4.857 (7.288)	Loss 0.8740 (1.4250)	Acc@1 88.281 (83.417)	Acc@5 98.438 (96.288)	Mem 3029MB
Test: [230/391]	Time 8.416 (7.271)	Loss 1.5166 (1.4204)	Acc@1 71.875 (83.320)	Acc@5 89.062 (96.253)	Mem 3029MB
Test: [240/391]	Time 5.769 (7.268)	Loss 1.1865 (1.4147)	Acc@1 88.281 (83.347)	Acc@5 91.406 (96.201)	Mem 3029MB
Test: [250/391]	Time 7.236 (7.244)	Loss 0.9775 (1.4233)	Acc@1 89.062 (82.869)	Acc@5 98.438 (96.028)	Mem 3029MB
Test: [260/391]	Time 7.840 (7.245)	Loss 1.2979 (1.4267)	Acc@1 77.344 (82.570)	Acc@5 97.656 (95.968)	Mem 3029MB
Test: [270/391]	Time 7.036 (7.232)	Loss 1.5938 (1.4280)	Acc@1 67.969 (82.397)	Acc@5 92.969 (95.901)	Mem 3029MB
Test: [280/391]	Time 7.849 (7.211)	Loss 1.4922 (1.4234)	Acc@1 75.000 (82.379)	Acc@5 97.656 (95.907)	Mem 3029MB
Test: [290/391]	Time 3.888 (7.173)	Loss 1.6104 (1.4226)	Acc@1 57.031 (82.195)	Acc@5 95.312 (95.844)	Mem 3029MB
Test: [300/391]	Time 5.501 (7.148)	Loss 1.3066 (1.4201)	Acc@1 81.250 (82.135)	Acc@5 96.094 (95.800)	Mem 3029MB
Test: [310/391]	Time 3.458 (7.108)	Loss 1.3594 (1.4183)	Acc@1 84.375 (82.056)	Acc@5 96.094 (95.760)	Mem 3029MB
Test: [320/391]	Time 7.509 (7.085)	Loss 1.2412 (1.4208)	Acc@1 86.719 (81.910)	Acc@5 96.094 (95.692)	Mem 3029MB
Test: [330/391]	Time 6.235 (7.054)	Loss 1.5938 (1.4279)	Acc@1 65.625 (81.625)	Acc@5 92.188 (95.605)	Mem 3029MB
Test: [340/391]	Time 7.471 (7.059)	Loss 1.4209 (1.4265)	Acc@1 84.375 (81.552)	Acc@5 97.656 (95.571)	Mem 3029MB
Test: [350/391]	Time 5.387 (7.054)	Loss 1.3398 (1.4246)	Acc@1 76.562 (81.475)	Acc@5 96.875 (95.577)	Mem 3029MB
Test: [360/391]	Time 8.038 (7.046)	Loss 1.5342 (1.4282)	Acc@1 71.875 (81.300)	Acc@5 96.875 (95.551)	Mem 3029MB
Test: [370/391]	Time 8.067 (7.023)	Loss 1.5459 (1.4208)	Acc@1 65.625 (81.336)	Acc@5 96.094 (95.590)	Mem 3029MB
Test: [380/391]	Time 3.356 (6.972)	Loss 1.5127 (1.4186)	Acc@1 83.594 (81.291)	Acc@5 98.438 (95.579)	Mem 3029MB
Test: [390/391]	Time 1.736 (6.905)	Loss 2.0820 (1.4163)	Acc@1 56.627 (81.325)	Acc@5 89.157 (95.608)	Mem 3029MB
 * Acc@1 81.325 Acc@5 95.608
01/16 23:08:32 - mmengine - INFO - Because batch augmentations are enabled, the data preprocessor automatically enables the `to_onehot` option to generate one-hot format labels.
01/16 23:08:32 - mmengine - INFO - Loads checkpoint by http backend from path: https://download.openmmlab.com/mmclassification/v0/convnext/convnext-tiny_32xb128_in1k_20221207-998cf3e9.pth
starting loop: img_size 512; len(dataset) 50003
Test: [0/391]	Time 7.484 (7.484)	Loss 1.5244 (1.5244)	Acc@1 90.625 (90.625)	Acc@5 98.438 (98.438)	Mem 5212MB
Test: [10/391]	Time 11.851 (8.312)	Loss 2.4961 (1.8678)	Acc@1 80.469 (89.773)	Acc@5 94.531 (97.940)	Mem 5213MB
Test: [20/391]	Time 7.041 (8.219)	Loss 1.6328 (2.0229)	Acc@1 89.844 (84.338)	Acc@5 96.094 (96.689)	Mem 5213MB
Test: [30/391]	Time 10.317 (8.323)	Loss 2.1934 (2.0930)	Acc@1 71.875 (81.426)	Acc@5 89.844 (95.943)	Mem 5213MB
Test: [40/391]	Time 8.648 (8.363)	Loss 1.8682 (2.0482)	Acc@1 89.062 (83.479)	Acc@5 96.875 (96.322)	Mem 5213MB
Test: [50/391]	Time 9.358 (8.543)	Loss 1.6553 (1.9917)	Acc@1 93.750 (83.655)	Acc@5 99.219 (96.078)	Mem 5213MB
Test: [60/391]	Time 8.053 (8.484)	Loss 2.1230 (1.9560)	Acc@1 78.125 (84.375)	Acc@5 93.750 (96.299)	Mem 5213MB
Test: [70/391]	Time 10.122 (8.551)	Loss 1.7900 (1.9547)	Acc@1 81.250 (83.770)	Acc@5 97.656 (96.094)	Mem 5213MB
Test: [80/391]	Time 9.371 (8.478)	Loss 1.9150 (1.9592)	Acc@1 81.250 (83.218)	Acc@5 96.875 (96.046)	Mem 5213MB
Test: [90/391]	Time 8.972 (8.493)	Loss 2.0508 (1.9563)	Acc@1 76.562 (83.336)	Acc@5 96.094 (96.085)	Mem 5213MB
Test: [100/391]	Time 8.593 (8.512)	Loss 1.7979 (1.9476)	Acc@1 88.281 (83.114)	Acc@5 95.312 (96.140)	Mem 5213MB
Test: [110/391]	Time 8.981 (8.581)	Loss 2.3496 (1.9656)	Acc@1 61.719 (82.693)	Acc@5 92.969 (96.108)	Mem 5213MB
Test: [120/391]	Time 8.112 (8.603)	Loss 1.9336 (1.9661)	Acc@1 88.281 (82.916)	Acc@5 96.875 (96.094)	Mem 5213MB
Test: [130/391]	Time 7.313 (8.651)	Loss 1.2402 (1.9648)	Acc@1 93.750 (83.087)	Acc@5 98.438 (96.135)	Mem 5213MB
Test: [140/391]	Time 8.406 (8.639)	Loss 2.3809 (1.9546)	Acc@1 67.188 (83.023)	Acc@5 95.312 (96.210)	Mem 5213MB
Test: [150/391]	Time 11.859 (8.725)	Loss 1.9844 (1.9554)	Acc@1 75.781 (82.807)	Acc@5 97.656 (96.135)	Mem 5213MB
Test: [160/391]	Time 7.526 (8.662)	Loss 1.7129 (1.9473)	Acc@1 75.000 (82.633)	Acc@5 93.750 (96.021)	Mem 5213MB
Test: [170/391]	Time 7.035 (8.640)	Loss 2.6426 (1.9479)	Acc@1 54.688 (82.050)	Acc@5 82.812 (95.788)	Mem 5213MB
Test: [180/391]	Time 7.749 (8.593)	Loss 2.3320 (1.9470)	Acc@1 55.469 (81.647)	Acc@5 89.844 (95.589)	Mem 5213MB
Test: [190/391]	Time 7.241 (8.573)	Loss 2.1035 (1.9426)	Acc@1 66.406 (81.148)	Acc@5 91.406 (95.366)	Mem 5213MB
Test: [200/391]	Time 9.204 (8.575)	Loss 1.8350 (1.9455)	Acc@1 75.781 (80.659)	Acc@5 96.875 (95.103)	Mem 5213MB
Test: [210/391]	Time 7.065 (8.527)	Loss 1.7275 (1.9421)	Acc@1 80.469 (80.369)	Acc@5 93.750 (95.013)	Mem 5213MB
Test: [220/391]	Time 9.782 (8.528)	Loss 1.3223 (1.9295)	Acc@1 86.719 (80.359)	Acc@5 96.094 (94.938)	Mem 5213MB
Test: [230/391]	Time 4.824 (8.530)	Loss 1.9414 (1.9217)	Acc@1 72.656 (80.293)	Acc@5 87.500 (94.897)	Mem 5213MB
Test: [240/391]	Time 10.616 (8.508)	Loss 1.6152 (1.9136)	Acc@1 85.156 (80.300)	Acc@5 92.188 (94.846)	Mem 5213MB
Test: [250/391]	Time 8.391 (8.486)	Loss 1.3955 (1.9206)	Acc@1 84.375 (79.787)	Acc@5 98.438 (94.665)	Mem 5213MB
Test: [260/391]	Time 9.713 (8.506)	Loss 1.7930 (1.9232)	Acc@1 69.531 (79.478)	Acc@5 96.875 (94.576)	Mem 5213MB
Test: [270/391]	Time 7.599 (8.529)	Loss 1.9199 (1.9240)	Acc@1 66.406 (79.310)	Acc@5 91.406 (94.453)	Mem 5213MB
Test: [280/391]	Time 6.519 (8.522)	Loss 1.9463 (1.9176)	Acc@1 75.000 (79.287)	Acc@5 93.750 (94.465)	Mem 5213MB
Test: [290/391]	Time 4.980 (8.518)	Loss 2.0801 (1.9155)	Acc@1 57.031 (79.108)	Acc@5 89.844 (94.338)	Mem 5213MB
Test: [300/391]	Time 8.820 (8.517)	Loss 1.8115 (1.9114)	Acc@1 76.562 (79.046)	Acc@5 92.969 (94.254)	Mem 5213MB
Test: [310/391]	Time 9.310 (8.542)	Loss 1.8867 (1.9086)	Acc@1 82.031 (78.929)	Acc@5 93.750 (94.190)	Mem 5213MB
Test: [320/391]	Time 8.380 (8.535)	Loss 1.6885 (1.9101)	Acc@1 82.812 (78.821)	Acc@5 94.531 (94.132)	Mem 5213MB
Test: [330/391]	Time 8.597 (8.550)	Loss 2.1328 (1.9176)	Acc@1 62.500 (78.512)	Acc@5 89.844 (93.984)	Mem 5213MB
Test: [340/391]	Time 10.819 (8.548)	Loss 2.0234 (1.9150)	Acc@1 82.031 (78.432)	Acc@5 96.094 (93.952)	Mem 5213MB
Test: [350/391]	Time 10.032 (8.582)	Loss 1.8867 (1.9124)	Acc@1 75.000 (78.374)	Acc@5 94.531 (93.959)	Mem 5213MB
Test: [360/391]	Time 10.608 (8.594)	Loss 1.8359 (1.9151)	Acc@1 73.438 (78.227)	Acc@5 95.312 (93.930)	Mem 5213MB
Test: [370/391]	Time 7.627 (8.558)	Loss 1.8115 (1.9036)	Acc@1 65.625 (78.296)	Acc@5 97.656 (93.994)	Mem 5213MB
Test: [380/391]	Time 9.713 (8.565)	Loss 2.0645 (1.8983)	Acc@1 82.031 (78.283)	Acc@5 96.094 (94.000)	Mem 5213MB
Test: [390/391]	Time 4.059 (8.513)	Loss 2.5410 (1.8943)	Acc@1 51.807 (78.359)	Acc@5 86.747 (94.042)	Mem 5213MB
 * Acc@1 78.359 Acc@5 94.042
01/17 00:04:01 - mmengine - INFO - Because batch augmentations are enabled, the data preprocessor automatically enables the `to_onehot` option to generate one-hot format labels.
01/17 00:04:02 - mmengine - INFO - Loads checkpoint by http backend from path: https://download.openmmlab.com/mmclassification/v0/convnext/convnext-tiny_32xb128_in1k_20221207-998cf3e9.pth
starting loop: img_size 640; len(dataset) 50003
Test: [0/391]	Time 12.657 (12.657)	Loss 1.9902 (1.9902)	Acc@1 87.500 (87.500)	Acc@5 97.656 (97.656)	Mem 8020MB
Test: [10/391]	Time 14.391 (11.547)	Loss 2.7812 (2.2605)	Acc@1 79.688 (86.293)	Acc@5 92.188 (96.591)	Mem 8021MB
Test: [20/391]	Time 11.920 (11.977)	Loss 2.0957 (2.4276)	Acc@1 82.812 (80.246)	Acc@5 92.969 (94.606)	Mem 8021MB
Test: [30/391]	Time 11.271 (12.054)	Loss 2.3887 (2.4816)	Acc@1 70.312 (77.394)	Acc@5 86.719 (93.523)	Mem 8021MB
Test: [40/391]	Time 13.413 (12.086)	Loss 2.2539 (2.4343)	Acc@1 85.938 (79.573)	Acc@5 95.312 (94.169)	Mem 8021MB
Test: [50/391]	Time 12.656 (12.296)	Loss 2.0586 (2.3728)	Acc@1 89.844 (80.040)	Acc@5 97.656 (94.056)	Mem 8021MB
Test: [60/391]	Time 12.424 (11.945)	Loss 2.7246 (2.3444)	Acc@1 75.781 (80.738)	Acc@5 95.312 (94.378)	Mem 8021MB
Test: [70/391]	Time 10.822 (11.745)	Loss 2.2988 (2.3675)	Acc@1 73.438 (80.051)	Acc@5 94.531 (94.223)	Mem 8021MB
Test: [80/391]	Time 10.913 (11.743)	Loss 2.5410 (2.4033)	Acc@1 78.125 (79.273)	Acc@5 92.969 (94.049)	Mem 8021MB
Test: [90/391]	Time 6.689 (11.552)	Loss 2.5723 (2.4167)	Acc@1 73.438 (79.267)	Acc@5 96.875 (94.154)	Mem 8021MB
Test: [100/391]	Time 12.281 (11.464)	Loss 2.5391 (2.4202)	Acc@1 81.250 (78.999)	Acc@5 94.531 (94.137)	Mem 8021MB
Test: [110/391]	Time 10.489 (11.574)	Loss 2.8027 (2.4397)	Acc@1 57.812 (78.639)	Acc@5 89.062 (94.109)	Mem 8021MB
Test: [120/391]	Time 9.722 (11.532)	Loss 2.3145 (2.4349)	Acc@1 79.688 (78.835)	Acc@5 95.312 (94.099)	Mem 8021MB
Test: [130/391]	Time 13.344 (11.435)	Loss 1.6465 (2.4259)	Acc@1 92.969 (79.055)	Acc@5 97.656 (94.203)	Mem 8021MB
Test: [140/391]	Time 13.476 (11.341)	Loss 2.8027 (2.4108)	Acc@1 60.156 (79.067)	Acc@5 92.188 (94.293)	Mem 8021MB
Test: [150/391]	Time 15.135 (11.382)	Loss 2.3066 (2.4091)	Acc@1 72.656 (78.777)	Acc@5 93.750 (94.159)	Mem 8021MB
Test: [160/391]	Time 11.434 (11.386)	Loss 2.1289 (2.3971)	Acc@1 69.531 (78.620)	Acc@5 90.625 (94.065)	Mem 8021MB
Test: [170/391]	Time 11.059 (11.329)	Loss 3.1777 (2.3968)	Acc@1 47.656 (78.061)	Acc@5 79.688 (93.805)	Mem 8021MB
Test: [180/391]	Time 10.946 (11.336)	Loss 2.6992 (2.3940)	Acc@1 54.688 (77.667)	Acc@5 85.938 (93.595)	Mem 8021MB
Test: [190/391]	Time 9.552 (11.355)	Loss 2.5254 (2.3866)	Acc@1 66.406 (77.233)	Acc@5 88.281 (93.415)	Mem 8021MB
Test: [200/391]	Time 12.560 (11.326)	Loss 2.3105 (2.3870)	Acc@1 69.531 (76.772)	Acc@5 94.531 (93.163)	Mem 8021MB
Test: [210/391]	Time 11.746 (11.325)	Loss 2.1504 (2.3830)	Acc@1 78.125 (76.411)	Acc@5 92.969 (93.035)	Mem 8021MB
Test: [220/391]	Time 13.107 (11.310)	Loss 1.7324 (2.3708)	Acc@1 87.500 (76.421)	Acc@5 94.531 (92.997)	Mem 8021MB
Test: [230/391]	Time 12.625 (11.320)	Loss 2.3906 (2.3619)	Acc@1 71.094 (76.366)	Acc@5 88.281 (92.945)	Mem 8021MB
Test: [240/391]	Time 11.760 (11.335)	Loss 2.0098 (2.3526)	Acc@1 82.812 (76.436)	Acc@5 90.625 (92.904)	Mem 8021MB
Test: [250/391]	Time 11.776 (11.359)	Loss 1.8154 (2.3588)	Acc@1 79.688 (75.968)	Acc@5 92.969 (92.682)	Mem 8021MB
Test: [260/391]	Time 14.833 (11.393)	Loss 2.3047 (2.3615)	Acc@1 64.844 (75.712)	Acc@5 89.844 (92.544)	Mem 8021MB
Test: [270/391]	Time 13.580 (11.452)	Loss 2.2324 (2.3615)	Acc@1 69.531 (75.614)	Acc@5 89.062 (92.427)	Mem 8021MB
Test: [280/391]	Time 11.142 (11.463)	Loss 2.3379 (2.3544)	Acc@1 69.531 (75.617)	Acc@5 92.969 (92.449)	Mem 8021MB
Test: [290/391]	Time 12.103 (11.484)	Loss 2.5254 (2.3518)	Acc@1 53.906 (75.405)	Acc@5 89.062 (92.279)	Mem 8021MB
Test: [300/391]	Time 12.004 (11.479)	Loss 2.1973 (2.3479)	Acc@1 74.219 (75.343)	Acc@5 89.062 (92.198)	Mem 8021MB
Test: [310/391]	Time 8.567 (11.486)	Loss 2.3613 (2.3453)	Acc@1 74.219 (75.234)	Acc@5 92.969 (92.150)	Mem 8021MB
Test: [320/391]	Time 13.776 (11.497)	Loss 2.0547 (2.3457)	Acc@1 80.469 (75.141)	Acc@5 94.531 (92.085)	Mem 8021MB
Test: [330/391]	Time 9.491 (11.478)	Loss 2.6133 (2.3532)	Acc@1 61.719 (74.840)	Acc@5 86.719 (91.900)	Mem 8021MB
Test: [340/391]	Time 10.428 (11.477)	Loss 2.5195 (2.3494)	Acc@1 75.781 (74.787)	Acc@5 93.750 (91.878)	Mem 8021MB
Test: [350/391]	Time 11.017 (11.454)	Loss 2.4277 (2.3468)	Acc@1 71.094 (74.757)	Acc@5 91.406 (91.903)	Mem 8021MB
Test: [360/391]	Time 12.993 (11.461)	Loss 2.2168 (2.3484)	Acc@1 70.312 (74.639)	Acc@5 90.625 (91.865)	Mem 8021MB
Test: [370/391]	Time 15.851 (11.424)	Loss 2.0938 (2.3340)	Acc@1 66.406 (74.768)	Acc@5 94.531 (91.958)	Mem 8021MB
Test: [380/391]	Time 10.376 (11.395)	Loss 2.5078 (2.3268)	Acc@1 79.688 (74.828)	Acc@5 95.312 (91.978)	Mem 8021MB
Test: [390/391]	Time 8.548 (11.350)	Loss 2.9316 (2.3206)	Acc@1 45.783 (74.910)	Acc@5 83.133 (92.018)	Mem 8021MB
 * Acc@1 74.910 Acc@5 92.018
01/17 01:18:01 - mmengine - INFO - Because batch augmentations are enabled, the data preprocessor automatically enables the `to_onehot` option to generate one-hot format labels.
01/17 01:18:02 - mmengine - INFO - Loads checkpoint by http backend from path: https://download.openmmlab.com/mmclassification/v0/convnext/convnext-tiny_32xb128_in1k_20221207-998cf3e9.pth
starting loop: img_size 768; len(dataset) 50003
Test: [0/521]	Time 8.646 (8.646)	Loss 2.3828 (2.3828)	Acc@1 87.500 (87.500)	Acc@5 94.792 (94.792)	Mem 8644MB
Test: [10/521]	Time 8.518 (10.478)	Loss 2.4570 (2.5753)	Acc@1 87.500 (83.996)	Acc@5 92.708 (95.076)	Mem 8645MB
Test: [20/521]	Time 10.370 (10.951)	Loss 3.1094 (2.7294)	Acc@1 68.750 (78.323)	Acc@5 85.417 (92.956)	Mem 8645MB
Test: [30/521]	Time 11.484 (10.946)	Loss 2.9883 (2.7959)	Acc@1 69.792 (75.941)	Acc@5 85.417 (91.667)	Mem 8645MB
Test: [40/521]	Time 12.207 (10.841)	Loss 2.5859 (2.8247)	Acc@1 63.542 (73.679)	Acc@5 84.375 (91.082)	Mem 8645MB
Test: [50/521]	Time 11.367 (10.551)	Loss 2.7559 (2.7948)	Acc@1 71.875 (75.388)	Acc@5 89.583 (91.667)	Mem 8645MB
Test: [60/521]	Time 13.896 (10.214)	Loss 2.0137 (2.7347)	Acc@1 88.542 (76.298)	Acc@5 98.958 (92.077)	Mem 8645MB
Test: [70/521]	Time 10.147 (10.209)	Loss 2.5605 (2.7034)	Acc@1 81.250 (76.394)	Acc@5 89.583 (91.916)	Mem 8645MB
Test: [80/521]	Time 13.989 (10.249)	Loss 3.2617 (2.6921)	Acc@1 72.917 (76.903)	Acc@5 93.750 (92.258)	Mem 8645MB
Test: [90/521]	Time 8.644 (10.235)	Loss 3.2090 (2.7308)	Acc@1 66.667 (76.110)	Acc@5 91.667 (92.113)	Mem 8645MB
Test: [100/521]	Time 12.731 (10.290)	Loss 3.8789 (2.7779)	Acc@1 54.167 (75.330)	Acc@5 75.000 (91.801)	Mem 8645MB
Test: [110/521]	Time 9.137 (10.195)	Loss 3.3320 (2.8144)	Acc@1 63.542 (74.972)	Acc@5 89.583 (91.789)	Mem 8645MB
Test: [120/521]	Time 7.134 (10.131)	Loss 3.1504 (2.8334)	Acc@1 66.667 (74.862)	Acc@5 93.750 (91.736)	Mem 8645MB
Test: [130/521]	Time 9.060 (10.156)	Loss 3.3730 (2.8558)	Acc@1 63.542 (74.292)	Acc@5 90.625 (91.659)	Mem 8645MB
Test: [140/521]	Time 11.595 (10.144)	Loss 2.9688 (2.8584)	Acc@1 75.000 (74.527)	Acc@5 94.792 (91.844)	Mem 8645MB
Test: [150/521]	Time 10.226 (10.213)	Loss 3.4492 (2.8751)	Acc@1 73.958 (74.200)	Acc@5 91.667 (91.618)	Mem 8645MB
Test: [160/521]	Time 8.996 (10.243)	Loss 2.7285 (2.8642)	Acc@1 73.958 (74.347)	Acc@5 91.667 (91.699)	Mem 8645MB
Test: [170/521]	Time 9.364 (10.197)	Loss 2.2871 (2.8555)	Acc@1 82.292 (74.519)	Acc@5 90.625 (91.789)	Mem 8645MB
Test: [180/521]	Time 7.975 (10.220)	Loss 2.7363 (2.8338)	Acc@1 78.125 (74.856)	Acc@5 93.750 (91.839)	Mem 8645MB
Test: [190/521]	Time 11.065 (10.248)	Loss 2.8203 (2.8294)	Acc@1 72.917 (74.798)	Acc@5 84.375 (91.858)	Mem 8645MB
Test: [200/521]	Time 12.984 (10.354)	Loss 2.3945 (2.8222)	Acc@1 71.875 (74.461)	Acc@5 92.708 (91.770)	Mem 8645MB
Test: [210/521]	Time 10.298 (10.341)	Loss 2.6797 (2.8125)	Acc@1 85.417 (74.487)	Acc@5 96.875 (91.756)	Mem 8645MB
Test: [220/521]	Time 10.467 (10.346)	Loss 2.2812 (2.8092)	Acc@1 70.833 (74.057)	Acc@5 88.542 (91.506)	Mem 8645MB
Test: [230/521]	Time 12.489 (10.332)	Loss 2.7520 (2.8070)	Acc@1 64.583 (73.778)	Acc@5 86.458 (91.337)	Mem 8645MB
Test: [240/521]	Time 10.030 (10.355)	Loss 2.7422 (2.8037)	Acc@1 53.125 (73.431)	Acc@5 84.375 (91.139)	Mem 8645MB
Test: [250/521]	Time 7.760 (10.355)	Loss 2.4199 (2.7957)	Acc@1 72.917 (73.195)	Acc@5 89.583 (90.969)	Mem 8645MB
Test: [260/521]	Time 11.536 (10.388)	Loss 2.8125 (2.7960)	Acc@1 61.458 (72.745)	Acc@5 81.250 (90.789)	Mem 8645MB
Test: [270/521]	Time 10.643 (10.391)	Loss 2.2305 (2.7954)	Acc@1 73.958 (72.398)	Acc@5 87.500 (90.625)	Mem 8645MB
Test: [280/521]	Time 10.023 (10.406)	Loss 2.4277 (2.7915)	Acc@1 72.917 (72.127)	Acc@5 93.750 (90.525)	Mem 8645MB
Test: [290/521]	Time 14.899 (10.471)	Loss 3.4844 (2.7864)	Acc@1 43.750 (71.968)	Acc@5 79.167 (90.410)	Mem 8645MB
Test: [300/521]	Time 9.280 (10.493)	Loss 2.0156 (2.7712)	Acc@1 81.250 (72.135)	Acc@5 94.792 (90.469)	Mem 8645MB
Test: [310/521]	Time 12.065 (10.523)	Loss 2.9570 (2.7692)	Acc@1 46.875 (71.922)	Acc@5 83.333 (90.377)	Mem 8645MB
Test: [320/521]	Time 10.153 (10.527)	Loss 2.3145 (2.7610)	Acc@1 77.083 (72.021)	Acc@5 90.625 (90.385)	Mem 8645MB
Test: [330/521]	Time 11.361 (10.553)	Loss 3.1445 (2.7666)	Acc@1 55.208 (71.708)	Acc@5 80.208 (90.172)	Mem 8645MB
Test: [340/521]	Time 11.652 (10.544)	Loss 2.9160 (2.7670)	Acc@1 68.750 (71.545)	Acc@5 86.458 (90.093)	Mem 8645MB
Test: [350/521]	Time 12.379 (10.537)	Loss 3.0840 (2.7668)	Acc@1 60.417 (71.350)	Acc@5 87.500 (90.037)	Mem 8645MB
Test: [360/521]	Time 10.526 (10.517)	Loss 2.7344 (2.7684)	Acc@1 61.458 (71.188)	Acc@5 86.458 (89.909)	Mem 8645MB
Test: [370/521]	Time 7.753 (10.494)	Loss 2.8184 (2.7640)	Acc@1 65.625 (71.226)	Acc@5 93.750 (89.909)	Mem 8645MB
Test: [380/521]	Time 13.070 (10.514)	Loss 3.2949 (2.7577)	Acc@1 53.125 (71.191)	Acc@5 78.125 (89.854)	Mem 8645MB
Test: [390/521]	Time 11.001 (10.532)	Loss 2.8086 (2.7567)	Acc@1 70.833 (71.076)	Acc@5 86.458 (89.682)	Mem 8645MB
Test: [400/521]	Time 11.545 (10.545)	Loss 2.5234 (2.7537)	Acc@1 72.917 (71.007)	Acc@5 88.542 (89.630)	Mem 8645MB
Test: [410/521]	Time 7.326 (10.566)	Loss 2.1016 (2.7519)	Acc@1 78.125 (70.897)	Acc@5 90.625 (89.586)	Mem 8645MB
Test: [420/521]	Time 12.517 (10.570)	Loss 2.7637 (2.7507)	Acc@1 70.833 (70.895)	Acc@5 84.375 (89.561)	Mem 8645MB
Test: [430/521]	Time 9.991 (10.547)	Loss 3.3359 (2.7513)	Acc@1 56.250 (70.804)	Acc@5 80.208 (89.530)	Mem 8645MB
Test: [440/521]	Time 9.757 (10.544)	Loss 3.3008 (2.7584)	Acc@1 51.042 (70.545)	Acc@5 79.167 (89.354)	Mem 8645MB
Test: [450/521]	Time 11.843 (10.564)	Loss 2.3496 (2.7542)	Acc@1 68.750 (70.508)	Acc@5 95.833 (89.359)	Mem 8645MB
Test: [460/521]	Time 11.047 (10.564)	Loss 3.2324 (2.7530)	Acc@1 47.917 (70.458)	Acc@5 72.917 (89.351)	Mem 8645MB
Test: [470/521]	Time 10.569 (10.572)	Loss 2.3965 (2.7519)	Acc@1 76.042 (70.411)	Acc@5 86.458 (89.325)	Mem 8645MB
Test: [480/521]	Time 10.310 (10.578)	Loss 2.4785 (2.7518)	Acc@1 70.833 (70.381)	Acc@5 93.750 (89.321)	Mem 8645MB
Test: [490/521]	Time 8.968 (10.575)	Loss 1.8799 (2.7398)	Acc@1 84.375 (70.509)	Acc@5 97.917 (89.405)	Mem 8645MB
Test: [500/521]	Time 8.589 (10.543)	Loss 2.4043 (2.7257)	Acc@1 62.500 (70.686)	Acc@5 86.458 (89.515)	Mem 8645MB
Test: [510/521]	Time 12.767 (10.533)	Loss 3.1953 (2.7295)	Acc@1 68.750 (70.544)	Acc@5 87.500 (89.477)	Mem 8645MB
Test: [520/521]	Time 10.215 (10.539)	Loss 3.2793 (2.7180)	Acc@1 39.759 (70.746)	Acc@5 79.518 (89.555)	Mem 8645MB
 * Acc@1 70.746 Acc@5 89.555
01/17 02:49:34 - mmengine - INFO - Because batch augmentations are enabled, the data preprocessor automatically enables the `to_onehot` option to generate one-hot format labels.
01/17 02:49:35 - mmengine - INFO - Loads checkpoint by http backend from path: https://download.openmmlab.com/mmclassification/v0/convnext/convnext-tiny_32xb128_in1k_20221207-998cf3e9.pth
starting loop: img_size 1024; len(dataset) 50003
Test: [0/695]	Time 10.970 (10.970)	Loss 2.5527 (2.5527)	Acc@1 87.500 (87.500)	Acc@5 95.833 (95.833)	Mem 11452MB
Test: [10/695]	Time 9.655 (11.357)	Loss 3.1133 (3.2145)	Acc@1 77.778 (71.212)	Acc@5 94.444 (90.278)	Mem 11452MB
Test: [20/695]	Time 12.309 (11.131)	Loss 3.1191 (3.2493)	Acc@1 79.167 (70.437)	Acc@5 91.667 (89.550)	Mem 11452MB
Test: [30/695]	Time 7.937 (11.113)	Loss 3.1523 (3.3174)	Acc@1 72.222 (66.443)	Acc@5 86.111 (86.783)	Mem 11452MB
Test: [40/695]	Time 10.096 (11.146)	Loss 3.6152 (3.3984)	Acc@1 52.778 (63.482)	Acc@5 73.611 (84.519)	Mem 11452MB
Test: [50/695]	Time 12.806 (11.214)	Loss 3.0234 (3.3958)	Acc@1 72.222 (63.045)	Acc@5 95.833 (84.423)	Mem 11452MB
Test: [60/695]	Time 13.651 (11.433)	Loss 3.0605 (3.3754)	Acc@1 72.222 (63.069)	Acc@5 86.111 (84.722)	Mem 11452MB
Test: [70/695]	Time 13.249 (11.354)	Loss 3.2773 (3.3473)	Acc@1 72.222 (64.593)	Acc@5 88.889 (85.270)	Mem 11452MB
Test: [80/695]	Time 11.461 (11.450)	Loss 2.5723 (3.3060)	Acc@1 76.389 (65.226)	Acc@5 94.444 (85.408)	Mem 11452MB
Test: [90/695]	Time 10.151 (11.366)	Loss 2.6582 (3.2805)	Acc@1 88.889 (65.507)	Acc@5 97.222 (85.348)	Mem 11452MB
Test: [100/695]	Time 11.618 (11.339)	Loss 3.0195 (3.2684)	Acc@1 77.778 (66.117)	Acc@5 91.667 (85.809)	Mem 11452MB
Test: [110/695]	Time 5.999 (11.246)	Loss 3.8750 (3.2932)	Acc@1 55.556 (65.928)	Acc@5 76.389 (85.736)	Mem 11452MB
Test: [120/695]	Time 6.617 (11.277)	Loss 4.0547 (3.3321)	Acc@1 48.611 (65.381)	Acc@5 75.000 (85.480)	Mem 11452MB
Test: [130/695]	Time 6.726 (11.153)	Loss 4.3203 (3.3770)	Acc@1 40.278 (64.939)	Acc@5 76.389 (85.072)	Mem 11452MB
Test: [140/695]	Time 10.306 (11.134)	Loss 4.1680 (3.4264)	Acc@1 47.222 (64.194)	Acc@5 76.389 (84.594)	Mem 11452MB
Test: [150/695]	Time 15.588 (11.219)	Loss 3.3848 (3.4681)	Acc@1 80.556 (63.585)	Acc@5 95.833 (84.290)	Mem 11452MB
Test: [160/695]	Time 9.229 (11.169)	Loss 4.0586 (3.4923)	Acc@1 48.611 (63.285)	Acc@5 81.944 (84.222)	Mem 11452MB
Test: [170/695]	Time 7.772 (11.114)	Loss 3.6582 (3.5188)	Acc@1 69.444 (62.784)	Acc@5 83.333 (83.926)	Mem 11452MB
Test: [180/695]	Time 10.186 (11.173)	Loss 3.7090 (3.5362)	Acc@1 73.611 (62.646)	Acc@5 90.278 (83.794)	Mem 11452MB
Test: [190/695]	Time 11.724 (11.209)	Loss 3.1562 (3.5522)	Acc@1 77.778 (62.275)	Acc@5 87.500 (83.675)	Mem 11452MB
Test: [200/695]	Time 10.220 (11.174)	Loss 3.9668 (3.5603)	Acc@1 56.944 (62.127)	Acc@5 88.889 (83.706)	Mem 11452MB
Test: [210/695]	Time 12.973 (11.218)	Loss 3.3906 (3.5507)	Acc@1 45.833 (62.283)	Acc@5 77.778 (83.794)	Mem 11452MB
Test: [220/695]	Time 12.702 (11.267)	Loss 3.0430 (3.5433)	Acc@1 69.444 (62.085)	Acc@5 90.278 (83.773)	Mem 11452MB
Test: [230/695]	Time 11.273 (11.243)	Loss 3.2051 (3.5247)	Acc@1 76.389 (62.476)	Acc@5 94.444 (84.013)	Mem 11452MB
Test: [240/695]	Time 15.506 (11.261)	Loss 3.9102 (3.5102)	Acc@1 38.889 (62.707)	Acc@5 68.056 (84.129)	Mem 11452MB
Test: [250/695]	Time 12.890 (11.301)	Loss 4.0273 (3.5010)	Acc@1 36.111 (62.810)	Acc@5 69.444 (84.318)	Mem 11452MB
Test: [260/695]	Time 10.426 (11.314)	Loss 3.3887 (3.4986)	Acc@1 66.667 (62.782)	Acc@5 88.889 (84.259)	Mem 11452MB
Test: [270/695]	Time 10.889 (11.356)	Loss 2.9141 (3.4892)	Acc@1 80.556 (62.746)	Acc@5 88.889 (84.251)	Mem 11452MB
Test: [280/695]	Time 13.057 (11.353)	Loss 3.3672 (3.4807)	Acc@1 65.278 (62.737)	Acc@5 95.833 (84.258)	Mem 11452MB
Test: [290/695]	Time 9.973 (11.391)	Loss 3.3301 (3.4815)	Acc@1 65.278 (62.342)	Acc@5 91.667 (83.982)	Mem 11452MB
Test: [300/695]	Time 14.565 (11.386)	Loss 3.8301 (3.4765)	Acc@1 47.222 (62.186)	Acc@5 79.167 (83.915)	Mem 11452MB
Test: [310/695]	Time 11.721 (11.356)	Loss 3.6367 (3.4817)	Acc@1 47.222 (61.763)	Acc@5 81.944 (83.606)	Mem 11452MB
Test: [320/695]	Time 8.416 (11.382)	Loss 3.0762 (3.4786)	Acc@1 50.000 (61.539)	Acc@5 80.556 (83.506)	Mem 11452MB
Test: [330/695]	Time 11.636 (11.363)	Loss 2.5508 (3.4755)	Acc@1 83.333 (61.401)	Acc@5 95.833 (83.421)	Mem 11452MB
Test: [340/695]	Time 10.522 (11.328)	Loss 3.1484 (3.4730)	Acc@1 56.944 (61.148)	Acc@5 87.500 (83.333)	Mem 11452MB
Test: [350/695]	Time 10.453 (11.292)	Loss 4.0469 (3.4754)	Acc@1 41.667 (60.791)	Acc@5 72.222 (83.132)	Mem 11452MB
Test: [360/695]	Time 10.569 (11.259)	Loss 3.0625 (3.4741)	Acc@1 59.722 (60.542)	Acc@5 73.611 (83.018)	Mem 11452MB
Test: [370/695]	Time 10.644 (11.279)	Loss 2.8457 (3.4764)	Acc@1 72.222 (60.216)	Acc@5 87.500 (82.764)	Mem 11452MB
Test: [380/695]	Time 9.184 (11.264)	Loss 2.7637 (3.4674)	Acc@1 54.167 (60.192)	Acc@5 87.500 (82.746)	Mem 11452MB
Test: [390/695]	Time 8.722 (11.252)	Loss 3.4062 (3.4665)	Acc@1 63.889 (60.081)	Acc@5 83.333 (82.605)	Mem 11452MB
Test: [400/695]	Time 10.727 (11.208)	Loss 2.6406 (3.4568)	Acc@1 75.000 (60.218)	Acc@5 90.278 (82.648)	Mem 11452MB
Test: [410/695]	Time 10.436 (11.154)	Loss 2.9961 (3.4554)	Acc@1 62.500 (60.053)	Acc@5 83.333 (82.526)	Mem 11452MB
Test: [420/695]	Time 9.970 (11.127)	Loss 3.1562 (3.4535)	Acc@1 75.000 (59.956)	Acc@5 91.667 (82.505)	Mem 11452MB
Test: [430/695]	Time 8.309 (11.074)	Loss 4.2266 (3.4499)	Acc@1 30.556 (59.964)	Acc@5 56.944 (82.425)	Mem 11452MB
Test: [440/695]	Time 9.766 (11.014)	Loss 3.4941 (3.4498)	Acc@1 47.222 (59.886)	Acc@5 75.000 (82.354)	Mem 11452MB
Test: [450/695]	Time 10.008 (10.978)	Loss 3.7441 (3.4497)	Acc@1 48.611 (59.790)	Acc@5 77.778 (82.246)	Mem 11452MB
Test: [460/695]	Time 11.135 (10.947)	Loss 3.6133 (3.4544)	Acc@1 54.167 (59.587)	Acc@5 80.556 (82.122)	Mem 11452MB
Test: [470/695]	Time 7.260 (10.917)	Loss 3.6543 (3.4543)	Acc@1 52.778 (59.519)	Acc@5 80.556 (82.077)	Mem 11452MB
Test: [480/695]	Time 9.636 (10.875)	Loss 3.4824 (3.4534)	Acc@1 56.944 (59.497)	Acc@5 83.333 (82.060)	Mem 11452MB
Test: [490/695]	Time 7.685 (10.852)	Loss 3.1758 (3.4501)	Acc@1 68.056 (59.550)	Acc@5 83.333 (82.052)	Mem 11452MB
Test: [500/695]	Time 9.175 (10.822)	Loss 2.8789 (3.4456)	Acc@1 70.833 (59.600)	Acc@5 84.722 (82.097)	Mem 11452MB
Test: [510/695]	Time 10.948 (10.796)	Loss 3.5859 (3.4449)	Acc@1 41.667 (59.516)	Acc@5 73.611 (81.961)	Mem 11452MB
Test: [520/695]	Time 10.719 (10.758)	Loss 3.4004 (3.4421)	Acc@1 59.722 (59.536)	Acc@5 79.167 (81.883)	Mem 11452MB
Test: [530/695]	Time 7.866 (10.714)	Loss 3.6406 (3.4413)	Acc@1 44.444 (59.450)	Acc@5 70.833 (81.811)	Mem 11452MB
Test: [540/695]	Time 10.236 (10.690)	Loss 4.3086 (3.4441)	Acc@1 27.778 (59.296)	Acc@5 58.333 (81.654)	Mem 11452MB
Test: [550/695]	Time 10.321 (10.668)	Loss 3.9688 (3.4406)	Acc@1 44.444 (59.357)	Acc@5 68.056 (81.687)	Mem 11452MB
Test: [560/695]	Time 9.288 (10.651)	Loss 3.4629 (3.4383)	Acc@1 58.333 (59.428)	Acc@5 79.167 (81.684)	Mem 11452MB
Test: [570/695]	Time 10.342 (10.645)	Loss 3.1191 (3.4372)	Acc@1 79.167 (59.404)	Acc@5 88.889 (81.648)	Mem 11452MB
Test: [580/695]	Time 8.194 (10.603)	Loss 4.1602 (3.4397)	Acc@1 38.889 (59.299)	Acc@5 66.667 (81.564)	Mem 11452MB
Test: [590/695]	Time 9.534 (10.570)	Loss 3.3281 (3.4445)	Acc@1 56.944 (59.092)	Acc@5 81.944 (81.427)	Mem 11452MB
Test: [600/695]	Time 5.528 (10.536)	Loss 3.3496 (3.4410)	Acc@1 51.389 (59.135)	Acc@5 81.944 (81.452)	Mem 11452MB
Test: [610/695]	Time 8.862 (10.513)	Loss 2.9160 (3.4390)	Acc@1 69.444 (59.140)	Acc@5 83.333 (81.431)	Mem 11452MB
Test: [620/695]	Time 10.041 (10.495)	Loss 2.9258 (3.4382)	Acc@1 66.667 (59.074)	Acc@5 88.889 (81.354)	Mem 11452MB
Test: [630/695]	Time 9.312 (10.477)	Loss 3.8652 (3.4415)	Acc@1 47.222 (59.005)	Acc@5 70.833 (81.286)	Mem 11452MB
Test: [640/695]	Time 10.552 (10.469)	Loss 3.0840 (3.4387)	Acc@1 58.333 (58.973)	Acc@5 83.333 (81.316)	Mem 11452MB
Test: [650/695]	Time 11.310 (10.448)	Loss 2.2930 (3.4299)	Acc@1 83.333 (59.069)	Acc@5 94.444 (81.394)	Mem 11452MB
Test: [660/695]	Time 11.275 (10.434)	Loss 2.7539 (3.4168)	Acc@1 72.222 (59.258)	Acc@5 90.278 (81.570)	Mem 11452MB
Test: [670/695]	Time 7.692 (10.426)	Loss 3.0234 (3.4050)	Acc@1 68.056 (59.503)	Acc@5 93.056 (81.702)	Mem 11452MB
Test: [680/695]	Time 10.107 (10.407)	Loss 3.8105 (3.4100)	Acc@1 45.833 (59.343)	Acc@5 72.222 (81.618)	Mem 11452MB
Test: [690/695]	Time 10.653 (10.392)	Loss 2.1133 (3.3989)	Acc@1 87.500 (59.612)	Acc@5 95.833 (81.741)	Mem 11452MB
 * Acc@1 59.636 Acc@5 81.741
01/17 04:49:48 - mmengine - INFO - Because batch augmentations are enabled, the data preprocessor automatically enables the `to_onehot` option to generate one-hot format labels.
01/17 04:49:48 - mmengine - INFO - Loads checkpoint by http backend from path: https://download.openmmlab.com/mmclassification/v0/convnext/convnext-tiny_32xb128_in1k_20221207-998cf3e9.pth
starting loop: img_size 1120; len(dataset) 50003
Test: [0/834]	Time 8.525 (8.525)	Loss 2.5781 (2.5781)	Acc@1 88.333 (88.333)	Acc@5 96.667 (96.667)	Mem 11452MB
Test: [10/834]	Time 5.814 (8.640)	Loss 3.5801 (3.4411)	Acc@1 68.333 (64.091)	Acc@5 90.000 (86.212)	Mem 11452MB
Test: [20/834]	Time 10.581 (8.847)	Loss 3.0625 (3.4448)	Acc@1 75.000 (65.238)	Acc@5 90.000 (87.222)	Mem 11452MB
Test: [30/834]	Time 9.964 (9.158)	Loss 3.4434 (3.4940)	Acc@1 50.000 (61.344)	Acc@5 81.667 (84.785)	Mem 11452MB
Test: [40/834]	Time 9.073 (9.458)	Loss 4.0156 (3.5575)	Acc@1 50.000 (59.228)	Acc@5 73.333 (83.049)	Mem 11452MB
Test: [50/834]	Time 8.989 (9.551)	Loss 4.0859 (3.6040)	Acc@1 30.000 (56.765)	Acc@5 68.333 (80.882)	Mem 11452MB
Test: [60/834]	Time 6.797 (9.547)	Loss 3.1074 (3.5782)	Acc@1 68.333 (57.404)	Acc@5 95.000 (81.339)	Mem 11452MB
Test: [70/834]	Time 11.581 (9.732)	Loss 3.3262 (3.5547)	Acc@1 66.667 (57.559)	Acc@5 80.000 (81.643)	Mem 11452MB
Test: [80/834]	Time 9.463 (9.794)	Loss 3.7852 (3.5320)	Acc@1 55.000 (59.033)	Acc@5 68.333 (82.140)	Mem 11452MB
Test: [90/834]	Time 6.021 (9.780)	Loss 3.1348 (3.5184)	Acc@1 50.000 (59.469)	Acc@5 83.333 (81.941)	Mem 11452MB
Test: [100/834]	Time 9.472 (9.699)	Loss 2.7969 (3.4693)	Acc@1 63.333 (60.231)	Acc@5 85.000 (82.360)	Mem 11452MB
Test: [110/834]	Time 11.278 (9.833)	Loss 3.4609 (3.4598)	Acc@1 60.000 (60.465)	Acc@5 93.333 (82.508)	Mem 11452MB
Test: [120/834]	Time 10.365 (9.806)	Loss 3.1953 (3.4501)	Acc@1 70.000 (60.992)	Acc@5 86.667 (82.879)	Mem 11452MB
Test: [130/834]	Time 10.871 (9.869)	Loss 4.0352 (3.4701)	Acc@1 68.333 (60.903)	Acc@5 85.000 (82.901)	Mem 11452MB
Test: [140/834]	Time 10.452 (9.889)	Loss 3.5176 (3.5033)	Acc@1 76.667 (60.662)	Acc@5 91.667 (82.801)	Mem 11452MB
Test: [150/834]	Time 12.011 (9.981)	Loss 3.8203 (3.5309)	Acc@1 46.667 (60.552)	Acc@5 88.333 (82.583)	Mem 11452MB
Test: [160/834]	Time 8.526 (9.985)	Loss 4.8125 (3.5843)	Acc@1 45.000 (59.752)	Acc@5 56.667 (81.884)	Mem 11452MB
Test: [170/834]	Time 10.564 (9.949)	Loss 4.6758 (3.6267)	Acc@1 21.667 (58.957)	Acc@5 70.000 (81.491)	Mem 11452MB
Test: [180/834]	Time 7.617 (9.935)	Loss 3.5801 (3.6611)	Acc@1 81.667 (58.425)	Acc@5 93.333 (81.096)	Mem 11452MB
Test: [190/834]	Time 10.418 (9.976)	Loss 3.8359 (3.6804)	Acc@1 66.667 (58.290)	Acc@5 80.000 (81.038)	Mem 11452MB
Test: [200/834]	Time 11.355 (9.989)	Loss 4.4805 (3.7149)	Acc@1 35.000 (57.438)	Acc@5 81.667 (80.597)	Mem 11452MB
Test: [210/834]	Time 7.527 (9.955)	Loss 3.5820 (3.7318)	Acc@1 78.333 (57.306)	Acc@5 91.667 (80.529)	Mem 11452MB
Test: [220/834]	Time 13.533 (10.005)	Loss 4.4336 (3.7467)	Acc@1 38.333 (57.247)	Acc@5 61.667 (80.422)	Mem 11452MB
Test: [230/834]	Time 10.131 (10.041)	Loss 3.9941 (3.7565)	Acc@1 56.667 (57.006)	Acc@5 73.333 (80.310)	Mem 11452MB
Test: [240/834]	Time 8.504 (10.025)	Loss 4.0508 (3.7630)	Acc@1 53.333 (56.833)	Acc@5 81.667 (80.304)	Mem 11452MB
Test: [250/834]	Time 10.038 (10.066)	Loss 2.9922 (3.7581)	Acc@1 75.000 (56.932)	Acc@5 90.000 (80.352)	Mem 11452MB
Test: [260/834]	Time 10.447 (10.067)	Loss 3.9141 (3.7485)	Acc@1 31.667 (56.756)	Acc@5 71.667 (80.396)	Mem 11452MB
Test: [270/834]	Time 11.049 (10.088)	Loss 2.9629 (3.7389)	Acc@1 76.667 (56.888)	Acc@5 98.333 (80.560)	Mem 11452MB
Test: [280/834]	Time 6.997 (10.079)	Loss 3.5918 (3.7206)	Acc@1 55.000 (57.319)	Acc@5 83.333 (80.801)	Mem 11452MB
Test: [290/834]	Time 6.648 (9.986)	Loss 3.8691 (3.7147)	Acc@1 45.000 (57.279)	Acc@5 83.333 (80.790)	Mem 11452MB
Test: [300/834]	Time 6.378 (9.901)	Loss 4.2969 (3.7045)	Acc@1 25.000 (57.436)	Acc@5 58.333 (80.986)	Mem 11452MB
Test: [310/834]	Time 8.208 (9.806)	Loss 3.8945 (3.7022)	Acc@1 40.000 (57.433)	Acc@5 78.333 (80.959)	Mem 11452MB
Test: [320/834]	Time 7.007 (9.722)	Loss 2.8652 (3.6943)	Acc@1 70.000 (57.342)	Acc@5 86.667 (80.966)	Mem 11452MB
Test: [330/834]	Time 7.816 (9.647)	Loss 2.8984 (3.6858)	Acc@1 68.333 (57.437)	Acc@5 81.667 (80.982)	Mem 11452MB
Test: [340/834]	Time 7.656 (9.566)	Loss 3.8438 (3.6816)	Acc@1 35.000 (57.370)	Acc@5 75.000 (81.007)	Mem 11452MB
Test: [350/834]	Time 8.678 (9.506)	Loss 4.0195 (3.6873)	Acc@1 48.333 (56.937)	Acc@5 73.333 (80.712)	Mem 11452MB
Test: [360/834]	Time 8.221 (9.458)	Loss 3.9238 (3.6814)	Acc@1 41.667 (56.930)	Acc@5 78.333 (80.646)	Mem 11452MB
Test: [370/834]	Time 8.498 (9.427)	Loss 3.5469 (3.6846)	Acc@1 63.333 (56.685)	Acc@5 78.333 (80.400)	Mem 11452MB
Test: [380/834]	Time 8.244 (9.384)	Loss 3.9824 (3.6857)	Acc@1 43.333 (56.369)	Acc@5 80.000 (80.197)	Mem 11452MB
Test: [390/834]	Time 7.737 (9.342)	Loss 3.2559 (3.6823)	Acc@1 51.667 (56.253)	Acc@5 85.000 (80.055)	Mem 11452MB
Test: [400/834]	Time 6.676 (9.310)	Loss 3.6250 (3.6818)	Acc@1 63.333 (56.135)	Acc@5 80.000 (79.946)	Mem 11452MB
Test: [410/834]	Time 6.152 (9.271)	Loss 3.6426 (3.6790)	Acc@1 50.000 (55.965)	Acc@5 70.000 (79.874)	Mem 11452MB
Test: [420/834]	Time 7.793 (9.226)	Loss 4.2031 (3.6838)	Acc@1 35.000 (55.590)	Acc@5 66.667 (79.608)	Mem 11452MB
Test: [430/834]	Time 5.957 (9.176)	Loss 4.0938 (3.6845)	Acc@1 38.333 (55.352)	Acc@5 71.667 (79.478)	Mem 11452MB
Test: [440/834]	Time 8.500 (9.139)	Loss 3.6191 (3.6855)	Acc@1 56.667 (55.091)	Acc@5 71.667 (79.259)	Mem 11452MB
Test: [450/834]	Time 6.570 (9.101)	Loss 2.7051 (3.6794)	Acc@1 81.667 (55.240)	Acc@5 88.333 (79.250)	Mem 11452MB
Test: [460/834]	Time 7.483 (9.059)	Loss 3.5996 (3.6799)	Acc@1 61.667 (54.975)	Acc@5 78.333 (79.082)	Mem 11452MB
Test: [470/834]	Time 7.564 (9.033)	Loss 3.2949 (3.6770)	Acc@1 46.667 (54.958)	Acc@5 80.000 (79.076)	Mem 11452MB
Test: [480/834]	Time 7.943 (8.994)	Loss 2.9062 (3.6698)	Acc@1 75.000 (55.090)	Acc@5 86.667 (79.092)	Mem 11452MB
Test: [490/834]	Time 6.935 (8.957)	Loss 3.0176 (3.6689)	Acc@1 73.333 (54.929)	Acc@5 93.333 (78.965)	Mem 11452MB
Test: [500/834]	Time 6.681 (8.916)	Loss 4.5312 (3.6672)	Acc@1 16.667 (54.817)	Acc@5 50.000 (78.872)	Mem 11452MB
Test: [510/834]	Time 6.023 (8.880)	Loss 2.7539 (3.6609)	Acc@1 83.333 (55.013)	Acc@5 90.000 (78.963)	Mem 11452MB
Test: [520/834]	Time 6.281 (8.836)	Loss 3.7598 (3.6659)	Acc@1 55.000 (54.744)	Acc@5 80.000 (78.743)	Mem 11452MB
Test: [530/834]	Time 6.518 (8.797)	Loss 3.4648 (3.6633)	Acc@1 46.667 (54.752)	Acc@5 78.333 (78.776)	Mem 11452MB
Test: [540/834]	Time 6.205 (8.758)	Loss 3.9570 (3.6627)	Acc@1 40.000 (54.713)	Acc@5 71.667 (78.691)	Mem 11452MB
Test: [550/834]	Time 8.646 (8.732)	Loss 3.2812 (3.6687)	Acc@1 66.667 (54.468)	Acc@5 86.667 (78.524)	Mem 11452MB
Test: [560/834]	Time 9.014 (8.711)	Loss 3.3848 (3.6679)	Acc@1 78.333 (54.439)	Acc@5 86.667 (78.497)	Mem 11452MB
Test: [570/834]	Time 6.083 (8.672)	Loss 2.9355 (3.6686)	Acc@1 80.000 (54.407)	Acc@5 91.667 (78.503)	Mem 11452MB
Test: [580/834]	Time 7.751 (8.643)	Loss 3.3730 (3.6654)	Acc@1 63.333 (54.415)	Acc@5 71.667 (78.457)	Mem 11452MB
Test: [590/834]	Time 6.180 (8.614)	Loss 3.5391 (3.6648)	Acc@1 61.667 (54.450)	Acc@5 81.667 (78.435)	Mem 11452MB
Test: [600/834]	Time 6.007 (8.584)	Loss 3.1387 (3.6605)	Acc@1 68.333 (54.509)	Acc@5 83.333 (78.489)	Mem 11452MB
Test: [610/834]	Time 6.564 (8.557)	Loss 3.8340 (3.6586)	Acc@1 55.000 (54.495)	Acc@5 75.000 (78.404)	Mem 11452MB
Test: [620/834]	Time 6.016 (8.531)	Loss 4.3555 (3.6576)	Acc@1 36.667 (54.471)	Acc@5 60.000 (78.309)	Mem 11452MB
Test: [630/834]	Time 9.155 (8.508)	Loss 3.6074 (3.6560)	Acc@1 60.000 (54.459)	Acc@5 78.333 (78.294)	Mem 11452MB
Test: [640/834]	Time 8.927 (8.496)	Loss 3.3047 (3.6556)	Acc@1 58.333 (54.410)	Acc@5 76.667 (78.201)	Mem 11452MB
Test: [650/834]	Time 7.726 (8.477)	Loss 3.8145 (3.6588)	Acc@1 45.000 (54.278)	Acc@5 85.000 (78.075)	Mem 11452MB
Test: [660/834]	Time 7.285 (8.459)	Loss 4.1406 (3.6559)	Acc@1 38.333 (54.324)	Acc@5 65.000 (78.104)	Mem 11452MB
Test: [670/834]	Time 6.848 (8.422)	Loss 3.6953 (3.6534)	Acc@1 58.333 (54.421)	Acc@5 85.000 (78.107)	Mem 11452MB
Test: [680/834]	Time 6.203 (8.386)	Loss 3.2949 (3.6530)	Acc@1 66.667 (54.386)	Acc@5 78.333 (78.062)	Mem 11452MB
Test: [690/834]	Time 4.334 (8.346)	Loss 3.9023 (3.6524)	Acc@1 45.000 (54.390)	Acc@5 70.000 (78.041)	Mem 11452MB
Test: [700/834]	Time 5.675 (8.307)	Loss 3.5215 (3.6570)	Acc@1 60.000 (54.211)	Acc@5 75.000 (77.903)	Mem 11452MB
Test: [710/834]	Time 4.354 (8.265)	Loss 3.5781 (3.6601)	Acc@1 55.000 (54.095)	Acc@5 80.000 (77.818)	Mem 11452MB
Test: [720/834]	Time 5.805 (8.233)	Loss 3.9922 (3.6565)	Acc@1 28.333 (54.133)	Acc@5 65.000 (77.839)	Mem 11452MB
Test: [730/834]	Time 5.460 (8.201)	Loss 4.8359 (3.6565)	Acc@1 16.667 (54.109)	Acc@5 46.667 (77.795)	Mem 11452MB
Test: [740/834]	Time 6.111 (8.171)	Loss 4.1016 (3.6563)	Acc@1 46.667 (54.040)	Acc@5 70.000 (77.701)	Mem 11452MB
Test: [750/834]	Time 4.997 (8.139)	Loss 3.6113 (3.6573)	Acc@1 71.667 (53.992)	Acc@5 88.333 (77.663)	Mem 11452MB
Test: [760/834]	Time 5.011 (8.105)	Loss 3.0840 (3.6571)	Acc@1 70.000 (53.903)	Acc@5 90.000 (77.633)	Mem 11452MB
Test: [770/834]	Time 5.356 (8.073)	Loss 3.1348 (3.6538)	Acc@1 56.667 (53.949)	Acc@5 83.333 (77.659)	Mem 11452MB
Test: [780/834]	Time 8.405 (8.043)	Loss 2.3789 (3.6453)	Acc@1 80.000 (54.057)	Acc@5 90.000 (77.768)	Mem 11452MB
Test: [790/834]	Time 5.835 (8.020)	Loss 2.9023 (3.6332)	Acc@1 75.000 (54.269)	Acc@5 88.333 (77.954)	Mem 11452MB
Test: [800/834]	Time 4.247 (7.990)	Loss 2.6152 (3.6213)	Acc@1 70.000 (54.546)	Acc@5 91.667 (78.123)	Mem 11452MB
Test: [810/834]	Time 6.556 (7.964)	Loss 3.6758 (3.6216)	Acc@1 41.667 (54.492)	Acc@5 83.333 (78.097)	Mem 11452MB
Test: [820/834]	Time 4.516 (7.934)	Loss 2.7520 (3.6235)	Acc@1 86.667 (54.438)	Acc@5 95.000 (78.039)	Mem 11452MB
Test: [830/834]	Time 6.189 (7.915)	Loss 2.0527 (3.6086)	Acc@1 86.667 (54.793)	Acc@5 93.333 (78.237)	Mem 11452MB
 * Acc@1 54.749 Acc@5 78.209
