[W socket.cpp:426] [c10d] The server socket has failed to bind to [::]:61234 (errno: 98 - Address already in use).
[W socket.cpp:426] [c10d] The server socket has failed to bind to ?UNKNOWN? (errno: 98 - Address already in use).
[E socket.cpp:462] [c10d] The server socket has failed to listen on any local network address.
The server socket has failed to listen on any local network address. The server socket has failed to bind to [::]:61234 (errno: 98 - Address already in use). The server socket has failed to bind to ?UNKNOWN? (errno: 98 - Address already in use).
using init_convnext ======================== 
01/17 10:09:10 - mmengine - INFO - Because batch augmentations are enabled, the data preprocessor automatically enables the `to_onehot` option to generate one-hot format labels.
01/17 10:09:11 - mmengine - INFO - Loads checkpoint by http backend from path: https://download.openmmlab.com/mmclassification/v0/convnext/convnext-small_32xb128_in1k_20221207-4ab7052c.pth
starting loop: img_size 224; len(dataset) 50003
Test: [0/391]	Time 4.021 (4.021)	Loss 0.2651 (0.2651)	Acc@1 96.094 (96.094)	Acc@5 99.219 (99.219)	Mem 1343MB
Test: [10/391]	Time 4.437 (2.825)	Loss 0.8755 (0.3545)	Acc@1 77.344 (92.188)	Acc@5 98.438 (98.722)	Mem 1343MB
Test: [20/391]	Time 4.359 (2.774)	Loss 0.4204 (0.4724)	Acc@1 91.406 (88.579)	Acc@5 98.438 (98.326)	Mem 1343MB
Test: [30/391]	Time 7.514 (4.021)	Loss 0.9727 (0.5870)	Acc@1 81.250 (85.509)	Acc@5 94.531 (97.681)	Mem 1343MB
Test: [40/391]	Time 6.393 (4.505)	Loss 0.3130 (0.5163)	Acc@1 96.094 (87.652)	Acc@5 97.656 (97.999)	Mem 1343MB
Test: [50/391]	Time 6.322 (4.950)	Loss 0.1647 (0.5157)	Acc@1 97.656 (88.021)	Acc@5 100.000 (97.947)	Mem 1343MB
Test: [60/391]	Time 5.609 (5.162)	Loss 0.7861 (0.4840)	Acc@1 84.375 (88.819)	Acc@5 94.531 (98.130)	Mem 1343MB
Test: [70/391]	Time 5.795 (5.301)	Loss 0.6357 (0.5158)	Acc@1 84.375 (88.083)	Acc@5 97.656 (97.953)	Mem 1343MB
Test: [80/391]	Time 5.101 (5.385)	Loss 0.5171 (0.5287)	Acc@1 84.375 (87.616)	Acc@5 98.438 (97.907)	Mem 1343MB
Test: [90/391]	Time 4.950 (5.442)	Loss 0.7461 (0.5323)	Acc@1 75.781 (87.577)	Acc@5 97.656 (97.854)	Mem 1343MB
Test: [100/391]	Time 6.874 (5.505)	Loss 0.4390 (0.5353)	Acc@1 91.406 (87.307)	Acc@5 97.656 (97.904)	Mem 1343MB
Test: [110/391]	Time 7.849 (5.624)	Loss 0.9941 (0.5457)	Acc@1 60.938 (86.852)	Acc@5 100.000 (97.903)	Mem 1343MB
Test: [120/391]	Time 6.600 (5.740)	Loss 0.3621 (0.5458)	Acc@1 92.969 (87.022)	Acc@5 97.656 (97.934)	Mem 1343MB
Test: [130/391]	Time 5.836 (5.828)	Loss 0.2057 (0.5383)	Acc@1 96.875 (87.255)	Acc@5 99.219 (97.931)	Mem 1343MB
Test: [140/391]	Time 7.220 (5.860)	Loss 0.9199 (0.5374)	Acc@1 78.125 (87.129)	Acc@5 98.438 (98.033)	Mem 1343MB
Test: [150/391]	Time 9.585 (5.933)	Loss 0.6650 (0.5471)	Acc@1 80.469 (86.993)	Acc@5 97.656 (97.936)	Mem 1343MB
Test: [160/391]	Time 5.027 (5.917)	Loss 0.4968 (0.5490)	Acc@1 86.719 (86.957)	Acc@5 97.656 (97.913)	Mem 1343MB
Test: [170/391]	Time 5.342 (5.902)	Loss 1.2881 (0.5646)	Acc@1 66.406 (86.463)	Acc@5 92.188 (97.798)	Mem 1343MB
Test: [180/391]	Time 6.353 (5.908)	Loss 1.4395 (0.5762)	Acc@1 64.062 (86.158)	Acc@5 92.188 (97.669)	Mem 1343MB
Test: [190/391]	Time 2.043 (5.909)	Loss 1.1387 (0.5954)	Acc@1 73.438 (85.623)	Acc@5 96.094 (97.513)	Mem 1343MB
Test: [200/391]	Time 3.128 (5.861)	Loss 0.4265 (0.6109)	Acc@1 91.406 (85.316)	Acc@5 99.219 (97.338)	Mem 1343MB
Test: [210/391]	Time 6.705 (5.847)	Loss 0.7314 (0.6238)	Acc@1 80.469 (84.960)	Acc@5 98.438 (97.238)	Mem 1343MB
Test: [220/391]	Time 6.866 (5.872)	Loss 0.2211 (0.6236)	Acc@1 94.531 (84.955)	Acc@5 100.000 (97.225)	Mem 1343MB
Test: [230/391]	Time 5.393 (5.891)	Loss 1.0264 (0.6288)	Acc@1 75.000 (84.872)	Acc@5 93.750 (97.169)	Mem 1343MB
Test: [240/391]	Time 5.518 (5.884)	Loss 0.6738 (0.6287)	Acc@1 87.500 (84.946)	Acc@5 92.969 (97.092)	Mem 1343MB
Test: [250/391]	Time 5.824 (5.851)	Loss 0.3660 (0.6407)	Acc@1 91.406 (84.465)	Acc@5 98.438 (97.009)	Mem 1343MB
Test: [260/391]	Time 6.205 (5.854)	Loss 0.5542 (0.6504)	Acc@1 83.594 (84.225)	Acc@5 99.219 (96.935)	Mem 1343MB
Test: [270/391]	Time 6.180 (5.818)	Loss 1.4062 (0.6561)	Acc@1 66.406 (84.084)	Acc@5 89.844 (96.881)	Mem 1343MB
Test: [280/391]	Time 6.129 (5.828)	Loss 0.7676 (0.6568)	Acc@1 80.469 (84.072)	Acc@5 96.875 (96.861)	Mem 1343MB
Test: [290/391]	Time 5.086 (5.802)	Loss 1.1387 (0.6608)	Acc@1 52.344 (83.921)	Acc@5 98.438 (96.824)	Mem 1343MB
Test: [300/391]	Time 3.489 (5.761)	Loss 0.5552 (0.6640)	Acc@1 88.281 (83.874)	Acc@5 97.656 (96.769)	Mem 1343MB
Test: [310/391]	Time 3.894 (5.731)	Loss 0.6890 (0.6671)	Acc@1 85.156 (83.835)	Acc@5 95.312 (96.714)	Mem 1343MB
Test: [320/391]	Time 5.481 (5.702)	Loss 0.4182 (0.6723)	Acc@1 92.188 (83.718)	Acc@5 98.438 (96.668)	Mem 1343MB
Test: [330/391]	Time 3.787 (5.697)	Loss 1.0830 (0.6813)	Acc@1 67.969 (83.466)	Acc@5 92.188 (96.580)	Mem 1343MB
Test: [340/391]	Time 7.145 (5.687)	Loss 0.5190 (0.6834)	Acc@1 88.281 (83.399)	Acc@5 98.438 (96.575)	Mem 1343MB
Test: [350/391]	Time 6.510 (5.703)	Loss 0.6079 (0.6845)	Acc@1 81.250 (83.338)	Acc@5 97.656 (96.568)	Mem 1343MB
Test: [360/391]	Time 6.327 (5.693)	Loss 1.1992 (0.6918)	Acc@1 75.781 (83.161)	Acc@5 94.531 (96.537)	Mem 1343MB
Test: [370/391]	Time 6.684 (5.680)	Loss 1.0020 (0.6895)	Acc@1 67.969 (83.179)	Acc@5 97.656 (96.570)	Mem 1343MB
Test: [380/391]	Time 4.818 (5.674)	Loss 0.6968 (0.6924)	Acc@1 82.031 (83.134)	Acc@5 98.438 (96.547)	Mem 1343MB
Test: [390/391]	Time 3.723 (5.675)	Loss 1.2471 (0.6907)	Acc@1 56.627 (83.147)	Acc@5 95.181 (96.564)	Mem 1343MB
 * Acc@1 83.147 Acc@5 96.564
01/17 10:46:11 - mmengine - INFO - Because batch augmentations are enabled, the data preprocessor automatically enables the `to_onehot` option to generate one-hot format labels.
01/17 10:46:13 - mmengine - INFO - Loads checkpoint by http backend from path: https://download.openmmlab.com/mmclassification/v0/convnext/convnext-small_32xb128_in1k_20221207-4ab7052c.pth
starting loop: img_size 64; len(dataset) 50003
Test: [0/391]	Time 3.274 (3.274)	Loss 2.1953 (2.1953)	Acc@1 67.188 (67.188)	Acc@5 78.906 (78.906)	Mem 1343MB
Test: [10/391]	Time 5.240 (2.931)	Loss 3.0840 (1.9851)	Acc@1 50.781 (66.477)	Acc@5 69.531 (82.102)	Mem 1343MB
Test: [20/391]	Time 2.865 (3.236)	Loss 2.6074 (2.6277)	Acc@1 59.375 (57.440)	Acc@5 76.562 (75.856)	Mem 1343MB
Test: [30/391]	Time 1.791 (3.049)	Loss 2.6328 (2.8856)	Acc@1 60.156 (52.898)	Acc@5 78.125 (73.614)	Mem 1343MB
Test: [40/391]	Time 1.494 (2.840)	Loss 2.5078 (2.6024)	Acc@1 58.594 (57.107)	Acc@5 70.312 (76.391)	Mem 1343MB
Test: [50/391]	Time 1.918 (2.688)	Loss 0.8618 (2.6333)	Acc@1 84.375 (56.725)	Acc@5 95.312 (76.501)	Mem 1343MB
Test: [60/391]	Time 1.868 (2.615)	Loss 2.1855 (2.4705)	Acc@1 57.812 (58.811)	Acc@5 82.812 (78.317)	Mem 1343MB
Test: [70/391]	Time 2.868 (2.586)	Loss 3.0469 (2.4736)	Acc@1 46.875 (57.945)	Acc@5 72.656 (78.532)	Mem 1343MB
Test: [80/391]	Time 2.291 (2.596)	Loss 3.0254 (2.4652)	Acc@1 44.531 (57.465)	Acc@5 75.000 (78.858)	Mem 1343MB
Test: [90/391]	Time 2.247 (2.589)	Loss 2.2656 (2.4398)	Acc@1 46.094 (57.478)	Acc@5 85.938 (79.198)	Mem 1343MB
Test: [100/391]	Time 1.580 (2.513)	Loss 2.3613 (2.4046)	Acc@1 48.438 (57.333)	Acc@5 83.594 (79.811)	Mem 1343MB
Test: [110/391]	Time 2.943 (2.474)	Loss 2.6992 (2.3816)	Acc@1 42.969 (57.439)	Acc@5 83.594 (80.258)	Mem 1343MB
Test: [120/391]	Time 1.525 (2.430)	Loss 3.2031 (2.3786)	Acc@1 42.188 (57.677)	Acc@5 71.875 (80.449)	Mem 1343MB
Test: [130/391]	Time 1.596 (2.395)	Loss 2.4727 (2.3961)	Acc@1 60.938 (57.777)	Acc@5 76.562 (80.081)	Mem 1343MB
Test: [140/391]	Time 1.829 (2.359)	Loss 2.4648 (2.3740)	Acc@1 51.562 (57.979)	Acc@5 80.469 (80.413)	Mem 1343MB
Test: [150/391]	Time 3.222 (2.370)	Loss 1.5127 (2.3471)	Acc@1 67.969 (58.413)	Acc@5 92.188 (80.696)	Mem 1343MB
Test: [160/391]	Time 2.145 (2.348)	Loss 2.9160 (2.3759)	Acc@1 52.344 (58.220)	Acc@5 74.219 (80.415)	Mem 1343MB
Test: [170/391]	Time 1.226 (2.317)	Loss 3.5820 (2.4449)	Acc@1 31.250 (57.415)	Acc@5 73.438 (79.701)	Mem 1343MB
Test: [180/391]	Time 1.449 (2.273)	Loss 3.7754 (2.4996)	Acc@1 39.844 (56.725)	Acc@5 67.188 (79.157)	Mem 1343MB
Test: [190/391]	Time 1.387 (2.240)	Loss 3.6367 (2.5485)	Acc@1 45.312 (56.107)	Acc@5 70.312 (78.649)	Mem 1343MB
Test: [200/391]	Time 1.206 (2.211)	Loss 3.6855 (2.6019)	Acc@1 39.844 (55.387)	Acc@5 67.188 (78.125)	Mem 1343MB
Test: [210/391]	Time 1.465 (2.180)	Loss 3.5723 (2.6400)	Acc@1 49.219 (55.006)	Acc@5 64.844 (77.707)	Mem 1343MB
Test: [220/391]	Time 2.466 (2.156)	Loss 1.9014 (2.6576)	Acc@1 65.625 (54.871)	Acc@5 86.719 (77.471)	Mem 1343MB
Test: [230/391]	Time 1.713 (2.136)	Loss 4.5547 (2.6809)	Acc@1 27.344 (54.667)	Acc@5 57.031 (77.215)	Mem 1343MB
Test: [240/391]	Time 1.762 (2.120)	Loss 3.4082 (2.7004)	Acc@1 47.656 (54.461)	Acc@5 65.625 (76.968)	Mem 1343MB
Test: [250/391]	Time 1.677 (2.097)	Loss 2.8301 (2.7326)	Acc@1 56.250 (54.000)	Acc@5 75.781 (76.637)	Mem 1343MB
Test: [260/391]	Time 1.979 (2.080)	Loss 2.7051 (2.7611)	Acc@1 53.125 (53.631)	Acc@5 78.125 (76.383)	Mem 1343MB
Test: [270/391]	Time 2.052 (2.061)	Loss 4.2070 (2.7808)	Acc@1 39.844 (53.433)	Acc@5 64.062 (76.162)	Mem 1343MB
Test: [280/391]	Time 1.491 (2.048)	Loss 3.5273 (2.7936)	Acc@1 39.844 (53.261)	Acc@5 69.531 (76.048)	Mem 1343MB
Test: [290/391]	Time 1.140 (2.033)	Loss 3.9199 (2.8175)	Acc@1 32.031 (53.106)	Acc@5 63.281 (75.771)	Mem 1343MB
Test: [300/391]	Time 1.336 (2.012)	Loss 3.1074 (2.8318)	Acc@1 53.125 (52.985)	Acc@5 69.531 (75.558)	Mem 1343MB
Test: [310/391]	Time 1.711 (1.997)	Loss 3.4043 (2.8594)	Acc@1 46.094 (52.688)	Acc@5 71.094 (75.246)	Mem 1343MB
Test: [320/391]	Time 1.308 (1.983)	Loss 1.8984 (2.8682)	Acc@1 66.406 (52.585)	Acc@5 82.812 (75.183)	Mem 1343MB
Test: [330/391]	Time 1.315 (1.965)	Loss 3.4414 (2.9020)	Acc@1 45.312 (52.181)	Acc@5 64.844 (74.776)	Mem 1343MB
Test: [340/391]	Time 1.747 (1.952)	Loss 2.4004 (2.9073)	Acc@1 53.125 (52.105)	Acc@5 79.688 (74.716)	Mem 1343MB
Test: [350/391]	Time 1.323 (1.941)	Loss 2.5859 (2.9116)	Acc@1 59.375 (52.063)	Acc@5 74.219 (74.651)	Mem 1343MB
Test: [360/391]	Time 1.618 (1.930)	Loss 3.2090 (2.9229)	Acc@1 44.531 (51.928)	Acc@5 74.219 (74.567)	Mem 1343MB
Test: [370/391]	Time 1.911 (1.922)	Loss 1.8213 (2.9095)	Acc@1 64.062 (52.097)	Acc@5 88.281 (74.709)	Mem 1343MB
Test: [380/391]	Time 1.558 (1.907)	Loss 1.1201 (2.9057)	Acc@1 79.688 (52.198)	Acc@5 93.750 (74.738)	Mem 1343MB
Test: [390/391]	Time 1.160 (1.901)	Loss 4.0078 (2.8782)	Acc@1 27.711 (52.531)	Acc@5 61.446 (75.037)	Mem 1343MB
 * Acc@1 52.531 Acc@5 75.037
01/17 10:58:37 - mmengine - INFO - Because batch augmentations are enabled, the data preprocessor automatically enables the `to_onehot` option to generate one-hot format labels.
01/17 10:58:38 - mmengine - INFO - Loads checkpoint by http backend from path: https://download.openmmlab.com/mmclassification/v0/convnext/convnext-small_32xb128_in1k_20221207-4ab7052c.pth
starting loop: img_size 112; len(dataset) 50003
Test: [0/391]	Time 3.435 (3.435)	Loss 0.5728 (0.5728)	Acc@1 87.500 (87.500)	Acc@5 97.656 (97.656)	Mem 1343MB
Test: [10/391]	Time 4.477 (3.340)	Loss 1.4248 (0.6312)	Acc@1 74.219 (87.216)	Acc@5 92.188 (96.449)	Mem 1343MB
Test: [20/391]	Time 5.668 (3.672)	Loss 0.8228 (0.9347)	Acc@1 85.938 (80.841)	Acc@5 94.531 (94.122)	Mem 1343MB
Test: [30/391]	Time 6.232 (4.111)	Loss 1.2344 (1.0886)	Acc@1 82.812 (78.075)	Acc@5 92.188 (93.296)	Mem 1343MB
Test: [40/391]	Time 4.100 (4.078)	Loss 0.7749 (0.9522)	Acc@1 88.281 (80.850)	Acc@5 92.188 (94.131)	Mem 1343MB
Test: [50/391]	Time 4.598 (4.165)	Loss 0.2764 (0.9640)	Acc@1 91.406 (80.790)	Acc@5 99.219 (94.041)	Mem 1343MB
Test: [60/391]	Time 4.081 (4.203)	Loss 1.0967 (0.8941)	Acc@1 72.656 (82.031)	Acc@5 94.531 (94.531)	Mem 1343MB
Test: [70/391]	Time 4.777 (4.289)	Loss 1.1367 (0.9319)	Acc@1 70.312 (81.085)	Acc@5 94.531 (94.476)	Mem 1343MB
Test: [80/391]	Time 4.413 (4.313)	Loss 1.1602 (0.9395)	Acc@1 73.438 (80.498)	Acc@5 91.406 (94.531)	Mem 1343MB
Test: [90/391]	Time 4.843 (4.379)	Loss 1.1914 (0.9380)	Acc@1 68.750 (80.383)	Acc@5 92.188 (94.583)	Mem 1343MB
Test: [100/391]	Time 4.811 (4.415)	Loss 0.7002 (0.9295)	Acc@1 80.469 (80.167)	Acc@5 98.438 (94.817)	Mem 1343MB
Test: [110/391]	Time 5.965 (4.511)	Loss 1.3408 (0.9304)	Acc@1 58.594 (79.892)	Acc@5 97.656 (94.982)	Mem 1343MB
Test: [120/391]	Time 4.439 (4.577)	Loss 0.9565 (0.9287)	Acc@1 81.250 (80.159)	Acc@5 93.750 (95.054)	Mem 1343MB
Test: [130/391]	Time 4.804 (4.648)	Loss 0.4451 (0.9193)	Acc@1 92.188 (80.481)	Acc@5 96.875 (95.050)	Mem 1343MB
Test: [140/391]	Time 7.146 (4.689)	Loss 1.1504 (0.9130)	Acc@1 73.438 (80.397)	Acc@5 96.875 (95.163)	Mem 1343MB
Test: [150/391]	Time 8.594 (4.823)	Loss 0.7354 (0.9124)	Acc@1 79.688 (80.546)	Acc@5 96.875 (95.152)	Mem 1343MB
Test: [160/391]	Time 7.394 (4.882)	Loss 0.8496 (0.9220)	Acc@1 76.562 (80.454)	Acc@5 93.750 (95.050)	Mem 1343MB
Test: [170/391]	Time 4.975 (4.915)	Loss 1.8574 (0.9587)	Acc@1 64.062 (79.751)	Acc@5 86.719 (94.723)	Mem 1343MB
Test: [180/391]	Time 5.690 (4.967)	Loss 2.1816 (0.9887)	Acc@1 49.219 (79.226)	Acc@5 85.938 (94.410)	Mem 1343MB
Test: [190/391]	Time 4.774 (5.032)	Loss 1.8604 (1.0229)	Acc@1 60.938 (78.620)	Acc@5 89.844 (94.114)	Mem 1343MB
Test: [200/391]	Time 4.549 (5.056)	Loss 0.9224 (1.0569)	Acc@1 75.781 (78.039)	Acc@5 91.406 (93.785)	Mem 1343MB
Test: [210/391]	Time 5.439 (5.101)	Loss 1.5225 (1.0785)	Acc@1 71.094 (77.651)	Acc@5 86.719 (93.580)	Mem 1343MB
Test: [220/391]	Time 4.305 (5.122)	Loss 0.6138 (1.0875)	Acc@1 88.281 (77.545)	Acc@5 95.312 (93.432)	Mem 1343MB
Test: [230/391]	Time 6.575 (5.156)	Loss 2.2148 (1.0977)	Acc@1 60.938 (77.422)	Acc@5 82.812 (93.280)	Mem 1343MB
Test: [240/391]	Time 5.228 (5.182)	Loss 1.1484 (1.1029)	Acc@1 82.031 (77.412)	Acc@5 86.719 (93.157)	Mem 1343MB
Test: [250/391]	Time 5.521 (5.180)	Loss 0.7461 (1.1241)	Acc@1 82.812 (76.855)	Acc@5 95.312 (92.975)	Mem 1343MB
Test: [260/391]	Time 4.553 (5.184)	Loss 0.9438 (1.1475)	Acc@1 80.469 (76.461)	Acc@5 94.531 (92.765)	Mem 1343MB
Test: [270/391]	Time 5.176 (5.181)	Loss 2.2266 (1.1599)	Acc@1 54.688 (76.240)	Acc@5 82.812 (92.663)	Mem 1343MB
Test: [280/391]	Time 4.107 (5.184)	Loss 1.5068 (1.1667)	Acc@1 66.406 (76.115)	Acc@5 91.406 (92.618)	Mem 1343MB
Test: [290/391]	Time 4.145 (5.177)	Loss 2.2109 (1.1826)	Acc@1 44.531 (75.875)	Acc@5 84.375 (92.453)	Mem 1343MB
Test: [300/391]	Time 5.209 (5.166)	Loss 1.4717 (1.1914)	Acc@1 75.781 (75.771)	Acc@5 86.719 (92.317)	Mem 1343MB
Test: [310/391]	Time 4.825 (5.169)	Loss 1.9756 (1.2079)	Acc@1 64.062 (75.507)	Acc@5 85.938 (92.125)	Mem 1343MB
Test: [320/391]	Time 4.817 (5.169)	Loss 0.5127 (1.2149)	Acc@1 89.062 (75.404)	Acc@5 96.875 (92.056)	Mem 1343MB
Test: [330/391]	Time 4.478 (5.146)	Loss 1.7168 (1.2344)	Acc@1 63.281 (75.040)	Acc@5 84.375 (91.878)	Mem 1343MB
Test: [340/391]	Time 3.640 (5.136)	Loss 1.1777 (1.2390)	Acc@1 64.062 (74.899)	Acc@5 93.750 (91.851)	Mem 1343MB
Test: [350/391]	Time 3.740 (5.125)	Loss 1.1445 (1.2424)	Acc@1 75.781 (74.789)	Acc@5 91.406 (91.802)	Mem 1343MB
Test: [360/391]	Time 5.345 (5.125)	Loss 1.7598 (1.2548)	Acc@1 59.375 (74.548)	Acc@5 92.188 (91.722)	Mem 1343MB
Test: [370/391]	Time 6.849 (5.118)	Loss 1.4766 (1.2477)	Acc@1 64.844 (74.625)	Acc@5 94.531 (91.806)	Mem 1343MB
Test: [380/391]	Time 1.924 (5.092)	Loss 0.8887 (1.2490)	Acc@1 78.906 (74.596)	Acc@5 97.656 (91.781)	Mem 1343MB
Test: [390/391]	Time 3.686 (5.095)	Loss 2.1387 (1.2395)	Acc@1 51.807 (74.732)	Acc@5 80.723 (91.862)	Mem 1343MB
 * Acc@1 74.732 Acc@5 91.862
01/17 11:31:52 - mmengine - INFO - Because batch augmentations are enabled, the data preprocessor automatically enables the `to_onehot` option to generate one-hot format labels.
01/17 11:31:54 - mmengine - INFO - Loads checkpoint by http backend from path: https://download.openmmlab.com/mmclassification/v0/convnext/convnext-small_32xb128_in1k_20221207-4ab7052c.pth
starting loop: img_size 384; len(dataset) 50003
Test: [0/391]	Time 7.952 (7.952)	Loss 0.6421 (0.6421)	Acc@1 92.188 (92.188)	Acc@5 100.000 (100.000)	Mem 3193MB
Test: [10/391]	Time 11.562 (7.826)	Loss 1.2061 (0.7503)	Acc@1 79.688 (92.259)	Acc@5 98.438 (98.935)	Mem 3193MB
Test: [20/391]	Time 6.717 (7.823)	Loss 0.6436 (0.8684)	Acc@1 91.406 (88.467)	Acc@5 98.438 (98.326)	Mem 3193MB
Test: [30/391]	Time 9.204 (8.029)	Loss 1.3145 (0.9703)	Acc@1 75.000 (85.509)	Acc@5 91.406 (97.707)	Mem 3193MB
Test: [40/391]	Time 5.940 (7.840)	Loss 0.6475 (0.9037)	Acc@1 94.531 (87.710)	Acc@5 98.438 (98.037)	Mem 3193MB
Test: [50/391]	Time 7.698 (7.989)	Loss 0.5967 (0.8899)	Acc@1 98.438 (88.067)	Acc@5 99.219 (97.947)	Mem 3193MB
Test: [60/391]	Time 5.804 (7.901)	Loss 1.0527 (0.8639)	Acc@1 85.156 (88.665)	Acc@5 95.312 (98.105)	Mem 3193MB
Test: [70/391]	Time 7.822 (7.872)	Loss 0.8984 (0.8775)	Acc@1 82.031 (87.929)	Acc@5 99.219 (97.953)	Mem 3193MB
Test: [80/391]	Time 8.964 (7.874)	Loss 0.8535 (0.8841)	Acc@1 84.375 (87.394)	Acc@5 96.094 (97.840)	Mem 3193MB
Test: [90/391]	Time 4.191 (7.824)	Loss 1.0342 (0.8838)	Acc@1 74.219 (87.268)	Acc@5 98.438 (97.776)	Mem 3193MB
Test: [100/391]	Time 8.350 (7.643)	Loss 0.8369 (0.8801)	Acc@1 88.281 (87.082)	Acc@5 96.094 (97.795)	Mem 3193MB
Test: [110/391]	Time 8.537 (7.728)	Loss 1.3545 (0.8898)	Acc@1 61.719 (86.684)	Acc@5 98.438 (97.755)	Mem 3193MB
Test: [120/391]	Time 7.581 (7.685)	Loss 0.8330 (0.8899)	Acc@1 92.188 (86.867)	Acc@5 98.438 (97.779)	Mem 3193MB
Test: [130/391]	Time 7.244 (7.700)	Loss 0.4119 (0.8873)	Acc@1 98.438 (87.065)	Acc@5 100.000 (97.787)	Mem 3193MB
Test: [140/391]	Time 6.415 (7.703)	Loss 1.2100 (0.8849)	Acc@1 75.000 (86.896)	Acc@5 100.000 (97.872)	Mem 3193MB
Test: [150/391]	Time 12.021 (7.781)	Loss 0.9404 (0.8901)	Acc@1 78.906 (86.734)	Acc@5 99.219 (97.801)	Mem 3193MB
Test: [160/391]	Time 9.894 (7.749)	Loss 0.8027 (0.8899)	Acc@1 85.156 (86.646)	Acc@5 96.094 (97.744)	Mem 3193MB
Test: [170/391]	Time 6.243 (7.675)	Loss 1.5830 (0.8976)	Acc@1 60.156 (86.143)	Acc@5 90.625 (97.615)	Mem 3193MB
Test: [180/391]	Time 6.075 (7.652)	Loss 1.5176 (0.9056)	Acc@1 64.844 (85.786)	Acc@5 92.188 (97.475)	Mem 3193MB
Test: [190/391]	Time 8.323 (7.643)	Loss 1.2773 (0.9159)	Acc@1 71.094 (85.259)	Acc@5 94.531 (97.292)	Mem 3193MB
Test: [200/391]	Time 5.584 (7.621)	Loss 0.7500 (0.9250)	Acc@1 85.156 (84.884)	Acc@5 98.438 (97.116)	Mem 3193MB
Test: [210/391]	Time 6.533 (7.607)	Loss 0.8950 (0.9310)	Acc@1 83.594 (84.590)	Acc@5 96.875 (97.034)	Mem 3193MB
Test: [220/391]	Time 7.333 (7.593)	Loss 0.5015 (0.9260)	Acc@1 91.406 (84.615)	Acc@5 99.219 (97.009)	Mem 3193MB
Test: [230/391]	Time 9.221 (7.635)	Loss 1.1797 (0.9265)	Acc@1 75.781 (84.531)	Acc@5 89.062 (96.946)	Mem 3193MB
Test: [240/391]	Time 7.904 (7.639)	Loss 0.8228 (0.9224)	Acc@1 89.062 (84.599)	Acc@5 94.531 (96.875)	Mem 3193MB
Test: [250/391]	Time 8.664 (7.653)	Loss 0.5537 (0.9326)	Acc@1 91.406 (84.098)	Acc@5 100.000 (96.754)	Mem 3193MB
Test: [260/391]	Time 8.806 (7.667)	Loss 0.8975 (0.9382)	Acc@1 77.344 (83.854)	Acc@5 97.656 (96.662)	Mem 3193MB
Test: [270/391]	Time 7.821 (7.658)	Loss 1.3896 (0.9423)	Acc@1 65.625 (83.683)	Acc@5 92.969 (96.616)	Mem 3193MB
Test: [280/391]	Time 6.817 (7.660)	Loss 0.9219 (0.9402)	Acc@1 80.469 (83.677)	Acc@5 96.875 (96.608)	Mem 3193MB
Test: [290/391]	Time 6.948 (7.633)	Loss 1.2041 (0.9416)	Acc@1 59.375 (83.524)	Acc@5 96.875 (96.558)	Mem 3193MB
Test: [300/391]	Time 5.505 (7.634)	Loss 0.7549 (0.9413)	Acc@1 85.938 (83.490)	Acc@5 95.312 (96.480)	Mem 3193MB
Test: [310/391]	Time 6.736 (7.649)	Loss 0.9302 (0.9417)	Acc@1 84.375 (83.420)	Acc@5 96.094 (96.440)	Mem 3193MB
Test: [320/391]	Time 6.735 (7.668)	Loss 0.7192 (0.9450)	Acc@1 88.281 (83.299)	Acc@5 98.438 (96.391)	Mem 3193MB
Test: [330/391]	Time 6.910 (7.657)	Loss 1.2607 (0.9532)	Acc@1 71.875 (83.030)	Acc@5 93.750 (96.309)	Mem 3193MB
Test: [340/391]	Time 7.341 (7.641)	Loss 0.8140 (0.9541)	Acc@1 86.719 (82.980)	Acc@5 98.438 (96.300)	Mem 3193MB
Test: [350/391]	Time 8.042 (7.667)	Loss 0.8711 (0.9532)	Acc@1 82.812 (82.933)	Acc@5 98.438 (96.292)	Mem 3193MB
Test: [360/391]	Time 5.334 (7.668)	Loss 1.2021 (0.9582)	Acc@1 75.781 (82.761)	Acc@5 93.750 (96.250)	Mem 3193MB
Test: [370/391]	Time 8.885 (7.666)	Loss 1.3086 (0.9549)	Acc@1 68.750 (82.789)	Acc@5 97.656 (96.277)	Mem 3193MB
Test: [380/391]	Time 7.823 (7.643)	Loss 0.9790 (0.9564)	Acc@1 84.375 (82.747)	Acc@5 97.656 (96.278)	Mem 3193MB
Test: [390/391]	Time 4.453 (7.604)	Loss 1.5977 (0.9564)	Acc@1 57.831 (82.747)	Acc@5 92.771 (96.292)	Mem 3193MB
 * Acc@1 82.747 Acc@5 96.292
01/17 12:21:28 - mmengine - INFO - Because batch augmentations are enabled, the data preprocessor automatically enables the `to_onehot` option to generate one-hot format labels.
01/17 12:21:29 - mmengine - INFO - Loads checkpoint by http backend from path: https://download.openmmlab.com/mmclassification/v0/convnext/convnext-small_32xb128_in1k_20221207-4ab7052c.pth
starting loop: img_size 512; len(dataset) 50003
Test: [0/391]	Time 7.806 (7.806)	Loss 0.9717 (0.9717)	Acc@1 92.969 (92.969)	Acc@5 98.438 (98.438)	Mem 5377MB
Test: [10/391]	Time 13.470 (9.451)	Loss 1.5791 (1.1398)	Acc@1 82.031 (91.264)	Acc@5 98.438 (98.295)	Mem 5377MB
Test: [20/391]	Time 9.099 (9.343)	Loss 0.9585 (1.2691)	Acc@1 92.188 (87.202)	Acc@5 96.875 (97.433)	Mem 5377MB
Test: [30/391]	Time 11.340 (9.634)	Loss 1.5801 (1.3610)	Acc@1 72.656 (84.098)	Acc@5 89.844 (96.850)	Mem 5377MB
Test: [40/391]	Time 9.516 (9.395)	Loss 1.0322 (1.2930)	Acc@1 92.969 (86.261)	Acc@5 99.219 (97.313)	Mem 5377MB
Test: [50/391]	Time 5.296 (9.390)	Loss 1.0098 (1.2712)	Acc@1 98.438 (86.550)	Acc@5 99.219 (97.105)	Mem 5377MB
Test: [60/391]	Time 4.051 (9.202)	Loss 1.5039 (1.2487)	Acc@1 83.594 (87.218)	Acc@5 94.531 (97.323)	Mem 5377MB
Test: [70/391]	Time 6.119 (9.180)	Loss 1.2988 (1.2662)	Acc@1 82.031 (86.521)	Acc@5 97.656 (97.183)	Mem 5377MB
Test: [80/391]	Time 9.120 (9.133)	Loss 1.3262 (1.2801)	Acc@1 85.938 (85.860)	Acc@5 96.094 (97.078)	Mem 5377MB
Test: [90/391]	Time 9.657 (9.178)	Loss 1.4209 (1.2867)	Acc@1 69.531 (85.706)	Acc@5 98.438 (97.047)	Mem 5377MB
Test: [100/391]	Time 7.079 (9.158)	Loss 1.4258 (1.2841)	Acc@1 89.844 (85.543)	Acc@5 95.312 (97.107)	Mem 5377MB
Test: [110/391]	Time 11.303 (9.187)	Loss 1.7363 (1.2931)	Acc@1 58.594 (85.142)	Acc@5 96.875 (97.093)	Mem 5377MB
Test: [120/391]	Time 8.030 (9.192)	Loss 1.2881 (1.2894)	Acc@1 92.188 (85.324)	Acc@5 97.656 (97.127)	Mem 5377MB
Test: [130/391]	Time 7.296 (9.126)	Loss 0.6597 (1.2876)	Acc@1 96.094 (85.484)	Acc@5 100.000 (97.131)	Mem 5377MB
Test: [140/391]	Time 10.351 (9.085)	Loss 1.5674 (1.2799)	Acc@1 73.438 (85.350)	Acc@5 99.219 (97.246)	Mem 5377MB
Test: [150/391]	Time 10.820 (9.108)	Loss 1.2510 (1.2815)	Acc@1 71.875 (85.125)	Acc@5 99.219 (97.191)	Mem 5377MB
Test: [160/391]	Time 7.790 (9.062)	Loss 1.1289 (1.2780)	Acc@1 80.469 (84.982)	Acc@5 95.312 (97.103)	Mem 5377MB
Test: [170/391]	Time 8.327 (9.015)	Loss 2.0195 (1.2849)	Acc@1 57.812 (84.421)	Acc@5 86.719 (96.898)	Mem 5377MB
Test: [180/391]	Time 10.341 (9.047)	Loss 1.8350 (1.2938)	Acc@1 57.031 (83.935)	Acc@5 92.188 (96.720)	Mem 5377MB
Test: [190/391]	Time 8.366 (9.079)	Loss 1.6162 (1.3002)	Acc@1 67.188 (83.381)	Acc@5 92.969 (96.531)	Mem 5377MB
Test: [200/391]	Time 8.299 (9.074)	Loss 1.1426 (1.3082)	Acc@1 83.594 (82.987)	Acc@5 98.438 (96.304)	Mem 5377MB
Test: [210/391]	Time 9.932 (9.102)	Loss 1.2129 (1.3130)	Acc@1 82.031 (82.683)	Acc@5 92.969 (96.183)	Mem 5377MB
Test: [220/391]	Time 6.101 (9.062)	Loss 0.8232 (1.3063)	Acc@1 89.844 (82.706)	Acc@5 96.875 (96.154)	Mem 5377MB
Test: [230/391]	Time 9.683 (9.061)	Loss 1.5576 (1.3051)	Acc@1 76.562 (82.599)	Acc@5 89.062 (96.077)	Mem 5377MB
Test: [240/391]	Time 7.089 (9.075)	Loss 1.1455 (1.3000)	Acc@1 85.938 (82.621)	Acc@5 93.750 (96.009)	Mem 5377MB
Test: [250/391]	Time 8.982 (9.061)	Loss 0.8721 (1.3112)	Acc@1 87.500 (82.106)	Acc@5 99.219 (95.851)	Mem 5377MB
Test: [260/391]	Time 9.432 (9.041)	Loss 1.3076 (1.3175)	Acc@1 73.438 (81.831)	Acc@5 96.875 (95.747)	Mem 5377MB
Test: [270/391]	Time 9.168 (9.055)	Loss 1.6992 (1.3218)	Acc@1 64.844 (81.616)	Acc@5 90.625 (95.682)	Mem 5377MB
Test: [280/391]	Time 9.051 (9.020)	Loss 1.3271 (1.3195)	Acc@1 76.562 (81.611)	Acc@5 96.875 (95.674)	Mem 5377MB
Test: [290/391]	Time 8.280 (9.007)	Loss 1.5586 (1.3213)	Acc@1 56.250 (81.430)	Acc@5 96.094 (95.592)	Mem 5377MB
Test: [300/391]	Time 8.358 (8.983)	Loss 1.1152 (1.3201)	Acc@1 82.812 (81.377)	Acc@5 92.969 (95.518)	Mem 5377MB
Test: [310/391]	Time 7.897 (8.974)	Loss 1.3750 (1.3204)	Acc@1 82.812 (81.278)	Acc@5 94.531 (95.476)	Mem 5377MB
Test: [320/391]	Time 5.473 (8.973)	Loss 1.0244 (1.3231)	Acc@1 84.375 (81.138)	Acc@5 98.438 (95.417)	Mem 5377MB
Test: [330/391]	Time 8.063 (8.975)	Loss 1.6777 (1.3334)	Acc@1 71.875 (80.879)	Acc@5 92.188 (95.308)	Mem 5377MB
Test: [340/391]	Time 9.587 (8.986)	Loss 1.2686 (1.3341)	Acc@1 83.594 (80.835)	Acc@5 98.438 (95.294)	Mem 5377MB
Test: [350/391]	Time 8.999 (8.952)	Loss 1.3564 (1.3325)	Acc@1 81.250 (80.800)	Acc@5 96.094 (95.284)	Mem 5377MB
Test: [360/391]	Time 10.282 (8.970)	Loss 1.4463 (1.3364)	Acc@1 78.906 (80.679)	Acc@5 92.188 (95.245)	Mem 5377MB
Test: [370/391]	Time 10.037 (8.980)	Loss 1.6055 (1.3314)	Acc@1 68.750 (80.715)	Acc@5 95.312 (95.281)	Mem 5377MB
Test: [380/391]	Time 4.407 (8.967)	Loss 1.3613 (1.3321)	Acc@1 82.031 (80.709)	Acc@5 96.875 (95.288)	Mem 5377MB
Test: [390/391]	Time 4.478 (8.960)	Loss 2.0273 (1.3318)	Acc@1 53.012 (80.741)	Acc@5 89.157 (95.314)	Mem 5377MB
 * Acc@1 80.741 Acc@5 95.314
01/17 13:19:53 - mmengine - INFO - Because batch augmentations are enabled, the data preprocessor automatically enables the `to_onehot` option to generate one-hot format labels.
01/17 13:19:54 - mmengine - INFO - Loads checkpoint by http backend from path: https://download.openmmlab.com/mmclassification/v0/convnext/convnext-small_32xb128_in1k_20221207-4ab7052c.pth
starting loop: img_size 640; len(dataset) 50003
Test: [0/391]	Time 12.079 (12.079)	Loss 1.3398 (1.3398)	Acc@1 90.625 (90.625)	Acc@5 98.438 (98.438)	Mem 8185MB
Test: [10/391]	Time 14.982 (10.928)	Loss 1.8652 (1.4986)	Acc@1 80.469 (89.489)	Acc@5 96.875 (97.514)	Mem 8185MB
Test: [20/391]	Time 5.639 (10.538)	Loss 1.2949 (1.6353)	Acc@1 90.625 (84.933)	Acc@5 96.875 (96.317)	Mem 8185MB
Test: [30/391]	Time 12.939 (10.844)	Loss 1.8193 (1.7182)	Acc@1 71.094 (82.056)	Acc@5 88.281 (95.388)	Mem 8185MB
Test: [40/391]	Time 13.315 (10.937)	Loss 1.3965 (1.6454)	Acc@1 90.625 (84.165)	Acc@5 96.094 (95.884)	Mem 8185MB
Test: [50/391]	Time 7.228 (11.110)	Loss 1.3760 (1.6202)	Acc@1 93.750 (84.375)	Acc@5 100.000 (95.711)	Mem 8185MB
Test: [60/391]	Time 13.788 (11.196)	Loss 2.0410 (1.6027)	Acc@1 81.250 (84.977)	Acc@5 93.750 (95.940)	Mem 8185MB
Test: [70/391]	Time 11.423 (11.300)	Loss 1.7949 (1.6356)	Acc@1 78.125 (84.342)	Acc@5 96.094 (95.797)	Mem 8185MB
Test: [80/391]	Time 12.088 (11.286)	Loss 1.8496 (1.6690)	Acc@1 83.594 (83.652)	Acc@5 96.094 (95.718)	Mem 8185MB
Test: [90/391]	Time 7.823 (11.225)	Loss 1.8379 (1.6884)	Acc@1 66.406 (83.431)	Acc@5 98.438 (95.725)	Mem 8185MB
Test: [100/391]	Time 5.726 (11.148)	Loss 2.1211 (1.6936)	Acc@1 82.812 (83.269)	Acc@5 95.312 (95.831)	Mem 8185MB
Test: [110/391]	Time 13.087 (11.273)	Loss 2.1426 (1.7029)	Acc@1 56.250 (82.812)	Acc@5 95.312 (95.854)	Mem 8185MB
Test: [120/391]	Time 9.997 (11.295)	Loss 1.6904 (1.6942)	Acc@1 88.281 (83.064)	Acc@5 96.875 (95.887)	Mem 8185MB
Test: [130/391]	Time 12.105 (11.343)	Loss 0.9341 (1.6898)	Acc@1 94.531 (83.218)	Acc@5 97.656 (95.939)	Mem 8185MB
Test: [140/391]	Time 14.126 (11.342)	Loss 1.9277 (1.6770)	Acc@1 73.438 (83.200)	Acc@5 98.438 (96.066)	Mem 8185MB
Test: [150/391]	Time 16.003 (11.448)	Loss 1.5703 (1.6758)	Acc@1 66.406 (82.880)	Acc@5 98.438 (96.011)	Mem 8185MB
Test: [160/391]	Time 12.187 (11.460)	Loss 1.4707 (1.6688)	Acc@1 77.344 (82.774)	Acc@5 92.188 (95.914)	Mem 8185MB
Test: [170/391]	Time 11.856 (11.391)	Loss 2.4883 (1.6770)	Acc@1 56.250 (82.273)	Acc@5 85.156 (95.669)	Mem 8185MB
Test: [180/391]	Time 13.347 (11.419)	Loss 2.1777 (1.6874)	Acc@1 52.344 (81.729)	Acc@5 90.625 (95.468)	Mem 8185MB
Test: [190/391]	Time 11.394 (11.438)	Loss 2.0234 (1.6924)	Acc@1 64.062 (81.160)	Acc@5 89.062 (95.231)	Mem 8185MB
Test: [200/391]	Time 12.023 (11.450)	Loss 1.6592 (1.7014)	Acc@1 82.031 (80.741)	Acc@5 98.438 (95.005)	Mem 8185MB
Test: [210/391]	Time 11.440 (11.465)	Loss 1.5596 (1.7064)	Acc@1 82.031 (80.406)	Acc@5 92.969 (94.850)	Mem 8185MB
Test: [220/391]	Time 12.742 (11.477)	Loss 1.1953 (1.7003)	Acc@1 88.281 (80.430)	Acc@5 95.312 (94.775)	Mem 8185MB
Test: [230/391]	Time 12.399 (11.493)	Loss 1.9971 (1.6988)	Acc@1 71.875 (80.279)	Acc@5 89.062 (94.714)	Mem 8185MB
Test: [240/391]	Time 12.462 (11.530)	Loss 1.4951 (1.6939)	Acc@1 85.156 (80.323)	Acc@5 92.969 (94.641)	Mem 8185MB
Test: [250/391]	Time 13.574 (11.535)	Loss 1.2275 (1.7060)	Acc@1 84.375 (79.787)	Acc@5 96.875 (94.450)	Mem 8185MB
Test: [260/391]	Time 13.402 (11.567)	Loss 1.8281 (1.7138)	Acc@1 64.844 (79.466)	Acc@5 95.312 (94.343)	Mem 8185MB
Test: [270/391]	Time 14.003 (11.600)	Loss 2.0117 (1.7181)	Acc@1 65.625 (79.258)	Acc@5 89.062 (94.280)	Mem 8185MB
Test: [280/391]	Time 12.965 (11.631)	Loss 1.7773 (1.7166)	Acc@1 73.438 (79.220)	Acc@5 96.094 (94.267)	Mem 8185MB
Test: [290/391]	Time 9.503 (11.606)	Loss 1.9307 (1.7188)	Acc@1 60.156 (79.027)	Acc@5 93.750 (94.147)	Mem 8185MB
Test: [300/391]	Time 9.278 (11.585)	Loss 1.4805 (1.7184)	Acc@1 79.688 (78.919)	Acc@5 91.406 (94.069)	Mem 8185MB
Test: [310/391]	Time 11.844 (11.625)	Loss 1.8311 (1.7192)	Acc@1 79.688 (78.846)	Acc@5 92.969 (94.004)	Mem 8185MB
Test: [320/391]	Time 12.266 (11.619)	Loss 1.3799 (1.7213)	Acc@1 82.812 (78.719)	Acc@5 96.094 (93.945)	Mem 8185MB
Test: [330/391]	Time 11.075 (11.581)	Loss 2.1816 (1.7332)	Acc@1 65.625 (78.425)	Acc@5 88.281 (93.816)	Mem 8185MB
Test: [340/391]	Time 10.186 (11.569)	Loss 1.7285 (1.7338)	Acc@1 81.250 (78.393)	Acc@5 96.094 (93.800)	Mem 8185MB
Test: [350/391]	Time 8.467 (11.502)	Loss 1.8994 (1.7328)	Acc@1 78.125 (78.368)	Acc@5 92.969 (93.783)	Mem 8185MB
Test: [360/391]	Time 8.908 (11.482)	Loss 1.7646 (1.7359)	Acc@1 75.000 (78.222)	Acc@5 92.969 (93.752)	Mem 8185MB
Test: [370/391]	Time 12.714 (11.475)	Loss 1.8945 (1.7292)	Acc@1 67.188 (78.283)	Acc@5 94.531 (93.801)	Mem 8185MB
Test: [380/391]	Time 6.738 (11.471)	Loss 1.7344 (1.7289)	Acc@1 79.688 (78.283)	Acc@5 96.875 (93.822)	Mem 8185MB
Test: [390/391]	Time 4.696 (11.466)	Loss 2.4336 (1.7272)	Acc@1 50.602 (78.329)	Acc@5 81.928 (93.836)	Mem 8185MB
 * Acc@1 78.329 Acc@5 93.836
01/17 14:34:39 - mmengine - INFO - Because batch augmentations are enabled, the data preprocessor automatically enables the `to_onehot` option to generate one-hot format labels.
01/17 14:34:40 - mmengine - INFO - Loads checkpoint by http backend from path: https://download.openmmlab.com/mmclassification/v0/convnext/convnext-small_32xb128_in1k_20221207-4ab7052c.pth
starting loop: img_size 768; len(dataset) 50003
Test: [0/521]	Time 12.840 (12.840)	Loss 1.6826 (1.6826)	Acc@1 90.625 (90.625)	Acc@5 96.875 (96.875)	Mem 8809MB
Test: [10/521]	Time 8.503 (10.949)	Loss 1.7510 (1.8678)	Acc@1 90.625 (87.027)	Acc@5 93.750 (96.402)	Mem 8809MB
Test: [20/521]	Time 13.093 (11.155)	Loss 2.1699 (1.9690)	Acc@1 80.208 (83.085)	Acc@5 93.750 (94.940)	Mem 8809MB
Test: [30/521]	Time 12.798 (11.210)	Loss 2.4277 (2.0175)	Acc@1 79.167 (81.082)	Acc@5 87.500 (94.355)	Mem 8809MB
Test: [40/521]	Time 10.493 (10.984)	Loss 2.0273 (2.0547)	Acc@1 65.625 (79.116)	Acc@5 89.583 (93.801)	Mem 8809MB
Test: [50/521]	Time 9.447 (10.558)	Loss 1.7832 (2.0025)	Acc@1 83.333 (80.617)	Acc@5 94.792 (94.240)	Mem 8809MB
Test: [60/521]	Time 9.341 (10.492)	Loss 1.4121 (1.9520)	Acc@1 93.750 (81.472)	Acc@5 98.958 (94.348)	Mem 8809MB
Test: [70/521]	Time 11.753 (10.498)	Loss 1.7930 (1.9485)	Acc@1 84.375 (81.602)	Acc@5 94.792 (94.205)	Mem 8809MB
Test: [80/521]	Time 11.681 (10.526)	Loss 2.4512 (1.9379)	Acc@1 78.125 (82.202)	Acc@5 93.750 (94.432)	Mem 8809MB
Test: [90/521]	Time 10.652 (10.518)	Loss 2.2051 (1.9847)	Acc@1 80.208 (81.731)	Acc@5 96.875 (94.277)	Mem 8809MB
Test: [100/521]	Time 11.753 (10.592)	Loss 2.9609 (2.0227)	Acc@1 59.375 (81.126)	Acc@5 84.375 (94.121)	Mem 8809MB
Test: [110/521]	Time 10.166 (10.581)	Loss 2.5332 (2.0552)	Acc@1 75.000 (80.734)	Acc@5 92.708 (94.163)	Mem 8809MB
Test: [120/521]	Time 9.718 (10.586)	Loss 2.3066 (2.0791)	Acc@1 61.458 (80.415)	Acc@5 97.917 (94.155)	Mem 8809MB
Test: [130/521]	Time 7.212 (10.556)	Loss 2.3965 (2.0981)	Acc@1 65.625 (79.898)	Acc@5 92.708 (94.140)	Mem 8809MB
Test: [140/521]	Time 9.582 (10.539)	Loss 2.0723 (2.0962)	Acc@1 87.500 (80.098)	Acc@5 96.875 (94.297)	Mem 8809MB
Test: [150/521]	Time 10.479 (10.542)	Loss 1.8623 (2.1054)	Acc@1 86.458 (79.774)	Acc@5 96.875 (94.212)	Mem 8809MB
Test: [160/521]	Time 13.724 (10.595)	Loss 2.0430 (2.0948)	Acc@1 82.292 (79.904)	Acc@5 94.792 (94.287)	Mem 8809MB
Test: [170/521]	Time 9.925 (10.589)	Loss 1.7344 (2.0924)	Acc@1 85.417 (80.056)	Acc@5 96.875 (94.359)	Mem 8809MB
Test: [180/521]	Time 10.150 (10.574)	Loss 1.8652 (2.0738)	Acc@1 81.250 (80.249)	Acc@5 96.875 (94.423)	Mem 8809MB
Test: [190/521]	Time 8.306 (10.512)	Loss 1.9648 (2.0682)	Acc@1 84.375 (80.208)	Acc@5 89.583 (94.497)	Mem 8809MB
Test: [200/521]	Time 11.061 (10.586)	Loss 1.5557 (2.0642)	Acc@1 72.917 (79.897)	Acc@5 97.917 (94.460)	Mem 8809MB
Test: [210/521]	Time 11.087 (10.634)	Loss 1.8047 (2.0575)	Acc@1 85.417 (79.794)	Acc@5 98.958 (94.446)	Mem 8809MB
Test: [220/521]	Time 9.248 (10.579)	Loss 1.8076 (2.0619)	Acc@1 76.042 (79.402)	Acc@5 90.625 (94.245)	Mem 8809MB
Test: [230/521]	Time 7.797 (10.555)	Loss 2.3203 (2.0693)	Acc@1 69.792 (78.995)	Acc@5 90.625 (94.075)	Mem 8809MB
Test: [240/521]	Time 11.968 (10.598)	Loss 2.2520 (2.0773)	Acc@1 56.250 (78.562)	Acc@5 87.500 (93.901)	Mem 8809MB
Test: [250/521]	Time 10.695 (10.600)	Loss 2.1367 (2.0797)	Acc@1 75.000 (78.245)	Acc@5 90.625 (93.646)	Mem 8809MB
Test: [260/521]	Time 11.607 (10.591)	Loss 2.2715 (2.0889)	Acc@1 68.750 (77.730)	Acc@5 86.458 (93.415)	Mem 8809MB
Test: [270/521]	Time 8.372 (10.584)	Loss 1.8301 (2.0973)	Acc@1 76.042 (77.360)	Acc@5 88.542 (93.246)	Mem 8809MB
Test: [280/521]	Time 11.164 (10.607)	Loss 1.8057 (2.1002)	Acc@1 79.167 (77.098)	Acc@5 96.875 (93.124)	Mem 8809MB
Test: [290/521]	Time 16.294 (10.634)	Loss 2.9805 (2.1017)	Acc@1 59.375 (76.969)	Acc@5 82.292 (93.027)	Mem 8809MB
Test: [300/521]	Time 9.884 (10.624)	Loss 1.4336 (2.0906)	Acc@1 82.292 (77.066)	Acc@5 94.792 (93.030)	Mem 8809MB
Test: [310/521]	Time 13.293 (10.653)	Loss 2.5371 (2.0961)	Acc@1 50.000 (76.815)	Acc@5 84.375 (92.896)	Mem 8809MB
Test: [320/521]	Time 10.936 (10.646)	Loss 1.8164 (2.0912)	Acc@1 84.375 (76.885)	Acc@5 92.708 (92.854)	Mem 8809MB
Test: [330/521]	Time 11.891 (10.630)	Loss 2.6289 (2.1033)	Acc@1 62.500 (76.441)	Acc@5 82.292 (92.655)	Mem 8809MB
Test: [340/521]	Time 5.754 (10.646)	Loss 2.4062 (2.1075)	Acc@1 75.000 (76.252)	Acc@5 88.542 (92.583)	Mem 8809MB
Test: [350/521]	Time 7.761 (10.599)	Loss 2.4219 (2.1113)	Acc@1 66.667 (75.991)	Acc@5 93.750 (92.530)	Mem 8809MB
Test: [360/521]	Time 12.625 (10.589)	Loss 2.5332 (2.1165)	Acc@1 55.208 (75.768)	Acc@5 85.417 (92.443)	Mem 8809MB
Test: [370/521]	Time 9.787 (10.577)	Loss 2.5176 (2.1174)	Acc@1 66.667 (75.775)	Acc@5 90.625 (92.405)	Mem 8809MB
Test: [380/521]	Time 12.935 (10.590)	Loss 2.7578 (2.1157)	Acc@1 60.417 (75.744)	Acc@5 83.333 (92.342)	Mem 8809MB
Test: [390/521]	Time 11.057 (10.558)	Loss 2.5215 (2.1181)	Acc@1 65.625 (75.546)	Acc@5 89.583 (92.221)	Mem 8809MB
Test: [400/521]	Time 10.565 (10.528)	Loss 1.8320 (2.1183)	Acc@1 79.167 (75.444)	Acc@5 89.583 (92.150)	Mem 8809MB
Test: [410/521]	Time 12.594 (10.538)	Loss 1.8418 (2.1190)	Acc@1 77.083 (75.390)	Acc@5 91.667 (92.095)	Mem 8809MB
Test: [420/521]	Time 11.465 (10.521)	Loss 2.2871 (2.1207)	Acc@1 70.833 (75.346)	Acc@5 86.458 (92.048)	Mem 8809MB
Test: [430/521]	Time 10.342 (10.534)	Loss 2.5664 (2.1219)	Acc@1 64.583 (75.254)	Acc@5 92.708 (92.046)	Mem 8809MB
Test: [440/521]	Time 10.844 (10.532)	Loss 2.8164 (2.1332)	Acc@1 63.542 (74.979)	Acc@5 82.292 (91.896)	Mem 8809MB
Test: [450/521]	Time 9.937 (10.513)	Loss 2.1484 (2.1328)	Acc@1 71.875 (74.961)	Acc@5 90.625 (91.886)	Mem 8809MB
Test: [460/521]	Time 9.809 (10.507)	Loss 2.8789 (2.1339)	Acc@1 52.083 (74.946)	Acc@5 76.042 (91.866)	Mem 8809MB
Test: [470/521]	Time 10.393 (10.508)	Loss 1.9453 (2.1344)	Acc@1 79.167 (74.867)	Acc@5 91.667 (91.833)	Mem 8809MB
Test: [480/521]	Time 9.376 (10.494)	Loss 2.0020 (2.1354)	Acc@1 79.167 (74.812)	Acc@5 93.750 (91.842)	Mem 8809MB
Test: [490/521]	Time 9.546 (10.480)	Loss 1.4717 (2.1289)	Acc@1 88.542 (74.879)	Acc@5 97.917 (91.898)	Mem 8809MB
Test: [500/521]	Time 11.172 (10.480)	Loss 2.3633 (2.1234)	Acc@1 62.500 (74.994)	Acc@5 86.458 (91.964)	Mem 8809MB
Test: [510/521]	Time 9.531 (10.442)	Loss 2.6074 (2.1306)	Acc@1 72.917 (74.851)	Acc@5 91.667 (91.926)	Mem 8809MB
Test: [520/521]	Time 10.044 (10.451)	Loss 2.8418 (2.1222)	Acc@1 46.988 (75.006)	Acc@5 78.313 (91.958)	Mem 8809MB
 * Acc@1 75.006 Acc@5 91.958
01/17 16:05:26 - mmengine - INFO - Because batch augmentations are enabled, the data preprocessor automatically enables the `to_onehot` option to generate one-hot format labels.
01/17 16:05:27 - mmengine - INFO - Loads checkpoint by http backend from path: https://download.openmmlab.com/mmclassification/v0/convnext/convnext-small_32xb128_in1k_20221207-4ab7052c.pth
starting loop: img_size 1024; len(dataset) 50003
Test: [0/695]	Time 13.185 (13.185)	Loss 2.0273 (2.0273)	Acc@1 91.667 (91.667)	Acc@5 97.222 (97.222)	Mem 11617MB
Test: [10/695]	Time 10.639 (11.685)	Loss 2.6699 (2.6713)	Acc@1 86.111 (73.737)	Acc@5 94.444 (92.298)	Mem 11617MB
Test: [20/695]	Time 11.897 (11.994)	Loss 2.4609 (2.5658)	Acc@1 81.944 (76.521)	Acc@5 94.444 (93.056)	Mem 11617MB
Test: [30/695]	Time 12.290 (12.246)	Loss 2.4531 (2.6698)	Acc@1 80.556 (72.267)	Acc@5 88.889 (90.771)	Mem 11617MB
Test: [40/695]	Time 10.015 (12.205)	Loss 3.2754 (2.7427)	Acc@1 55.556 (69.715)	Acc@5 72.222 (88.347)	Mem 11617MB
Test: [50/695]	Time 13.777 (12.063)	Loss 2.5195 (2.7403)	Acc@1 62.500 (69.036)	Acc@5 94.444 (88.426)	Mem 11617MB
Test: [60/695]	Time 12.559 (11.986)	Loss 2.2441 (2.7171)	Acc@1 77.778 (69.103)	Acc@5 93.056 (88.593)	Mem 11617MB
Test: [70/695]	Time 6.879 (11.830)	Loss 2.3125 (2.6637)	Acc@1 79.167 (70.755)	Acc@5 97.222 (89.261)	Mem 11617MB
Test: [80/695]	Time 11.355 (11.827)	Loss 1.9395 (2.6304)	Acc@1 88.889 (71.228)	Acc@5 97.222 (89.249)	Mem 11617MB
Test: [90/695]	Time 12.921 (11.841)	Loss 2.1797 (2.6283)	Acc@1 90.278 (71.306)	Acc@5 97.222 (89.087)	Mem 11617MB
Test: [100/695]	Time 11.573 (11.846)	Loss 2.2090 (2.6208)	Acc@1 83.333 (71.975)	Acc@5 95.833 (89.480)	Mem 11617MB
Test: [110/695]	Time 10.983 (11.789)	Loss 3.3984 (2.6367)	Acc@1 52.778 (71.909)	Acc@5 88.889 (89.752)	Mem 11617MB
Test: [120/695]	Time 11.336 (11.780)	Loss 3.2090 (2.6809)	Acc@1 55.556 (71.270)	Acc@5 90.278 (89.543)	Mem 11617MB
Test: [130/695]	Time 12.324 (11.751)	Loss 3.5723 (2.7192)	Acc@1 56.944 (70.897)	Acc@5 77.778 (89.260)	Mem 11617MB
Test: [140/695]	Time 12.030 (11.714)	Loss 3.5273 (2.7676)	Acc@1 45.833 (69.947)	Acc@5 75.000 (88.810)	Mem 11617MB
Test: [150/695]	Time 13.674 (11.756)	Loss 2.6016 (2.8004)	Acc@1 94.444 (69.757)	Acc@5 95.833 (88.687)	Mem 11617MB
Test: [160/695]	Time 9.041 (11.777)	Loss 3.3926 (2.8338)	Acc@1 51.389 (69.151)	Acc@5 86.111 (88.371)	Mem 11617MB
Test: [170/695]	Time 11.164 (11.743)	Loss 3.2578 (2.8619)	Acc@1 62.500 (68.519)	Acc@5 87.500 (88.117)	Mem 11617MB
Test: [180/695]	Time 12.256 (11.696)	Loss 2.9336 (2.8769)	Acc@1 83.333 (68.293)	Acc@5 93.056 (87.999)	Mem 11617MB
Test: [190/695]	Time 12.349 (11.700)	Loss 2.4707 (2.8858)	Acc@1 80.556 (68.099)	Acc@5 94.444 (88.074)	Mem 11617MB
Test: [200/695]	Time 13.584 (11.726)	Loss 2.6094 (2.8903)	Acc@1 79.167 (68.056)	Acc@5 100.000 (88.177)	Mem 11617MB
Test: [210/695]	Time 11.705 (11.700)	Loss 2.7363 (2.8764)	Acc@1 61.111 (68.293)	Acc@5 94.444 (88.395)	Mem 11617MB
Test: [220/695]	Time 11.076 (11.724)	Loss 2.6172 (2.8785)	Acc@1 73.611 (68.232)	Acc@5 91.667 (88.374)	Mem 11617MB
Test: [230/695]	Time 8.941 (11.765)	Loss 2.7285 (2.8672)	Acc@1 79.167 (68.579)	Acc@5 98.611 (88.552)	Mem 11617MB
Test: [240/695]	Time 12.966 (11.794)	Loss 3.1309 (2.8484)	Acc@1 44.444 (68.666)	Acc@5 81.944 (88.716)	Mem 11617MB
Test: [250/695]	Time 10.126 (11.801)	Loss 3.2637 (2.8419)	Acc@1 54.167 (68.625)	Acc@5 80.556 (88.856)	Mem 11617MB
Test: [260/695]	Time 12.580 (11.798)	Loss 2.7461 (2.8380)	Acc@1 65.278 (68.715)	Acc@5 90.278 (88.820)	Mem 11617MB
Test: [270/695]	Time 11.057 (11.789)	Loss 2.2578 (2.8273)	Acc@1 90.278 (68.614)	Acc@5 90.278 (88.848)	Mem 11617MB
Test: [280/695]	Time 12.733 (11.759)	Loss 2.6426 (2.8231)	Acc@1 65.278 (68.565)	Acc@5 93.056 (88.795)	Mem 11617MB
Test: [290/695]	Time 11.859 (11.773)	Loss 2.7305 (2.8288)	Acc@1 79.167 (68.275)	Acc@5 97.222 (88.536)	Mem 11617MB
Test: [300/695]	Time 11.741 (11.786)	Loss 3.4434 (2.8317)	Acc@1 44.444 (68.116)	Acc@5 77.778 (88.441)	Mem 11617MB
Test: [310/695]	Time 8.168 (11.742)	Loss 3.0938 (2.8466)	Acc@1 52.778 (67.587)	Acc@5 84.722 (88.063)	Mem 11617MB
Test: [320/695]	Time 12.282 (11.721)	Loss 2.8750 (2.8531)	Acc@1 51.389 (67.251)	Acc@5 77.778 (87.855)	Mem 11617MB
Test: [330/695]	Time 9.205 (11.733)	Loss 2.0293 (2.8566)	Acc@1 83.333 (67.061)	Acc@5 91.667 (87.630)	Mem 11617MB
Test: [340/695]	Time 11.033 (11.704)	Loss 2.6777 (2.8628)	Acc@1 59.722 (66.659)	Acc@5 84.722 (87.423)	Mem 11617MB
Test: [350/695]	Time 9.423 (11.699)	Loss 3.8906 (2.8731)	Acc@1 41.667 (66.271)	Acc@5 72.222 (87.160)	Mem 11617MB
Test: [360/695]	Time 13.961 (11.702)	Loss 2.6289 (2.8792)	Acc@1 72.222 (65.970)	Acc@5 81.944 (86.977)	Mem 11617MB
Test: [370/695]	Time 13.460 (11.680)	Loss 1.8477 (2.8865)	Acc@1 77.778 (65.615)	Acc@5 93.056 (86.733)	Mem 11617MB
Test: [380/695]	Time 12.173 (11.698)	Loss 2.2305 (2.8820)	Acc@1 61.111 (65.544)	Acc@5 93.056 (86.636)	Mem 11617MB
Test: [390/695]	Time 11.227 (11.681)	Loss 2.9570 (2.8840)	Acc@1 62.500 (65.462)	Acc@5 84.722 (86.527)	Mem 11617MB
Test: [400/695]	Time 11.380 (11.684)	Loss 1.9678 (2.8793)	Acc@1 80.556 (65.479)	Acc@5 94.444 (86.482)	Mem 11617MB
Test: [410/695]	Time 13.782 (11.695)	Loss 2.7266 (2.8852)	Acc@1 69.444 (65.244)	Acc@5 88.889 (86.300)	Mem 11617MB
Test: [420/695]	Time 10.635 (11.687)	Loss 2.8301 (2.8872)	Acc@1 72.222 (65.133)	Acc@5 84.722 (86.213)	Mem 11617MB
Test: [430/695]	Time 12.811 (11.714)	Loss 3.8203 (2.8880)	Acc@1 22.222 (65.049)	Acc@5 69.444 (86.101)	Mem 11617MB
Test: [440/695]	Time 9.597 (11.712)	Loss 3.2285 (2.8934)	Acc@1 44.444 (64.824)	Acc@5 77.778 (85.988)	Mem 11617MB
Test: [450/695]	Time 6.059 (11.695)	Loss 3.3691 (2.8952)	Acc@1 55.556 (64.708)	Acc@5 83.333 (85.877)	Mem 11617MB
Test: [460/695]	Time 9.663 (11.693)	Loss 3.0273 (2.9017)	Acc@1 62.500 (64.494)	Acc@5 88.889 (85.765)	Mem 11617MB
Test: [470/695]	Time 11.858 (11.679)	Loss 3.2617 (2.9060)	Acc@1 56.944 (64.302)	Acc@5 83.333 (85.704)	Mem 11617MB
Test: [480/695]	Time 10.490 (11.676)	Loss 3.3477 (2.9070)	Acc@1 48.611 (64.241)	Acc@5 77.778 (85.684)	Mem 11617MB
Test: [490/695]	Time 11.463 (11.669)	Loss 2.7383 (2.9077)	Acc@1 69.444 (64.214)	Acc@5 87.500 (85.605)	Mem 11617MB
Test: [500/695]	Time 11.202 (11.674)	Loss 2.6016 (2.9072)	Acc@1 73.611 (64.247)	Acc@5 88.889 (85.607)	Mem 11617MB
Test: [510/695]	Time 12.543 (11.654)	Loss 3.1191 (2.9089)	Acc@1 51.389 (64.134)	Acc@5 77.778 (85.456)	Mem 11617MB
Test: [520/695]	Time 10.123 (11.637)	Loss 3.0781 (2.9075)	Acc@1 54.167 (64.105)	Acc@5 83.333 (85.410)	Mem 11617MB
Test: [530/695]	Time 12.029 (11.643)	Loss 3.2051 (2.9106)	Acc@1 54.167 (63.952)	Acc@5 70.833 (85.319)	Mem 11617MB
Test: [540/695]	Time 10.478 (11.621)	Loss 3.4883 (2.9150)	Acc@1 45.833 (63.856)	Acc@5 72.222 (85.164)	Mem 11617MB
Test: [550/695]	Time 6.701 (11.604)	Loss 3.9531 (2.9152)	Acc@1 40.278 (63.818)	Acc@5 62.500 (85.118)	Mem 11617MB
Test: [560/695]	Time 10.931 (11.599)	Loss 3.0449 (2.9158)	Acc@1 62.500 (63.839)	Acc@5 79.167 (85.071)	Mem 11617MB
Test: [570/695]	Time 11.053 (11.614)	Loss 2.4473 (2.9135)	Acc@1 84.722 (63.792)	Acc@5 94.444 (85.114)	Mem 11617MB
Test: [580/695]	Time 9.102 (11.610)	Loss 3.7910 (2.9180)	Acc@1 43.056 (63.676)	Acc@5 76.389 (85.047)	Mem 11617MB
Test: [590/695]	Time 13.425 (11.620)	Loss 3.2363 (2.9268)	Acc@1 52.778 (63.445)	Acc@5 81.944 (84.917)	Mem 11617MB
Test: [600/695]	Time 12.590 (11.623)	Loss 3.1445 (2.9243)	Acc@1 52.778 (63.515)	Acc@5 79.167 (84.921)	Mem 11617MB
Test: [610/695]	Time 12.495 (11.613)	Loss 2.5293 (2.9243)	Acc@1 70.833 (63.539)	Acc@5 83.333 (84.900)	Mem 11617MB
Test: [620/695]	Time 13.898 (11.607)	Loss 2.9023 (2.9266)	Acc@1 61.111 (63.453)	Acc@5 83.333 (84.798)	Mem 11617MB
Test: [630/695]	Time 8.929 (11.613)	Loss 3.5352 (2.9299)	Acc@1 40.278 (63.365)	Acc@5 76.389 (84.735)	Mem 11617MB
Test: [640/695]	Time 13.574 (11.612)	Loss 2.7227 (2.9284)	Acc@1 70.833 (63.360)	Acc@5 87.500 (84.763)	Mem 11617MB
Test: [650/695]	Time 8.195 (11.594)	Loss 2.1152 (2.9236)	Acc@1 83.333 (63.449)	Acc@5 91.667 (84.842)	Mem 11617MB
Test: [660/695]	Time 8.778 (11.577)	Loss 2.6367 (2.9152)	Acc@1 68.056 (63.603)	Acc@5 91.667 (84.968)	Mem 11617MB
Test: [670/695]	Time 7.325 (11.568)	Loss 2.8184 (2.9102)	Acc@1 76.389 (63.785)	Acc@5 91.667 (85.039)	Mem 11617MB
Test: [680/695]	Time 13.294 (11.575)	Loss 3.3496 (2.9170)	Acc@1 54.167 (63.618)	Acc@5 76.389 (84.967)	Mem 11617MB
Test: [690/695]	Time 14.315 (11.578)	Loss 2.0449 (2.9074)	Acc@1 90.278 (63.849)	Acc@5 95.833 (85.064)	Mem 11617MB
 * Acc@1 63.854 Acc@5 85.053
01/17 18:19:30 - mmengine - INFO - Because batch augmentations are enabled, the data preprocessor automatically enables the `to_onehot` option to generate one-hot format labels.
01/17 18:19:31 - mmengine - INFO - Loads checkpoint by http backend from path: https://download.openmmlab.com/mmclassification/v0/convnext/convnext-small_32xb128_in1k_20221207-4ab7052c.pth
starting loop: img_size 1120; len(dataset) 50003
Test: [0/834]	Time 10.641 (10.641)	Loss 2.1035 (2.1035)	Acc@1 91.667 (91.667)	Acc@5 95.000 (95.000)	Mem 11617MB
Test: [10/834]	Time 9.746 (10.439)	Loss 3.1836 (2.9616)	Acc@1 71.667 (65.000)	Acc@5 93.333 (86.818)	Mem 11617MB
Test: [20/834]	Time 9.253 (10.221)	Loss 2.3105 (2.8607)	Acc@1 85.000 (68.492)	Acc@5 93.333 (89.048)	Mem 11617MB
Test: [30/834]	Time 11.796 (10.616)	Loss 3.0449 (2.9243)	Acc@1 51.667 (66.183)	Acc@5 88.333 (87.581)	Mem 11617MB
Test: [40/834]	Time 13.362 (10.543)	Loss 2.7969 (2.9725)	Acc@1 73.333 (64.878)	Acc@5 86.667 (86.179)	Mem 11617MB
Test: [50/834]	Time 10.106 (10.554)	Loss 3.7695 (3.0290)	Acc@1 23.333 (62.418)	Acc@5 73.333 (84.444)	Mem 11617MB
Test: [60/834]	Time 13.897 (10.753)	Loss 2.7324 (2.9967)	Acc@1 43.333 (62.432)	Acc@5 93.333 (85.219)	Mem 11617MB
Test: [70/834]	Time 10.828 (10.796)	Loss 2.7031 (2.9746)	Acc@1 73.333 (62.606)	Acc@5 80.000 (85.211)	Mem 11617MB
Test: [80/834]	Time 12.429 (10.722)	Loss 2.8086 (2.9327)	Acc@1 68.333 (64.527)	Acc@5 85.000 (85.802)	Mem 11617MB
Test: [90/834]	Time 11.353 (10.718)	Loss 2.9141 (2.9158)	Acc@1 48.333 (64.853)	Acc@5 85.000 (85.696)	Mem 11617MB
Test: [100/834]	Time 15.494 (10.790)	Loss 2.6367 (2.8784)	Acc@1 70.000 (65.693)	Acc@5 83.333 (85.941)	Mem 11617MB
Test: [110/834]	Time 11.371 (10.802)	Loss 2.9941 (2.8843)	Acc@1 71.667 (65.796)	Acc@5 93.333 (85.961)	Mem 11617MB
Test: [120/834]	Time 8.475 (10.685)	Loss 2.5742 (2.8786)	Acc@1 75.000 (66.391)	Acc@5 93.333 (86.364)	Mem 11617MB
Test: [130/834]	Time 10.542 (10.623)	Loss 3.4102 (2.8838)	Acc@1 75.000 (66.616)	Acc@5 95.000 (86.629)	Mem 11617MB
Test: [140/834]	Time 12.025 (10.630)	Loss 2.8457 (2.9230)	Acc@1 85.000 (66.123)	Acc@5 96.667 (86.513)	Mem 11617MB
Test: [150/834]	Time 11.293 (10.653)	Loss 3.4863 (2.9464)	Acc@1 50.000 (65.938)	Acc@5 85.000 (86.446)	Mem 11617MB
Test: [160/834]	Time 9.504 (10.685)	Loss 4.3125 (2.9975)	Acc@1 31.667 (65.083)	Acc@5 60.000 (85.849)	Mem 11617MB
Test: [170/834]	Time 10.220 (10.656)	Loss 4.0703 (3.0390)	Acc@1 35.000 (64.162)	Acc@5 73.333 (85.448)	Mem 11617MB
Test: [180/834]	Time 11.889 (10.623)	Loss 2.8789 (3.0659)	Acc@1 91.667 (64.015)	Acc@5 96.667 (85.295)	Mem 11617MB
Test: [190/834]	Time 11.991 (10.625)	Loss 3.1934 (3.0934)	Acc@1 68.333 (63.595)	Acc@5 81.667 (85.000)	Mem 11617MB
Test: [200/834]	Time 8.942 (10.548)	Loss 3.9199 (3.1282)	Acc@1 28.333 (62.711)	Acc@5 86.667 (84.643)	Mem 11617MB
Test: [210/834]	Time 9.713 (10.544)	Loss 2.7324 (3.1431)	Acc@1 88.333 (62.536)	Acc@5 95.000 (84.510)	Mem 11617MB
Test: [220/834]	Time 11.822 (10.534)	Loss 3.5879 (3.1552)	Acc@1 53.333 (62.481)	Acc@5 81.667 (84.480)	Mem 11617MB
Test: [230/834]	Time 10.603 (10.523)	Loss 3.3359 (3.1593)	Acc@1 65.000 (62.453)	Acc@5 83.333 (84.524)	Mem 11617MB
Test: [240/834]	Time 6.049 (10.474)	Loss 2.7773 (3.1644)	Acc@1 75.000 (62.310)	Acc@5 100.000 (84.640)	Mem 11617MB
Test: [250/834]	Time 10.340 (10.462)	Loss 2.5078 (3.1518)	Acc@1 73.333 (62.610)	Acc@5 91.667 (84.821)	Mem 11617MB
Test: [260/834]	Time 10.497 (10.388)	Loss 3.3789 (3.1497)	Acc@1 53.333 (62.612)	Acc@5 86.667 (84.904)	Mem 11617MB
Test: [270/834]	Time 10.031 (10.397)	Loss 2.4648 (3.1426)	Acc@1 88.333 (62.977)	Acc@5 100.000 (85.062)	Mem 11617MB
Test: [280/834]	Time 11.035 (10.400)	Loss 3.2969 (3.1312)	Acc@1 53.333 (63.209)	Acc@5 85.000 (85.154)	Mem 11617MB
Test: [290/834]	Time 8.247 (10.329)	Loss 3.7598 (3.1238)	Acc@1 30.000 (63.001)	Acc@5 68.333 (85.143)	Mem 11617MB
Test: [300/834]	Time 10.317 (10.298)	Loss 3.6875 (3.1149)	Acc@1 43.333 (63.051)	Acc@5 73.333 (85.338)	Mem 11617MB
Test: [310/834]	Time 11.785 (10.319)	Loss 3.1836 (3.1091)	Acc@1 63.333 (63.226)	Acc@5 83.333 (85.348)	Mem 11617MB
Test: [320/834]	Time 11.483 (10.327)	Loss 1.9678 (3.1010)	Acc@1 76.667 (63.204)	Acc@5 95.000 (85.395)	Mem 11617MB
Test: [330/834]	Time 11.864 (10.362)	Loss 2.6270 (3.0934)	Acc@1 71.667 (63.152)	Acc@5 86.667 (85.398)	Mem 11617MB
Test: [340/834]	Time 10.541 (10.349)	Loss 3.2891 (3.0911)	Acc@1 53.333 (63.109)	Acc@5 80.000 (85.420)	Mem 11617MB
Test: [350/834]	Time 9.598 (10.345)	Loss 3.7812 (3.1025)	Acc@1 53.333 (62.835)	Acc@5 75.000 (85.142)	Mem 11617MB
Test: [360/834]	Time 11.503 (10.360)	Loss 3.5469 (3.1034)	Acc@1 41.667 (62.696)	Acc@5 76.667 (85.028)	Mem 11617MB
Test: [370/834]	Time 10.553 (10.363)	Loss 3.4688 (3.1150)	Acc@1 65.000 (62.367)	Acc@5 75.000 (84.695)	Mem 11617MB
Test: [380/834]	Time 9.921 (10.348)	Loss 3.6289 (3.1232)	Acc@1 43.333 (62.017)	Acc@5 76.667 (84.462)	Mem 11617MB
Test: [390/834]	Time 6.707 (10.351)	Loss 2.9902 (3.1282)	Acc@1 58.333 (61.752)	Acc@5 78.333 (84.203)	Mem 11617MB
Test: [400/834]	Time 6.059 (10.309)	Loss 3.4688 (3.1328)	Acc@1 55.000 (61.584)	Acc@5 78.333 (84.007)	Mem 11617MB
Test: [410/834]	Time 9.324 (10.289)	Loss 3.8105 (3.1371)	Acc@1 40.000 (61.314)	Acc@5 58.333 (83.852)	Mem 11617MB
Test: [420/834]	Time 9.999 (10.284)	Loss 4.1484 (3.1473)	Acc@1 36.667 (60.946)	Acc@5 63.333 (83.630)	Mem 11617MB
Test: [430/834]	Time 10.591 (10.266)	Loss 4.0742 (3.1555)	Acc@1 40.000 (60.611)	Acc@5 68.333 (83.384)	Mem 11617MB
Test: [440/834]	Time 10.176 (10.279)	Loss 3.2168 (3.1612)	Acc@1 60.000 (60.325)	Acc@5 81.667 (83.201)	Mem 11617MB
Test: [450/834]	Time 10.787 (10.271)	Loss 2.4336 (3.1581)	Acc@1 76.667 (60.373)	Acc@5 90.000 (83.126)	Mem 11617MB
Test: [460/834]	Time 10.491 (10.279)	Loss 3.5586 (3.1615)	Acc@1 60.000 (60.155)	Acc@5 78.333 (82.961)	Mem 11617MB
Test: [470/834]	Time 10.956 (10.278)	Loss 3.2188 (3.1617)	Acc@1 51.667 (60.050)	Acc@5 75.000 (82.887)	Mem 11617MB
Test: [480/834]	Time 11.046 (10.288)	Loss 2.1660 (3.1579)	Acc@1 81.667 (60.125)	Acc@5 91.667 (82.838)	Mem 11617MB
Test: [490/834]	Time 7.088 (10.276)	Loss 2.5391 (3.1632)	Acc@1 73.333 (59.827)	Acc@5 88.333 (82.671)	Mem 11617MB
Test: [500/834]	Time 11.016 (10.267)	Loss 4.0312 (3.1652)	Acc@1 36.667 (59.734)	Acc@5 63.333 (82.595)	Mem 11617MB
Test: [510/834]	Time 9.697 (10.233)	Loss 2.4121 (3.1624)	Acc@1 81.667 (59.827)	Acc@5 90.000 (82.573)	Mem 11617MB
Test: [520/834]	Time 7.326 (10.190)	Loss 3.5469 (3.1714)	Acc@1 45.000 (59.501)	Acc@5 75.000 (82.316)	Mem 11617MB
Test: [530/834]	Time 9.850 (10.153)	Loss 3.0195 (3.1724)	Acc@1 55.000 (59.432)	Acc@5 80.000 (82.298)	Mem 11617MB
Test: [540/834]	Time 7.693 (10.104)	Loss 3.6406 (3.1732)	Acc@1 50.000 (59.409)	Acc@5 78.333 (82.184)	Mem 11617MB
Test: [550/834]	Time 7.791 (10.061)	Loss 2.8379 (3.1812)	Acc@1 71.667 (59.195)	Acc@5 93.333 (82.024)	Mem 11617MB
Test: [560/834]	Time 10.235 (10.033)	Loss 2.8867 (3.1828)	Acc@1 76.667 (59.124)	Acc@5 86.667 (81.982)	Mem 11617MB
Test: [570/834]	Time 7.282 (9.991)	Loss 2.4883 (3.1856)	Acc@1 86.667 (59.083)	Acc@5 93.333 (81.976)	Mem 11617MB
Test: [580/834]	Time 5.441 (9.919)	Loss 3.4863 (3.1850)	Acc@1 55.000 (59.002)	Acc@5 70.000 (81.888)	Mem 11617MB
Test: [590/834]	Time 5.343 (9.852)	Loss 3.2402 (3.1863)	Acc@1 60.000 (59.021)	Acc@5 85.000 (81.836)	Mem 11617MB
Test: [600/834]	Time 4.613 (9.786)	Loss 2.8242 (3.1860)	Acc@1 73.333 (59.010)	Acc@5 86.667 (81.822)	Mem 11617MB
Test: [610/834]	Time 5.561 (9.712)	Loss 3.4297 (3.1859)	Acc@1 58.333 (58.983)	Acc@5 71.667 (81.732)	Mem 11617MB
Test: [620/834]	Time 7.388 (9.656)	Loss 3.5625 (3.1860)	Acc@1 51.667 (58.948)	Acc@5 83.333 (81.651)	Mem 11617MB
Test: [630/834]	Time 5.553 (9.592)	Loss 3.4062 (3.1865)	Acc@1 60.000 (58.870)	Acc@5 75.000 (81.616)	Mem 11617MB
Test: [640/834]	Time 4.867 (9.525)	Loss 2.7598 (3.1896)	Acc@1 66.667 (58.814)	Acc@5 81.667 (81.482)	Mem 11617MB
Test: [650/834]	Time 7.303 (9.468)	Loss 3.2910 (3.1940)	Acc@1 41.667 (58.707)	Acc@5 83.333 (81.380)	Mem 11617MB
Test: [660/834]	Time 6.343 (9.414)	Loss 4.1875 (3.1945)	Acc@1 33.333 (58.679)	Acc@5 58.333 (81.334)	Mem 11617MB
Test: [670/834]	Time 6.672 (9.357)	Loss 3.4609 (3.1947)	Acc@1 65.000 (58.728)	Acc@5 88.333 (81.279)	Mem 11617MB
Test: [680/834]	Time 4.981 (9.306)	Loss 2.7793 (3.1938)	Acc@1 73.333 (58.664)	Acc@5 83.333 (81.265)	Mem 11617MB
Test: [690/834]	Time 5.870 (9.255)	Loss 3.6719 (3.1936)	Acc@1 48.333 (58.673)	Acc@5 68.333 (81.259)	Mem 11617MB
Test: [700/834]	Time 5.567 (9.195)	Loss 3.1094 (3.2005)	Acc@1 53.333 (58.462)	Acc@5 78.333 (81.136)	Mem 11617MB
Test: [710/834]	Time 5.044 (9.133)	Loss 2.7617 (3.2059)	Acc@1 73.333 (58.340)	Acc@5 83.333 (81.043)	Mem 11617MB
Test: [720/834]	Time 4.499 (9.076)	Loss 3.8008 (3.2033)	Acc@1 35.000 (58.398)	Acc@5 71.667 (81.052)	Mem 11617MB
Test: [730/834]	Time 4.924 (9.026)	Loss 4.5625 (3.2049)	Acc@1 20.000 (58.377)	Acc@5 45.000 (81.024)	Mem 11617MB
Test: [740/834]	Time 6.141 (8.971)	Loss 3.5566 (3.2066)	Acc@1 65.000 (58.309)	Acc@5 78.333 (80.911)	Mem 11617MB
Test: [750/834]	Time 5.536 (8.921)	Loss 2.9902 (3.2101)	Acc@1 73.333 (58.202)	Acc@5 88.333 (80.843)	Mem 11617MB
Test: [760/834]	Time 4.756 (8.869)	Loss 2.4668 (3.2101)	Acc@1 83.333 (58.141)	Acc@5 93.333 (80.830)	Mem 11617MB
Test: [770/834]	Time 4.596 (8.816)	Loss 2.9551 (3.2075)	Acc@1 63.333 (58.195)	Acc@5 85.000 (80.847)	Mem 11617MB
Test: [780/834]	Time 4.816 (8.764)	Loss 2.3555 (3.2029)	Acc@1 78.333 (58.314)	Acc@5 88.333 (80.930)	Mem 11617MB
Test: [790/834]	Time 5.200 (8.715)	Loss 2.6738 (3.1944)	Acc@1 75.000 (58.487)	Acc@5 91.667 (81.077)	Mem 11617MB
Test: [800/834]	Time 4.632 (8.668)	Loss 2.7344 (3.1882)	Acc@1 70.000 (58.700)	Acc@5 90.000 (81.182)	Mem 11617MB
Test: [810/834]	Time 4.908 (8.621)	Loss 3.8164 (3.1913)	Acc@1 28.333 (58.609)	Acc@5 71.667 (81.151)	Mem 11617MB
Test: [820/834]	Time 5.233 (8.576)	Loss 2.4492 (3.1944)	Acc@1 90.000 (58.540)	Acc@5 93.333 (81.086)	Mem 11617MB
Test: [830/834]	Time 5.164 (8.531)	Loss 2.0059 (3.1809)	Acc@1 85.000 (58.845)	Acc@5 91.667 (81.252)	Mem 11617MB
 * Acc@1 58.790 Acc@5 81.207
