[W socket.cpp:426] [c10d] The server socket has failed to bind to [::]:61234 (errno: 98 - Address already in use).
[W socket.cpp:426] [c10d] The server socket has failed to bind to ?UNKNOWN? (errno: 98 - Address already in use).
[E socket.cpp:462] [c10d] The server socket has failed to listen on any local network address.
The server socket has failed to listen on any local network address. The server socket has failed to bind to [::]:61234 (errno: 98 - Address already in use). The server socket has failed to bind to ?UNKNOWN? (errno: 98 - Address already in use).
[W socket.cpp:426] [c10d] The server socket has failed to bind to [::]:61233 (errno: 98 - Address already in use).
[W socket.cpp:426] [c10d] The server socket has failed to bind to ?UNKNOWN? (errno: 98 - Address already in use).
[E socket.cpp:462] [c10d] The server socket has failed to listen on any local network address.
The server socket has failed to listen on any local network address. The server socket has failed to bind to [::]:61233 (errno: 98 - Address already in use). The server socket has failed to bind to ?UNKNOWN? (errno: 98 - Address already in use).
[W socket.cpp:426] [c10d] The server socket has failed to bind to [::]:61232 (errno: 98 - Address already in use).
[W socket.cpp:426] [c10d] The server socket has failed to bind to ?UNKNOWN? (errno: 98 - Address already in use).
[E socket.cpp:462] [c10d] The server socket has failed to listen on any local network address.
The server socket has failed to listen on any local network address. The server socket has failed to bind to [::]:61232 (errno: 98 - Address already in use). The server socket has failed to bind to ?UNKNOWN? (errno: 98 - Address already in use).
[W socket.cpp:426] [c10d] The server socket has failed to bind to [::]:61231 (errno: 98 - Address already in use).
[W socket.cpp:426] [c10d] The server socket has failed to bind to ?UNKNOWN? (errno: 98 - Address already in use).
[E socket.cpp:462] [c10d] The server socket has failed to listen on any local network address.
The server socket has failed to listen on any local network address. The server socket has failed to bind to [::]:61231 (errno: 98 - Address already in use). The server socket has failed to bind to ?UNKNOWN? (errno: 98 - Address already in use).
using init_deit ======================== 
01/16 21:07:35 - mmengine - INFO - Because batch augmentations are enabled, the data preprocessor automatically enables the `to_onehot` option to generate one-hot format labels.
01/16 21:07:35 - mmengine - INFO - Loads checkpoint by http backend from path: https://download.openmmlab.com/mmclassification/v0/deit/deit-small_pt-4xb256_in1k_20220218-9425b9bb.pth
starting loop: img_size 224; len(dataset) 50003
Test: [0/391]	Time 6.606 (6.606)	Loss 0.3579 (0.3579)	Acc@1 95.312 (95.312)	Acc@5 99.219 (99.219)	Mem 621MB
Test: [10/391]	Time 6.433 (5.651)	Loss 1.0391 (0.4760)	Acc@1 75.781 (91.051)	Acc@5 96.094 (98.224)	Mem 621MB
Test: [20/391]	Time 4.479 (5.245)	Loss 0.6338 (0.6239)	Acc@1 87.500 (86.384)	Acc@5 95.312 (97.247)	Mem 621MB
Test: [30/391]	Time 8.050 (5.451)	Loss 0.9478 (0.7262)	Acc@1 82.031 (83.443)	Acc@5 92.188 (96.623)	Mem 621MB
Test: [40/391]	Time 6.501 (5.520)	Loss 0.6890 (0.6571)	Acc@1 89.844 (85.595)	Acc@5 92.969 (97.046)	Mem 621MB
Test: [50/391]	Time 6.599 (5.737)	Loss 0.3044 (0.6608)	Acc@1 96.094 (85.999)	Acc@5 99.219 (96.967)	Mem 621MB
Test: [60/391]	Time 6.178 (5.749)	Loss 0.8296 (0.6262)	Acc@1 83.594 (86.975)	Acc@5 95.312 (97.144)	Mem 621MB
Test: [70/391]	Time 6.598 (5.823)	Loss 0.8999 (0.6571)	Acc@1 71.875 (86.103)	Acc@5 96.094 (97.018)	Mem 621MB
Test: [80/391]	Time 6.697 (5.843)	Loss 0.7495 (0.6735)	Acc@1 82.031 (85.610)	Acc@5 94.531 (96.914)	Mem 621MB
Test: [90/391]	Time 5.292 (5.886)	Loss 0.8535 (0.6779)	Acc@1 76.562 (85.534)	Acc@5 96.875 (96.858)	Mem 621MB
Test: [100/391]	Time 5.792 (5.875)	Loss 0.5840 (0.6797)	Acc@1 89.844 (85.234)	Acc@5 96.094 (96.906)	Mem 621MB
Test: [110/391]	Time 6.947 (5.961)	Loss 1.0518 (0.6900)	Acc@1 58.594 (84.840)	Acc@5 99.219 (96.903)	Mem 621MB
Test: [120/391]	Time 6.193 (6.014)	Loss 0.5444 (0.6880)	Acc@1 91.406 (84.995)	Acc@5 96.875 (96.959)	Mem 621MB
Test: [130/391]	Time 4.814 (6.045)	Loss 0.3694 (0.6801)	Acc@1 96.094 (85.252)	Acc@5 98.438 (96.982)	Mem 621MB
Test: [140/391]	Time 7.130 (6.027)	Loss 1.0811 (0.6790)	Acc@1 71.875 (85.140)	Acc@5 98.438 (97.102)	Mem 621MB
Test: [150/391]	Time 9.055 (6.104)	Loss 0.8188 (0.6850)	Acc@1 79.688 (85.099)	Acc@5 96.875 (97.010)	Mem 621MB
Test: [160/391]	Time 7.274 (6.121)	Loss 0.8555 (0.6878)	Acc@1 77.344 (85.011)	Acc@5 96.094 (96.953)	Mem 621MB
Test: [170/391]	Time 5.503 (6.117)	Loss 1.4443 (0.7077)	Acc@1 64.844 (84.462)	Acc@5 90.625 (96.788)	Mem 621MB
Test: [180/391]	Time 6.138 (6.119)	Loss 1.6094 (0.7258)	Acc@1 62.500 (84.043)	Acc@5 89.062 (96.586)	Mem 621MB
Test: [190/391]	Time 5.451 (6.132)	Loss 1.3379 (0.7477)	Acc@1 67.969 (83.491)	Acc@5 92.969 (96.384)	Mem 621MB
Test: [200/391]	Time 5.151 (6.123)	Loss 0.6733 (0.7676)	Acc@1 84.375 (83.077)	Acc@5 96.875 (96.168)	Mem 621MB
Test: [210/391]	Time 6.467 (6.109)	Loss 0.9839 (0.7813)	Acc@1 82.031 (82.735)	Acc@5 92.969 (96.057)	Mem 621MB
Test: [220/391]	Time 7.374 (6.112)	Loss 0.4744 (0.7850)	Acc@1 92.969 (82.703)	Acc@5 97.656 (95.966)	Mem 621MB
Test: [230/391]	Time 7.803 (6.146)	Loss 1.3555 (0.7924)	Acc@1 71.094 (82.576)	Acc@5 87.500 (95.898)	Mem 621MB
Test: [240/391]	Time 6.038 (6.152)	Loss 0.8799 (0.7932)	Acc@1 82.031 (82.647)	Acc@5 91.406 (95.825)	Mem 621MB
Test: [250/391]	Time 5.600 (6.135)	Loss 0.6426 (0.8101)	Acc@1 87.500 (82.165)	Acc@5 96.094 (95.683)	Mem 621MB
Test: [260/391]	Time 6.955 (6.127)	Loss 0.8960 (0.8219)	Acc@1 75.781 (81.834)	Acc@5 95.312 (95.597)	Mem 621MB
Test: [270/391]	Time 6.665 (6.115)	Loss 1.4785 (0.8288)	Acc@1 67.188 (81.680)	Acc@5 89.844 (95.532)	Mem 621MB
Test: [280/391]	Time 6.003 (6.111)	Loss 0.9282 (0.8326)	Acc@1 78.906 (81.578)	Acc@5 96.875 (95.510)	Mem 621MB
Test: [290/391]	Time 5.166 (6.102)	Loss 1.2461 (0.8387)	Acc@1 54.688 (81.414)	Acc@5 95.312 (95.420)	Mem 621MB
Test: [300/391]	Time 5.447 (6.083)	Loss 0.7446 (0.8438)	Acc@1 87.500 (81.364)	Acc@5 94.531 (95.325)	Mem 621MB
Test: [310/391]	Time 4.353 (6.089)	Loss 0.9282 (0.8490)	Acc@1 83.594 (81.253)	Acc@5 92.969 (95.267)	Mem 621MB
Test: [320/391]	Time 5.644 (6.099)	Loss 0.6348 (0.8553)	Acc@1 87.500 (81.133)	Acc@5 96.094 (95.196)	Mem 621MB
Test: [330/391]	Time 5.306 (6.075)	Loss 1.2080 (0.8647)	Acc@1 67.969 (80.889)	Acc@5 91.406 (95.107)	Mem 621MB
Test: [340/391]	Time 4.667 (6.013)	Loss 0.7388 (0.8677)	Acc@1 83.594 (80.835)	Acc@5 97.656 (95.072)	Mem 621MB
Test: [350/391]	Time 3.535 (5.944)	Loss 0.8906 (0.8691)	Acc@1 80.469 (80.791)	Acc@5 93.750 (95.065)	Mem 621MB
Test: [360/391]	Time 3.784 (5.880)	Loss 1.2480 (0.8759)	Acc@1 70.312 (80.614)	Acc@5 94.531 (95.025)	Mem 621MB
Test: [370/391]	Time 4.958 (5.837)	Loss 1.0586 (0.8729)	Acc@1 67.188 (80.662)	Acc@5 96.875 (95.064)	Mem 621MB
Test: [380/391]	Time 3.530 (5.782)	Loss 0.8579 (0.8751)	Acc@1 78.125 (80.635)	Acc@5 96.094 (95.034)	Mem 621MB
Test: [390/391]	Time 2.353 (5.725)	Loss 1.5859 (0.8721)	Acc@1 51.807 (80.685)	Acc@5 90.361 (95.068)	Mem 621MB
 * Acc@1 80.685 Acc@5 95.068
01/16 21:44:55 - mmengine - INFO - Because batch augmentations are enabled, the data preprocessor automatically enables the `to_onehot` option to generate one-hot format labels.
01/16 21:44:55 - mmengine - INFO - Loads checkpoint by http backend from path: https://download.openmmlab.com/mmclassification/v0/deit/deit-small_pt-4xb256_in1k_20220218-9425b9bb.pth
starting loop: img_size 64; len(dataset) 50003
Test: [0/391]	Time 1.548 (1.548)	Loss 6.8164 (6.8164)	Acc@1 2.344 (2.344)	Acc@5 6.250 (6.250)	Mem 621MB
Test: [10/391]	Time 2.051 (1.758)	Loss 8.2266 (7.5604)	Acc@1 0.000 (0.710)	Acc@5 0.000 (3.551)	Mem 621MB
Test: [20/391]	Time 1.609 (1.675)	Loss 7.5156 (7.7294)	Acc@1 0.000 (0.409)	Acc@5 0.781 (2.083)	Mem 621MB
Test: [30/391]	Time 1.852 (1.709)	Loss 7.0898 (7.6064)	Acc@1 1.562 (0.504)	Acc@5 4.688 (2.545)	Mem 621MB
Test: [40/391]	Time 2.052 (1.726)	Loss 7.6758 (7.6490)	Acc@1 0.000 (0.381)	Acc@5 0.000 (2.115)	Mem 621MB
Test: [50/391]	Time 1.492 (1.746)	Loss 7.8203 (7.6566)	Acc@1 0.781 (0.460)	Acc@5 2.344 (2.068)	Mem 621MB
Test: [60/391]	Time 1.294 (1.724)	Loss 8.1641 (7.6594)	Acc@1 0.000 (0.474)	Acc@5 0.000 (2.126)	Mem 621MB
Test: [70/391]	Time 1.246 (1.685)	Loss 8.6641 (7.7760)	Acc@1 0.000 (0.407)	Acc@5 0.000 (1.827)	Mem 621MB
Test: [80/391]	Time 1.303 (1.650)	Loss 8.1719 (7.8453)	Acc@1 0.000 (0.357)	Acc@5 0.000 (1.601)	Mem 621MB
Test: [90/391]	Time 1.783 (1.652)	Loss 8.3594 (7.9027)	Acc@1 0.000 (0.318)	Acc@5 0.000 (1.425)	Mem 621MB
Test: [100/391]	Time 1.202 (1.630)	Loss 8.4375 (7.9532)	Acc@1 0.000 (0.286)	Acc@5 0.781 (1.300)	Mem 621MB
Test: [110/391]	Time 2.047 (1.650)	Loss 7.7148 (7.9679)	Acc@1 0.000 (0.260)	Acc@5 0.000 (1.197)	Mem 621MB
Test: [120/391]	Time 1.736 (1.659)	Loss 7.2539 (7.9496)	Acc@1 0.000 (0.239)	Acc@5 0.000 (1.149)	Mem 621MB
Test: [130/391]	Time 1.109 (1.645)	Loss 7.8906 (7.9178)	Acc@1 0.000 (0.227)	Acc@5 0.781 (1.193)	Mem 621MB
Test: [140/391]	Time 1.341 (1.610)	Loss 8.1875 (7.9250)	Acc@1 0.000 (0.216)	Acc@5 0.000 (1.141)	Mem 621MB
Test: [150/391]	Time 1.895 (1.595)	Loss 7.8789 (7.9328)	Acc@1 0.000 (0.202)	Acc@5 0.000 (1.102)	Mem 621MB
Test: [160/391]	Time 1.393 (1.574)	Loss 6.4531 (7.8826)	Acc@1 1.562 (0.247)	Acc@5 3.906 (1.286)	Mem 621MB
Test: [170/391]	Time 1.150 (1.550)	Loss 6.8906 (7.8232)	Acc@1 1.562 (0.292)	Acc@5 6.250 (1.690)	Mem 621MB
Test: [180/391]	Time 1.164 (1.530)	Loss 6.0000 (7.7685)	Acc@1 0.781 (0.341)	Acc@5 9.375 (1.891)	Mem 621MB
Test: [190/391]	Time 0.970 (1.516)	Loss 6.7891 (7.7293)	Acc@1 0.000 (0.344)	Acc@5 3.906 (1.935)	Mem 621MB
Test: [200/391]	Time 1.031 (1.496)	Loss 7.2344 (7.6708)	Acc@1 0.000 (0.404)	Acc@5 1.562 (2.212)	Mem 621MB
Test: [210/391]	Time 1.167 (1.486)	Loss 6.1836 (7.6261)	Acc@1 2.344 (0.452)	Acc@5 10.156 (2.381)	Mem 621MB
Test: [220/391]	Time 1.279 (1.475)	Loss 6.6875 (7.5799)	Acc@1 2.344 (0.548)	Acc@5 6.250 (2.637)	Mem 621MB
Test: [230/391]	Time 1.344 (1.465)	Loss 6.1797 (7.5566)	Acc@1 1.562 (0.565)	Acc@5 7.812 (2.780)	Mem 621MB
Test: [240/391]	Time 1.188 (1.457)	Loss 7.6758 (7.5322)	Acc@1 1.562 (0.609)	Acc@5 2.344 (2.866)	Mem 621MB
Test: [250/391]	Time 1.067 (1.443)	Loss 5.4414 (7.4898)	Acc@1 10.156 (0.719)	Acc@5 25.781 (3.119)	Mem 621MB
Test: [260/391]	Time 1.421 (1.435)	Loss 7.5898 (7.4699)	Acc@1 0.000 (0.739)	Acc@5 0.781 (3.170)	Mem 621MB
Test: [270/391]	Time 1.272 (1.425)	Loss 7.2930 (7.4526)	Acc@1 0.000 (0.761)	Acc@5 3.125 (3.223)	Mem 621MB
Test: [280/391]	Time 1.161 (1.418)	Loss 6.3320 (7.4201)	Acc@1 3.906 (0.812)	Acc@5 12.500 (3.406)	Mem 621MB
Test: [290/391]	Time 1.091 (1.412)	Loss 6.5859 (7.3946)	Acc@1 0.781 (0.859)	Acc@5 6.250 (3.546)	Mem 621MB
Test: [300/391]	Time 1.157 (1.403)	Loss 6.6992 (7.3677)	Acc@1 3.906 (0.916)	Acc@5 10.156 (3.706)	Mem 621MB
Test: [310/391]	Time 1.729 (1.401)	Loss 5.9258 (7.3369)	Acc@1 13.281 (1.030)	Acc@5 24.219 (3.974)	Mem 621MB
Test: [320/391]	Time 2.603 (1.445)	Loss 7.0117 (7.3190)	Acc@1 0.000 (1.068)	Acc@5 1.562 (4.099)	Mem 621MB
Test: [330/391]	Time 2.211 (1.477)	Loss 6.3594 (7.3087)	Acc@1 0.000 (1.098)	Acc@5 10.938 (4.164)	Mem 621MB
Test: [340/391]	Time 2.011 (1.483)	Loss 7.3594 (7.2854)	Acc@1 0.000 (1.244)	Acc@5 0.000 (4.342)	Mem 621MB
Test: [350/391]	Time 1.415 (1.486)	Loss 6.2148 (7.2650)	Acc@1 1.562 (1.262)	Acc@5 5.469 (4.445)	Mem 621MB
Test: [360/391]	Time 1.550 (1.490)	Loss 6.2695 (7.2311)	Acc@1 11.719 (1.489)	Acc@5 18.750 (4.813)	Mem 621MB
Test: [370/391]	Time 2.730 (1.501)	Loss 5.3789 (7.2334)	Acc@1 17.969 (1.512)	Acc@5 31.250 (4.833)	Mem 621MB
Test: [380/391]	Time 2.603 (1.534)	Loss 6.7812 (7.2278)	Acc@1 0.000 (1.507)	Acc@5 4.688 (4.833)	Mem 621MB
Test: [390/391]	Time 0.818 (1.552)	Loss 6.2773 (7.2210)	Acc@1 2.410 (1.584)	Acc@5 9.639 (4.956)	Mem 621MB
 * Acc@1 1.584 Acc@5 4.956
01/16 21:55:03 - mmengine - INFO - Because batch augmentations are enabled, the data preprocessor automatically enables the `to_onehot` option to generate one-hot format labels.
01/16 21:55:03 - mmengine - INFO - Loads checkpoint by http backend from path: https://download.openmmlab.com/mmclassification/v0/deit/deit-small_pt-4xb256_in1k_20220218-9425b9bb.pth
starting loop: img_size 112; len(dataset) 50003
Test: [0/391]	Time 3.847 (3.847)	Loss 1.5664 (1.5664)	Acc@1 71.875 (71.875)	Acc@5 83.594 (83.594)	Mem 621MB
Test: [10/391]	Time 3.529 (4.110)	Loss 2.7695 (1.6182)	Acc@1 50.000 (69.318)	Acc@5 69.531 (84.517)	Mem 621MB
Test: [20/391]	Time 3.736 (4.115)	Loss 2.2559 (2.0303)	Acc@1 60.156 (60.379)	Acc@5 76.562 (79.092)	Mem 621MB
Test: [30/391]	Time 4.368 (4.183)	Loss 2.3965 (2.1810)	Acc@1 48.438 (55.771)	Acc@5 75.000 (77.722)	Mem 621MB
Test: [40/391]	Time 3.159 (4.044)	Loss 2.6914 (2.0020)	Acc@1 53.125 (59.966)	Acc@5 65.625 (79.783)	Mem 621MB
Test: [50/391]	Time 3.679 (4.042)	Loss 0.9746 (2.0859)	Acc@1 82.812 (58.701)	Acc@5 91.406 (78.294)	Mem 621MB
Test: [60/391]	Time 3.699 (3.972)	Loss 1.9805 (1.9821)	Acc@1 59.375 (60.989)	Acc@5 78.906 (79.790)	Mem 621MB
Test: [70/391]	Time 4.193 (3.974)	Loss 2.8145 (1.9970)	Acc@1 37.500 (60.266)	Acc@5 72.656 (79.930)	Mem 621MB
Test: [80/391]	Time 3.705 (3.991)	Loss 2.5488 (2.0081)	Acc@1 48.438 (59.491)	Acc@5 72.656 (80.054)	Mem 621MB
Test: [90/391]	Time 4.437 (4.009)	Loss 1.8691 (1.9848)	Acc@1 57.031 (59.667)	Acc@5 83.594 (80.477)	Mem 621MB
Test: [100/391]	Time 3.623 (4.032)	Loss 1.8076 (1.9769)	Acc@1 57.031 (59.437)	Acc@5 85.156 (80.848)	Mem 621MB
Test: [110/391]	Time 6.258 (4.103)	Loss 1.9307 (1.9692)	Acc@1 46.875 (59.227)	Acc@5 84.375 (81.194)	Mem 621MB
Test: [120/391]	Time 5.568 (4.237)	Loss 2.3848 (1.9723)	Acc@1 46.875 (59.239)	Acc@5 75.781 (81.263)	Mem 621MB
Test: [130/391]	Time 5.333 (4.388)	Loss 1.6289 (1.9630)	Acc@1 73.438 (59.572)	Acc@5 82.812 (81.339)	Mem 621MB
Test: [140/391]	Time 6.268 (4.460)	Loss 2.2520 (1.9590)	Acc@1 50.000 (59.635)	Acc@5 79.688 (81.472)	Mem 621MB
Test: [150/391]	Time 8.925 (4.567)	Loss 1.9990 (1.9618)	Acc@1 54.688 (59.654)	Acc@5 85.938 (81.416)	Mem 621MB
Test: [160/391]	Time 6.667 (4.637)	Loss 2.2090 (1.9584)	Acc@1 53.906 (59.831)	Acc@5 81.250 (81.420)	Mem 621MB
Test: [170/391]	Time 4.797 (4.685)	Loss 2.3770 (1.9841)	Acc@1 42.969 (59.270)	Acc@5 76.562 (81.003)	Mem 621MB
Test: [180/391]	Time 5.783 (4.740)	Loss 2.1914 (1.9975)	Acc@1 50.000 (58.905)	Acc@5 80.469 (80.762)	Mem 621MB
Test: [190/391]	Time 5.199 (4.803)	Loss 2.4531 (2.0180)	Acc@1 41.406 (58.373)	Acc@5 79.688 (80.469)	Mem 621MB
Test: [200/391]	Time 3.687 (4.819)	Loss 2.8203 (2.0354)	Acc@1 39.062 (58.046)	Acc@5 68.750 (80.267)	Mem 621MB
Test: [210/391]	Time 4.882 (4.848)	Loss 1.9150 (2.0477)	Acc@1 62.500 (57.798)	Acc@5 82.031 (80.054)	Mem 621MB
Test: [220/391]	Time 6.063 (4.881)	Loss 1.5508 (2.0468)	Acc@1 68.750 (57.922)	Acc@5 85.938 (80.002)	Mem 621MB
Test: [230/391]	Time 6.034 (4.906)	Loss 2.7168 (2.0597)	Acc@1 46.875 (57.718)	Acc@5 70.312 (79.802)	Mem 621MB
Test: [240/391]	Time 5.468 (4.932)	Loss 2.3398 (2.0660)	Acc@1 54.688 (57.647)	Acc@5 71.875 (79.658)	Mem 621MB
Test: [250/391]	Time 4.925 (4.923)	Loss 1.4541 (2.0751)	Acc@1 74.219 (57.374)	Acc@5 87.500 (79.491)	Mem 621MB
Test: [260/391]	Time 6.233 (4.944)	Loss 2.8574 (2.0942)	Acc@1 41.406 (56.980)	Acc@5 62.500 (79.215)	Mem 621MB
Test: [270/391]	Time 5.769 (4.959)	Loss 3.1699 (2.1054)	Acc@1 35.938 (56.766)	Acc@5 60.938 (79.013)	Mem 621MB
Test: [280/391]	Time 5.089 (4.979)	Loss 1.8945 (2.1046)	Acc@1 53.125 (56.770)	Acc@5 85.156 (79.054)	Mem 621MB
Test: [290/391]	Time 3.768 (4.984)	Loss 2.4824 (2.1127)	Acc@1 35.938 (56.612)	Acc@5 78.125 (78.906)	Mem 621MB
Test: [300/391]	Time 4.723 (4.996)	Loss 2.6621 (2.1202)	Acc@1 49.219 (56.468)	Acc@5 68.750 (78.751)	Mem 621MB
Test: [310/391]	Time 4.261 (5.007)	Loss 2.1816 (2.1313)	Acc@1 56.250 (56.371)	Acc@5 78.906 (78.602)	Mem 621MB
Test: [320/391]	Time 5.125 (5.029)	Loss 1.7529 (2.1285)	Acc@1 64.062 (56.377)	Acc@5 85.156 (78.677)	Mem 621MB
Test: [330/391]	Time 3.941 (5.019)	Loss 2.2461 (2.1429)	Acc@1 49.219 (56.127)	Acc@5 76.562 (78.429)	Mem 621MB
Test: [340/391]	Time 6.409 (5.023)	Loss 2.5723 (2.1481)	Acc@1 41.406 (56.003)	Acc@5 71.875 (78.327)	Mem 621MB
Test: [350/391]	Time 5.182 (5.020)	Loss 2.1680 (2.1503)	Acc@1 53.906 (55.923)	Acc@5 77.344 (78.247)	Mem 621MB
Test: [360/391]	Time 4.591 (5.022)	Loss 2.2207 (2.1497)	Acc@1 53.906 (55.871)	Acc@5 78.906 (78.264)	Mem 621MB
Test: [370/391]	Time 6.640 (5.041)	Loss 1.5195 (2.1437)	Acc@1 59.375 (55.964)	Acc@5 89.844 (78.355)	Mem 621MB
Test: [380/391]	Time 4.352 (5.039)	Loss 1.6162 (2.1411)	Acc@1 61.719 (56.029)	Acc@5 90.625 (78.385)	Mem 621MB
Test: [390/391]	Time 3.144 (5.047)	Loss 2.8496 (2.1344)	Acc@1 40.964 (56.171)	Acc@5 71.084 (78.479)	Mem 621MB
 * Acc@1 56.171 Acc@5 78.479
01/16 22:27:57 - mmengine - INFO - Because batch augmentations are enabled, the data preprocessor automatically enables the `to_onehot` option to generate one-hot format labels.
01/16 22:27:58 - mmengine - INFO - Loads checkpoint by http backend from path: https://download.openmmlab.com/mmclassification/v0/deit/deit-small_pt-4xb256_in1k_20220218-9425b9bb.pth
starting loop: img_size 384; len(dataset) 50003
Test: [0/391]	Time 7.279 (7.279)	Loss 0.3154 (0.3154)	Acc@1 96.094 (96.094)	Acc@5 98.438 (98.438)	Mem 2626MB
Test: [10/391]	Time 9.300 (7.710)	Loss 1.0195 (0.4572)	Acc@1 75.000 (90.625)	Acc@5 97.656 (98.509)	Mem 2627MB
Test: [20/391]	Time 7.855 (7.837)	Loss 0.6567 (0.6127)	Acc@1 87.500 (86.570)	Acc@5 94.531 (97.024)	Mem 2627MB
Test: [30/391]	Time 9.641 (7.755)	Loss 1.1611 (0.7412)	Acc@1 76.562 (82.787)	Acc@5 89.844 (96.245)	Mem 2627MB
Test: [40/391]	Time 7.867 (7.775)	Loss 0.6235 (0.6641)	Acc@1 89.844 (85.004)	Acc@5 93.750 (96.627)	Mem 2627MB
Test: [50/391]	Time 6.965 (7.628)	Loss 0.2615 (0.6770)	Acc@1 96.094 (85.187)	Acc@5 100.000 (96.507)	Mem 2627MB
Test: [60/391]	Time 5.861 (7.421)	Loss 0.7153 (0.6363)	Acc@1 82.812 (86.104)	Acc@5 96.094 (96.862)	Mem 2627MB
Test: [70/391]	Time 7.060 (7.218)	Loss 1.0654 (0.6788)	Acc@1 70.312 (84.848)	Acc@5 97.656 (96.633)	Mem 2627MB
Test: [80/391]	Time 4.256 (7.098)	Loss 1.0674 (0.7062)	Acc@1 75.781 (83.922)	Acc@5 90.625 (96.518)	Mem 2627MB
Test: [90/391]	Time 7.338 (7.091)	Loss 1.0557 (0.7182)	Acc@1 68.750 (83.688)	Acc@5 96.875 (96.454)	Mem 2627MB
Test: [100/391]	Time 6.380 (7.026)	Loss 0.5889 (0.7276)	Acc@1 89.062 (83.261)	Acc@5 97.656 (96.504)	Mem 2627MB
Test: [110/391]	Time 8.398 (6.981)	Loss 1.1680 (0.7381)	Acc@1 60.938 (82.883)	Acc@5 96.094 (96.558)	Mem 2627MB
Test: [120/391]	Time 8.318 (7.090)	Loss 0.4492 (0.7323)	Acc@1 92.188 (83.110)	Acc@5 98.438 (96.623)	Mem 2627MB
Test: [130/391]	Time 2.853 (7.110)	Loss 0.2725 (0.7205)	Acc@1 96.875 (83.534)	Acc@5 99.219 (96.672)	Mem 2627MB
Test: [140/391]	Time 8.119 (7.137)	Loss 1.0625 (0.7180)	Acc@1 71.875 (83.477)	Acc@5 97.656 (96.742)	Mem 2627MB
Test: [150/391]	Time 10.416 (7.175)	Loss 0.9028 (0.7260)	Acc@1 73.438 (83.340)	Acc@5 96.094 (96.632)	Mem 2627MB
Test: [160/391]	Time 8.133 (7.212)	Loss 0.9492 (0.7299)	Acc@1 76.562 (83.215)	Acc@5 96.094 (96.550)	Mem 2627MB
Test: [170/391]	Time 6.841 (7.204)	Loss 1.7539 (0.7536)	Acc@1 56.250 (82.680)	Acc@5 88.281 (96.327)	Mem 2627MB
Test: [180/391]	Time 3.515 (7.157)	Loss 1.7695 (0.7759)	Acc@1 59.375 (82.135)	Acc@5 86.719 (96.081)	Mem 2627MB
Test: [190/391]	Time 5.641 (7.176)	Loss 1.3027 (0.7999)	Acc@1 67.188 (81.577)	Acc@5 91.406 (95.836)	Mem 2627MB
Test: [200/391]	Time 6.324 (7.146)	Loss 0.7329 (0.8256)	Acc@1 82.031 (81.044)	Acc@5 95.312 (95.515)	Mem 2627MB
Test: [210/391]	Time 6.932 (7.154)	Loss 1.1289 (0.8398)	Acc@1 80.469 (80.791)	Acc@5 92.188 (95.412)	Mem 2627MB
Test: [220/391]	Time 9.134 (7.167)	Loss 0.5259 (0.8426)	Acc@1 90.625 (80.762)	Acc@5 96.875 (95.334)	Mem 2627MB
Test: [230/391]	Time 8.738 (7.179)	Loss 1.5469 (0.8501)	Acc@1 67.969 (80.675)	Acc@5 85.938 (95.258)	Mem 2627MB
Test: [240/391]	Time 7.405 (7.200)	Loss 0.8325 (0.8503)	Acc@1 85.938 (80.770)	Acc@5 92.969 (95.202)	Mem 2627MB
Test: [250/391]	Time 5.769 (7.160)	Loss 0.6602 (0.8689)	Acc@1 83.594 (80.276)	Acc@5 97.656 (95.032)	Mem 2627MB
Test: [260/391]	Time 9.435 (7.179)	Loss 0.8418 (0.8818)	Acc@1 82.031 (79.936)	Acc@5 96.094 (94.908)	Mem 2627MB
Test: [270/391]	Time 6.256 (7.170)	Loss 1.4658 (0.8883)	Acc@1 64.062 (79.800)	Acc@5 89.844 (94.802)	Mem 2627MB
Test: [280/391]	Time 7.481 (7.195)	Loss 1.1230 (0.8908)	Acc@1 75.781 (79.765)	Acc@5 92.969 (94.765)	Mem 2627MB
Test: [290/391]	Time 7.176 (7.182)	Loss 1.3262 (0.8970)	Acc@1 58.594 (79.650)	Acc@5 92.969 (94.644)	Mem 2627MB
Test: [300/391]	Time 6.718 (7.172)	Loss 0.8262 (0.9039)	Acc@1 83.594 (79.542)	Acc@5 93.750 (94.526)	Mem 2627MB
Test: [310/391]	Time 7.350 (7.189)	Loss 0.9331 (0.9105)	Acc@1 80.469 (79.429)	Acc@5 93.750 (94.443)	Mem 2627MB
Test: [320/391]	Time 6.168 (7.192)	Loss 0.6626 (0.9180)	Acc@1 85.156 (79.296)	Acc@5 95.312 (94.341)	Mem 2627MB
Test: [330/391]	Time 6.164 (7.145)	Loss 1.2578 (0.9286)	Acc@1 67.969 (79.043)	Acc@5 88.281 (94.236)	Mem 2627MB
Test: [340/391]	Time 9.384 (7.153)	Loss 0.6284 (0.9325)	Acc@1 89.844 (78.977)	Acc@5 97.656 (94.192)	Mem 2627MB
Test: [350/391]	Time 7.177 (7.171)	Loss 0.7993 (0.9347)	Acc@1 83.594 (78.922)	Acc@5 96.094 (94.153)	Mem 2627MB
Test: [360/391]	Time 8.172 (7.190)	Loss 1.2803 (0.9414)	Acc@1 68.750 (78.759)	Acc@5 95.312 (94.116)	Mem 2627MB
Test: [370/391]	Time 8.750 (7.203)	Loss 1.1279 (0.9377)	Acc@1 63.281 (78.801)	Acc@5 94.531 (94.161)	Mem 2627MB
Test: [380/391]	Time 7.815 (7.197)	Loss 0.6318 (0.9390)	Acc@1 84.375 (78.773)	Acc@5 99.219 (94.131)	Mem 2627MB
Test: [390/391]	Time 4.663 (7.206)	Loss 1.8486 (0.9347)	Acc@1 51.807 (78.863)	Acc@5 90.361 (94.184)	Mem 2627MB
 * Acc@1 78.863 Acc@5 94.184
01/16 23:14:56 - mmengine - INFO - Because batch augmentations are enabled, the data preprocessor automatically enables the `to_onehot` option to generate one-hot format labels.
01/16 23:14:57 - mmengine - INFO - Loads checkpoint by http backend from path: https://download.openmmlab.com/mmclassification/v0/deit/deit-small_pt-4xb256_in1k_20220218-9425b9bb.pth
starting loop: img_size 512; len(dataset) 50003
Test: [0/391]	Time 11.857 (11.857)	Loss 0.3345 (0.3345)	Acc@1 94.531 (94.531)	Acc@5 97.656 (97.656)	Mem 6409MB
Test: [10/391]	Time 12.303 (9.812)	Loss 1.0391 (0.5143)	Acc@1 71.875 (88.565)	Acc@5 97.656 (97.869)	Mem 6409MB
Test: [20/391]	Time 10.587 (10.067)	Loss 0.8579 (0.7180)	Acc@1 83.594 (83.371)	Acc@5 93.750 (96.019)	Mem 6409MB
Test: [30/391]	Time 10.899 (10.055)	Loss 1.3691 (0.8858)	Acc@1 67.188 (78.705)	Acc@5 89.844 (94.481)	Mem 6409MB
Test: [40/391]	Time 9.696 (9.993)	Loss 0.8481 (0.7894)	Acc@1 82.031 (81.498)	Acc@5 92.969 (95.141)	Mem 6409MB
Test: [50/391]	Time 8.287 (9.955)	Loss 0.3054 (0.8129)	Acc@1 96.094 (81.388)	Acc@5 99.219 (94.700)	Mem 6409MB
Test: [60/391]	Time 7.722 (9.749)	Loss 0.8442 (0.7653)	Acc@1 79.688 (82.454)	Acc@5 96.094 (95.223)	Mem 6409MB
Test: [70/391]	Time 8.537 (9.746)	Loss 1.6865 (0.8345)	Acc@1 55.469 (80.579)	Acc@5 88.281 (94.773)	Mem 6409MB
Test: [80/391]	Time 6.879 (9.664)	Loss 1.5918 (0.8729)	Acc@1 64.062 (79.379)	Acc@5 84.375 (94.541)	Mem 6409MB
Test: [90/391]	Time 8.714 (9.688)	Loss 1.3818 (0.8992)	Acc@1 57.031 (78.838)	Acc@5 93.750 (94.394)	Mem 6409MB
Test: [100/391]	Time 9.787 (9.540)	Loss 0.8965 (0.9236)	Acc@1 82.812 (78.125)	Acc@5 95.312 (94.353)	Mem 6409MB
Test: [110/391]	Time 12.480 (9.667)	Loss 1.3291 (0.9345)	Acc@1 60.156 (77.632)	Acc@5 94.531 (94.390)	Mem 6409MB
Test: [120/391]	Time 11.271 (9.850)	Loss 0.5244 (0.9256)	Acc@1 91.406 (78.015)	Acc@5 96.875 (94.473)	Mem 6409MB
Test: [130/391]	Time 8.404 (9.898)	Loss 0.2700 (0.9082)	Acc@1 96.094 (78.542)	Acc@5 98.438 (94.609)	Mem 6409MB
Test: [140/391]	Time 8.545 (9.847)	Loss 1.2402 (0.9027)	Acc@1 64.844 (78.607)	Acc@5 95.312 (94.764)	Mem 6409MB
Test: [150/391]	Time 11.733 (9.927)	Loss 0.9653 (0.9076)	Acc@1 72.656 (78.580)	Acc@5 96.875 (94.630)	Mem 6409MB
Test: [160/391]	Time 11.232 (9.910)	Loss 1.0791 (0.9082)	Acc@1 75.781 (78.571)	Acc@5 92.969 (94.585)	Mem 6409MB
Test: [170/391]	Time 9.326 (9.879)	Loss 2.1582 (0.9389)	Acc@1 44.531 (77.938)	Acc@5 79.688 (94.262)	Mem 6409MB
Test: [180/391]	Time 8.864 (9.844)	Loss 2.0664 (0.9661)	Acc@1 56.250 (77.430)	Acc@5 81.250 (93.936)	Mem 6409MB
Test: [190/391]	Time 9.824 (9.844)	Loss 1.5400 (0.9933)	Acc@1 64.062 (76.898)	Acc@5 89.844 (93.599)	Mem 6409MB
Test: [200/391]	Time 7.366 (9.791)	Loss 1.0293 (1.0233)	Acc@1 75.000 (76.341)	Acc@5 95.312 (93.167)	Mem 6409MB
Test: [210/391]	Time 8.510 (9.792)	Loss 1.3955 (1.0386)	Acc@1 74.219 (76.107)	Acc@5 89.844 (92.998)	Mem 6409MB
Test: [220/391]	Time 9.913 (9.733)	Loss 0.7417 (1.0421)	Acc@1 85.938 (76.114)	Acc@5 95.312 (92.933)	Mem 6409MB
Test: [230/391]	Time 12.043 (9.766)	Loss 1.9199 (1.0508)	Acc@1 57.031 (76.015)	Acc@5 81.250 (92.844)	Mem 6409MB
Test: [240/391]	Time 10.172 (9.773)	Loss 1.1006 (1.0527)	Acc@1 80.469 (76.102)	Acc@5 89.062 (92.810)	Mem 6409MB
Test: [250/391]	Time 9.832 (9.737)	Loss 0.8149 (1.0746)	Acc@1 81.250 (75.591)	Acc@5 95.312 (92.573)	Mem 6409MB
Test: [260/391]	Time 11.097 (9.730)	Loss 0.9868 (1.0907)	Acc@1 71.875 (75.245)	Acc@5 96.094 (92.403)	Mem 6409MB
Test: [270/391]	Time 10.545 (9.715)	Loss 1.7178 (1.0972)	Acc@1 65.625 (75.170)	Acc@5 86.719 (92.297)	Mem 6409MB
Test: [280/391]	Time 9.237 (9.700)	Loss 1.4639 (1.0993)	Acc@1 66.406 (75.147)	Acc@5 90.625 (92.271)	Mem 6409MB
Test: [290/391]	Time 10.286 (9.708)	Loss 1.5576 (1.1074)	Acc@1 58.594 (75.016)	Acc@5 90.625 (92.155)	Mem 6409MB
Test: [300/391]	Time 9.228 (9.716)	Loss 1.1758 (1.1177)	Acc@1 77.344 (74.894)	Acc@5 87.500 (92.014)	Mem 6409MB
Test: [310/391]	Time 9.761 (9.736)	Loss 1.1279 (1.1273)	Acc@1 78.125 (74.739)	Acc@5 91.406 (91.901)	Mem 6409MB
Test: [320/391]	Time 9.173 (9.753)	Loss 0.7349 (1.1347)	Acc@1 84.375 (74.611)	Acc@5 96.094 (91.810)	Mem 6409MB
Test: [330/391]	Time 9.454 (9.764)	Loss 1.5176 (1.1474)	Acc@1 67.969 (74.372)	Acc@5 86.719 (91.659)	Mem 6409MB
Test: [340/391]	Time 10.157 (9.760)	Loss 0.7568 (1.1530)	Acc@1 85.938 (74.255)	Acc@5 95.312 (91.590)	Mem 6409MB
Test: [350/391]	Time 10.631 (9.764)	Loss 1.1064 (1.1568)	Acc@1 78.125 (74.208)	Acc@5 92.969 (91.531)	Mem 6409MB
Test: [360/391]	Time 9.083 (9.771)	Loss 1.4180 (1.1629)	Acc@1 67.969 (74.074)	Acc@5 91.406 (91.504)	Mem 6409MB
Test: [370/391]	Time 11.848 (9.777)	Loss 1.2373 (1.1580)	Acc@1 60.938 (74.132)	Acc@5 93.750 (91.571)	Mem 6409MB
Test: [380/391]	Time 10.776 (9.782)	Loss 0.6689 (1.1586)	Acc@1 82.031 (74.088)	Acc@5 98.438 (91.552)	Mem 6409MB
Test: [390/391]	Time 6.142 (9.791)	Loss 2.2754 (1.1515)	Acc@1 42.169 (74.222)	Acc@5 80.723 (91.635)	Mem 6409MB
 * Acc@1 74.222 Acc@5 91.635
01/17 00:18:46 - mmengine - INFO - Because batch augmentations are enabled, the data preprocessor automatically enables the `to_onehot` option to generate one-hot format labels.
01/17 00:18:47 - mmengine - INFO - Loads checkpoint by http backend from path: https://download.openmmlab.com/mmclassification/v0/deit/deit-small_pt-4xb256_in1k_20220218-9425b9bb.pth
starting loop: img_size 640; len(dataset) 50003
Test: [0/391]	Time 14.450 (14.450)	Loss 0.3926 (0.3926)	Acc@1 92.188 (92.188)	Acc@5 97.656 (97.656)	Mem 13841MB
Test: [10/391]	Time 12.575 (12.267)	Loss 1.1201 (0.6317)	Acc@1 67.969 (85.795)	Acc@5 96.094 (96.307)	Mem 13841MB
Test: [20/391]	Time 12.276 (12.605)	Loss 1.2959 (0.9173)	Acc@1 71.875 (79.018)	Acc@5 86.719 (93.750)	Mem 13841MB
Test: [30/391]	Time 13.492 (12.650)	Loss 1.6162 (1.1374)	Acc@1 60.156 (73.009)	Acc@5 85.938 (91.557)	Mem 13841MB
Test: [40/391]	Time 9.436 (12.505)	Loss 1.2236 (1.0116)	Acc@1 73.438 (76.467)	Acc@5 86.719 (92.416)	Mem 13841MB
Test: [50/391]	Time 11.895 (12.465)	Loss 0.3621 (1.0449)	Acc@1 92.188 (76.011)	Acc@5 99.219 (91.743)	Mem 13841MB
Test: [60/391]	Time 12.537 (12.429)	Loss 1.0615 (0.9849)	Acc@1 77.344 (77.408)	Acc@5 94.531 (92.456)	Mem 13841MB
Test: [70/391]	Time 6.515 (12.355)	Loss 2.3359 (1.0727)	Acc@1 39.062 (75.143)	Acc@5 76.562 (91.736)	Mem 13841MB
Test: [80/391]	Time 12.455 (12.207)	Loss 2.1738 (1.1156)	Acc@1 47.656 (73.708)	Acc@5 81.250 (91.580)	Mem 13841MB
Test: [90/391]	Time 8.065 (11.959)	Loss 1.6475 (1.1575)	Acc@1 51.562 (72.691)	Acc@5 93.750 (91.269)	Mem 13841MB
Test: [100/391]	Time 13.936 (11.937)	Loss 1.4990 (1.2029)	Acc@1 71.094 (71.604)	Acc@5 86.719 (91.004)	Mem 13841MB
Test: [110/391]	Time 10.933 (12.072)	Loss 1.5342 (1.2143)	Acc@1 57.812 (71.136)	Acc@5 91.406 (91.026)	Mem 13841MB
Test: [120/391]	Time 8.120 (12.103)	Loss 0.6577 (1.2036)	Acc@1 86.719 (71.481)	Acc@5 96.094 (91.077)	Mem 13841MB
Test: [130/391]	Time 10.258 (12.136)	Loss 0.3535 (1.1811)	Acc@1 94.531 (72.114)	Acc@5 98.438 (91.293)	Mem 13841MB
Test: [140/391]	Time 11.419 (12.099)	Loss 1.3857 (1.1747)	Acc@1 63.281 (72.169)	Acc@5 93.750 (91.473)	Mem 13841MB
Test: [150/391]	Time 15.805 (12.152)	Loss 1.1465 (1.1764)	Acc@1 61.719 (72.118)	Acc@5 95.312 (91.396)	Mem 13841MB
Test: [160/391]	Time 15.013 (12.099)	Loss 1.4209 (1.1732)	Acc@1 67.969 (72.302)	Acc@5 89.844 (91.392)	Mem 13841MB
Test: [170/391]	Time 12.980 (12.176)	Loss 2.5312 (1.2103)	Acc@1 39.062 (71.546)	Acc@5 73.438 (90.995)	Mem 13841MB
Test: [180/391]	Time 13.707 (12.209)	Loss 2.3574 (1.2403)	Acc@1 48.438 (71.042)	Acc@5 77.344 (90.642)	Mem 13841MB
Test: [190/391]	Time 8.899 (12.196)	Loss 1.8857 (1.2683)	Acc@1 57.031 (70.574)	Acc@5 84.375 (90.318)	Mem 13841MB
Test: [200/391]	Time 12.316 (12.161)	Loss 1.5713 (1.3010)	Acc@1 63.281 (70.002)	Acc@5 87.500 (89.879)	Mem 13841MB
Test: [210/391]	Time 11.285 (12.185)	Loss 1.7158 (1.3182)	Acc@1 66.406 (69.716)	Acc@5 86.719 (89.685)	Mem 13841MB
Test: [220/391]	Time 13.241 (12.174)	Loss 1.0215 (1.3215)	Acc@1 78.125 (69.779)	Acc@5 92.969 (89.625)	Mem 13841MB
Test: [230/391]	Time 11.890 (12.154)	Loss 2.2207 (1.3325)	Acc@1 52.344 (69.646)	Acc@5 76.562 (89.448)	Mem 13841MB
Test: [240/391]	Time 12.199 (12.155)	Loss 1.4736 (1.3380)	Acc@1 72.656 (69.664)	Acc@5 85.938 (89.361)	Mem 13841MB
Test: [250/391]	Time 11.907 (12.133)	Loss 1.0264 (1.3610)	Acc@1 77.344 (69.173)	Acc@5 92.188 (89.028)	Mem 13841MB
Test: [260/391]	Time 13.758 (12.148)	Loss 1.2422 (1.3790)	Acc@1 66.406 (68.795)	Acc@5 92.188 (88.784)	Mem 13841MB
Test: [270/391]	Time 13.970 (12.144)	Loss 1.9844 (1.3845)	Acc@1 62.500 (68.741)	Acc@5 85.156 (88.676)	Mem 13841MB
Test: [280/391]	Time 10.504 (12.147)	Loss 1.8945 (1.3863)	Acc@1 58.594 (68.792)	Acc@5 88.281 (88.676)	Mem 13841MB
Test: [290/391]	Time 13.366 (12.149)	Loss 1.7354 (1.3941)	Acc@1 56.250 (68.718)	Acc@5 89.844 (88.526)	Mem 13841MB
Test: [300/391]	Time 13.655 (12.143)	Loss 1.4131 (1.4089)	Acc@1 71.094 (68.483)	Acc@5 86.719 (88.276)	Mem 13841MB
Test: [310/391]	Time 11.814 (12.154)	Loss 1.4375 (1.4223)	Acc@1 71.094 (68.300)	Acc@5 89.844 (88.141)	Mem 13841MB
Test: [320/391]	Time 12.307 (12.122)	Loss 0.8936 (1.4285)	Acc@1 82.812 (68.232)	Acc@5 95.312 (88.038)	Mem 13841MB
Test: [330/391]	Time 7.511 (12.113)	Loss 1.8496 (1.4427)	Acc@1 64.062 (68.007)	Acc@5 82.812 (87.852)	Mem 13841MB
Test: [340/391]	Time 13.147 (12.142)	Loss 1.0762 (1.4487)	Acc@1 78.125 (67.918)	Acc@5 91.406 (87.775)	Mem 13841MB
Test: [350/391]	Time 11.646 (12.127)	Loss 1.5381 (1.4552)	Acc@1 67.969 (67.826)	Acc@5 90.625 (87.720)	Mem 13841MB
Test: [360/391]	Time 13.349 (12.127)	Loss 1.5889 (1.4596)	Acc@1 66.406 (67.713)	Acc@5 89.844 (87.693)	Mem 13841MB
Test: [370/391]	Time 13.467 (12.129)	Loss 1.3506 (1.4523)	Acc@1 60.156 (67.815)	Acc@5 91.406 (87.807)	Mem 13841MB
Test: [380/391]	Time 12.168 (12.123)	Loss 0.7817 (1.4516)	Acc@1 79.688 (67.784)	Acc@5 97.656 (87.803)	Mem 13841MB
Test: [390/391]	Time 6.727 (12.099)	Loss 2.7871 (1.4412)	Acc@1 36.145 (68.008)	Acc@5 75.904 (87.935)	Mem 13841MB
 * Acc@1 68.008 Acc@5 87.935
01/17 01:37:38 - mmengine - INFO - Because batch augmentations are enabled, the data preprocessor automatically enables the `to_onehot` option to generate one-hot format labels.
01/17 01:37:39 - mmengine - INFO - Loads checkpoint by http backend from path: https://download.openmmlab.com/mmclassification/v0/deit/deit-small_pt-4xb256_in1k_20220218-9425b9bb.pth
starting loop: img_size 768; len(dataset) 50003
Test: [0/521]	Time 12.070 (12.070)	Loss 0.4426 (0.4426)	Acc@1 91.667 (91.667)	Acc@5 97.917 (97.917)	Mem 20327MB
Test: [10/521]	Time 11.695 (10.615)	Loss 0.7769 (0.8145)	Acc@1 83.333 (81.723)	Acc@5 92.708 (94.034)	Mem 20327MB
Test: [20/521]	Time 12.213 (11.452)	Loss 1.4326 (1.0694)	Acc@1 68.750 (75.893)	Acc@5 85.417 (91.815)	Mem 20327MB
Test: [30/521]	Time 12.252 (11.480)	Loss 2.6094 (1.3261)	Acc@1 45.833 (69.993)	Acc@5 69.792 (88.474)	Mem 20327MB
Test: [40/521]	Time 15.078 (11.752)	Loss 1.7607 (1.4822)	Acc@1 54.167 (65.600)	Acc@5 87.500 (86.662)	Mem 20327MB
Test: [50/521]	Time 11.439 (11.534)	Loss 0.9971 (1.3479)	Acc@1 78.125 (69.240)	Acc@5 95.833 (87.949)	Mem 20327MB
Test: [60/521]	Time 12.883 (11.604)	Loss 1.3408 (1.3466)	Acc@1 71.875 (69.536)	Acc@5 90.625 (87.790)	Mem 20327MB
Test: [70/521]	Time 13.092 (11.739)	Loss 0.9526 (1.3498)	Acc@1 77.083 (69.586)	Acc@5 92.708 (87.588)	Mem 20327MB
Test: [80/521]	Time 11.100 (11.691)	Loss 1.3086 (1.2998)	Acc@1 68.750 (70.653)	Acc@5 91.667 (88.387)	Mem 20327MB
Test: [90/521]	Time 11.249 (11.758)	Loss 1.9316 (1.3574)	Acc@1 47.917 (69.071)	Acc@5 85.417 (87.981)	Mem 20327MB
Test: [100/521]	Time 9.698 (11.726)	Loss 2.2539 (1.3998)	Acc@1 37.500 (67.863)	Acc@5 78.125 (87.624)	Mem 20327MB
Test: [110/521]	Time 13.443 (11.749)	Loss 2.1797 (1.4555)	Acc@1 43.750 (66.216)	Acc@5 73.958 (87.115)	Mem 20327MB
Test: [120/521]	Time 6.330 (11.713)	Loss 1.8223 (1.4816)	Acc@1 42.708 (65.470)	Acc@5 90.625 (86.932)	Mem 20327MB
Test: [130/521]	Time 12.767 (11.579)	Loss 2.0645 (1.5492)	Acc@1 48.958 (63.764)	Acc@5 82.292 (86.260)	Mem 20327MB
Test: [140/521]	Time 12.994 (11.600)	Loss 1.6074 (1.5584)	Acc@1 60.417 (63.490)	Acc@5 88.542 (86.266)	Mem 20327MB
Test: [150/521]	Time 11.553 (11.634)	Loss 1.3154 (1.5616)	Acc@1 63.542 (63.376)	Acc@5 89.583 (86.307)	Mem 20327MB
Test: [160/521]	Time 11.478 (11.683)	Loss 0.9102 (1.5501)	Acc@1 77.083 (63.690)	Acc@5 94.792 (86.426)	Mem 20327MB
Test: [170/521]	Time 11.320 (11.647)	Loss 1.4043 (1.5326)	Acc@1 70.833 (64.114)	Acc@5 85.417 (86.635)	Mem 20327MB
Test: [180/521]	Time 11.115 (11.679)	Loss 2.1250 (1.5174)	Acc@1 56.250 (64.497)	Acc@5 77.083 (86.809)	Mem 20327MB
Test: [190/521]	Time 11.577 (11.669)	Loss 1.5635 (1.5136)	Acc@1 69.792 (64.594)	Acc@5 82.292 (86.889)	Mem 20327MB
Test: [200/521]	Time 12.975 (11.729)	Loss 1.2256 (1.5158)	Acc@1 61.458 (64.428)	Acc@5 94.792 (86.852)	Mem 20327MB
Test: [210/521]	Time 10.710 (11.704)	Loss 0.5137 (1.5028)	Acc@1 87.500 (64.761)	Acc@5 97.917 (86.967)	Mem 20327MB
Test: [220/521]	Time 11.137 (11.687)	Loss 1.8301 (1.5259)	Acc@1 62.500 (64.475)	Acc@5 82.292 (86.685)	Mem 20327MB
Test: [230/521]	Time 11.138 (11.667)	Loss 2.3281 (1.5524)	Acc@1 45.833 (64.047)	Acc@5 75.000 (86.301)	Mem 20327MB
Test: [240/521]	Time 12.388 (11.620)	Loss 2.3418 (1.5801)	Acc@1 44.792 (63.594)	Acc@5 77.083 (85.992)	Mem 20327MB
Test: [250/521]	Time 11.197 (11.565)	Loss 2.3633 (1.6022)	Acc@1 48.958 (63.363)	Acc@5 75.000 (85.678)	Mem 20327MB
Test: [260/521]	Time 11.438 (11.559)	Loss 1.8994 (1.6271)	Acc@1 63.542 (62.963)	Acc@5 80.208 (85.389)	Mem 20327MB
Test: [270/521]	Time 11.122 (11.527)	Loss 1.8691 (1.6554)	Acc@1 55.208 (62.358)	Acc@5 80.208 (85.013)	Mem 20327MB
Test: [280/521]	Time 11.107 (11.503)	Loss 1.9258 (1.6648)	Acc@1 58.333 (62.215)	Acc@5 81.250 (84.942)	Mem 20327MB
Test: [290/521]	Time 14.691 (11.508)	Loss 2.5781 (1.6717)	Acc@1 46.875 (62.260)	Acc@5 68.750 (84.844)	Mem 20327MB
Test: [300/521]	Time 8.112 (11.479)	Loss 0.6450 (1.6665)	Acc@1 86.458 (62.469)	Acc@5 94.792 (84.887)	Mem 20327MB
Test: [310/521]	Time 13.722 (11.511)	Loss 2.6152 (1.6854)	Acc@1 39.583 (62.195)	Acc@5 75.000 (84.606)	Mem 20327MB
Test: [320/521]	Time 8.370 (11.501)	Loss 1.7539 (1.6909)	Acc@1 66.667 (62.224)	Acc@5 83.333 (84.550)	Mem 20327MB
Test: [330/521]	Time 14.060 (11.483)	Loss 2.4102 (1.7113)	Acc@1 58.333 (61.940)	Acc@5 69.792 (84.221)	Mem 20327MB
Test: [340/521]	Time 12.111 (11.486)	Loss 2.1387 (1.7229)	Acc@1 53.125 (61.785)	Acc@5 79.167 (84.036)	Mem 20327MB
Test: [350/521]	Time 11.523 (11.520)	Loss 2.0137 (1.7314)	Acc@1 56.250 (61.544)	Acc@5 71.875 (83.939)	Mem 20327MB
Test: [360/521]	Time 11.782 (11.526)	Loss 2.4570 (1.7369)	Acc@1 50.000 (61.473)	Acc@5 79.167 (83.879)	Mem 20327MB
Test: [370/521]	Time 11.916 (11.538)	Loss 2.8848 (1.7408)	Acc@1 39.583 (61.478)	Acc@5 68.750 (83.825)	Mem 20327MB
Test: [380/521]	Time 13.969 (11.541)	Loss 3.0391 (1.7403)	Acc@1 43.750 (61.581)	Acc@5 62.500 (83.782)	Mem 20327MB
Test: [390/521]	Time 12.917 (11.558)	Loss 2.9492 (1.7536)	Acc@1 44.792 (61.400)	Acc@5 68.750 (83.592)	Mem 20327MB
Test: [400/521]	Time 11.602 (11.557)	Loss 1.5537 (1.7641)	Acc@1 69.792 (61.235)	Acc@5 82.292 (83.422)	Mem 20327MB
Test: [410/521]	Time 14.375 (11.570)	Loss 2.7129 (1.7769)	Acc@1 48.958 (61.058)	Acc@5 72.917 (83.240)	Mem 20327MB
Test: [420/521]	Time 15.752 (11.565)	Loss 2.7168 (1.7840)	Acc@1 50.000 (61.045)	Acc@5 67.708 (83.148)	Mem 20327MB
Test: [430/521]	Time 10.382 (11.574)	Loss 2.8750 (1.7890)	Acc@1 39.583 (60.948)	Acc@5 65.625 (83.067)	Mem 20327MB
Test: [440/521]	Time 13.454 (11.567)	Loss 2.4727 (1.8019)	Acc@1 50.000 (60.743)	Acc@5 72.917 (82.892)	Mem 20327MB
Test: [450/521]	Time 10.146 (11.547)	Loss 2.0625 (1.8068)	Acc@1 56.250 (60.687)	Acc@5 84.375 (82.828)	Mem 20327MB
Test: [460/521]	Time 8.553 (11.545)	Loss 2.3574 (1.8107)	Acc@1 54.167 (60.616)	Acc@5 78.125 (82.827)	Mem 20327MB
Test: [470/521]	Time 11.558 (11.561)	Loss 1.3408 (1.8175)	Acc@1 70.833 (60.510)	Acc@5 91.667 (82.741)	Mem 20327MB
Test: [480/521]	Time 12.959 (11.547)	Loss 2.0781 (1.8205)	Acc@1 61.458 (60.484)	Acc@5 80.208 (82.725)	Mem 20327MB
Test: [490/521]	Time 12.913 (11.547)	Loss 1.6572 (1.8117)	Acc@1 63.542 (60.614)	Acc@5 87.500 (82.869)	Mem 20327MB
Test: [500/521]	Time 10.231 (11.545)	Loss 2.3730 (1.8077)	Acc@1 48.958 (60.677)	Acc@5 75.000 (82.942)	Mem 20327MB
Test: [510/521]	Time 11.356 (11.511)	Loss 1.2588 (1.8071)	Acc@1 75.000 (60.647)	Acc@5 88.542 (82.993)	Mem 20327MB
Test: [520/521]	Time 10.926 (11.487)	Loss 3.3711 (1.7940)	Acc@1 28.916 (60.936)	Acc@5 62.651 (83.129)	Mem 20327MB
 * Acc@1 60.936 Acc@5 83.129
01/17 03:17:25 - mmengine - INFO - Because batch augmentations are enabled, the data preprocessor automatically enables the `to_onehot` option to generate one-hot format labels.
01/17 03:17:26 - mmengine - INFO - Loads checkpoint by http backend from path: https://download.openmmlab.com/mmclassification/v0/deit/deit-small_pt-4xb256_in1k_20220218-9425b9bb.pth
starting loop: img_size 1024; len(dataset) 50003
Test: [0/962]	Time 9.678 (9.678)	Loss 0.7305 (0.7305)	Acc@1 86.538 (86.538)	Acc@5 94.231 (94.231)	Mem 32787MB
Test: [10/962]	Time 8.544 (10.147)	Loss 0.6396 (1.6325)	Acc@1 86.538 (63.462)	Acc@5 96.154 (85.839)	Mem 32787MB
Test: [20/962]	Time 12.512 (9.138)	Loss 1.2109 (1.4241)	Acc@1 75.000 (68.132)	Acc@5 90.385 (87.637)	Mem 32787MB
Test: [30/962]	Time 8.985 (9.554)	Loss 2.3730 (1.4780)	Acc@1 40.385 (66.749)	Acc@5 75.000 (86.849)	Mem 32787MB
Test: [40/962]	Time 12.461 (9.805)	Loss 2.3750 (1.7784)	Acc@1 51.923 (60.647)	Acc@5 71.154 (82.505)	Mem 32787MB
Test: [50/962]	Time 11.281 (9.764)	Loss 4.0703 (1.9951)	Acc@1 11.538 (56.750)	Acc@5 44.231 (78.695)	Mem 32787MB
Test: [60/962]	Time 9.235 (9.612)	Loss 3.2695 (2.2305)	Acc@1 32.692 (51.955)	Acc@5 51.923 (74.842)	Mem 32787MB
Test: [70/962]	Time 11.923 (9.584)	Loss 1.3350 (2.3235)	Acc@1 73.077 (49.621)	Acc@5 94.231 (73.727)	Mem 32787MB
Test: [80/962]	Time 6.829 (9.486)	Loss 0.6211 (2.3104)	Acc@1 88.462 (49.668)	Acc@5 96.154 (74.098)	Mem 32787MB
Test: [90/962]	Time 11.172 (9.489)	Loss 1.4570 (2.1859)	Acc@1 73.077 (52.684)	Acc@5 84.615 (75.719)	Mem 32787MB
Test: [100/962]	Time 9.367 (9.471)	Loss 4.6602 (2.1238)	Acc@1 11.538 (54.151)	Acc@5 28.846 (76.523)	Mem 32787MB
Test: [110/962]	Time 10.313 (9.512)	Loss 1.8359 (2.1281)	Acc@1 65.385 (54.262)	Acc@5 80.769 (76.369)	Mem 32787MB
Test: [120/962]	Time 8.440 (9.546)	Loss 2.7617 (2.1858)	Acc@1 50.000 (53.195)	Acc@5 69.231 (75.524)	Mem 32787MB
Test: [130/962]	Time 7.420 (9.548)	Loss 0.7397 (2.1232)	Acc@1 82.692 (54.477)	Acc@5 96.154 (76.395)	Mem 32787MB
Test: [140/962]	Time 6.855 (9.511)	Loss 2.0918 (2.0760)	Acc@1 53.846 (55.155)	Acc@5 78.846 (77.305)	Mem 32787MB
Test: [150/962]	Time 7.933 (9.499)	Loss 1.3633 (2.0515)	Acc@1 71.154 (55.565)	Acc@5 92.308 (77.802)	Mem 32787MB
Test: [160/962]	Time 12.258 (9.474)	Loss 1.7393 (2.0713)	Acc@1 57.692 (54.897)	Acc@5 88.462 (77.604)	Mem 32787MB
Test: [170/962]	Time 11.088 (9.435)	Loss 1.8066 (2.1029)	Acc@1 63.462 (54.026)	Acc@5 86.538 (77.283)	Mem 32787MB
Test: [180/962]	Time 7.282 (9.482)	Loss 1.9346 (2.1314)	Acc@1 69.231 (53.379)	Acc@5 80.769 (76.785)	Mem 32787MB
Test: [190/962]	Time 9.507 (9.528)	Loss 2.6855 (2.1470)	Acc@1 26.923 (52.698)	Acc@5 67.308 (76.611)	Mem 32787MB
Test: [200/962]	Time 9.001 (9.534)	Loss 4.1797 (2.1761)	Acc@1 7.692 (51.760)	Acc@5 32.692 (76.339)	Mem 32787MB
Test: [210/962]	Time 10.062 (9.603)	Loss 2.4531 (2.1851)	Acc@1 40.385 (51.458)	Acc@5 73.077 (76.212)	Mem 32787MB
Test: [220/962]	Time 10.486 (9.561)	Loss 1.6768 (2.2113)	Acc@1 61.538 (50.888)	Acc@5 80.769 (75.792)	Mem 32787MB
Test: [230/962]	Time 10.733 (9.600)	Loss 1.1797 (2.2415)	Acc@1 75.000 (49.900)	Acc@5 96.154 (75.366)	Mem 32787MB
Test: [240/962]	Time 9.851 (9.609)	Loss 3.6348 (2.2847)	Acc@1 21.154 (48.931)	Acc@5 57.692 (74.753)	Mem 32787MB
Test: [250/962]	Time 12.383 (9.605)	Loss 2.1191 (2.2915)	Acc@1 53.846 (48.743)	Acc@5 78.846 (74.732)	Mem 32787MB
Test: [260/962]	Time 11.021 (9.619)	Loss 2.1055 (2.2996)	Acc@1 50.000 (48.475)	Acc@5 78.846 (74.757)	Mem 32787MB
Test: [270/962]	Time 11.052 (9.647)	Loss 3.4316 (2.3049)	Acc@1 23.077 (48.339)	Acc@5 61.538 (74.695)	Mem 32787MB
Test: [280/962]	Time 8.005 (9.683)	Loss 1.7441 (2.3044)	Acc@1 65.385 (48.344)	Acc@5 80.769 (74.788)	Mem 32787MB
Test: [290/962]	Time 7.903 (9.681)	Loss 0.9155 (2.2971)	Acc@1 76.923 (48.579)	Acc@5 96.154 (74.874)	Mem 32787MB
Test: [300/962]	Time 7.954 (9.665)	Loss 3.2285 (2.2985)	Acc@1 25.000 (48.479)	Acc@5 59.615 (74.962)	Mem 32787MB
Test: [310/962]	Time 8.478 (9.616)	Loss 1.9062 (2.2933)	Acc@1 51.923 (48.658)	Acc@5 94.231 (75.093)	Mem 32787MB
Test: [320/962]	Time 9.477 (9.560)	Loss 0.5449 (2.2722)	Acc@1 92.308 (49.221)	Acc@5 100.000 (75.389)	Mem 32787MB
Test: [330/962]	Time 11.343 (9.543)	Loss 3.2930 (2.2612)	Acc@1 19.231 (49.500)	Acc@5 59.615 (75.581)	Mem 32787MB
Test: [340/962]	Time 9.505 (9.538)	Loss 2.2344 (2.2646)	Acc@1 48.077 (49.425)	Acc@5 78.846 (75.558)	Mem 32787MB
Test: [350/962]	Time 6.756 (9.519)	Loss 1.1240 (2.2629)	Acc@1 80.769 (49.469)	Acc@5 92.308 (75.608)	Mem 32787MB
Test: [360/962]	Time 7.156 (9.483)	Loss 2.6660 (2.2739)	Acc@1 42.308 (49.217)	Acc@5 61.538 (75.410)	Mem 32787MB
Test: [370/962]	Time 9.160 (9.483)	Loss 2.2109 (2.2621)	Acc@1 34.615 (49.399)	Acc@5 86.538 (75.591)	Mem 32787MB
Test: [380/962]	Time 10.253 (9.465)	Loss 2.7617 (2.2485)	Acc@1 36.538 (49.647)	Acc@5 73.077 (75.782)	Mem 32787MB
Test: [390/962]	Time 10.787 (9.468)	Loss 2.7109 (2.2440)	Acc@1 55.769 (49.862)	Acc@5 73.077 (75.841)	Mem 32787MB
Test: [400/962]	Time 9.552 (9.448)	Loss 0.9702 (2.2615)	Acc@1 84.615 (49.712)	Acc@5 92.308 (75.657)	Mem 32787MB
Test: [410/962]	Time 10.580 (9.422)	Loss 2.2891 (2.2691)	Acc@1 44.231 (49.635)	Acc@5 80.769 (75.576)	Mem 32787MB
Test: [420/962]	Time 8.859 (9.388)	Loss 2.9707 (2.2916)	Acc@1 40.385 (49.338)	Acc@5 59.615 (75.201)	Mem 32787MB
Test: [430/962]	Time 6.168 (9.374)	Loss 3.5703 (2.3069)	Acc@1 28.846 (49.152)	Acc@5 59.615 (75.062)	Mem 32787MB
Test: [440/962]	Time 9.298 (9.371)	Loss 4.1719 (2.3210)	Acc@1 23.077 (48.993)	Acc@5 42.308 (74.834)	Mem 32787MB
Test: [450/962]	Time 7.718 (9.374)	Loss 3.0801 (2.3365)	Acc@1 36.538 (48.840)	Acc@5 69.231 (74.595)	Mem 32787MB
Test: [460/962]	Time 9.248 (9.382)	Loss 4.2891 (2.3459)	Acc@1 25.000 (48.790)	Acc@5 40.385 (74.445)	Mem 32787MB
Test: [470/962]	Time 12.039 (9.388)	Loss 3.6230 (2.3610)	Acc@1 36.538 (48.510)	Acc@5 63.462 (74.249)	Mem 32787MB
Test: [480/962]	Time 8.460 (9.378)	Loss 3.2734 (2.3784)	Acc@1 38.462 (48.249)	Acc@5 59.615 (74.016)	Mem 32787MB
Test: [490/962]	Time 9.461 (9.347)	Loss 2.0020 (2.3965)	Acc@1 59.615 (48.003)	Acc@5 78.846 (73.688)	Mem 32787MB
Test: [500/962]	Time 8.801 (9.314)	Loss 2.3789 (2.4083)	Acc@1 46.154 (47.839)	Acc@5 80.769 (73.491)	Mem 32787MB
Test: [510/962]	Time 8.247 (9.296)	Loss 3.1484 (2.4191)	Acc@1 46.154 (47.674)	Acc@5 59.615 (73.378)	Mem 32787MB
Test: [520/962]	Time 9.809 (9.271)	Loss 3.6699 (2.4232)	Acc@1 30.769 (47.726)	Acc@5 51.923 (73.287)	Mem 32787MB
Test: [530/962]	Time 10.488 (9.273)	Loss 1.9473 (2.4279)	Acc@1 59.615 (47.675)	Acc@5 84.615 (73.236)	Mem 32787MB
Test: [540/962]	Time 8.104 (9.287)	Loss 2.2832 (2.4250)	Acc@1 55.769 (47.814)	Acc@5 78.846 (73.283)	Mem 32787MB
Test: [550/962]	Time 7.814 (9.295)	Loss 3.4922 (2.4328)	Acc@1 34.615 (47.724)	Acc@5 57.692 (73.147)	Mem 32787MB
Test: [560/962]	Time 10.307 (9.300)	Loss 2.9863 (2.4364)	Acc@1 42.308 (47.724)	Acc@5 65.385 (73.053)	Mem 32787MB
Test: [570/962]	Time 6.660 (9.277)	Loss 3.2285 (2.4450)	Acc@1 28.846 (47.626)	Acc@5 55.769 (72.929)	Mem 32787MB
Test: [580/962]	Time 6.643 (9.249)	Loss 3.6777 (2.4578)	Acc@1 15.385 (47.372)	Acc@5 57.692 (72.776)	Mem 32787MB
Test: [590/962]	Time 8.628 (9.210)	Loss 2.3945 (2.4552)	Acc@1 48.077 (47.507)	Acc@5 75.000 (72.755)	Mem 32787MB
Test: [600/962]	Time 5.059 (9.177)	Loss 2.3281 (2.4691)	Acc@1 53.846 (47.376)	Acc@5 82.692 (72.549)	Mem 32787MB
Test: [610/962]	Time 10.360 (9.171)	Loss 2.4746 (2.4758)	Acc@1 55.769 (47.303)	Acc@5 73.077 (72.466)	Mem 32787MB
Test: [620/962]	Time 7.465 (9.141)	Loss 0.8438 (2.4802)	Acc@1 82.692 (47.293)	Acc@5 96.154 (72.408)	Mem 32787MB
Test: [630/962]	Time 6.717 (9.105)	Loss 4.2930 (2.4922)	Acc@1 17.308 (47.144)	Acc@5 44.231 (72.251)	Mem 32787MB
Test: [640/962]	Time 6.671 (9.084)	Loss 2.9180 (2.5012)	Acc@1 34.615 (46.874)	Acc@5 67.308 (72.135)	Mem 32787MB
Test: [650/962]	Time 8.231 (9.070)	Loss 4.2500 (2.5023)	Acc@1 17.308 (46.901)	Acc@5 44.231 (72.099)	Mem 32787MB
Test: [660/962]	Time 7.696 (9.051)	Loss 2.6016 (2.4996)	Acc@1 50.000 (46.989)	Acc@5 73.077 (72.172)	Mem 32787MB
Test: [670/962]	Time 9.136 (9.047)	Loss 3.0273 (2.5031)	Acc@1 40.385 (46.979)	Acc@5 57.692 (72.128)	Mem 32787MB
Test: [680/962]	Time 9.738 (9.036)	Loss 2.4180 (2.5032)	Acc@1 59.615 (47.035)	Acc@5 71.154 (72.154)	Mem 32787MB
Test: [690/962]	Time 10.281 (9.050)	Loss 4.2422 (2.5057)	Acc@1 5.769 (47.053)	Acc@5 40.385 (72.095)	Mem 32787MB
Test: [700/962]	Time 9.193 (9.051)	Loss 2.9590 (2.4995)	Acc@1 48.077 (47.240)	Acc@5 67.308 (72.185)	Mem 32787MB
Test: [710/962]	Time 5.332 (9.044)	Loss 1.0215 (2.5083)	Acc@1 80.769 (47.125)	Acc@5 92.308 (72.006)	Mem 32787MB
Test: [720/962]	Time 7.779 (9.026)	Loss 4.5508 (2.5169)	Acc@1 25.000 (47.079)	Acc@5 42.308 (71.821)	Mem 32787MB
Test: [730/962]	Time 9.169 (9.020)	Loss 3.2344 (2.5247)	Acc@1 34.615 (46.964)	Acc@5 67.308 (71.709)	Mem 32787MB
Test: [740/962]	Time 9.309 (9.021)	Loss 3.8223 (2.5326)	Acc@1 26.923 (46.906)	Acc@5 48.077 (71.608)	Mem 32787MB
Test: [750/962]	Time 7.881 (9.018)	Loss 2.3516 (2.5438)	Acc@1 26.923 (46.735)	Acc@5 90.385 (71.459)	Mem 32787MB
Test: [760/962]	Time 7.533 (9.005)	Loss 3.9434 (2.5484)	Acc@1 21.154 (46.722)	Acc@5 55.769 (71.396)	Mem 32787MB
Test: [770/962]	Time 9.484 (8.996)	Loss 1.8721 (2.5547)	Acc@1 65.385 (46.693)	Acc@5 78.846 (71.306)	Mem 32787MB
Test: [780/962]	Time 7.922 (8.991)	Loss 2.9844 (2.5575)	Acc@1 42.308 (46.651)	Acc@5 73.077 (71.287)	Mem 32787MB
Test: [790/962]	Time 6.585 (8.975)	Loss 1.9258 (2.5539)	Acc@1 65.385 (46.754)	Acc@5 78.846 (71.363)	Mem 32787MB
Test: [800/962]	Time 5.065 (8.954)	Loss 1.4180 (2.5599)	Acc@1 76.923 (46.713)	Acc@5 84.615 (71.264)	Mem 32787MB
Test: [810/962]	Time 9.754 (8.943)	Loss 2.8906 (2.5708)	Acc@1 44.231 (46.531)	Acc@5 69.231 (71.078)	Mem 32787MB
Test: [820/962]	Time 9.935 (8.935)	Loss 2.1328 (2.5779)	Acc@1 59.615 (46.400)	Acc@5 76.923 (70.966)	Mem 32787MB
Test: [830/962]	Time 7.987 (8.914)	Loss 2.5703 (2.5791)	Acc@1 53.846 (46.452)	Acc@5 71.154 (70.959)	Mem 32787MB
Test: [840/962]	Time 9.410 (8.911)	Loss 2.2598 (2.5813)	Acc@1 42.308 (46.389)	Acc@5 73.077 (70.948)	Mem 32787MB
Test: [850/962]	Time 10.310 (8.897)	Loss 2.2891 (2.5868)	Acc@1 51.923 (46.305)	Acc@5 80.769 (70.883)	Mem 32787MB
Test: [860/962]	Time 9.694 (8.892)	Loss 2.2422 (2.5966)	Acc@1 48.077 (46.161)	Acc@5 78.846 (70.727)	Mem 32787MB
Test: [870/962]	Time 7.647 (8.888)	Loss 3.3320 (2.5959)	Acc@1 40.385 (46.205)	Acc@5 55.769 (70.723)	Mem 32787MB
Test: [880/962]	Time 9.781 (8.885)	Loss 1.5488 (2.5981)	Acc@1 67.308 (46.171)	Acc@5 84.615 (70.733)	Mem 32787MB
Test: [890/962]	Time 5.449 (8.870)	Loss 1.3477 (2.5929)	Acc@1 75.000 (46.309)	Acc@5 92.308 (70.834)	Mem 32787MB
Test: [900/962]	Time 7.673 (8.863)	Loss 2.1230 (2.5891)	Acc@1 46.154 (46.301)	Acc@5 92.308 (70.906)	Mem 32787MB
Test: [910/962]	Time 7.118 (8.854)	Loss 1.8750 (2.5818)	Acc@1 53.846 (46.380)	Acc@5 84.615 (71.008)	Mem 32787MB
Test: [920/962]	Time 8.037 (8.847)	Loss 1.6064 (2.5767)	Acc@1 61.538 (46.455)	Acc@5 80.769 (71.085)	Mem 32787MB
Test: [930/962]	Time 8.054 (8.838)	Loss 3.4629 (2.5780)	Acc@1 26.923 (46.389)	Acc@5 59.615 (71.071)	Mem 32787MB
Test: [940/962]	Time 7.426 (8.829)	Loss 1.7617 (2.5739)	Acc@1 59.615 (46.442)	Acc@5 94.231 (71.189)	Mem 32787MB
Test: [950/962]	Time 7.568 (8.816)	Loss 1.9668 (2.5646)	Acc@1 59.615 (46.627)	Acc@5 80.769 (71.332)	Mem 32787MB
Test: [960/962]	Time 6.145 (8.788)	Loss 3.7207 (2.5519)	Acc@1 19.231 (46.870)	Acc@5 53.846 (71.500)	Mem 32787MB
 * Acc@1 46.845 Acc@5 71.472
01/17 05:38:14 - mmengine - INFO - Because batch augmentations are enabled, the data preprocessor automatically enables the `to_onehot` option to generate one-hot format labels.
01/17 05:38:15 - mmengine - INFO - Loads checkpoint by http backend from path: https://download.openmmlab.com/mmclassification/v0/deit/deit-small_pt-4xb256_in1k_20220218-9425b9bb.pth
starting loop: img_size 1120; len(dataset) 50003
Test: [0/1042]	Time 9.762 (9.762)	Loss 0.7461 (0.7461)	Acc@1 87.500 (87.500)	Acc@5 93.750 (93.750)	Mem 42697MB
Test: [10/1042]	Time 6.663 (7.172)	Loss 1.6582 (1.9619)	Acc@1 72.917 (57.197)	Acc@5 83.333 (80.871)	Mem 42697MB
Test: [20/1042]	Time 6.048 (6.769)	Loss 2.0723 (1.7008)	Acc@1 41.667 (61.806)	Acc@5 79.167 (84.226)	Mem 42697MB
Test: [30/1042]	Time 7.623 (6.773)	Loss 1.2598 (1.6709)	Acc@1 72.917 (62.567)	Acc@5 93.750 (84.745)	Mem 42697MB
Test: [40/1042]	Time 8.746 (7.063)	Loss 2.9180 (1.9960)	Acc@1 41.667 (56.047)	Acc@5 68.750 (79.624)	Mem 42697MB
Test: [50/1042]	Time 7.432 (6.985)	Loss 3.0312 (2.1754)	Acc@1 31.250 (52.696)	Acc@5 66.667 (76.511)	Mem 42697MB
Test: [60/1042]	Time 6.944 (7.078)	Loss 4.4023 (2.4306)	Acc@1 12.500 (47.883)	Acc@5 39.583 (72.370)	Mem 42697MB
Test: [70/1042]	Time 5.682 (7.113)	Loss 6.2656 (2.6232)	Acc@1 2.083 (44.278)	Acc@5 4.167 (69.073)	Mem 42697MB
Test: [80/1042]	Time 8.262 (7.228)	Loss 3.7793 (2.6437)	Acc@1 18.750 (43.287)	Acc@5 54.167 (69.059)	Mem 42697MB
Test: [90/1042]	Time 6.086 (7.237)	Loss 1.7881 (2.5861)	Acc@1 60.417 (44.849)	Acc@5 85.417 (69.918)	Mem 42697MB
Test: [100/1042]	Time 6.665 (7.155)	Loss 1.9385 (2.4509)	Acc@1 56.250 (48.020)	Acc@5 81.250 (71.700)	Mem 42697MB
Test: [110/1042]	Time 8.235 (7.155)	Loss 3.2383 (2.4215)	Acc@1 35.417 (48.930)	Acc@5 58.333 (72.128)	Mem 42697MB
Test: [120/1042]	Time 5.933 (7.163)	Loss 0.8369 (2.4026)	Acc@1 72.917 (49.363)	Acc@5 93.750 (72.297)	Mem 42697MB
Test: [130/1042]	Time 6.741 (7.160)	Loss 3.1113 (2.4713)	Acc@1 35.417 (47.980)	Acc@5 64.583 (71.183)	Mem 42697MB
Test: [140/1042]	Time 6.799 (7.150)	Loss 2.7598 (2.4121)	Acc@1 41.667 (49.158)	Acc@5 64.583 (72.193)	Mem 42697MB
Test: [150/1042]	Time 5.455 (7.088)	Loss 2.4531 (2.3616)	Acc@1 37.500 (49.738)	Acc@5 75.000 (73.262)	Mem 42697MB
Test: [160/1042]	Time 6.978 (7.120)	Loss 1.9990 (2.3298)	Acc@1 58.333 (50.492)	Acc@5 83.333 (73.732)	Mem 42697MB
Test: [170/1042]	Time 7.164 (7.131)	Loss 3.5273 (2.3412)	Acc@1 22.917 (49.854)	Acc@5 41.667 (73.550)	Mem 42697MB
Test: [180/1042]	Time 6.781 (7.142)	Loss 2.7891 (2.3552)	Acc@1 27.083 (49.401)	Acc@5 75.000 (73.469)	Mem 42697MB
Test: [190/1042]	Time 7.948 (7.133)	Loss 3.1621 (2.4017)	Acc@1 31.250 (48.440)	Acc@5 54.167 (72.600)	Mem 42697MB
Test: [200/1042]	Time 6.660 (7.110)	Loss 2.7422 (2.3906)	Acc@1 35.417 (48.476)	Acc@5 66.667 (72.875)	Mem 42697MB
Test: [210/1042]	Time 5.292 (7.098)	Loss 2.9941 (2.4109)	Acc@1 27.083 (47.640)	Acc@5 72.917 (72.759)	Mem 42697MB
Test: [220/1042]	Time 5.841 (7.074)	Loss 2.8398 (2.4398)	Acc@1 31.250 (46.870)	Acc@5 70.833 (72.294)	Mem 42697MB
Test: [230/1042]	Time 7.640 (7.071)	Loss 1.8545 (2.4460)	Acc@1 50.000 (46.645)	Acc@5 85.417 (72.195)	Mem 42697MB
Test: [240/1042]	Time 6.207 (7.055)	Loss 2.3457 (2.4664)	Acc@1 43.750 (46.196)	Acc@5 75.000 (71.836)	Mem 42697MB
Test: [250/1042]	Time 5.974 (7.048)	Loss 3.3516 (2.4996)	Acc@1 12.500 (45.128)	Acc@5 70.833 (71.315)	Mem 42697MB
Test: [260/1042]	Time 5.267 (7.024)	Loss 4.1094 (2.5396)	Acc@1 14.583 (44.397)	Acc@5 41.667 (70.562)	Mem 42697MB
Test: [270/1042]	Time 6.034 (7.005)	Loss 2.7910 (2.5486)	Acc@1 35.417 (44.211)	Acc@5 70.833 (70.411)	Mem 42697MB
Test: [280/1042]	Time 5.542 (7.010)	Loss 2.8613 (2.5561)	Acc@1 31.250 (43.958)	Acc@5 68.750 (70.403)	Mem 42697MB
Test: [290/1042]	Time 6.276 (7.013)	Loss 2.3379 (2.5585)	Acc@1 39.583 (43.836)	Acc@5 79.167 (70.411)	Mem 42697MB
Test: [300/1042]	Time 6.088 (7.004)	Loss 2.1660 (2.5696)	Acc@1 41.667 (43.501)	Acc@5 89.583 (70.321)	Mem 42697MB
Test: [310/1042]	Time 6.619 (7.017)	Loss 2.8809 (2.5654)	Acc@1 37.500 (43.743)	Acc@5 64.583 (70.351)	Mem 42697MB
Test: [320/1042]	Time 6.518 (7.011)	Loss 2.2246 (2.5606)	Acc@1 43.750 (43.841)	Acc@5 79.167 (70.476)	Mem 42697MB
Test: [330/1042]	Time 7.258 (7.005)	Loss 1.6045 (2.5728)	Acc@1 68.750 (43.656)	Acc@5 83.333 (70.273)	Mem 42697MB
Test: [340/1042]	Time 9.170 (7.000)	Loss 2.0586 (2.5425)	Acc@1 62.500 (44.269)	Acc@5 79.167 (70.839)	Mem 42697MB
Test: [350/1042]	Time 7.890 (7.011)	Loss 3.8848 (2.5349)	Acc@1 14.583 (44.551)	Acc@5 52.083 (70.958)	Mem 42697MB
Test: [360/1042]	Time 8.620 (7.008)	Loss 3.7773 (2.5274)	Acc@1 14.583 (44.720)	Acc@5 52.083 (71.133)	Mem 42697MB
Test: [370/1042]	Time 6.840 (7.007)	Loss 3.0957 (2.5327)	Acc@1 43.750 (44.710)	Acc@5 66.667 (71.108)	Mem 42697MB
Test: [380/1042]	Time 6.312 (7.002)	Loss 2.1523 (2.5301)	Acc@1 64.583 (44.794)	Acc@5 75.000 (71.189)	Mem 42697MB
Test: [390/1042]	Time 4.779 (6.972)	Loss 2.9727 (2.5417)	Acc@1 33.333 (44.496)	Acc@5 56.250 (70.993)	Mem 42697MB
Test: [400/1042]	Time 5.182 (6.943)	Loss 0.7812 (2.5286)	Acc@1 85.417 (44.711)	Acc@5 95.833 (71.176)	Mem 42697MB
Test: [410/1042]	Time 5.726 (6.917)	Loss 1.6309 (2.5122)	Acc@1 62.500 (44.961)	Acc@5 85.417 (71.426)	Mem 42697MB
Test: [420/1042]	Time 5.244 (6.892)	Loss 1.3389 (2.5142)	Acc@1 70.833 (45.012)	Acc@5 89.583 (71.407)	Mem 42697MB
Test: [430/1042]	Time 5.701 (6.861)	Loss 1.9873 (2.5141)	Acc@1 62.500 (45.079)	Acc@5 79.167 (71.505)	Mem 42697MB
Test: [440/1042]	Time 6.691 (6.840)	Loss 3.0801 (2.5308)	Acc@1 45.833 (45.030)	Acc@5 62.500 (71.273)	Mem 42697MB
Test: [450/1042]	Time 5.754 (6.819)	Loss 3.1562 (2.5418)	Acc@1 37.500 (44.877)	Acc@5 62.500 (71.120)	Mem 42697MB
Test: [460/1042]	Time 5.791 (6.797)	Loss 2.9824 (2.5584)	Acc@1 33.333 (44.722)	Acc@5 64.583 (70.842)	Mem 42697MB
Test: [470/1042]	Time 6.022 (6.772)	Loss 1.7656 (2.5696)	Acc@1 66.667 (44.626)	Acc@5 81.250 (70.727)	Mem 42697MB
Test: [480/1042]	Time 5.757 (6.761)	Loss 2.7832 (2.5944)	Acc@1 37.500 (44.265)	Acc@5 79.167 (70.340)	Mem 42697MB
Test: [490/1042]	Time 5.654 (6.744)	Loss 3.2422 (2.6093)	Acc@1 39.583 (44.157)	Acc@5 62.500 (70.087)	Mem 42697MB
Test: [500/1042]	Time 5.533 (6.726)	Loss 3.1426 (2.6167)	Acc@1 41.667 (44.137)	Acc@5 62.500 (69.977)	Mem 42697MB
Test: [510/1042]	Time 5.406 (6.714)	Loss 3.1230 (2.6290)	Acc@1 45.833 (43.876)	Acc@5 70.833 (69.839)	Mem 42697MB
Test: [520/1042]	Time 5.396 (6.695)	Loss 3.6504 (2.6465)	Acc@1 35.417 (43.638)	Acc@5 52.083 (69.594)	Mem 42697MB
Test: [530/1042]	Time 5.071 (6.678)	Loss 3.8789 (2.6657)	Acc@1 22.917 (43.373)	Acc@5 54.167 (69.248)	Mem 42697MB
Test: [540/1042]	Time 6.038 (6.668)	Loss 2.3789 (2.6758)	Acc@1 58.333 (43.269)	Acc@5 75.000 (69.100)	Mem 42697MB
Test: [550/1042]	Time 5.209 (6.656)	Loss 4.1484 (2.6851)	Acc@1 25.000 (43.096)	Acc@5 45.833 (68.984)	Mem 42697MB
Test: [560/1042]	Time 4.859 (6.630)	Loss 2.6816 (2.6898)	Acc@1 50.000 (43.115)	Acc@5 66.667 (68.932)	Mem 42697MB
Test: [570/1042]	Time 6.733 (6.602)	Loss 2.3867 (2.6990)	Acc@1 33.333 (42.969)	Acc@5 79.167 (68.790)	Mem 42697MB
Test: [580/1042]	Time 5.953 (6.572)	Loss 2.8945 (2.6942)	Acc@1 52.083 (43.176)	Acc@5 62.500 (68.872)	Mem 42697MB
Test: [590/1042]	Time 4.922 (6.547)	Loss 3.5684 (2.6962)	Acc@1 31.250 (43.175)	Acc@5 56.250 (68.849)	Mem 42697MB
Test: [600/1042]	Time 5.717 (6.521)	Loss 0.6328 (2.6983)	Acc@1 89.583 (43.240)	Acc@5 97.917 (68.792)	Mem 42697MB
Test: [610/1042]	Time 4.967 (6.497)	Loss 2.8516 (2.7088)	Acc@1 47.917 (43.095)	Acc@5 62.500 (68.590)	Mem 42697MB
Test: [620/1042]	Time 5.289 (6.473)	Loss 2.6582 (2.7168)	Acc@1 16.667 (42.945)	Acc@5 85.417 (68.495)	Mem 42697MB
Test: [630/1042]	Time 4.707 (6.448)	Loss 3.5996 (2.7295)	Acc@1 33.333 (42.733)	Acc@5 47.917 (68.265)	Mem 42697MB
Test: [640/1042]	Time 5.289 (6.425)	Loss 2.8555 (2.7275)	Acc@1 39.583 (42.872)	Acc@5 66.667 (68.269)	Mem 42697MB
Test: [650/1042]	Time 4.803 (6.400)	Loss 2.5820 (2.7415)	Acc@1 43.750 (42.739)	Acc@5 81.250 (68.091)	Mem 42697MB
Test: [660/1042]	Time 4.997 (6.378)	Loss 3.6387 (2.7483)	Acc@1 27.083 (42.644)	Acc@5 47.917 (68.031)	Mem 42697MB
Test: [670/1042]	Time 5.636 (6.359)	Loss 5.0938 (2.7568)	Acc@1 14.583 (42.533)	Acc@5 25.000 (67.909)	Mem 42697MB
Test: [680/1042]	Time 5.169 (6.338)	Loss 3.5762 (2.7619)	Acc@1 29.167 (42.511)	Acc@5 56.250 (67.829)	Mem 42697MB
Test: [690/1042]	Time 4.799 (6.317)	Loss 3.2441 (2.7731)	Acc@1 33.333 (42.273)	Acc@5 56.250 (67.656)	Mem 42697MB
Test: [700/1042]	Time 4.177 (6.297)	Loss 1.1152 (2.7709)	Acc@1 79.167 (42.300)	Acc@5 91.667 (67.704)	Mem 42697MB
Test: [710/1042]	Time 4.956 (6.276)	Loss 3.3652 (2.7774)	Acc@1 25.000 (42.203)	Acc@5 60.417 (67.607)	Mem 42697MB
Test: [720/1042]	Time 5.058 (6.260)	Loss 3.3047 (2.7742)	Acc@1 31.250 (42.297)	Acc@5 58.333 (67.655)	Mem 42697MB
Test: [730/1042]	Time 4.277 (6.241)	Loss 1.6182 (2.7754)	Acc@1 77.083 (42.365)	Acc@5 83.333 (67.641)	Mem 42697MB
Test: [740/1042]	Time 4.662 (6.223)	Loss 4.8477 (2.7824)	Acc@1 14.583 (42.311)	Acc@5 29.167 (67.547)	Mem 42697MB
Test: [750/1042]	Time 4.701 (6.206)	Loss 2.6289 (2.7797)	Acc@1 45.833 (42.410)	Acc@5 68.750 (67.585)	Mem 42697MB
Test: [760/1042]	Time 5.083 (6.189)	Loss 4.7500 (2.7761)	Acc@1 14.583 (42.556)	Acc@5 33.333 (67.614)	Mem 42697MB
Test: [770/1042]	Time 5.489 (6.173)	Loss 2.0547 (2.7807)	Acc@1 58.333 (42.499)	Acc@5 79.167 (67.510)	Mem 42697MB
Test: [780/1042]	Time 5.167 (6.157)	Loss 5.0586 (2.7895)	Acc@1 22.917 (42.459)	Acc@5 33.333 (67.331)	Mem 42697MB
Test: [790/1042]	Time 4.929 (6.143)	Loss 4.0352 (2.7971)	Acc@1 25.000 (42.357)	Acc@5 54.167 (67.236)	Mem 42697MB
Test: [800/1042]	Time 4.856 (6.128)	Loss 2.4785 (2.8050)	Acc@1 54.167 (42.291)	Acc@5 70.833 (67.135)	Mem 42697MB
Test: [810/1042]	Time 5.387 (6.114)	Loss 4.7227 (2.8162)	Acc@1 14.583 (42.150)	Acc@5 37.500 (66.954)	Mem 42697MB
Test: [820/1042]	Time 4.933 (6.100)	Loss 5.1328 (2.8205)	Acc@1 18.750 (42.136)	Acc@5 31.250 (66.928)	Mem 42697MB
Test: [830/1042]	Time 4.984 (6.085)	Loss 3.9199 (2.8266)	Acc@1 29.167 (42.083)	Acc@5 56.250 (66.862)	Mem 42697MB
Test: [840/1042]	Time 4.907 (6.069)	Loss 4.5039 (2.8262)	Acc@1 22.917 (42.147)	Acc@5 37.500 (66.865)	Mem 42697MB
Test: [850/1042]	Time 4.688 (6.057)	Loss 3.5488 (2.8296)	Acc@1 22.917 (42.063)	Acc@5 56.250 (66.845)	Mem 42697MB
Test: [860/1042]	Time 4.858 (6.042)	Loss 3.4043 (2.8301)	Acc@1 37.500 (42.139)	Acc@5 58.333 (66.848)	Mem 42697MB
Test: [870/1042]	Time 4.921 (6.028)	Loss 5.0898 (2.8357)	Acc@1 16.667 (42.069)	Acc@5 29.167 (66.760)	Mem 42697MB
Test: [880/1042]	Time 4.866 (6.014)	Loss 4.0039 (2.8477)	Acc@1 29.167 (41.889)	Acc@5 41.667 (66.544)	Mem 42697MB
Test: [890/1042]	Time 4.838 (6.002)	Loss 2.5762 (2.8511)	Acc@1 58.333 (41.849)	Acc@5 72.917 (66.489)	Mem 42697MB
Test: [900/1042]	Time 5.276 (5.991)	Loss 3.9785 (2.8546)	Acc@1 14.583 (41.824)	Acc@5 47.917 (66.463)	Mem 42697MB
Test: [910/1042]	Time 4.788 (5.980)	Loss 2.3965 (2.8560)	Acc@1 39.583 (41.776)	Acc@5 70.833 (66.465)	Mem 42697MB
Test: [920/1042]	Time 4.708 (5.966)	Loss 3.5273 (2.8624)	Acc@1 33.333 (41.673)	Acc@5 60.417 (66.397)	Mem 42697MB
Test: [930/1042]	Time 4.670 (5.954)	Loss 4.9258 (2.8715)	Acc@1 6.250 (41.555)	Acc@5 25.000 (66.237)	Mem 42697MB
Test: [940/1042]	Time 4.895 (5.945)	Loss 1.7734 (2.8708)	Acc@1 66.667 (41.569)	Acc@5 81.250 (66.233)	Mem 42697MB
Test: [950/1042]	Time 4.904 (5.933)	Loss 2.1758 (2.8769)	Acc@1 60.417 (41.494)	Acc@5 79.167 (66.178)	Mem 42697MB
Test: [960/1042]	Time 4.796 (5.922)	Loss 4.0430 (2.8729)	Acc@1 29.167 (41.599)	Acc@5 45.833 (66.246)	Mem 42697MB
Test: [970/1042]	Time 4.777 (5.910)	Loss 2.6758 (2.8661)	Acc@1 39.583 (41.707)	Acc@5 62.500 (66.366)	Mem 42697MB
Test: [980/1042]	Time 4.786 (5.900)	Loss 2.1543 (2.8574)	Acc@1 47.917 (41.809)	Acc@5 83.333 (66.514)	Mem 42697MB
Test: [990/1042]	Time 4.662 (5.889)	Loss 2.8477 (2.8525)	Acc@1 33.333 (41.824)	Acc@5 72.917 (66.608)	Mem 42697MB
Test: [1000/1042]	Time 4.686 (5.879)	Loss 1.8584 (2.8482)	Acc@1 54.167 (41.918)	Acc@5 79.167 (66.635)	Mem 42697MB
Test: [1010/1042]	Time 4.727 (5.868)	Loss 3.2090 (2.8528)	Acc@1 39.583 (41.813)	Acc@5 64.583 (66.560)	Mem 42697MB
Test: [1020/1042]	Time 5.373 (5.859)	Loss 1.4531 (2.8433)	Acc@1 66.667 (41.958)	Acc@5 89.583 (66.767)	Mem 42697MB
Test: [1030/1042]	Time 4.696 (5.850)	Loss 1.4648 (2.8342)	Acc@1 72.917 (42.144)	Acc@5 83.333 (66.897)	Mem 42697MB
Test: [1040/1042]	Time 4.766 (5.842)	Loss 3.8281 (2.8212)	Acc@1 16.667 (42.371)	Acc@5 54.167 (67.081)	Mem 42697MB
 * Acc@1 42.343 Acc@5 67.050
