[W socket.cpp:426] [c10d] The server socket has failed to bind to [::]:61234 (errno: 98 - Address already in use).
[W socket.cpp:426] [c10d] The server socket has failed to bind to ?UNKNOWN? (errno: 98 - Address already in use).
[E socket.cpp:462] [c10d] The server socket has failed to listen on any local network address.
The server socket has failed to listen on any local network address. The server socket has failed to bind to [::]:61234 (errno: 98 - Address already in use). The server socket has failed to bind to ?UNKNOWN? (errno: 98 - Address already in use).
[W socket.cpp:426] [c10d] The server socket has failed to bind to [::]:61233 (errno: 98 - Address already in use).
[W socket.cpp:426] [c10d] The server socket has failed to bind to ?UNKNOWN? (errno: 98 - Address already in use).
[E socket.cpp:462] [c10d] The server socket has failed to listen on any local network address.
The server socket has failed to listen on any local network address. The server socket has failed to bind to [::]:61233 (errno: 98 - Address already in use). The server socket has failed to bind to ?UNKNOWN? (errno: 98 - Address already in use).
using init_deit ======================== 
01/17 10:09:32 - mmengine - INFO - Because batch augmentations are enabled, the data preprocessor automatically enables the `to_onehot` option to generate one-hot format labels.
01/17 10:09:33 - mmengine - INFO - Loads checkpoint by http backend from path: https://download.openmmlab.com/mmclassification/v0/deit/deit-base_pt-16xb64_in1k_20220216-db63c16c.pth
starting loop: img_size 224; len(dataset) 50003
Test: [0/391]	Time 7.722 (7.722)	Loss 0.3088 (0.3088)	Acc@1 96.875 (96.875)	Acc@5 99.219 (99.219)	Mem 1570MB
Test: [10/391]	Time 6.205 (3.863)	Loss 1.0176 (0.4524)	Acc@1 77.344 (91.903)	Acc@5 98.438 (98.509)	Mem 1570MB
Test: [20/391]	Time 4.138 (4.623)	Loss 0.5254 (0.6055)	Acc@1 88.281 (87.202)	Acc@5 98.438 (97.805)	Mem 1570MB
Test: [30/391]	Time 7.556 (5.030)	Loss 0.9658 (0.7048)	Acc@1 80.469 (84.199)	Acc@5 92.969 (97.278)	Mem 1570MB
Test: [40/391]	Time 6.115 (5.269)	Loss 0.5552 (0.6304)	Acc@1 92.969 (86.452)	Acc@5 96.094 (97.675)	Mem 1570MB
Test: [50/391]	Time 5.860 (5.423)	Loss 0.2852 (0.6332)	Acc@1 94.531 (86.780)	Acc@5 100.000 (97.518)	Mem 1570MB
Test: [60/391]	Time 4.226 (5.492)	Loss 0.8477 (0.5983)	Acc@1 79.688 (87.692)	Acc@5 97.656 (97.707)	Mem 1570MB
Test: [70/391]	Time 5.919 (5.566)	Loss 0.7886 (0.6238)	Acc@1 76.562 (86.994)	Acc@5 96.875 (97.623)	Mem 1570MB
Test: [80/391]	Time 5.990 (5.585)	Loss 0.6470 (0.6398)	Acc@1 86.719 (86.449)	Acc@5 96.094 (97.483)	Mem 1570MB
Test: [90/391]	Time 4.908 (5.530)	Loss 0.8359 (0.6426)	Acc@1 73.438 (86.418)	Acc@5 97.656 (97.424)	Mem 1570MB
Test: [100/391]	Time 5.301 (5.530)	Loss 0.5581 (0.6453)	Acc@1 88.281 (86.208)	Acc@5 96.094 (97.447)	Mem 1570MB
Test: [110/391]	Time 7.434 (5.609)	Loss 1.1094 (0.6555)	Acc@1 59.375 (85.839)	Acc@5 98.438 (97.452)	Mem 1570MB
Test: [120/391]	Time 4.659 (5.663)	Loss 0.4517 (0.6534)	Acc@1 92.188 (86.015)	Acc@5 98.438 (97.495)	Mem 1570MB
Test: [130/391]	Time 5.546 (5.650)	Loss 0.2683 (0.6457)	Acc@1 98.438 (86.248)	Acc@5 99.219 (97.525)	Mem 1570MB
Test: [140/391]	Time 4.740 (5.628)	Loss 1.0664 (0.6458)	Acc@1 69.531 (86.076)	Acc@5 99.219 (97.590)	Mem 1570MB
Test: [150/391]	Time 9.051 (5.668)	Loss 0.7603 (0.6518)	Acc@1 77.344 (85.979)	Acc@5 99.219 (97.532)	Mem 1570MB
Test: [160/391]	Time 3.188 (5.628)	Loss 0.6875 (0.6526)	Acc@1 84.375 (85.996)	Acc@5 97.656 (97.482)	Mem 1570MB
Test: [170/391]	Time 2.511 (5.585)	Loss 1.3398 (0.6695)	Acc@1 65.625 (85.513)	Acc@5 92.969 (97.373)	Mem 1570MB
Test: [180/391]	Time 6.082 (5.612)	Loss 1.5830 (0.6860)	Acc@1 61.719 (85.143)	Acc@5 93.750 (97.216)	Mem 1570MB
Test: [190/391]	Time 5.761 (5.657)	Loss 1.3555 (0.7075)	Acc@1 71.875 (84.588)	Acc@5 94.531 (97.018)	Mem 1570MB
Test: [200/391]	Time 4.674 (5.672)	Loss 0.6509 (0.7247)	Acc@1 84.375 (84.212)	Acc@5 97.656 (96.848)	Mem 1570MB
Test: [210/391]	Time 5.215 (5.698)	Loss 0.9839 (0.7378)	Acc@1 79.688 (83.875)	Acc@5 95.312 (96.749)	Mem 1570MB
Test: [220/391]	Time 7.013 (5.730)	Loss 0.3203 (0.7372)	Acc@1 94.531 (83.919)	Acc@5 100.000 (96.734)	Mem 1570MB
Test: [230/391]	Time 7.645 (5.769)	Loss 1.2188 (0.7447)	Acc@1 71.875 (83.759)	Acc@5 88.281 (96.621)	Mem 1570MB
Test: [240/391]	Time 6.993 (5.788)	Loss 0.7856 (0.7464)	Acc@1 86.719 (83.791)	Acc@5 92.188 (96.544)	Mem 1570MB
Test: [250/391]	Time 6.428 (5.780)	Loss 0.4797 (0.7619)	Acc@1 91.406 (83.298)	Acc@5 99.219 (96.436)	Mem 1570MB
Test: [260/391]	Time 6.657 (5.789)	Loss 0.7056 (0.7740)	Acc@1 78.906 (83.013)	Acc@5 98.438 (96.312)	Mem 1570MB
Test: [270/391]	Time 6.205 (5.793)	Loss 1.6377 (0.7804)	Acc@1 64.062 (82.859)	Acc@5 88.281 (96.232)	Mem 1570MB
Test: [280/391]	Time 5.997 (5.802)	Loss 0.9121 (0.7833)	Acc@1 76.562 (82.796)	Acc@5 96.875 (96.199)	Mem 1570MB
Test: [290/391]	Time 4.596 (5.809)	Loss 1.2021 (0.7887)	Acc@1 61.719 (82.654)	Acc@5 94.531 (96.123)	Mem 1570MB
Test: [300/391]	Time 5.427 (5.803)	Loss 0.7607 (0.7941)	Acc@1 85.938 (82.584)	Acc@5 96.094 (96.050)	Mem 1570MB
Test: [310/391]	Time 5.708 (5.821)	Loss 0.9092 (0.7975)	Acc@1 84.375 (82.524)	Acc@5 92.969 (96.001)	Mem 1570MB
Test: [320/391]	Time 5.935 (5.830)	Loss 0.4968 (0.8038)	Acc@1 90.625 (82.399)	Acc@5 98.438 (95.926)	Mem 1570MB
Test: [330/391]	Time 6.103 (5.836)	Loss 1.2578 (0.8144)	Acc@1 64.062 (82.083)	Acc@5 89.844 (95.811)	Mem 1570MB
Test: [340/391]	Time 7.655 (5.841)	Loss 0.6650 (0.8174)	Acc@1 85.156 (82.020)	Acc@5 98.438 (95.798)	Mem 1570MB
Test: [350/391]	Time 5.655 (5.842)	Loss 0.7505 (0.8201)	Acc@1 81.250 (81.942)	Acc@5 96.094 (95.787)	Mem 1570MB
Test: [360/391]	Time 5.537 (5.856)	Loss 1.3867 (0.8279)	Acc@1 70.312 (81.741)	Acc@5 92.188 (95.730)	Mem 1570MB
Test: [370/391]	Time 6.351 (5.856)	Loss 1.0439 (0.8248)	Acc@1 65.625 (81.764)	Acc@5 99.219 (95.780)	Mem 1570MB
Test: [380/391]	Time 4.637 (5.851)	Loss 0.7871 (0.8262)	Acc@1 82.812 (81.734)	Acc@5 97.656 (95.776)	Mem 1570MB
Test: [390/391]	Time 3.802 (5.848)	Loss 1.4922 (0.8235)	Acc@1 57.831 (81.761)	Acc@5 91.566 (95.810)	Mem 1570MB
 * Acc@1 81.761 Acc@5 95.810
01/17 10:47:41 - mmengine - INFO - Because batch augmentations are enabled, the data preprocessor automatically enables the `to_onehot` option to generate one-hot format labels.
01/17 10:47:43 - mmengine - INFO - Loads checkpoint by http backend from path: https://download.openmmlab.com/mmclassification/v0/deit/deit-base_pt-16xb64_in1k_20220216-db63c16c.pth
starting loop: img_size 64; len(dataset) 50003
Test: [0/391]	Time 1.858 (1.858)	Loss 6.9258 (6.9258)	Acc@1 0.781 (0.781)	Acc@5 3.906 (3.906)	Mem 1570MB
Test: [10/391]	Time 4.227 (2.925)	Loss 7.2461 (7.2262)	Acc@1 0.000 (0.142)	Acc@5 0.000 (1.278)	Mem 1570MB
Test: [20/391]	Time 2.616 (2.939)	Loss 7.1914 (7.2714)	Acc@1 1.562 (0.149)	Acc@5 1.562 (0.893)	Mem 1570MB
Test: [30/391]	Time 4.593 (2.814)	Loss 6.5391 (7.1763)	Acc@1 0.781 (0.252)	Acc@5 3.125 (1.386)	Mem 1570MB
Test: [40/391]	Time 3.330 (2.666)	Loss 7.5391 (7.2138)	Acc@1 0.000 (0.210)	Acc@5 0.000 (1.200)	Mem 1570MB
Test: [50/391]	Time 3.170 (2.680)	Loss 6.8516 (7.1964)	Acc@1 0.000 (0.322)	Acc@5 1.562 (1.532)	Mem 1570MB
Test: [60/391]	Time 1.096 (2.523)	Loss 7.4414 (7.2047)	Acc@1 0.000 (0.282)	Acc@5 0.000 (1.409)	Mem 1570MB
Test: [70/391]	Time 1.407 (2.370)	Loss 7.5352 (7.2574)	Acc@1 0.000 (0.242)	Acc@5 0.000 (1.210)	Mem 1570MB
Test: [80/391]	Time 1.265 (2.297)	Loss 7.6133 (7.2862)	Acc@1 0.000 (0.212)	Acc@5 0.000 (1.061)	Mem 1570MB
Test: [90/391]	Time 1.229 (2.222)	Loss 7.4219 (7.3073)	Acc@1 0.000 (0.189)	Acc@5 0.000 (0.944)	Mem 1570MB
Test: [100/391]	Time 1.324 (2.148)	Loss 7.6719 (7.3358)	Acc@1 0.000 (0.170)	Acc@5 0.000 (0.851)	Mem 1570MB
Test: [110/391]	Time 1.855 (2.124)	Loss 7.0742 (7.3498)	Acc@1 0.000 (0.155)	Acc@5 0.000 (0.781)	Mem 1570MB
Test: [120/391]	Time 1.458 (2.096)	Loss 6.9570 (7.3488)	Acc@1 0.000 (0.155)	Acc@5 0.781 (0.762)	Mem 1570MB
Test: [130/391]	Time 2.182 (2.110)	Loss 7.4609 (7.3305)	Acc@1 0.000 (0.191)	Acc@5 0.000 (0.799)	Mem 1570MB
Test: [140/391]	Time 2.565 (2.096)	Loss 7.6172 (7.3406)	Acc@1 0.000 (0.177)	Acc@5 0.000 (0.759)	Mem 1570MB
Test: [150/391]	Time 2.328 (2.092)	Loss 7.5859 (7.3489)	Acc@1 0.000 (0.166)	Acc@5 0.000 (0.730)	Mem 1570MB
Test: [160/391]	Time 1.723 (2.056)	Loss 6.4141 (7.3173)	Acc@1 0.000 (0.214)	Acc@5 3.906 (0.898)	Mem 1570MB
Test: [170/391]	Time 1.226 (2.016)	Loss 6.6406 (7.2790)	Acc@1 0.000 (0.338)	Acc@5 1.562 (1.229)	Mem 1570MB
Test: [180/391]	Time 1.361 (1.989)	Loss 6.2695 (7.2391)	Acc@1 2.344 (0.475)	Acc@5 5.469 (1.627)	Mem 1570MB
Test: [190/391]	Time 1.226 (1.974)	Loss 5.9609 (7.2087)	Acc@1 3.906 (0.491)	Acc@5 14.062 (1.751)	Mem 1570MB
Test: [200/391]	Time 1.987 (1.955)	Loss 6.8438 (7.1703)	Acc@1 0.000 (0.602)	Acc@5 2.344 (2.013)	Mem 1570MB
Test: [210/391]	Time 1.623 (1.939)	Loss 5.3516 (7.1360)	Acc@1 11.719 (0.733)	Acc@5 28.906 (2.336)	Mem 1570MB
Test: [220/391]	Time 1.756 (1.931)	Loss 6.6055 (7.0996)	Acc@1 1.562 (0.817)	Acc@5 7.031 (2.669)	Mem 1570MB
Test: [230/391]	Time 1.659 (1.925)	Loss 6.0000 (7.0825)	Acc@1 3.906 (0.856)	Acc@5 17.188 (2.824)	Mem 1570MB
Test: [240/391]	Time 1.736 (1.914)	Loss 6.5859 (7.0612)	Acc@1 2.344 (0.885)	Acc@5 4.688 (2.905)	Mem 1570MB
Test: [250/391]	Time 1.524 (1.895)	Loss 5.9609 (7.0333)	Acc@1 4.688 (0.977)	Acc@5 17.188 (3.162)	Mem 1570MB
Test: [260/391]	Time 1.635 (1.883)	Loss 7.2656 (7.0160)	Acc@1 0.781 (1.039)	Acc@5 1.562 (3.338)	Mem 1570MB
Test: [270/391]	Time 1.444 (1.868)	Loss 7.0703 (7.0021)	Acc@1 0.000 (1.055)	Acc@5 0.000 (3.457)	Mem 1570MB
Test: [280/391]	Time 1.292 (1.853)	Loss 5.9883 (6.9804)	Acc@1 4.688 (1.118)	Acc@5 19.531 (3.642)	Mem 1570MB
Test: [290/391]	Time 1.305 (1.843)	Loss 6.6680 (6.9624)	Acc@1 0.000 (1.160)	Acc@5 3.125 (3.767)	Mem 1570MB
Test: [300/391]	Time 1.388 (1.830)	Loss 6.3125 (6.9429)	Acc@1 4.688 (1.238)	Acc@5 10.938 (3.987)	Mem 1570MB
Test: [310/391]	Time 1.314 (1.823)	Loss 5.9766 (6.9229)	Acc@1 11.719 (1.311)	Acc@5 29.688 (4.270)	Mem 1570MB
Test: [320/391]	Time 1.391 (1.817)	Loss 6.5469 (6.9082)	Acc@1 0.000 (1.343)	Acc@5 4.688 (4.471)	Mem 1570MB
Test: [330/391]	Time 1.259 (1.803)	Loss 5.7539 (6.8977)	Acc@1 0.781 (1.369)	Acc@5 23.438 (4.581)	Mem 1570MB
Test: [340/391]	Time 2.176 (1.797)	Loss 6.7070 (6.8801)	Acc@1 0.000 (1.482)	Acc@5 2.344 (4.756)	Mem 1570MB
Test: [350/391]	Time 1.267 (1.788)	Loss 6.0078 (6.8652)	Acc@1 0.781 (1.494)	Acc@5 3.906 (4.821)	Mem 1570MB
Test: [360/391]	Time 1.236 (1.780)	Loss 6.2461 (6.8369)	Acc@1 7.812 (1.738)	Acc@5 15.625 (5.235)	Mem 1570MB
Test: [370/391]	Time 1.827 (1.783)	Loss 6.1836 (6.8428)	Acc@1 6.250 (1.731)	Acc@5 13.281 (5.172)	Mem 1570MB
Test: [380/391]	Time 2.451 (1.783)	Loss 6.4805 (6.8364)	Acc@1 1.562 (1.733)	Acc@5 6.250 (5.202)	Mem 1570MB
Test: [390/391]	Time 0.952 (1.784)	Loss 6.1523 (6.8291)	Acc@1 1.205 (1.822)	Acc@5 8.434 (5.316)	Mem 1570MB
 * Acc@1 1.822 Acc@5 5.316
01/17 10:59:21 - mmengine - INFO - Because batch augmentations are enabled, the data preprocessor automatically enables the `to_onehot` option to generate one-hot format labels.
01/17 10:59:22 - mmengine - INFO - Loads checkpoint by http backend from path: https://download.openmmlab.com/mmclassification/v0/deit/deit-base_pt-16xb64_in1k_20220216-db63c16c.pth
starting loop: img_size 112; len(dataset) 50003
Test: [0/391]	Time 3.797 (3.797)	Loss 1.0488 (1.0488)	Acc@1 84.375 (84.375)	Acc@5 90.625 (90.625)	Mem 1633MB
Test: [10/391]	Time 5.335 (3.769)	Loss 2.0371 (1.1688)	Acc@1 61.719 (79.545)	Acc@5 81.250 (91.335)	Mem 1633MB
Test: [20/391]	Time 3.500 (3.815)	Loss 1.7305 (1.5223)	Acc@1 66.406 (70.982)	Acc@5 86.719 (87.537)	Mem 1633MB
Test: [30/391]	Time 4.074 (4.022)	Loss 1.7979 (1.6934)	Acc@1 63.281 (66.406)	Acc@5 85.938 (86.089)	Mem 1633MB
Test: [40/391]	Time 3.959 (4.020)	Loss 1.7480 (1.5399)	Acc@1 66.406 (70.255)	Acc@5 81.250 (87.386)	Mem 1633MB
Test: [50/391]	Time 4.411 (4.272)	Loss 0.6885 (1.5630)	Acc@1 87.500 (69.975)	Acc@5 93.750 (86.979)	Mem 1633MB
Test: [60/391]	Time 3.415 (4.394)	Loss 1.3418 (1.4707)	Acc@1 70.312 (71.798)	Acc@5 91.406 (88.012)	Mem 1633MB
Test: [70/391]	Time 4.370 (4.474)	Loss 1.9521 (1.4808)	Acc@1 57.812 (70.940)	Acc@5 80.469 (88.160)	Mem 1633MB
Test: [80/391]	Time 3.764 (4.413)	Loss 1.7363 (1.4837)	Acc@1 65.625 (70.312)	Acc@5 82.031 (88.262)	Mem 1633MB
Test: [90/391]	Time 4.317 (4.445)	Loss 1.4736 (1.4594)	Acc@1 63.281 (70.553)	Acc@5 92.188 (88.685)	Mem 1633MB
Test: [100/391]	Time 4.467 (4.453)	Loss 1.1973 (1.4413)	Acc@1 74.219 (70.591)	Acc@5 90.625 (89.039)	Mem 1633MB
Test: [110/391]	Time 5.963 (4.486)	Loss 1.6006 (1.4353)	Acc@1 53.906 (70.390)	Acc@5 89.844 (89.231)	Mem 1633MB
Test: [120/391]	Time 4.654 (4.506)	Loss 1.6484 (1.4341)	Acc@1 64.062 (70.577)	Acc@5 89.062 (89.353)	Mem 1633MB
Test: [130/391]	Time 5.033 (4.598)	Loss 1.1621 (1.4270)	Acc@1 83.594 (70.879)	Acc@5 89.844 (89.414)	Mem 1633MB
Test: [140/391]	Time 6.324 (4.628)	Loss 1.9668 (1.4236)	Acc@1 52.344 (70.833)	Acc@5 86.719 (89.500)	Mem 1633MB
Test: [150/391]	Time 6.034 (4.691)	Loss 1.3994 (1.4209)	Acc@1 67.188 (70.964)	Acc@5 91.406 (89.482)	Mem 1633MB
Test: [160/391]	Time 4.779 (4.745)	Loss 1.5420 (1.4248)	Acc@1 66.406 (70.900)	Acc@5 89.844 (89.470)	Mem 1633MB
Test: [170/391]	Time 4.993 (4.712)	Loss 2.1973 (1.4598)	Acc@1 47.656 (70.111)	Acc@5 78.906 (88.957)	Mem 1633MB
Test: [180/391]	Time 5.510 (4.728)	Loss 2.1328 (1.4769)	Acc@1 53.906 (69.721)	Acc@5 85.938 (88.782)	Mem 1633MB
Test: [190/391]	Time 4.936 (4.782)	Loss 1.9873 (1.5044)	Acc@1 57.812 (69.106)	Acc@5 84.375 (88.404)	Mem 1633MB
Test: [200/391]	Time 4.651 (4.780)	Loss 2.0527 (1.5256)	Acc@1 51.562 (68.626)	Acc@5 80.469 (88.149)	Mem 1633MB
Test: [210/391]	Time 4.429 (4.814)	Loss 1.6348 (1.5413)	Acc@1 64.844 (68.261)	Acc@5 88.281 (87.967)	Mem 1633MB
Test: [220/391]	Time 6.510 (4.825)	Loss 1.0381 (1.5412)	Acc@1 80.469 (68.329)	Acc@5 92.188 (87.914)	Mem 1633MB
Test: [230/391]	Time 5.850 (4.869)	Loss 2.4805 (1.5544)	Acc@1 48.438 (68.104)	Acc@5 73.438 (87.693)	Mem 1633MB
Test: [240/391]	Time 5.282 (4.890)	Loss 1.4346 (1.5589)	Acc@1 75.781 (68.111)	Acc@5 87.500 (87.565)	Mem 1633MB
Test: [250/391]	Time 5.027 (4.897)	Loss 1.2930 (1.5759)	Acc@1 78.906 (67.707)	Acc@5 88.281 (87.316)	Mem 1633MB
Test: [260/391]	Time 5.517 (4.885)	Loss 1.8525 (1.5947)	Acc@1 58.594 (67.262)	Acc@5 82.031 (87.123)	Mem 1633MB
Test: [270/391]	Time 6.637 (4.906)	Loss 2.9922 (1.6096)	Acc@1 42.188 (67.003)	Acc@5 67.188 (86.897)	Mem 1633MB
Test: [280/391]	Time 5.409 (4.911)	Loss 1.5781 (1.6120)	Acc@1 60.156 (66.968)	Acc@5 89.062 (86.888)	Mem 1633MB
Test: [290/391]	Time 4.967 (4.932)	Loss 2.1816 (1.6222)	Acc@1 47.656 (66.836)	Acc@5 81.250 (86.687)	Mem 1633MB
Test: [300/391]	Time 5.169 (4.943)	Loss 1.8838 (1.6319)	Acc@1 64.844 (66.731)	Acc@5 82.812 (86.529)	Mem 1633MB
Test: [310/391]	Time 5.147 (4.975)	Loss 1.9639 (1.6432)	Acc@1 61.719 (66.549)	Acc@5 83.594 (86.349)	Mem 1633MB
Test: [320/391]	Time 5.762 (4.975)	Loss 1.3242 (1.6463)	Acc@1 74.219 (66.457)	Acc@5 93.750 (86.317)	Mem 1633MB
Test: [330/391]	Time 5.347 (4.985)	Loss 2.0332 (1.6611)	Acc@1 50.781 (66.149)	Acc@5 79.688 (86.093)	Mem 1633MB
Test: [340/391]	Time 6.695 (4.994)	Loss 1.7412 (1.6674)	Acc@1 61.719 (66.024)	Acc@5 88.281 (86.006)	Mem 1633MB
Test: [350/391]	Time 4.843 (5.002)	Loss 1.5508 (1.6698)	Acc@1 68.750 (65.990)	Acc@5 87.500 (85.989)	Mem 1633MB
Test: [360/391]	Time 4.085 (5.011)	Loss 1.9658 (1.6726)	Acc@1 54.688 (65.911)	Acc@5 86.719 (85.992)	Mem 1633MB
Test: [370/391]	Time 6.343 (5.034)	Loss 1.3096 (1.6652)	Acc@1 67.188 (66.038)	Acc@5 92.969 (86.100)	Mem 1633MB
Test: [380/391]	Time 5.301 (5.041)	Loss 1.1982 (1.6642)	Acc@1 74.219 (66.047)	Acc@5 96.094 (86.122)	Mem 1633MB
Test: [390/391]	Time 2.702 (5.043)	Loss 2.7148 (1.6551)	Acc@1 44.578 (66.206)	Acc@5 72.289 (86.247)	Mem 1633MB
 * Acc@1 66.206 Acc@5 86.247
01/17 11:32:15 - mmengine - INFO - Because batch augmentations are enabled, the data preprocessor automatically enables the `to_onehot` option to generate one-hot format labels.
01/17 11:32:18 - mmengine - INFO - Loads checkpoint by http backend from path: https://download.openmmlab.com/mmclassification/v0/deit/deit-base_pt-16xb64_in1k_20220216-db63c16c.pth
starting loop: img_size 384; len(dataset) 50003
Test: [0/391]	Time 9.303 (9.303)	Loss 0.2910 (0.2910)	Acc@1 94.531 (94.531)	Acc@5 99.219 (99.219)	Mem 5920MB
Test: [10/391]	Time 10.300 (8.317)	Loss 0.9580 (0.3849)	Acc@1 76.562 (92.827)	Acc@5 98.438 (98.793)	Mem 5920MB
Test: [20/391]	Time 7.495 (8.248)	Loss 0.5620 (0.5502)	Acc@1 87.500 (87.835)	Acc@5 97.656 (97.842)	Mem 5920MB
Test: [30/391]	Time 9.008 (8.270)	Loss 1.0996 (0.6669)	Acc@1 75.000 (84.753)	Acc@5 93.750 (97.177)	Mem 5920MB
Test: [40/391]	Time 8.340 (8.237)	Loss 0.4666 (0.5963)	Acc@1 92.188 (86.795)	Acc@5 95.312 (97.466)	Mem 5920MB
Test: [50/391]	Time 8.142 (8.272)	Loss 0.1844 (0.6026)	Acc@1 97.656 (86.964)	Acc@5 100.000 (97.350)	Mem 5920MB
Test: [60/391]	Time 7.153 (8.161)	Loss 0.7871 (0.5672)	Acc@1 80.469 (87.807)	Acc@5 96.875 (97.579)	Mem 5920MB
Test: [70/391]	Time 7.405 (8.137)	Loss 0.9028 (0.6038)	Acc@1 71.094 (86.719)	Acc@5 96.875 (97.392)	Mem 5920MB
Test: [80/391]	Time 8.129 (8.053)	Loss 0.7510 (0.6244)	Acc@1 82.812 (86.024)	Acc@5 96.094 (97.251)	Mem 5920MB
Test: [90/391]	Time 7.353 (7.997)	Loss 0.8931 (0.6317)	Acc@1 67.188 (85.817)	Acc@5 98.438 (97.218)	Mem 5920MB
Test: [100/391]	Time 8.645 (7.986)	Loss 0.5181 (0.6412)	Acc@1 89.844 (85.388)	Acc@5 96.094 (97.215)	Mem 5920MB
Test: [110/391]	Time 9.957 (8.072)	Loss 1.1592 (0.6525)	Acc@1 59.375 (84.966)	Acc@5 98.438 (97.241)	Mem 5920MB
Test: [120/391]	Time 8.379 (8.008)	Loss 0.4182 (0.6502)	Acc@1 92.188 (85.105)	Acc@5 97.656 (97.262)	Mem 5920MB
Test: [130/391]	Time 7.491 (8.014)	Loss 0.2467 (0.6410)	Acc@1 97.656 (85.419)	Acc@5 99.219 (97.298)	Mem 5920MB
Test: [140/391]	Time 7.172 (7.966)	Loss 1.0996 (0.6410)	Acc@1 65.625 (85.273)	Acc@5 97.656 (97.379)	Mem 5920MB
Test: [150/391]	Time 11.336 (7.973)	Loss 0.7383 (0.6496)	Acc@1 78.125 (85.125)	Acc@5 99.219 (97.315)	Mem 5920MB
Test: [160/391]	Time 7.519 (7.983)	Loss 0.7808 (0.6500)	Acc@1 79.688 (85.122)	Acc@5 96.094 (97.273)	Mem 5920MB
Test: [170/391]	Time 5.481 (7.956)	Loss 1.4971 (0.6667)	Acc@1 60.156 (84.654)	Acc@5 89.062 (97.117)	Mem 5920MB
Test: [180/391]	Time 8.075 (7.947)	Loss 1.6377 (0.6859)	Acc@1 62.500 (84.250)	Acc@5 89.844 (96.918)	Mem 5920MB
Test: [190/391]	Time 7.506 (7.947)	Loss 1.4268 (0.7051)	Acc@1 69.531 (83.757)	Acc@5 92.969 (96.748)	Mem 5920MB
Test: [200/391]	Time 7.360 (7.866)	Loss 0.6562 (0.7260)	Acc@1 82.812 (83.287)	Acc@5 96.875 (96.514)	Mem 5920MB
Test: [210/391]	Time 7.188 (7.841)	Loss 0.9507 (0.7391)	Acc@1 80.469 (82.961)	Acc@5 92.969 (96.412)	Mem 5920MB
Test: [220/391]	Time 7.063 (7.792)	Loss 0.3281 (0.7383)	Acc@1 93.750 (83.014)	Acc@5 99.219 (96.391)	Mem 5920MB
Test: [230/391]	Time 5.409 (7.771)	Loss 1.2188 (0.7445)	Acc@1 75.781 (82.941)	Acc@5 89.062 (96.303)	Mem 5920MB
Test: [240/391]	Time 9.005 (7.760)	Loss 0.7515 (0.7461)	Acc@1 86.719 (82.962)	Acc@5 91.406 (96.220)	Mem 5920MB
Test: [250/391]	Time 7.000 (7.741)	Loss 0.4294 (0.7625)	Acc@1 91.406 (82.495)	Acc@5 99.219 (96.075)	Mem 5920MB
Test: [260/391]	Time 8.430 (7.739)	Loss 0.6831 (0.7746)	Acc@1 82.812 (82.202)	Acc@5 97.656 (95.917)	Mem 5920MB
Test: [270/391]	Time 4.098 (7.715)	Loss 1.4521 (0.7793)	Acc@1 67.188 (82.109)	Acc@5 86.719 (95.834)	Mem 5920MB
Test: [280/391]	Time 4.636 (7.714)	Loss 1.0752 (0.7801)	Acc@1 75.781 (82.129)	Acc@5 94.531 (95.821)	Mem 5920MB
Test: [290/391]	Time 6.686 (7.687)	Loss 1.2266 (0.7840)	Acc@1 57.812 (82.047)	Acc@5 93.750 (95.745)	Mem 5920MB
Test: [300/391]	Time 5.945 (7.659)	Loss 0.7856 (0.7892)	Acc@1 83.594 (81.977)	Acc@5 95.312 (95.673)	Mem 5920MB
Test: [310/391]	Time 7.121 (7.636)	Loss 0.8813 (0.7936)	Acc@1 82.031 (81.883)	Acc@5 92.188 (95.614)	Mem 5920MB
Test: [320/391]	Time 7.045 (7.625)	Loss 0.5527 (0.8013)	Acc@1 85.938 (81.746)	Acc@5 97.656 (95.529)	Mem 5920MB
Test: [330/391]	Time 6.621 (7.616)	Loss 1.2305 (0.8118)	Acc@1 68.750 (81.479)	Acc@5 89.062 (95.405)	Mem 5920MB
Test: [340/391]	Time 9.939 (7.593)	Loss 0.6377 (0.8142)	Acc@1 85.938 (81.415)	Acc@5 98.438 (95.390)	Mem 5920MB
Test: [350/391]	Time 8.152 (7.576)	Loss 0.6997 (0.8165)	Acc@1 81.250 (81.361)	Acc@5 97.656 (95.373)	Mem 5920MB
Test: [360/391]	Time 6.700 (7.580)	Loss 1.2520 (0.8239)	Acc@1 71.094 (81.170)	Acc@5 95.312 (95.300)	Mem 5920MB
Test: [370/391]	Time 8.905 (7.564)	Loss 1.0850 (0.8202)	Acc@1 66.406 (81.197)	Acc@5 96.875 (95.346)	Mem 5920MB
Test: [380/391]	Time 6.760 (7.550)	Loss 0.6914 (0.8215)	Acc@1 82.031 (81.147)	Acc@5 97.656 (95.337)	Mem 5920MB
Test: [390/391]	Time 3.876 (7.544)	Loss 1.7354 (0.8190)	Acc@1 54.217 (81.177)	Acc@5 87.952 (95.360)	Mem 5920MB
 * Acc@1 81.177 Acc@5 95.360
01/17 12:21:29 - mmengine - INFO - Because batch augmentations are enabled, the data preprocessor automatically enables the `to_onehot` option to generate one-hot format labels.
01/17 12:21:30 - mmengine - INFO - Loads checkpoint by http backend from path: https://download.openmmlab.com/mmclassification/v0/deit/deit-base_pt-16xb64_in1k_20220216-db63c16c.pth
starting loop: img_size 512; len(dataset) 50003
Test: [0/391]	Time 10.870 (10.870)	Loss 0.3301 (0.3301)	Acc@1 92.969 (92.969)	Acc@5 98.438 (98.438)	Mem 13481MB
Test: [10/391]	Time 12.514 (10.187)	Loss 0.9126 (0.4114)	Acc@1 76.562 (91.264)	Acc@5 99.219 (98.438)	Mem 13482MB
Test: [20/391]	Time 9.190 (10.339)	Loss 0.7197 (0.6008)	Acc@1 82.812 (86.086)	Acc@5 95.312 (97.135)	Mem 13482MB
Test: [30/391]	Time 11.061 (10.375)	Loss 1.2617 (0.7333)	Acc@1 72.656 (82.762)	Acc@5 91.406 (96.421)	Mem 13482MB
Test: [40/391]	Time 7.539 (10.105)	Loss 0.5205 (0.6523)	Acc@1 89.062 (85.118)	Acc@5 96.094 (96.875)	Mem 13482MB
Test: [50/391]	Time 8.508 (10.073)	Loss 0.2002 (0.6657)	Acc@1 96.094 (85.141)	Acc@5 100.000 (96.630)	Mem 13482MB
Test: [60/391]	Time 9.243 (9.972)	Loss 0.8594 (0.6278)	Acc@1 79.688 (86.053)	Acc@5 96.875 (96.965)	Mem 13482MB
Test: [70/391]	Time 10.112 (9.933)	Loss 1.2637 (0.6742)	Acc@1 62.500 (84.760)	Acc@5 93.750 (96.677)	Mem 13482MB
Test: [80/391]	Time 10.491 (9.849)	Loss 1.0488 (0.7010)	Acc@1 75.000 (83.883)	Acc@5 93.750 (96.547)	Mem 13482MB
Test: [90/391]	Time 9.035 (9.751)	Loss 1.0781 (0.7173)	Acc@1 64.844 (83.456)	Acc@5 97.656 (96.480)	Mem 13482MB
Test: [100/391]	Time 8.508 (9.692)	Loss 0.6348 (0.7365)	Acc@1 89.062 (82.789)	Acc@5 96.875 (96.310)	Mem 13482MB
Test: [110/391]	Time 12.480 (9.753)	Loss 1.2891 (0.7496)	Acc@1 60.156 (82.348)	Acc@5 96.875 (96.354)	Mem 13482MB
Test: [120/391]	Time 9.100 (9.769)	Loss 0.4773 (0.7436)	Acc@1 91.406 (82.567)	Acc@5 96.875 (96.352)	Mem 13482MB
Test: [130/391]	Time 9.748 (9.789)	Loss 0.2249 (0.7305)	Acc@1 96.875 (82.991)	Acc@5 99.219 (96.416)	Mem 13482MB
Test: [140/391]	Time 10.624 (9.799)	Loss 1.1377 (0.7288)	Acc@1 64.844 (82.896)	Acc@5 97.656 (96.515)	Mem 13482MB
Test: [150/391]	Time 12.460 (9.860)	Loss 0.8604 (0.7366)	Acc@1 71.094 (82.709)	Acc@5 99.219 (96.435)	Mem 13482MB
Test: [160/391]	Time 10.741 (9.859)	Loss 1.0029 (0.7352)	Acc@1 75.781 (82.812)	Acc@5 92.969 (96.375)	Mem 13482MB
Test: [170/391]	Time 9.750 (9.847)	Loss 1.8037 (0.7555)	Acc@1 57.031 (82.292)	Acc@5 86.719 (96.153)	Mem 13482MB
Test: [180/391]	Time 10.515 (9.868)	Loss 1.7432 (0.7781)	Acc@1 60.938 (81.833)	Acc@5 88.281 (95.934)	Mem 13482MB
Test: [190/391]	Time 9.668 (9.864)	Loss 1.7012 (0.7989)	Acc@1 64.062 (81.369)	Acc@5 87.500 (95.722)	Mem 13482MB
Test: [200/391]	Time 8.482 (9.856)	Loss 0.7607 (0.8239)	Acc@1 75.781 (80.787)	Acc@5 96.875 (95.410)	Mem 13482MB
Test: [210/391]	Time 10.027 (9.849)	Loss 1.1025 (0.8380)	Acc@1 76.562 (80.421)	Acc@5 91.406 (95.268)	Mem 13482MB
Test: [220/391]	Time 10.578 (9.829)	Loss 0.4697 (0.8378)	Acc@1 89.844 (80.486)	Acc@5 97.656 (95.221)	Mem 13482MB
Test: [230/391]	Time 10.874 (9.865)	Loss 1.3379 (0.8436)	Acc@1 72.656 (80.428)	Acc@5 88.281 (95.154)	Mem 13482MB
Test: [240/391]	Time 8.146 (9.854)	Loss 0.8325 (0.8459)	Acc@1 83.594 (80.417)	Acc@5 91.406 (95.060)	Mem 13482MB
Test: [250/391]	Time 9.316 (9.823)	Loss 0.4492 (0.8644)	Acc@1 92.188 (79.955)	Acc@5 99.219 (94.855)	Mem 13482MB
Test: [260/391]	Time 7.742 (9.793)	Loss 0.7822 (0.8793)	Acc@1 79.688 (79.613)	Acc@5 96.875 (94.684)	Mem 13482MB
Test: [270/391]	Time 9.234 (9.787)	Loss 1.4766 (0.8832)	Acc@1 66.406 (79.552)	Acc@5 87.500 (94.624)	Mem 13482MB
Test: [280/391]	Time 9.238 (9.789)	Loss 1.3193 (0.8844)	Acc@1 69.531 (79.532)	Acc@5 91.406 (94.606)	Mem 13482MB
Test: [290/391]	Time 9.564 (9.789)	Loss 1.3555 (0.8895)	Acc@1 55.469 (79.406)	Acc@5 90.625 (94.491)	Mem 13482MB
Test: [300/391]	Time 8.203 (9.770)	Loss 0.9531 (0.8958)	Acc@1 78.906 (79.285)	Acc@5 92.969 (94.404)	Mem 13482MB
Test: [310/391]	Time 9.383 (9.777)	Loss 0.9780 (0.9012)	Acc@1 78.906 (79.180)	Acc@5 92.969 (94.315)	Mem 13482MB
Test: [320/391]	Time 10.503 (9.793)	Loss 0.5630 (0.9085)	Acc@1 87.500 (79.057)	Acc@5 97.656 (94.237)	Mem 13482MB
Test: [330/391]	Time 8.432 (9.783)	Loss 1.3057 (0.9189)	Acc@1 69.531 (78.814)	Acc@5 89.062 (94.111)	Mem 13482MB
Test: [340/391]	Time 11.132 (9.773)	Loss 0.7124 (0.9214)	Acc@1 86.719 (78.776)	Acc@5 96.094 (94.066)	Mem 13482MB
Test: [350/391]	Time 8.156 (9.736)	Loss 0.8945 (0.9245)	Acc@1 82.031 (78.695)	Acc@5 95.312 (94.039)	Mem 13482MB
Test: [360/391]	Time 9.754 (9.739)	Loss 1.2793 (0.9318)	Acc@1 66.406 (78.517)	Acc@5 96.875 (93.982)	Mem 13482MB
Test: [370/391]	Time 10.099 (9.745)	Loss 1.2021 (0.9279)	Acc@1 65.625 (78.557)	Acc@5 96.875 (94.043)	Mem 13482MB
Test: [380/391]	Time 11.086 (9.728)	Loss 0.6689 (0.9294)	Acc@1 80.469 (78.513)	Acc@5 97.656 (94.015)	Mem 13482MB
Test: [390/391]	Time 5.928 (9.726)	Loss 1.9209 (0.9253)	Acc@1 53.012 (78.583)	Acc@5 85.542 (94.052)	Mem 13482MB
 * Acc@1 78.583 Acc@5 94.052
01/17 13:24:54 - mmengine - INFO - Because batch augmentations are enabled, the data preprocessor automatically enables the `to_onehot` option to generate one-hot format labels.
01/17 13:24:58 - mmengine - INFO - Loads checkpoint by http backend from path: https://download.openmmlab.com/mmclassification/v0/deit/deit-base_pt-16xb64_in1k_20220216-db63c16c.pth
starting loop: img_size 640; len(dataset) 50003
Test: [0/391]	Time 14.643 (14.643)	Loss 0.3643 (0.3643)	Acc@1 91.406 (91.406)	Acc@5 98.438 (98.438)	Mem 28290MB
Test: [10/391]	Time 17.030 (13.320)	Loss 0.9297 (0.4748)	Acc@1 75.000 (89.276)	Acc@5 98.438 (98.011)	Mem 28291MB
Test: [20/391]	Time 12.397 (13.750)	Loss 0.9517 (0.7229)	Acc@1 78.125 (82.701)	Acc@5 92.188 (95.833)	Mem 28291MB
Test: [30/391]	Time 15.363 (13.795)	Loss 1.4434 (0.8821)	Acc@1 67.969 (78.679)	Acc@5 90.625 (94.859)	Mem 28291MB
Test: [40/391]	Time 13.435 (13.641)	Loss 0.6836 (0.7808)	Acc@1 86.719 (81.631)	Acc@5 93.750 (95.598)	Mem 28291MB
Test: [50/391]	Time 14.448 (13.597)	Loss 0.2238 (0.7974)	Acc@1 95.312 (81.618)	Acc@5 100.000 (95.205)	Mem 28291MB
Test: [60/391]	Time 12.990 (13.593)	Loss 1.0498 (0.7549)	Acc@1 75.781 (82.659)	Acc@5 94.531 (95.505)	Mem 28291MB
Test: [70/391]	Time 13.917 (13.370)	Loss 1.6992 (0.8050)	Acc@1 56.250 (81.349)	Acc@5 83.594 (95.037)	Mem 28291MB
Test: [80/391]	Time 13.186 (13.343)	Loss 1.4922 (0.8401)	Acc@1 65.625 (80.343)	Acc@5 89.844 (94.907)	Mem 28291MB
Test: [90/391]	Time 11.219 (13.314)	Loss 1.3232 (0.8680)	Acc@1 62.500 (79.739)	Acc@5 96.875 (94.720)	Mem 28291MB
Test: [100/391]	Time 12.665 (13.267)	Loss 0.8965 (0.9025)	Acc@1 85.156 (78.736)	Acc@5 92.969 (94.400)	Mem 28291MB
Test: [110/391]	Time 14.316 (13.294)	Loss 1.4424 (0.9165)	Acc@1 57.812 (78.224)	Acc@5 92.969 (94.454)	Mem 28291MB
Test: [120/391]	Time 13.064 (13.329)	Loss 0.6094 (0.9064)	Acc@1 86.719 (78.506)	Acc@5 94.531 (94.525)	Mem 28291MB
Test: [130/391]	Time 13.308 (13.380)	Loss 0.2230 (0.8879)	Acc@1 96.875 (79.020)	Acc@5 99.219 (94.698)	Mem 28291MB
Test: [140/391]	Time 14.884 (13.396)	Loss 1.1436 (0.8851)	Acc@1 62.500 (78.945)	Acc@5 96.875 (94.819)	Mem 28291MB
Test: [150/391]	Time 18.380 (13.453)	Loss 1.0322 (0.8913)	Acc@1 65.625 (78.823)	Acc@5 97.656 (94.759)	Mem 28291MB
Test: [160/391]	Time 12.897 (13.371)	Loss 1.3213 (0.8873)	Acc@1 71.094 (78.926)	Acc@5 89.062 (94.740)	Mem 28291MB
Test: [170/391]	Time 11.790 (13.322)	Loss 2.1875 (0.9109)	Acc@1 50.781 (78.408)	Acc@5 80.469 (94.463)	Mem 28291MB
Test: [180/391]	Time 12.172 (13.268)	Loss 1.8545 (0.9376)	Acc@1 57.031 (77.836)	Acc@5 88.281 (94.138)	Mem 28291MB
Test: [190/391]	Time 10.635 (13.272)	Loss 2.0449 (0.9581)	Acc@1 54.688 (77.381)	Acc@5 82.812 (93.930)	Mem 28291MB
Test: [200/391]	Time 12.418 (13.223)	Loss 0.9551 (0.9846)	Acc@1 71.094 (76.815)	Acc@5 93.750 (93.548)	Mem 28291MB
Test: [210/391]	Time 11.327 (13.203)	Loss 1.3145 (0.9992)	Acc@1 73.438 (76.474)	Acc@5 89.844 (93.395)	Mem 28291MB
Test: [220/391]	Time 9.871 (13.224)	Loss 0.6602 (0.9999)	Acc@1 85.938 (76.524)	Acc@5 95.312 (93.347)	Mem 28291MB
Test: [230/391]	Time 14.735 (13.221)	Loss 1.4014 (1.0059)	Acc@1 72.656 (76.454)	Acc@5 89.062 (93.293)	Mem 28291MB
Test: [240/391]	Time 10.856 (13.218)	Loss 0.9478 (1.0089)	Acc@1 82.031 (76.488)	Acc@5 90.625 (93.189)	Mem 28291MB
Test: [250/391]	Time 13.217 (13.229)	Loss 0.5137 (1.0284)	Acc@1 92.969 (76.046)	Acc@5 97.656 (92.963)	Mem 28291MB
Test: [260/391]	Time 12.302 (13.213)	Loss 0.9282 (1.0457)	Acc@1 71.094 (75.599)	Acc@5 96.875 (92.756)	Mem 28291MB
Test: [270/391]	Time 14.433 (13.218)	Loss 1.5049 (1.0475)	Acc@1 66.406 (75.571)	Acc@5 85.938 (92.704)	Mem 28291MB
Test: [280/391]	Time 14.439 (13.221)	Loss 1.6221 (1.0476)	Acc@1 61.719 (75.581)	Acc@5 89.844 (92.713)	Mem 28291MB
Test: [290/391]	Time 12.748 (13.185)	Loss 1.3496 (1.0521)	Acc@1 64.844 (75.526)	Acc@5 89.844 (92.604)	Mem 28291MB
Test: [300/391]	Time 11.817 (13.164)	Loss 1.1660 (1.0617)	Acc@1 77.344 (75.356)	Acc@5 91.406 (92.476)	Mem 28291MB
Test: [310/391]	Time 12.031 (13.144)	Loss 1.1006 (1.0683)	Acc@1 75.000 (75.236)	Acc@5 92.188 (92.383)	Mem 28291MB
Test: [320/391]	Time 10.932 (13.147)	Loss 0.6670 (1.0753)	Acc@1 84.375 (75.129)	Acc@5 96.094 (92.273)	Mem 28291MB
Test: [330/391]	Time 11.847 (13.114)	Loss 1.3984 (1.0852)	Acc@1 67.188 (74.922)	Acc@5 84.375 (92.119)	Mem 28291MB
Test: [340/391]	Time 12.507 (13.093)	Loss 0.7891 (1.0872)	Acc@1 84.375 (74.897)	Acc@5 96.094 (92.096)	Mem 28291MB
Test: [350/391]	Time 12.440 (13.051)	Loss 1.1494 (1.0915)	Acc@1 74.219 (74.809)	Acc@5 91.406 (92.027)	Mem 28291MB
Test: [360/391]	Time 12.433 (13.016)	Loss 1.3945 (1.0976)	Acc@1 63.281 (74.667)	Acc@5 96.094 (91.991)	Mem 28291MB
Test: [370/391]	Time 12.744 (13.007)	Loss 1.4717 (1.0925)	Acc@1 57.031 (74.752)	Acc@5 95.312 (92.072)	Mem 28291MB
Test: [380/391]	Time 14.330 (12.985)	Loss 0.7227 (1.0933)	Acc@1 81.250 (74.733)	Acc@5 97.656 (92.064)	Mem 28291MB
Test: [390/391]	Time 8.090 (12.963)	Loss 2.1484 (1.0873)	Acc@1 50.602 (74.854)	Acc@5 81.928 (92.128)	Mem 28291MB
 * Acc@1 74.854 Acc@5 92.128
01/17 14:49:28 - mmengine - INFO - Because batch augmentations are enabled, the data preprocessor automatically enables the `to_onehot` option to generate one-hot format labels.
01/17 14:49:29 - mmengine - INFO - Loads checkpoint by http backend from path: https://download.openmmlab.com/mmclassification/v0/deit/deit-base_pt-16xb64_in1k_20220216-db63c16c.pth
starting loop: img_size 768; len(dataset) 50003
Test: [0/521]	Time 16.190 (16.190)	Loss 0.2507 (0.2507)	Acc@1 96.875 (96.875)	Acc@5 97.917 (97.917)	Mem 41375MB
Test: [10/521]	Time 12.752 (13.101)	Loss 0.5239 (0.5396)	Acc@1 93.750 (88.352)	Acc@5 93.750 (97.064)	Mem 41375MB
Test: [20/521]	Time 14.625 (13.338)	Loss 1.1416 (0.7945)	Acc@1 69.792 (81.200)	Acc@5 90.625 (95.188)	Mem 41375MB
Test: [30/521]	Time 12.211 (13.194)	Loss 1.8633 (1.0232)	Acc@1 60.417 (76.344)	Acc@5 80.208 (92.809)	Mem 41375MB
Test: [40/521]	Time 14.465 (12.895)	Loss 1.7832 (1.1331)	Acc@1 58.333 (72.663)	Acc@5 90.625 (92.124)	Mem 41375MB
Test: [50/521]	Time 12.700 (12.864)	Loss 0.7471 (1.0289)	Acc@1 83.333 (75.715)	Acc@5 96.875 (92.974)	Mem 41375MB
Test: [60/521]	Time 13.194 (12.891)	Loss 0.8237 (1.0178)	Acc@1 82.292 (76.349)	Acc@5 97.917 (92.828)	Mem 41375MB
Test: [70/521]	Time 12.419 (12.949)	Loss 0.4839 (1.0008)	Acc@1 89.583 (76.863)	Acc@5 96.875 (92.811)	Mem 41375MB
Test: [80/521]	Time 9.578 (12.824)	Loss 1.4141 (0.9702)	Acc@1 65.625 (77.598)	Acc@5 88.542 (93.004)	Mem 41375MB
Test: [90/521]	Time 11.468 (12.785)	Loss 1.4150 (1.0071)	Acc@1 68.750 (76.637)	Acc@5 88.542 (92.777)	Mem 41375MB
Test: [100/521]	Time 13.818 (12.741)	Loss 1.6572 (1.0378)	Acc@1 56.250 (75.877)	Acc@5 89.583 (92.389)	Mem 41375MB
Test: [110/521]	Time 13.927 (12.736)	Loss 1.5850 (1.0799)	Acc@1 57.292 (74.465)	Acc@5 86.458 (92.239)	Mem 41375MB
Test: [120/521]	Time 14.329 (12.785)	Loss 1.4746 (1.1062)	Acc@1 59.375 (73.872)	Acc@5 94.792 (92.071)	Mem 41375MB
Test: [130/521]	Time 13.966 (12.701)	Loss 1.4932 (1.1649)	Acc@1 61.458 (72.281)	Acc@5 90.625 (91.492)	Mem 41375MB
Test: [140/521]	Time 9.874 (12.703)	Loss 1.0303 (1.1738)	Acc@1 72.917 (72.001)	Acc@5 95.833 (91.534)	Mem 41375MB
Test: [150/521]	Time 13.006 (12.733)	Loss 0.9141 (1.1804)	Acc@1 76.042 (71.937)	Acc@5 93.750 (91.487)	Mem 41375MB
Test: [160/521]	Time 12.162 (12.735)	Loss 0.8257 (1.1636)	Acc@1 83.333 (72.341)	Acc@5 92.708 (91.712)	Mem 41375MB
Test: [170/521]	Time 12.324 (12.728)	Loss 1.0684 (1.1448)	Acc@1 82.292 (72.880)	Acc@5 89.583 (91.910)	Mem 41375MB
Test: [180/521]	Time 13.192 (12.751)	Loss 1.5166 (1.1350)	Acc@1 63.542 (73.170)	Acc@5 92.708 (92.018)	Mem 41375MB
Test: [190/521]	Time 10.960 (12.655)	Loss 1.2227 (1.1296)	Acc@1 76.042 (73.249)	Acc@5 88.542 (92.103)	Mem 41375MB
Test: [200/521]	Time 15.416 (12.706)	Loss 1.1924 (1.1332)	Acc@1 59.375 (73.072)	Acc@5 95.833 (92.081)	Mem 41375MB
Test: [210/521]	Time 10.541 (12.712)	Loss 0.5361 (1.1219)	Acc@1 86.458 (73.326)	Acc@5 97.917 (92.150)	Mem 41375MB
Test: [220/521]	Time 12.666 (12.718)	Loss 1.1523 (1.1403)	Acc@1 72.917 (73.053)	Acc@5 93.750 (91.935)	Mem 41375MB
Test: [230/521]	Time 13.476 (12.717)	Loss 2.2656 (1.1569)	Acc@1 53.125 (72.714)	Acc@5 77.083 (91.712)	Mem 41375MB
Test: [240/521]	Time 15.486 (12.724)	Loss 1.5820 (1.1786)	Acc@1 60.417 (72.312)	Acc@5 91.667 (91.442)	Mem 41375MB
Test: [250/521]	Time 11.629 (12.739)	Loss 1.0137 (1.1902)	Acc@1 75.000 (72.174)	Acc@5 93.750 (91.277)	Mem 41375MB
Test: [260/521]	Time 12.782 (12.761)	Loss 1.6113 (1.2110)	Acc@1 71.875 (71.751)	Acc@5 83.333 (91.040)	Mem 41375MB
Test: [270/521]	Time 12.062 (12.750)	Loss 1.4707 (1.2322)	Acc@1 65.625 (71.218)	Acc@5 87.500 (90.786)	Mem 41375MB
Test: [280/521]	Time 12.041 (12.771)	Loss 1.4033 (1.2395)	Acc@1 66.667 (71.056)	Acc@5 91.667 (90.718)	Mem 41375MB
Test: [290/521]	Time 17.476 (12.769)	Loss 2.2754 (1.2436)	Acc@1 57.292 (71.005)	Acc@5 78.125 (90.632)	Mem 41375MB
Test: [300/521]	Time 13.177 (12.789)	Loss 0.5239 (1.2356)	Acc@1 90.625 (71.231)	Acc@5 97.917 (90.708)	Mem 41375MB
Test: [310/521]	Time 12.484 (12.823)	Loss 1.8281 (1.2479)	Acc@1 52.083 (70.981)	Acc@5 87.500 (90.571)	Mem 41375MB
Test: [320/521]	Time 12.371 (12.803)	Loss 1.1250 (1.2505)	Acc@1 77.083 (70.992)	Acc@5 88.542 (90.466)	Mem 41375MB
Test: [330/521]	Time 10.903 (12.811)	Loss 1.7129 (1.2687)	Acc@1 65.625 (70.632)	Acc@5 82.292 (90.194)	Mem 41375MB
Test: [340/521]	Time 8.354 (12.779)	Loss 1.8877 (1.2779)	Acc@1 52.083 (70.543)	Acc@5 85.417 (90.097)	Mem 41375MB
Test: [350/521]	Time 12.087 (12.773)	Loss 1.3574 (1.2875)	Acc@1 70.833 (70.293)	Acc@5 90.625 (90.002)	Mem 41375MB
Test: [360/521]	Time 14.562 (12.766)	Loss 1.8799 (1.2892)	Acc@1 55.208 (70.311)	Acc@5 80.208 (89.924)	Mem 41375MB
Test: [370/521]	Time 9.206 (12.765)	Loss 1.5000 (1.2888)	Acc@1 69.792 (70.325)	Acc@5 84.375 (89.909)	Mem 41375MB
Test: [380/521]	Time 11.126 (12.738)	Loss 1.7490 (1.2882)	Acc@1 66.667 (70.401)	Acc@5 78.125 (89.868)	Mem 41375MB
Test: [390/521]	Time 10.676 (12.734)	Loss 2.1797 (1.2944)	Acc@1 50.000 (70.324)	Acc@5 77.083 (89.722)	Mem 41375MB
Test: [400/521]	Time 11.877 (12.719)	Loss 1.2334 (1.3015)	Acc@1 73.958 (70.207)	Acc@5 89.583 (89.638)	Mem 41375MB
Test: [410/521]	Time 14.320 (12.738)	Loss 1.7109 (1.3089)	Acc@1 63.542 (70.058)	Acc@5 84.375 (89.555)	Mem 41375MB
Test: [420/521]	Time 17.241 (12.748)	Loss 1.8398 (1.3136)	Acc@1 60.417 (70.042)	Acc@5 81.250 (89.472)	Mem 41375MB
Test: [430/521]	Time 11.510 (12.742)	Loss 2.0742 (1.3176)	Acc@1 53.125 (69.961)	Acc@5 79.167 (89.409)	Mem 41375MB
Test: [440/521]	Time 11.539 (12.724)	Loss 1.6963 (1.3267)	Acc@1 68.750 (69.815)	Acc@5 79.167 (89.288)	Mem 41375MB
Test: [450/521]	Time 10.898 (12.705)	Loss 1.0029 (1.3284)	Acc@1 70.833 (69.757)	Acc@5 94.792 (89.267)	Mem 41375MB
Test: [460/521]	Time 13.872 (12.695)	Loss 2.7227 (1.3291)	Acc@1 44.792 (69.778)	Acc@5 71.875 (89.260)	Mem 41375MB
Test: [470/521]	Time 13.594 (12.699)	Loss 1.0459 (1.3344)	Acc@1 76.042 (69.674)	Acc@5 91.667 (89.168)	Mem 41375MB
Test: [480/521]	Time 15.606 (12.692)	Loss 1.5361 (1.3385)	Acc@1 61.458 (69.566)	Acc@5 87.500 (89.146)	Mem 41375MB
Test: [490/521]	Time 11.476 (12.684)	Loss 0.9648 (1.3314)	Acc@1 78.125 (69.696)	Acc@5 95.833 (89.231)	Mem 41375MB
Test: [500/521]	Time 12.775 (12.670)	Loss 2.5762 (1.3291)	Acc@1 46.875 (69.765)	Acc@5 76.042 (89.271)	Mem 41375MB
Test: [510/521]	Time 14.293 (12.663)	Loss 1.0078 (1.3331)	Acc@1 79.167 (69.673)	Acc@5 90.625 (89.225)	Mem 41375MB
Test: [520/521]	Time 10.172 (12.661)	Loss 2.4883 (1.3238)	Acc@1 44.578 (69.886)	Acc@5 78.313 (89.319)	Mem 41375MB
 * Acc@1 69.886 Acc@5 89.319
01/17 16:39:27 - mmengine - INFO - Because batch augmentations are enabled, the data preprocessor automatically enables the `to_onehot` option to generate one-hot format labels.
01/17 16:39:29 - mmengine - INFO - Loads checkpoint by http backend from path: https://download.openmmlab.com/mmclassification/v0/deit/deit-base_pt-16xb64_in1k_20220216-db63c16c.pth
starting loop: img_size 1024; len(dataset) 50003
Test: [0/1389]	Time 6.919 (6.919)	Loss 0.4136 (0.4136)	Acc@1 97.222 (97.222)	Acc@5 97.222 (97.222)	Mem 46984MB
Test: [10/1389]	Time 8.701 (7.538)	Loss 1.1582 (1.0305)	Acc@1 75.000 (74.747)	Acc@5 86.111 (93.182)	Mem 46984MB
Test: [20/1389]	Time 9.327 (7.774)	Loss 0.2717 (0.8936)	Acc@1 94.444 (78.968)	Acc@5 100.000 (94.180)	Mem 46984MB
Test: [30/1389]	Time 8.811 (7.682)	Loss 0.8345 (0.8650)	Acc@1 80.556 (80.376)	Acc@5 94.444 (94.086)	Mem 46984MB
Test: [40/1389]	Time 5.344 (7.796)	Loss 0.5522 (0.9039)	Acc@1 86.111 (78.997)	Acc@5 97.222 (94.173)	Mem 46984MB
Test: [50/1389]	Time 8.953 (7.867)	Loss 2.4590 (1.1342)	Acc@1 36.111 (73.475)	Acc@5 83.333 (91.667)	Mem 46984MB
Test: [60/1389]	Time 8.637 (7.861)	Loss 0.6382 (1.2236)	Acc@1 86.111 (71.129)	Acc@5 94.444 (90.301)	Mem 46984MB
Test: [70/1389]	Time 9.810 (7.944)	Loss 2.8164 (1.4425)	Acc@1 44.444 (67.058)	Acc@5 69.444 (87.089)	Mem 46984MB
Test: [80/1389]	Time 7.222 (8.007)	Loss 3.5371 (1.6302)	Acc@1 36.111 (63.203)	Acc@5 52.778 (84.568)	Mem 46984MB
Test: [90/1389]	Time 7.374 (8.001)	Loss 1.4697 (1.7400)	Acc@1 55.556 (60.836)	Acc@5 91.667 (83.120)	Mem 46984MB
Test: [100/1389]	Time 6.732 (7.960)	Loss 1.6221 (1.7892)	Acc@1 30.556 (59.323)	Acc@5 97.222 (82.646)	Mem 46984MB
Test: [110/1389]	Time 10.186 (8.009)	Loss 4.3047 (1.8420)	Acc@1 13.889 (57.808)	Acc@5 33.333 (82.432)	Mem 46984MB
Test: [120/1389]	Time 8.312 (7.997)	Loss 1.0527 (1.7752)	Acc@1 75.000 (59.481)	Acc@5 94.444 (83.173)	Mem 46984MB
Test: [130/1389]	Time 9.544 (7.983)	Loss 0.8208 (1.6808)	Acc@1 80.556 (61.768)	Acc@5 94.444 (84.160)	Mem 46984MB
Test: [140/1389]	Time 8.246 (7.973)	Loss 1.1904 (1.6271)	Acc@1 72.222 (63.121)	Acc@5 88.889 (84.870)	Mem 46984MB
Test: [150/1389]	Time 9.316 (8.007)	Loss 2.0918 (1.6522)	Acc@1 55.556 (62.822)	Acc@5 80.556 (84.382)	Mem 46984MB
Test: [160/1389]	Time 7.771 (7.947)	Loss 0.3735 (1.6270)	Acc@1 91.667 (63.561)	Acc@5 97.222 (84.558)	Mem 46984MB
Test: [170/1389]	Time 9.366 (7.969)	Loss 1.2969 (1.6251)	Acc@1 72.222 (63.613)	Acc@5 83.333 (84.584)	Mem 46984MB
Test: [180/1389]	Time 8.065 (7.994)	Loss 0.1307 (1.6241)	Acc@1 100.000 (63.551)	Acc@5 100.000 (84.576)	Mem 46984MB
Test: [190/1389]	Time 7.403 (7.984)	Loss 0.9976 (1.5862)	Acc@1 80.556 (64.514)	Acc@5 91.667 (85.006)	Mem 46984MB
Test: [200/1389]	Time 7.870 (7.988)	Loss 1.4912 (1.5704)	Acc@1 75.000 (64.787)	Acc@5 88.889 (85.365)	Mem 46984MB
Test: [210/1389]	Time 8.453 (8.005)	Loss 4.3672 (1.5530)	Acc@1 13.889 (65.245)	Acc@5 38.889 (85.492)	Mem 46984MB
Test: [220/1389]	Time 7.919 (7.994)	Loss 0.8232 (1.5414)	Acc@1 83.333 (65.347)	Acc@5 100.000 (85.772)	Mem 46984MB
Test: [230/1389]	Time 7.018 (7.980)	Loss 1.7031 (1.5624)	Acc@1 47.222 (64.791)	Acc@5 88.889 (85.534)	Mem 46984MB
Test: [240/1389]	Time 7.493 (7.975)	Loss 2.2949 (1.5738)	Acc@1 52.778 (64.396)	Acc@5 72.222 (85.558)	Mem 46984MB
Test: [250/1389]	Time 8.654 (7.984)	Loss 3.1309 (1.5976)	Acc@1 27.778 (63.955)	Acc@5 61.111 (85.193)	Mem 46984MB
Test: [260/1389]	Time 9.092 (7.982)	Loss 1.3887 (1.6067)	Acc@1 77.778 (63.676)	Acc@5 86.111 (85.068)	Mem 46984MB
Test: [270/1389]	Time 9.493 (7.981)	Loss 1.2021 (1.6033)	Acc@1 72.222 (63.551)	Acc@5 91.667 (85.148)	Mem 46984MB
Test: [280/1389]	Time 8.577 (7.977)	Loss 1.9453 (1.6185)	Acc@1 47.222 (62.900)	Acc@5 94.444 (85.152)	Mem 46984MB
Test: [290/1389]	Time 8.275 (7.966)	Loss 2.9531 (1.6439)	Acc@1 33.333 (62.228)	Acc@5 61.111 (84.832)	Mem 46984MB
Test: [300/1389]	Time 9.047 (7.982)	Loss 0.6484 (1.6497)	Acc@1 83.333 (62.099)	Acc@5 97.222 (84.745)	Mem 46984MB
Test: [310/1389]	Time 8.307 (7.986)	Loss 3.3027 (1.6732)	Acc@1 25.000 (61.549)	Acc@5 63.889 (84.450)	Mem 46984MB
Test: [320/1389]	Time 8.152 (7.962)	Loss 1.3965 (1.6804)	Acc@1 61.111 (61.457)	Acc@5 86.111 (84.320)	Mem 46984MB
Test: [330/1389]	Time 7.691 (7.957)	Loss 2.9766 (1.7138)	Acc@1 27.778 (60.624)	Acc@5 61.111 (83.963)	Mem 46984MB
Test: [340/1389]	Time 9.708 (7.954)	Loss 2.8125 (1.7315)	Acc@1 36.111 (60.142)	Acc@5 75.000 (83.806)	Mem 46984MB
Test: [350/1389]	Time 9.425 (7.948)	Loss 0.8579 (1.7561)	Acc@1 80.556 (59.655)	Acc@5 94.444 (83.452)	Mem 46984MB
Test: [360/1389]	Time 9.078 (7.948)	Loss 2.1426 (1.7643)	Acc@1 52.778 (59.441)	Acc@5 77.778 (83.387)	Mem 46984MB
Test: [370/1389]	Time 7.063 (7.947)	Loss 2.0723 (1.7741)	Acc@1 52.778 (59.209)	Acc@5 75.000 (83.296)	Mem 46984MB
Test: [380/1389]	Time 8.137 (7.963)	Loss 1.8408 (1.7810)	Acc@1 58.333 (59.070)	Acc@5 86.111 (83.282)	Mem 46984MB
Test: [390/1389]	Time 8.857 (7.970)	Loss 2.0449 (1.7680)	Acc@1 50.000 (59.349)	Acc@5 86.111 (83.525)	Mem 46984MB
Test: [400/1389]	Time 7.464 (7.978)	Loss 1.3057 (1.7764)	Acc@1 66.667 (59.185)	Acc@5 91.667 (83.437)	Mem 46984MB
Test: [410/1389]	Time 8.175 (8.001)	Loss 1.6826 (1.7629)	Acc@1 58.333 (59.496)	Acc@5 91.667 (83.651)	Mem 46984MB
Test: [420/1389]	Time 8.057 (8.025)	Loss 0.9419 (1.7535)	Acc@1 69.444 (59.712)	Acc@5 97.222 (83.815)	Mem 46984MB
Test: [430/1389]	Time 7.257 (8.035)	Loss 1.2432 (1.7564)	Acc@1 72.222 (59.603)	Acc@5 97.222 (83.868)	Mem 46984MB
Test: [440/1389]	Time 7.290 (8.035)	Loss 0.8794 (1.7636)	Acc@1 80.556 (59.480)	Acc@5 94.444 (83.781)	Mem 46984MB
Test: [450/1389]	Time 7.575 (8.033)	Loss 0.5400 (1.7432)	Acc@1 88.889 (59.935)	Acc@5 97.222 (84.048)	Mem 46984MB
Test: [460/1389]	Time 7.549 (8.041)	Loss 1.3672 (1.7349)	Acc@1 52.778 (60.219)	Acc@5 94.444 (84.111)	Mem 46984MB
Test: [470/1389]	Time 7.573 (8.030)	Loss 1.5918 (1.7213)	Acc@1 63.889 (60.545)	Acc@5 83.333 (84.271)	Mem 46984MB
Test: [480/1389]	Time 8.195 (8.031)	Loss 2.3242 (1.7169)	Acc@1 47.222 (60.672)	Acc@5 80.556 (84.350)	Mem 46984MB
Test: [490/1389]	Time 9.251 (8.027)	Loss 1.2422 (1.7166)	Acc@1 58.333 (60.670)	Acc@5 97.222 (84.448)	Mem 46984MB
Test: [500/1389]	Time 8.109 (8.047)	Loss 1.3799 (1.7126)	Acc@1 61.111 (60.701)	Acc@5 97.222 (84.548)	Mem 46984MB
Test: [510/1389]	Time 6.287 (8.052)	Loss 1.2275 (1.7069)	Acc@1 66.667 (60.883)	Acc@5 91.667 (84.551)	Mem 46984MB
Test: [520/1389]	Time 6.440 (8.052)	Loss 2.0371 (1.7101)	Acc@1 52.778 (60.765)	Acc@5 72.222 (84.512)	Mem 46984MB
Test: [530/1389]	Time 7.977 (8.066)	Loss 1.6729 (1.7023)	Acc@1 61.111 (60.907)	Acc@5 80.556 (84.620)	Mem 46984MB
Test: [540/1389]	Time 8.247 (8.066)	Loss 0.7852 (1.6930)	Acc@1 77.778 (61.049)	Acc@5 97.222 (84.761)	Mem 46984MB
Test: [550/1389]	Time 7.405 (8.064)	Loss 0.3674 (1.6846)	Acc@1 91.667 (61.252)	Acc@5 97.222 (84.821)	Mem 46984MB
Test: [560/1389]	Time 8.694 (8.055)	Loss 1.8047 (1.6858)	Acc@1 52.778 (61.245)	Acc@5 91.667 (84.799)	Mem 46984MB
Test: [570/1389]	Time 8.513 (8.050)	Loss 0.9590 (1.6797)	Acc@1 77.778 (61.354)	Acc@5 94.444 (84.905)	Mem 46984MB
Test: [580/1389]	Time 6.054 (8.037)	Loss 1.0195 (1.6963)	Acc@1 77.778 (61.173)	Acc@5 94.444 (84.672)	Mem 46984MB
Test: [590/1389]	Time 7.212 (8.041)	Loss 1.5488 (1.6967)	Acc@1 69.444 (61.168)	Acc@5 86.111 (84.659)	Mem 46984MB
Test: [600/1389]	Time 4.557 (8.028)	Loss 1.6807 (1.6955)	Acc@1 58.333 (61.227)	Acc@5 86.111 (84.664)	Mem 46984MB
Test: [610/1389]	Time 7.710 (8.028)	Loss 0.4170 (1.7083)	Acc@1 88.889 (61.002)	Acc@5 100.000 (84.502)	Mem 46984MB
Test: [620/1389]	Time 7.586 (8.027)	Loss 2.2188 (1.7230)	Acc@1 55.556 (60.749)	Acc@5 75.000 (84.353)	Mem 46984MB
Test: [630/1389]	Time 8.664 (8.031)	Loss 2.3418 (1.7218)	Acc@1 44.444 (60.821)	Acc@5 77.778 (84.346)	Mem 46984MB
Test: [640/1389]	Time 7.624 (8.030)	Loss 2.0508 (1.7383)	Acc@1 47.222 (60.539)	Acc@5 88.889 (84.131)	Mem 46984MB
Test: [650/1389]	Time 9.804 (8.034)	Loss 2.0449 (1.7452)	Acc@1 55.556 (60.475)	Acc@5 75.000 (84.020)	Mem 46984MB
Test: [660/1389]	Time 7.539 (8.040)	Loss 0.6865 (1.7445)	Acc@1 88.889 (60.527)	Acc@5 94.444 (84.010)	Mem 46984MB
Test: [670/1389]	Time 6.435 (8.035)	Loss 2.0918 (1.7452)	Acc@1 44.444 (60.490)	Acc@5 80.556 (84.004)	Mem 46984MB
Test: [680/1389]	Time 8.779 (8.033)	Loss 2.5078 (1.7567)	Acc@1 52.778 (60.230)	Acc@5 66.667 (83.896)	Mem 46984MB
Test: [690/1389]	Time 8.263 (8.032)	Loss 2.6836 (1.7602)	Acc@1 33.333 (60.203)	Acc@5 77.778 (83.836)	Mem 46984MB
Test: [700/1389]	Time 6.838 (8.030)	Loss 2.6250 (1.7735)	Acc@1 50.000 (60.013)	Acc@5 75.000 (83.642)	Mem 46984MB
Test: [710/1389]	Time 8.947 (8.031)	Loss 1.4775 (1.7821)	Acc@1 50.000 (59.818)	Acc@5 91.667 (83.533)	Mem 46984MB
Test: [720/1389]	Time 8.286 (8.030)	Loss 1.7627 (1.7895)	Acc@1 58.333 (59.647)	Acc@5 86.111 (83.434)	Mem 46984MB
Test: [730/1389]	Time 9.336 (8.035)	Loss 1.8555 (1.7896)	Acc@1 63.889 (59.652)	Acc@5 77.778 (83.409)	Mem 46984MB
Test: [740/1389]	Time 7.893 (8.028)	Loss 2.3613 (1.7932)	Acc@1 55.556 (59.533)	Acc@5 75.000 (83.408)	Mem 46984MB
Test: [750/1389]	Time 7.370 (8.029)	Loss 0.7651 (1.7959)	Acc@1 83.333 (59.528)	Acc@5 91.667 (83.374)	Mem 46984MB
Test: [760/1389]	Time 7.357 (8.023)	Loss 2.3477 (1.8014)	Acc@1 30.556 (59.399)	Acc@5 86.111 (83.308)	Mem 46984MB
Test: [770/1389]	Time 9.011 (8.017)	Loss 0.9258 (1.7933)	Acc@1 83.333 (59.620)	Acc@5 91.667 (83.395)	Mem 46984MB
Test: [780/1389]	Time 9.138 (8.020)	Loss 1.3008 (1.7936)	Acc@1 61.111 (59.646)	Acc@5 88.889 (83.365)	Mem 46984MB
Test: [790/1389]	Time 8.429 (8.022)	Loss 1.1504 (1.7930)	Acc@1 75.000 (59.643)	Acc@5 88.889 (83.368)	Mem 46984MB
Test: [800/1389]	Time 7.402 (8.023)	Loss 0.2725 (1.7891)	Acc@1 94.444 (59.745)	Acc@5 100.000 (83.410)	Mem 46984MB
Test: [810/1389]	Time 5.526 (8.014)	Loss 0.5825 (1.7938)	Acc@1 88.889 (59.642)	Acc@5 94.444 (83.340)	Mem 46984MB
Test: [820/1389]	Time 10.517 (8.026)	Loss 1.7949 (1.7981)	Acc@1 63.889 (59.565)	Acc@5 80.556 (83.276)	Mem 46984MB
Test: [830/1389]	Time 7.897 (8.025)	Loss 3.4492 (1.8041)	Acc@1 38.889 (59.463)	Acc@5 61.111 (83.233)	Mem 46984MB
Test: [840/1389]	Time 4.641 (8.025)	Loss 1.9297 (1.8083)	Acc@1 69.444 (59.430)	Acc@5 77.778 (83.158)	Mem 46984MB
Test: [850/1389]	Time 5.235 (8.020)	Loss 0.7407 (1.8044)	Acc@1 83.333 (59.593)	Acc@5 94.444 (83.170)	Mem 46984MB
Test: [860/1389]	Time 6.098 (8.012)	Loss 3.0820 (1.8100)	Acc@1 5.556 (59.524)	Acc@5 77.778 (83.062)	Mem 46984MB
Test: [870/1389]	Time 6.195 (8.008)	Loss 2.2305 (1.8159)	Acc@1 55.556 (59.434)	Acc@5 75.000 (82.967)	Mem 46984MB
Test: [880/1389]	Time 7.954 (8.006)	Loss 3.0039 (1.8208)	Acc@1 33.333 (59.320)	Acc@5 63.889 (82.898)	Mem 46984MB
Test: [890/1389]	Time 7.657 (8.005)	Loss 1.4219 (1.8232)	Acc@1 66.667 (59.325)	Acc@5 88.889 (82.903)	Mem 46984MB
Test: [900/1389]	Time 8.776 (8.002)	Loss 2.0332 (1.8222)	Acc@1 55.556 (59.385)	Acc@5 80.556 (82.899)	Mem 46984MB
Test: [910/1389]	Time 7.630 (7.999)	Loss 4.4688 (1.8347)	Acc@1 22.222 (59.166)	Acc@5 38.889 (82.751)	Mem 46984MB
Test: [920/1389]	Time 8.391 (7.998)	Loss 1.7246 (1.8405)	Acc@1 58.333 (59.042)	Acc@5 94.444 (82.682)	Mem 46984MB
Test: [930/1389]	Time 10.345 (7.997)	Loss 0.9282 (1.8398)	Acc@1 83.333 (59.034)	Acc@5 94.444 (82.701)	Mem 46984MB
Test: [940/1389]	Time 7.838 (7.994)	Loss 2.2676 (1.8388)	Acc@1 50.000 (59.086)	Acc@5 80.556 (82.684)	Mem 46984MB
Test: [950/1389]	Time 7.273 (7.985)	Loss 1.3184 (1.8396)	Acc@1 77.778 (59.102)	Acc@5 80.556 (82.632)	Mem 46984MB
Test: [960/1389]	Time 8.964 (7.988)	Loss 1.4668 (1.8362)	Acc@1 63.889 (59.169)	Acc@5 88.889 (82.669)	Mem 46984MB
Test: [970/1389]	Time 8.496 (7.986)	Loss 3.5391 (1.8415)	Acc@1 27.778 (59.074)	Acc@5 58.333 (82.578)	Mem 46984MB
Test: [980/1389]	Time 5.963 (7.977)	Loss 1.4570 (1.8380)	Acc@1 63.889 (59.152)	Acc@5 91.667 (82.625)	Mem 46984MB
Test: [990/1389]	Time 9.262 (7.978)	Loss 0.5552 (1.8361)	Acc@1 88.889 (59.185)	Acc@5 97.222 (82.647)	Mem 46984MB
Test: [1000/1389]	Time 8.249 (7.978)	Loss 1.5869 (1.8341)	Acc@1 69.444 (59.252)	Acc@5 83.333 (82.670)	Mem 46984MB
Test: [1010/1389]	Time 5.969 (7.972)	Loss 0.2722 (1.8297)	Acc@1 97.222 (59.372)	Acc@5 97.222 (82.696)	Mem 46984MB
Test: [1020/1389]	Time 7.450 (7.971)	Loss 1.8027 (1.8338)	Acc@1 61.111 (59.326)	Acc@5 80.556 (82.610)	Mem 46984MB
Test: [1030/1389]	Time 9.259 (7.968)	Loss 1.5244 (1.8313)	Acc@1 69.444 (59.398)	Acc@5 86.111 (82.627)	Mem 46984MB
Test: [1040/1389]	Time 9.086 (7.962)	Loss 3.5059 (1.8355)	Acc@1 36.111 (59.358)	Acc@5 58.333 (82.557)	Mem 46984MB
Test: [1050/1389]	Time 6.946 (7.952)	Loss 1.2031 (1.8408)	Acc@1 69.444 (59.250)	Acc@5 91.667 (82.493)	Mem 46984MB
Test: [1060/1389]	Time 5.592 (7.937)	Loss 0.5762 (1.8430)	Acc@1 80.556 (59.244)	Acc@5 100.000 (82.462)	Mem 46984MB
Test: [1070/1389]	Time 7.336 (7.928)	Loss 2.8965 (1.8480)	Acc@1 41.667 (59.166)	Acc@5 77.778 (82.387)	Mem 46984MB
Test: [1080/1389]	Time 9.038 (7.921)	Loss 1.7656 (1.8534)	Acc@1 63.889 (59.089)	Acc@5 80.556 (82.308)	Mem 46984MB
Test: [1090/1389]	Time 5.735 (7.915)	Loss 2.4902 (1.8536)	Acc@1 50.000 (59.082)	Acc@5 69.444 (82.328)	Mem 46984MB
Test: [1100/1389]	Time 7.340 (7.904)	Loss 2.7852 (1.8582)	Acc@1 50.000 (59.035)	Acc@5 66.667 (82.241)	Mem 46984MB
Test: [1110/1389]	Time 7.687 (7.896)	Loss 4.6094 (1.8636)	Acc@1 11.111 (58.981)	Acc@5 52.778 (82.158)	Mem 46984MB
Test: [1120/1389]	Time 8.393 (7.885)	Loss 3.4043 (1.8598)	Acc@1 33.333 (59.087)	Acc@5 61.111 (82.198)	Mem 46984MB
Test: [1130/1389]	Time 7.583 (7.883)	Loss 2.6230 (1.8657)	Acc@1 38.889 (58.979)	Acc@5 69.444 (82.115)	Mem 46984MB
Test: [1140/1389]	Time 6.543 (7.874)	Loss 0.9971 (1.8633)	Acc@1 75.000 (59.010)	Acc@5 94.444 (82.150)	Mem 46984MB
Test: [1150/1389]	Time 5.678 (7.867)	Loss 4.1992 (1.8666)	Acc@1 27.778 (58.951)	Acc@5 52.778 (82.107)	Mem 46984MB
Test: [1160/1389]	Time 4.653 (7.844)	Loss 3.4707 (1.8664)	Acc@1 36.111 (58.984)	Acc@5 52.778 (82.111)	Mem 46984MB
Test: [1170/1389]	Time 7.072 (7.836)	Loss 1.1992 (1.8726)	Acc@1 66.667 (58.867)	Acc@5 94.444 (82.012)	Mem 46984MB
Test: [1180/1389]	Time 8.652 (7.830)	Loss 2.1016 (1.8757)	Acc@1 50.000 (58.783)	Acc@5 86.111 (81.974)	Mem 46984MB
Test: [1190/1389]	Time 6.980 (7.828)	Loss 1.0195 (1.8746)	Acc@1 77.778 (58.814)	Acc@5 94.444 (81.983)	Mem 46984MB
Test: [1200/1389]	Time 7.167 (7.819)	Loss 2.4004 (1.8741)	Acc@1 36.111 (58.828)	Acc@5 80.556 (81.990)	Mem 46984MB
Test: [1210/1389]	Time 8.185 (7.810)	Loss 0.5718 (1.8743)	Acc@1 80.556 (58.831)	Acc@5 100.000 (81.991)	Mem 46984MB
Test: [1220/1389]	Time 7.217 (7.805)	Loss 1.0850 (1.8722)	Acc@1 72.222 (58.879)	Acc@5 97.222 (82.012)	Mem 46984MB
Test: [1230/1389]	Time 5.731 (7.796)	Loss 4.4062 (1.8791)	Acc@1 22.222 (58.776)	Acc@5 44.444 (81.905)	Mem 46984MB
Test: [1240/1389]	Time 7.295 (7.791)	Loss 3.5039 (1.8809)	Acc@1 33.333 (58.754)	Acc@5 58.333 (81.872)	Mem 46984MB
Test: [1250/1389]	Time 6.930 (7.783)	Loss 0.9961 (1.8850)	Acc@1 77.778 (58.662)	Acc@5 88.889 (81.823)	Mem 46984MB
Test: [1260/1389]	Time 6.636 (7.780)	Loss 2.9414 (1.8857)	Acc@1 30.556 (58.657)	Acc@5 66.667 (81.809)	Mem 46984MB
Test: [1270/1389]	Time 7.337 (7.771)	Loss 0.4497 (1.8908)	Acc@1 91.667 (58.563)	Acc@5 100.000 (81.760)	Mem 46984MB
Test: [1280/1389]	Time 7.771 (7.768)	Loss 1.9893 (1.8874)	Acc@1 55.556 (58.635)	Acc@5 83.333 (81.802)	Mem 46984MB
Test: [1290/1389]	Time 4.813 (7.765)	Loss 2.2969 (1.8841)	Acc@1 50.000 (58.682)	Acc@5 77.778 (81.864)	Mem 46984MB
Test: [1300/1389]	Time 8.310 (7.762)	Loss 0.7583 (1.8822)	Acc@1 77.778 (58.696)	Acc@5 100.000 (81.871)	Mem 46984MB
Test: [1310/1389]	Time 7.930 (7.760)	Loss 1.5811 (1.8767)	Acc@1 61.111 (58.806)	Acc@5 88.889 (81.946)	Mem 46984MB
Test: [1320/1389]	Time 7.886 (7.758)	Loss 2.0781 (1.8753)	Acc@1 47.222 (58.804)	Acc@5 86.111 (82.000)	Mem 46984MB
Test: [1330/1389]	Time 8.317 (7.756)	Loss 1.1738 (1.8711)	Acc@1 80.556 (58.909)	Acc@5 86.111 (82.048)	Mem 46984MB
Test: [1340/1389]	Time 8.797 (7.750)	Loss 1.3721 (1.8733)	Acc@1 61.111 (58.888)	Acc@5 94.444 (82.012)	Mem 46984MB
Test: [1350/1389]	Time 6.270 (7.743)	Loss 2.0703 (1.8782)	Acc@1 47.222 (58.788)	Acc@5 88.889 (81.956)	Mem 46984MB
Test: [1360/1389]	Time 7.979 (7.741)	Loss 0.9229 (1.8754)	Acc@1 75.000 (58.825)	Acc@5 100.000 (82.021)	Mem 46984MB
Test: [1370/1389]	Time 7.815 (7.741)	Loss 0.1750 (1.8704)	Acc@1 94.444 (58.949)	Acc@5 100.000 (82.073)	Mem 46984MB
Test: [1380/1389]	Time 9.293 (7.739)	Loss 0.3606 (1.8639)	Acc@1 91.667 (59.080)	Acc@5 97.222 (82.159)	Mem 46984MB
 * Acc@1 59.132 Acc@5 82.187
01/17 19:38:37 - mmengine - INFO - Because batch augmentations are enabled, the data preprocessor automatically enables the `to_onehot` option to generate one-hot format labels.
01/17 19:38:38 - mmengine - INFO - Loads checkpoint by http backend from path: https://download.openmmlab.com/mmclassification/v0/deit/deit-base_pt-16xb64_in1k_20220216-db63c16c.pth
starting loop: img_size 1120; len(dataset) 50003
Test: [0/2084]	Time 7.389 (7.389)	Loss 0.5322 (0.5322)	Acc@1 95.833 (95.833)	Acc@5 95.833 (95.833)	Mem 46984MB
Test: [10/2084]	Time 7.419 (6.118)	Loss 0.7915 (0.8826)	Acc@1 75.000 (78.788)	Acc@5 95.833 (95.833)	Mem 46984MB
Test: [20/2084]	Time 6.317 (5.997)	Loss 1.7637 (1.2624)	Acc@1 66.667 (71.429)	Acc@5 83.333 (90.675)	Mem 46984MB
Test: [30/2084]	Time 6.177 (5.557)	Loss 0.4370 (1.0475)	Acc@1 91.667 (75.806)	Acc@5 95.833 (92.742)	Mem 46984MB
Test: [40/2084]	Time 5.754 (5.588)	Loss 0.9766 (0.9947)	Acc@1 75.000 (77.236)	Acc@5 95.833 (92.988)	Mem 46984MB
Test: [50/2084]	Time 5.613 (5.609)	Loss 1.8896 (1.0457)	Acc@1 62.500 (75.735)	Acc@5 87.500 (92.647)	Mem 46984MB
Test: [60/2084]	Time 5.453 (5.712)	Loss 0.3931 (1.0517)	Acc@1 91.667 (75.342)	Acc@5 95.833 (92.691)	Mem 46984MB
Test: [70/2084]	Time 5.071 (5.679)	Loss 2.6074 (1.1819)	Acc@1 41.667 (72.124)	Acc@5 62.500 (91.256)	Mem 46984MB
Test: [80/2084]	Time 4.287 (5.682)	Loss 1.0830 (1.3392)	Acc@1 75.000 (68.981)	Acc@5 87.500 (88.683)	Mem 46984MB
Test: [90/2084]	Time 5.838 (5.667)	Loss 0.9844 (1.4112)	Acc@1 79.167 (67.216)	Acc@5 87.500 (87.729)	Mem 46984MB
Test: [100/2084]	Time 5.228 (5.623)	Loss 3.4727 (1.5681)	Acc@1 29.167 (64.398)	Acc@5 54.167 (85.066)	Mem 46984MB
Test: [110/2084]	Time 4.220 (5.514)	Loss 3.7793 (1.6954)	Acc@1 16.667 (62.312)	Acc@5 62.500 (83.296)	Mem 46984MB
Test: [120/2084]	Time 4.850 (5.488)	Loss 3.2754 (1.8614)	Acc@1 37.500 (58.988)	Acc@5 50.000 (80.992)	Mem 46984MB
Test: [130/2084]	Time 5.171 (5.482)	Loss 2.4844 (1.9984)	Acc@1 29.167 (56.552)	Acc@5 83.333 (78.849)	Mem 46984MB
Test: [140/2084]	Time 5.194 (5.481)	Loss 5.5625 (2.0324)	Acc@1 4.167 (55.526)	Acc@5 29.167 (78.369)	Mem 46984MB
Test: [150/2084]	Time 5.592 (5.448)	Loss 1.3564 (2.0418)	Acc@1 29.167 (55.243)	Acc@5 100.000 (78.284)	Mem 46984MB
Test: [160/2084]	Time 5.793 (5.474)	Loss 3.2012 (2.0596)	Acc@1 29.167 (54.374)	Acc@5 66.667 (78.623)	Mem 46984MB
Test: [170/2084]	Time 3.377 (5.455)	Loss 1.6055 (2.0760)	Acc@1 75.000 (54.313)	Acc@5 79.167 (78.363)	Mem 46984MB
Test: [180/2084]	Time 5.108 (5.395)	Loss 1.0850 (2.0261)	Acc@1 66.667 (55.318)	Acc@5 95.833 (79.052)	Mem 46984MB
Test: [190/2084]	Time 2.934 (5.302)	Loss 1.0146 (1.9538)	Acc@1 83.333 (57.046)	Acc@5 87.500 (79.843)	Mem 46984MB
Test: [200/2084]	Time 4.467 (5.239)	Loss 0.3120 (1.8860)	Acc@1 91.667 (58.520)	Acc@5 100.000 (80.680)	Mem 46984MB
Test: [210/2084]	Time 4.528 (5.200)	Loss 1.3389 (1.8598)	Acc@1 70.833 (59.163)	Acc@5 83.333 (81.141)	Mem 46984MB
Test: [220/2084]	Time 4.451 (5.187)	Loss 1.6855 (1.8626)	Acc@1 62.500 (59.201)	Acc@5 75.000 (80.995)	Mem 46984MB
Test: [230/2084]	Time 4.153 (5.160)	Loss 0.7114 (1.8708)	Acc@1 75.000 (59.091)	Acc@5 95.833 (80.880)	Mem 46984MB
Test: [240/2084]	Time 4.570 (5.141)	Loss 0.5435 (1.8578)	Acc@1 87.500 (59.526)	Acc@5 95.833 (80.999)	Mem 46984MB
Test: [250/2084]	Time 5.891 (5.120)	Loss 1.9404 (1.8645)	Acc@1 62.500 (59.280)	Acc@5 79.167 (80.959)	Mem 46984MB
Test: [260/2084]	Time 3.678 (5.125)	Loss 2.8066 (1.8705)	Acc@1 41.667 (59.132)	Acc@5 62.500 (80.811)	Mem 46984MB
Test: [270/2084]	Time 4.040 (5.088)	Loss 0.1366 (1.8536)	Acc@1 100.000 (59.425)	Acc@5 100.000 (81.089)	Mem 46984MB
Test: [280/2084]	Time 4.962 (5.060)	Loss 3.3262 (1.8330)	Acc@1 29.167 (59.935)	Acc@5 70.833 (81.317)	Mem 46984MB
Test: [290/2084]	Time 4.529 (5.041)	Loss 0.3267 (1.8087)	Acc@1 87.500 (60.495)	Acc@5 100.000 (81.672)	Mem 46984MB
Test: [300/2084]	Time 5.433 (5.022)	Loss 1.5469 (1.7940)	Acc@1 66.667 (60.645)	Acc@5 83.333 (81.977)	Mem 46984MB
Test: [310/2084]	Time 5.090 (5.009)	Loss 0.3484 (1.7631)	Acc@1 95.833 (61.308)	Acc@5 95.833 (82.409)	Mem 46984MB
Test: [320/2084]	Time 4.050 (4.985)	Loss 1.3516 (1.7618)	Acc@1 54.167 (61.306)	Acc@5 95.833 (82.464)	Mem 46984MB
Test: [330/2084]	Time 3.481 (4.953)	Loss 0.7207 (1.7587)	Acc@1 79.167 (61.266)	Acc@5 100.000 (82.616)	Mem 46984MB
Test: [340/2084]	Time 4.166 (4.927)	Loss 3.2520 (1.7783)	Acc@1 29.167 (60.753)	Acc@5 66.667 (82.417)	Mem 46984MB
Test: [350/2084]	Time 3.457 (4.888)	Loss 0.8418 (1.7745)	Acc@1 91.667 (60.648)	Acc@5 95.833 (82.550)	Mem 46984MB
Test: [360/2084]	Time 3.500 (4.848)	Loss 2.7324 (1.7867)	Acc@1 41.667 (60.376)	Acc@5 62.500 (82.398)	Mem 46984MB
Test: [370/2084]	Time 3.558 (4.814)	Loss 1.1514 (1.7884)	Acc@1 79.167 (60.434)	Acc@5 91.667 (82.323)	Mem 46984MB
Test: [380/2084]	Time 3.598 (4.785)	Loss 3.4160 (1.8197)	Acc@1 29.167 (59.766)	Acc@5 62.500 (81.769)	Mem 46984MB
Test: [390/2084]	Time 3.317 (4.754)	Loss 1.9512 (1.8206)	Acc@1 70.833 (59.687)	Acc@5 79.167 (81.799)	Mem 46984MB
Test: [400/2084]	Time 3.818 (4.727)	Loss 2.3145 (1.8102)	Acc@1 41.667 (59.809)	Acc@5 79.167 (81.951)	Mem 46984MB
Test: [410/2084]	Time 3.847 (4.700)	Loss 3.2461 (1.8228)	Acc@1 8.333 (59.225)	Acc@5 79.167 (81.823)	Mem 46984MB
Test: [420/2084]	Time 3.333 (4.676)	Loss 2.5801 (1.8296)	Acc@1 29.167 (58.838)	Acc@5 87.500 (81.898)	Mem 46984MB
Test: [430/2084]	Time 4.105 (4.655)	Loss 2.4922 (1.8461)	Acc@1 33.333 (58.333)	Acc@5 79.167 (81.806)	Mem 46984MB
Test: [440/2084]	Time 3.860 (4.638)	Loss 2.6152 (1.8555)	Acc@1 41.667 (58.107)	Acc@5 70.833 (81.652)	Mem 46984MB
Test: [450/2084]	Time 3.334 (4.618)	Loss 0.9062 (1.8619)	Acc@1 75.000 (57.964)	Acc@5 91.667 (81.550)	Mem 46984MB
Test: [460/2084]	Time 4.184 (4.601)	Loss 2.1367 (1.8756)	Acc@1 66.667 (57.728)	Acc@5 75.000 (81.273)	Mem 46984MB
Test: [470/2084]	Time 4.044 (4.587)	Loss 2.0117 (1.8892)	Acc@1 45.833 (57.413)	Acc@5 79.167 (81.113)	Mem 46984MB
Test: [480/2084]	Time 3.524 (4.566)	Loss 1.5332 (1.8933)	Acc@1 66.667 (57.406)	Acc@5 83.333 (81.012)	Mem 46984MB
Test: [490/2084]	Time 3.861 (4.543)	Loss 3.4824 (1.9150)	Acc@1 33.333 (56.831)	Acc@5 54.167 (80.830)	Mem 46984MB
Test: [500/2084]	Time 3.361 (4.529)	Loss 2.7422 (1.9260)	Acc@1 20.833 (56.445)	Acc@5 87.500 (80.763)	Mem 46984MB
Test: [510/2084]	Time 3.376 (4.511)	Loss 3.0039 (1.9412)	Acc@1 37.500 (56.083)	Acc@5 66.667 (80.528)	Mem 46984MB
Test: [520/2084]	Time 3.866 (4.496)	Loss 3.8203 (1.9668)	Acc@1 12.500 (55.630)	Acc@5 62.500 (80.166)	Mem 46984MB
Test: [530/2084]	Time 3.376 (4.476)	Loss 3.0293 (1.9740)	Acc@1 37.500 (55.469)	Acc@5 66.667 (80.085)	Mem 46984MB
Test: [540/2084]	Time 3.255 (4.457)	Loss 2.0762 (1.9778)	Acc@1 54.167 (55.353)	Acc@5 79.167 (80.052)	Mem 46984MB
Test: [550/2084]	Time 3.354 (4.438)	Loss 2.5352 (1.9848)	Acc@1 50.000 (55.218)	Acc@5 70.833 (79.998)	Mem 46984MB
Test: [560/2084]	Time 3.398 (4.418)	Loss 1.7930 (1.9954)	Acc@1 50.000 (54.947)	Acc@5 79.167 (79.887)	Mem 46984MB
Test: [570/2084]	Time 3.357 (4.401)	Loss 2.4473 (1.9950)	Acc@1 45.833 (54.896)	Acc@5 83.333 (79.955)	Mem 46984MB
Test: [580/2084]	Time 3.342 (4.383)	Loss 0.6167 (1.9825)	Acc@1 87.500 (55.142)	Acc@5 95.833 (80.149)	Mem 46984MB
Test: [590/2084]	Time 3.337 (4.367)	Loss 0.8271 (1.9861)	Acc@1 79.167 (55.020)	Acc@5 95.833 (80.161)	Mem 46984MB
Test: [600/2084]	Time 3.334 (4.350)	Loss 1.5117 (1.9895)	Acc@1 66.667 (55.012)	Acc@5 87.500 (80.110)	Mem 46984MB
Test: [610/2084]	Time 3.448 (4.334)	Loss 1.0811 (1.9803)	Acc@1 79.167 (55.224)	Acc@5 95.833 (80.230)	Mem 46984MB
Test: [620/2084]	Time 3.177 (4.320)	Loss 1.3125 (1.9712)	Acc@1 66.667 (55.488)	Acc@5 87.500 (80.354)	Mem 46984MB
Test: [630/2084]	Time 3.475 (4.306)	Loss 1.0664 (1.9661)	Acc@1 62.500 (55.580)	Acc@5 95.833 (80.434)	Mem 46984MB
Test: [640/2084]	Time 3.275 (4.289)	Loss 1.6055 (1.9707)	Acc@1 58.333 (55.421)	Acc@5 95.833 (80.454)	Mem 46984MB
Test: [650/2084]	Time 3.331 (4.273)	Loss 2.9512 (1.9731)	Acc@1 29.167 (55.428)	Acc@5 75.000 (80.428)	Mem 46984MB
Test: [660/2084]	Time 3.460 (4.261)	Loss 1.0859 (1.9798)	Acc@1 70.833 (55.352)	Acc@5 87.500 (80.320)	Mem 46984MB
Test: [670/2084]	Time 3.274 (4.247)	Loss 0.4849 (1.9638)	Acc@1 91.667 (55.707)	Acc@5 100.000 (80.539)	Mem 46984MB
Test: [680/2084]	Time 3.517 (4.233)	Loss 0.5801 (1.9468)	Acc@1 95.833 (56.082)	Acc@5 95.833 (80.794)	Mem 46984MB
Test: [690/2084]	Time 3.453 (4.223)	Loss 1.5439 (1.9480)	Acc@1 58.333 (56.120)	Acc@5 91.667 (80.765)	Mem 46984MB
Test: [700/2084]	Time 3.441 (4.210)	Loss 2.2402 (1.9319)	Acc@1 62.500 (56.473)	Acc@5 66.667 (80.962)	Mem 46984MB
Test: [710/2084]	Time 3.349 (4.197)	Loss 0.8506 (1.9236)	Acc@1 70.833 (56.657)	Acc@5 95.833 (81.060)	Mem 46984MB
Test: [720/2084]	Time 3.376 (4.185)	Loss 1.6494 (1.9252)	Acc@1 58.333 (56.646)	Acc@5 91.667 (81.108)	Mem 46984MB
Test: [730/2084]	Time 2.850 (4.173)	Loss 1.1221 (1.9327)	Acc@1 79.167 (56.498)	Acc@5 87.500 (81.076)	Mem 46984MB
Test: [740/2084]	Time 3.339 (4.162)	Loss 1.3447 (1.9228)	Acc@1 79.167 (56.675)	Acc@5 83.333 (81.236)	Mem 46984MB
Test: [750/2084]	Time 3.417 (4.151)	Loss 1.4883 (1.9240)	Acc@1 58.333 (56.575)	Acc@5 100.000 (81.308)	Mem 46984MB
Test: [760/2084]	Time 3.298 (4.139)	Loss 0.5068 (1.9163)	Acc@1 95.833 (56.800)	Acc@5 95.833 (81.368)	Mem 46984MB
Test: [770/2084]	Time 3.277 (4.128)	Loss 1.7314 (1.9187)	Acc@1 58.333 (56.744)	Acc@5 83.333 (81.323)	Mem 46984MB
Test: [780/2084]	Time 3.179 (4.119)	Loss 2.0000 (1.9189)	Acc@1 58.333 (56.695)	Acc@5 75.000 (81.333)	Mem 46984MB
Test: [790/2084]	Time 3.739 (4.111)	Loss 0.8350 (1.9091)	Acc@1 79.167 (56.937)	Acc@5 95.833 (81.416)	Mem 46984MB
Test: [800/2084]	Time 3.376 (4.102)	Loss 0.7500 (1.9080)	Acc@1 83.333 (56.903)	Acc@5 95.833 (81.445)	Mem 46984MB
Test: [810/2084]	Time 2.871 (4.089)	Loss 1.1592 (1.8996)	Acc@1 66.667 (57.013)	Acc@5 91.667 (81.587)	Mem 46984MB
Test: [820/2084]	Time 2.845 (4.074)	Loss 1.1699 (1.8916)	Acc@1 70.833 (57.197)	Acc@5 87.500 (81.669)	Mem 46984MB
Test: [830/2084]	Time 3.021 (4.060)	Loss 2.2246 (1.8891)	Acc@1 54.167 (57.280)	Acc@5 70.833 (81.684)	Mem 46984MB
Test: [840/2084]	Time 2.833 (4.046)	Loss 1.7529 (1.8905)	Acc@1 58.333 (57.278)	Acc@5 91.667 (81.649)	Mem 46984MB
Test: [850/2084]	Time 2.862 (4.032)	Loss 1.1504 (1.8842)	Acc@1 75.000 (57.388)	Acc@5 91.667 (81.757)	Mem 46984MB
Test: [860/2084]	Time 2.854 (4.018)	Loss 1.4453 (1.8895)	Acc@1 66.667 (57.312)	Acc@5 87.500 (81.683)	Mem 46984MB
Test: [870/2084]	Time 2.837 (4.005)	Loss 1.3701 (1.8997)	Acc@1 75.000 (57.247)	Acc@5 87.500 (81.544)	Mem 46984MB
Test: [880/2084]	Time 2.853 (3.994)	Loss 1.9736 (1.8982)	Acc@1 58.333 (57.298)	Acc@5 79.167 (81.565)	Mem 46984MB
Test: [890/2084]	Time 2.835 (3.981)	Loss 1.2246 (1.8960)	Acc@1 70.833 (57.342)	Acc@5 91.667 (81.589)	Mem 46984MB
Test: [900/2084]	Time 2.863 (3.969)	Loss 2.5410 (1.8977)	Acc@1 37.500 (57.330)	Acc@5 79.167 (81.558)	Mem 46984MB
Test: [910/2084]	Time 2.873 (3.956)	Loss 2.9434 (1.9121)	Acc@1 45.833 (57.089)	Acc@5 66.667 (81.376)	Mem 46984MB
Test: [920/2084]	Time 2.814 (3.944)	Loss 2.3945 (1.9119)	Acc@1 45.833 (57.112)	Acc@5 75.000 (81.388)	Mem 46984MB
Test: [930/2084]	Time 2.790 (3.933)	Loss 2.4199 (1.9253)	Acc@1 45.833 (56.852)	Acc@5 70.833 (81.234)	Mem 46984MB
Test: [940/2084]	Time 2.870 (3.921)	Loss 0.8394 (1.9200)	Acc@1 83.333 (56.983)	Acc@5 95.833 (81.296)	Mem 46984MB
Test: [950/2084]	Time 2.975 (3.910)	Loss 2.4297 (1.9317)	Acc@1 58.333 (56.817)	Acc@5 66.667 (81.125)	Mem 46984MB
Test: [960/2084]	Time 2.818 (3.900)	Loss 1.9199 (1.9416)	Acc@1 45.833 (56.655)	Acc@5 87.500 (80.996)	Mem 46984MB
Test: [970/2084]	Time 3.156 (3.890)	Loss 2.4785 (1.9504)	Acc@1 41.667 (56.531)	Acc@5 70.833 (80.879)	Mem 46984MB
Test: [980/2084]	Time 2.834 (3.880)	Loss 2.3672 (1.9525)	Acc@1 58.333 (56.537)	Acc@5 79.167 (80.840)	Mem 46984MB
Test: [990/2084]	Time 2.830 (3.869)	Loss 0.5840 (1.9473)	Acc@1 95.833 (56.677)	Acc@5 95.833 (80.903)	Mem 46984MB
Test: [1000/2084]	Time 2.833 (3.859)	Loss 1.1426 (1.9477)	Acc@1 66.667 (56.677)	Acc@5 91.667 (80.886)	Mem 46984MB
Test: [1010/2084]	Time 2.898 (3.850)	Loss 2.3887 (1.9464)	Acc@1 37.500 (56.623)	Acc@5 79.167 (80.943)	Mem 46984MB
Test: [1020/2084]	Time 2.872 (3.840)	Loss 3.2148 (1.9589)	Acc@1 33.333 (56.370)	Acc@5 62.500 (80.783)	Mem 46984MB
Test: [1030/2084]	Time 2.854 (3.830)	Loss 3.0000 (1.9609)	Acc@1 37.500 (56.377)	Acc@5 62.500 (80.747)	Mem 46984MB
Test: [1040/2084]	Time 2.875 (3.821)	Loss 3.9043 (1.9700)	Acc@1 29.167 (56.224)	Acc@5 54.167 (80.628)	Mem 46984MB
Test: [1050/2084]	Time 2.813 (3.811)	Loss 2.2305 (1.9749)	Acc@1 58.333 (56.173)	Acc@5 87.500 (80.566)	Mem 46984MB
Test: [1060/2084]	Time 2.835 (3.802)	Loss 3.0918 (1.9855)	Acc@1 25.000 (55.973)	Acc@5 66.667 (80.423)	Mem 46984MB
Test: [1070/2084]	Time 2.886 (3.794)	Loss 4.1523 (1.9883)	Acc@1 16.667 (55.875)	Acc@5 45.833 (80.423)	Mem 46984MB
Test: [1080/2084]	Time 2.768 (3.785)	Loss 2.0957 (1.9930)	Acc@1 50.000 (55.782)	Acc@5 87.500 (80.358)	Mem 46984MB
Test: [1090/2084]	Time 2.898 (3.777)	Loss 4.2852 (1.9914)	Acc@1 16.667 (55.832)	Acc@5 37.500 (80.374)	Mem 46984MB
Test: [1100/2084]	Time 2.893 (3.769)	Loss 2.4473 (1.9929)	Acc@1 45.833 (55.741)	Acc@5 83.333 (80.370)	Mem 46984MB
Test: [1110/2084]	Time 2.859 (3.761)	Loss 2.7754 (1.9953)	Acc@1 37.500 (55.719)	Acc@5 66.667 (80.348)	Mem 46984MB
Test: [1120/2084]	Time 2.859 (3.753)	Loss 1.0596 (1.9963)	Acc@1 83.333 (55.750)	Acc@5 95.833 (80.330)	Mem 46984MB
Test: [1130/2084]	Time 2.916 (3.745)	Loss 3.4297 (2.0024)	Acc@1 20.833 (55.651)	Acc@5 58.333 (80.231)	Mem 46984MB
Test: [1140/2084]	Time 2.874 (3.737)	Loss 2.5449 (2.0043)	Acc@1 37.500 (55.605)	Acc@5 87.500 (80.226)	Mem 46984MB
Test: [1150/2084]	Time 2.819 (3.729)	Loss 1.1396 (1.9994)	Acc@1 79.167 (55.723)	Acc@5 87.500 (80.293)	Mem 46984MB
Test: [1160/2084]	Time 3.308 (3.722)	Loss 2.6641 (1.9941)	Acc@1 45.833 (55.861)	Acc@5 75.000 (80.340)	Mem 46984MB
Test: [1170/2084]	Time 2.857 (3.715)	Loss 1.3125 (1.9951)	Acc@1 66.667 (55.889)	Acc@5 91.667 (80.323)	Mem 46984MB
Test: [1180/2084]	Time 2.877 (3.708)	Loss 1.8428 (1.9935)	Acc@1 66.667 (55.906)	Acc@5 79.167 (80.342)	Mem 46984MB
Test: [1190/2084]	Time 2.852 (3.701)	Loss 2.1836 (1.9947)	Acc@1 54.167 (55.884)	Acc@5 75.000 (80.318)	Mem 46984MB
Test: [1200/2084]	Time 2.851 (3.694)	Loss 0.2986 (1.9921)	Acc@1 91.667 (55.964)	Acc@5 100.000 (80.346)	Mem 46984MB
Test: [1210/2084]	Time 2.870 (3.687)	Loss 2.3027 (1.9956)	Acc@1 54.167 (55.908)	Acc@5 75.000 (80.299)	Mem 46984MB
Test: [1220/2084]	Time 2.841 (3.681)	Loss 3.7969 (1.9978)	Acc@1 20.833 (55.852)	Acc@5 58.333 (80.272)	Mem 46984MB
Test: [1230/2084]	Time 2.855 (3.675)	Loss 1.7549 (2.0000)	Acc@1 62.500 (55.818)	Acc@5 75.000 (80.243)	Mem 46984MB
Test: [1240/2084]	Time 2.984 (3.669)	Loss 1.7246 (2.0002)	Acc@1 41.667 (55.822)	Acc@5 91.667 (80.238)	Mem 46984MB
Test: [1250/2084]	Time 2.816 (3.662)	Loss 4.9102 (2.0092)	Acc@1 16.667 (55.689)	Acc@5 41.667 (80.146)	Mem 46984MB
Test: [1260/2084]	Time 2.793 (3.656)	Loss 1.7783 (2.0108)	Acc@1 70.833 (55.700)	Acc@5 83.333 (80.118)	Mem 46984MB
Test: [1270/2084]	Time 2.889 (3.650)	Loss 2.9785 (2.0120)	Acc@1 33.333 (55.747)	Acc@5 62.500 (80.062)	Mem 46984MB
Test: [1280/2084]	Time 2.865 (3.644)	Loss 1.7051 (2.0054)	Acc@1 75.000 (55.910)	Acc@5 75.000 (80.129)	Mem 46984MB
Test: [1290/2084]	Time 2.821 (3.638)	Loss 3.4902 (2.0124)	Acc@1 4.167 (55.829)	Acc@5 66.667 (80.025)	Mem 46984MB
Test: [1300/2084]	Time 2.851 (3.632)	Loss 1.7256 (2.0191)	Acc@1 70.833 (55.694)	Acc@5 83.333 (79.951)	Mem 46984MB
Test: [1310/2084]	Time 2.854 (3.626)	Loss 2.1934 (2.0198)	Acc@1 54.167 (55.686)	Acc@5 75.000 (79.942)	Mem 46984MB
Test: [1320/2084]	Time 2.815 (3.620)	Loss 4.0312 (2.0234)	Acc@1 20.833 (55.624)	Acc@5 50.000 (79.889)	Mem 46984MB
Test: [1330/2084]	Time 2.834 (3.615)	Loss 5.1250 (2.0271)	Acc@1 0.000 (55.566)	Acc@5 70.833 (79.884)	Mem 46984MB
Test: [1340/2084]	Time 2.839 (3.609)	Loss 4.3555 (2.0258)	Acc@1 16.667 (55.633)	Acc@5 54.167 (79.897)	Mem 46984MB
Test: [1350/2084]	Time 2.836 (3.604)	Loss 2.6406 (2.0245)	Acc@1 50.000 (55.687)	Acc@5 70.833 (79.901)	Mem 46984MB
Test: [1360/2084]	Time 2.819 (3.598)	Loss 3.1211 (2.0310)	Acc@1 25.000 (55.581)	Acc@5 62.500 (79.788)	Mem 46984MB
Test: [1370/2084]	Time 2.872 (3.593)	Loss 2.9023 (2.0428)	Acc@1 4.167 (55.315)	Acc@5 83.333 (79.656)	Mem 46984MB
Test: [1380/2084]	Time 3.313 (3.589)	Loss 2.0215 (2.0429)	Acc@1 45.833 (55.343)	Acc@5 79.167 (79.634)	Mem 46984MB
Test: [1390/2084]	Time 2.815 (3.583)	Loss 2.0938 (2.0451)	Acc@1 33.333 (55.278)	Acc@5 87.500 (79.610)	Mem 46984MB
Test: [1400/2084]	Time 2.864 (3.578)	Loss 0.5908 (2.0410)	Acc@1 87.500 (55.380)	Acc@5 91.667 (79.654)	Mem 46984MB
Test: [1410/2084]	Time 2.853 (3.573)	Loss 2.7402 (2.0407)	Acc@1 37.500 (55.398)	Acc@5 66.667 (79.621)	Mem 46984MB
Test: [1420/2084]	Time 3.151 (3.570)	Loss 5.3672 (2.0429)	Acc@1 4.167 (55.384)	Acc@5 25.000 (79.565)	Mem 46984MB
Test: [1430/2084]	Time 2.861 (3.565)	Loss 1.8574 (2.0385)	Acc@1 58.333 (55.497)	Acc@5 83.333 (79.612)	Mem 46984MB
Test: [1440/2084]	Time 2.900 (3.561)	Loss 1.4512 (2.0370)	Acc@1 62.500 (55.517)	Acc@5 83.333 (79.635)	Mem 46984MB
Test: [1450/2084]	Time 2.847 (3.557)	Loss 2.7109 (2.0379)	Acc@1 54.167 (55.531)	Acc@5 70.833 (79.606)	Mem 46984MB
Test: [1460/2084]	Time 2.859 (3.552)	Loss 2.0820 (2.0415)	Acc@1 58.333 (55.467)	Acc@5 79.167 (79.560)	Mem 46984MB
Test: [1470/2084]	Time 3.127 (3.548)	Loss 2.0000 (2.0396)	Acc@1 50.000 (55.506)	Acc@5 87.500 (79.583)	Mem 46984MB
Test: [1480/2084]	Time 2.815 (3.545)	Loss 2.6211 (2.0381)	Acc@1 45.833 (55.548)	Acc@5 70.833 (79.617)	Mem 46984MB
Test: [1490/2084]	Time 3.060 (3.540)	Loss 0.9165 (2.0334)	Acc@1 79.167 (55.634)	Acc@5 91.667 (79.672)	Mem 46984MB
Test: [1500/2084]	Time 2.797 (3.536)	Loss 1.1592 (2.0343)	Acc@1 75.000 (55.630)	Acc@5 83.333 (79.652)	Mem 46984MB
Test: [1510/2084]	Time 2.833 (3.532)	Loss 3.2051 (2.0306)	Acc@1 41.667 (55.733)	Acc@5 62.500 (79.685)	Mem 46984MB
Test: [1520/2084]	Time 2.865 (3.527)	Loss 2.5469 (2.0298)	Acc@1 58.333 (55.764)	Acc@5 66.667 (79.682)	Mem 46984MB
Test: [1530/2084]	Time 2.824 (3.523)	Loss 1.7705 (2.0332)	Acc@1 62.500 (55.721)	Acc@5 79.167 (79.613)	Mem 46984MB
Test: [1540/2084]	Time 2.874 (3.519)	Loss 0.5986 (2.0321)	Acc@1 83.333 (55.751)	Acc@5 91.667 (79.602)	Mem 46984MB
Test: [1550/2084]	Time 2.895 (3.516)	Loss 0.9858 (2.0306)	Acc@1 75.000 (55.744)	Acc@5 95.833 (79.631)	Mem 46984MB
Test: [1560/2084]	Time 2.873 (3.512)	Loss 3.5938 (2.0341)	Acc@1 33.333 (55.725)	Acc@5 50.000 (79.567)	Mem 46984MB
Test: [1570/2084]	Time 2.825 (3.508)	Loss 2.3750 (2.0398)	Acc@1 45.833 (55.607)	Acc@5 75.000 (79.504)	Mem 46984MB
Test: [1580/2084]	Time 2.839 (3.504)	Loss 2.4316 (2.0403)	Acc@1 50.000 (55.603)	Acc@5 66.667 (79.493)	Mem 46984MB
Test: [1590/2084]	Time 2.934 (3.501)	Loss 0.6353 (2.0434)	Acc@1 79.167 (55.568)	Acc@5 100.000 (79.460)	Mem 46984MB
Test: [1600/2084]	Time 2.852 (3.497)	Loss 2.8340 (2.0473)	Acc@1 50.000 (55.515)	Acc@5 66.667 (79.404)	Mem 46984MB
Test: [1610/2084]	Time 2.813 (3.493)	Loss 3.3613 (2.0488)	Acc@1 37.500 (55.496)	Acc@5 62.500 (79.376)	Mem 46984MB
Test: [1620/2084]	Time 2.994 (3.490)	Loss 1.1172 (2.0535)	Acc@1 70.833 (55.436)	Acc@5 95.833 (79.321)	Mem 46984MB
Test: [1630/2084]	Time 2.813 (3.486)	Loss 1.8691 (2.0543)	Acc@1 45.833 (55.418)	Acc@5 87.500 (79.335)	Mem 46984MB
Test: [1640/2084]	Time 2.888 (3.482)	Loss 3.0703 (2.0552)	Acc@1 25.000 (55.401)	Acc@5 66.667 (79.316)	Mem 46984MB
Test: [1650/2084]	Time 2.852 (3.479)	Loss 2.9941 (2.0588)	Acc@1 50.000 (55.368)	Acc@5 70.833 (79.260)	Mem 46984MB
Test: [1660/2084]	Time 2.833 (3.475)	Loss 1.4326 (2.0595)	Acc@1 66.667 (55.381)	Acc@5 87.500 (79.232)	Mem 46984MB
Test: [1670/2084]	Time 3.198 (3.471)	Loss 0.9844 (2.0624)	Acc@1 75.000 (55.364)	Acc@5 95.833 (79.209)	Mem 46984MB
Test: [1680/2084]	Time 2.806 (3.468)	Loss 4.0508 (2.0597)	Acc@1 12.500 (55.426)	Acc@5 58.333 (79.248)	Mem 46984MB
Test: [1690/2084]	Time 2.812 (3.465)	Loss 2.6816 (2.0654)	Acc@1 50.000 (55.335)	Acc@5 70.833 (79.179)	Mem 46984MB
Test: [1700/2084]	Time 2.801 (3.461)	Loss 1.7393 (2.0647)	Acc@1 58.333 (55.333)	Acc@5 79.167 (79.186)	Mem 46984MB
Test: [1710/2084]	Time 2.857 (3.457)	Loss 1.2393 (2.0639)	Acc@1 70.833 (55.345)	Acc@5 91.667 (79.191)	Mem 46984MB
Test: [1720/2084]	Time 2.953 (3.454)	Loss 1.9287 (2.0623)	Acc@1 58.333 (55.382)	Acc@5 75.000 (79.208)	Mem 46984MB
Test: [1730/2084]	Time 2.852 (3.451)	Loss 1.7422 (2.0688)	Acc@1 66.667 (55.272)	Acc@5 75.000 (79.123)	Mem 46984MB
Test: [1740/2084]	Time 2.870 (3.448)	Loss 3.5527 (2.0666)	Acc@1 41.667 (55.332)	Acc@5 54.167 (79.143)	Mem 46984MB
Test: [1750/2084]	Time 2.993 (3.445)	Loss 1.4482 (2.0739)	Acc@1 70.833 (55.199)	Acc@5 83.333 (79.029)	Mem 46984MB
Test: [1760/2084]	Time 2.813 (3.442)	Loss 2.5391 (2.0745)	Acc@1 37.500 (55.179)	Acc@5 75.000 (79.006)	Mem 46984MB
Test: [1770/2084]	Time 2.889 (3.438)	Loss 2.5488 (2.0767)	Acc@1 37.500 (55.122)	Acc@5 79.167 (78.981)	Mem 46984MB
Test: [1780/2084]	Time 2.858 (3.435)	Loss 1.1846 (2.0754)	Acc@1 79.167 (55.138)	Acc@5 87.500 (78.998)	Mem 46984MB
Test: [1790/2084]	Time 2.833 (3.432)	Loss 2.9082 (2.0752)	Acc@1 54.167 (55.169)	Acc@5 66.667 (78.983)	Mem 46984MB
Test: [1800/2084]	Time 2.853 (3.429)	Loss 2.6543 (2.0741)	Acc@1 37.500 (55.199)	Acc@5 70.833 (79.005)	Mem 46984MB
Test: [1810/2084]	Time 3.218 (3.426)	Loss 4.4180 (2.0762)	Acc@1 25.000 (55.144)	Acc@5 50.000 (78.999)	Mem 46984MB
Test: [1820/2084]	Time 2.873 (3.423)	Loss 0.9048 (2.0724)	Acc@1 75.000 (55.231)	Acc@5 95.833 (79.041)	Mem 46984MB
Test: [1830/2084]	Time 2.849 (3.420)	Loss 1.4307 (2.0731)	Acc@1 62.500 (55.204)	Acc@5 95.833 (79.042)	Mem 46984MB
Test: [1840/2084]	Time 2.829 (3.417)	Loss 3.4922 (2.0741)	Acc@1 33.333 (55.194)	Acc@5 58.333 (79.029)	Mem 46984MB
Test: [1850/2084]	Time 2.837 (3.414)	Loss 2.6289 (2.0807)	Acc@1 62.500 (55.090)	Acc@5 66.667 (78.935)	Mem 46984MB
Test: [1860/2084]	Time 3.022 (3.411)	Loss 3.6230 (2.0815)	Acc@1 33.333 (55.100)	Acc@5 58.333 (78.907)	Mem 46984MB
Test: [1870/2084]	Time 2.865 (3.409)	Loss 2.1855 (2.0838)	Acc@1 62.500 (55.051)	Acc@5 70.833 (78.884)	Mem 46984MB
Test: [1880/2084]	Time 2.819 (3.406)	Loss 1.0537 (2.0840)	Acc@1 70.833 (55.055)	Acc@5 91.667 (78.874)	Mem 46984MB
Test: [1890/2084]	Time 2.824 (3.403)	Loss 2.5645 (2.0862)	Acc@1 33.333 (55.024)	Acc@5 83.333 (78.841)	Mem 46984MB
Test: [1900/2084]	Time 2.874 (3.401)	Loss 0.6587 (2.0947)	Acc@1 87.500 (54.886)	Acc@5 95.833 (78.750)	Mem 46984MB
Test: [1910/2084]	Time 2.867 (3.398)	Loss 1.2158 (2.0900)	Acc@1 70.833 (54.984)	Acc@5 95.833 (78.811)	Mem 46984MB
Test: [1920/2084]	Time 2.876 (3.396)	Loss 1.2686 (2.0881)	Acc@1 66.667 (55.019)	Acc@5 95.833 (78.837)	Mem 46984MB
Test: [1930/2084]	Time 2.835 (3.393)	Loss 0.7295 (2.0866)	Acc@1 75.000 (55.036)	Acc@5 100.000 (78.869)	Mem 46984MB
Test: [1940/2084]	Time 2.869 (3.390)	Loss 3.2969 (2.0859)	Acc@1 37.500 (55.038)	Acc@5 58.333 (78.883)	Mem 46984MB
Test: [1950/2084]	Time 2.874 (3.388)	Loss 0.9570 (2.0833)	Acc@1 75.000 (55.074)	Acc@5 100.000 (78.910)	Mem 46984MB
Test: [1960/2084]	Time 2.873 (3.387)	Loss 1.2344 (2.0776)	Acc@1 62.500 (55.174)	Acc@5 91.667 (78.990)	Mem 46984MB
Test: [1970/2084]	Time 2.871 (3.384)	Loss 1.9062 (2.0758)	Acc@1 58.333 (55.190)	Acc@5 83.333 (79.033)	Mem 46984MB
Test: [1980/2084]	Time 2.861 (3.382)	Loss 2.7090 (2.0750)	Acc@1 33.333 (55.183)	Acc@5 79.167 (79.072)	Mem 46984MB
Test: [1990/2084]	Time 2.876 (3.379)	Loss 1.9482 (2.0722)	Acc@1 62.500 (55.249)	Acc@5 79.167 (79.112)	Mem 46984MB
Test: [2000/2084]	Time 2.826 (3.377)	Loss 2.2168 (2.0709)	Acc@1 50.000 (55.285)	Acc@5 79.167 (79.125)	Mem 46984MB
Test: [2010/2084]	Time 2.834 (3.374)	Loss 1.5771 (2.0731)	Acc@1 66.667 (55.261)	Acc@5 91.667 (79.080)	Mem 46984MB
Test: [2020/2084]	Time 2.837 (3.371)	Loss 3.2188 (2.0779)	Acc@1 33.333 (55.173)	Acc@5 58.333 (79.016)	Mem 46984MB
Test: [2030/2084]	Time 2.811 (3.370)	Loss 0.5239 (2.0756)	Acc@1 87.500 (55.203)	Acc@5 95.833 (79.060)	Mem 46984MB
Test: [2040/2084]	Time 3.198 (3.368)	Loss 0.6899 (2.0741)	Acc@1 83.333 (55.226)	Acc@5 100.000 (79.099)	Mem 46984MB
Test: [2050/2084]	Time 2.860 (3.366)	Loss 0.2859 (2.0729)	Acc@1 95.833 (55.266)	Acc@5 100.000 (79.110)	Mem 46984MB
Test: [2060/2084]	Time 3.182 (3.364)	Loss 1.1816 (2.0679)	Acc@1 66.667 (55.351)	Acc@5 91.667 (79.179)	Mem 46984MB
Test: [2070/2084]	Time 3.179 (3.362)	Loss 0.0665 (2.0618)	Acc@1 100.000 (55.493)	Acc@5 100.000 (79.253)	Mem 46984MB
Test: [2080/2084]	Time 2.859 (3.359)	Loss 2.1641 (2.0565)	Acc@1 41.667 (55.592)	Acc@5 91.667 (79.321)	Mem 46984MB
 * Acc@1 55.565 Acc@5 79.293
