[W socket.cpp:426] [c10d] The server socket has failed to bind to [::]:61234 (errno: 98 - Address already in use).
[W socket.cpp:426] [c10d] The server socket has failed to bind to ?UNKNOWN? (errno: 98 - Address already in use).
[E socket.cpp:462] [c10d] The server socket has failed to listen on any local network address.
The server socket has failed to listen on any local network address. The server socket has failed to bind to [::]:61234 (errno: 98 - Address already in use). The server socket has failed to bind to ?UNKNOWN? (errno: 98 - Address already in use).
[W socket.cpp:426] [c10d] The server socket has failed to bind to [::]:61233 (errno: 98 - Address already in use).
[W socket.cpp:426] [c10d] The server socket has failed to bind to ?UNKNOWN? (errno: 98 - Address already in use).
[E socket.cpp:462] [c10d] The server socket has failed to listen on any local network address.
The server socket has failed to listen on any local network address. The server socket has failed to bind to [::]:61233 (errno: 98 - Address already in use). The server socket has failed to bind to ?UNKNOWN? (errno: 98 - Address already in use).
[W socket.cpp:426] [c10d] The server socket has failed to bind to [::]:61232 (errno: 98 - Address already in use).
[W socket.cpp:426] [c10d] The server socket has failed to bind to ?UNKNOWN? (errno: 98 - Address already in use).
[E socket.cpp:462] [c10d] The server socket has failed to listen on any local network address.
The server socket has failed to listen on any local network address. The server socket has failed to bind to [::]:61232 (errno: 98 - Address already in use). The server socket has failed to bind to ?UNKNOWN? (errno: 98 - Address already in use).
using init_resnet ======================== 
01/17 10:09:55 - mmengine - INFO - Loads checkpoint by http backend from path: https://download.openmmlab.com/mmclassification/v0/resnet/resnet101_8xb32_in1k_20210831-539c63f8.pth
starting loop: img_size 224; len(dataset) 50003
Test: [0/391]	Time 5.316 (5.316)	Loss 0.3718 (0.3718)	Acc@1 92.969 (92.969)	Acc@5 97.656 (97.656)	Mem 1152MB
Test: [10/391]	Time 8.241 (6.094)	Loss 1.1260 (0.4384)	Acc@1 74.219 (89.276)	Acc@5 96.094 (97.940)	Mem 1152MB
Test: [20/391]	Time 6.441 (6.107)	Loss 0.5454 (0.5984)	Acc@1 87.500 (84.635)	Acc@5 94.531 (97.061)	Mem 1152MB
Test: [30/391]	Time 8.243 (6.362)	Loss 1.0654 (0.7213)	Acc@1 81.250 (81.376)	Acc@5 92.188 (96.245)	Mem 1152MB
Test: [40/391]	Time 5.104 (6.272)	Loss 0.5200 (0.6387)	Acc@1 91.406 (83.651)	Acc@5 94.531 (96.532)	Mem 1152MB
Test: [50/391]	Time 6.575 (6.378)	Loss 0.2152 (0.6536)	Acc@1 94.531 (83.869)	Acc@5 98.438 (96.369)	Mem 1152MB
Test: [60/391]	Time 5.960 (6.331)	Loss 0.7344 (0.6035)	Acc@1 82.812 (85.003)	Acc@5 94.531 (96.657)	Mem 1152MB
Test: [70/391]	Time 5.657 (6.334)	Loss 0.7744 (0.6320)	Acc@1 77.344 (84.331)	Acc@5 98.438 (96.479)	Mem 1152MB
Test: [80/391]	Time 5.725 (6.320)	Loss 0.4734 (0.6425)	Acc@1 87.500 (83.835)	Acc@5 96.875 (96.508)	Mem 1152MB
Test: [90/391]	Time 6.798 (6.264)	Loss 0.7427 (0.6428)	Acc@1 74.219 (83.886)	Acc@5 97.656 (96.489)	Mem 1152MB
Test: [100/391]	Time 6.158 (6.228)	Loss 0.5630 (0.6423)	Acc@1 85.156 (83.563)	Acc@5 97.656 (96.627)	Mem 1152MB
Test: [110/391]	Time 8.106 (6.262)	Loss 1.1211 (0.6510)	Acc@1 57.812 (83.214)	Acc@5 97.656 (96.678)	Mem 1152MB
Test: [120/391]	Time 6.382 (6.302)	Loss 0.5571 (0.6504)	Acc@1 89.844 (83.407)	Acc@5 96.875 (96.701)	Mem 1152MB
Test: [130/391]	Time 4.378 (6.322)	Loss 0.2705 (0.6432)	Acc@1 93.750 (83.576)	Acc@5 97.656 (96.744)	Mem 1152MB
Test: [140/391]	Time 6.924 (6.296)	Loss 0.9531 (0.6409)	Acc@1 70.312 (83.433)	Acc@5 96.875 (96.820)	Mem 1152MB
Test: [150/391]	Time 9.050 (6.349)	Loss 0.7505 (0.6484)	Acc@1 75.781 (83.371)	Acc@5 95.312 (96.709)	Mem 1152MB
Test: [160/391]	Time 6.278 (6.338)	Loss 0.6235 (0.6521)	Acc@1 84.375 (83.259)	Acc@5 96.875 (96.652)	Mem 1152MB
Test: [170/391]	Time 5.778 (6.327)	Loss 1.3984 (0.6752)	Acc@1 64.844 (82.707)	Acc@5 87.500 (96.441)	Mem 1152MB
Test: [180/391]	Time 5.194 (6.213)	Loss 1.8975 (0.6975)	Acc@1 59.375 (82.225)	Acc@5 89.062 (96.202)	Mem 1152MB
Test: [190/391]	Time 4.047 (6.196)	Loss 1.3408 (0.7240)	Acc@1 69.531 (81.634)	Acc@5 93.750 (95.910)	Mem 1152MB
Test: [200/391]	Time 3.792 (6.103)	Loss 0.4836 (0.7450)	Acc@1 80.469 (81.199)	Acc@5 98.438 (95.721)	Mem 1152MB
Test: [210/391]	Time 5.976 (6.081)	Loss 1.1445 (0.7625)	Acc@1 75.000 (80.739)	Acc@5 92.969 (95.568)	Mem 1152MB
Test: [220/391]	Time 6.633 (6.046)	Loss 0.4023 (0.7691)	Acc@1 90.625 (80.631)	Acc@5 98.438 (95.457)	Mem 1152MB
Test: [230/391]	Time 5.875 (6.050)	Loss 1.4746 (0.7806)	Acc@1 63.281 (80.432)	Acc@5 89.844 (95.333)	Mem 1152MB
Test: [240/391]	Time 6.096 (6.053)	Loss 0.8521 (0.7834)	Acc@1 84.375 (80.462)	Acc@5 92.969 (95.261)	Mem 1152MB
Test: [250/391]	Time 6.231 (6.040)	Loss 0.4705 (0.8023)	Acc@1 87.500 (79.933)	Acc@5 97.656 (95.048)	Mem 1152MB
Test: [260/391]	Time 5.106 (6.008)	Loss 0.9028 (0.8187)	Acc@1 77.344 (79.580)	Acc@5 92.969 (94.911)	Mem 1152MB
Test: [270/391]	Time 2.690 (5.979)	Loss 1.7461 (0.8286)	Acc@1 60.938 (79.419)	Acc@5 88.281 (94.805)	Mem 1152MB
Test: [280/391]	Time 4.809 (5.975)	Loss 0.9922 (0.8336)	Acc@1 75.781 (79.354)	Acc@5 96.875 (94.795)	Mem 1152MB
Test: [290/391]	Time 5.260 (5.948)	Loss 1.2881 (0.8433)	Acc@1 50.781 (79.164)	Acc@5 93.750 (94.633)	Mem 1152MB
Test: [300/391]	Time 5.422 (5.943)	Loss 0.8955 (0.8499)	Acc@1 80.469 (79.041)	Acc@5 95.312 (94.570)	Mem 1152MB
Test: [310/391]	Time 4.851 (5.931)	Loss 1.2139 (0.8578)	Acc@1 70.312 (78.886)	Acc@5 89.062 (94.441)	Mem 1152MB
Test: [320/391]	Time 4.538 (5.902)	Loss 0.5786 (0.8659)	Acc@1 87.500 (78.704)	Acc@5 96.094 (94.349)	Mem 1152MB
Test: [330/391]	Time 5.994 (5.888)	Loss 1.4775 (0.8788)	Acc@1 67.969 (78.429)	Acc@5 85.156 (94.182)	Mem 1152MB
Test: [340/391]	Time 4.571 (5.870)	Loss 0.7241 (0.8821)	Acc@1 77.344 (78.338)	Acc@5 96.094 (94.137)	Mem 1152MB
Test: [350/391]	Time 5.034 (5.858)	Loss 0.9375 (0.8864)	Acc@1 78.125 (78.230)	Acc@5 92.188 (94.093)	Mem 1152MB
Test: [360/391]	Time 5.186 (5.842)	Loss 1.4971 (0.8969)	Acc@1 65.625 (78.023)	Acc@5 92.969 (94.016)	Mem 1152MB
Test: [370/391]	Time 6.848 (5.818)	Loss 1.1279 (0.8935)	Acc@1 65.625 (78.072)	Acc@5 94.531 (94.055)	Mem 1152MB
Test: [380/391]	Time 2.729 (5.772)	Loss 0.7559 (0.8961)	Acc@1 78.906 (77.996)	Acc@5 99.219 (94.027)	Mem 1152MB
Test: [390/391]	Time 1.449 (5.735)	Loss 1.5117 (0.8924)	Acc@1 49.398 (78.015)	Acc@5 91.566 (94.058)	Mem 1152MB
 * Acc@1 78.015 Acc@5 94.058
01/17 10:47:19 - mmengine - INFO - Loads checkpoint by http backend from path: https://download.openmmlab.com/mmclassification/v0/resnet/resnet101_8xb32_in1k_20210831-539c63f8.pth
starting loop: img_size 64; len(dataset) 50003
Test: [0/391]	Time 3.088 (3.088)	Loss 11.8516 (11.8516)	Acc@1 43.750 (43.750)	Acc@5 63.281 (63.281)	Mem 1152MB
Test: [10/391]	Time 3.262 (2.659)	Loss 15.2891 (10.1364)	Acc@1 29.688 (41.193)	Acc@5 50.000 (63.565)	Mem 1152MB
Test: [20/391]	Time 2.425 (2.778)	Loss 11.6406 (11.5785)	Acc@1 33.594 (34.487)	Acc@5 54.688 (56.957)	Mem 1152MB
Test: [30/391]	Time 3.455 (2.675)	Loss 12.8125 (11.9567)	Acc@1 36.719 (32.384)	Acc@5 62.500 (56.099)	Mem 1152MB
Test: [40/391]	Time 2.159 (2.617)	Loss 11.7891 (11.1348)	Acc@1 38.281 (36.090)	Acc@5 50.781 (58.880)	Mem 1152MB
Test: [50/391]	Time 2.612 (2.735)	Loss 5.8086 (11.3949)	Acc@1 62.500 (35.646)	Acc@5 79.688 (58.226)	Mem 1152MB
Test: [60/391]	Time 2.077 (2.707)	Loss 15.6094 (11.0202)	Acc@1 29.688 (37.218)	Acc@5 55.469 (60.169)	Mem 1152MB
Test: [70/391]	Time 1.469 (2.617)	Loss 16.0312 (11.2092)	Acc@1 27.344 (36.939)	Acc@5 51.562 (61.136)	Mem 1152MB
Test: [80/391]	Time 1.801 (2.552)	Loss 15.1250 (11.5158)	Acc@1 27.344 (36.574)	Acc@5 55.469 (61.140)	Mem 1152MB
Test: [90/391]	Time 1.464 (2.472)	Loss 13.9609 (11.6396)	Acc@1 26.562 (36.873)	Acc@5 67.969 (61.650)	Mem 1152MB
Test: [100/391]	Time 1.788 (2.406)	Loss 13.3906 (11.7272)	Acc@1 33.594 (36.626)	Acc@5 67.188 (62.260)	Mem 1152MB
Test: [110/391]	Time 2.762 (2.383)	Loss 13.9844 (11.7711)	Acc@1 33.594 (36.733)	Acc@5 66.406 (62.676)	Mem 1152MB
Test: [120/391]	Time 2.801 (2.371)	Loss 13.7656 (11.6852)	Acc@1 23.438 (37.339)	Acc@5 57.812 (63.165)	Mem 1152MB
Test: [130/391]	Time 2.589 (2.361)	Loss 13.7812 (11.6184)	Acc@1 39.844 (37.452)	Acc@5 55.469 (63.049)	Mem 1152MB
Test: [140/391]	Time 2.333 (2.333)	Loss 13.2422 (11.5835)	Acc@1 30.469 (37.439)	Acc@5 60.938 (62.993)	Mem 1152MB
Test: [150/391]	Time 2.568 (2.303)	Loss 7.8672 (11.4909)	Acc@1 45.312 (37.898)	Acc@5 75.781 (63.266)	Mem 1152MB
Test: [160/391]	Time 2.020 (2.259)	Loss 10.0469 (11.4839)	Acc@1 29.688 (37.801)	Acc@5 60.938 (62.922)	Mem 1152MB
Test: [170/391]	Time 1.482 (2.215)	Loss 13.8672 (11.6636)	Acc@1 17.188 (37.093)	Acc@5 48.438 (61.933)	Mem 1152MB
Test: [180/391]	Time 1.437 (2.177)	Loss 15.9688 (11.7375)	Acc@1 22.656 (36.572)	Acc@5 42.969 (61.408)	Mem 1152MB
Test: [190/391]	Time 1.422 (2.152)	Loss 12.5703 (11.8520)	Acc@1 31.250 (36.126)	Acc@5 59.375 (60.860)	Mem 1152MB
Test: [200/391]	Time 1.454 (2.126)	Loss 14.2734 (11.9690)	Acc@1 29.688 (35.619)	Acc@5 48.438 (60.292)	Mem 1152MB
Test: [210/391]	Time 1.640 (2.105)	Loss 13.8906 (12.0429)	Acc@1 32.031 (35.245)	Acc@5 53.125 (59.849)	Mem 1152MB
Test: [220/391]	Time 1.551 (2.082)	Loss 11.6016 (12.1004)	Acc@1 33.594 (35.011)	Acc@5 56.250 (59.442)	Mem 1152MB
Test: [230/391]	Time 1.639 (2.066)	Loss 18.8750 (12.1615)	Acc@1 14.062 (34.805)	Acc@5 38.281 (59.148)	Mem 1152MB
Test: [240/391]	Time 1.612 (2.047)	Loss 14.5078 (12.1967)	Acc@1 29.688 (34.589)	Acc@5 48.438 (58.817)	Mem 1152MB
Test: [250/391]	Time 1.502 (2.029)	Loss 12.8594 (12.2826)	Acc@1 30.469 (34.285)	Acc@5 59.375 (58.569)	Mem 1152MB
Test: [260/391]	Time 1.607 (2.009)	Loss 13.9844 (12.3192)	Acc@1 28.906 (34.010)	Acc@5 54.688 (58.264)	Mem 1152MB
Test: [270/391]	Time 1.558 (1.992)	Loss 16.1406 (12.3429)	Acc@1 15.625 (33.928)	Acc@5 49.219 (58.127)	Mem 1152MB
Test: [280/391]	Time 1.361 (1.976)	Loss 12.2422 (12.3773)	Acc@1 27.344 (33.791)	Acc@5 57.031 (57.890)	Mem 1152MB
Test: [290/391]	Time 1.301 (1.961)	Loss 15.5781 (12.4451)	Acc@1 14.844 (33.580)	Acc@5 48.438 (57.541)	Mem 1152MB
Test: [300/391]	Time 1.495 (1.945)	Loss 15.6641 (12.5335)	Acc@1 24.219 (33.313)	Acc@5 48.438 (57.221)	Mem 1152MB
Test: [310/391]	Time 1.368 (1.938)	Loss 14.6406 (12.6179)	Acc@1 22.656 (33.026)	Acc@5 45.312 (56.860)	Mem 1152MB
Test: [320/391]	Time 1.306 (1.928)	Loss 9.0547 (12.6140)	Acc@1 42.188 (33.000)	Acc@5 61.719 (56.880)	Mem 1152MB
Test: [330/391]	Time 1.297 (1.916)	Loss 13.8906 (12.6848)	Acc@1 28.906 (32.687)	Acc@5 53.906 (56.514)	Mem 1152MB
Test: [340/391]	Time 1.805 (1.904)	Loss 8.4297 (12.6573)	Acc@1 37.500 (32.657)	Acc@5 66.406 (56.518)	Mem 1152MB
Test: [350/391]	Time 1.287 (1.891)	Loss 11.8594 (12.6707)	Acc@1 32.031 (32.534)	Acc@5 56.250 (56.437)	Mem 1152MB
Test: [360/391]	Time 1.505 (1.883)	Loss 13.0938 (12.6992)	Acc@1 20.312 (32.412)	Acc@5 47.656 (56.213)	Mem 1152MB
Test: [370/391]	Time 1.894 (1.891)	Loss 6.4258 (12.6597)	Acc@1 54.688 (32.541)	Acc@5 78.125 (56.381)	Mem 1152MB
Test: [380/391]	Time 1.496 (1.901)	Loss 5.8555 (12.6345)	Acc@1 53.906 (32.677)	Acc@5 74.219 (56.494)	Mem 1152MB
Test: [390/391]	Time 1.674 (1.912)	Loss 16.1562 (12.5279)	Acc@1 9.639 (32.986)	Acc@5 36.145 (56.771)	Mem 1152MB
 * Acc@1 32.986 Acc@5 56.771
01/17 10:59:48 - mmengine - INFO - Loads checkpoint by http backend from path: https://download.openmmlab.com/mmclassification/v0/resnet/resnet101_8xb32_in1k_20210831-539c63f8.pth
starting loop: img_size 112; len(dataset) 50003
Test: [0/391]	Time 5.224 (5.224)	Loss 1.6260 (1.6260)	Acc@1 82.031 (82.031)	Acc@5 89.062 (89.062)	Mem 1152MB
Test: [10/391]	Time 5.438 (4.336)	Loss 3.5547 (1.7646)	Acc@1 58.594 (76.989)	Acc@5 79.688 (90.270)	Mem 1152MB
Test: [20/391]	Time 5.329 (4.559)	Loss 2.4004 (2.3335)	Acc@1 74.219 (70.052)	Acc@5 87.500 (86.719)	Mem 1152MB
Test: [30/391]	Time 6.134 (4.622)	Loss 3.1953 (2.5915)	Acc@1 68.750 (66.104)	Acc@5 86.719 (85.786)	Mem 1152MB
Test: [40/391]	Time 5.184 (4.650)	Loss 2.0039 (2.2806)	Acc@1 71.094 (69.207)	Acc@5 85.156 (87.424)	Mem 1152MB
Test: [50/391]	Time 5.584 (4.750)	Loss 0.9478 (2.3234)	Acc@1 84.375 (68.719)	Acc@5 93.750 (87.224)	Mem 1152MB
Test: [60/391]	Time 4.707 (4.810)	Loss 2.4023 (2.1799)	Acc@1 71.094 (70.351)	Acc@5 90.625 (88.128)	Mem 1152MB
Test: [70/391]	Time 5.386 (4.841)	Loss 3.0820 (2.2459)	Acc@1 59.375 (69.762)	Acc@5 85.156 (88.468)	Mem 1152MB
Test: [80/391]	Time 4.919 (4.811)	Loss 2.2754 (2.2643)	Acc@1 67.188 (69.396)	Acc@5 89.844 (88.686)	Mem 1152MB
Test: [90/391]	Time 5.017 (4.813)	Loss 2.9902 (2.2784)	Acc@1 56.250 (69.626)	Acc@5 86.719 (88.882)	Mem 1152MB
Test: [100/391]	Time 4.167 (4.800)	Loss 2.7051 (2.2693)	Acc@1 67.969 (69.562)	Acc@5 92.188 (89.202)	Mem 1152MB
Test: [110/391]	Time 5.839 (4.864)	Loss 2.5703 (2.2683)	Acc@1 55.469 (69.440)	Acc@5 92.188 (89.407)	Mem 1152MB
Test: [120/391]	Time 6.616 (4.944)	Loss 2.9980 (2.2686)	Acc@1 57.812 (69.641)	Acc@5 87.500 (89.547)	Mem 1152MB
Test: [130/391]	Time 5.320 (5.056)	Loss 1.6768 (2.2541)	Acc@1 79.688 (69.800)	Acc@5 90.625 (89.546)	Mem 1152MB
Test: [140/391]	Time 6.852 (5.115)	Loss 2.7051 (2.2524)	Acc@1 57.812 (69.703)	Acc@5 88.281 (89.572)	Mem 1152MB
Test: [150/391]	Time 8.977 (5.221)	Loss 1.5010 (2.2403)	Acc@1 71.094 (69.961)	Acc@5 94.531 (89.657)	Mem 1152MB
Test: [160/391]	Time 7.051 (5.255)	Loss 1.9160 (2.2465)	Acc@1 63.281 (69.842)	Acc@5 89.062 (89.470)	Mem 1152MB
Test: [170/391]	Time 6.041 (5.274)	Loss 3.3652 (2.3050)	Acc@1 48.438 (68.992)	Acc@5 82.812 (88.875)	Mem 1152MB
Test: [180/391]	Time 4.879 (5.319)	Loss 3.8789 (2.3560)	Acc@1 43.750 (68.280)	Acc@5 75.000 (88.350)	Mem 1152MB
Test: [190/391]	Time 5.131 (5.367)	Loss 3.4336 (2.4093)	Acc@1 57.031 (67.568)	Acc@5 84.375 (87.893)	Mem 1152MB
Test: [200/391]	Time 5.050 (5.386)	Loss 2.6895 (2.4561)	Acc@1 61.719 (66.989)	Acc@5 78.125 (87.469)	Mem 1152MB
Test: [210/391]	Time 5.200 (5.391)	Loss 4.0820 (2.4884)	Acc@1 56.250 (66.484)	Acc@5 75.781 (87.182)	Mem 1152MB
Test: [220/391]	Time 6.449 (5.410)	Loss 2.1836 (2.5095)	Acc@1 71.094 (66.212)	Acc@5 89.844 (86.949)	Mem 1152MB
Test: [230/391]	Time 6.707 (5.440)	Loss 4.9531 (2.5352)	Acc@1 35.938 (65.855)	Acc@5 72.656 (86.722)	Mem 1152MB
Test: [240/391]	Time 5.379 (5.422)	Loss 2.9570 (2.5455)	Acc@1 63.281 (65.713)	Acc@5 79.688 (86.537)	Mem 1152MB
Test: [250/391]	Time 5.315 (5.402)	Loss 2.1660 (2.5802)	Acc@1 68.750 (65.189)	Acc@5 86.719 (86.239)	Mem 1152MB
Test: [260/391]	Time 6.010 (5.398)	Loss 2.9141 (2.6181)	Acc@1 56.250 (64.787)	Acc@5 88.281 (85.940)	Mem 1152MB
Test: [270/391]	Time 5.567 (5.396)	Loss 3.8926 (2.6355)	Acc@1 39.844 (64.564)	Acc@5 79.688 (85.802)	Mem 1152MB
Test: [280/391]	Time 5.103 (5.387)	Loss 3.3262 (2.6455)	Acc@1 51.562 (64.399)	Acc@5 83.594 (85.710)	Mem 1152MB
Test: [290/391]	Time 4.815 (5.390)	Loss 3.9980 (2.6679)	Acc@1 34.375 (64.116)	Acc@5 78.125 (85.473)	Mem 1152MB
Test: [300/391]	Time 4.967 (5.375)	Loss 2.8242 (2.6868)	Acc@1 70.312 (63.953)	Acc@5 79.688 (85.250)	Mem 1152MB
Test: [310/391]	Time 5.032 (5.357)	Loss 4.7227 (2.7199)	Acc@1 49.219 (63.663)	Acc@5 70.312 (84.983)	Mem 1152MB
Test: [320/391]	Time 2.072 (5.343)	Loss 1.8994 (2.7269)	Acc@1 71.094 (63.551)	Acc@5 87.500 (84.896)	Mem 1152MB
Test: [330/391]	Time 5.065 (5.330)	Loss 3.5352 (2.7579)	Acc@1 53.906 (63.246)	Acc@5 80.469 (84.628)	Mem 1152MB
Test: [340/391]	Time 6.588 (5.325)	Loss 2.3652 (2.7662)	Acc@1 65.625 (63.084)	Acc@5 88.281 (84.542)	Mem 1152MB
Test: [350/391]	Time 4.332 (5.319)	Loss 2.5117 (2.7771)	Acc@1 68.750 (62.934)	Acc@5 82.812 (84.399)	Mem 1152MB
Test: [360/391]	Time 1.806 (5.306)	Loss 3.5684 (2.7973)	Acc@1 45.312 (62.654)	Acc@5 78.906 (84.234)	Mem 1152MB
Test: [370/391]	Time 6.439 (5.303)	Loss 2.1016 (2.7864)	Acc@1 61.719 (62.774)	Acc@5 91.406 (84.306)	Mem 1152MB
Test: [380/391]	Time 5.567 (5.291)	Loss 1.8350 (2.7916)	Acc@1 68.750 (62.762)	Acc@5 91.406 (84.248)	Mem 1152MB
Test: [390/391]	Time 3.616 (5.284)	Loss 4.7812 (2.7714)	Acc@1 36.145 (62.930)	Acc@5 72.289 (84.387)	Mem 1152MB
 * Acc@1 62.930 Acc@5 84.387
01/17 11:34:18 - mmengine - INFO - Loads checkpoint by http backend from path: https://download.openmmlab.com/mmclassification/v0/resnet/resnet101_8xb32_in1k_20210831-539c63f8.pth
starting loop: img_size 384; len(dataset) 50003
Test: [0/391]	Time 7.514 (7.514)	Loss 0.5044 (0.5044)	Acc@1 89.844 (89.844)	Acc@5 97.656 (97.656)	Mem 2717MB
Test: [10/391]	Time 10.024 (7.606)	Loss 0.9038 (0.6032)	Acc@1 79.688 (90.412)	Acc@5 98.438 (97.727)	Mem 2717MB
Test: [20/391]	Time 4.930 (7.237)	Loss 0.6436 (0.7292)	Acc@1 89.062 (85.305)	Acc@5 96.875 (97.135)	Mem 2717MB
Test: [30/391]	Time 10.505 (6.989)	Loss 1.1162 (0.8253)	Acc@1 75.000 (81.855)	Acc@5 90.625 (96.270)	Mem 2717MB
Test: [40/391]	Time 7.628 (7.175)	Loss 0.6826 (0.7666)	Acc@1 88.281 (83.918)	Acc@5 95.312 (96.608)	Mem 2717MB
Test: [50/391]	Time 6.154 (7.262)	Loss 0.4688 (0.7743)	Acc@1 96.094 (84.007)	Acc@5 99.219 (96.140)	Mem 2717MB
Test: [60/391]	Time 7.135 (7.085)	Loss 1.2236 (0.7534)	Acc@1 82.812 (84.990)	Acc@5 95.312 (96.414)	Mem 2717MB
Test: [70/391]	Time 6.896 (7.121)	Loss 1.1426 (0.8083)	Acc@1 77.344 (84.133)	Acc@5 97.656 (96.215)	Mem 2717MB
Test: [80/391]	Time 7.676 (7.066)	Loss 1.0752 (0.8475)	Acc@1 82.812 (83.468)	Acc@5 96.094 (96.238)	Mem 2717MB
Test: [90/391]	Time 8.005 (6.962)	Loss 1.3760 (0.8780)	Acc@1 70.312 (83.422)	Acc@5 96.875 (96.197)	Mem 2717MB
Test: [100/391]	Time 5.850 (6.972)	Loss 1.0146 (0.8984)	Acc@1 87.500 (83.300)	Acc@5 97.656 (96.372)	Mem 2717MB
Test: [110/391]	Time 9.219 (7.033)	Loss 1.4922 (0.9159)	Acc@1 59.375 (82.869)	Acc@5 96.094 (96.368)	Mem 2717MB
Test: [120/391]	Time 8.123 (7.071)	Loss 0.7192 (0.9076)	Acc@1 89.062 (83.071)	Acc@5 96.875 (96.384)	Mem 2717MB
Test: [130/391]	Time 8.680 (7.097)	Loss 0.4309 (0.8915)	Acc@1 93.750 (83.296)	Acc@5 98.438 (96.464)	Mem 2717MB
Test: [140/391]	Time 7.915 (7.146)	Loss 1.2324 (0.8875)	Acc@1 64.844 (83.084)	Acc@5 97.656 (96.559)	Mem 2717MB
Test: [150/391]	Time 10.629 (7.207)	Loss 0.9429 (0.8925)	Acc@1 71.875 (82.838)	Acc@5 96.094 (96.446)	Mem 2717MB
Test: [160/391]	Time 9.412 (7.217)	Loss 0.8223 (0.8907)	Acc@1 82.031 (82.696)	Acc@5 95.312 (96.385)	Mem 2717MB
Test: [170/391]	Time 4.537 (7.230)	Loss 1.6504 (0.9085)	Acc@1 61.719 (82.109)	Acc@5 88.281 (96.190)	Mem 2717MB
Test: [180/391]	Time 8.548 (7.200)	Loss 1.6553 (0.9262)	Acc@1 57.031 (81.703)	Acc@5 89.062 (95.982)	Mem 2717MB
Test: [190/391]	Time 6.059 (7.212)	Loss 1.4463 (0.9442)	Acc@1 67.188 (81.123)	Acc@5 92.969 (95.738)	Mem 2717MB
Test: [200/391]	Time 6.955 (7.189)	Loss 0.9277 (0.9596)	Acc@1 80.469 (80.721)	Acc@5 98.438 (95.484)	Mem 2717MB
Test: [210/391]	Time 7.786 (7.203)	Loss 1.0957 (0.9715)	Acc@1 75.000 (80.384)	Acc@5 92.188 (95.350)	Mem 2717MB
Test: [220/391]	Time 8.648 (7.214)	Loss 0.5249 (0.9750)	Acc@1 89.062 (80.324)	Acc@5 98.438 (95.217)	Mem 2717MB
Test: [230/391]	Time 8.178 (7.218)	Loss 1.5508 (0.9813)	Acc@1 62.500 (80.134)	Acc@5 89.844 (95.110)	Mem 2717MB
Test: [240/391]	Time 6.109 (7.230)	Loss 1.0107 (0.9847)	Acc@1 85.156 (80.138)	Acc@5 92.188 (95.001)	Mem 2717MB
Test: [250/391]	Time 7.390 (7.235)	Loss 0.5815 (1.0029)	Acc@1 85.938 (79.551)	Acc@5 97.656 (94.786)	Mem 2717MB
Test: [260/391]	Time 8.586 (7.201)	Loss 1.2432 (1.0169)	Acc@1 73.438 (79.227)	Acc@5 94.531 (94.660)	Mem 2717MB
Test: [270/391]	Time 8.226 (7.199)	Loss 1.7500 (1.0257)	Acc@1 58.594 (79.039)	Acc@5 88.281 (94.520)	Mem 2717MB
Test: [280/391]	Time 6.824 (7.234)	Loss 1.0977 (1.0277)	Acc@1 75.000 (79.009)	Acc@5 96.094 (94.503)	Mem 2717MB
Test: [290/391]	Time 6.242 (7.224)	Loss 1.3760 (1.0335)	Acc@1 51.562 (78.828)	Acc@5 93.750 (94.373)	Mem 2717MB
Test: [300/391]	Time 6.250 (7.215)	Loss 0.8818 (1.0375)	Acc@1 83.594 (78.756)	Acc@5 93.750 (94.295)	Mem 2717MB
Test: [310/391]	Time 6.255 (7.240)	Loss 1.0234 (1.0405)	Acc@1 78.906 (78.642)	Acc@5 93.750 (94.225)	Mem 2717MB
Test: [320/391]	Time 7.032 (7.233)	Loss 0.7271 (1.0462)	Acc@1 87.500 (78.485)	Acc@5 95.312 (94.125)	Mem 2717MB
Test: [330/391]	Time 7.967 (7.236)	Loss 1.4619 (1.0587)	Acc@1 67.188 (78.179)	Acc@5 88.281 (93.977)	Mem 2717MB
Test: [340/391]	Time 8.808 (7.249)	Loss 0.9004 (1.0622)	Acc@1 85.156 (78.125)	Acc@5 97.656 (93.958)	Mem 2717MB
Test: [350/391]	Time 6.447 (7.245)	Loss 1.0742 (1.0641)	Acc@1 82.031 (78.076)	Acc@5 92.969 (93.937)	Mem 2717MB
Test: [360/391]	Time 6.508 (7.234)	Loss 1.3340 (1.0687)	Acc@1 67.969 (77.900)	Acc@5 93.750 (93.878)	Mem 2717MB
Test: [370/391]	Time 8.009 (7.223)	Loss 1.2500 (1.0634)	Acc@1 65.625 (77.906)	Acc@5 95.312 (93.942)	Mem 2717MB
Test: [380/391]	Time 8.113 (7.211)	Loss 0.9009 (1.0645)	Acc@1 80.469 (77.840)	Acc@5 96.875 (93.914)	Mem 2717MB
Test: [390/391]	Time 4.809 (7.211)	Loss 1.5527 (1.0600)	Acc@1 51.807 (77.899)	Acc@5 91.566 (93.952)	Mem 2717MB
 * Acc@1 77.899 Acc@5 93.952
01/17 12:21:19 - mmengine - INFO - Loads checkpoint by http backend from path: https://download.openmmlab.com/mmclassification/v0/resnet/resnet101_8xb32_in1k_20210831-539c63f8.pth
starting loop: img_size 512; len(dataset) 50003
Test: [0/391]	Time 11.883 (11.883)	Loss 0.7988 (0.7988)	Acc@1 89.062 (89.062)	Acc@5 97.656 (97.656)	Mem 4565MB
Test: [10/391]	Time 12.230 (9.293)	Loss 1.2344 (0.9781)	Acc@1 79.688 (88.636)	Acc@5 97.656 (97.230)	Mem 4565MB
Test: [20/391]	Time 9.430 (8.867)	Loss 1.0420 (1.1277)	Acc@1 87.500 (82.775)	Acc@5 96.094 (96.019)	Mem 4565MB
Test: [30/391]	Time 10.842 (8.899)	Loss 1.3027 (1.2003)	Acc@1 70.312 (79.688)	Acc@5 90.625 (95.161)	Mem 4565MB
Test: [40/391]	Time 7.613 (8.682)	Loss 1.1055 (1.1445)	Acc@1 88.281 (81.784)	Acc@5 95.312 (95.579)	Mem 4565MB
Test: [50/391]	Time 9.437 (8.725)	Loss 0.8418 (1.1466)	Acc@1 92.188 (81.587)	Acc@5 99.219 (95.052)	Mem 4565MB
Test: [60/391]	Time 10.045 (8.535)	Loss 1.9014 (1.1382)	Acc@1 79.688 (82.467)	Acc@5 93.750 (95.300)	Mem 4565MB
Test: [70/391]	Time 8.805 (8.584)	Loss 1.7090 (1.2201)	Acc@1 71.094 (81.437)	Acc@5 94.531 (94.971)	Mem 4565MB
Test: [80/391]	Time 6.325 (8.474)	Loss 1.7656 (1.2846)	Acc@1 77.344 (80.507)	Acc@5 95.312 (94.869)	Mem 4565MB
Test: [90/391]	Time 8.020 (8.459)	Loss 1.9580 (1.3368)	Acc@1 62.500 (80.314)	Acc@5 96.875 (94.789)	Mem 4565MB
Test: [100/391]	Time 9.462 (8.452)	Loss 1.6846 (1.3713)	Acc@1 84.375 (80.036)	Acc@5 95.312 (94.949)	Mem 4565MB
Test: [110/391]	Time 12.193 (8.477)	Loss 1.8623 (1.3951)	Acc@1 57.031 (79.512)	Acc@5 95.312 (94.947)	Mem 4565MB
Test: [120/391]	Time 5.043 (8.453)	Loss 1.1133 (1.3804)	Acc@1 86.719 (79.849)	Acc@5 96.875 (95.028)	Mem 4565MB
Test: [130/391]	Time 7.223 (8.473)	Loss 0.7666 (1.3566)	Acc@1 93.750 (80.069)	Acc@5 97.656 (95.062)	Mem 4565MB
Test: [140/391]	Time 7.077 (8.458)	Loss 1.7285 (1.3495)	Acc@1 63.281 (79.981)	Acc@5 96.094 (95.157)	Mem 4565MB
Test: [150/391]	Time 11.041 (8.491)	Loss 1.2236 (1.3518)	Acc@1 69.531 (79.636)	Acc@5 95.312 (95.028)	Mem 4565MB
Test: [160/391]	Time 11.390 (8.517)	Loss 1.2051 (1.3435)	Acc@1 78.906 (79.547)	Acc@5 94.531 (94.987)	Mem 4565MB
Test: [170/391]	Time 7.578 (8.529)	Loss 2.2168 (1.3645)	Acc@1 53.125 (78.966)	Acc@5 85.156 (94.691)	Mem 4565MB
Test: [180/391]	Time 5.992 (8.542)	Loss 2.0430 (1.3853)	Acc@1 50.781 (78.470)	Acc@5 87.500 (94.449)	Mem 4565MB
Test: [190/391]	Time 4.563 (8.550)	Loss 1.8848 (1.4021)	Acc@1 63.281 (77.961)	Acc@5 89.062 (94.139)	Mem 4565MB
Test: [200/391]	Time 7.360 (8.539)	Loss 1.5225 (1.4167)	Acc@1 73.438 (77.538)	Acc@5 96.094 (93.839)	Mem 4565MB
Test: [210/391]	Time 7.580 (8.523)	Loss 1.4824 (1.4292)	Acc@1 75.000 (77.192)	Acc@5 89.844 (93.665)	Mem 4565MB
Test: [220/391]	Time 10.665 (8.499)	Loss 0.8511 (1.4323)	Acc@1 88.281 (77.089)	Acc@5 97.656 (93.580)	Mem 4565MB
Test: [230/391]	Time 6.749 (8.515)	Loss 2.0352 (1.4392)	Acc@1 62.500 (76.938)	Acc@5 86.719 (93.479)	Mem 4565MB
Test: [240/391]	Time 10.462 (8.508)	Loss 1.5098 (1.4440)	Acc@1 83.594 (76.952)	Acc@5 89.844 (93.348)	Mem 4565MB
Test: [250/391]	Time 8.716 (8.496)	Loss 0.9160 (1.4631)	Acc@1 85.938 (76.407)	Acc@5 96.875 (93.093)	Mem 4565MB
Test: [260/391]	Time 3.495 (8.457)	Loss 1.8320 (1.4791)	Acc@1 59.375 (76.003)	Acc@5 92.969 (92.948)	Mem 4565MB
Test: [270/391]	Time 9.483 (8.420)	Loss 2.1836 (1.4893)	Acc@1 60.156 (75.801)	Acc@5 85.156 (92.778)	Mem 4565MB
Test: [280/391]	Time 9.275 (8.435)	Loss 1.7061 (1.4921)	Acc@1 72.656 (75.823)	Acc@5 95.312 (92.769)	Mem 4565MB
Test: [290/391]	Time 8.269 (8.428)	Loss 1.7598 (1.4971)	Acc@1 57.812 (75.658)	Acc@5 91.406 (92.676)	Mem 4565MB
Test: [300/391]	Time 7.616 (8.404)	Loss 1.3467 (1.5019)	Acc@1 79.688 (75.571)	Acc@5 91.406 (92.608)	Mem 4565MB
Test: [310/391]	Time 8.482 (8.386)	Loss 1.4844 (1.5050)	Acc@1 78.125 (75.455)	Acc@5 92.969 (92.529)	Mem 4565MB
Test: [320/391]	Time 7.931 (8.412)	Loss 1.1045 (1.5090)	Acc@1 83.594 (75.331)	Acc@5 95.312 (92.438)	Mem 4565MB
Test: [330/391]	Time 8.724 (8.399)	Loss 2.0039 (1.5253)	Acc@1 68.750 (75.035)	Acc@5 86.719 (92.251)	Mem 4565MB
Test: [340/391]	Time 9.039 (8.394)	Loss 1.4170 (1.5303)	Acc@1 81.250 (74.963)	Acc@5 96.875 (92.199)	Mem 4565MB
Test: [350/391]	Time 9.568 (8.407)	Loss 1.6426 (1.5335)	Acc@1 78.906 (74.891)	Acc@5 92.969 (92.163)	Mem 4565MB
Test: [360/391]	Time 8.628 (8.404)	Loss 1.5703 (1.5355)	Acc@1 68.750 (74.755)	Acc@5 93.750 (92.118)	Mem 4565MB
Test: [370/391]	Time 10.808 (8.390)	Loss 1.5723 (1.5267)	Acc@1 62.500 (74.798)	Acc@5 93.750 (92.190)	Mem 4565MB
Test: [380/391]	Time 9.347 (8.378)	Loss 1.2432 (1.5256)	Acc@1 78.906 (74.793)	Acc@5 96.875 (92.181)	Mem 4565MB
Test: [390/391]	Time 4.947 (8.393)	Loss 2.0449 (1.5191)	Acc@1 51.807 (74.866)	Acc@5 89.157 (92.234)	Mem 4565MB
 * Acc@1 74.866 Acc@5 92.234
01/17 13:16:03 - mmengine - INFO - Loads checkpoint by http backend from path: https://download.openmmlab.com/mmclassification/v0/resnet/resnet101_8xb32_in1k_20210831-539c63f8.pth
starting loop: img_size 640; len(dataset) 50003
Test: [0/391]	Time 12.951 (12.951)	Loss 1.0889 (1.0889)	Acc@1 87.500 (87.500)	Acc@5 97.656 (97.656)	Mem 6941MB
Test: [10/391]	Time 13.528 (11.420)	Loss 1.6299 (1.3298)	Acc@1 75.000 (85.440)	Acc@5 94.531 (96.307)	Mem 6941MB
Test: [20/391]	Time 7.180 (11.055)	Loss 1.4629 (1.5090)	Acc@1 82.812 (79.576)	Acc@5 93.750 (94.643)	Mem 6941MB
Test: [30/391]	Time 8.445 (10.791)	Loss 1.5303 (1.5583)	Acc@1 67.969 (76.260)	Acc@5 90.625 (93.624)	Mem 6941MB
Test: [40/391]	Time 11.774 (10.617)	Loss 1.5518 (1.4976)	Acc@1 83.594 (78.316)	Acc@5 92.969 (94.074)	Mem 6941MB
Test: [50/391]	Time 11.518 (10.799)	Loss 1.1582 (1.4992)	Acc@1 89.062 (78.125)	Acc@5 97.656 (93.459)	Mem 6941MB
Test: [60/391]	Time 8.674 (10.833)	Loss 2.3418 (1.4923)	Acc@1 76.562 (78.881)	Acc@5 92.969 (93.801)	Mem 6941MB
Test: [70/391]	Time 10.488 (10.855)	Loss 2.1211 (1.5829)	Acc@1 65.625 (77.861)	Acc@5 93.750 (93.420)	Mem 6941MB
Test: [80/391]	Time 11.001 (10.749)	Loss 2.2480 (1.6599)	Acc@1 71.875 (76.717)	Acc@5 92.969 (93.258)	Mem 6941MB
Test: [90/391]	Time 9.614 (10.607)	Loss 2.3418 (1.7205)	Acc@1 59.375 (76.331)	Acc@5 93.750 (93.209)	Mem 6941MB
Test: [100/391]	Time 11.593 (10.564)	Loss 2.1895 (1.7598)	Acc@1 80.469 (76.006)	Acc@5 93.750 (93.332)	Mem 6941MB
Test: [110/391]	Time 13.029 (10.662)	Loss 2.1465 (1.7868)	Acc@1 57.031 (75.556)	Acc@5 89.062 (93.236)	Mem 6941MB
Test: [120/391]	Time 11.144 (10.718)	Loss 1.4531 (1.7689)	Acc@1 82.031 (75.820)	Acc@5 94.531 (93.330)	Mem 6941MB
Test: [130/391]	Time 7.197 (10.700)	Loss 1.1221 (1.7427)	Acc@1 93.750 (76.121)	Acc@5 97.656 (93.410)	Mem 6941MB
Test: [140/391]	Time 12.436 (10.658)	Loss 2.1055 (1.7343)	Acc@1 61.719 (76.136)	Acc@5 92.969 (93.506)	Mem 6941MB
Test: [150/391]	Time 12.842 (10.685)	Loss 1.4902 (1.7364)	Acc@1 67.969 (75.698)	Acc@5 95.312 (93.367)	Mem 6941MB
Test: [160/391]	Time 11.016 (10.760)	Loss 1.6152 (1.7251)	Acc@1 75.000 (75.684)	Acc@5 90.625 (93.352)	Mem 6941MB
Test: [170/391]	Time 11.566 (10.745)	Loss 2.6738 (1.7497)	Acc@1 51.562 (75.196)	Acc@5 82.812 (93.042)	Mem 6941MB
Test: [180/391]	Time 12.563 (10.799)	Loss 2.3926 (1.7726)	Acc@1 46.875 (74.620)	Acc@5 85.938 (92.775)	Mem 6941MB
Test: [190/391]	Time 10.618 (10.861)	Loss 2.3145 (1.7901)	Acc@1 61.719 (74.129)	Acc@5 86.719 (92.449)	Mem 6941MB
Test: [200/391]	Time 8.769 (10.827)	Loss 2.0586 (1.8069)	Acc@1 69.531 (73.690)	Acc@5 93.750 (92.153)	Mem 6941MB
Test: [210/391]	Time 12.516 (10.821)	Loss 1.8262 (1.8211)	Acc@1 72.656 (73.400)	Acc@5 89.844 (91.973)	Mem 6941MB
Test: [220/391]	Time 10.976 (10.834)	Loss 1.2617 (1.8262)	Acc@1 85.156 (73.310)	Acc@5 94.531 (91.802)	Mem 6941MB
Test: [230/391]	Time 11.562 (10.823)	Loss 2.3984 (1.8357)	Acc@1 64.844 (73.167)	Acc@5 86.719 (91.660)	Mem 6941MB
Test: [240/391]	Time 12.061 (10.824)	Loss 1.9541 (1.8425)	Acc@1 79.688 (73.172)	Acc@5 89.844 (91.562)	Mem 6941MB
Test: [250/391]	Time 10.409 (10.752)	Loss 1.2910 (1.8621)	Acc@1 82.031 (72.675)	Acc@5 93.750 (91.244)	Mem 6941MB
Test: [260/391]	Time 13.048 (10.763)	Loss 2.3770 (1.8792)	Acc@1 50.000 (72.282)	Acc@5 85.156 (91.056)	Mem 6941MB
Test: [270/391]	Time 9.921 (10.741)	Loss 2.5410 (1.8899)	Acc@1 59.375 (72.060)	Acc@5 85.156 (90.896)	Mem 6941MB
Test: [280/391]	Time 6.748 (10.734)	Loss 2.1875 (1.8938)	Acc@1 69.531 (72.100)	Acc@5 92.969 (90.870)	Mem 6941MB
Test: [290/391]	Time 11.195 (10.761)	Loss 2.1230 (1.8990)	Acc@1 57.812 (71.958)	Acc@5 89.062 (90.773)	Mem 6941MB
Test: [300/391]	Time 11.370 (10.757)	Loss 1.7891 (1.9053)	Acc@1 75.781 (71.839)	Acc@5 89.844 (90.661)	Mem 6941MB
Test: [310/391]	Time 11.462 (10.786)	Loss 1.8730 (1.9097)	Acc@1 75.781 (71.767)	Acc@5 92.188 (90.595)	Mem 6941MB
Test: [320/391]	Time 11.179 (10.811)	Loss 1.4639 (1.9122)	Acc@1 83.594 (71.695)	Acc@5 94.531 (90.525)	Mem 6941MB
Test: [330/391]	Time 11.467 (10.814)	Loss 2.5059 (1.9297)	Acc@1 62.500 (71.412)	Acc@5 86.719 (90.311)	Mem 6941MB
Test: [340/391]	Time 11.639 (10.815)	Loss 1.8643 (1.9357)	Acc@1 79.688 (71.346)	Acc@5 95.312 (90.254)	Mem 6941MB
Test: [350/391]	Time 7.127 (10.800)	Loss 2.1973 (1.9404)	Acc@1 71.094 (71.263)	Acc@5 90.625 (90.207)	Mem 6941MB
Test: [360/391]	Time 8.183 (10.799)	Loss 1.8525 (1.9406)	Acc@1 70.312 (71.182)	Acc@5 94.531 (90.188)	Mem 6941MB
Test: [370/391]	Time 13.253 (10.804)	Loss 1.8447 (1.9288)	Acc@1 57.812 (71.273)	Acc@5 92.188 (90.269)	Mem 6941MB
Test: [380/391]	Time 9.710 (10.804)	Loss 1.5508 (1.9261)	Acc@1 73.438 (71.284)	Acc@5 94.531 (90.270)	Mem 6941MB
Test: [390/391]	Time 6.057 (10.778)	Loss 2.5137 (1.9181)	Acc@1 48.193 (71.384)	Acc@5 80.723 (90.301)	Mem 6941MB
 * Acc@1 71.384 Acc@5 90.301
01/17 14:26:19 - mmengine - INFO - Loads checkpoint by http backend from path: https://download.openmmlab.com/mmclassification/v0/resnet/resnet101_8xb32_in1k_20210831-539c63f8.pth
starting loop: img_size 768; len(dataset) 50003
Test: [0/521]	Time 5.196 (5.196)	Loss 1.2949 (1.2949)	Acc@1 90.625 (90.625)	Acc@5 96.875 (96.875)	Mem 7469MB
Test: [10/521]	Time 9.121 (9.699)	Loss 1.5703 (1.6442)	Acc@1 86.458 (80.966)	Acc@5 93.750 (94.318)	Mem 7469MB
Test: [20/521]	Time 9.436 (9.825)	Loss 2.1895 (1.7920)	Acc@1 64.583 (76.042)	Acc@5 87.500 (92.312)	Mem 7469MB
Test: [30/521]	Time 9.215 (9.771)	Loss 2.4570 (1.8876)	Acc@1 66.667 (73.488)	Acc@5 81.250 (91.163)	Mem 7469MB
Test: [40/521]	Time 11.726 (9.905)	Loss 1.6514 (1.8715)	Acc@1 63.542 (71.570)	Acc@5 89.583 (91.032)	Mem 7469MB
Test: [50/521]	Time 8.765 (9.781)	Loss 1.7520 (1.8219)	Acc@1 77.083 (73.284)	Acc@5 90.625 (91.319)	Mem 7469MB
Test: [60/521]	Time 12.536 (9.626)	Loss 1.5215 (1.7931)	Acc@1 80.208 (73.958)	Acc@5 93.750 (91.359)	Mem 7469MB
Test: [70/521]	Time 4.288 (9.527)	Loss 1.5557 (1.8030)	Acc@1 79.167 (74.090)	Acc@5 94.792 (91.124)	Mem 7469MB
Test: [80/521]	Time 9.471 (9.461)	Loss 2.5703 (1.7965)	Acc@1 76.042 (74.704)	Acc@5 92.708 (91.461)	Mem 7469MB
Test: [90/521]	Time 9.903 (9.551)	Loss 2.3711 (1.8710)	Acc@1 67.708 (74.096)	Acc@5 93.750 (91.323)	Mem 7469MB
Test: [100/521]	Time 9.382 (9.528)	Loss 2.7168 (1.9323)	Acc@1 57.292 (73.071)	Acc@5 87.500 (90.996)	Mem 7469MB
Test: [110/521]	Time 11.526 (9.436)	Loss 2.6973 (1.9880)	Acc@1 63.542 (72.588)	Acc@5 88.542 (91.047)	Mem 7469MB
Test: [120/521]	Time 10.709 (9.412)	Loss 2.5762 (2.0309)	Acc@1 54.167 (72.168)	Acc@5 92.708 (90.892)	Mem 7469MB
Test: [130/521]	Time 8.025 (9.289)	Loss 2.5020 (2.0719)	Acc@1 60.417 (71.573)	Acc@5 91.667 (90.879)	Mem 7469MB
Test: [140/521]	Time 7.231 (9.239)	Loss 2.2656 (2.0902)	Acc@1 65.625 (71.616)	Acc@5 91.667 (91.039)	Mem 7469MB
Test: [150/521]	Time 7.125 (9.330)	Loss 1.6533 (2.1021)	Acc@1 70.833 (71.227)	Acc@5 94.792 (90.935)	Mem 7469MB
Test: [160/521]	Time 8.492 (9.407)	Loss 1.7676 (2.0874)	Acc@1 79.167 (71.506)	Acc@5 92.708 (91.071)	Mem 7469MB
Test: [170/521]	Time 9.533 (9.454)	Loss 1.4707 (2.0692)	Acc@1 83.333 (71.759)	Acc@5 90.625 (91.106)	Mem 7469MB
Test: [180/521]	Time 7.717 (9.374)	Loss 2.1660 (2.0586)	Acc@1 62.500 (72.065)	Acc@5 90.625 (91.160)	Mem 7469MB
Test: [190/521]	Time 10.176 (9.424)	Loss 2.0527 (2.0539)	Acc@1 66.667 (71.913)	Acc@5 86.458 (91.236)	Mem 7469MB
Test: [200/521]	Time 11.997 (9.505)	Loss 1.5977 (2.0545)	Acc@1 75.000 (71.445)	Acc@5 91.667 (91.102)	Mem 7469MB
Test: [210/521]	Time 10.120 (9.512)	Loss 1.2090 (2.0439)	Acc@1 84.375 (71.446)	Acc@5 95.833 (91.104)	Mem 7469MB
Test: [220/521]	Time 9.723 (9.459)	Loss 2.3281 (2.0600)	Acc@1 69.792 (71.093)	Acc@5 84.375 (90.894)	Mem 7469MB
Test: [230/521]	Time 9.958 (9.436)	Loss 2.4629 (2.0753)	Acc@1 58.333 (70.739)	Acc@5 86.458 (90.652)	Mem 7469MB
Test: [240/521]	Time 8.711 (9.448)	Loss 2.3672 (2.0940)	Acc@1 50.000 (70.328)	Acc@5 85.417 (90.383)	Mem 7469MB
Test: [250/521]	Time 9.585 (9.490)	Loss 2.5547 (2.1109)	Acc@1 63.542 (70.007)	Acc@5 84.375 (90.098)	Mem 7469MB
Test: [260/521]	Time 9.443 (9.532)	Loss 2.2031 (2.1223)	Acc@1 66.667 (69.604)	Acc@5 84.375 (89.863)	Mem 7469MB
Test: [270/521]	Time 11.248 (9.537)	Loss 2.5234 (2.1432)	Acc@1 66.667 (69.050)	Acc@5 85.417 (89.683)	Mem 7469MB
Test: [280/521]	Time 9.515 (9.537)	Loss 2.0078 (2.1492)	Acc@1 63.542 (68.895)	Acc@5 89.583 (89.576)	Mem 7469MB
Test: [290/521]	Time 11.764 (9.550)	Loss 3.0020 (2.1583)	Acc@1 46.875 (68.657)	Acc@5 76.042 (89.372)	Mem 7469MB
Test: [300/521]	Time 7.688 (9.548)	Loss 1.3330 (2.1579)	Acc@1 78.125 (68.774)	Acc@5 94.792 (89.334)	Mem 7469MB
Test: [310/521]	Time 10.524 (9.583)	Loss 3.1055 (2.1733)	Acc@1 40.625 (68.475)	Acc@5 75.000 (89.165)	Mem 7469MB
Test: [320/521]	Time 11.691 (9.550)	Loss 2.2793 (2.1776)	Acc@1 75.000 (68.529)	Acc@5 88.542 (89.129)	Mem 7469MB
Test: [330/521]	Time 9.015 (9.506)	Loss 3.5020 (2.1963)	Acc@1 42.708 (68.158)	Acc@5 71.875 (88.834)	Mem 7469MB
Test: [340/521]	Time 7.027 (9.525)	Loss 2.8379 (2.2050)	Acc@1 63.542 (67.956)	Acc@5 83.333 (88.701)	Mem 7469MB
Test: [350/521]	Time 8.968 (9.516)	Loss 2.4707 (2.2149)	Acc@1 59.375 (67.664)	Acc@5 87.500 (88.637)	Mem 7469MB
Test: [360/521]	Time 13.152 (9.528)	Loss 3.0215 (2.2242)	Acc@1 53.125 (67.518)	Acc@5 82.292 (88.484)	Mem 7469MB
Test: [370/521]	Time 7.781 (9.562)	Loss 3.2227 (2.2310)	Acc@1 48.958 (67.509)	Acc@5 80.208 (88.449)	Mem 7469MB
Test: [380/521]	Time 8.373 (9.574)	Loss 2.8594 (2.2298)	Acc@1 56.250 (67.547)	Acc@5 80.208 (88.424)	Mem 7469MB
Test: [390/521]	Time 11.288 (9.601)	Loss 2.5605 (2.2368)	Acc@1 67.708 (67.421)	Acc@5 86.458 (88.299)	Mem 7469MB
Test: [400/521]	Time 9.299 (9.605)	Loss 2.0566 (2.2417)	Acc@1 75.000 (67.339)	Acc@5 85.417 (88.181)	Mem 7469MB
Test: [410/521]	Time 4.822 (9.587)	Loss 2.2676 (2.2467)	Acc@1 62.500 (67.214)	Acc@5 87.500 (88.096)	Mem 7469MB
Test: [420/521]	Time 12.179 (9.539)	Loss 2.5488 (2.2483)	Acc@1 67.708 (67.241)	Acc@5 79.167 (88.077)	Mem 7469MB
Test: [430/521]	Time 10.992 (9.543)	Loss 2.8789 (2.2506)	Acc@1 52.083 (67.201)	Acc@5 80.208 (88.039)	Mem 7469MB
Test: [440/521]	Time 5.223 (9.503)	Loss 3.0078 (2.2653)	Acc@1 53.125 (66.929)	Acc@5 82.292 (87.878)	Mem 7469MB
Test: [450/521]	Time 9.206 (9.448)	Loss 2.9375 (2.2702)	Acc@1 48.958 (66.881)	Acc@5 84.375 (87.840)	Mem 7469MB
Test: [460/521]	Time 10.326 (9.460)	Loss 2.9453 (2.2752)	Acc@1 43.750 (66.847)	Acc@5 67.708 (87.796)	Mem 7469MB
Test: [470/521]	Time 10.056 (9.467)	Loss 2.2441 (2.2778)	Acc@1 69.792 (66.777)	Acc@5 84.375 (87.745)	Mem 7469MB
Test: [480/521]	Time 10.565 (9.480)	Loss 1.9619 (2.2761)	Acc@1 72.917 (66.781)	Acc@5 93.750 (87.753)	Mem 7469MB
Test: [490/521]	Time 11.724 (9.503)	Loss 1.6025 (2.2659)	Acc@1 80.208 (66.915)	Acc@5 98.958 (87.859)	Mem 7469MB
Test: [500/521]	Time 10.915 (9.518)	Loss 2.6660 (2.2565)	Acc@1 56.250 (67.049)	Acc@5 80.208 (87.899)	Mem 7469MB
Test: [510/521]	Time 10.876 (9.498)	Loss 2.3965 (2.2610)	Acc@1 65.625 (66.911)	Acc@5 89.583 (87.861)	Mem 7469MB
Test: [520/521]	Time 5.429 (9.483)	Loss 2.9102 (2.2486)	Acc@1 40.964 (67.122)	Acc@5 78.313 (87.921)	Mem 7469MB
 * Acc@1 67.122 Acc@5 87.921
01/17 15:48:41 - mmengine - INFO - Loads checkpoint by http backend from path: https://download.openmmlab.com/mmclassification/v0/resnet/resnet101_8xb32_in1k_20210831-539c63f8.pth
starting loop: img_size 1024; len(dataset) 50003
Test: [0/695]	Time 9.918 (9.918)	Loss 1.7393 (1.7393)	Acc@1 83.333 (83.333)	Acc@5 95.833 (95.833)	Mem 9845MB
Test: [10/695]	Time 10.414 (10.238)	Loss 2.3535 (2.3996)	Acc@1 59.722 (60.354)	Acc@5 91.667 (86.616)	Mem 9845MB
Test: [20/695]	Time 9.442 (10.713)	Loss 2.2520 (2.3784)	Acc@1 79.167 (61.706)	Acc@5 91.667 (86.971)	Mem 9845MB
Test: [30/695]	Time 11.595 (10.613)	Loss 2.4609 (2.5216)	Acc@1 66.667 (58.020)	Acc@5 90.278 (84.722)	Mem 9845MB
Test: [40/695]	Time 10.961 (10.823)	Loss 3.4082 (2.6469)	Acc@1 34.722 (54.404)	Acc@5 55.556 (80.996)	Mem 9845MB
Test: [50/695]	Time 12.915 (10.907)	Loss 1.5361 (2.5878)	Acc@1 55.556 (54.493)	Acc@5 95.833 (81.672)	Mem 9845MB
Test: [60/695]	Time 9.942 (10.918)	Loss 2.0566 (2.5387)	Acc@1 72.222 (55.191)	Acc@5 97.222 (82.286)	Mem 9845MB
Test: [70/695]	Time 8.919 (10.663)	Loss 1.7354 (2.4941)	Acc@1 75.000 (57.199)	Acc@5 91.667 (82.942)	Mem 9845MB
Test: [80/695]	Time 11.985 (10.744)	Loss 1.9170 (2.4687)	Acc@1 66.667 (57.733)	Acc@5 90.278 (82.802)	Mem 9845MB
Test: [90/695]	Time 9.236 (10.739)	Loss 1.9238 (2.4878)	Acc@1 83.333 (57.677)	Acc@5 95.833 (82.662)	Mem 9845MB
Test: [100/695]	Time 10.600 (10.620)	Loss 2.3418 (2.4752)	Acc@1 65.278 (58.155)	Acc@5 81.944 (82.880)	Mem 9845MB
Test: [110/695]	Time 10.846 (10.669)	Loss 3.1895 (2.4806)	Acc@1 47.222 (58.734)	Acc@5 84.722 (83.308)	Mem 9845MB
Test: [120/695]	Time 8.390 (10.672)	Loss 3.1035 (2.5297)	Acc@1 58.333 (58.655)	Acc@5 83.333 (83.322)	Mem 9845MB
Test: [130/695]	Time 4.965 (10.639)	Loss 3.3496 (2.5685)	Acc@1 41.667 (58.376)	Acc@5 73.611 (83.142)	Mem 9845MB
Test: [140/695]	Time 8.261 (10.645)	Loss 3.3574 (2.6114)	Acc@1 43.056 (57.792)	Acc@5 77.778 (82.831)	Mem 9845MB
Test: [150/695]	Time 8.634 (10.641)	Loss 2.8047 (2.6498)	Acc@1 76.389 (57.809)	Acc@5 91.667 (82.708)	Mem 9845MB
Test: [160/695]	Time 8.667 (10.569)	Loss 3.3652 (2.6806)	Acc@1 38.889 (57.479)	Acc@5 72.222 (82.505)	Mem 9845MB
Test: [170/695]	Time 11.886 (10.521)	Loss 3.1621 (2.7153)	Acc@1 58.333 (56.936)	Acc@5 87.500 (82.269)	Mem 9845MB
Test: [180/695]	Time 11.520 (10.476)	Loss 2.8887 (2.7312)	Acc@1 58.333 (56.914)	Acc@5 86.111 (82.213)	Mem 9845MB
Test: [190/695]	Time 8.521 (10.500)	Loss 2.6738 (2.7500)	Acc@1 69.444 (56.610)	Acc@5 88.889 (82.141)	Mem 9845MB
Test: [200/695]	Time 13.414 (10.532)	Loss 2.2168 (2.7536)	Acc@1 54.167 (56.516)	Acc@5 88.889 (82.172)	Mem 9845MB
Test: [210/695]	Time 10.915 (10.596)	Loss 2.3555 (2.7396)	Acc@1 59.722 (56.813)	Acc@5 91.667 (82.353)	Mem 9845MB
Test: [220/695]	Time 13.421 (10.594)	Loss 2.2559 (2.7515)	Acc@1 61.111 (56.373)	Acc@5 90.278 (82.095)	Mem 9845MB
Test: [230/695]	Time 10.092 (10.598)	Loss 2.4531 (2.7276)	Acc@1 72.222 (56.782)	Acc@5 94.444 (82.389)	Mem 9845MB
Test: [240/695]	Time 10.471 (10.574)	Loss 3.3848 (2.7185)	Acc@1 34.722 (57.089)	Acc@5 66.667 (82.550)	Mem 9845MB
Test: [250/695]	Time 11.368 (10.524)	Loss 3.3145 (2.7099)	Acc@1 31.944 (57.072)	Acc@5 73.611 (82.719)	Mem 9845MB
Test: [260/695]	Time 11.311 (10.549)	Loss 2.9668 (2.7095)	Acc@1 36.111 (56.854)	Acc@5 72.222 (82.588)	Mem 9845MB
Test: [270/695]	Time 11.109 (10.648)	Loss 2.3379 (2.7009)	Acc@1 66.667 (56.663)	Acc@5 88.889 (82.565)	Mem 9845MB
Test: [280/695]	Time 10.970 (10.639)	Loss 1.9717 (2.6945)	Acc@1 63.889 (56.816)	Acc@5 87.500 (82.508)	Mem 9845MB
Test: [290/695]	Time 11.942 (10.579)	Loss 2.4238 (2.7043)	Acc@1 69.444 (56.548)	Acc@5 93.056 (82.321)	Mem 9845MB
Test: [300/695]	Time 12.607 (10.559)	Loss 3.4043 (2.7190)	Acc@1 29.167 (56.354)	Acc@5 73.611 (82.166)	Mem 9845MB
Test: [310/695]	Time 9.333 (10.535)	Loss 3.3418 (2.7389)	Acc@1 44.444 (55.899)	Acc@5 75.000 (81.824)	Mem 9845MB
Test: [320/695]	Time 11.464 (10.522)	Loss 2.8184 (2.7547)	Acc@1 41.667 (55.599)	Acc@5 77.778 (81.529)	Mem 9845MB
Test: [330/695]	Time 11.396 (10.546)	Loss 2.6016 (2.7706)	Acc@1 72.222 (55.430)	Acc@5 87.500 (81.281)	Mem 9845MB
Test: [340/695]	Time 11.404 (10.559)	Loss 2.3223 (2.7803)	Acc@1 62.500 (55.144)	Acc@5 84.722 (81.085)	Mem 9845MB
Test: [350/695]	Time 8.639 (10.568)	Loss 4.2070 (2.7972)	Acc@1 20.833 (54.776)	Acc@5 54.167 (80.785)	Mem 9845MB
Test: [360/695]	Time 5.243 (10.566)	Loss 3.2734 (2.8116)	Acc@1 54.167 (54.394)	Acc@5 76.389 (80.529)	Mem 9845MB
Test: [370/695]	Time 6.422 (10.538)	Loss 1.7861 (2.8216)	Acc@1 75.000 (54.122)	Acc@5 87.500 (80.320)	Mem 9845MB
Test: [380/695]	Time 10.292 (10.504)	Loss 2.0898 (2.8225)	Acc@1 47.222 (54.083)	Acc@5 91.667 (80.206)	Mem 9845MB
Test: [390/695]	Time 10.493 (10.499)	Loss 3.7109 (2.8335)	Acc@1 29.167 (53.918)	Acc@5 65.278 (80.005)	Mem 9845MB
Test: [400/695]	Time 10.110 (10.513)	Loss 1.8896 (2.8365)	Acc@1 75.000 (53.945)	Acc@5 88.889 (79.932)	Mem 9845MB
Test: [410/695]	Time 14.034 (10.518)	Loss 2.5410 (2.8493)	Acc@1 62.500 (53.694)	Acc@5 83.333 (79.701)	Mem 9845MB
Test: [420/695]	Time 12.664 (10.521)	Loss 2.9648 (2.8584)	Acc@1 58.333 (53.513)	Acc@5 77.778 (79.619)	Mem 9845MB
Test: [430/695]	Time 14.187 (10.539)	Loss 4.0117 (2.8657)	Acc@1 12.500 (53.454)	Acc@5 55.556 (79.460)	Mem 9845MB
Test: [440/695]	Time 10.947 (10.534)	Loss 3.9863 (2.8745)	Acc@1 27.778 (53.282)	Acc@5 63.889 (79.337)	Mem 9845MB
Test: [450/695]	Time 11.940 (10.537)	Loss 3.0156 (2.8779)	Acc@1 52.778 (53.218)	Acc@5 83.333 (79.262)	Mem 9845MB
Test: [460/695]	Time 11.297 (10.528)	Loss 2.7754 (2.8882)	Acc@1 52.778 (53.013)	Acc@5 84.722 (79.137)	Mem 9845MB
Test: [470/695]	Time 9.079 (10.495)	Loss 3.3359 (2.8978)	Acc@1 48.611 (52.813)	Acc@5 77.778 (79.052)	Mem 9845MB
Test: [480/695]	Time 10.105 (10.488)	Loss 3.5410 (2.8977)	Acc@1 54.167 (52.876)	Acc@5 75.000 (79.077)	Mem 9845MB
Test: [490/695]	Time 8.399 (10.486)	Loss 3.4160 (2.9014)	Acc@1 51.389 (52.854)	Acc@5 80.556 (79.017)	Mem 9845MB
Test: [500/695]	Time 10.519 (10.482)	Loss 2.7109 (2.9051)	Acc@1 65.278 (52.828)	Acc@5 80.556 (78.981)	Mem 9845MB
Test: [510/695]	Time 10.098 (10.492)	Loss 3.4336 (2.9087)	Acc@1 34.722 (52.805)	Acc@5 66.667 (78.868)	Mem 9845MB
Test: [520/695]	Time 11.078 (10.464)	Loss 2.8691 (2.9095)	Acc@1 56.944 (52.850)	Acc@5 83.333 (78.865)	Mem 9845MB
Test: [530/695]	Time 9.120 (10.457)	Loss 2.9629 (2.9157)	Acc@1 50.000 (52.757)	Acc@5 73.611 (78.740)	Mem 9845MB
Test: [540/695]	Time 12.088 (10.460)	Loss 4.2617 (2.9236)	Acc@1 25.000 (52.629)	Acc@5 51.389 (78.615)	Mem 9845MB
Test: [550/695]	Time 7.968 (10.466)	Loss 3.8301 (2.9249)	Acc@1 40.278 (52.634)	Acc@5 65.278 (78.597)	Mem 9845MB
Test: [560/695]	Time 11.743 (10.458)	Loss 2.9805 (2.9238)	Acc@1 56.944 (52.741)	Acc@5 75.000 (78.600)	Mem 9845MB
Test: [570/695]	Time 10.056 (10.435)	Loss 2.0352 (2.9228)	Acc@1 84.722 (52.732)	Acc@5 91.667 (78.593)	Mem 9845MB
Test: [580/695]	Time 13.358 (10.419)	Loss 3.8242 (2.9280)	Acc@1 41.667 (52.634)	Acc@5 66.667 (78.564)	Mem 9845MB
Test: [590/695]	Time 12.032 (10.417)	Loss 3.8555 (2.9398)	Acc@1 25.000 (52.359)	Acc@5 59.722 (78.368)	Mem 9845MB
Test: [600/695]	Time 8.259 (10.418)	Loss 3.9824 (2.9420)	Acc@1 23.611 (52.359)	Acc@5 56.944 (78.332)	Mem 9845MB
Test: [610/695]	Time 8.434 (10.411)	Loss 2.9473 (2.9455)	Acc@1 52.778 (52.314)	Acc@5 70.833 (78.271)	Mem 9845MB
Test: [620/695]	Time 6.847 (10.391)	Loss 2.8750 (2.9506)	Acc@1 52.778 (52.196)	Acc@5 80.556 (78.174)	Mem 9845MB
Test: [630/695]	Time 8.830 (10.377)	Loss 3.9434 (2.9533)	Acc@1 19.444 (52.104)	Acc@5 55.556 (78.115)	Mem 9845MB
Test: [640/695]	Time 7.053 (10.378)	Loss 2.7461 (2.9495)	Acc@1 56.944 (52.186)	Acc@5 79.167 (78.096)	Mem 9845MB
Test: [650/695]	Time 10.107 (10.354)	Loss 1.3457 (2.9432)	Acc@1 86.111 (52.319)	Acc@5 93.056 (78.164)	Mem 9845MB
Test: [660/695]	Time 10.459 (10.353)	Loss 2.5762 (2.9290)	Acc@1 61.111 (52.498)	Acc@5 84.722 (78.305)	Mem 9845MB
Test: [670/695]	Time 9.367 (10.348)	Loss 3.2539 (2.9240)	Acc@1 51.389 (52.612)	Acc@5 83.333 (78.326)	Mem 9845MB
Test: [680/695]	Time 11.130 (10.352)	Loss 2.9980 (2.9269)	Acc@1 51.389 (52.515)	Acc@5 72.222 (78.235)	Mem 9845MB
Test: [690/695]	Time 8.514 (10.341)	Loss 1.9443 (2.9151)	Acc@1 77.778 (52.728)	Acc@5 94.444 (78.335)	Mem 9845MB
 * Acc@1 52.763 Acc@5 78.337
01/17 17:48:24 - mmengine - INFO - Loads checkpoint by http backend from path: https://download.openmmlab.com/mmclassification/v0/resnet/resnet101_8xb32_in1k_20210831-539c63f8.pth
starting loop: img_size 1120; len(dataset) 50003
Test: [0/834]	Time 9.582 (9.582)	Loss 1.8633 (1.8633)	Acc@1 85.000 (85.000)	Acc@5 93.333 (93.333)	Mem 9845MB
Test: [10/834]	Time 8.371 (10.291)	Loss 2.9570 (2.7267)	Acc@1 30.000 (51.061)	Acc@5 81.667 (79.848)	Mem 9845MB
Test: [20/834]	Time 5.940 (9.144)	Loss 2.3008 (2.7065)	Acc@1 70.000 (51.190)	Acc@5 90.000 (81.587)	Mem 9845MB
Test: [30/834]	Time 11.527 (9.438)	Loss 3.0840 (2.7967)	Acc@1 40.000 (49.462)	Acc@5 78.333 (80.054)	Mem 9845MB
Test: [40/834]	Time 10.750 (9.521)	Loss 3.0137 (2.8581)	Acc@1 53.333 (48.496)	Acc@5 78.333 (78.699)	Mem 9845MB
Test: [50/834]	Time 11.387 (9.423)	Loss 3.0703 (2.9420)	Acc@1 25.000 (46.111)	Acc@5 70.000 (75.327)	Mem 9845MB
Test: [60/834]	Time 10.993 (9.527)	Loss 1.6904 (2.8632)	Acc@1 41.667 (46.639)	Acc@5 96.667 (76.612)	Mem 9845MB
Test: [70/834]	Time 9.134 (9.505)	Loss 2.4766 (2.8154)	Acc@1 65.000 (47.136)	Acc@5 76.667 (77.136)	Mem 9845MB
Test: [80/834]	Time 10.099 (9.504)	Loss 3.0156 (2.7921)	Acc@1 53.333 (48.621)	Acc@5 71.667 (77.593)	Mem 9845MB
Test: [90/834]	Time 9.034 (9.432)	Loss 2.1758 (2.7676)	Acc@1 46.667 (49.597)	Acc@5 88.333 (77.674)	Mem 9845MB
Test: [100/834]	Time 12.158 (9.549)	Loss 3.0723 (2.7513)	Acc@1 45.000 (50.182)	Acc@5 70.000 (77.838)	Mem 9845MB
Test: [110/834]	Time 11.697 (9.651)	Loss 2.7676 (2.7591)	Acc@1 56.667 (50.135)	Acc@5 86.667 (78.078)	Mem 9845MB
Test: [120/834]	Time 9.726 (9.599)	Loss 2.8105 (2.7512)	Acc@1 53.333 (50.386)	Acc@5 81.667 (78.264)	Mem 9845MB
Test: [130/834]	Time 5.297 (9.503)	Loss 2.8438 (2.7400)	Acc@1 71.667 (51.209)	Acc@5 85.000 (78.740)	Mem 9845MB
Test: [140/834]	Time 7.820 (9.470)	Loss 2.7422 (2.7784)	Acc@1 75.000 (51.182)	Acc@5 88.333 (78.783)	Mem 9845MB
Test: [150/834]	Time 10.395 (9.566)	Loss 3.3164 (2.8063)	Acc@1 41.667 (51.402)	Acc@5 80.000 (78.852)	Mem 9845MB
Test: [160/834]	Time 10.170 (9.576)	Loss 3.7695 (2.8398)	Acc@1 30.000 (50.963)	Acc@5 56.667 (78.696)	Mem 9845MB
Test: [170/834]	Time 9.152 (9.597)	Loss 3.9707 (2.8782)	Acc@1 23.333 (50.429)	Acc@5 58.333 (78.353)	Mem 9845MB
Test: [180/834]	Time 8.448 (9.597)	Loss 2.9258 (2.9059)	Acc@1 78.333 (50.580)	Acc@5 90.000 (78.241)	Mem 9845MB
Test: [190/834]	Time 7.202 (9.585)	Loss 2.8477 (2.9274)	Acc@1 61.667 (50.445)	Acc@5 76.667 (78.124)	Mem 9845MB
Test: [200/834]	Time 9.350 (9.571)	Loss 3.7148 (2.9644)	Acc@1 13.333 (49.594)	Acc@5 73.333 (77.629)	Mem 9845MB
Test: [210/834]	Time 5.230 (9.475)	Loss 2.5391 (2.9780)	Acc@1 83.333 (49.692)	Acc@5 90.000 (77.630)	Mem 9845MB
Test: [220/834]	Time 5.756 (9.422)	Loss 3.7012 (2.9960)	Acc@1 35.000 (49.615)	Acc@5 71.667 (77.519)	Mem 9845MB
Test: [230/834]	Time 5.356 (9.410)	Loss 3.6660 (3.0066)	Acc@1 31.667 (49.437)	Acc@5 63.333 (77.482)	Mem 9845MB
Test: [240/834]	Time 11.654 (9.470)	Loss 2.2070 (3.0062)	Acc@1 53.333 (49.433)	Acc@5 91.667 (77.635)	Mem 9845MB
Test: [250/834]	Time 5.729 (9.505)	Loss 2.0254 (2.9951)	Acc@1 58.333 (49.661)	Acc@5 86.667 (77.769)	Mem 9845MB
Test: [260/834]	Time 10.723 (9.475)	Loss 3.7676 (2.9999)	Acc@1 21.667 (49.374)	Acc@5 60.000 (77.637)	Mem 9845MB
Test: [270/834]	Time 9.996 (9.516)	Loss 1.6611 (2.9880)	Acc@1 81.667 (49.526)	Acc@5 98.333 (77.718)	Mem 9845MB
Test: [280/834]	Time 11.067 (9.498)	Loss 3.5742 (2.9786)	Acc@1 31.667 (49.858)	Acc@5 58.333 (77.823)	Mem 9845MB
Test: [290/834]	Time 8.729 (9.513)	Loss 3.7422 (2.9776)	Acc@1 20.000 (49.834)	Acc@5 56.667 (77.761)	Mem 9845MB
Test: [300/834]	Time 9.804 (9.519)	Loss 3.7031 (2.9641)	Acc@1 20.000 (50.017)	Acc@5 61.667 (78.034)	Mem 9845MB
Test: [310/834]	Time 12.438 (9.547)	Loss 3.2852 (2.9594)	Acc@1 31.667 (50.070)	Acc@5 66.667 (78.001)	Mem 9845MB
Test: [320/834]	Time 10.480 (9.550)	Loss 1.7568 (2.9534)	Acc@1 73.333 (49.735)	Acc@5 88.333 (77.876)	Mem 9845MB
Test: [330/834]	Time 9.270 (9.574)	Loss 2.5703 (2.9445)	Acc@1 56.667 (49.849)	Acc@5 76.667 (77.931)	Mem 9845MB
Test: [340/834]	Time 10.644 (9.551)	Loss 3.7695 (2.9414)	Acc@1 43.333 (49.927)	Acc@5 65.000 (77.908)	Mem 9845MB
Test: [350/834]	Time 8.606 (9.531)	Loss 4.1680 (2.9599)	Acc@1 33.333 (49.592)	Acc@5 65.000 (77.550)	Mem 9845MB
Test: [360/834]	Time 5.728 (9.519)	Loss 3.4434 (2.9698)	Acc@1 28.333 (49.534)	Acc@5 73.333 (77.419)	Mem 9845MB
Test: [370/834]	Time 11.329 (9.509)	Loss 3.4824 (2.9867)	Acc@1 60.000 (49.250)	Acc@5 71.667 (77.089)	Mem 9845MB
Test: [380/834]	Time 8.577 (9.516)	Loss 4.1641 (3.0003)	Acc@1 28.333 (49.024)	Acc@5 48.333 (76.824)	Mem 9845MB
Test: [390/834]	Time 9.954 (9.545)	Loss 3.8027 (3.0154)	Acc@1 35.000 (48.815)	Acc@5 65.000 (76.492)	Mem 9845MB
Test: [400/834]	Time 11.724 (9.556)	Loss 3.6055 (3.0302)	Acc@1 43.333 (48.645)	Acc@5 73.333 (76.297)	Mem 9845MB
Test: [410/834]	Time 4.926 (9.550)	Loss 4.0156 (3.0359)	Acc@1 36.667 (48.504)	Acc@5 55.000 (76.156)	Mem 9845MB
Test: [420/834]	Time 9.032 (9.547)	Loss 4.4102 (3.0495)	Acc@1 20.000 (48.203)	Acc@5 45.000 (75.847)	Mem 9845MB
Test: [430/834]	Time 9.146 (9.565)	Loss 3.9121 (3.0615)	Acc@1 23.333 (47.916)	Acc@5 58.333 (75.576)	Mem 9845MB
Test: [440/834]	Time 5.098 (9.545)	Loss 3.3516 (3.0744)	Acc@1 56.667 (47.630)	Acc@5 73.333 (75.306)	Mem 9845MB
Test: [450/834]	Time 9.905 (9.535)	Loss 2.0801 (3.0708)	Acc@1 73.333 (47.749)	Acc@5 86.667 (75.292)	Mem 9845MB
Test: [460/834]	Time 8.281 (9.515)	Loss 3.5430 (3.0809)	Acc@1 50.000 (47.484)	Acc@5 70.000 (75.022)	Mem 9845MB
Test: [470/834]	Time 6.386 (9.494)	Loss 3.0820 (3.0888)	Acc@1 51.667 (47.385)	Acc@5 76.667 (74.919)	Mem 9845MB
Test: [480/834]	Time 9.871 (9.497)	Loss 2.0684 (3.0931)	Acc@1 75.000 (47.405)	Acc@5 83.333 (74.830)	Mem 9845MB
Test: [490/834]	Time 10.554 (9.496)	Loss 2.6797 (3.1050)	Acc@1 61.667 (47.138)	Acc@5 83.333 (74.579)	Mem 9845MB
Test: [500/834]	Time 8.325 (9.488)	Loss 3.7930 (3.1123)	Acc@1 30.000 (46.966)	Acc@5 70.000 (74.471)	Mem 9845MB
Test: [510/834]	Time 9.025 (9.470)	Loss 3.0195 (3.1142)	Acc@1 68.333 (47.025)	Acc@5 88.333 (74.432)	Mem 9845MB
Test: [520/834]	Time 8.846 (9.460)	Loss 3.7578 (3.1284)	Acc@1 30.000 (46.750)	Acc@5 63.333 (74.133)	Mem 9845MB
Test: [530/834]	Time 7.869 (9.443)	Loss 3.1523 (3.1307)	Acc@1 43.333 (46.733)	Acc@5 76.667 (74.178)	Mem 9845MB
Test: [540/834]	Time 7.837 (9.437)	Loss 3.1953 (3.1328)	Acc@1 46.667 (46.728)	Acc@5 75.000 (74.085)	Mem 9845MB
Test: [550/834]	Time 10.354 (9.427)	Loss 3.2402 (3.1426)	Acc@1 58.333 (46.561)	Acc@5 83.333 (73.911)	Mem 9845MB
Test: [560/834]	Time 9.875 (9.436)	Loss 2.7188 (3.1490)	Acc@1 68.333 (46.450)	Acc@5 83.333 (73.832)	Mem 9845MB
Test: [570/834]	Time 7.883 (9.414)	Loss 2.2910 (3.1522)	Acc@1 80.000 (46.433)	Acc@5 90.000 (73.856)	Mem 9845MB
Test: [580/834]	Time 12.029 (9.429)	Loss 3.9062 (3.1537)	Acc@1 30.000 (46.434)	Acc@5 51.667 (73.801)	Mem 9845MB
Test: [590/834]	Time 6.700 (9.404)	Loss 2.9746 (3.1563)	Acc@1 66.667 (46.455)	Acc@5 76.667 (73.804)	Mem 9845MB
Test: [600/834]	Time 9.022 (9.387)	Loss 2.8789 (3.1595)	Acc@1 65.000 (46.403)	Acc@5 78.333 (73.708)	Mem 9845MB
Test: [610/834]	Time 10.686 (9.384)	Loss 3.7598 (3.1610)	Acc@1 45.000 (46.448)	Acc@5 61.667 (73.631)	Mem 9845MB
Test: [620/834]	Time 8.439 (9.388)	Loss 3.4395 (3.1625)	Acc@1 51.667 (46.481)	Acc@5 73.333 (73.586)	Mem 9845MB
Test: [630/834]	Time 6.783 (9.370)	Loss 3.8086 (3.1655)	Acc@1 36.667 (46.421)	Acc@5 60.000 (73.524)	Mem 9845MB
Test: [640/834]	Time 8.200 (9.347)	Loss 3.1270 (3.1713)	Acc@1 48.333 (46.347)	Acc@5 71.667 (73.406)	Mem 9845MB
Test: [650/834]	Time 11.166 (9.352)	Loss 2.8223 (3.1770)	Acc@1 28.333 (46.237)	Acc@5 80.000 (73.315)	Mem 9845MB
Test: [660/834]	Time 10.875 (9.344)	Loss 3.9922 (3.1790)	Acc@1 31.667 (46.246)	Acc@5 58.333 (73.280)	Mem 9845MB
Test: [670/834]	Time 4.491 (9.334)	Loss 3.3965 (3.1772)	Acc@1 56.667 (46.339)	Acc@5 80.000 (73.301)	Mem 9845MB
Test: [680/834]	Time 10.631 (9.334)	Loss 3.3574 (3.1760)	Acc@1 48.333 (46.322)	Acc@5 71.667 (73.289)	Mem 9845MB
Test: [690/834]	Time 7.580 (9.314)	Loss 3.8652 (3.1782)	Acc@1 36.667 (46.322)	Acc@5 61.667 (73.254)	Mem 9845MB
Test: [700/834]	Time 5.613 (9.304)	Loss 3.5488 (3.1859)	Acc@1 38.333 (46.158)	Acc@5 66.667 (73.155)	Mem 9845MB
Test: [710/834]	Time 9.895 (9.296)	Loss 2.8418 (3.1929)	Acc@1 51.667 (46.031)	Acc@5 78.333 (73.024)	Mem 9845MB
Test: [720/834]	Time 7.542 (9.285)	Loss 4.5352 (3.1946)	Acc@1 6.667 (46.059)	Acc@5 41.667 (73.010)	Mem 9845MB
Test: [730/834]	Time 10.697 (9.293)	Loss 4.8867 (3.1989)	Acc@1 8.333 (45.978)	Acc@5 36.667 (72.950)	Mem 9845MB
Test: [740/834]	Time 9.729 (9.288)	Loss 3.5391 (3.2033)	Acc@1 41.667 (45.895)	Acc@5 68.333 (72.821)	Mem 9845MB
Test: [750/834]	Time 8.183 (9.271)	Loss 2.8164 (3.2073)	Acc@1 60.000 (45.775)	Acc@5 78.333 (72.756)	Mem 9845MB
Test: [760/834]	Time 9.264 (9.268)	Loss 2.0137 (3.2068)	Acc@1 80.000 (45.777)	Acc@5 95.000 (72.683)	Mem 9845MB
Test: [770/834]	Time 8.145 (9.248)	Loss 3.1172 (3.2029)	Acc@1 43.333 (45.884)	Acc@5 70.000 (72.719)	Mem 9845MB
Test: [780/834]	Time 5.993 (9.207)	Loss 1.5205 (3.1971)	Acc@1 80.000 (46.016)	Acc@5 90.000 (72.806)	Mem 9845MB
Test: [790/834]	Time 8.318 (9.185)	Loss 2.2070 (3.1828)	Acc@1 66.667 (46.233)	Acc@5 86.667 (72.973)	Mem 9845MB
Test: [800/834]	Time 8.470 (9.155)	Loss 3.0527 (3.1755)	Acc@1 55.000 (46.419)	Acc@5 81.667 (73.052)	Mem 9845MB
Test: [810/834]	Time 7.608 (9.127)	Loss 4.0352 (3.1803)	Acc@1 11.667 (46.303)	Acc@5 41.667 (72.922)	Mem 9845MB
Test: [820/834]	Time 8.681 (9.100)	Loss 1.4180 (3.1787)	Acc@1 85.000 (46.309)	Acc@5 90.000 (72.893)	Mem 9845MB
Test: [830/834]	Time 6.017 (9.067)	Loss 1.5537 (3.1626)	Acc@1 83.333 (46.633)	Acc@5 90.000 (73.101)	Mem 9845MB
 * Acc@1 46.585 Acc@5 73.064
