[W socket.cpp:426] [c10d] The server socket has failed to bind to [::]:61234 (errno: 98 - Address already in use).
[W socket.cpp:426] [c10d] The server socket has failed to bind to ?UNKNOWN? (errno: 98 - Address already in use).
[E socket.cpp:462] [c10d] The server socket has failed to listen on any local network address.
The server socket has failed to listen on any local network address. The server socket has failed to bind to [::]:61234 (errno: 98 - Address already in use). The server socket has failed to bind to ?UNKNOWN? (errno: 98 - Address already in use).
[W socket.cpp:426] [c10d] The server socket has failed to bind to [::]:61233 (errno: 98 - Address already in use).
[W socket.cpp:426] [c10d] The server socket has failed to bind to ?UNKNOWN? (errno: 98 - Address already in use).
[E socket.cpp:462] [c10d] The server socket has failed to listen on any local network address.
The server socket has failed to listen on any local network address. The server socket has failed to bind to [::]:61233 (errno: 98 - Address already in use). The server socket has failed to bind to ?UNKNOWN? (errno: 98 - Address already in use).
[W socket.cpp:426] [c10d] The server socket has failed to bind to [::]:61232 (errno: 98 - Address already in use).
[W socket.cpp:426] [c10d] The server socket has failed to bind to ?UNKNOWN? (errno: 98 - Address already in use).
[E socket.cpp:462] [c10d] The server socket has failed to listen on any local network address.
The server socket has failed to listen on any local network address. The server socket has failed to bind to [::]:61232 (errno: 98 - Address already in use). The server socket has failed to bind to ?UNKNOWN? (errno: 98 - Address already in use).
using init_resnet ======================== 
01/16 21:07:17 - mmengine - INFO - Loads checkpoint by http backend from path: https://download.openmmlab.com/mmclassification/v0/resnet/resnet50_8xb32_in1k_20210831-ea4938fc.pth
starting loop: img_size 224; len(dataset) 50003
Test: [0/391]	Time 6.319 (6.319)	Loss 0.4258 (0.4258)	Acc@1 88.281 (88.281)	Acc@5 98.438 (98.438)	Mem 1007MB
Test: [10/391]	Time 8.316 (4.821)	Loss 1.0146 (0.4409)	Acc@1 75.781 (89.062)	Acc@5 96.875 (97.372)	Mem 1007MB
Test: [20/391]	Time 4.167 (4.955)	Loss 0.6094 (0.6085)	Acc@1 87.500 (84.226)	Acc@5 95.312 (96.466)	Mem 1007MB
Test: [30/391]	Time 7.042 (4.913)	Loss 1.0449 (0.7294)	Acc@1 80.469 (80.822)	Acc@5 91.406 (95.514)	Mem 1007MB
Test: [40/391]	Time 4.631 (4.970)	Loss 0.6499 (0.6544)	Acc@1 85.938 (83.022)	Acc@5 94.531 (95.979)	Mem 1007MB
Test: [50/391]	Time 5.575 (5.130)	Loss 0.2549 (0.6714)	Acc@1 93.750 (83.058)	Acc@5 97.656 (95.711)	Mem 1007MB
Test: [60/391]	Time 4.485 (5.160)	Loss 0.8276 (0.6304)	Acc@1 79.688 (84.042)	Acc@5 93.750 (95.953)	Mem 1007MB
Test: [70/391]	Time 4.767 (5.122)	Loss 0.7700 (0.6605)	Acc@1 75.781 (83.110)	Acc@5 96.875 (95.786)	Mem 1007MB
Test: [80/391]	Time 3.572 (5.110)	Loss 0.6113 (0.6728)	Acc@1 83.594 (82.629)	Acc@5 96.094 (95.853)	Mem 1007MB
Test: [90/391]	Time 2.253 (5.088)	Loss 0.8560 (0.6759)	Acc@1 71.875 (82.624)	Acc@5 95.312 (95.905)	Mem 1007MB
Test: [100/391]	Time 4.779 (5.088)	Loss 0.6528 (0.6718)	Acc@1 82.812 (82.480)	Acc@5 95.312 (96.078)	Mem 1007MB
Test: [110/391]	Time 6.691 (5.122)	Loss 1.1201 (0.6803)	Acc@1 55.469 (82.137)	Acc@5 98.438 (96.129)	Mem 1007MB
Test: [120/391]	Time 3.678 (5.138)	Loss 0.6489 (0.6814)	Acc@1 85.938 (82.315)	Acc@5 96.875 (96.152)	Mem 1007MB
Test: [130/391]	Time 5.894 (5.211)	Loss 0.2499 (0.6743)	Acc@1 96.094 (82.562)	Acc@5 98.438 (96.177)	Mem 1007MB
Test: [140/391]	Time 6.481 (5.213)	Loss 1.0361 (0.6749)	Acc@1 67.188 (82.391)	Acc@5 95.312 (96.227)	Mem 1007MB
Test: [150/391]	Time 9.088 (5.285)	Loss 0.7002 (0.6843)	Acc@1 73.438 (82.264)	Acc@5 96.875 (96.068)	Mem 1007MB
Test: [160/391]	Time 5.722 (5.280)	Loss 0.6826 (0.6908)	Acc@1 78.906 (82.187)	Acc@5 94.531 (95.953)	Mem 1007MB
Test: [170/391]	Time 4.551 (5.259)	Loss 1.5449 (0.7181)	Acc@1 63.281 (81.524)	Acc@5 89.062 (95.710)	Mem 1007MB
Test: [180/391]	Time 5.373 (5.285)	Loss 1.9512 (0.7434)	Acc@1 53.906 (80.974)	Acc@5 89.062 (95.386)	Mem 1007MB
Test: [190/391]	Time 4.717 (5.317)	Loss 1.4229 (0.7700)	Acc@1 64.844 (80.338)	Acc@5 89.844 (95.092)	Mem 1007MB
Test: [200/391]	Time 4.332 (5.318)	Loss 0.7534 (0.7963)	Acc@1 80.469 (79.839)	Acc@5 94.531 (94.772)	Mem 1007MB
Test: [210/391]	Time 5.768 (5.359)	Loss 1.2021 (0.8145)	Acc@1 70.312 (79.388)	Acc@5 90.625 (94.587)	Mem 1007MB
Test: [220/391]	Time 5.796 (5.358)	Loss 0.4785 (0.8234)	Acc@1 86.719 (79.246)	Acc@5 99.219 (94.453)	Mem 1007MB
Test: [230/391]	Time 6.447 (5.371)	Loss 1.6680 (0.8363)	Acc@1 60.156 (78.950)	Acc@5 83.594 (94.311)	Mem 1007MB
Test: [240/391]	Time 5.374 (5.353)	Loss 0.8633 (0.8410)	Acc@1 83.594 (78.939)	Acc@5 90.625 (94.207)	Mem 1007MB
Test: [250/391]	Time 4.766 (5.343)	Loss 0.6646 (0.8622)	Acc@1 80.469 (78.349)	Acc@5 97.656 (93.965)	Mem 1007MB
Test: [260/391]	Time 6.490 (5.329)	Loss 0.9116 (0.8778)	Acc@1 75.000 (78.011)	Acc@5 93.750 (93.843)	Mem 1007MB
Test: [270/391]	Time 2.229 (5.317)	Loss 1.6943 (0.8876)	Acc@1 60.938 (77.814)	Acc@5 88.281 (93.741)	Mem 1007MB
Test: [280/391]	Time 5.806 (5.292)	Loss 1.1650 (0.8937)	Acc@1 66.406 (77.686)	Acc@5 95.312 (93.714)	Mem 1007MB
Test: [290/391]	Time 2.138 (5.274)	Loss 1.3389 (0.9026)	Acc@1 55.469 (77.537)	Acc@5 92.188 (93.586)	Mem 1007MB
Test: [300/391]	Time 5.022 (5.257)	Loss 1.0068 (0.9096)	Acc@1 76.562 (77.414)	Acc@5 92.969 (93.501)	Mem 1007MB
Test: [310/391]	Time 5.228 (5.258)	Loss 1.0879 (0.9172)	Acc@1 73.438 (77.281)	Acc@5 89.844 (93.378)	Mem 1007MB
Test: [320/391]	Time 4.776 (5.241)	Loss 0.5181 (0.9269)	Acc@1 88.281 (77.078)	Acc@5 95.312 (93.258)	Mem 1007MB
Test: [330/391]	Time 5.403 (5.235)	Loss 1.4648 (0.9402)	Acc@1 64.844 (76.765)	Acc@5 84.375 (93.094)	Mem 1007MB
Test: [340/391]	Time 7.349 (5.238)	Loss 0.7314 (0.9453)	Acc@1 80.469 (76.647)	Acc@5 94.531 (93.021)	Mem 1007MB
Test: [350/391]	Time 3.258 (5.244)	Loss 0.8911 (0.9493)	Acc@1 76.562 (76.516)	Acc@5 93.750 (92.991)	Mem 1007MB
Test: [360/391]	Time 5.285 (5.247)	Loss 1.4912 (0.9593)	Acc@1 64.844 (76.314)	Acc@5 91.406 (92.895)	Mem 1007MB
Test: [370/391]	Time 6.432 (5.269)	Loss 0.9478 (0.9532)	Acc@1 67.188 (76.394)	Acc@5 96.094 (92.986)	Mem 1007MB
Test: [380/391]	Time 5.961 (5.268)	Loss 0.9170 (0.9553)	Acc@1 74.219 (76.318)	Acc@5 96.875 (92.940)	Mem 1007MB
Test: [390/391]	Time 3.159 (5.259)	Loss 1.6699 (0.9511)	Acc@1 48.193 (76.395)	Acc@5 87.952 (92.974)	Mem 1007MB
 * Acc@1 76.395 Acc@5 92.974
01/16 21:41:35 - mmengine - INFO - Loads checkpoint by http backend from path: https://download.openmmlab.com/mmclassification/v0/resnet/resnet50_8xb32_in1k_20210831-ea4938fc.pth
starting loop: img_size 64; len(dataset) 50003
Test: [0/391]	Time 2.276 (2.276)	Loss 8.3828 (8.3828)	Acc@1 40.625 (40.625)	Acc@5 60.156 (60.156)	Mem 1007MB
Test: [10/391]	Time 3.687 (2.260)	Loss 10.8594 (7.4933)	Acc@1 25.000 (37.926)	Acc@5 42.969 (61.151)	Mem 1007MB
Test: [20/391]	Time 2.896 (2.446)	Loss 9.3906 (8.4174)	Acc@1 30.469 (32.254)	Acc@5 53.906 (53.906)	Mem 1007MB
Test: [30/391]	Time 3.110 (2.606)	Loss 7.9180 (8.7184)	Acc@1 40.625 (29.889)	Acc@5 60.156 (52.067)	Mem 1007MB
Test: [40/391]	Time 3.143 (2.578)	Loss 7.3008 (8.1668)	Acc@1 36.719 (33.479)	Acc@5 50.000 (55.126)	Mem 1007MB
Test: [50/391]	Time 1.653 (2.681)	Loss 4.6992 (8.2538)	Acc@1 52.344 (33.379)	Acc@5 78.125 (55.499)	Mem 1007MB
Test: [60/391]	Time 2.515 (2.714)	Loss 10.7109 (7.9826)	Acc@1 32.812 (35.182)	Acc@5 58.594 (57.825)	Mem 1007MB
Test: [70/391]	Time 2.547 (2.670)	Loss 12.5469 (8.2922)	Acc@1 28.125 (34.958)	Acc@5 55.469 (58.781)	Mem 1007MB
Test: [80/391]	Time 1.578 (2.563)	Loss 13.0312 (8.5840)	Acc@1 24.219 (34.838)	Acc@5 45.312 (58.873)	Mem 1007MB
Test: [90/391]	Time 1.260 (2.439)	Loss 13.2656 (8.7991)	Acc@1 24.219 (35.096)	Acc@5 61.719 (59.538)	Mem 1007MB
Test: [100/391]	Time 1.452 (2.346)	Loss 13.4297 (8.9425)	Acc@1 28.906 (34.870)	Acc@5 57.812 (60.133)	Mem 1007MB
Test: [110/391]	Time 1.903 (2.294)	Loss 11.0391 (9.0266)	Acc@1 29.688 (35.079)	Acc@5 61.719 (60.480)	Mem 1007MB
Test: [120/391]	Time 1.372 (2.252)	Loss 10.4531 (9.0158)	Acc@1 21.094 (35.524)	Acc@5 57.031 (60.873)	Mem 1007MB
Test: [130/391]	Time 1.393 (2.230)	Loss 9.9141 (8.9569)	Acc@1 39.062 (35.407)	Acc@5 59.375 (60.466)	Mem 1007MB
Test: [140/391]	Time 1.703 (2.180)	Loss 11.6250 (8.9265)	Acc@1 25.000 (35.450)	Acc@5 49.219 (60.461)	Mem 1007MB
Test: [150/391]	Time 2.966 (2.167)	Loss 7.3516 (8.8520)	Acc@1 38.281 (35.772)	Acc@5 71.094 (60.617)	Mem 1007MB
Test: [160/391]	Time 2.477 (2.140)	Loss 6.3008 (8.8074)	Acc@1 32.812 (35.598)	Acc@5 61.719 (60.365)	Mem 1007MB
Test: [170/391]	Time 1.225 (2.099)	Loss 9.9531 (8.8869)	Acc@1 16.406 (34.873)	Acc@5 45.312 (59.507)	Mem 1007MB
Test: [180/391]	Time 1.288 (2.071)	Loss 11.9766 (8.9398)	Acc@1 20.312 (34.224)	Acc@5 41.406 (58.887)	Mem 1007MB
Test: [190/391]	Time 1.338 (2.049)	Loss 9.6484 (8.9685)	Acc@1 25.000 (33.839)	Acc@5 56.250 (58.471)	Mem 1007MB
Test: [200/391]	Time 1.188 (2.017)	Loss 10.7344 (9.0342)	Acc@1 17.188 (33.337)	Acc@5 42.188 (57.902)	Mem 1007MB
Test: [210/391]	Time 1.215 (1.979)	Loss 9.5547 (9.0728)	Acc@1 27.344 (32.890)	Acc@5 53.125 (57.427)	Mem 1007MB
Test: [220/391]	Time 1.275 (1.946)	Loss 8.4844 (9.0934)	Acc@1 28.125 (32.671)	Acc@5 53.125 (57.031)	Mem 1007MB
Test: [230/391]	Time 1.300 (1.917)	Loss 12.7656 (9.1184)	Acc@1 11.719 (32.478)	Acc@5 40.625 (56.838)	Mem 1007MB
Test: [240/391]	Time 1.261 (1.891)	Loss 10.3750 (9.1418)	Acc@1 30.469 (32.307)	Acc@5 48.438 (56.457)	Mem 1007MB
Test: [250/391]	Time 1.187 (1.861)	Loss 10.8359 (9.1827)	Acc@1 23.438 (32.125)	Acc@5 46.094 (56.203)	Mem 1007MB
Test: [260/391]	Time 1.283 (1.838)	Loss 8.2891 (9.1969)	Acc@1 32.031 (31.831)	Acc@5 59.375 (55.951)	Mem 1007MB
Test: [270/391]	Time 1.175 (1.815)	Loss 9.7344 (9.2038)	Acc@1 24.219 (31.708)	Acc@5 49.219 (55.792)	Mem 1007MB
Test: [280/391]	Time 1.108 (1.793)	Loss 9.6328 (9.2090)	Acc@1 19.531 (31.609)	Acc@5 46.094 (55.522)	Mem 1007MB
Test: [290/391]	Time 1.026 (1.773)	Loss 10.0703 (9.2232)	Acc@1 18.750 (31.486)	Acc@5 45.312 (55.278)	Mem 1007MB
Test: [300/391]	Time 1.131 (1.752)	Loss 9.5312 (9.2554)	Acc@1 28.125 (31.286)	Acc@5 53.125 (55.040)	Mem 1007MB
Test: [310/391]	Time 1.070 (1.736)	Loss 8.6484 (9.2985)	Acc@1 29.688 (31.039)	Acc@5 53.906 (54.703)	Mem 1007MB
Test: [320/391]	Time 1.130 (1.722)	Loss 6.4180 (9.2848)	Acc@1 38.281 (31.004)	Acc@5 60.156 (54.651)	Mem 1007MB
Test: [330/391]	Time 0.982 (1.703)	Loss 10.5391 (9.3318)	Acc@1 25.000 (30.662)	Acc@5 46.094 (54.232)	Mem 1007MB
Test: [340/391]	Time 1.471 (1.689)	Loss 6.7031 (9.3039)	Acc@1 35.938 (30.625)	Acc@5 64.062 (54.204)	Mem 1007MB
Test: [350/391]	Time 1.115 (1.673)	Loss 9.6875 (9.3104)	Acc@1 32.812 (30.440)	Acc@5 53.125 (54.069)	Mem 1007MB
Test: [360/391]	Time 1.164 (1.660)	Loss 8.3438 (9.3113)	Acc@1 17.188 (30.345)	Acc@5 52.344 (53.928)	Mem 1007MB
Test: [370/391]	Time 1.463 (1.649)	Loss 5.0156 (9.2645)	Acc@1 51.562 (30.545)	Acc@5 78.906 (54.184)	Mem 1007MB
Test: [380/391]	Time 1.235 (1.637)	Loss 3.7695 (9.2244)	Acc@1 57.031 (30.758)	Acc@5 78.125 (54.378)	Mem 1007MB
Test: [390/391]	Time 1.057 (1.630)	Loss 12.5234 (9.1364)	Acc@1 15.663 (31.090)	Acc@5 38.554 (54.703)	Mem 1007MB
 * Acc@1 31.090 Acc@5 54.703
01/16 21:52:13 - mmengine - INFO - Loads checkpoint by http backend from path: https://download.openmmlab.com/mmclassification/v0/resnet/resnet50_8xb32_in1k_20210831-ea4938fc.pth
starting loop: img_size 112; len(dataset) 50003
Test: [0/391]	Time 4.087 (4.087)	Loss 1.2998 (1.2998)	Acc@1 78.906 (78.906)	Acc@5 89.844 (89.844)	Mem 1007MB
Test: [10/391]	Time 4.356 (3.597)	Loss 2.9395 (1.5780)	Acc@1 61.719 (74.787)	Acc@5 79.688 (88.565)	Mem 1007MB
Test: [20/391]	Time 2.044 (3.286)	Loss 1.9648 (2.0125)	Acc@1 67.188 (67.894)	Acc@5 83.594 (84.524)	Mem 1007MB
Test: [30/391]	Time 2.943 (3.222)	Loss 2.7793 (2.2342)	Acc@1 68.750 (63.659)	Acc@5 85.156 (83.493)	Mem 1007MB
Test: [40/391]	Time 1.917 (3.112)	Loss 1.6943 (1.9928)	Acc@1 70.312 (66.959)	Acc@5 83.594 (85.461)	Mem 1007MB
Test: [50/391]	Time 2.220 (3.128)	Loss 0.8706 (2.0413)	Acc@1 82.031 (66.314)	Acc@5 93.750 (85.294)	Mem 1007MB
Test: [60/391]	Time 2.561 (3.219)	Loss 2.1172 (1.9109)	Acc@1 68.750 (68.110)	Acc@5 90.625 (86.347)	Mem 1007MB
Test: [70/391]	Time 3.908 (3.338)	Loss 2.4551 (1.9626)	Acc@1 58.594 (67.320)	Acc@5 86.719 (86.873)	Mem 1007MB
Test: [80/391]	Time 4.278 (3.425)	Loss 2.5879 (2.0066)	Acc@1 59.375 (66.898)	Acc@5 85.938 (87.027)	Mem 1007MB
Test: [90/391]	Time 3.653 (3.509)	Loss 2.5234 (2.0135)	Acc@1 54.688 (66.999)	Acc@5 87.500 (87.311)	Mem 1007MB
Test: [100/391]	Time 2.276 (3.536)	Loss 2.4062 (2.0135)	Acc@1 61.719 (66.955)	Acc@5 88.281 (87.794)	Mem 1007MB
Test: [110/391]	Time 5.195 (3.575)	Loss 2.0488 (2.0177)	Acc@1 53.906 (66.941)	Acc@5 90.625 (88.098)	Mem 1007MB
Test: [120/391]	Time 4.071 (3.633)	Loss 2.5332 (2.0206)	Acc@1 58.594 (67.155)	Acc@5 84.375 (88.281)	Mem 1007MB
Test: [130/391]	Time 3.191 (3.694)	Loss 1.5215 (2.0119)	Acc@1 78.906 (67.319)	Acc@5 90.625 (88.257)	Mem 1007MB
Test: [140/391]	Time 4.890 (3.703)	Loss 2.4766 (2.0060)	Acc@1 53.906 (67.287)	Acc@5 85.156 (88.298)	Mem 1007MB
Test: [150/391]	Time 6.784 (3.784)	Loss 1.4609 (1.9995)	Acc@1 68.750 (67.555)	Acc@5 91.406 (88.323)	Mem 1007MB
Test: [160/391]	Time 5.260 (3.841)	Loss 1.8018 (2.0018)	Acc@1 60.938 (67.391)	Acc@5 86.719 (88.131)	Mem 1007MB
Test: [170/391]	Time 4.836 (3.904)	Loss 3.0664 (2.0511)	Acc@1 45.312 (66.580)	Acc@5 76.562 (87.509)	Mem 1007MB
Test: [180/391]	Time 5.904 (4.005)	Loss 3.4160 (2.0924)	Acc@1 47.656 (65.966)	Acc@5 78.906 (86.991)	Mem 1007MB
Test: [190/391]	Time 4.826 (4.093)	Loss 3.0508 (2.1325)	Acc@1 50.000 (65.310)	Acc@5 82.031 (86.535)	Mem 1007MB
Test: [200/391]	Time 4.065 (4.140)	Loss 2.7129 (2.1812)	Acc@1 52.344 (64.599)	Acc@5 78.125 (86.011)	Mem 1007MB
Test: [210/391]	Time 5.630 (4.209)	Loss 3.4121 (2.2122)	Acc@1 52.344 (64.077)	Acc@5 74.219 (85.634)	Mem 1007MB
Test: [220/391]	Time 6.635 (4.268)	Loss 1.5156 (2.2264)	Acc@1 70.312 (63.840)	Acc@5 87.500 (85.333)	Mem 1007MB
Test: [230/391]	Time 5.818 (4.328)	Loss 4.2734 (2.2453)	Acc@1 35.156 (63.535)	Acc@5 71.875 (85.102)	Mem 1007MB
Test: [240/391]	Time 2.850 (4.374)	Loss 2.1270 (2.2528)	Acc@1 64.844 (63.375)	Acc@5 79.688 (84.900)	Mem 1007MB
Test: [250/391]	Time 5.586 (4.408)	Loss 2.0684 (2.2829)	Acc@1 63.281 (62.870)	Acc@5 89.062 (84.633)	Mem 1007MB
Test: [260/391]	Time 6.317 (4.452)	Loss 2.5879 (2.3111)	Acc@1 55.469 (62.515)	Acc@5 82.031 (84.318)	Mem 1007MB
Test: [270/391]	Time 5.853 (4.472)	Loss 3.5391 (2.3252)	Acc@1 44.531 (62.344)	Acc@5 75.781 (84.170)	Mem 1007MB
Test: [280/391]	Time 5.145 (4.504)	Loss 2.7734 (2.3303)	Acc@1 53.125 (62.200)	Acc@5 80.469 (84.058)	Mem 1007MB
Test: [290/391]	Time 4.628 (4.538)	Loss 3.4082 (2.3462)	Acc@1 34.375 (62.009)	Acc@5 75.000 (83.795)	Mem 1007MB
Test: [300/391]	Time 4.981 (4.560)	Loss 2.6250 (2.3583)	Acc@1 64.062 (61.825)	Acc@5 78.906 (83.581)	Mem 1007MB
Test: [310/391]	Time 5.181 (4.595)	Loss 3.4531 (2.3828)	Acc@1 46.094 (61.545)	Acc@5 74.219 (83.312)	Mem 1007MB
Test: [320/391]	Time 5.119 (4.630)	Loss 1.4561 (2.3893)	Acc@1 71.094 (61.424)	Acc@5 83.594 (83.204)	Mem 1007MB
Test: [330/391]	Time 4.847 (4.633)	Loss 3.4355 (2.4189)	Acc@1 54.688 (61.072)	Acc@5 75.000 (82.876)	Mem 1007MB
Test: [340/391]	Time 5.552 (4.652)	Loss 1.7607 (2.4241)	Acc@1 64.062 (60.917)	Acc@5 92.188 (82.815)	Mem 1007MB
Test: [350/391]	Time 4.920 (4.665)	Loss 2.1660 (2.4291)	Acc@1 62.500 (60.724)	Acc@5 81.250 (82.683)	Mem 1007MB
Test: [360/391]	Time 4.752 (4.677)	Loss 2.6836 (2.4434)	Acc@1 49.219 (60.498)	Acc@5 78.125 (82.531)	Mem 1007MB
Test: [370/391]	Time 6.918 (4.700)	Loss 1.3828 (2.4277)	Acc@1 67.188 (60.643)	Acc@5 92.969 (82.638)	Mem 1007MB
Test: [380/391]	Time 5.391 (4.705)	Loss 1.6562 (2.4272)	Acc@1 65.625 (60.640)	Acc@5 90.625 (82.605)	Mem 1007MB
Test: [390/391]	Time 3.358 (4.720)	Loss 3.7305 (2.4076)	Acc@1 33.735 (60.850)	Acc@5 71.084 (82.757)	Mem 1007MB
 * Acc@1 60.850 Acc@5 82.757
01/16 22:23:00 - mmengine - INFO - Loads checkpoint by http backend from path: https://download.openmmlab.com/mmclassification/v0/resnet/resnet50_8xb32_in1k_20210831-ea4938fc.pth
starting loop: img_size 384; len(dataset) 50003
Test: [0/391]	Time 7.914 (7.914)	Loss 0.4866 (0.4866)	Acc@1 89.844 (89.844)	Acc@5 98.438 (98.438)	Mem 2572MB
Test: [10/391]	Time 10.769 (7.910)	Loss 0.8516 (0.5526)	Acc@1 78.906 (89.134)	Acc@5 96.875 (97.727)	Mem 2572MB
Test: [20/391]	Time 5.488 (7.429)	Loss 0.5806 (0.6898)	Acc@1 89.844 (84.673)	Acc@5 96.094 (96.875)	Mem 2572MB
Test: [30/391]	Time 9.216 (7.533)	Loss 1.0020 (0.7868)	Acc@1 76.562 (81.376)	Acc@5 92.188 (96.069)	Mem 2572MB
Test: [40/391]	Time 7.223 (7.371)	Loss 0.7388 (0.7300)	Acc@1 88.281 (83.251)	Acc@5 94.531 (96.284)	Mem 2572MB
Test: [50/391]	Time 5.976 (7.447)	Loss 0.4382 (0.7466)	Acc@1 92.969 (83.211)	Acc@5 98.438 (95.910)	Mem 2572MB
Test: [60/391]	Time 6.682 (7.369)	Loss 1.1162 (0.7226)	Acc@1 77.344 (84.042)	Acc@5 93.750 (96.132)	Mem 2572MB
Test: [70/391]	Time 7.268 (7.356)	Loss 1.0967 (0.7780)	Acc@1 73.438 (82.978)	Acc@5 96.875 (95.797)	Mem 2572MB
Test: [80/391]	Time 4.942 (7.339)	Loss 1.0371 (0.8162)	Acc@1 82.031 (82.215)	Acc@5 95.312 (95.804)	Mem 2572MB
Test: [90/391]	Time 5.333 (7.270)	Loss 1.2627 (0.8421)	Acc@1 70.312 (82.091)	Acc@5 95.312 (95.759)	Mem 2572MB
Test: [100/391]	Time 6.216 (7.212)	Loss 0.9229 (0.8517)	Acc@1 86.719 (82.062)	Acc@5 96.094 (95.947)	Mem 2572MB
Test: [110/391]	Time 8.540 (7.220)	Loss 1.3701 (0.8662)	Acc@1 57.812 (81.665)	Acc@5 93.750 (95.953)	Mem 2572MB
Test: [120/391]	Time 7.736 (7.213)	Loss 0.6787 (0.8576)	Acc@1 85.156 (81.857)	Acc@5 96.875 (96.029)	Mem 2572MB
Test: [130/391]	Time 6.138 (7.250)	Loss 0.4463 (0.8441)	Acc@1 93.750 (82.043)	Acc@5 99.219 (96.088)	Mem 2572MB
Test: [140/391]	Time 7.007 (7.173)	Loss 1.2451 (0.8430)	Acc@1 67.188 (81.898)	Acc@5 95.312 (96.144)	Mem 2572MB
Test: [150/391]	Time 11.264 (7.221)	Loss 0.8857 (0.8523)	Acc@1 70.312 (81.586)	Acc@5 96.875 (95.959)	Mem 2572MB
Test: [160/391]	Time 7.877 (7.249)	Loss 0.8550 (0.8543)	Acc@1 76.562 (81.439)	Acc@5 96.094 (95.875)	Mem 2572MB
Test: [170/391]	Time 7.374 (7.244)	Loss 1.7393 (0.8766)	Acc@1 59.375 (80.766)	Acc@5 86.719 (95.651)	Mem 2572MB
Test: [180/391]	Time 4.567 (7.235)	Loss 1.7998 (0.8999)	Acc@1 55.469 (80.244)	Acc@5 87.500 (95.373)	Mem 2572MB
Test: [190/391]	Time 5.269 (7.201)	Loss 1.5625 (0.9214)	Acc@1 66.406 (79.741)	Acc@5 89.062 (95.075)	Mem 2572MB
Test: [200/391]	Time 5.854 (7.209)	Loss 0.8936 (0.9413)	Acc@1 80.469 (79.326)	Acc@5 95.312 (94.761)	Mem 2572MB
Test: [210/391]	Time 6.907 (7.196)	Loss 1.0781 (0.9545)	Acc@1 73.438 (78.943)	Acc@5 93.750 (94.657)	Mem 2572MB
Test: [220/391]	Time 6.228 (7.143)	Loss 0.6226 (0.9598)	Acc@1 84.375 (78.836)	Acc@5 96.875 (94.567)	Mem 2572MB
Test: [230/391]	Time 7.887 (7.141)	Loss 1.5615 (0.9688)	Acc@1 63.281 (78.673)	Acc@5 88.281 (94.440)	Mem 2572MB
Test: [240/391]	Time 7.863 (7.110)	Loss 0.9805 (0.9733)	Acc@1 85.156 (78.689)	Acc@5 92.969 (94.324)	Mem 2572MB
Test: [250/391]	Time 6.323 (7.103)	Loss 0.7300 (0.9931)	Acc@1 83.594 (78.069)	Acc@5 96.875 (94.077)	Mem 2572MB
Test: [260/391]	Time 7.297 (7.085)	Loss 1.3809 (1.0073)	Acc@1 64.844 (77.766)	Acc@5 91.406 (93.963)	Mem 2572MB
Test: [270/391]	Time 8.357 (7.070)	Loss 1.5801 (1.0157)	Acc@1 63.281 (77.595)	Acc@5 89.844 (93.834)	Mem 2572MB
Test: [280/391]	Time 4.579 (7.057)	Loss 1.2666 (1.0200)	Acc@1 70.312 (77.538)	Acc@5 94.531 (93.820)	Mem 2572MB
Test: [290/391]	Time 7.186 (7.051)	Loss 1.4697 (1.0265)	Acc@1 53.906 (77.352)	Acc@5 93.750 (93.702)	Mem 2572MB
Test: [300/391]	Time 5.330 (6.983)	Loss 0.9282 (1.0322)	Acc@1 80.469 (77.266)	Acc@5 92.969 (93.607)	Mem 2572MB
Test: [310/391]	Time 2.518 (6.927)	Loss 1.0195 (1.0366)	Acc@1 80.469 (77.188)	Acc@5 94.531 (93.531)	Mem 2572MB
Test: [320/391]	Time 8.219 (6.944)	Loss 0.7319 (1.0435)	Acc@1 84.375 (77.020)	Acc@5 96.094 (93.443)	Mem 2572MB
Test: [330/391]	Time 6.911 (6.939)	Loss 1.5166 (1.0574)	Acc@1 60.938 (76.673)	Acc@5 85.156 (93.304)	Mem 2572MB
Test: [340/391]	Time 8.689 (6.938)	Loss 0.9268 (1.0635)	Acc@1 84.375 (76.567)	Acc@5 95.312 (93.235)	Mem 2572MB
Test: [350/391]	Time 6.135 (6.933)	Loss 1.0801 (1.0661)	Acc@1 79.688 (76.507)	Acc@5 93.750 (93.200)	Mem 2572MB
Test: [360/391]	Time 6.468 (6.899)	Loss 1.3184 (1.0707)	Acc@1 67.969 (76.368)	Acc@5 92.969 (93.153)	Mem 2572MB
Test: [370/391]	Time 7.681 (6.911)	Loss 1.0986 (1.0644)	Acc@1 69.531 (76.424)	Acc@5 94.531 (93.219)	Mem 2572MB
Test: [380/391]	Time 5.954 (6.884)	Loss 0.9380 (1.0641)	Acc@1 75.781 (76.382)	Acc@5 96.094 (93.213)	Mem 2572MB
Test: [390/391]	Time 4.971 (6.896)	Loss 1.4951 (1.0595)	Acc@1 51.807 (76.441)	Acc@5 90.361 (93.262)	Mem 2572MB
 * Acc@1 76.441 Acc@5 93.262
01/16 23:07:57 - mmengine - INFO - Loads checkpoint by http backend from path: https://download.openmmlab.com/mmclassification/v0/resnet/resnet50_8xb32_in1k_20210831-ea4938fc.pth
starting loop: img_size 512; len(dataset) 50003
Test: [0/391]	Time 9.415 (9.415)	Loss 0.7563 (0.7563)	Acc@1 89.062 (89.062)	Acc@5 97.656 (97.656)	Mem 4420MB
Test: [10/391]	Time 10.734 (10.085)	Loss 1.1494 (0.8814)	Acc@1 79.688 (87.145)	Acc@5 96.875 (97.372)	Mem 4420MB
Test: [20/391]	Time 10.559 (10.137)	Loss 0.9258 (1.0269)	Acc@1 89.844 (81.808)	Acc@5 95.312 (95.833)	Mem 4420MB
Test: [30/391]	Time 11.123 (9.999)	Loss 1.2285 (1.1059)	Acc@1 74.219 (78.730)	Acc@5 90.625 (94.934)	Mem 4420MB
Test: [40/391]	Time 9.842 (9.897)	Loss 1.1738 (1.0549)	Acc@1 85.156 (80.774)	Acc@5 92.188 (95.236)	Mem 4420MB
Test: [50/391]	Time 9.979 (9.886)	Loss 0.7632 (1.0758)	Acc@1 90.625 (80.377)	Acc@5 96.875 (94.623)	Mem 4420MB
Test: [60/391]	Time 7.145 (9.494)	Loss 1.7432 (1.0642)	Acc@1 74.219 (81.160)	Acc@5 92.969 (94.903)	Mem 4420MB
Test: [70/391]	Time 10.440 (9.506)	Loss 1.6133 (1.1413)	Acc@1 66.406 (80.029)	Acc@5 92.188 (94.476)	Mem 4420MB
Test: [80/391]	Time 5.292 (9.412)	Loss 1.6865 (1.2061)	Acc@1 78.125 (78.964)	Acc@5 94.531 (94.338)	Mem 4420MB
Test: [90/391]	Time 9.859 (9.329)	Loss 1.7803 (1.2542)	Acc@1 63.281 (78.769)	Acc@5 93.750 (94.171)	Mem 4420MB
Test: [100/391]	Time 6.701 (9.301)	Loss 1.5938 (1.2792)	Acc@1 81.250 (78.759)	Acc@5 96.094 (94.338)	Mem 4420MB
Test: [110/391]	Time 11.684 (9.313)	Loss 1.6787 (1.2998)	Acc@1 55.469 (78.266)	Acc@5 92.969 (94.334)	Mem 4420MB
Test: [120/391]	Time 6.540 (9.276)	Loss 0.9678 (1.2851)	Acc@1 85.938 (78.532)	Acc@5 96.875 (94.402)	Mem 4420MB
Test: [130/391]	Time 9.866 (9.321)	Loss 0.7822 (1.2652)	Acc@1 94.531 (78.835)	Acc@5 98.438 (94.478)	Mem 4420MB
Test: [140/391]	Time 7.340 (9.271)	Loss 1.6895 (1.2610)	Acc@1 62.500 (78.734)	Acc@5 93.750 (94.581)	Mem 4420MB
Test: [150/391]	Time 12.584 (9.286)	Loss 1.2266 (1.2688)	Acc@1 66.406 (78.342)	Acc@5 95.312 (94.366)	Mem 4420MB
Test: [160/391]	Time 10.377 (9.246)	Loss 1.1895 (1.2645)	Acc@1 74.219 (78.227)	Acc@5 93.750 (94.323)	Mem 4420MB
Test: [170/391]	Time 9.629 (9.282)	Loss 2.1934 (1.2879)	Acc@1 55.469 (77.645)	Acc@5 85.156 (94.033)	Mem 4420MB
Test: [180/391]	Time 10.227 (9.353)	Loss 2.1191 (1.3138)	Acc@1 50.781 (77.059)	Acc@5 82.031 (93.707)	Mem 4420MB
Test: [190/391]	Time 9.080 (9.372)	Loss 1.8838 (1.3339)	Acc@1 62.500 (76.513)	Acc@5 85.938 (93.423)	Mem 4420MB
Test: [200/391]	Time 8.441 (9.396)	Loss 1.4238 (1.3531)	Acc@1 75.781 (76.092)	Acc@5 91.406 (93.101)	Mem 4420MB
Test: [210/391]	Time 8.415 (9.372)	Loss 1.4238 (1.3667)	Acc@1 74.219 (75.748)	Acc@5 89.062 (92.935)	Mem 4420MB
Test: [220/391]	Time 10.450 (9.381)	Loss 0.9775 (1.3716)	Acc@1 85.156 (75.672)	Acc@5 95.312 (92.831)	Mem 4420MB
Test: [230/391]	Time 8.724 (9.370)	Loss 1.9307 (1.3807)	Acc@1 60.938 (75.511)	Acc@5 88.281 (92.708)	Mem 4420MB
Test: [240/391]	Time 6.574 (9.356)	Loss 1.4258 (1.3866)	Acc@1 82.812 (75.515)	Acc@5 90.625 (92.593)	Mem 4420MB
Test: [250/391]	Time 9.281 (9.333)	Loss 1.0732 (1.4072)	Acc@1 76.562 (74.938)	Acc@5 93.750 (92.328)	Mem 4420MB
Test: [260/391]	Time 10.428 (9.316)	Loss 1.9570 (1.4226)	Acc@1 60.156 (74.632)	Acc@5 86.719 (92.208)	Mem 4420MB
Test: [270/391]	Time 7.875 (9.295)	Loss 2.0273 (1.4323)	Acc@1 60.938 (74.446)	Acc@5 86.719 (92.064)	Mem 4420MB
Test: [280/391]	Time 8.507 (9.287)	Loss 1.7861 (1.4373)	Acc@1 66.406 (74.397)	Acc@5 92.969 (92.040)	Mem 4420MB
Test: [290/391]	Time 6.959 (9.291)	Loss 1.9092 (1.4435)	Acc@1 52.344 (74.219)	Acc@5 89.844 (91.924)	Mem 4420MB
Test: [300/391]	Time 8.444 (9.243)	Loss 1.2861 (1.4496)	Acc@1 78.906 (74.107)	Acc@5 89.062 (91.827)	Mem 4420MB
Test: [310/391]	Time 9.202 (9.247)	Loss 1.4795 (1.4549)	Acc@1 75.781 (74.003)	Acc@5 93.750 (91.750)	Mem 4420MB
Test: [320/391]	Time 9.161 (9.240)	Loss 1.1406 (1.4593)	Acc@1 84.375 (73.861)	Acc@5 93.750 (91.672)	Mem 4420MB
Test: [330/391]	Time 10.517 (9.244)	Loss 1.9922 (1.4762)	Acc@1 59.375 (73.534)	Acc@5 85.156 (91.501)	Mem 4420MB
Test: [340/391]	Time 11.623 (9.232)	Loss 1.3496 (1.4834)	Acc@1 78.906 (73.394)	Acc@5 94.531 (91.406)	Mem 4420MB
Test: [350/391]	Time 10.248 (9.242)	Loss 1.5859 (1.4874)	Acc@1 75.000 (73.340)	Acc@5 90.625 (91.351)	Mem 4420MB
Test: [360/391]	Time 10.454 (9.238)	Loss 1.5156 (1.4896)	Acc@1 69.531 (73.238)	Acc@5 92.188 (91.309)	Mem 4420MB
Test: [370/391]	Time 10.901 (9.242)	Loss 1.4043 (1.4805)	Acc@1 66.406 (73.299)	Acc@5 95.312 (91.381)	Mem 4420MB
Test: [380/391]	Time 7.961 (9.247)	Loss 1.2852 (1.4778)	Acc@1 75.000 (73.310)	Acc@5 96.094 (91.408)	Mem 4420MB
Test: [390/391]	Time 4.797 (9.261)	Loss 1.8818 (1.4714)	Acc@1 49.398 (73.388)	Acc@5 87.952 (91.469)	Mem 4420MB
 * Acc@1 73.388 Acc@5 91.469
01/17 00:08:20 - mmengine - INFO - Loads checkpoint by http backend from path: https://download.openmmlab.com/mmclassification/v0/resnet/resnet50_8xb32_in1k_20210831-ea4938fc.pth
starting loop: img_size 640; len(dataset) 50003
Test: [0/391]	Time 14.570 (14.570)	Loss 1.0400 (1.0400)	Acc@1 85.156 (85.156)	Acc@5 96.875 (96.875)	Mem 6796MB
Test: [10/391]	Time 16.153 (12.622)	Loss 1.5332 (1.2344)	Acc@1 75.000 (83.452)	Acc@5 91.406 (95.668)	Mem 6796MB
Test: [20/391]	Time 11.471 (11.905)	Loss 1.3271 (1.4050)	Acc@1 85.938 (78.460)	Acc@5 92.969 (93.415)	Mem 6796MB
Test: [30/391]	Time 12.509 (11.993)	Loss 1.4932 (1.4647)	Acc@1 67.188 (75.302)	Acc@5 90.625 (92.994)	Mem 6796MB
Test: [40/391]	Time 12.613 (12.109)	Loss 1.6094 (1.4140)	Acc@1 81.250 (77.363)	Acc@5 92.969 (93.293)	Mem 6796MB
Test: [50/391]	Time 12.780 (12.182)	Loss 1.1133 (1.4355)	Acc@1 86.719 (76.991)	Acc@5 96.094 (92.739)	Mem 6796MB
Test: [60/391]	Time 10.794 (12.046)	Loss 2.2109 (1.4289)	Acc@1 71.094 (77.715)	Acc@5 92.969 (93.020)	Mem 6796MB
Test: [70/391]	Time 12.689 (12.005)	Loss 2.0664 (1.5191)	Acc@1 64.062 (76.463)	Acc@5 91.406 (92.617)	Mem 6796MB
Test: [80/391]	Time 10.847 (11.950)	Loss 2.2441 (1.6019)	Acc@1 72.656 (75.145)	Acc@5 92.188 (92.448)	Mem 6796MB
Test: [90/391]	Time 11.261 (11.870)	Loss 2.2520 (1.6617)	Acc@1 57.812 (74.837)	Acc@5 91.406 (92.368)	Mem 6796MB
Test: [100/391]	Time 12.292 (11.797)	Loss 2.1855 (1.6966)	Acc@1 70.312 (74.706)	Acc@5 92.969 (92.505)	Mem 6796MB
Test: [110/391]	Time 11.580 (11.663)	Loss 1.9893 (1.7237)	Acc@1 53.125 (74.191)	Acc@5 92.969 (92.504)	Mem 6796MB
Test: [120/391]	Time 12.972 (11.598)	Loss 1.3564 (1.7083)	Acc@1 83.594 (74.490)	Acc@5 94.531 (92.588)	Mem 6796MB
Test: [130/391]	Time 13.143 (11.500)	Loss 1.1895 (1.6856)	Acc@1 94.531 (74.803)	Acc@5 99.219 (92.682)	Mem 6796MB
Test: [140/391]	Time 7.426 (11.365)	Loss 2.1309 (1.6815)	Acc@1 57.812 (74.773)	Acc@5 91.406 (92.753)	Mem 6796MB
Test: [150/391]	Time 8.868 (11.264)	Loss 1.5801 (1.6898)	Acc@1 62.500 (74.369)	Acc@5 92.188 (92.498)	Mem 6796MB
Test: [160/391]	Time 9.309 (11.243)	Loss 1.6309 (1.6822)	Acc@1 70.312 (74.359)	Acc@5 92.969 (92.435)	Mem 6796MB
Test: [170/391]	Time 7.607 (11.177)	Loss 2.6055 (1.7078)	Acc@1 52.344 (73.812)	Acc@5 82.812 (92.092)	Mem 6796MB
Test: [180/391]	Time 9.586 (11.201)	Loss 2.4824 (1.7344)	Acc@1 47.656 (73.252)	Acc@5 80.469 (91.652)	Mem 6796MB
Test: [190/391]	Time 9.821 (11.186)	Loss 2.2871 (1.7534)	Acc@1 57.031 (72.746)	Acc@5 82.031 (91.374)	Mem 6796MB
Test: [200/391]	Time 12.666 (11.189)	Loss 1.9922 (1.7733)	Acc@1 68.750 (72.299)	Acc@5 91.406 (91.080)	Mem 6796MB
Test: [210/391]	Time 8.651 (11.161)	Loss 1.7637 (1.7875)	Acc@1 71.094 (71.934)	Acc@5 87.500 (90.895)	Mem 6796MB
Test: [220/391]	Time 12.321 (11.160)	Loss 1.3740 (1.7934)	Acc@1 82.812 (71.811)	Acc@5 92.969 (90.724)	Mem 6796MB
Test: [230/391]	Time 6.501 (11.201)	Loss 2.3457 (1.8048)	Acc@1 62.500 (71.655)	Acc@5 83.594 (90.551)	Mem 6796MB
Test: [240/391]	Time 14.082 (11.239)	Loss 1.8682 (1.8119)	Acc@1 79.688 (71.648)	Acc@5 88.281 (90.421)	Mem 6796MB
Test: [250/391]	Time 13.227 (11.262)	Loss 1.4814 (1.8323)	Acc@1 73.438 (71.050)	Acc@5 89.844 (90.130)	Mem 6796MB
Test: [260/391]	Time 10.670 (11.278)	Loss 2.4609 (1.8476)	Acc@1 56.250 (70.764)	Acc@5 81.250 (89.981)	Mem 6796MB
Test: [270/391]	Time 10.018 (11.273)	Loss 2.4238 (1.8572)	Acc@1 57.031 (70.566)	Acc@5 84.375 (89.832)	Mem 6796MB
Test: [280/391]	Time 12.260 (11.259)	Loss 2.2910 (1.8632)	Acc@1 60.938 (70.543)	Acc@5 89.062 (89.796)	Mem 6796MB
Test: [290/391]	Time 9.978 (11.261)	Loss 2.3086 (1.8695)	Acc@1 47.656 (70.390)	Acc@5 83.594 (89.645)	Mem 6796MB
Test: [300/391]	Time 11.824 (11.239)	Loss 1.7080 (1.8764)	Acc@1 75.000 (70.305)	Acc@5 86.719 (89.545)	Mem 6796MB
Test: [310/391]	Time 8.943 (11.224)	Loss 1.9141 (1.8827)	Acc@1 74.219 (70.197)	Acc@5 89.844 (89.452)	Mem 6796MB
Test: [320/391]	Time 10.871 (11.256)	Loss 1.6152 (1.8851)	Acc@1 82.812 (70.086)	Acc@5 93.750 (89.393)	Mem 6796MB
Test: [330/391]	Time 11.009 (11.216)	Loss 2.5215 (1.9032)	Acc@1 57.812 (69.741)	Acc@5 82.031 (89.192)	Mem 6796MB
Test: [340/391]	Time 15.152 (11.223)	Loss 1.8008 (1.9114)	Acc@1 74.219 (69.598)	Acc@5 92.969 (89.095)	Mem 6796MB
Test: [350/391]	Time 10.954 (11.230)	Loss 2.0977 (1.9160)	Acc@1 69.531 (69.542)	Acc@5 86.719 (89.025)	Mem 6796MB
Test: [360/391]	Time 10.852 (11.190)	Loss 1.8262 (1.9162)	Acc@1 69.531 (69.484)	Acc@5 92.969 (89.015)	Mem 6796MB
Test: [370/391]	Time 15.410 (11.226)	Loss 1.6523 (1.9042)	Acc@1 65.625 (69.597)	Acc@5 92.969 (89.107)	Mem 6796MB
Test: [380/391]	Time 11.819 (11.229)	Loss 1.6123 (1.8997)	Acc@1 75.000 (69.626)	Acc@5 89.844 (89.134)	Mem 6796MB
Test: [390/391]	Time 8.468 (11.219)	Loss 2.3359 (1.8912)	Acc@1 48.193 (69.732)	Acc@5 81.928 (89.193)	Mem 6796MB
 * Acc@1 69.732 Acc@5 89.193
01/17 01:21:29 - mmengine - INFO - Loads checkpoint by http backend from path: https://download.openmmlab.com/mmclassification/v0/resnet/resnet50_8xb32_in1k_20210831-ea4938fc.pth
starting loop: img_size 768; len(dataset) 50003
Test: [0/521]	Time 12.852 (12.852)	Loss 1.3135 (1.3135)	Acc@1 86.458 (86.458)	Acc@5 95.833 (95.833)	Mem 7324MB
Test: [10/521]	Time 9.928 (9.684)	Loss 1.4287 (1.5789)	Acc@1 86.458 (80.019)	Acc@5 95.833 (94.697)	Mem 7324MB
Test: [20/521]	Time 11.875 (9.376)	Loss 2.0371 (1.7148)	Acc@1 67.708 (75.645)	Acc@5 88.542 (92.262)	Mem 7324MB
Test: [30/521]	Time 10.046 (9.516)	Loss 2.2598 (1.8061)	Acc@1 66.667 (73.118)	Acc@5 83.333 (91.095)	Mem 7324MB
Test: [40/521]	Time 12.499 (9.833)	Loss 1.7246 (1.8066)	Acc@1 57.292 (71.011)	Acc@5 89.583 (91.006)	Mem 7324MB
Test: [50/521]	Time 8.464 (9.873)	Loss 1.8457 (1.7716)	Acc@1 75.000 (72.835)	Acc@5 87.500 (91.095)	Mem 7324MB
Test: [60/521]	Time 9.302 (9.900)	Loss 1.5762 (1.7536)	Acc@1 80.208 (73.224)	Acc@5 92.708 (91.069)	Mem 7324MB
Test: [70/521]	Time 6.860 (9.876)	Loss 1.6016 (1.7734)	Acc@1 75.000 (73.151)	Acc@5 89.583 (90.654)	Mem 7324MB
Test: [80/521]	Time 12.478 (9.912)	Loss 2.4805 (1.7711)	Acc@1 75.000 (73.675)	Acc@5 93.750 (91.024)	Mem 7324MB
Test: [90/521]	Time 9.080 (9.876)	Loss 2.4219 (1.8498)	Acc@1 67.708 (72.791)	Acc@5 91.667 (90.728)	Mem 7324MB
Test: [100/521]	Time 10.002 (9.952)	Loss 2.7207 (1.9191)	Acc@1 55.208 (71.679)	Acc@5 89.583 (90.285)	Mem 7324MB
Test: [110/521]	Time 8.783 (10.035)	Loss 2.7012 (1.9800)	Acc@1 59.375 (70.946)	Acc@5 88.542 (90.259)	Mem 7324MB
Test: [120/521]	Time 11.275 (9.941)	Loss 2.5742 (2.0229)	Acc@1 55.208 (70.661)	Acc@5 90.625 (90.246)	Mem 7324MB
Test: [130/521]	Time 9.515 (9.973)	Loss 2.3848 (2.0617)	Acc@1 66.667 (70.277)	Acc@5 93.750 (90.307)	Mem 7324MB
Test: [140/521]	Time 13.827 (10.015)	Loss 2.2852 (2.0827)	Acc@1 66.667 (70.168)	Acc@5 92.708 (90.455)	Mem 7324MB
Test: [150/521]	Time 11.798 (10.122)	Loss 1.6699 (2.0988)	Acc@1 73.958 (69.716)	Acc@5 95.833 (90.308)	Mem 7324MB
Test: [160/521]	Time 11.077 (10.214)	Loss 1.7178 (2.0879)	Acc@1 81.250 (69.850)	Acc@5 92.708 (90.360)	Mem 7324MB
Test: [170/521]	Time 10.498 (10.224)	Loss 1.5391 (2.0690)	Acc@1 75.000 (70.108)	Acc@5 88.542 (90.412)	Mem 7324MB
Test: [180/521]	Time 10.807 (10.211)	Loss 2.2441 (2.0626)	Acc@1 63.542 (70.448)	Acc@5 89.583 (90.447)	Mem 7324MB
Test: [190/521]	Time 3.950 (10.193)	Loss 2.0957 (2.0628)	Acc@1 67.708 (70.332)	Acc@5 81.250 (90.374)	Mem 7324MB
Test: [200/521]	Time 13.715 (10.277)	Loss 1.8291 (2.0704)	Acc@1 65.625 (69.729)	Acc@5 86.458 (90.086)	Mem 7324MB
Test: [210/521]	Time 9.962 (10.286)	Loss 1.2832 (2.0608)	Acc@1 85.417 (69.742)	Acc@5 95.833 (90.033)	Mem 7324MB
Test: [220/521]	Time 10.348 (10.269)	Loss 2.3945 (2.0774)	Acc@1 69.792 (69.396)	Acc@5 83.333 (89.824)	Mem 7324MB
Test: [230/521]	Time 9.919 (10.265)	Loss 2.3105 (2.0905)	Acc@1 60.417 (69.138)	Acc@5 84.375 (89.606)	Mem 7324MB
Test: [240/521]	Time 11.038 (10.269)	Loss 2.4805 (2.1125)	Acc@1 54.167 (68.659)	Acc@5 83.333 (89.276)	Mem 7324MB
Test: [250/521]	Time 6.745 (10.242)	Loss 2.4980 (2.1304)	Acc@1 66.667 (68.372)	Acc@5 84.375 (88.965)	Mem 7324MB
Test: [260/521]	Time 12.803 (10.247)	Loss 2.3379 (2.1417)	Acc@1 63.542 (67.944)	Acc@5 81.250 (88.737)	Mem 7324MB
Test: [270/521]	Time 10.450 (10.220)	Loss 2.5781 (2.1618)	Acc@1 62.500 (67.428)	Acc@5 83.333 (88.530)	Mem 7324MB
Test: [280/521]	Time 8.474 (10.175)	Loss 1.9668 (2.1689)	Acc@1 66.667 (67.230)	Acc@5 89.583 (88.382)	Mem 7324MB
Test: [290/521]	Time 11.953 (10.171)	Loss 2.8828 (2.1783)	Acc@1 52.083 (66.989)	Acc@5 80.208 (88.162)	Mem 7324MB
Test: [300/521]	Time 9.771 (10.187)	Loss 1.3721 (2.1767)	Acc@1 78.125 (67.144)	Acc@5 92.708 (88.147)	Mem 7324MB
Test: [310/521]	Time 11.619 (10.164)	Loss 3.0547 (2.1938)	Acc@1 39.583 (66.827)	Acc@5 73.958 (87.902)	Mem 7324MB
Test: [320/521]	Time 8.576 (10.142)	Loss 2.2539 (2.1981)	Acc@1 71.875 (66.861)	Acc@5 86.458 (87.818)	Mem 7324MB
Test: [330/521]	Time 8.563 (10.131)	Loss 3.4883 (2.2154)	Acc@1 42.708 (66.509)	Acc@5 72.917 (87.560)	Mem 7324MB
Test: [340/521]	Time 10.069 (10.110)	Loss 2.7871 (2.2249)	Acc@1 53.125 (66.242)	Acc@5 83.333 (87.408)	Mem 7324MB
Test: [350/521]	Time 10.601 (10.097)	Loss 2.6680 (2.2326)	Acc@1 55.208 (66.079)	Acc@5 83.333 (87.372)	Mem 7324MB
Test: [360/521]	Time 8.310 (10.076)	Loss 2.9570 (2.2413)	Acc@1 46.875 (65.890)	Acc@5 80.208 (87.223)	Mem 7324MB
Test: [370/521]	Time 8.746 (10.046)	Loss 3.2266 (2.2493)	Acc@1 45.833 (65.847)	Acc@5 78.125 (87.141)	Mem 7324MB
Test: [380/521]	Time 9.676 (10.057)	Loss 2.8906 (2.2490)	Acc@1 56.250 (65.909)	Acc@5 80.208 (87.158)	Mem 7324MB
Test: [390/521]	Time 11.175 (10.056)	Loss 2.5391 (2.2564)	Acc@1 61.458 (65.750)	Acc@5 91.667 (87.036)	Mem 7324MB
Test: [400/521]	Time 9.754 (10.034)	Loss 2.0352 (2.2623)	Acc@1 71.875 (65.651)	Acc@5 84.375 (86.931)	Mem 7324MB
Test: [410/521]	Time 11.574 (10.059)	Loss 2.4141 (2.2686)	Acc@1 60.417 (65.521)	Acc@5 85.417 (86.806)	Mem 7324MB
Test: [420/521]	Time 13.492 (10.060)	Loss 2.6523 (2.2704)	Acc@1 61.458 (65.543)	Acc@5 79.167 (86.780)	Mem 7324MB
Test: [430/521]	Time 11.941 (10.065)	Loss 2.9492 (2.2737)	Acc@1 52.083 (65.451)	Acc@5 76.042 (86.731)	Mem 7324MB
Test: [440/521]	Time 3.892 (10.056)	Loss 3.0078 (2.2878)	Acc@1 52.083 (65.193)	Acc@5 77.083 (86.548)	Mem 7324MB
Test: [450/521]	Time 9.063 (10.047)	Loss 3.1035 (2.2947)	Acc@1 42.708 (65.105)	Acc@5 78.125 (86.486)	Mem 7324MB
Test: [460/521]	Time 11.156 (10.049)	Loss 2.8262 (2.2996)	Acc@1 48.958 (65.067)	Acc@5 71.875 (86.449)	Mem 7324MB
Test: [470/521]	Time 10.965 (10.053)	Loss 2.2969 (2.3018)	Acc@1 63.542 (64.992)	Acc@5 83.333 (86.419)	Mem 7324MB
Test: [480/521]	Time 7.761 (10.055)	Loss 2.0117 (2.3004)	Acc@1 71.875 (64.993)	Acc@5 93.750 (86.448)	Mem 7324MB
Test: [490/521]	Time 8.392 (10.058)	Loss 1.7451 (2.2902)	Acc@1 72.917 (65.116)	Acc@5 90.625 (86.537)	Mem 7324MB
Test: [500/521]	Time 9.408 (10.061)	Loss 2.5469 (2.2779)	Acc@1 55.208 (65.280)	Acc@5 78.125 (86.610)	Mem 7324MB
Test: [510/521]	Time 10.524 (10.053)	Loss 2.2754 (2.2821)	Acc@1 69.792 (65.132)	Acc@5 88.542 (86.560)	Mem 7324MB
Test: [520/521]	Time 9.881 (10.056)	Loss 2.7520 (2.2693)	Acc@1 46.988 (65.356)	Acc@5 77.108 (86.643)	Mem 7324MB
 * Acc@1 65.356 Acc@5 86.643
01/17 02:48:50 - mmengine - INFO - Loads checkpoint by http backend from path: https://download.openmmlab.com/mmclassification/v0/resnet/resnet50_8xb32_in1k_20210831-ea4938fc.pth
starting loop: img_size 1024; len(dataset) 50003
Test: [0/695]	Time 15.329 (15.329)	Loss 1.8721 (1.8721)	Acc@1 80.556 (80.556)	Acc@5 94.444 (94.444)	Mem 9700MB
Test: [10/695]	Time 10.190 (10.987)	Loss 2.2617 (2.3550)	Acc@1 70.833 (62.879)	Acc@5 94.444 (88.005)	Mem 9700MB
Test: [20/695]	Time 11.744 (11.624)	Loss 2.1270 (2.3404)	Acc@1 80.556 (64.220)	Acc@5 91.667 (88.558)	Mem 9700MB
Test: [30/695]	Time 10.346 (11.362)	Loss 2.4453 (2.4742)	Acc@1 68.056 (60.125)	Acc@5 90.278 (86.111)	Mem 9700MB
Test: [40/695]	Time 7.844 (10.750)	Loss 3.0898 (2.5804)	Acc@1 41.667 (56.978)	Acc@5 68.056 (83.130)	Mem 9700MB
Test: [50/695]	Time 12.288 (10.776)	Loss 1.6055 (2.5407)	Acc@1 54.167 (56.863)	Acc@5 95.833 (83.578)	Mem 9700MB
Test: [60/695]	Time 7.327 (10.912)	Loss 2.3652 (2.5188)	Acc@1 72.222 (57.081)	Acc@5 94.444 (83.857)	Mem 9700MB
Test: [70/695]	Time 6.253 (10.526)	Loss 1.9854 (2.4881)	Acc@1 69.444 (59.018)	Acc@5 87.500 (84.214)	Mem 9700MB
Test: [80/695]	Time 12.091 (10.570)	Loss 1.8965 (2.4631)	Acc@1 69.444 (59.482)	Acc@5 93.056 (84.071)	Mem 9700MB
Test: [90/695]	Time 10.200 (10.665)	Loss 2.0957 (2.4875)	Acc@1 75.000 (59.325)	Acc@5 91.667 (83.745)	Mem 9700MB
Test: [100/695]	Time 11.817 (10.645)	Loss 2.3516 (2.4776)	Acc@1 62.500 (59.818)	Acc@5 86.111 (84.035)	Mem 9700MB
Test: [110/695]	Time 9.341 (10.702)	Loss 3.1660 (2.4927)	Acc@1 38.889 (59.935)	Acc@5 90.278 (84.459)	Mem 9700MB
Test: [120/695]	Time 11.642 (10.754)	Loss 3.2402 (2.5553)	Acc@1 52.778 (59.355)	Acc@5 80.556 (83.999)	Mem 9700MB
Test: [130/695]	Time 9.060 (10.812)	Loss 3.3965 (2.6047)	Acc@1 43.056 (58.789)	Acc@5 76.389 (83.545)	Mem 9700MB
Test: [140/695]	Time 12.695 (10.756)	Loss 3.3926 (2.6555)	Acc@1 45.833 (57.713)	Acc@5 76.389 (83.136)	Mem 9700MB
Test: [150/695]	Time 8.754 (10.797)	Loss 2.9160 (2.6994)	Acc@1 76.389 (57.506)	Acc@5 90.278 (83.030)	Mem 9700MB
Test: [160/695]	Time 6.401 (10.812)	Loss 3.5762 (2.7327)	Acc@1 45.833 (57.203)	Acc@5 72.222 (82.859)	Mem 9700MB
Test: [170/695]	Time 8.617 (10.782)	Loss 3.3672 (2.7704)	Acc@1 59.722 (56.701)	Acc@5 86.111 (82.594)	Mem 9700MB
Test: [180/695]	Time 8.963 (10.750)	Loss 3.0098 (2.7901)	Acc@1 63.889 (56.699)	Acc@5 87.500 (82.574)	Mem 9700MB
Test: [190/695]	Time 12.515 (10.759)	Loss 3.0312 (2.8168)	Acc@1 55.556 (56.145)	Acc@5 84.722 (82.344)	Mem 9700MB
Test: [200/695]	Time 11.121 (10.735)	Loss 2.5059 (2.8266)	Acc@1 52.778 (55.956)	Acc@5 86.111 (82.166)	Mem 9700MB
Test: [210/695]	Time 11.801 (10.778)	Loss 2.5391 (2.8215)	Acc@1 54.167 (55.944)	Acc@5 90.278 (82.056)	Mem 9700MB
Test: [220/695]	Time 11.906 (10.717)	Loss 2.1191 (2.8265)	Acc@1 73.611 (55.656)	Acc@5 90.278 (81.825)	Mem 9700MB
Test: [230/695]	Time 7.529 (10.655)	Loss 2.5566 (2.8029)	Acc@1 63.889 (56.073)	Acc@5 88.889 (82.011)	Mem 9700MB
Test: [240/695]	Time 10.271 (10.628)	Loss 3.5547 (2.7986)	Acc@1 29.167 (56.351)	Acc@5 66.667 (82.152)	Mem 9700MB
Test: [250/695]	Time 10.320 (10.654)	Loss 3.4062 (2.7987)	Acc@1 31.944 (56.175)	Acc@5 68.056 (82.144)	Mem 9700MB
Test: [260/695]	Time 13.948 (10.673)	Loss 3.1738 (2.8048)	Acc@1 40.278 (55.843)	Acc@5 63.889 (81.849)	Mem 9700MB
Test: [270/695]	Time 11.618 (10.725)	Loss 2.2227 (2.7991)	Acc@1 75.000 (55.617)	Acc@5 90.278 (81.765)	Mem 9700MB
Test: [280/695]	Time 11.180 (10.749)	Loss 2.1016 (2.7910)	Acc@1 62.500 (55.719)	Acc@5 84.722 (81.712)	Mem 9700MB
Test: [290/695]	Time 11.678 (10.745)	Loss 2.6973 (2.8009)	Acc@1 61.111 (55.393)	Acc@5 87.500 (81.529)	Mem 9700MB
Test: [300/695]	Time 12.652 (10.773)	Loss 3.5332 (2.8139)	Acc@1 36.111 (55.279)	Acc@5 66.667 (81.405)	Mem 9700MB
Test: [310/695]	Time 10.383 (10.780)	Loss 3.6895 (2.8313)	Acc@1 30.556 (54.912)	Acc@5 58.333 (81.087)	Mem 9700MB
Test: [320/695]	Time 12.232 (10.798)	Loss 2.9766 (2.8473)	Acc@1 50.000 (54.651)	Acc@5 76.389 (80.711)	Mem 9700MB
Test: [330/695]	Time 9.370 (10.815)	Loss 2.6641 (2.8632)	Acc@1 70.833 (54.423)	Acc@5 83.333 (80.421)	Mem 9700MB
Test: [340/695]	Time 11.632 (10.817)	Loss 2.3105 (2.8680)	Acc@1 58.333 (54.142)	Acc@5 80.556 (80.262)	Mem 9700MB
Test: [350/695]	Time 10.858 (10.816)	Loss 4.0508 (2.8845)	Acc@1 34.722 (53.834)	Acc@5 58.333 (79.986)	Mem 9700MB
Test: [360/695]	Time 9.009 (10.817)	Loss 3.4785 (2.8973)	Acc@1 44.444 (53.451)	Acc@5 70.833 (79.732)	Mem 9700MB
Test: [370/695]	Time 11.533 (10.844)	Loss 1.7666 (2.9070)	Acc@1 69.444 (53.231)	Acc@5 90.278 (79.515)	Mem 9700MB
Test: [380/695]	Time 6.546 (10.852)	Loss 2.3613 (2.9096)	Acc@1 40.278 (53.120)	Acc@5 87.500 (79.393)	Mem 9700MB
Test: [390/695]	Time 11.898 (10.849)	Loss 3.2637 (2.9183)	Acc@1 51.389 (53.019)	Acc@5 77.778 (79.245)	Mem 9700MB
Test: [400/695]	Time 10.946 (10.873)	Loss 1.9600 (2.9209)	Acc@1 75.000 (53.117)	Acc@5 90.278 (79.226)	Mem 9700MB
Test: [410/695]	Time 10.248 (10.874)	Loss 2.5293 (2.9340)	Acc@1 61.111 (52.872)	Acc@5 80.556 (78.957)	Mem 9700MB
Test: [420/695]	Time 12.991 (10.844)	Loss 3.0801 (2.9434)	Acc@1 55.556 (52.685)	Acc@5 70.833 (78.866)	Mem 9700MB
Test: [430/695]	Time 5.994 (10.830)	Loss 4.0078 (2.9481)	Acc@1 29.167 (52.665)	Acc@5 51.389 (78.719)	Mem 9700MB
Test: [440/695]	Time 8.211 (10.794)	Loss 4.0664 (2.9550)	Acc@1 27.778 (52.510)	Acc@5 68.056 (78.634)	Mem 9700MB
Test: [450/695]	Time 10.328 (10.781)	Loss 3.3262 (2.9590)	Acc@1 44.444 (52.411)	Acc@5 68.056 (78.501)	Mem 9700MB
Test: [460/695]	Time 11.562 (10.777)	Loss 2.7598 (2.9670)	Acc@1 63.889 (52.326)	Acc@5 87.500 (78.435)	Mem 9700MB
Test: [470/695]	Time 7.799 (10.751)	Loss 3.3789 (2.9754)	Acc@1 50.000 (52.212)	Acc@5 76.389 (78.329)	Mem 9700MB
Test: [480/695]	Time 6.942 (10.700)	Loss 3.6777 (2.9755)	Acc@1 41.667 (52.232)	Acc@5 68.056 (78.306)	Mem 9700MB
Test: [490/695]	Time 7.040 (10.663)	Loss 3.7969 (2.9798)	Acc@1 43.056 (52.277)	Acc@5 73.611 (78.205)	Mem 9700MB
Test: [500/695]	Time 11.919 (10.649)	Loss 2.7246 (2.9839)	Acc@1 58.333 (52.223)	Acc@5 80.556 (78.141)	Mem 9700MB
Test: [510/695]	Time 10.810 (10.639)	Loss 3.3633 (2.9882)	Acc@1 37.500 (52.147)	Acc@5 69.444 (78.028)	Mem 9700MB
Test: [520/695]	Time 9.623 (10.634)	Loss 3.0820 (2.9895)	Acc@1 55.556 (52.149)	Acc@5 77.778 (77.994)	Mem 9700MB
Test: [530/695]	Time 9.052 (10.606)	Loss 3.0352 (2.9953)	Acc@1 48.611 (52.043)	Acc@5 75.000 (77.903)	Mem 9700MB
Test: [540/695]	Time 7.588 (10.567)	Loss 4.1445 (3.0031)	Acc@1 23.611 (51.890)	Acc@5 56.944 (77.770)	Mem 9700MB
Test: [550/695]	Time 7.455 (10.531)	Loss 3.9473 (3.0058)	Acc@1 43.056 (51.853)	Acc@5 65.278 (77.715)	Mem 9700MB
Test: [560/695]	Time 12.283 (10.503)	Loss 3.1562 (3.0049)	Acc@1 52.778 (51.941)	Acc@5 70.833 (77.694)	Mem 9700MB
Test: [570/695]	Time 10.373 (10.499)	Loss 2.2891 (3.0040)	Acc@1 81.944 (51.909)	Acc@5 90.278 (77.663)	Mem 9700MB
Test: [580/695]	Time 8.079 (10.486)	Loss 3.9082 (3.0105)	Acc@1 41.667 (51.810)	Acc@5 69.444 (77.610)	Mem 9700MB
Test: [590/695]	Time 7.640 (10.458)	Loss 3.9707 (3.0222)	Acc@1 29.167 (51.549)	Acc@5 58.333 (77.416)	Mem 9700MB
Test: [600/695]	Time 11.444 (10.421)	Loss 4.0430 (3.0257)	Acc@1 23.611 (51.541)	Acc@5 55.556 (77.357)	Mem 9700MB
Test: [610/695]	Time 11.069 (10.393)	Loss 2.9863 (3.0290)	Acc@1 50.000 (51.489)	Acc@5 73.611 (77.298)	Mem 9700MB
Test: [620/695]	Time 8.314 (10.389)	Loss 2.9219 (3.0330)	Acc@1 52.778 (51.447)	Acc@5 79.167 (77.219)	Mem 9700MB
Test: [630/695]	Time 6.727 (10.368)	Loss 3.5586 (3.0345)	Acc@1 37.500 (51.351)	Acc@5 62.500 (77.146)	Mem 9700MB
Test: [640/695]	Time 9.198 (10.354)	Loss 2.8027 (3.0316)	Acc@1 59.722 (51.447)	Acc@5 81.944 (77.156)	Mem 9700MB
Test: [650/695]	Time 6.906 (10.341)	Loss 1.2773 (3.0255)	Acc@1 84.722 (51.525)	Acc@5 93.056 (77.236)	Mem 9700MB
Test: [660/695]	Time 5.479 (10.319)	Loss 2.3516 (3.0104)	Acc@1 66.667 (51.746)	Acc@5 87.500 (77.393)	Mem 9700MB
Test: [670/695]	Time 9.639 (10.288)	Loss 3.1270 (3.0040)	Acc@1 56.944 (51.894)	Acc@5 76.389 (77.440)	Mem 9700MB
Test: [680/695]	Time 10.245 (10.261)	Loss 2.9902 (3.0059)	Acc@1 55.556 (51.813)	Acc@5 75.000 (77.396)	Mem 9700MB
Test: [690/695]	Time 10.957 (10.245)	Loss 2.1211 (2.9941)	Acc@1 77.778 (52.046)	Acc@5 95.833 (77.508)	Mem 9700MB
 * Acc@1 52.085 Acc@5 77.525
01/17 04:47:19 - mmengine - INFO - Loads checkpoint by http backend from path: https://download.openmmlab.com/mmclassification/v0/resnet/resnet50_8xb32_in1k_20210831-ea4938fc.pth
starting loop: img_size 1120; len(dataset) 50003
Test: [0/834]	Time 9.304 (9.304)	Loss 2.0547 (2.0547)	Acc@1 76.667 (76.667)	Acc@5 91.667 (91.667)	Mem 9700MB
Test: [10/834]	Time 9.704 (7.980)	Loss 2.9746 (2.7077)	Acc@1 46.667 (52.727)	Acc@5 81.667 (82.273)	Mem 9700MB
Test: [20/834]	Time 4.681 (7.156)	Loss 2.5059 (2.6997)	Acc@1 71.667 (54.762)	Acc@5 91.667 (84.048)	Mem 9700MB
Test: [30/834]	Time 4.700 (7.669)	Loss 3.0410 (2.7648)	Acc@1 45.000 (52.688)	Acc@5 75.000 (81.882)	Mem 9700MB
Test: [40/834]	Time 9.544 (7.581)	Loss 2.9004 (2.8213)	Acc@1 61.667 (51.057)	Acc@5 83.333 (80.447)	Mem 9700MB
Test: [50/834]	Time 9.638 (7.684)	Loss 3.2305 (2.8948)	Acc@1 16.667 (48.399)	Acc@5 68.333 (77.810)	Mem 9700MB
Test: [60/834]	Time 5.117 (7.691)	Loss 1.7383 (2.8306)	Acc@1 43.333 (49.044)	Acc@5 93.333 (78.880)	Mem 9700MB
Test: [70/834]	Time 9.245 (7.613)	Loss 2.7188 (2.8052)	Acc@1 60.000 (49.085)	Acc@5 71.667 (78.991)	Mem 9700MB
Test: [80/834]	Time 6.525 (7.525)	Loss 3.0840 (2.7968)	Acc@1 61.667 (50.864)	Acc@5 75.000 (79.444)	Mem 9700MB
Test: [90/834]	Time 5.652 (7.479)	Loss 2.1895 (2.7838)	Acc@1 46.667 (51.484)	Acc@5 85.000 (79.212)	Mem 9700MB
Test: [100/834]	Time 8.630 (7.443)	Loss 3.1836 (2.7612)	Acc@1 40.000 (52.013)	Acc@5 66.667 (79.241)	Mem 9700MB
Test: [110/834]	Time 6.434 (7.417)	Loss 2.5625 (2.7696)	Acc@1 66.667 (52.222)	Acc@5 90.000 (79.309)	Mem 9700MB
Test: [120/834]	Time 7.087 (7.370)	Loss 2.8008 (2.7664)	Acc@1 45.000 (52.466)	Acc@5 81.667 (79.518)	Mem 9700MB
Test: [130/834]	Time 3.962 (7.348)	Loss 3.0430 (2.7633)	Acc@1 68.333 (53.079)	Acc@5 91.667 (79.924)	Mem 9700MB
Test: [140/834]	Time 9.568 (7.404)	Loss 2.9512 (2.8158)	Acc@1 70.000 (52.695)	Acc@5 88.333 (79.669)	Mem 9700MB
Test: [150/834]	Time 8.727 (7.490)	Loss 3.5488 (2.8555)	Acc@1 38.333 (52.572)	Acc@5 76.667 (79.305)	Mem 9700MB
Test: [160/834]	Time 7.487 (7.509)	Loss 3.6426 (2.8938)	Acc@1 43.333 (51.863)	Acc@5 68.333 (79.037)	Mem 9700MB
Test: [170/834]	Time 8.586 (7.470)	Loss 3.8926 (2.9378)	Acc@1 30.000 (51.053)	Acc@5 63.333 (78.489)	Mem 9700MB
Test: [180/834]	Time 8.702 (7.460)	Loss 3.1328 (2.9738)	Acc@1 73.333 (50.976)	Acc@5 86.667 (78.287)	Mem 9700MB
Test: [190/834]	Time 8.797 (7.478)	Loss 2.7773 (2.9976)	Acc@1 65.000 (50.890)	Acc@5 78.333 (78.176)	Mem 9700MB
Test: [200/834]	Time 9.884 (7.534)	Loss 3.8223 (3.0382)	Acc@1 23.333 (50.083)	Acc@5 66.667 (77.662)	Mem 9700MB
Test: [210/834]	Time 6.819 (7.503)	Loss 2.6582 (3.0575)	Acc@1 78.333 (50.095)	Acc@5 88.333 (77.622)	Mem 9700MB
Test: [220/834]	Time 9.556 (7.519)	Loss 3.8633 (3.0788)	Acc@1 35.000 (49.985)	Acc@5 68.333 (77.496)	Mem 9700MB
Test: [230/834]	Time 9.361 (7.558)	Loss 3.9863 (3.0986)	Acc@1 33.333 (49.502)	Acc@5 56.667 (77.193)	Mem 9700MB
Test: [240/834]	Time 5.765 (7.566)	Loss 2.6016 (3.1049)	Acc@1 51.667 (49.378)	Acc@5 86.667 (77.137)	Mem 9700MB
Test: [250/834]	Time 9.264 (7.592)	Loss 2.3438 (3.1028)	Acc@1 56.667 (49.343)	Acc@5 78.333 (76.906)	Mem 9700MB
Test: [260/834]	Time 5.805 (7.563)	Loss 3.6035 (3.1042)	Acc@1 23.333 (49.100)	Acc@5 65.000 (76.826)	Mem 9700MB
Test: [270/834]	Time 6.583 (7.582)	Loss 1.7559 (3.0879)	Acc@1 85.000 (49.354)	Acc@5 98.333 (76.999)	Mem 9700MB
Test: [280/834]	Time 7.055 (7.579)	Loss 3.6660 (3.0797)	Acc@1 28.333 (49.537)	Acc@5 66.667 (77.052)	Mem 9700MB
Test: [290/834]	Time 5.078 (7.576)	Loss 3.9805 (3.0838)	Acc@1 23.333 (49.490)	Acc@5 53.333 (77.005)	Mem 9700MB
Test: [300/834]	Time 5.447 (7.631)	Loss 3.8262 (3.0790)	Acc@1 18.333 (49.590)	Acc@5 58.333 (77.087)	Mem 9700MB
Test: [310/834]	Time 4.503 (7.639)	Loss 3.5742 (3.0799)	Acc@1 18.333 (49.502)	Acc@5 68.333 (76.945)	Mem 9700MB
Test: [320/834]	Time 7.851 (7.660)	Loss 2.2344 (3.0779)	Acc@1 71.667 (49.169)	Acc@5 80.000 (76.724)	Mem 9700MB
Test: [330/834]	Time 6.585 (7.666)	Loss 2.3457 (3.0665)	Acc@1 71.667 (49.275)	Acc@5 83.333 (76.803)	Mem 9700MB
Test: [340/834]	Time 5.712 (7.659)	Loss 4.1055 (3.0639)	Acc@1 26.667 (49.286)	Acc@5 56.667 (76.794)	Mem 9700MB
Test: [350/834]	Time 5.773 (7.662)	Loss 4.0859 (3.0795)	Acc@1 36.667 (48.984)	Acc@5 68.333 (76.538)	Mem 9700MB
Test: [360/834]	Time 8.382 (7.695)	Loss 3.6973 (3.0896)	Acc@1 35.000 (48.915)	Acc@5 60.000 (76.362)	Mem 9700MB
Test: [370/834]	Time 6.878 (7.702)	Loss 3.7012 (3.1030)	Acc@1 50.000 (48.814)	Acc@5 76.667 (76.155)	Mem 9700MB
Test: [380/834]	Time 5.640 (7.697)	Loss 4.2891 (3.1175)	Acc@1 23.333 (48.535)	Acc@5 41.667 (75.814)	Mem 9700MB
Test: [390/834]	Time 7.554 (7.685)	Loss 3.9121 (3.1325)	Acc@1 43.333 (48.312)	Acc@5 63.333 (75.443)	Mem 9700MB
Test: [400/834]	Time 7.111 (7.666)	Loss 3.4863 (3.1441)	Acc@1 58.333 (48.113)	Acc@5 71.667 (75.237)	Mem 9700MB
Test: [410/834]	Time 4.722 (7.623)	Loss 4.0469 (3.1458)	Acc@1 35.000 (47.920)	Acc@5 58.333 (75.158)	Mem 9700MB
Test: [420/834]	Time 5.331 (7.591)	Loss 4.1680 (3.1586)	Acc@1 35.000 (47.652)	Acc@5 51.667 (74.861)	Mem 9700MB
Test: [430/834]	Time 6.393 (7.554)	Loss 4.0898 (3.1697)	Acc@1 26.667 (47.324)	Acc@5 51.667 (74.551)	Mem 9700MB
Test: [440/834]	Time 5.920 (7.524)	Loss 3.3770 (3.1817)	Acc@1 60.000 (47.018)	Acc@5 73.333 (74.312)	Mem 9700MB
Test: [450/834]	Time 4.752 (7.494)	Loss 2.2949 (3.1785)	Acc@1 63.333 (47.103)	Acc@5 86.667 (74.283)	Mem 9700MB
Test: [460/834]	Time 4.496 (7.461)	Loss 3.9395 (3.1894)	Acc@1 45.000 (46.797)	Acc@5 68.333 (74.035)	Mem 9700MB
Test: [470/834]	Time 6.023 (7.429)	Loss 3.5039 (3.1953)	Acc@1 40.000 (46.776)	Acc@5 60.000 (73.967)	Mem 9700MB
Test: [480/834]	Time 4.026 (7.397)	Loss 2.1660 (3.1984)	Acc@1 76.667 (46.878)	Acc@5 83.333 (73.940)	Mem 9700MB
Test: [490/834]	Time 5.376 (7.370)	Loss 3.1270 (3.2101)	Acc@1 58.333 (46.653)	Acc@5 75.000 (73.710)	Mem 9700MB
Test: [500/834]	Time 8.389 (7.341)	Loss 3.9688 (3.2164)	Acc@1 30.000 (46.470)	Acc@5 56.667 (73.583)	Mem 9700MB
Test: [510/834]	Time 7.692 (7.317)	Loss 3.3027 (3.2173)	Acc@1 61.667 (46.559)	Acc@5 76.667 (73.568)	Mem 9700MB
Test: [520/834]	Time 4.824 (7.296)	Loss 3.6328 (3.2282)	Acc@1 31.667 (46.296)	Acc@5 61.667 (73.314)	Mem 9700MB
Test: [530/834]	Time 7.573 (7.280)	Loss 3.4824 (3.2303)	Acc@1 31.667 (46.230)	Acc@5 58.333 (73.318)	Mem 9700MB
Test: [540/834]	Time 4.759 (7.253)	Loss 3.6289 (3.2325)	Acc@1 35.000 (46.205)	Acc@5 63.333 (73.238)	Mem 9700MB
Test: [550/834]	Time 7.441 (7.239)	Loss 3.4766 (3.2411)	Acc@1 58.333 (46.083)	Acc@5 80.000 (73.134)	Mem 9700MB
Test: [560/834]	Time 7.292 (7.223)	Loss 2.9570 (3.2445)	Acc@1 66.667 (46.117)	Acc@5 85.000 (73.105)	Mem 9700MB
Test: [570/834]	Time 4.120 (7.211)	Loss 2.5469 (3.2478)	Acc@1 75.000 (46.109)	Acc@5 91.667 (73.103)	Mem 9700MB
Test: [580/834]	Time 6.396 (7.196)	Loss 3.9121 (3.2493)	Acc@1 36.667 (46.090)	Acc@5 56.667 (73.018)	Mem 9700MB
Test: [590/834]	Time 6.735 (7.171)	Loss 3.3809 (3.2528)	Acc@1 53.333 (46.091)	Acc@5 76.667 (72.984)	Mem 9700MB
Test: [600/834]	Time 5.169 (7.155)	Loss 2.9160 (3.2556)	Acc@1 58.333 (46.009)	Acc@5 78.333 (72.917)	Mem 9700MB
Test: [610/834]	Time 7.724 (7.140)	Loss 3.9395 (3.2578)	Acc@1 33.333 (46.015)	Acc@5 61.667 (72.845)	Mem 9700MB
Test: [620/834]	Time 7.848 (7.127)	Loss 3.6562 (3.2593)	Acc@1 36.667 (45.996)	Acc@5 68.333 (72.815)	Mem 9700MB
Test: [630/834]	Time 5.717 (7.116)	Loss 3.5605 (3.2615)	Acc@1 48.333 (45.943)	Acc@5 70.000 (72.789)	Mem 9700MB
Test: [640/834]	Time 5.070 (7.089)	Loss 3.2695 (3.2680)	Acc@1 45.000 (45.827)	Acc@5 71.667 (72.657)	Mem 9700MB
Test: [650/834]	Time 8.274 (7.086)	Loss 2.9141 (3.2728)	Acc@1 28.333 (45.714)	Acc@5 83.333 (72.570)	Mem 9700MB
Test: [660/834]	Time 6.397 (7.073)	Loss 4.1367 (3.2761)	Acc@1 33.333 (45.678)	Acc@5 56.667 (72.494)	Mem 9700MB
Test: [670/834]	Time 7.510 (7.065)	Loss 3.5254 (3.2748)	Acc@1 40.000 (45.775)	Acc@5 78.333 (72.501)	Mem 9700MB
Test: [680/834]	Time 4.675 (7.043)	Loss 3.3027 (3.2723)	Acc@1 51.667 (45.764)	Acc@5 73.333 (72.501)	Mem 9700MB
Test: [690/834]	Time 6.599 (7.027)	Loss 3.9863 (3.2771)	Acc@1 28.333 (45.699)	Acc@5 51.667 (72.426)	Mem 9700MB
Test: [700/834]	Time 6.258 (7.007)	Loss 3.6465 (3.2845)	Acc@1 35.000 (45.537)	Acc@5 63.333 (72.332)	Mem 9700MB
Test: [710/834]	Time 5.407 (6.996)	Loss 3.0645 (3.2919)	Acc@1 45.000 (45.384)	Acc@5 76.667 (72.229)	Mem 9700MB
Test: [720/834]	Time 5.360 (6.976)	Loss 4.4961 (3.2945)	Acc@1 11.667 (45.395)	Acc@5 51.667 (72.191)	Mem 9700MB
Test: [730/834]	Time 4.849 (6.963)	Loss 4.7656 (3.2987)	Acc@1 13.333 (45.317)	Acc@5 43.333 (72.132)	Mem 9700MB
Test: [740/834]	Time 4.092 (6.952)	Loss 3.8281 (3.3021)	Acc@1 40.000 (45.281)	Acc@5 61.667 (72.024)	Mem 9700MB
Test: [750/834]	Time 5.295 (6.945)	Loss 2.7266 (3.3044)	Acc@1 68.333 (45.202)	Acc@5 83.333 (71.971)	Mem 9700MB
Test: [760/834]	Time 6.893 (6.942)	Loss 2.4844 (3.3037)	Acc@1 78.333 (45.215)	Acc@5 95.000 (71.916)	Mem 9700MB
Test: [770/834]	Time 4.025 (6.933)	Loss 3.0410 (3.3002)	Acc@1 43.333 (45.331)	Acc@5 66.667 (71.958)	Mem 9700MB
Test: [780/834]	Time 4.125 (6.920)	Loss 1.4678 (3.2948)	Acc@1 80.000 (45.431)	Acc@5 93.333 (72.042)	Mem 9700MB
Test: [790/834]	Time 9.157 (6.912)	Loss 2.0391 (3.2804)	Acc@1 68.333 (45.660)	Acc@5 86.667 (72.217)	Mem 9700MB
Test: [800/834]	Time 8.938 (6.910)	Loss 3.0234 (3.2714)	Acc@1 56.667 (45.851)	Acc@5 83.333 (72.324)	Mem 9700MB
Test: [810/834]	Time 5.370 (6.895)	Loss 3.8457 (3.2744)	Acc@1 20.000 (45.752)	Acc@5 58.333 (72.254)	Mem 9700MB
Test: [820/834]	Time 4.518 (6.883)	Loss 1.7764 (3.2730)	Acc@1 83.333 (45.763)	Acc@5 93.333 (72.225)	Mem 9700MB
Test: [830/834]	Time 5.890 (6.886)	Loss 1.5596 (3.2571)	Acc@1 83.333 (46.109)	Acc@5 90.000 (72.439)	Mem 9700MB
 * Acc@1 46.079 Acc@5 72.412
