[W socket.cpp:426] [c10d] The server socket has failed to bind to [::]:61234 (errno: 98 - Address already in use).
[W socket.cpp:426] [c10d] The server socket has failed to bind to ?UNKNOWN? (errno: 98 - Address already in use).
[E socket.cpp:462] [c10d] The server socket has failed to listen on any local network address.
The server socket has failed to listen on any local network address. The server socket has failed to bind to [::]:61234 (errno: 98 - Address already in use). The server socket has failed to bind to ?UNKNOWN? (errno: 98 - Address already in use).
[W socket.cpp:426] [c10d] The server socket has failed to bind to [::]:61233 (errno: 98 - Address already in use).
[W socket.cpp:426] [c10d] The server socket has failed to bind to ?UNKNOWN? (errno: 98 - Address already in use).
[E socket.cpp:462] [c10d] The server socket has failed to listen on any local network address.
The server socket has failed to listen on any local network address. The server socket has failed to bind to [::]:61233 (errno: 98 - Address already in use). The server socket has failed to bind to ?UNKNOWN? (errno: 98 - Address already in use).
[W socket.cpp:426] [c10d] The server socket has failed to bind to [::]:61232 (errno: 98 - Address already in use).
[W socket.cpp:426] [c10d] The server socket has failed to bind to ?UNKNOWN? (errno: 98 - Address already in use).
[E socket.cpp:462] [c10d] The server socket has failed to listen on any local network address.
The server socket has failed to listen on any local network address. The server socket has failed to bind to [::]:61232 (errno: 98 - Address already in use). The server socket has failed to bind to ?UNKNOWN? (errno: 98 - Address already in use).
[W socket.cpp:426] [c10d] The server socket has failed to bind to [::]:61231 (errno: 98 - Address already in use).
[W socket.cpp:426] [c10d] The server socket has failed to bind to ?UNKNOWN? (errno: 98 - Address already in use).
[E socket.cpp:462] [c10d] The server socket has failed to listen on any local network address.
The server socket has failed to listen on any local network address. The server socket has failed to bind to [::]:61231 (errno: 98 - Address already in use). The server socket has failed to bind to ?UNKNOWN? (errno: 98 - Address already in use).
[W socket.cpp:426] [c10d] The server socket has failed to bind to [::]:61230 (errno: 98 - Address already in use).
[W socket.cpp:426] [c10d] The server socket has failed to bind to ?UNKNOWN? (errno: 98 - Address already in use).
[E socket.cpp:462] [c10d] The server socket has failed to listen on any local network address.
The server socket has failed to listen on any local network address. The server socket has failed to bind to [::]:61230 (errno: 98 - Address already in use). The server socket has failed to bind to ?UNKNOWN? (errno: 98 - Address already in use).
using init_swin ======================== 
01/17 10:11:06 - mmengine - INFO - Because batch augmentations are enabled, the data preprocessor automatically enables the `to_onehot` option to generate one-hot format labels.
01/17 10:11:08 - mmengine - INFO - Loads checkpoint by http backend from path: https://download.openmmlab.com/mmclassification/v0/swin-transformer/swin_base_224_b16x64_300e_imagenet_20210616_190742-93230b0d.pth
starting loop: img_size 224; len(dataset) 50003
Test: [0/391]	Time 10.403 (10.403)	Loss 0.2820 (0.2820)	Acc@1 96.875 (96.875)	Acc@5 98.438 (98.438)	Mem 2767MB
Test: [10/391]	Time 9.102 (7.055)	Loss 0.9858 (0.3844)	Acc@1 76.562 (92.827)	Acc@5 98.438 (98.580)	Mem 2767MB
Test: [20/391]	Time 6.548 (6.769)	Loss 0.4150 (0.5096)	Acc@1 91.406 (88.802)	Acc@5 99.219 (98.177)	Mem 2767MB
Test: [30/391]	Time 8.218 (6.812)	Loss 1.0713 (0.6217)	Acc@1 79.688 (85.610)	Acc@5 92.969 (97.581)	Mem 2767MB
Test: [40/391]	Time 6.337 (6.673)	Loss 0.4722 (0.5527)	Acc@1 93.750 (87.652)	Acc@5 96.875 (97.866)	Mem 2767MB
Test: [50/391]	Time 6.886 (6.694)	Loss 0.2507 (0.5537)	Acc@1 96.875 (88.021)	Acc@5 100.000 (97.840)	Mem 2767MB
Test: [60/391]	Time 6.201 (6.638)	Loss 0.6704 (0.5178)	Acc@1 86.719 (88.960)	Acc@5 95.312 (97.964)	Mem 2767MB
Test: [70/391]	Time 5.653 (6.552)	Loss 0.6230 (0.5422)	Acc@1 80.469 (88.204)	Acc@5 99.219 (97.865)	Mem 2767MB
Test: [80/391]	Time 5.750 (6.486)	Loss 0.6167 (0.5551)	Acc@1 86.719 (87.789)	Acc@5 94.531 (97.762)	Mem 2767MB
Test: [90/391]	Time 7.046 (6.425)	Loss 0.7646 (0.5564)	Acc@1 74.219 (87.835)	Acc@5 96.094 (97.691)	Mem 2767MB
Test: [100/391]	Time 5.361 (6.372)	Loss 0.4082 (0.5563)	Acc@1 94.531 (87.701)	Acc@5 96.875 (97.749)	Mem 2767MB
Test: [110/391]	Time 6.768 (6.362)	Loss 1.0498 (0.5663)	Acc@1 62.500 (87.345)	Acc@5 97.656 (97.741)	Mem 2767MB
Test: [120/391]	Time 6.113 (6.338)	Loss 0.4331 (0.5660)	Acc@1 93.750 (87.558)	Acc@5 97.656 (97.766)	Mem 2767MB
Test: [130/391]	Time 5.809 (6.323)	Loss 0.2217 (0.5598)	Acc@1 98.438 (87.745)	Acc@5 99.219 (97.764)	Mem 2767MB
Test: [140/391]	Time 5.974 (6.270)	Loss 0.9937 (0.5595)	Acc@1 75.000 (87.666)	Acc@5 98.438 (97.845)	Mem 2767MB
Test: [150/391]	Time 9.606 (6.320)	Loss 0.6562 (0.5683)	Acc@1 79.688 (87.484)	Acc@5 99.219 (97.796)	Mem 2767MB
Test: [160/391]	Time 7.571 (6.307)	Loss 0.6597 (0.5719)	Acc@1 82.812 (87.447)	Acc@5 96.875 (97.753)	Mem 2767MB
Test: [170/391]	Time 6.655 (6.282)	Loss 1.4150 (0.5904)	Acc@1 67.188 (86.883)	Acc@5 89.844 (97.633)	Mem 2767MB
Test: [180/391]	Time 6.229 (6.297)	Loss 1.6357 (0.6067)	Acc@1 61.719 (86.490)	Acc@5 92.969 (97.492)	Mem 2767MB
Test: [190/391]	Time 6.508 (6.316)	Loss 1.2373 (0.6258)	Acc@1 70.312 (85.950)	Acc@5 94.531 (97.354)	Mem 2767MB
Test: [200/391]	Time 5.708 (6.296)	Loss 0.4944 (0.6400)	Acc@1 89.844 (85.677)	Acc@5 96.875 (97.213)	Mem 2767MB
Test: [210/391]	Time 6.574 (6.311)	Loss 0.7954 (0.6527)	Acc@1 79.688 (85.315)	Acc@5 97.656 (97.130)	Mem 2767MB
Test: [220/391]	Time 7.123 (6.324)	Loss 0.3530 (0.6550)	Acc@1 93.750 (85.287)	Acc@5 97.656 (97.073)	Mem 2767MB
Test: [230/391]	Time 5.862 (6.321)	Loss 1.1113 (0.6594)	Acc@1 77.344 (85.248)	Acc@5 92.969 (97.020)	Mem 2767MB
Test: [240/391]	Time 6.862 (6.318)	Loss 0.8242 (0.6593)	Acc@1 87.500 (85.325)	Acc@5 93.750 (96.959)	Mem 2767MB
Test: [250/391]	Time 6.448 (6.308)	Loss 0.4246 (0.6724)	Acc@1 91.406 (84.854)	Acc@5 99.219 (96.869)	Mem 2767MB
Test: [260/391]	Time 7.193 (6.312)	Loss 0.7041 (0.6827)	Acc@1 78.906 (84.564)	Acc@5 96.875 (96.791)	Mem 2767MB
Test: [270/391]	Time 6.931 (6.298)	Loss 1.3447 (0.6898)	Acc@1 69.531 (84.389)	Acc@5 91.406 (96.728)	Mem 2767MB
Test: [280/391]	Time 6.308 (6.306)	Loss 0.8315 (0.6910)	Acc@1 78.125 (84.372)	Acc@5 97.656 (96.719)	Mem 2767MB
Test: [290/391]	Time 5.438 (6.309)	Loss 1.1992 (0.6952)	Acc@1 53.906 (84.241)	Acc@5 95.312 (96.671)	Mem 2767MB
Test: [300/391]	Time 6.038 (6.295)	Loss 0.5640 (0.7004)	Acc@1 88.281 (84.162)	Acc@5 96.875 (96.615)	Mem 2767MB
Test: [310/391]	Time 5.730 (6.298)	Loss 0.6934 (0.7031)	Acc@1 86.719 (84.131)	Acc@5 96.094 (96.566)	Mem 2767MB
Test: [320/391]	Time 5.910 (6.295)	Loss 0.4536 (0.7088)	Acc@1 90.625 (83.995)	Acc@5 97.656 (96.522)	Mem 2767MB
Test: [330/391]	Time 5.648 (6.274)	Loss 1.1035 (0.7177)	Acc@1 67.188 (83.735)	Acc@5 93.750 (96.453)	Mem 2767MB
Test: [340/391]	Time 6.771 (6.271)	Loss 0.5757 (0.7202)	Acc@1 84.375 (83.646)	Acc@5 98.438 (96.447)	Mem 2767MB
Test: [350/391]	Time 5.630 (6.254)	Loss 0.6084 (0.7212)	Acc@1 83.594 (83.587)	Acc@5 97.656 (96.443)	Mem 2767MB
Test: [360/391]	Time 3.682 (6.197)	Loss 1.1826 (0.7291)	Acc@1 71.094 (83.382)	Acc@5 95.312 (96.399)	Mem 2767MB
Test: [370/391]	Time 4.655 (6.130)	Loss 0.9155 (0.7261)	Acc@1 67.969 (83.413)	Acc@5 97.656 (96.435)	Mem 2767MB
Test: [380/391]	Time 4.023 (6.069)	Loss 0.7563 (0.7293)	Acc@1 82.812 (83.356)	Acc@5 99.219 (96.412)	Mem 2767MB
Test: [390/391]	Time 1.602 (6.005)	Loss 1.4355 (0.7279)	Acc@1 61.446 (83.355)	Acc@5 92.771 (96.428)	Mem 2767MB
 * Acc@1 83.355 Acc@5 96.428
01/17 10:50:17 - mmengine - INFO - Because batch augmentations are enabled, the data preprocessor automatically enables the `to_onehot` option to generate one-hot format labels.
01/17 10:50:18 - mmengine - INFO - Loads checkpoint by http backend from path: https://download.openmmlab.com/mmclassification/v0/swin-transformer/swin_base_224_b16x64_300e_imagenet_20210616_190742-93230b0d.pth
starting loop: img_size 64; len(dataset) 50003
The input shape (4, 4) is smaller than the window size (7). Please set `pad_small_map=True`, or decrease the `window_size`.
01/17 10:50:20 - mmengine - INFO - Because batch augmentations are enabled, the data preprocessor automatically enables the `to_onehot` option to generate one-hot format labels.
01/17 10:50:21 - mmengine - INFO - Loads checkpoint by http backend from path: https://download.openmmlab.com/mmclassification/v0/swin-transformer/swin_base_224_b16x64_300e_imagenet_20210616_190742-93230b0d.pth
starting loop: img_size 112; len(dataset) 50003
The input shape (4, 4) is smaller than the window size (7). Please set `pad_small_map=True`, or decrease the `window_size`.
01/17 10:50:25 - mmengine - INFO - Because batch augmentations are enabled, the data preprocessor automatically enables the `to_onehot` option to generate one-hot format labels.
01/17 10:50:25 - mmengine - INFO - Loads checkpoint by http backend from path: https://download.openmmlab.com/mmclassification/v0/swin-transformer/swin_base_224_b16x64_300e_imagenet_20210616_190742-93230b0d.pth
starting loop: img_size 384; len(dataset) 50003
Test: [0/391]	Time 3.183 (3.183)	Loss 0.3801 (0.3801)	Acc@1 96.094 (96.094)	Acc@5 99.219 (99.219)	Mem 7998MB
Test: [10/391]	Time 3.937 (3.625)	Loss 0.9473 (0.5282)	Acc@1 77.344 (92.614)	Acc@5 98.438 (98.793)	Mem 7999MB
Test: [20/391]	Time 3.483 (3.613)	Loss 0.5479 (0.6485)	Acc@1 92.188 (88.765)	Acc@5 97.656 (98.140)	Mem 7999MB
Test: [30/391]	Time 4.803 (3.633)	Loss 1.2148 (0.7474)	Acc@1 71.094 (85.509)	Acc@5 91.406 (97.505)	Mem 7999MB
Test: [40/391]	Time 3.537 (3.707)	Loss 0.6128 (0.6899)	Acc@1 92.969 (87.576)	Acc@5 98.438 (97.904)	Mem 7999MB
Test: [50/391]	Time 3.041 (3.600)	Loss 0.4050 (0.6894)	Acc@1 97.656 (87.990)	Acc@5 100.000 (97.871)	Mem 7999MB
Test: [60/391]	Time 3.220 (3.523)	Loss 0.8521 (0.6606)	Acc@1 84.375 (88.794)	Acc@5 96.875 (98.079)	Mem 7999MB
Test: [70/391]	Time 2.900 (3.479)	Loss 0.8452 (0.6939)	Acc@1 80.469 (87.874)	Acc@5 98.438 (97.931)	Mem 7999MB
Test: [80/391]	Time 2.660 (3.454)	Loss 0.7666 (0.7101)	Acc@1 85.938 (87.442)	Acc@5 97.656 (97.849)	Mem 7999MB
Test: [90/391]	Time 3.551 (3.454)	Loss 0.9575 (0.7182)	Acc@1 74.219 (87.440)	Acc@5 97.656 (97.794)	Mem 7999MB
Test: [100/391]	Time 3.036 (3.401)	Loss 0.6411 (0.7199)	Acc@1 91.406 (87.307)	Acc@5 96.875 (97.850)	Mem 7999MB
Test: [110/391]	Time 3.625 (3.375)	Loss 1.1709 (0.7286)	Acc@1 60.938 (86.965)	Acc@5 98.438 (97.846)	Mem 7999MB
Test: [120/391]	Time 3.135 (3.361)	Loss 0.6255 (0.7264)	Acc@1 92.188 (87.132)	Acc@5 98.438 (97.889)	Mem 7999MB
Test: [130/391]	Time 2.754 (3.345)	Loss 0.3264 (0.7209)	Acc@1 97.656 (87.309)	Acc@5 100.000 (97.877)	Mem 7999MB
Test: [140/391]	Time 4.145 (3.334)	Loss 1.1514 (0.7205)	Acc@1 72.656 (87.140)	Acc@5 98.438 (97.933)	Mem 7999MB
Test: [150/391]	Time 4.852 (3.368)	Loss 0.7422 (0.7274)	Acc@1 79.688 (86.921)	Acc@5 100.000 (97.848)	Mem 7999MB
Test: [160/391]	Time 5.973 (3.435)	Loss 0.7490 (0.7311)	Acc@1 85.938 (86.864)	Acc@5 97.656 (97.773)	Mem 7999MB
Test: [170/391]	Time 6.561 (3.576)	Loss 1.5957 (0.7512)	Acc@1 64.844 (86.225)	Acc@5 90.625 (97.606)	Mem 7999MB
Test: [180/391]	Time 5.884 (3.721)	Loss 1.6719 (0.7688)	Acc@1 60.156 (85.825)	Acc@5 90.625 (97.432)	Mem 7999MB
Test: [190/391]	Time 6.702 (3.894)	Loss 1.4355 (0.7873)	Acc@1 67.969 (85.304)	Acc@5 93.750 (97.223)	Mem 7999MB
Test: [200/391]	Time 6.808 (4.062)	Loss 0.7988 (0.8034)	Acc@1 85.938 (84.923)	Acc@5 96.875 (96.999)	Mem 7999MB
Test: [210/391]	Time 7.829 (4.249)	Loss 0.7842 (0.8152)	Acc@1 81.250 (84.590)	Acc@5 98.438 (96.916)	Mem 7999MB
Test: [220/391]	Time 7.696 (4.384)	Loss 0.5464 (0.8188)	Acc@1 89.062 (84.545)	Acc@5 97.656 (96.847)	Mem 7999MB
Test: [230/391]	Time 8.684 (4.550)	Loss 1.3232 (0.8239)	Acc@1 75.781 (84.487)	Acc@5 92.969 (96.794)	Mem 7999MB
Test: [240/391]	Time 7.258 (4.650)	Loss 0.8701 (0.8247)	Acc@1 87.500 (84.534)	Acc@5 94.531 (96.739)	Mem 7999MB
Test: [250/391]	Time 8.825 (4.750)	Loss 0.6533 (0.8387)	Acc@1 86.719 (84.073)	Acc@5 99.219 (96.629)	Mem 7999MB
Test: [260/391]	Time 7.720 (4.865)	Loss 0.9487 (0.8493)	Acc@1 78.125 (83.785)	Acc@5 97.656 (96.537)	Mem 7999MB
Test: [270/391]	Time 5.143 (4.961)	Loss 1.4082 (0.8574)	Acc@1 64.844 (83.588)	Acc@5 91.406 (96.448)	Mem 7999MB
Test: [280/391]	Time 7.207 (5.075)	Loss 1.0625 (0.8595)	Acc@1 75.781 (83.563)	Acc@5 96.094 (96.444)	Mem 7999MB
Test: [290/391]	Time 7.194 (5.142)	Loss 1.2832 (0.8653)	Acc@1 50.781 (83.376)	Acc@5 94.531 (96.397)	Mem 7999MB
Test: [300/391]	Time 8.376 (5.207)	Loss 0.7769 (0.8697)	Acc@1 86.719 (83.321)	Acc@5 95.312 (96.314)	Mem 7999MB
Test: [310/391]	Time 7.110 (5.291)	Loss 0.9365 (0.8741)	Acc@1 85.156 (83.217)	Acc@5 95.312 (96.267)	Mem 7999MB
Test: [320/391]	Time 7.675 (5.361)	Loss 0.6372 (0.8799)	Acc@1 86.719 (83.083)	Acc@5 98.438 (96.198)	Mem 7999MB
Test: [330/391]	Time 7.663 (5.418)	Loss 1.3281 (0.8900)	Acc@1 69.531 (82.848)	Acc@5 94.531 (96.108)	Mem 7999MB
Test: [340/391]	Time 5.563 (5.474)	Loss 0.8535 (0.8926)	Acc@1 85.156 (82.769)	Acc@5 98.438 (96.098)	Mem 7999MB
Test: [350/391]	Time 8.061 (5.534)	Loss 0.8613 (0.8934)	Acc@1 82.812 (82.746)	Acc@5 97.656 (96.078)	Mem 7999MB
Test: [360/391]	Time 6.869 (5.600)	Loss 1.0537 (0.8994)	Acc@1 75.000 (82.572)	Acc@5 94.531 (96.024)	Mem 7999MB
Test: [370/391]	Time 9.902 (5.672)	Loss 1.0225 (0.8950)	Acc@1 70.312 (82.608)	Acc@5 96.875 (96.075)	Mem 7999MB
Test: [380/391]	Time 8.060 (5.728)	Loss 0.7705 (0.8954)	Acc@1 81.250 (82.593)	Acc@5 98.438 (96.065)	Mem 7999MB
Test: [390/391]	Time 5.591 (5.791)	Loss 1.6816 (0.8930)	Acc@1 56.627 (82.627)	Acc@5 92.771 (96.090)	Mem 7999MB
 * Acc@1 82.627 Acc@5 96.090
01/17 11:28:10 - mmengine - INFO - Because batch augmentations are enabled, the data preprocessor automatically enables the `to_onehot` option to generate one-hot format labels.
01/17 11:28:12 - mmengine - INFO - Loads checkpoint by http backend from path: https://download.openmmlab.com/mmclassification/v0/swin-transformer/swin_base_224_b16x64_300e_imagenet_20210616_190742-93230b0d.pth
starting loop: img_size 512; len(dataset) 50003
Test: [0/391]	Time 12.387 (12.387)	Loss 0.5469 (0.5469)	Acc@1 95.312 (95.312)	Acc@5 99.219 (99.219)	Mem 13529MB
Test: [10/391]	Time 14.367 (11.083)	Loss 1.0479 (0.7181)	Acc@1 78.125 (91.974)	Acc@5 98.438 (98.722)	Mem 13530MB
Test: [20/391]	Time 10.621 (10.951)	Loss 0.7598 (0.8478)	Acc@1 92.969 (88.021)	Acc@5 97.656 (98.028)	Mem 13530MB
Test: [30/391]	Time 11.459 (10.988)	Loss 1.3408 (0.9389)	Acc@1 67.969 (84.929)	Acc@5 91.406 (97.303)	Mem 13530MB
Test: [40/391]	Time 10.859 (10.709)	Loss 0.8066 (0.8833)	Acc@1 90.625 (86.738)	Acc@5 97.656 (97.675)	Mem 13530MB
Test: [50/391]	Time 10.794 (10.701)	Loss 0.6250 (0.8813)	Acc@1 96.094 (86.903)	Acc@5 99.219 (97.457)	Mem 13530MB
Test: [60/391]	Time 10.966 (10.719)	Loss 1.1182 (0.8569)	Acc@1 85.156 (87.795)	Acc@5 96.875 (97.707)	Mem 13530MB
Test: [70/391]	Time 11.176 (10.754)	Loss 1.0947 (0.8978)	Acc@1 76.562 (86.807)	Acc@5 97.656 (97.469)	Mem 13530MB
Test: [80/391]	Time 10.980 (10.687)	Loss 1.0479 (0.9218)	Acc@1 86.719 (86.352)	Acc@5 96.094 (97.386)	Mem 13530MB
Test: [90/391]	Time 10.507 (10.644)	Loss 1.1885 (0.9369)	Acc@1 73.438 (86.289)	Acc@5 97.656 (97.304)	Mem 13530MB
Test: [100/391]	Time 10.896 (10.635)	Loss 0.9336 (0.9417)	Acc@1 89.844 (86.077)	Acc@5 96.094 (97.370)	Mem 13530MB
Test: [110/391]	Time 11.711 (10.621)	Loss 1.3340 (0.9486)	Acc@1 60.156 (85.747)	Acc@5 96.875 (97.347)	Mem 13530MB
Test: [120/391]	Time 8.810 (10.597)	Loss 0.8726 (0.9434)	Acc@1 91.406 (85.892)	Acc@5 96.875 (97.379)	Mem 13530MB
Test: [130/391]	Time 10.556 (10.583)	Loss 0.4592 (0.9365)	Acc@1 97.656 (86.075)	Acc@5 100.000 (97.394)	Mem 13530MB
Test: [140/391]	Time 11.622 (10.570)	Loss 1.3809 (0.9340)	Acc@1 75.000 (85.938)	Acc@5 98.438 (97.457)	Mem 13530MB
Test: [150/391]	Time 12.555 (10.588)	Loss 0.8613 (0.9394)	Acc@1 82.812 (85.689)	Acc@5 99.219 (97.387)	Mem 13530MB
Test: [160/391]	Time 11.442 (10.596)	Loss 0.9829 (0.9421)	Acc@1 83.594 (85.646)	Acc@5 95.312 (97.312)	Mem 13530MB
Test: [170/391]	Time 8.626 (10.582)	Loss 1.8418 (0.9649)	Acc@1 57.812 (84.996)	Acc@5 86.719 (97.108)	Mem 13530MB
Test: [180/391]	Time 10.343 (10.547)	Loss 1.8613 (0.9860)	Acc@1 57.812 (84.522)	Acc@5 90.625 (96.914)	Mem 13530MB
Test: [190/391]	Time 9.110 (10.511)	Loss 1.7012 (1.0043)	Acc@1 65.625 (84.007)	Acc@5 92.969 (96.695)	Mem 13530MB
Test: [200/391]	Time 7.506 (10.456)	Loss 1.1240 (1.0220)	Acc@1 85.938 (83.613)	Acc@5 98.438 (96.455)	Mem 13530MB
Test: [210/391]	Time 10.365 (10.447)	Loss 1.0098 (1.0348)	Acc@1 78.906 (83.212)	Acc@5 97.656 (96.394)	Mem 13530MB
Test: [220/391]	Time 10.989 (10.414)	Loss 0.7705 (1.0399)	Acc@1 89.062 (83.155)	Acc@5 96.094 (96.302)	Mem 13530MB
Test: [230/391]	Time 9.500 (10.400)	Loss 1.5547 (1.0459)	Acc@1 72.656 (83.093)	Acc@5 89.844 (96.226)	Mem 13530MB
Test: [240/391]	Time 10.702 (10.403)	Loss 1.1406 (1.0482)	Acc@1 87.500 (83.127)	Acc@5 94.531 (96.178)	Mem 13530MB
Test: [250/391]	Time 10.711 (10.379)	Loss 0.9214 (1.0638)	Acc@1 87.500 (82.657)	Acc@5 96.875 (96.028)	Mem 13530MB
Test: [260/391]	Time 10.417 (10.345)	Loss 1.2666 (1.0758)	Acc@1 74.219 (82.361)	Acc@5 96.094 (95.941)	Mem 13530MB
Test: [270/391]	Time 10.025 (10.306)	Loss 1.6875 (1.0856)	Acc@1 60.938 (82.126)	Acc@5 90.625 (95.860)	Mem 13530MB
Test: [280/391]	Time 9.334 (10.297)	Loss 1.3320 (1.0892)	Acc@1 74.219 (82.109)	Acc@5 95.312 (95.849)	Mem 13530MB
Test: [290/391]	Time 7.847 (10.254)	Loss 1.5293 (1.0970)	Acc@1 54.688 (81.916)	Acc@5 92.969 (95.780)	Mem 13530MB
Test: [300/391]	Time 9.703 (10.226)	Loss 0.9863 (1.1019)	Acc@1 84.375 (81.863)	Acc@5 95.312 (95.691)	Mem 13530MB
Test: [310/391]	Time 8.753 (10.181)	Loss 1.2256 (1.1078)	Acc@1 82.031 (81.702)	Acc@5 95.312 (95.644)	Mem 13530MB
Test: [320/391]	Time 9.017 (10.146)	Loss 0.8135 (1.1138)	Acc@1 87.500 (81.562)	Acc@5 97.656 (95.573)	Mem 13530MB
Test: [330/391]	Time 8.519 (10.102)	Loss 1.7080 (1.1267)	Acc@1 67.969 (81.309)	Acc@5 90.625 (95.452)	Mem 13530MB
Test: [340/391]	Time 10.967 (10.096)	Loss 1.1738 (1.1300)	Acc@1 84.375 (81.243)	Acc@5 98.438 (95.436)	Mem 13530MB
Test: [350/391]	Time 8.768 (10.065)	Loss 1.2090 (1.1314)	Acc@1 83.594 (81.230)	Acc@5 96.094 (95.419)	Mem 13530MB
Test: [360/391]	Time 6.233 (10.041)	Loss 1.1738 (1.1369)	Acc@1 74.219 (81.057)	Acc@5 93.750 (95.349)	Mem 13530MB
Test: [370/391]	Time 11.787 (10.009)	Loss 1.1484 (1.1307)	Acc@1 67.969 (81.096)	Acc@5 96.875 (95.401)	Mem 13530MB
Test: [380/391]	Time 9.085 (9.967)	Loss 0.9873 (1.1299)	Acc@1 79.688 (81.088)	Acc@5 96.094 (95.388)	Mem 13530MB
Test: [390/391]	Time 6.103 (9.941)	Loss 1.9844 (1.1262)	Acc@1 54.217 (81.131)	Acc@5 91.566 (95.398)	Mem 13530MB
 * Acc@1 81.131 Acc@5 95.398
01/17 12:33:01 - mmengine - INFO - Because batch augmentations are enabled, the data preprocessor automatically enables the `to_onehot` option to generate one-hot format labels.
01/17 12:33:02 - mmengine - INFO - Loads checkpoint by http backend from path: https://download.openmmlab.com/mmclassification/v0/swin-transformer/swin_base_224_b16x64_300e_imagenet_20210616_190742-93230b0d.pth
starting loop: img_size 640; len(dataset) 50003
Test: [0/391]	Time 14.906 (14.906)	Loss 0.7891 (0.7891)	Acc@1 96.094 (96.094)	Acc@5 99.219 (99.219)	Mem 19561MB
Test: [10/391]	Time 17.371 (13.394)	Loss 1.2393 (0.9533)	Acc@1 77.344 (90.625)	Acc@5 97.656 (98.509)	Mem 19561MB
Test: [20/391]	Time 13.427 (12.539)	Loss 1.0518 (1.0962)	Acc@1 90.625 (86.905)	Acc@5 96.875 (97.545)	Mem 19561MB
Test: [30/391]	Time 14.900 (12.607)	Loss 1.5156 (1.1799)	Acc@1 67.188 (83.720)	Acc@5 89.844 (96.749)	Mem 19561MB
Test: [40/391]	Time 13.245 (12.348)	Loss 1.0732 (1.1220)	Acc@1 90.625 (85.709)	Acc@5 96.875 (97.123)	Mem 19561MB
Test: [50/391]	Time 10.751 (12.540)	Loss 0.8750 (1.1164)	Acc@1 95.312 (85.662)	Acc@5 99.219 (96.783)	Mem 19561MB
Test: [60/391]	Time 10.639 (12.521)	Loss 1.4443 (1.0922)	Acc@1 82.031 (86.424)	Acc@5 96.094 (97.067)	Mem 19561MB
Test: [70/391]	Time 12.722 (12.516)	Loss 1.3750 (1.1358)	Acc@1 75.781 (85.563)	Acc@5 96.875 (96.820)	Mem 19561MB
Test: [80/391]	Time 12.410 (12.456)	Loss 1.3770 (1.1696)	Acc@1 80.469 (84.915)	Acc@5 97.656 (96.672)	Mem 19561MB
Test: [90/391]	Time 10.608 (12.354)	Loss 1.4326 (1.1906)	Acc@1 71.094 (84.770)	Acc@5 97.656 (96.592)	Mem 19561MB
Test: [100/391]	Time 13.849 (12.383)	Loss 1.2441 (1.1987)	Acc@1 90.625 (84.545)	Acc@5 95.312 (96.682)	Mem 19561MB
Test: [110/391]	Time 14.566 (12.476)	Loss 1.5283 (1.2040)	Acc@1 56.250 (84.255)	Acc@5 96.875 (96.699)	Mem 19561MB
Test: [120/391]	Time 13.332 (12.496)	Loss 1.1182 (1.1958)	Acc@1 89.844 (84.427)	Acc@5 96.875 (96.765)	Mem 19561MB
Test: [130/391]	Time 11.130 (12.507)	Loss 0.6104 (1.1883)	Acc@1 97.656 (84.578)	Acc@5 100.000 (96.774)	Mem 19561MB
Test: [140/391]	Time 12.171 (12.447)	Loss 1.6270 (1.1838)	Acc@1 66.406 (84.419)	Acc@5 97.656 (96.825)	Mem 19561MB
Test: [150/391]	Time 17.328 (12.451)	Loss 1.0615 (1.1881)	Acc@1 76.562 (84.096)	Acc@5 97.656 (96.735)	Mem 19561MB
Test: [160/391]	Time 12.364 (12.450)	Loss 1.2666 (1.1889)	Acc@1 78.906 (84.040)	Acc@5 94.531 (96.666)	Mem 19561MB
Test: [170/391]	Time 12.470 (12.483)	Loss 2.1582 (1.2145)	Acc@1 57.031 (83.356)	Acc@5 84.375 (96.368)	Mem 19561MB
Test: [180/391]	Time 13.522 (12.500)	Loss 2.0625 (1.2377)	Acc@1 54.688 (82.817)	Acc@5 88.281 (96.150)	Mem 19561MB
Test: [190/391]	Time 10.000 (12.448)	Loss 2.0000 (1.2560)	Acc@1 63.281 (82.342)	Acc@5 89.062 (95.918)	Mem 19561MB
Test: [200/391]	Time 12.559 (12.468)	Loss 1.5312 (1.2761)	Acc@1 82.031 (81.845)	Acc@5 97.656 (95.647)	Mem 19561MB
Test: [210/391]	Time 9.927 (12.470)	Loss 1.2695 (1.2903)	Acc@1 82.812 (81.424)	Acc@5 94.531 (95.531)	Mem 19561MB
Test: [220/391]	Time 13.111 (12.432)	Loss 1.0381 (1.2968)	Acc@1 85.938 (81.321)	Acc@5 95.312 (95.426)	Mem 19561MB
Test: [230/391]	Time 12.722 (12.455)	Loss 1.7959 (1.3036)	Acc@1 74.219 (81.257)	Acc@5 89.062 (95.353)	Mem 19561MB
Test: [240/391]	Time 13.704 (12.484)	Loss 1.4082 (1.3072)	Acc@1 82.812 (81.273)	Acc@5 92.969 (95.283)	Mem 19561MB
Test: [250/391]	Time 11.384 (12.483)	Loss 1.1689 (1.3240)	Acc@1 85.156 (80.768)	Acc@5 96.094 (95.120)	Mem 19561MB
Test: [260/391]	Time 12.623 (12.478)	Loss 1.5908 (1.3371)	Acc@1 71.875 (80.430)	Acc@5 95.312 (95.007)	Mem 19561MB
Test: [270/391]	Time 11.039 (12.493)	Loss 1.8848 (1.3473)	Acc@1 62.500 (80.209)	Acc@5 90.625 (94.909)	Mem 19561MB
Test: [280/391]	Time 9.650 (12.471)	Loss 1.6094 (1.3518)	Acc@1 72.656 (80.180)	Acc@5 95.312 (94.890)	Mem 19561MB
Test: [290/391]	Time 12.081 (12.483)	Loss 1.7480 (1.3605)	Acc@1 53.125 (79.969)	Acc@5 92.188 (94.792)	Mem 19561MB
Test: [300/391]	Time 9.449 (12.447)	Loss 1.2471 (1.3668)	Acc@1 81.250 (79.874)	Acc@5 93.750 (94.700)	Mem 19561MB
Test: [310/391]	Time 12.873 (12.467)	Loss 1.5723 (1.3743)	Acc@1 79.688 (79.720)	Acc@5 92.969 (94.644)	Mem 19561MB
Test: [320/391]	Time 10.671 (12.467)	Loss 1.0645 (1.3800)	Acc@1 86.719 (79.566)	Acc@5 96.875 (94.582)	Mem 19561MB
Test: [330/391]	Time 9.480 (12.419)	Loss 2.0801 (1.3944)	Acc@1 65.625 (79.289)	Acc@5 89.062 (94.456)	Mem 19561MB
Test: [340/391]	Time 12.812 (12.407)	Loss 1.5361 (1.3984)	Acc@1 80.469 (79.227)	Acc@5 96.094 (94.426)	Mem 19561MB
Test: [350/391]	Time 11.656 (12.419)	Loss 1.6016 (1.4001)	Acc@1 78.906 (79.240)	Acc@5 94.531 (94.409)	Mem 19561MB
Test: [360/391]	Time 12.329 (12.404)	Loss 1.3535 (1.4049)	Acc@1 74.219 (79.090)	Acc@5 93.750 (94.347)	Mem 19561MB
Test: [370/391]	Time 13.599 (12.403)	Loss 1.3115 (1.3960)	Acc@1 67.969 (79.172)	Acc@5 96.094 (94.422)	Mem 19561MB
Test: [380/391]	Time 12.255 (12.390)	Loss 1.2324 (1.3937)	Acc@1 78.125 (79.163)	Acc@5 95.312 (94.412)	Mem 19561MB
Test: [390/391]	Time 7.940 (12.369)	Loss 2.2148 (1.3885)	Acc@1 53.012 (79.213)	Acc@5 91.566 (94.430)	Mem 19561MB
 * Acc@1 79.213 Acc@5 94.430
01/17 13:53:41 - mmengine - INFO - Because batch augmentations are enabled, the data preprocessor automatically enables the `to_onehot` option to generate one-hot format labels.
01/17 13:53:42 - mmengine - INFO - Loads checkpoint by http backend from path: https://download.openmmlab.com/mmclassification/v0/swin-transformer/swin_base_224_b16x64_300e_imagenet_20210616_190742-93230b0d.pth
starting loop: img_size 768; len(dataset) 50003
Test: [0/596]	Time 10.047 (10.047)	Loss 0.9253 (0.9253)	Acc@1 95.238 (95.238)	Acc@5 98.810 (98.810)	Mem 19561MB
Test: [10/596]	Time 9.163 (9.114)	Loss 1.3232 (1.1884)	Acc@1 95.238 (88.528)	Acc@5 97.619 (98.377)	Mem 19561MB
Test: [20/596]	Time 11.023 (9.955)	Loss 1.7510 (1.2650)	Acc@1 72.619 (86.395)	Acc@5 94.048 (97.222)	Mem 19561MB
Test: [30/596]	Time 10.817 (10.172)	Loss 1.2627 (1.3404)	Acc@1 89.286 (84.754)	Acc@5 97.619 (97.120)	Mem 19561MB
Test: [40/596]	Time 11.178 (10.244)	Loss 1.7715 (1.4179)	Acc@1 70.238 (82.056)	Acc@5 94.048 (96.400)	Mem 19561MB
Test: [50/596]	Time 11.108 (10.340)	Loss 1.2549 (1.4069)	Acc@1 88.095 (81.979)	Acc@5 94.048 (96.172)	Mem 19561MB
Test: [60/596]	Time 10.936 (10.153)	Loss 1.1455 (1.3529)	Acc@1 82.143 (83.548)	Acc@5 98.810 (96.507)	Mem 19561MB
Test: [70/596]	Time 12.751 (10.086)	Loss 1.4033 (1.3338)	Acc@1 79.762 (83.753)	Acc@5 92.857 (96.261)	Mem 19561MB
Test: [80/596]	Time 10.487 (9.953)	Loss 1.2754 (1.3402)	Acc@1 86.905 (83.745)	Acc@5 95.238 (96.076)	Mem 19561MB
Test: [90/596]	Time 13.267 (9.859)	Loss 1.9043 (1.3119)	Acc@1 72.619 (84.471)	Acc@5 94.048 (96.311)	Mem 19561MB
Test: [100/596]	Time 10.010 (9.868)	Loss 1.3594 (1.3513)	Acc@1 86.905 (83.781)	Acc@5 97.619 (96.193)	Mem 19561MB
Test: [110/596]	Time 9.923 (9.839)	Loss 1.7812 (1.3742)	Acc@1 75.000 (83.580)	Acc@5 92.857 (96.118)	Mem 19561MB
Test: [120/596]	Time 9.542 (9.901)	Loss 1.7324 (1.4099)	Acc@1 73.810 (82.950)	Acc@5 95.238 (95.937)	Mem 19561MB
Test: [130/596]	Time 9.514 (9.886)	Loss 1.6201 (1.4255)	Acc@1 84.524 (83.124)	Acc@5 96.429 (95.974)	Mem 19561MB
Test: [140/596]	Time 10.352 (9.881)	Loss 1.7285 (1.4492)	Acc@1 79.762 (82.683)	Acc@5 98.810 (95.880)	Mem 19561MB
Test: [150/596]	Time 10.643 (9.836)	Loss 1.3994 (1.4616)	Acc@1 94.048 (82.324)	Acc@5 98.810 (95.948)	Mem 19561MB
Test: [160/596]	Time 10.450 (9.798)	Loss 1.3252 (1.4583)	Acc@1 89.286 (82.542)	Acc@5 97.619 (96.051)	Mem 19561MB
Test: [170/596]	Time 4.936 (9.826)	Loss 1.5166 (1.4652)	Acc@1 79.762 (82.199)	Acc@5 91.667 (95.934)	Mem 19561MB
Test: [180/596]	Time 8.692 (9.830)	Loss 1.6846 (1.4551)	Acc@1 71.429 (82.380)	Acc@5 97.619 (96.014)	Mem 19561MB
Test: [190/596]	Time 10.399 (9.803)	Loss 1.1846 (1.4627)	Acc@1 85.714 (82.249)	Acc@5 100.000 (95.980)	Mem 19561MB
Test: [200/596]	Time 10.519 (9.793)	Loss 1.5205 (1.4452)	Acc@1 88.095 (82.587)	Acc@5 96.429 (96.044)	Mem 19561MB
Test: [210/596]	Time 7.603 (9.784)	Loss 1.2373 (1.4339)	Acc@1 82.143 (82.566)	Acc@5 100.000 (96.107)	Mem 19561MB
Test: [220/596]	Time 8.454 (9.739)	Loss 1.3467 (1.4373)	Acc@1 82.143 (82.423)	Acc@5 97.619 (96.073)	Mem 19561MB
Test: [230/596]	Time 10.625 (9.796)	Loss 1.2344 (1.4392)	Acc@1 75.000 (81.999)	Acc@5 96.429 (95.991)	Mem 19561MB
Test: [240/596]	Time 10.127 (9.802)	Loss 1.0459 (1.4366)	Acc@1 96.429 (82.098)	Acc@5 98.810 (95.949)	Mem 19561MB
Test: [250/596]	Time 10.685 (9.765)	Loss 1.7441 (1.4531)	Acc@1 84.524 (81.692)	Acc@5 94.048 (95.760)	Mem 19561MB
Test: [260/596]	Time 8.091 (9.759)	Loss 2.3457 (1.4690)	Acc@1 65.476 (81.258)	Acc@5 85.714 (95.553)	Mem 19561MB
Test: [270/596]	Time 11.097 (9.723)	Loss 1.9004 (1.4836)	Acc@1 58.333 (80.891)	Acc@5 91.667 (95.414)	Mem 19561MB
Test: [280/596]	Time 9.339 (9.766)	Loss 2.2617 (1.5031)	Acc@1 70.238 (80.436)	Acc@5 91.667 (95.170)	Mem 19561MB
Test: [290/596]	Time 11.745 (9.770)	Loss 2.5469 (1.5123)	Acc@1 50.000 (80.101)	Acc@5 80.952 (95.058)	Mem 19561MB
Test: [300/596]	Time 9.908 (9.758)	Loss 2.3789 (1.5293)	Acc@1 63.095 (79.734)	Acc@5 84.524 (94.827)	Mem 19561MB
Test: [310/596]	Time 11.499 (9.766)	Loss 1.4590 (1.5396)	Acc@1 80.952 (79.460)	Acc@5 95.238 (94.721)	Mem 19561MB
Test: [320/596]	Time 11.113 (9.788)	Loss 1.3213 (1.5493)	Acc@1 80.952 (79.154)	Acc@5 95.238 (94.611)	Mem 19561MB
Test: [330/596]	Time 10.964 (9.787)	Loss 1.3047 (1.5550)	Acc@1 86.905 (79.061)	Acc@5 96.429 (94.558)	Mem 19561MB
Test: [340/596]	Time 9.888 (9.803)	Loss 2.0801 (1.5602)	Acc@1 70.238 (79.015)	Acc@5 92.857 (94.477)	Mem 19561MB
Test: [350/596]	Time 9.582 (9.790)	Loss 1.9277 (1.5665)	Acc@1 76.190 (78.934)	Acc@5 90.476 (94.421)	Mem 19561MB
Test: [360/596]	Time 8.851 (9.784)	Loss 1.4365 (1.5739)	Acc@1 86.905 (78.852)	Acc@5 94.048 (94.321)	Mem 19561MB
Test: [370/596]	Time 10.579 (9.783)	Loss 2.4180 (1.5806)	Acc@1 58.333 (78.693)	Acc@5 83.333 (94.224)	Mem 19561MB
Test: [380/596]	Time 9.860 (9.788)	Loss 1.8047 (1.5907)	Acc@1 57.143 (78.403)	Acc@5 98.810 (94.132)	Mem 19561MB
Test: [390/596]	Time 9.121 (9.773)	Loss 2.5039 (1.5987)	Acc@1 60.714 (78.279)	Acc@5 84.524 (94.042)	Mem 19561MB
Test: [400/596]	Time 10.196 (9.770)	Loss 1.8457 (1.6027)	Acc@1 77.381 (78.120)	Acc@5 94.048 (94.024)	Mem 19561MB
Test: [410/596]	Time 8.747 (9.756)	Loss 2.6094 (1.6111)	Acc@1 51.190 (77.952)	Acc@5 83.333 (93.917)	Mem 19561MB
Test: [420/596]	Time 9.563 (9.774)	Loss 1.9629 (1.6165)	Acc@1 73.810 (77.881)	Acc@5 92.857 (93.861)	Mem 19561MB
Test: [430/596]	Time 10.718 (9.776)	Loss 1.3389 (1.6170)	Acc@1 85.714 (77.900)	Acc@5 92.857 (93.827)	Mem 19561MB
Test: [440/596]	Time 10.250 (9.778)	Loss 1.9248 (1.6250)	Acc@1 77.381 (77.748)	Acc@5 94.048 (93.732)	Mem 19561MB
Test: [450/596]	Time 6.504 (9.754)	Loss 1.5762 (1.6297)	Acc@1 80.952 (77.584)	Acc@5 94.048 (93.681)	Mem 19561MB
Test: [460/596]	Time 11.208 (9.758)	Loss 2.6758 (1.6364)	Acc@1 51.190 (77.479)	Acc@5 79.762 (93.585)	Mem 19561MB
Test: [470/596]	Time 10.652 (9.762)	Loss 1.7520 (1.6407)	Acc@1 66.667 (77.371)	Acc@5 96.429 (93.572)	Mem 19561MB
Test: [480/596]	Time 14.044 (9.756)	Loss 1.9492 (1.6453)	Acc@1 78.571 (77.331)	Acc@5 88.095 (93.513)	Mem 19561MB
Test: [490/596]	Time 8.869 (9.754)	Loss 1.9326 (1.6484)	Acc@1 67.857 (77.248)	Acc@5 94.048 (93.492)	Mem 19561MB
Test: [500/596]	Time 6.208 (9.746)	Loss 2.1914 (1.6600)	Acc@1 70.238 (76.994)	Acc@5 84.524 (93.363)	Mem 19561MB
Test: [510/596]	Time 8.215 (9.724)	Loss 1.5176 (1.6640)	Acc@1 80.952 (76.924)	Acc@5 92.857 (93.335)	Mem 19561MB
Test: [520/596]	Time 8.521 (9.706)	Loss 0.8853 (1.6649)	Acc@1 94.048 (76.961)	Acc@5 100.000 (93.335)	Mem 19561MB
Test: [530/596]	Time 11.698 (9.704)	Loss 1.5059 (1.6692)	Acc@1 82.143 (76.908)	Acc@5 92.857 (93.274)	Mem 19561MB
Test: [540/596]	Time 7.409 (9.704)	Loss 2.2383 (1.6742)	Acc@1 52.381 (76.752)	Acc@5 91.667 (93.209)	Mem 19561MB
Test: [550/596]	Time 8.672 (9.707)	Loss 1.2266 (1.6727)	Acc@1 76.190 (76.754)	Acc@5 96.429 (93.235)	Mem 19561MB
Test: [560/596]	Time 11.913 (9.713)	Loss 1.0518 (1.6652)	Acc@1 88.095 (76.850)	Acc@5 97.619 (93.294)	Mem 19561MB
Test: [570/596]	Time 7.661 (9.709)	Loss 1.0879 (1.6562)	Acc@1 90.476 (76.960)	Acc@5 98.810 (93.360)	Mem 19561MB
Test: [580/596]	Time 11.599 (9.706)	Loss 2.2715 (1.6596)	Acc@1 64.286 (76.838)	Acc@5 84.524 (93.300)	Mem 19561MB
Test: [590/596]	Time 10.261 (9.721)	Loss 0.8970 (1.6541)	Acc@1 90.476 (76.910)	Acc@5 92.857 (93.318)	Mem 19561MB
 * Acc@1 76.925 Acc@5 93.328
01/17 15:30:15 - mmengine - INFO - Because batch augmentations are enabled, the data preprocessor automatically enables the `to_onehot` option to generate one-hot format labels.
01/17 15:30:17 - mmengine - INFO - Loads checkpoint by http backend from path: https://download.openmmlab.com/mmclassification/v0/swin-transformer/swin_base_224_b16x64_300e_imagenet_20210616_190742-93230b0d.pth
starting loop: img_size 1024; len(dataset) 50003
Test: [0/695]	Time 12.762 (12.762)	Loss 1.2861 (1.2861)	Acc@1 93.056 (93.056)	Acc@5 97.222 (97.222)	Mem 27995MB
Test: [10/695]	Time 14.279 (12.176)	Loss 1.7520 (1.8394)	Acc@1 87.500 (75.253)	Acc@5 100.000 (94.444)	Mem 27995MB
Test: [20/695]	Time 15.883 (12.487)	Loss 1.6084 (1.8018)	Acc@1 87.500 (77.910)	Acc@5 95.833 (94.974)	Mem 27995MB
Test: [30/695]	Time 11.142 (12.398)	Loss 1.7617 (1.8981)	Acc@1 80.556 (75.627)	Acc@5 95.833 (93.772)	Mem 27995MB
Test: [40/695]	Time 9.617 (12.513)	Loss 2.5898 (2.0135)	Acc@1 58.333 (72.900)	Acc@5 83.333 (92.039)	Mem 27995MB
Test: [50/695]	Time 12.570 (12.637)	Loss 1.4434 (2.0112)	Acc@1 62.500 (72.195)	Acc@5 97.222 (91.803)	Mem 27995MB
Test: [60/695]	Time 15.297 (12.551)	Loss 1.4395 (1.9977)	Acc@1 90.278 (72.199)	Acc@5 98.611 (91.826)	Mem 27995MB
Test: [70/695]	Time 12.497 (12.484)	Loss 1.6260 (1.9420)	Acc@1 81.944 (73.944)	Acc@5 95.833 (92.371)	Mem 27995MB
Test: [80/695]	Time 12.388 (12.449)	Loss 1.2090 (1.9155)	Acc@1 87.500 (74.246)	Acc@5 98.611 (92.130)	Mem 27995MB
Test: [90/695]	Time 13.294 (12.558)	Loss 1.2012 (1.9216)	Acc@1 93.056 (74.206)	Acc@5 97.222 (91.926)	Mem 27995MB
Test: [100/695]	Time 12.893 (12.497)	Loss 1.5820 (1.9042)	Acc@1 87.500 (75.069)	Acc@5 97.222 (92.203)	Mem 27995MB
Test: [110/695]	Time 13.836 (12.490)	Loss 2.3965 (1.9053)	Acc@1 58.333 (74.987)	Acc@5 97.222 (92.380)	Mem 27995MB
Test: [120/695]	Time 11.795 (12.537)	Loss 2.7227 (1.9426)	Acc@1 55.556 (74.300)	Acc@5 86.111 (92.241)	Mem 27995MB
Test: [130/695]	Time 11.975 (12.483)	Loss 2.5488 (1.9718)	Acc@1 69.444 (74.099)	Acc@5 88.889 (92.059)	Mem 27995MB
Test: [140/695]	Time 12.599 (12.521)	Loss 2.8105 (2.0127)	Acc@1 48.611 (73.207)	Acc@5 81.944 (91.785)	Mem 27995MB
Test: [150/695]	Time 10.460 (12.527)	Loss 1.8096 (2.0402)	Acc@1 93.056 (73.078)	Acc@5 98.611 (91.749)	Mem 27995MB
Test: [160/695]	Time 13.653 (12.549)	Loss 2.5703 (2.0669)	Acc@1 65.278 (72.688)	Acc@5 86.111 (91.537)	Mem 27995MB
Test: [170/695]	Time 8.196 (12.518)	Loss 2.4902 (2.0988)	Acc@1 70.833 (71.962)	Acc@5 93.056 (91.366)	Mem 27995MB
Test: [180/695]	Time 12.531 (12.479)	Loss 1.9512 (2.1067)	Acc@1 86.111 (71.869)	Acc@5 98.611 (91.421)	Mem 27995MB
Test: [190/695]	Time 11.226 (12.461)	Loss 1.7861 (2.1146)	Acc@1 87.500 (71.822)	Acc@5 94.444 (91.449)	Mem 27995MB
Test: [200/695]	Time 13.256 (12.497)	Loss 1.3877 (2.1122)	Acc@1 83.333 (71.808)	Acc@5 100.000 (91.549)	Mem 27995MB
Test: [210/695]	Time 8.742 (12.527)	Loss 2.0098 (2.0964)	Acc@1 63.889 (72.176)	Acc@5 95.833 (91.726)	Mem 27995MB
Test: [220/695]	Time 13.560 (12.559)	Loss 1.8467 (2.1104)	Acc@1 84.722 (71.933)	Acc@5 93.056 (91.585)	Mem 27995MB
Test: [230/695]	Time 13.113 (12.598)	Loss 1.5361 (2.0914)	Acc@1 87.500 (72.318)	Acc@5 100.000 (91.661)	Mem 27995MB
Test: [240/695]	Time 11.202 (12.538)	Loss 2.7012 (2.0783)	Acc@1 37.500 (72.326)	Acc@5 81.944 (91.724)	Mem 27995MB
Test: [250/695]	Time 12.379 (12.532)	Loss 2.5645 (2.0722)	Acc@1 52.778 (72.278)	Acc@5 87.500 (91.844)	Mem 27995MB
Test: [260/695]	Time 11.153 (12.553)	Loss 2.1230 (2.0680)	Acc@1 69.444 (72.339)	Acc@5 87.500 (91.778)	Mem 27995MB
Test: [270/695]	Time 13.728 (12.566)	Loss 1.6279 (2.0590)	Acc@1 88.889 (72.289)	Acc@5 91.667 (91.738)	Mem 27995MB
Test: [280/695]	Time 14.250 (12.574)	Loss 1.6396 (2.0568)	Acc@1 79.167 (72.375)	Acc@5 98.611 (91.696)	Mem 27995MB
Test: [290/695]	Time 13.351 (12.562)	Loss 1.6953 (2.0724)	Acc@1 86.111 (71.979)	Acc@5 98.611 (91.409)	Mem 27995MB
Test: [300/695]	Time 14.504 (12.551)	Loss 2.8984 (2.0860)	Acc@1 51.389 (71.715)	Acc@5 88.889 (91.279)	Mem 27995MB
Test: [310/695]	Time 11.560 (12.525)	Loss 2.9727 (2.1110)	Acc@1 50.000 (71.155)	Acc@5 84.722 (90.881)	Mem 27995MB
Test: [320/695]	Time 14.940 (12.532)	Loss 2.4160 (2.1266)	Acc@1 47.222 (70.712)	Acc@5 83.333 (90.611)	Mem 27995MB
Test: [330/695]	Time 10.731 (12.564)	Loss 1.4189 (2.1401)	Acc@1 88.889 (70.523)	Acc@5 94.444 (90.374)	Mem 27995MB
Test: [340/695]	Time 10.492 (12.539)	Loss 2.0645 (2.1528)	Acc@1 69.444 (70.116)	Acc@5 87.500 (90.164)	Mem 27995MB
Test: [350/695]	Time 12.527 (12.517)	Loss 3.4531 (2.1706)	Acc@1 43.056 (69.706)	Acc@5 77.778 (89.890)	Mem 27995MB
Test: [360/695]	Time 8.988 (12.509)	Loss 2.4863 (2.1848)	Acc@1 66.667 (69.375)	Acc@5 83.333 (89.705)	Mem 27995MB
Test: [370/695]	Time 12.453 (12.522)	Loss 1.4561 (2.1971)	Acc@1 75.000 (68.995)	Acc@5 91.667 (89.507)	Mem 27995MB
Test: [380/695]	Time 11.097 (12.526)	Loss 1.8525 (2.2013)	Acc@1 44.444 (68.803)	Acc@5 95.833 (89.392)	Mem 27995MB
Test: [390/695]	Time 9.934 (12.500)	Loss 2.4219 (2.2087)	Acc@1 77.778 (68.752)	Acc@5 88.889 (89.269)	Mem 27995MB
Test: [400/695]	Time 10.313 (12.487)	Loss 1.4805 (2.2107)	Acc@1 81.944 (68.738)	Acc@5 97.222 (89.197)	Mem 27995MB
Test: [410/695]	Time 10.655 (12.485)	Loss 2.1152 (2.2214)	Acc@1 70.833 (68.444)	Acc@5 86.111 (89.061)	Mem 27995MB
Test: [420/695]	Time 14.107 (12.474)	Loss 2.3711 (2.2278)	Acc@1 76.389 (68.333)	Acc@5 88.889 (88.981)	Mem 27995MB
Test: [430/695]	Time 11.135 (12.466)	Loss 3.6191 (2.2333)	Acc@1 18.056 (68.259)	Acc@5 70.833 (88.863)	Mem 27995MB
Test: [440/695]	Time 13.009 (12.437)	Loss 3.1152 (2.2425)	Acc@1 48.611 (68.078)	Acc@5 76.389 (88.735)	Mem 27995MB
Test: [450/695]	Time 7.627 (12.441)	Loss 2.8203 (2.2473)	Acc@1 54.167 (67.982)	Acc@5 83.333 (88.652)	Mem 27995MB
Test: [460/695]	Time 10.229 (12.404)	Loss 2.1191 (2.2566)	Acc@1 70.833 (67.745)	Acc@5 93.056 (88.542)	Mem 27995MB
Test: [470/695]	Time 10.684 (12.402)	Loss 3.1562 (2.2651)	Acc@1 56.944 (67.598)	Acc@5 77.778 (88.458)	Mem 27995MB
Test: [480/695]	Time 12.409 (12.385)	Loss 2.9062 (2.2674)	Acc@1 56.944 (67.550)	Acc@5 80.556 (88.410)	Mem 27995MB
Test: [490/695]	Time 6.410 (12.367)	Loss 2.2227 (2.2722)	Acc@1 73.611 (67.498)	Acc@5 87.500 (88.301)	Mem 27995MB
Test: [500/695]	Time 11.875 (12.334)	Loss 2.3926 (2.2740)	Acc@1 68.056 (67.507)	Acc@5 87.500 (88.298)	Mem 27995MB
Test: [510/695]	Time 12.215 (12.325)	Loss 2.5625 (2.2788)	Acc@1 55.556 (67.381)	Acc@5 79.167 (88.174)	Mem 27995MB
Test: [520/695]	Time 7.620 (12.284)	Loss 2.8242 (2.2821)	Acc@1 58.333 (67.341)	Acc@5 83.333 (88.121)	Mem 27995MB
Test: [530/695]	Time 14.153 (12.289)	Loss 2.9785 (2.2892)	Acc@1 54.167 (67.171)	Acc@5 75.000 (88.028)	Mem 27995MB
Test: [540/695]	Time 12.321 (12.285)	Loss 3.3125 (2.2977)	Acc@1 48.611 (67.083)	Acc@5 75.000 (87.903)	Mem 27995MB
Test: [550/695]	Time 13.176 (12.286)	Loss 3.5078 (2.3015)	Acc@1 50.000 (67.020)	Acc@5 68.056 (87.830)	Mem 27995MB
Test: [560/695]	Time 11.434 (12.262)	Loss 2.6562 (2.3039)	Acc@1 66.667 (67.018)	Acc@5 80.556 (87.765)	Mem 27995MB
Test: [570/695]	Time 12.990 (12.264)	Loss 1.7178 (2.3047)	Acc@1 87.500 (66.968)	Acc@5 95.833 (87.760)	Mem 27995MB
Test: [580/695]	Time 13.572 (12.259)	Loss 3.2188 (2.3117)	Acc@1 52.778 (66.803)	Acc@5 79.167 (87.706)	Mem 27995MB
Test: [590/695]	Time 13.116 (12.244)	Loss 3.1445 (2.3220)	Acc@1 47.222 (66.554)	Acc@5 79.167 (87.587)	Mem 27995MB
Test: [600/695]	Time 13.316 (12.254)	Loss 2.6074 (2.3227)	Acc@1 58.333 (66.609)	Acc@5 88.889 (87.583)	Mem 27995MB
Test: [610/695]	Time 14.415 (12.245)	Loss 2.2305 (2.3256)	Acc@1 69.444 (66.528)	Acc@5 86.111 (87.577)	Mem 27995MB
Test: [620/695]	Time 13.113 (12.249)	Loss 2.2891 (2.3310)	Acc@1 61.111 (66.439)	Acc@5 90.278 (87.493)	Mem 27995MB
Test: [630/695]	Time 12.306 (12.247)	Loss 3.2070 (2.3350)	Acc@1 41.667 (66.330)	Acc@5 76.389 (87.434)	Mem 27995MB
Test: [640/695]	Time 10.627 (12.240)	Loss 2.1914 (2.3344)	Acc@1 63.889 (66.290)	Acc@5 80.556 (87.420)	Mem 27995MB
Test: [650/695]	Time 11.867 (12.222)	Loss 1.1357 (2.3278)	Acc@1 88.889 (66.362)	Acc@5 95.833 (87.479)	Mem 27995MB
Test: [660/695]	Time 12.500 (12.228)	Loss 1.7090 (2.3157)	Acc@1 75.000 (66.530)	Acc@5 95.833 (87.599)	Mem 27995MB
Test: [670/695]	Time 12.835 (12.236)	Loss 2.2539 (2.3087)	Acc@1 70.833 (66.685)	Acc@5 88.889 (87.632)	Mem 27995MB
Test: [680/695]	Time 14.784 (12.217)	Loss 2.6309 (2.3150)	Acc@1 58.333 (66.514)	Acc@5 83.333 (87.565)	Mem 27995MB
Test: [690/695]	Time 13.767 (12.206)	Loss 1.3301 (2.3035)	Acc@1 91.667 (66.717)	Acc@5 95.833 (87.639)	Mem 27995MB
 * Acc@1 66.724 Acc@5 87.637
01/17 17:51:36 - mmengine - INFO - Because batch augmentations are enabled, the data preprocessor automatically enables the `to_onehot` option to generate one-hot format labels.
01/17 17:51:39 - mmengine - INFO - Loads checkpoint by http backend from path: https://download.openmmlab.com/mmclassification/v0/swin-transformer/swin_base_224_b16x64_300e_imagenet_20210616_190742-93230b0d.pth
starting loop: img_size 1120; len(dataset) 50003
Test: [0/834]	Time 10.473 (10.473)	Loss 1.3008 (1.3008)	Acc@1 95.000 (95.000)	Acc@5 96.667 (96.667)	Mem 27995MB
Test: [10/834]	Time 6.628 (10.625)	Loss 2.1953 (2.1155)	Acc@1 73.333 (68.485)	Acc@5 95.000 (91.364)	Mem 27995MB
Test: [20/834]	Time 9.724 (9.823)	Loss 1.5127 (2.0876)	Acc@1 88.333 (71.587)	Acc@5 93.333 (92.381)	Mem 27995MB
Test: [30/834]	Time 12.905 (10.387)	Loss 2.2539 (2.1400)	Acc@1 60.000 (69.785)	Acc@5 98.333 (91.613)	Mem 27995MB
Test: [40/834]	Time 12.275 (10.670)	Loss 2.2910 (2.1809)	Acc@1 76.667 (69.512)	Acc@5 88.333 (90.691)	Mem 27995MB
Test: [50/834]	Time 11.338 (10.890)	Loss 2.9590 (2.2696)	Acc@1 36.667 (67.386)	Acc@5 83.333 (89.052)	Mem 27995MB
Test: [60/834]	Time 12.081 (11.073)	Loss 1.5469 (2.2375)	Acc@1 45.000 (67.104)	Acc@5 96.667 (89.235)	Mem 27995MB
Test: [70/834]	Time 7.535 (11.063)	Loss 1.9805 (2.2261)	Acc@1 78.333 (66.549)	Acc@5 88.333 (89.202)	Mem 27995MB
Test: [80/834]	Time 10.378 (11.003)	Loss 2.3359 (2.1773)	Acc@1 70.000 (68.642)	Acc@5 86.667 (89.897)	Mem 27995MB
Test: [90/834]	Time 9.752 (11.062)	Loss 1.9883 (2.1583)	Acc@1 58.333 (68.864)	Acc@5 90.000 (89.689)	Mem 27995MB
Test: [100/834]	Time 11.590 (11.006)	Loss 2.0410 (2.1304)	Acc@1 70.000 (69.604)	Acc@5 86.667 (89.802)	Mem 27995MB
Test: [110/834]	Time 10.825 (11.006)	Loss 2.3945 (2.1426)	Acc@1 70.000 (69.505)	Acc@5 93.333 (89.700)	Mem 27995MB
Test: [120/834]	Time 7.376 (10.992)	Loss 1.9014 (2.1282)	Acc@1 83.333 (70.028)	Acc@5 96.667 (89.890)	Mem 27995MB
Test: [130/834]	Time 10.556 (10.998)	Loss 2.4609 (2.1198)	Acc@1 80.000 (70.242)	Acc@5 93.333 (90.102)	Mem 27995MB
Test: [140/834]	Time 12.816 (10.979)	Loss 1.6436 (2.1451)	Acc@1 91.667 (69.846)	Acc@5 98.333 (90.035)	Mem 27995MB
Test: [150/834]	Time 7.607 (10.953)	Loss 2.5137 (2.1647)	Acc@1 58.333 (69.757)	Acc@5 86.667 (89.879)	Mem 27995MB
Test: [160/834]	Time 12.421 (11.004)	Loss 2.9629 (2.2022)	Acc@1 60.000 (69.306)	Acc@5 78.333 (89.607)	Mem 27995MB
Test: [170/834]	Time 10.753 (11.020)	Loss 3.0879 (2.2376)	Acc@1 43.333 (68.480)	Acc@5 81.667 (89.405)	Mem 27995MB
Test: [180/834]	Time 12.064 (11.080)	Loss 1.8311 (2.2595)	Acc@1 93.333 (68.435)	Acc@5 98.333 (89.401)	Mem 27995MB
Test: [190/834]	Time 13.784 (11.068)	Loss 2.0273 (2.2810)	Acc@1 80.000 (68.202)	Acc@5 90.000 (89.258)	Mem 27995MB
Test: [200/834]	Time 10.725 (11.058)	Loss 3.1641 (2.3161)	Acc@1 33.333 (67.214)	Acc@5 85.000 (88.988)	Mem 27995MB
Test: [210/834]	Time 7.644 (11.045)	Loss 1.7793 (2.3283)	Acc@1 88.333 (66.975)	Acc@5 96.667 (88.949)	Mem 27995MB
Test: [220/834]	Time 9.824 (11.064)	Loss 2.9609 (2.3345)	Acc@1 56.667 (67.074)	Acc@5 86.667 (89.035)	Mem 27995MB
Test: [230/834]	Time 13.135 (11.098)	Loss 2.5293 (2.3362)	Acc@1 68.333 (67.092)	Acc@5 85.000 (89.105)	Mem 27995MB
Test: [240/834]	Time 10.384 (11.100)	Loss 1.4346 (2.3340)	Acc@1 81.667 (67.123)	Acc@5 100.000 (89.212)	Mem 27995MB
Test: [250/834]	Time 7.245 (11.149)	Loss 1.7051 (2.3186)	Acc@1 80.000 (67.629)	Acc@5 95.000 (89.376)	Mem 27995MB
Test: [260/834]	Time 11.396 (11.117)	Loss 3.0762 (2.3268)	Acc@1 45.000 (67.337)	Acc@5 85.000 (89.349)	Mem 27995MB
Test: [270/834]	Time 8.637 (11.116)	Loss 1.1855 (2.3188)	Acc@1 95.000 (67.669)	Acc@5 100.000 (89.422)	Mem 27995MB
Test: [280/834]	Time 12.722 (11.140)	Loss 2.5996 (2.3031)	Acc@1 53.333 (67.983)	Acc@5 86.667 (89.466)	Mem 27995MB
Test: [290/834]	Time 11.824 (11.133)	Loss 3.2266 (2.3012)	Acc@1 33.333 (67.658)	Acc@5 80.000 (89.433)	Mem 27995MB
Test: [300/834]	Time 11.387 (11.125)	Loss 2.9473 (2.2911)	Acc@1 45.000 (67.752)	Acc@5 85.000 (89.629)	Mem 27995MB
Test: [310/834]	Time 10.928 (11.130)	Loss 2.3828 (2.2835)	Acc@1 55.000 (67.915)	Acc@5 86.667 (89.620)	Mem 27995MB
Test: [320/834]	Time 12.678 (11.142)	Loss 1.2979 (2.2775)	Acc@1 78.333 (67.825)	Acc@5 96.667 (89.590)	Mem 27995MB
Test: [330/834]	Time 9.880 (11.134)	Loss 1.4775 (2.2679)	Acc@1 78.333 (67.951)	Acc@5 95.000 (89.597)	Mem 27995MB
Test: [340/834]	Time 12.683 (11.138)	Loss 2.6328 (2.2708)	Acc@1 65.000 (67.884)	Acc@5 86.667 (89.570)	Mem 27995MB
Test: [350/834]	Time 11.652 (11.154)	Loss 3.1934 (2.2912)	Acc@1 66.667 (67.550)	Acc@5 83.333 (89.240)	Mem 27995MB
Test: [360/834]	Time 11.527 (11.146)	Loss 2.9922 (2.3012)	Acc@1 45.000 (67.336)	Acc@5 86.667 (89.104)	Mem 27995MB
Test: [370/834]	Time 8.127 (11.093)	Loss 2.9551 (2.3216)	Acc@1 65.000 (66.990)	Acc@5 78.333 (88.715)	Mem 27995MB
Test: [380/834]	Time 5.845 (10.983)	Loss 3.1191 (2.3381)	Acc@1 61.667 (66.592)	Acc@5 83.333 (88.447)	Mem 27995MB
Test: [390/834]	Time 6.220 (10.964)	Loss 2.6641 (2.3534)	Acc@1 50.000 (66.253)	Acc@5 85.000 (88.159)	Mem 27995MB
Test: [400/834]	Time 12.361 (10.920)	Loss 2.7188 (2.3650)	Acc@1 70.000 (66.114)	Acc@5 83.333 (87.968)	Mem 27995MB
Test: [410/834]	Time 5.653 (10.877)	Loss 3.4160 (2.3746)	Acc@1 43.333 (65.815)	Acc@5 70.000 (87.818)	Mem 27995MB
Test: [420/834]	Time 9.851 (10.842)	Loss 3.7266 (2.3904)	Acc@1 36.667 (65.439)	Acc@5 71.667 (87.569)	Mem 27995MB
Test: [430/834]	Time 10.506 (10.797)	Loss 3.3730 (2.4052)	Acc@1 53.333 (65.104)	Acc@5 71.667 (87.324)	Mem 27995MB
Test: [440/834]	Time 5.824 (10.773)	Loss 2.8066 (2.4154)	Acc@1 66.667 (64.811)	Acc@5 80.000 (87.147)	Mem 27995MB
Test: [450/834]	Time 6.293 (10.704)	Loss 1.7656 (2.4169)	Acc@1 81.667 (64.763)	Acc@5 91.667 (87.062)	Mem 27995MB
Test: [460/834]	Time 7.818 (10.687)	Loss 3.0371 (2.4276)	Acc@1 65.000 (64.483)	Acc@5 78.333 (86.884)	Mem 27995MB
Test: [470/834]	Time 9.516 (10.686)	Loss 2.6289 (2.4325)	Acc@1 56.667 (64.402)	Acc@5 78.333 (86.808)	Mem 27995MB
Test: [480/834]	Time 10.812 (10.640)	Loss 1.6240 (2.4342)	Acc@1 85.000 (64.459)	Acc@5 95.000 (86.743)	Mem 27995MB
Test: [490/834]	Time 11.705 (10.623)	Loss 2.1113 (2.4441)	Acc@1 73.333 (64.175)	Acc@5 93.333 (86.599)	Mem 27995MB
Test: [500/834]	Time 9.685 (10.605)	Loss 3.6543 (2.4498)	Acc@1 38.333 (64.079)	Acc@5 63.333 (86.514)	Mem 27995MB
Test: [510/834]	Time 10.168 (10.610)	Loss 1.8203 (2.4496)	Acc@1 83.333 (64.145)	Acc@5 91.667 (86.504)	Mem 27995MB
Test: [520/834]	Time 9.097 (10.576)	Loss 2.8633 (2.4632)	Acc@1 53.333 (63.871)	Acc@5 76.667 (86.286)	Mem 27995MB
Test: [530/834]	Time 11.050 (10.576)	Loss 2.7109 (2.4666)	Acc@1 60.000 (63.820)	Acc@5 83.333 (86.262)	Mem 27995MB
Test: [540/834]	Time 10.655 (10.543)	Loss 3.1348 (2.4708)	Acc@1 45.000 (63.746)	Acc@5 76.667 (86.186)	Mem 27995MB
Test: [550/834]	Time 10.114 (10.525)	Loss 2.2637 (2.4818)	Acc@1 76.667 (63.430)	Acc@5 93.333 (85.998)	Mem 27995MB
Test: [560/834]	Time 9.562 (10.520)	Loss 2.1152 (2.4857)	Acc@1 80.000 (63.399)	Acc@5 95.000 (85.954)	Mem 27995MB
Test: [570/834]	Time 7.009 (10.496)	Loss 1.9902 (2.4928)	Acc@1 86.667 (63.301)	Acc@5 93.333 (85.893)	Mem 27995MB
Test: [580/834]	Time 11.006 (10.492)	Loss 3.3496 (2.4935)	Acc@1 55.000 (63.279)	Acc@5 75.000 (85.835)	Mem 27995MB
Test: [590/834]	Time 10.697 (10.488)	Loss 2.3613 (2.4975)	Acc@1 73.333 (63.274)	Acc@5 93.333 (85.773)	Mem 27995MB
Test: [600/834]	Time 9.592 (10.486)	Loss 2.5762 (2.4986)	Acc@1 68.333 (63.231)	Acc@5 86.667 (85.779)	Mem 27995MB
Test: [610/834]	Time 10.014 (10.446)	Loss 2.9629 (2.5013)	Acc@1 55.000 (63.167)	Acc@5 73.333 (85.679)	Mem 27995MB
Test: [620/834]	Time 12.339 (10.430)	Loss 3.0273 (2.5043)	Acc@1 63.333 (63.119)	Acc@5 86.667 (85.617)	Mem 27995MB
Test: [630/834]	Time 8.647 (10.418)	Loss 2.7871 (2.5090)	Acc@1 60.000 (62.974)	Acc@5 85.000 (85.555)	Mem 27995MB
Test: [640/834]	Time 5.980 (10.394)	Loss 2.0625 (2.5155)	Acc@1 76.667 (62.897)	Acc@5 90.000 (85.421)	Mem 27995MB
Test: [650/834]	Time 12.062 (10.390)	Loss 2.2168 (2.5218)	Acc@1 50.000 (62.801)	Acc@5 93.333 (85.341)	Mem 27995MB
Test: [660/834]	Time 11.388 (10.371)	Loss 3.7188 (2.5265)	Acc@1 41.667 (62.733)	Acc@5 63.333 (85.247)	Mem 27995MB
Test: [670/834]	Time 9.032 (10.344)	Loss 2.7578 (2.5274)	Acc@1 66.667 (62.742)	Acc@5 93.333 (85.199)	Mem 27995MB
Test: [680/834]	Time 6.944 (10.311)	Loss 2.1445 (2.5292)	Acc@1 76.667 (62.653)	Acc@5 95.000 (85.176)	Mem 27995MB
Test: [690/834]	Time 7.537 (10.276)	Loss 3.4922 (2.5330)	Acc@1 38.333 (62.571)	Acc@5 70.000 (85.137)	Mem 27995MB
Test: [700/834]	Time 9.661 (10.246)	Loss 2.8281 (2.5412)	Acc@1 65.000 (62.385)	Acc@5 81.667 (85.043)	Mem 27995MB
Test: [710/834]	Time 5.469 (10.203)	Loss 2.4375 (2.5483)	Acc@1 65.000 (62.229)	Acc@5 86.667 (84.988)	Mem 27995MB
Test: [720/834]	Time 10.231 (10.178)	Loss 3.1367 (2.5481)	Acc@1 45.000 (62.307)	Acc@5 86.667 (84.993)	Mem 27995MB
Test: [730/834]	Time 4.986 (10.134)	Loss 4.2461 (2.5522)	Acc@1 18.333 (62.198)	Acc@5 51.667 (84.975)	Mem 27995MB
Test: [740/834]	Time 5.255 (10.079)	Loss 2.9238 (2.5571)	Acc@1 61.667 (62.105)	Acc@5 81.667 (84.867)	Mem 27995MB
Test: [750/834]	Time 6.635 (10.035)	Loss 2.0898 (2.5612)	Acc@1 81.667 (62.006)	Acc@5 88.333 (84.820)	Mem 27995MB
Test: [760/834]	Time 7.188 (10.001)	Loss 1.7256 (2.5637)	Acc@1 86.667 (61.886)	Acc@5 96.667 (84.763)	Mem 27995MB
Test: [770/834]	Time 6.948 (9.951)	Loss 1.8662 (2.5600)	Acc@1 68.333 (61.952)	Acc@5 93.333 (84.788)	Mem 27995MB
Test: [780/834]	Time 7.896 (9.912)	Loss 1.3125 (2.5542)	Acc@1 81.667 (62.027)	Acc@5 93.333 (84.831)	Mem 27995MB
Test: [790/834]	Time 6.949 (9.869)	Loss 1.7617 (2.5422)	Acc@1 76.667 (62.206)	Acc@5 91.667 (84.958)	Mem 27995MB
Test: [800/834]	Time 7.053 (9.829)	Loss 2.3281 (2.5333)	Acc@1 66.667 (62.426)	Acc@5 86.667 (85.048)	Mem 27995MB
Test: [810/834]	Time 6.765 (9.780)	Loss 2.7520 (2.5369)	Acc@1 35.000 (62.324)	Acc@5 91.667 (84.996)	Mem 27995MB
Test: [820/834]	Time 6.049 (9.740)	Loss 1.4570 (2.5390)	Acc@1 90.000 (62.259)	Acc@5 95.000 (84.935)	Mem 27995MB
Test: [830/834]	Time 6.333 (9.695)	Loss 1.2861 (2.5238)	Acc@1 85.000 (62.535)	Acc@5 93.333 (85.068)	Mem 27995MB
 * Acc@1 62.492 Acc@5 85.039
