using init_vssm ======================== 
Successfully load ckpt /media/Disk2/LiuYue/Visualize/analyze/../../ckpts/vssmtiny/ckpt_epoch_292.pth
starting loop: img_size 224; len(dataset) 50003
Test: [0/391]	Time 3.475 (3.475)	Loss 0.2964 (0.2964)	Acc@1 96.094 (96.094)	Acc@5 99.219 (99.219)	Mem 6446MB
Test: [10/391]	Time 1.925 (1.809)	Loss 0.9800 (0.4355)	Acc@1 78.906 (92.188)	Acc@5 98.438 (98.509)	Mem 6446MB
Test: [20/391]	Time 1.912 (1.706)	Loss 0.5264 (0.5602)	Acc@1 89.062 (87.835)	Acc@5 96.875 (97.879)	Mem 6446MB
Test: [30/391]	Time 3.178 (2.274)	Loss 1.0742 (0.6756)	Acc@1 82.812 (84.728)	Acc@5 92.188 (97.303)	Mem 6446MB
Test: [40/391]	Time 6.488 (2.566)	Loss 0.4502 (0.6039)	Acc@1 92.188 (86.814)	Acc@5 96.875 (97.637)	Mem 6446MB
Test: [50/391]	Time 4.231 (3.009)	Loss 0.1884 (0.6062)	Acc@1 98.438 (87.178)	Acc@5 100.000 (97.518)	Mem 6446MB
Test: [60/391]	Time 4.383 (3.445)	Loss 0.8315 (0.5730)	Acc@1 81.250 (88.051)	Acc@5 96.094 (97.695)	Mem 6446MB
Test: [70/391]	Time 5.934 (3.702)	Loss 0.6958 (0.6009)	Acc@1 79.688 (87.280)	Acc@5 99.219 (97.601)	Mem 6446MB
Test: [80/391]	Time 5.853 (3.954)	Loss 0.6367 (0.6144)	Acc@1 83.594 (86.863)	Acc@5 96.875 (97.492)	Mem 6446MB
Test: [90/391]	Time 5.573 (4.082)	Loss 0.8066 (0.6166)	Acc@1 77.344 (86.865)	Acc@5 97.656 (97.519)	Mem 6446MB
Test: [100/391]	Time 5.957 (4.234)	Loss 0.4409 (0.6181)	Acc@1 92.969 (86.665)	Acc@5 98.438 (97.610)	Mem 6446MB
Test: [110/391]	Time 5.383 (4.424)	Loss 1.1104 (0.6291)	Acc@1 62.500 (86.226)	Acc@5 98.438 (97.593)	Mem 6446MB
Test: [120/391]	Time 6.350 (4.558)	Loss 0.4895 (0.6284)	Acc@1 91.406 (86.402)	Acc@5 97.656 (97.598)	Mem 6446MB
Test: [130/391]	Time 5.789 (4.681)	Loss 0.2810 (0.6203)	Acc@1 96.094 (86.623)	Acc@5 100.000 (97.609)	Mem 6446MB
Test: [140/391]	Time 7.023 (4.755)	Loss 1.0215 (0.6188)	Acc@1 74.219 (86.503)	Acc@5 99.219 (97.717)	Mem 6446MB
Test: [150/391]	Time 8.976 (4.883)	Loss 0.6890 (0.6261)	Acc@1 77.344 (86.372)	Acc@5 98.438 (97.661)	Mem 6446MB
Test: [160/391]	Time 6.440 (4.960)	Loss 0.7002 (0.6297)	Acc@1 82.031 (86.267)	Acc@5 96.094 (97.588)	Mem 6446MB
Test: [170/391]	Time 5.763 (4.992)	Loss 1.3711 (0.6460)	Acc@1 67.969 (85.805)	Acc@5 92.188 (97.483)	Mem 6446MB
Test: [180/391]	Time 5.417 (5.050)	Loss 1.5166 (0.6616)	Acc@1 62.500 (85.437)	Acc@5 92.188 (97.341)	Mem 6446MB
Test: [190/391]	Time 5.964 (5.117)	Loss 1.3145 (0.6830)	Acc@1 68.750 (84.854)	Acc@5 92.969 (97.129)	Mem 6446MB
Test: [200/391]	Time 3.372 (5.129)	Loss 0.4685 (0.6983)	Acc@1 89.062 (84.511)	Acc@5 98.438 (96.937)	Mem 6446MB
Test: [210/391]	Time 6.049 (5.154)	Loss 0.9292 (0.7118)	Acc@1 79.688 (84.160)	Acc@5 96.094 (96.856)	Mem 6446MB
Test: [220/391]	Time 6.884 (5.214)	Loss 0.3145 (0.7127)	Acc@1 92.969 (84.177)	Acc@5 99.219 (96.804)	Mem 6446MB
Test: [230/391]	Time 6.978 (5.258)	Loss 1.1299 (0.7161)	Acc@1 75.000 (84.098)	Acc@5 91.406 (96.767)	Mem 6446MB
Test: [240/391]	Time 5.940 (5.301)	Loss 0.6792 (0.7147)	Acc@1 89.844 (84.223)	Acc@5 93.750 (96.710)	Mem 6446MB
Test: [250/391]	Time 6.492 (5.303)	Loss 0.5107 (0.7303)	Acc@1 89.062 (83.746)	Acc@5 99.219 (96.570)	Mem 6446MB
Test: [260/391]	Time 7.159 (5.336)	Loss 0.6733 (0.7396)	Acc@1 82.812 (83.480)	Acc@5 96.875 (96.486)	Mem 6446MB
Test: [270/391]	Time 6.587 (5.324)	Loss 1.3350 (0.7468)	Acc@1 70.312 (83.297)	Acc@5 92.188 (96.422)	Mem 6446MB
Test: [280/391]	Time 4.326 (5.336)	Loss 0.9648 (0.7491)	Acc@1 76.562 (83.246)	Acc@5 96.875 (96.397)	Mem 6446MB
Test: [290/391]	Time 5.399 (5.357)	Loss 1.2070 (0.7543)	Acc@1 52.344 (83.113)	Acc@5 93.750 (96.325)	Mem 6446MB
Test: [300/391]	Time 5.217 (5.340)	Loss 0.6382 (0.7587)	Acc@1 87.500 (83.056)	Acc@5 97.656 (96.273)	Mem 6446MB
Test: [310/391]	Time 5.008 (5.351)	Loss 0.8696 (0.7627)	Acc@1 82.031 (82.986)	Acc@5 93.750 (96.214)	Mem 6446MB
Test: [320/391]	Time 6.340 (5.374)	Loss 0.4436 (0.7676)	Acc@1 90.625 (82.856)	Acc@5 98.438 (96.157)	Mem 6446MB
Test: [330/391]	Time 4.803 (5.368)	Loss 1.3525 (0.7777)	Acc@1 61.719 (82.551)	Acc@5 92.188 (96.094)	Mem 6446MB
Test: [340/391]	Time 5.854 (5.375)	Loss 0.7197 (0.7812)	Acc@1 84.375 (82.451)	Acc@5 98.438 (96.055)	Mem 6446MB
Test: [350/391]	Time 5.569 (5.386)	Loss 0.7222 (0.7824)	Acc@1 82.812 (82.383)	Acc@5 95.312 (96.034)	Mem 6446MB
Test: [360/391]	Time 5.080 (5.405)	Loss 1.2725 (0.7890)	Acc@1 69.531 (82.207)	Acc@5 95.312 (96.001)	Mem 6446MB
Test: [370/391]	Time 7.713 (5.439)	Loss 0.9854 (0.7869)	Acc@1 67.188 (82.221)	Acc@5 99.219 (96.033)	Mem 6446MB
Test: [380/391]	Time 5.691 (5.437)	Loss 0.7476 (0.7896)	Acc@1 82.812 (82.167)	Acc@5 98.438 (96.016)	Mem 6446MB
Test: [390/391]	Time 3.159 (5.456)	Loss 1.6240 (0.7882)	Acc@1 55.422 (82.169)	Acc@5 90.361 (96.028)	Mem 6446MB
 * Acc@1 82.169 Acc@5 96.028
Successfully load ckpt /media/Disk2/LiuYue/Visualize/analyze/../../ckpts/vssmtiny/ckpt_epoch_292.pth
starting loop: img_size 64; len(dataset) 50003
Test: [0/391]	Time 1.473 (1.473)	Loss 3.9473 (3.9473)	Acc@1 64.062 (64.062)	Acc@5 77.344 (77.344)	Mem 6446MB
Test: [10/391]	Time 5.615 (2.381)	Loss 6.3125 (4.5012)	Acc@1 42.188 (55.753)	Acc@5 66.406 (75.639)	Mem 6446MB
Test: [20/391]	Time 2.590 (2.428)	Loss 5.6211 (5.4406)	Acc@1 53.125 (47.805)	Acc@5 67.969 (69.196)	Mem 6446MB
Test: [30/391]	Time 3.408 (2.597)	Loss 6.9883 (5.9397)	Acc@1 43.750 (44.002)	Acc@5 63.281 (66.507)	Mem 6446MB
Test: [40/391]	Time 2.571 (2.695)	Loss 4.1094 (5.3761)	Acc@1 60.938 (49.276)	Acc@5 73.438 (69.817)	Mem 6446MB
Test: [50/391]	Time 1.713 (2.637)	Loss 2.4453 (5.4213)	Acc@1 76.562 (48.989)	Acc@5 86.719 (69.945)	Mem 6446MB
Test: [60/391]	Time 2.006 (2.663)	Loss 5.5312 (5.1438)	Acc@1 45.312 (51.127)	Acc@5 71.094 (71.901)	Mem 6446MB
Test: [70/391]	Time 1.984 (2.608)	Loss 6.7344 (5.1707)	Acc@1 39.062 (50.550)	Acc@5 63.281 (72.304)	Mem 6446MB
Test: [80/391]	Time 2.480 (2.600)	Loss 6.0586 (5.1914)	Acc@1 37.500 (49.971)	Acc@5 67.969 (72.463)	Mem 6446MB
Test: [90/391]	Time 1.726 (2.556)	Loss 4.4297 (5.1663)	Acc@1 45.312 (49.880)	Acc@5 81.250 (72.879)	Mem 6446MB
Test: [100/391]	Time 1.518 (2.460)	Loss 5.5898 (5.1514)	Acc@1 42.969 (49.629)	Acc@5 77.344 (73.314)	Mem 6446MB
Test: [110/391]	Time 1.775 (2.403)	Loss 5.7656 (5.1321)	Acc@1 36.719 (49.740)	Acc@5 74.219 (73.628)	Mem 6446MB
Test: [120/391]	Time 1.591 (2.355)	Loss 7.0508 (5.1206)	Acc@1 37.500 (50.136)	Acc@5 62.500 (73.896)	Mem 6446MB
Test: [130/391]	Time 1.319 (2.312)	Loss 5.1367 (5.1461)	Acc@1 57.031 (50.179)	Acc@5 72.656 (73.622)	Mem 6446MB
Test: [140/391]	Time 2.595 (2.270)	Loss 5.4844 (5.0854)	Acc@1 48.438 (50.615)	Acc@5 73.438 (74.019)	Mem 6446MB
Test: [150/391]	Time 2.380 (2.238)	Loss 3.5664 (5.0264)	Acc@1 57.031 (51.024)	Acc@5 86.719 (74.446)	Mem 6446MB
Test: [160/391]	Time 2.183 (2.205)	Loss 6.1094 (5.0760)	Acc@1 39.844 (50.772)	Acc@5 66.406 (74.161)	Mem 6446MB
Test: [170/391]	Time 1.290 (2.181)	Loss 6.3242 (5.1861)	Acc@1 29.688 (50.073)	Acc@5 67.188 (73.456)	Mem 6446MB
Test: [180/391]	Time 1.592 (2.173)	Loss 7.2422 (5.2788)	Acc@1 32.812 (49.366)	Acc@5 59.375 (72.928)	Mem 6446MB
Test: [190/391]	Time 1.312 (2.153)	Loss 7.2266 (5.3546)	Acc@1 29.688 (48.634)	Acc@5 63.281 (72.374)	Mem 6446MB
Test: [200/391]	Time 1.311 (2.122)	Loss 7.9258 (5.4541)	Acc@1 28.906 (47.897)	Acc@5 54.688 (71.774)	Mem 6446MB
Test: [210/391]	Time 1.188 (2.091)	Loss 6.7227 (5.5013)	Acc@1 42.188 (47.538)	Acc@5 63.281 (71.486)	Mem 6446MB
Test: [220/391]	Time 1.269 (2.056)	Loss 4.7461 (5.5344)	Acc@1 54.688 (47.320)	Acc@5 76.562 (71.147)	Mem 6446MB
Test: [230/391]	Time 1.276 (2.024)	Loss 9.6562 (5.5757)	Acc@1 22.656 (47.152)	Acc@5 47.656 (70.871)	Mem 6446MB
Test: [240/391]	Time 1.212 (1.996)	Loss 6.4609 (5.6145)	Acc@1 39.062 (46.950)	Acc@5 66.406 (70.569)	Mem 6446MB
Test: [250/391]	Time 1.133 (1.964)	Loss 5.6719 (5.6793)	Acc@1 40.625 (46.439)	Acc@5 70.312 (70.225)	Mem 6446MB
Test: [260/391]	Time 1.294 (1.936)	Loss 6.2656 (5.7267)	Acc@1 36.719 (46.067)	Acc@5 69.531 (69.941)	Mem 6446MB
Test: [270/391]	Time 1.370 (1.911)	Loss 6.9961 (5.7505)	Acc@1 38.281 (45.932)	Acc@5 65.625 (69.768)	Mem 6446MB
Test: [280/391]	Time 1.208 (1.888)	Loss 6.9492 (5.7638)	Acc@1 31.250 (45.816)	Acc@5 59.375 (69.640)	Mem 6446MB
Test: [290/391]	Time 0.997 (1.865)	Loss 7.2891 (5.7996)	Acc@1 28.125 (45.662)	Acc@5 64.062 (69.392)	Mem 6446MB
Test: [300/391]	Time 0.977 (1.844)	Loss 6.7227 (5.8213)	Acc@1 46.875 (45.590)	Acc@5 62.500 (69.222)	Mem 6446MB
Test: [310/391]	Time 1.140 (1.826)	Loss 6.2773 (5.8639)	Acc@1 42.969 (45.307)	Acc@5 70.312 (68.943)	Mem 6446MB
Test: [320/391]	Time 1.127 (1.809)	Loss 3.7637 (5.8710)	Acc@1 62.500 (45.218)	Acc@5 78.906 (68.894)	Mem 6446MB
Test: [330/391]	Time 0.999 (1.789)	Loss 7.1367 (5.9278)	Acc@1 35.156 (44.814)	Acc@5 60.156 (68.523)	Mem 6446MB
Test: [340/391]	Time 1.439 (1.773)	Loss 4.8984 (5.9280)	Acc@1 50.781 (44.758)	Acc@5 80.469 (68.525)	Mem 6446MB
Test: [350/391]	Time 1.037 (1.758)	Loss 4.5508 (5.9315)	Acc@1 49.219 (44.683)	Acc@5 73.438 (68.474)	Mem 6446MB
Test: [360/391]	Time 1.173 (1.743)	Loss 7.5039 (5.9544)	Acc@1 32.812 (44.553)	Acc@5 71.094 (68.402)	Mem 6446MB
Test: [370/391]	Time 1.524 (1.731)	Loss 4.2031 (5.9356)	Acc@1 57.031 (44.710)	Acc@5 81.250 (68.596)	Mem 6446MB
Test: [380/391]	Time 1.324 (1.717)	Loss 2.1094 (5.9217)	Acc@1 79.688 (44.919)	Acc@5 92.969 (68.693)	Mem 6446MB
Test: [390/391]	Time 0.791 (1.708)	Loss 8.0391 (5.8607)	Acc@1 20.482 (45.341)	Acc@5 56.627 (69.076)	Mem 6446MB
 * Acc@1 45.341 Acc@5 69.076
Successfully load ckpt /media/Disk2/LiuYue/Visualize/analyze/../../ckpts/vssmtiny/ckpt_epoch_292.pth
starting loop: img_size 112; len(dataset) 50003
Warning, x.shape torch.Size([128, 7, 7, 384]) is not match even ===========
Test: [0/391]	Time 2.301 (2.301)	Loss 0.6235 (0.6235)	Acc@1 90.625 (90.625)	Acc@5 96.094 (96.094)	Mem 6446MB
Warning, x.shape torch.Size([128, 7, 7, 384]) is not match even ===========
Warning, x.shape torch.Size([128, 7, 7, 384]) is not match even ===========
Warning, x.shape torch.Size([128, 7, 7, 384]) is not match even ===========
Warning, x.shape torch.Size([128, 7, 7, 384]) is not match even ===========
Warning, x.shape torch.Size([128, 7, 7, 384]) is not match even ===========
Warning, x.shape torch.Size([128, 7, 7, 384]) is not match even ===========
Warning, x.shape torch.Size([128, 7, 7, 384]) is not match even ===========
Warning, x.shape torch.Size([128, 7, 7, 384]) is not match even ===========
Warning, x.shape torch.Size([128, 7, 7, 384]) is not match even ===========
Warning, x.shape torch.Size([128, 7, 7, 384]) is not match even ===========
Test: [10/391]	Time 4.965 (3.672)	Loss 1.9941 (0.8692)	Acc@1 67.969 (84.730)	Acc@5 89.844 (94.744)	Mem 6446MB
Warning, x.shape torch.Size([128, 7, 7, 384]) is not match even ===========
Warning, x.shape torch.Size([128, 7, 7, 384]) is not match even ===========
Warning, x.shape torch.Size([128, 7, 7, 384]) is not match even ===========
Warning, x.shape torch.Size([128, 7, 7, 384]) is not match even ===========
Warning, x.shape torch.Size([128, 7, 7, 384]) is not match even ===========
Warning, x.shape torch.Size([128, 7, 7, 384]) is not match even ===========
Warning, x.shape torch.Size([128, 7, 7, 384]) is not match even ===========
Warning, x.shape torch.Size([128, 7, 7, 384]) is not match even ===========
Warning, x.shape torch.Size([128, 7, 7, 384]) is not match even ===========
Warning, x.shape torch.Size([128, 7, 7, 384]) is not match even ===========
Test: [20/391]	Time 2.621 (3.393)	Loss 1.3027 (1.3031)	Acc@1 82.031 (77.902)	Acc@5 89.062 (92.262)	Mem 6446MB
Warning, x.shape torch.Size([128, 7, 7, 384]) is not match even ===========
Warning, x.shape torch.Size([128, 7, 7, 384]) is not match even ===========
Warning, x.shape torch.Size([128, 7, 7, 384]) is not match even ===========
Warning, x.shape torch.Size([128, 7, 7, 384]) is not match even ===========
Warning, x.shape torch.Size([128, 7, 7, 384]) is not match even ===========
Warning, x.shape torch.Size([128, 7, 7, 384]) is not match even ===========
Warning, x.shape torch.Size([128, 7, 7, 384]) is not match even ===========
Warning, x.shape torch.Size([128, 7, 7, 384]) is not match even ===========
Warning, x.shape torch.Size([128, 7, 7, 384]) is not match even ===========
Warning, x.shape torch.Size([128, 7, 7, 384]) is not match even ===========
Test: [30/391]	Time 2.157 (3.304)	Loss 1.7637 (1.5055)	Acc@1 75.781 (74.471)	Acc@5 90.625 (91.431)	Mem 6446MB
Warning, x.shape torch.Size([128, 7, 7, 384]) is not match even ===========
Warning, x.shape torch.Size([128, 7, 7, 384]) is not match even ===========
Warning, x.shape torch.Size([128, 7, 7, 384]) is not match even ===========
Warning, x.shape torch.Size([128, 7, 7, 384]) is not match even ===========
Warning, x.shape torch.Size([128, 7, 7, 384]) is not match even ===========
Warning, x.shape torch.Size([128, 7, 7, 384]) is not match even ===========
Warning, x.shape torch.Size([128, 7, 7, 384]) is not match even ===========
Warning, x.shape torch.Size([128, 7, 7, 384]) is not match even ===========
Warning, x.shape torch.Size([128, 7, 7, 384]) is not match even ===========
Warning, x.shape torch.Size([128, 7, 7, 384]) is not match even ===========
Test: [40/391]	Time 3.446 (3.207)	Loss 0.8315 (1.3115)	Acc@1 85.156 (77.649)	Acc@5 92.188 (92.511)	Mem 6446MB
Warning, x.shape torch.Size([128, 7, 7, 384]) is not match even ===========
Warning, x.shape torch.Size([128, 7, 7, 384]) is not match even ===========
Warning, x.shape torch.Size([128, 7, 7, 384]) is not match even ===========
Warning, x.shape torch.Size([128, 7, 7, 384]) is not match even ===========
Warning, x.shape torch.Size([128, 7, 7, 384]) is not match even ===========
Warning, x.shape torch.Size([128, 7, 7, 384]) is not match even ===========
Warning, x.shape torch.Size([128, 7, 7, 384]) is not match even ===========
Warning, x.shape torch.Size([128, 7, 7, 384]) is not match even ===========
Warning, x.shape torch.Size([128, 7, 7, 384]) is not match even ===========
Warning, x.shape torch.Size([128, 7, 7, 384]) is not match even ===========
Test: [50/391]	Time 2.674 (3.241)	Loss 0.3374 (1.3112)	Acc@1 93.750 (78.002)	Acc@5 97.656 (92.433)	Mem 6446MB
Warning, x.shape torch.Size([128, 7, 7, 384]) is not match even ===========
Warning, x.shape torch.Size([128, 7, 7, 384]) is not match even ===========
Warning, x.shape torch.Size([128, 7, 7, 384]) is not match even ===========
Warning, x.shape torch.Size([128, 7, 7, 384]) is not match even ===========
Warning, x.shape torch.Size([128, 7, 7, 384]) is not match even ===========
Warning, x.shape torch.Size([128, 7, 7, 384]) is not match even ===========
Warning, x.shape torch.Size([128, 7, 7, 384]) is not match even ===========
Warning, x.shape torch.Size([128, 7, 7, 384]) is not match even ===========
Warning, x.shape torch.Size([128, 7, 7, 384]) is not match even ===========
Warning, x.shape torch.Size([128, 7, 7, 384]) is not match even ===========
Test: [60/391]	Time 4.009 (3.394)	Loss 1.6641 (1.2298)	Acc@1 73.438 (79.252)	Acc@5 92.969 (93.122)	Mem 6446MB
Warning, x.shape torch.Size([128, 7, 7, 384]) is not match even ===========
Warning, x.shape torch.Size([128, 7, 7, 384]) is not match even ===========
Warning, x.shape torch.Size([128, 7, 7, 384]) is not match even ===========
Warning, x.shape torch.Size([128, 7, 7, 384]) is not match even ===========
Warning, x.shape torch.Size([128, 7, 7, 384]) is not match even ===========
Warning, x.shape torch.Size([128, 7, 7, 384]) is not match even ===========
Warning, x.shape torch.Size([128, 7, 7, 384]) is not match even ===========
Warning, x.shape torch.Size([128, 7, 7, 384]) is not match even ===========
Warning, x.shape torch.Size([128, 7, 7, 384]) is not match even ===========
Warning, x.shape torch.Size([128, 7, 7, 384]) is not match even ===========
Test: [70/391]	Time 4.345 (3.550)	Loss 1.5039 (1.2748)	Acc@1 71.094 (78.180)	Acc@5 92.188 (93.079)	Mem 6446MB
Warning, x.shape torch.Size([128, 7, 7, 384]) is not match even ===========
Warning, x.shape torch.Size([128, 7, 7, 384]) is not match even ===========
Warning, x.shape torch.Size([128, 7, 7, 384]) is not match even ===========
Warning, x.shape torch.Size([128, 7, 7, 384]) is not match even ===========
Warning, x.shape torch.Size([128, 7, 7, 384]) is not match even ===========
Warning, x.shape torch.Size([128, 7, 7, 384]) is not match even ===========
Warning, x.shape torch.Size([128, 7, 7, 384]) is not match even ===========
Warning, x.shape torch.Size([128, 7, 7, 384]) is not match even ===========
Warning, x.shape torch.Size([128, 7, 7, 384]) is not match even ===========
Warning, x.shape torch.Size([128, 7, 7, 384]) is not match even ===========
Test: [80/391]	Time 3.938 (3.633)	Loss 1.6436 (1.2946)	Acc@1 70.312 (77.527)	Acc@5 87.500 (93.094)	Mem 6446MB
Warning, x.shape torch.Size([128, 7, 7, 384]) is not match even ===========
Warning, x.shape torch.Size([128, 7, 7, 384]) is not match even ===========
Warning, x.shape torch.Size([128, 7, 7, 384]) is not match even ===========
Warning, x.shape torch.Size([128, 7, 7, 384]) is not match even ===========
Warning, x.shape torch.Size([128, 7, 7, 384]) is not match even ===========
Warning, x.shape torch.Size([128, 7, 7, 384]) is not match even ===========
Warning, x.shape torch.Size([128, 7, 7, 384]) is not match even ===========
Warning, x.shape torch.Size([128, 7, 7, 384]) is not match even ===========
Warning, x.shape torch.Size([128, 7, 7, 384]) is not match even ===========
Warning, x.shape torch.Size([128, 7, 7, 384]) is not match even ===========
Test: [90/391]	Time 4.611 (3.705)	Loss 1.6094 (1.2938)	Acc@1 66.406 (77.524)	Acc@5 92.188 (93.218)	Mem 6446MB
Warning, x.shape torch.Size([128, 7, 7, 384]) is not match even ===========
Warning, x.shape torch.Size([128, 7, 7, 384]) is not match even ===========
Warning, x.shape torch.Size([128, 7, 7, 384]) is not match even ===========
Warning, x.shape torch.Size([128, 7, 7, 384]) is not match even ===========
Warning, x.shape torch.Size([128, 7, 7, 384]) is not match even ===========
Warning, x.shape torch.Size([128, 7, 7, 384]) is not match even ===========
Warning, x.shape torch.Size([128, 7, 7, 384]) is not match even ===========
Warning, x.shape torch.Size([128, 7, 7, 384]) is not match even ===========
Warning, x.shape torch.Size([128, 7, 7, 384]) is not match even ===========
Warning, x.shape torch.Size([128, 7, 7, 384]) is not match even ===========
Test: [100/391]	Time 4.110 (3.756)	Loss 1.0752 (1.2859)	Acc@1 78.125 (77.235)	Acc@5 95.312 (93.433)	Mem 6446MB
Warning, x.shape torch.Size([128, 7, 7, 384]) is not match even ===========
Warning, x.shape torch.Size([128, 7, 7, 384]) is not match even ===========
Warning, x.shape torch.Size([128, 7, 7, 384]) is not match even ===========
Warning, x.shape torch.Size([128, 7, 7, 384]) is not match even ===========
Warning, x.shape torch.Size([128, 7, 7, 384]) is not match even ===========
Warning, x.shape torch.Size([128, 7, 7, 384]) is not match even ===========
Warning, x.shape torch.Size([128, 7, 7, 384]) is not match even ===========
Warning, x.shape torch.Size([128, 7, 7, 384]) is not match even ===========
Warning, x.shape torch.Size([128, 7, 7, 384]) is not match even ===========
Warning, x.shape torch.Size([128, 7, 7, 384]) is not match even ===========
Test: [110/391]	Time 4.239 (3.805)	Loss 1.8672 (1.2850)	Acc@1 52.344 (77.034)	Acc@5 95.312 (93.644)	Mem 6446MB
Warning, x.shape torch.Size([128, 7, 7, 384]) is not match even ===========
Warning, x.shape torch.Size([128, 7, 7, 384]) is not match even ===========
Warning, x.shape torch.Size([128, 7, 7, 384]) is not match even ===========
Warning, x.shape torch.Size([128, 7, 7, 384]) is not match even ===========
Warning, x.shape torch.Size([128, 7, 7, 384]) is not match even ===========
Warning, x.shape torch.Size([128, 7, 7, 384]) is not match even ===========
Warning, x.shape torch.Size([128, 7, 7, 384]) is not match even ===========
Warning, x.shape torch.Size([128, 7, 7, 384]) is not match even ===========
Warning, x.shape torch.Size([128, 7, 7, 384]) is not match even ===========
Warning, x.shape torch.Size([128, 7, 7, 384]) is not match even ===========
Test: [120/391]	Time 4.384 (3.883)	Loss 1.4561 (1.2810)	Acc@1 73.438 (77.292)	Acc@5 92.969 (93.731)	Mem 6446MB
Warning, x.shape torch.Size([128, 7, 7, 384]) is not match even ===========
Warning, x.shape torch.Size([128, 7, 7, 384]) is not match even ===========
Warning, x.shape torch.Size([128, 7, 7, 384]) is not match even ===========
Warning, x.shape torch.Size([128, 7, 7, 384]) is not match even ===========
Warning, x.shape torch.Size([128, 7, 7, 384]) is not match even ===========
Warning, x.shape torch.Size([128, 7, 7, 384]) is not match even ===========
Warning, x.shape torch.Size([128, 7, 7, 384]) is not match even ===========
Warning, x.shape torch.Size([128, 7, 7, 384]) is not match even ===========
Warning, x.shape torch.Size([128, 7, 7, 384]) is not match even ===========
Warning, x.shape torch.Size([128, 7, 7, 384]) is not match even ===========
Test: [130/391]	Time 4.070 (3.935)	Loss 0.7778 (1.2696)	Acc@1 89.062 (77.594)	Acc@5 96.094 (93.756)	Mem 6446MB
Warning, x.shape torch.Size([128, 7, 7, 384]) is not match even ===========
Warning, x.shape torch.Size([128, 7, 7, 384]) is not match even ===========
Warning, x.shape torch.Size([128, 7, 7, 384]) is not match even ===========
Warning, x.shape torch.Size([128, 7, 7, 384]) is not match even ===========
Warning, x.shape torch.Size([128, 7, 7, 384]) is not match even ===========
Warning, x.shape torch.Size([128, 7, 7, 384]) is not match even ===========
Warning, x.shape torch.Size([128, 7, 7, 384]) is not match even ===========
Warning, x.shape torch.Size([128, 7, 7, 384]) is not match even ===========
Warning, x.shape torch.Size([128, 7, 7, 384]) is not match even ===========
Warning, x.shape torch.Size([128, 7, 7, 384]) is not match even ===========
Test: [140/391]	Time 4.954 (3.961)	Loss 1.2607 (1.2594)	Acc@1 71.094 (77.576)	Acc@5 96.094 (93.889)	Mem 6446MB
Warning, x.shape torch.Size([128, 7, 7, 384]) is not match even ===========
Warning, x.shape torch.Size([128, 7, 7, 384]) is not match even ===========
Warning, x.shape torch.Size([128, 7, 7, 384]) is not match even ===========
Warning, x.shape torch.Size([128, 7, 7, 384]) is not match even ===========
Warning, x.shape torch.Size([128, 7, 7, 384]) is not match even ===========
Warning, x.shape torch.Size([128, 7, 7, 384]) is not match even ===========
Warning, x.shape torch.Size([128, 7, 7, 384]) is not match even ===========
Warning, x.shape torch.Size([128, 7, 7, 384]) is not match even ===========
Warning, x.shape torch.Size([128, 7, 7, 384]) is not match even ===========
Warning, x.shape torch.Size([128, 7, 7, 384]) is not match even ===========
Test: [150/391]	Time 6.796 (4.042)	Loss 1.1631 (1.2581)	Acc@1 76.562 (77.752)	Acc@5 93.750 (93.890)	Mem 6446MB
Warning, x.shape torch.Size([128, 7, 7, 384]) is not match even ===========
Warning, x.shape torch.Size([128, 7, 7, 384]) is not match even ===========
Warning, x.shape torch.Size([128, 7, 7, 384]) is not match even ===========
Warning, x.shape torch.Size([128, 7, 7, 384]) is not match even ===========
Warning, x.shape torch.Size([128, 7, 7, 384]) is not match even ===========
Warning, x.shape torch.Size([128, 7, 7, 384]) is not match even ===========
Warning, x.shape torch.Size([128, 7, 7, 384]) is not match even ===========
Warning, x.shape torch.Size([128, 7, 7, 384]) is not match even ===========
Warning, x.shape torch.Size([128, 7, 7, 384]) is not match even ===========
Warning, x.shape torch.Size([128, 7, 7, 384]) is not match even ===========
Test: [160/391]	Time 6.149 (4.109)	Loss 1.6094 (1.2770)	Acc@1 68.750 (77.552)	Acc@5 91.406 (93.697)	Mem 6446MB
Warning, x.shape torch.Size([128, 7, 7, 384]) is not match even ===========
Warning, x.shape torch.Size([128, 7, 7, 384]) is not match even ===========
Warning, x.shape torch.Size([128, 7, 7, 384]) is not match even ===========
Warning, x.shape torch.Size([128, 7, 7, 384]) is not match even ===========
Warning, x.shape torch.Size([128, 7, 7, 384]) is not match even ===========
Warning, x.shape torch.Size([128, 7, 7, 384]) is not match even ===========
Warning, x.shape torch.Size([128, 7, 7, 384]) is not match even ===========
Warning, x.shape torch.Size([128, 7, 7, 384]) is not match even ===========
Warning, x.shape torch.Size([128, 7, 7, 384]) is not match even ===========
Warning, x.shape torch.Size([128, 7, 7, 384]) is not match even ===========
Test: [170/391]	Time 5.381 (4.187)	Loss 2.3184 (1.3311)	Acc@1 57.031 (76.837)	Acc@5 85.938 (93.339)	Mem 6446MB
Warning, x.shape torch.Size([128, 7, 7, 384]) is not match even ===========
Warning, x.shape torch.Size([128, 7, 7, 384]) is not match even ===========
Warning, x.shape torch.Size([128, 7, 7, 384]) is not match even ===========
Warning, x.shape torch.Size([128, 7, 7, 384]) is not match even ===========
Warning, x.shape torch.Size([128, 7, 7, 384]) is not match even ===========
Warning, x.shape torch.Size([128, 7, 7, 384]) is not match even ===========
Warning, x.shape torch.Size([128, 7, 7, 384]) is not match even ===========
Warning, x.shape torch.Size([128, 7, 7, 384]) is not match even ===========
Warning, x.shape torch.Size([128, 7, 7, 384]) is not match even ===========
Warning, x.shape torch.Size([128, 7, 7, 384]) is not match even ===========
Test: [180/391]	Time 5.400 (4.263)	Loss 3.0645 (1.3760)	Acc@1 50.000 (76.247)	Acc@5 82.812 (92.990)	Mem 6446MB
Warning, x.shape torch.Size([128, 7, 7, 384]) is not match even ===========
Warning, x.shape torch.Size([128, 7, 7, 384]) is not match even ===========
Warning, x.shape torch.Size([128, 7, 7, 384]) is not match even ===========
Warning, x.shape torch.Size([128, 7, 7, 384]) is not match even ===========
Warning, x.shape torch.Size([128, 7, 7, 384]) is not match even ===========
Warning, x.shape torch.Size([128, 7, 7, 384]) is not match even ===========
Warning, x.shape torch.Size([128, 7, 7, 384]) is not match even ===========
Warning, x.shape torch.Size([128, 7, 7, 384]) is not match even ===========
Warning, x.shape torch.Size([128, 7, 7, 384]) is not match even ===========
Warning, x.shape torch.Size([128, 7, 7, 384]) is not match even ===========
Test: [190/391]	Time 4.641 (4.346)	Loss 2.7637 (1.4231)	Acc@1 58.594 (75.560)	Acc@5 84.375 (92.642)	Mem 6446MB
Warning, x.shape torch.Size([128, 7, 7, 384]) is not match even ===========
Warning, x.shape torch.Size([128, 7, 7, 384]) is not match even ===========
Warning, x.shape torch.Size([128, 7, 7, 384]) is not match even ===========
Warning, x.shape torch.Size([128, 7, 7, 384]) is not match even ===========
Warning, x.shape torch.Size([128, 7, 7, 384]) is not match even ===========
Warning, x.shape torch.Size([128, 7, 7, 384]) is not match even ===========
Warning, x.shape torch.Size([128, 7, 7, 384]) is not match even ===========
Warning, x.shape torch.Size([128, 7, 7, 384]) is not match even ===========
Warning, x.shape torch.Size([128, 7, 7, 384]) is not match even ===========
Warning, x.shape torch.Size([128, 7, 7, 384]) is not match even ===========
Test: [200/391]	Time 4.556 (4.384)	Loss 1.4932 (1.4694)	Acc@1 71.094 (74.992)	Acc@5 89.062 (92.238)	Mem 6446MB
Warning, x.shape torch.Size([128, 7, 7, 384]) is not match even ===========
Warning, x.shape torch.Size([128, 7, 7, 384]) is not match even ===========
Warning, x.shape torch.Size([128, 7, 7, 384]) is not match even ===========
Warning, x.shape torch.Size([128, 7, 7, 384]) is not match even ===========
Warning, x.shape torch.Size([128, 7, 7, 384]) is not match even ===========
Warning, x.shape torch.Size([128, 7, 7, 384]) is not match even ===========
Warning, x.shape torch.Size([128, 7, 7, 384]) is not match even ===========
Warning, x.shape torch.Size([128, 7, 7, 384]) is not match even ===========
Warning, x.shape torch.Size([128, 7, 7, 384]) is not match even ===========
Warning, x.shape torch.Size([128, 7, 7, 384]) is not match even ===========
Test: [210/391]	Time 5.458 (4.427)	Loss 2.2441 (1.4952)	Acc@1 65.625 (74.582)	Acc@5 82.031 (91.991)	Mem 6446MB
Warning, x.shape torch.Size([128, 7, 7, 384]) is not match even ===========
Warning, x.shape torch.Size([128, 7, 7, 384]) is not match even ===========
Warning, x.shape torch.Size([128, 7, 7, 384]) is not match even ===========
Warning, x.shape torch.Size([128, 7, 7, 384]) is not match even ===========
Warning, x.shape torch.Size([128, 7, 7, 384]) is not match even ===========
Warning, x.shape torch.Size([128, 7, 7, 384]) is not match even ===========
Warning, x.shape torch.Size([128, 7, 7, 384]) is not match even ===========
Warning, x.shape torch.Size([128, 7, 7, 384]) is not match even ===========
Warning, x.shape torch.Size([128, 7, 7, 384]) is not match even ===========
Warning, x.shape torch.Size([128, 7, 7, 384]) is not match even ===========
Test: [220/391]	Time 6.114 (4.495)	Loss 0.9590 (1.5072)	Acc@1 83.594 (74.491)	Acc@5 92.969 (91.809)	Mem 6446MB
Warning, x.shape torch.Size([128, 7, 7, 384]) is not match even ===========
Warning, x.shape torch.Size([128, 7, 7, 384]) is not match even ===========
Warning, x.shape torch.Size([128, 7, 7, 384]) is not match even ===========
Warning, x.shape torch.Size([128, 7, 7, 384]) is not match even ===========
Warning, x.shape torch.Size([128, 7, 7, 384]) is not match even ===========
Warning, x.shape torch.Size([128, 7, 7, 384]) is not match even ===========
Warning, x.shape torch.Size([128, 7, 7, 384]) is not match even ===========
Warning, x.shape torch.Size([128, 7, 7, 384]) is not match even ===========
Warning, x.shape torch.Size([128, 7, 7, 384]) is not match even ===========
Warning, x.shape torch.Size([128, 7, 7, 384]) is not match even ===========
Test: [230/391]	Time 6.370 (4.559)	Loss 2.9316 (1.5220)	Acc@1 55.469 (74.334)	Acc@5 80.469 (91.660)	Mem 6446MB
Warning, x.shape torch.Size([128, 7, 7, 384]) is not match even ===========
Warning, x.shape torch.Size([128, 7, 7, 384]) is not match even ===========
Warning, x.shape torch.Size([128, 7, 7, 384]) is not match even ===========
Warning, x.shape torch.Size([128, 7, 7, 384]) is not match even ===========
Warning, x.shape torch.Size([128, 7, 7, 384]) is not match even ===========
Warning, x.shape torch.Size([128, 7, 7, 384]) is not match even ===========
Warning, x.shape torch.Size([128, 7, 7, 384]) is not match even ===========
Warning, x.shape torch.Size([128, 7, 7, 384]) is not match even ===========
Warning, x.shape torch.Size([128, 7, 7, 384]) is not match even ===========
Warning, x.shape torch.Size([128, 7, 7, 384]) is not match even ===========
Test: [240/391]	Time 5.596 (4.602)	Loss 1.7852 (1.5319)	Acc@1 75.781 (74.232)	Acc@5 84.375 (91.510)	Mem 6446MB
Warning, x.shape torch.Size([128, 7, 7, 384]) is not match even ===========
Warning, x.shape torch.Size([128, 7, 7, 384]) is not match even ===========
Warning, x.shape torch.Size([128, 7, 7, 384]) is not match even ===========
Warning, x.shape torch.Size([128, 7, 7, 384]) is not match even ===========
Warning, x.shape torch.Size([128, 7, 7, 384]) is not match even ===========
Warning, x.shape torch.Size([128, 7, 7, 384]) is not match even ===========
Warning, x.shape torch.Size([128, 7, 7, 384]) is not match even ===========
Warning, x.shape torch.Size([128, 7, 7, 384]) is not match even ===========
Warning, x.shape torch.Size([128, 7, 7, 384]) is not match even ===========
Warning, x.shape torch.Size([128, 7, 7, 384]) is not match even ===========
Test: [250/391]	Time 3.766 (4.606)	Loss 1.2109 (1.5621)	Acc@1 78.906 (73.727)	Acc@5 94.531 (91.319)	Mem 6446MB
Warning, x.shape torch.Size([128, 7, 7, 384]) is not match even ===========
Warning, x.shape torch.Size([128, 7, 7, 384]) is not match even ===========
Warning, x.shape torch.Size([128, 7, 7, 384]) is not match even ===========
Warning, x.shape torch.Size([128, 7, 7, 384]) is not match even ===========
Warning, x.shape torch.Size([128, 7, 7, 384]) is not match even ===========
Warning, x.shape torch.Size([128, 7, 7, 384]) is not match even ===========
Warning, x.shape torch.Size([128, 7, 7, 384]) is not match even ===========
Warning, x.shape torch.Size([128, 7, 7, 384]) is not match even ===========
Warning, x.shape torch.Size([128, 7, 7, 384]) is not match even ===========
Warning, x.shape torch.Size([128, 7, 7, 384]) is not match even ===========
Test: [260/391]	Time 5.055 (4.585)	Loss 1.4590 (1.5905)	Acc@1 71.875 (73.327)	Acc@5 93.750 (91.137)	Mem 6446MB
Warning, x.shape torch.Size([128, 7, 7, 384]) is not match even ===========
Warning, x.shape torch.Size([128, 7, 7, 384]) is not match even ===========
Warning, x.shape torch.Size([128, 7, 7, 384]) is not match even ===========
Warning, x.shape torch.Size([128, 7, 7, 384]) is not match even ===========
Warning, x.shape torch.Size([128, 7, 7, 384]) is not match even ===========
Warning, x.shape torch.Size([128, 7, 7, 384]) is not match even ===========
Warning, x.shape torch.Size([128, 7, 7, 384]) is not match even ===========
Warning, x.shape torch.Size([128, 7, 7, 384]) is not match even ===========
Warning, x.shape torch.Size([128, 7, 7, 384]) is not match even ===========
Warning, x.shape torch.Size([128, 7, 7, 384]) is not match even ===========
Test: [270/391]	Time 5.933 (4.601)	Loss 2.6211 (1.6119)	Acc@1 60.938 (73.066)	Acc@5 87.500 (90.991)	Mem 6446MB
Warning, x.shape torch.Size([128, 7, 7, 384]) is not match even ===========
Warning, x.shape torch.Size([128, 7, 7, 384]) is not match even ===========
Warning, x.shape torch.Size([128, 7, 7, 384]) is not match even ===========
Warning, x.shape torch.Size([128, 7, 7, 384]) is not match even ===========
Warning, x.shape torch.Size([128, 7, 7, 384]) is not match even ===========
Warning, x.shape torch.Size([128, 7, 7, 384]) is not match even ===========
Warning, x.shape torch.Size([128, 7, 7, 384]) is not match even ===========
Warning, x.shape torch.Size([128, 7, 7, 384]) is not match even ===========
Warning, x.shape torch.Size([128, 7, 7, 384]) is not match even ===========
Warning, x.shape torch.Size([128, 7, 7, 384]) is not match even ===========
Test: [280/391]	Time 5.063 (4.642)	Loss 1.7559 (1.6192)	Acc@1 64.844 (72.998)	Acc@5 91.406 (90.945)	Mem 6446MB
Warning, x.shape torch.Size([128, 7, 7, 384]) is not match even ===========
Warning, x.shape torch.Size([128, 7, 7, 384]) is not match even ===========
Warning, x.shape torch.Size([128, 7, 7, 384]) is not match even ===========
Warning, x.shape torch.Size([128, 7, 7, 384]) is not match even ===========
Warning, x.shape torch.Size([128, 7, 7, 384]) is not match even ===========
Warning, x.shape torch.Size([128, 7, 7, 384]) is not match even ===========
Warning, x.shape torch.Size([128, 7, 7, 384]) is not match even ===========
Warning, x.shape torch.Size([128, 7, 7, 384]) is not match even ===========
Warning, x.shape torch.Size([128, 7, 7, 384]) is not match even ===========
Warning, x.shape torch.Size([128, 7, 7, 384]) is not match even ===========
Test: [290/391]	Time 4.885 (4.665)	Loss 3.0430 (1.6435)	Acc@1 44.531 (72.731)	Acc@5 78.125 (90.738)	Mem 6446MB
Warning, x.shape torch.Size([128, 7, 7, 384]) is not match even ===========
Warning, x.shape torch.Size([128, 7, 7, 384]) is not match even ===========
Warning, x.shape torch.Size([128, 7, 7, 384]) is not match even ===========
Warning, x.shape torch.Size([128, 7, 7, 384]) is not match even ===========
Warning, x.shape torch.Size([128, 7, 7, 384]) is not match even ===========
Warning, x.shape torch.Size([128, 7, 7, 384]) is not match even ===========
Warning, x.shape torch.Size([128, 7, 7, 384]) is not match even ===========
Warning, x.shape torch.Size([128, 7, 7, 384]) is not match even ===========
Warning, x.shape torch.Size([128, 7, 7, 384]) is not match even ===========
Warning, x.shape torch.Size([128, 7, 7, 384]) is not match even ===========
Test: [300/391]	Time 4.995 (4.687)	Loss 1.7305 (1.6574)	Acc@1 75.000 (72.591)	Acc@5 86.719 (90.573)	Mem 6446MB
Warning, x.shape torch.Size([128, 7, 7, 384]) is not match even ===========
Warning, x.shape torch.Size([128, 7, 7, 384]) is not match even ===========
Warning, x.shape torch.Size([128, 7, 7, 384]) is not match even ===========
Warning, x.shape torch.Size([128, 7, 7, 384]) is not match even ===========
Warning, x.shape torch.Size([128, 7, 7, 384]) is not match even ===========
Warning, x.shape torch.Size([128, 7, 7, 384]) is not match even ===========
Warning, x.shape torch.Size([128, 7, 7, 384]) is not match even ===========
Warning, x.shape torch.Size([128, 7, 7, 384]) is not match even ===========
Warning, x.shape torch.Size([128, 7, 7, 384]) is not match even ===========
Warning, x.shape torch.Size([128, 7, 7, 384]) is not match even ===========
Test: [310/391]	Time 4.898 (4.714)	Loss 2.6465 (1.6811)	Acc@1 61.719 (72.350)	Acc@5 85.938 (90.369)	Mem 6446MB
Warning, x.shape torch.Size([128, 7, 7, 384]) is not match even ===========
Warning, x.shape torch.Size([128, 7, 7, 384]) is not match even ===========
Warning, x.shape torch.Size([128, 7, 7, 384]) is not match even ===========
Warning, x.shape torch.Size([128, 7, 7, 384]) is not match even ===========
Warning, x.shape torch.Size([128, 7, 7, 384]) is not match even ===========
Warning, x.shape torch.Size([128, 7, 7, 384]) is not match even ===========
Warning, x.shape torch.Size([128, 7, 7, 384]) is not match even ===========
Warning, x.shape torch.Size([128, 7, 7, 384]) is not match even ===========
Warning, x.shape torch.Size([128, 7, 7, 384]) is not match even ===========
Warning, x.shape torch.Size([128, 7, 7, 384]) is not match even ===========
Test: [320/391]	Time 5.129 (4.746)	Loss 0.8257 (1.6899)	Acc@1 83.594 (72.213)	Acc@5 94.531 (90.333)	Mem 6446MB
Warning, x.shape torch.Size([128, 7, 7, 384]) is not match even ===========
Warning, x.shape torch.Size([128, 7, 7, 384]) is not match even ===========
Warning, x.shape torch.Size([128, 7, 7, 384]) is not match even ===========
Warning, x.shape torch.Size([128, 7, 7, 384]) is not match even ===========
Warning, x.shape torch.Size([128, 7, 7, 384]) is not match even ===========
Warning, x.shape torch.Size([128, 7, 7, 384]) is not match even ===========
Warning, x.shape torch.Size([128, 7, 7, 384]) is not match even ===========
Warning, x.shape torch.Size([128, 7, 7, 384]) is not match even ===========
Warning, x.shape torch.Size([128, 7, 7, 384]) is not match even ===========
Warning, x.shape torch.Size([128, 7, 7, 384]) is not match even ===========
Test: [330/391]	Time 4.926 (4.760)	Loss 2.4375 (1.7180)	Acc@1 57.031 (71.842)	Acc@5 79.688 (90.063)	Mem 6446MB
Warning, x.shape torch.Size([128, 7, 7, 384]) is not match even ===========
Warning, x.shape torch.Size([128, 7, 7, 384]) is not match even ===========
Warning, x.shape torch.Size([128, 7, 7, 384]) is not match even ===========
Warning, x.shape torch.Size([128, 7, 7, 384]) is not match even ===========
Warning, x.shape torch.Size([128, 7, 7, 384]) is not match even ===========
Warning, x.shape torch.Size([128, 7, 7, 384]) is not match even ===========
Warning, x.shape torch.Size([128, 7, 7, 384]) is not match even ===========
Warning, x.shape torch.Size([128, 7, 7, 384]) is not match even ===========
Warning, x.shape torch.Size([128, 7, 7, 384]) is not match even ===========
Warning, x.shape torch.Size([128, 7, 7, 384]) is not match even ===========
Test: [340/391]	Time 6.206 (4.772)	Loss 1.4102 (1.7226)	Acc@1 67.969 (71.735)	Acc@5 94.531 (90.034)	Mem 6446MB
Warning, x.shape torch.Size([128, 7, 7, 384]) is not match even ===========
Warning, x.shape torch.Size([128, 7, 7, 384]) is not match even ===========
Warning, x.shape torch.Size([128, 7, 7, 384]) is not match even ===========
Warning, x.shape torch.Size([128, 7, 7, 384]) is not match even ===========
Warning, x.shape torch.Size([128, 7, 7, 384]) is not match even ===========
Warning, x.shape torch.Size([128, 7, 7, 384]) is not match even ===========
Warning, x.shape torch.Size([128, 7, 7, 384]) is not match even ===========
Warning, x.shape torch.Size([128, 7, 7, 384]) is not match even ===========
Warning, x.shape torch.Size([128, 7, 7, 384]) is not match even ===========
Warning, x.shape torch.Size([128, 7, 7, 384]) is not match even ===========
Test: [350/391]	Time 3.265 (4.752)	Loss 1.4414 (1.7302)	Acc@1 73.438 (71.615)	Acc@5 92.188 (89.975)	Mem 6446MB
Warning, x.shape torch.Size([128, 7, 7, 384]) is not match even ===========
Warning, x.shape torch.Size([128, 7, 7, 384]) is not match even ===========
Warning, x.shape torch.Size([128, 7, 7, 384]) is not match even ===========
Warning, x.shape torch.Size([128, 7, 7, 384]) is not match even ===========
Warning, x.shape torch.Size([128, 7, 7, 384]) is not match even ===========
Warning, x.shape torch.Size([128, 7, 7, 384]) is not match even ===========
Warning, x.shape torch.Size([128, 7, 7, 384]) is not match even ===========
Warning, x.shape torch.Size([128, 7, 7, 384]) is not match even ===========
Warning, x.shape torch.Size([128, 7, 7, 384]) is not match even ===========
Warning, x.shape torch.Size([128, 7, 7, 384]) is not match even ===========
Test: [360/391]	Time 5.490 (4.741)	Loss 2.6406 (1.7422)	Acc@1 50.000 (71.427)	Acc@5 87.500 (89.911)	Mem 6446MB
Warning, x.shape torch.Size([128, 7, 7, 384]) is not match even ===========
Warning, x.shape torch.Size([128, 7, 7, 384]) is not match even ===========
Warning, x.shape torch.Size([128, 7, 7, 384]) is not match even ===========
Warning, x.shape torch.Size([128, 7, 7, 384]) is not match even ===========
Warning, x.shape torch.Size([128, 7, 7, 384]) is not match even ===========
Warning, x.shape torch.Size([128, 7, 7, 384]) is not match even ===========
Warning, x.shape torch.Size([128, 7, 7, 384]) is not match even ===========
Warning, x.shape torch.Size([128, 7, 7, 384]) is not match even ===========
Warning, x.shape torch.Size([128, 7, 7, 384]) is not match even ===========
Warning, x.shape torch.Size([128, 7, 7, 384]) is not match even ===========
Test: [370/391]	Time 5.900 (4.764)	Loss 2.0684 (1.7340)	Acc@1 63.281 (71.506)	Acc@5 92.969 (90.027)	Mem 6446MB
Warning, x.shape torch.Size([128, 7, 7, 384]) is not match even ===========
Warning, x.shape torch.Size([128, 7, 7, 384]) is not match even ===========
Warning, x.shape torch.Size([128, 7, 7, 384]) is not match even ===========
Warning, x.shape torch.Size([128, 7, 7, 384]) is not match even ===========
Warning, x.shape torch.Size([128, 7, 7, 384]) is not match even ===========
Warning, x.shape torch.Size([128, 7, 7, 384]) is not match even ===========
Warning, x.shape torch.Size([128, 7, 7, 384]) is not match even ===========
Warning, x.shape torch.Size([128, 7, 7, 384]) is not match even ===========
Warning, x.shape torch.Size([128, 7, 7, 384]) is not match even ===========
Warning, x.shape torch.Size([128, 7, 7, 384]) is not match even ===========
Test: [380/391]	Time 4.985 (4.764)	Loss 0.8242 (1.7345)	Acc@1 83.594 (71.510)	Acc@5 96.094 (90.016)	Mem 6446MB
Warning, x.shape torch.Size([128, 7, 7, 384]) is not match even ===========
Warning, x.shape torch.Size([128, 7, 7, 384]) is not match even ===========
Warning, x.shape torch.Size([128, 7, 7, 384]) is not match even ===========
Warning, x.shape torch.Size([128, 7, 7, 384]) is not match even ===========
Warning, x.shape torch.Size([128, 7, 7, 384]) is not match even ===========
Warning, x.shape torch.Size([128, 7, 7, 384]) is not match even ===========
Warning, x.shape torch.Size([128, 7, 7, 384]) is not match even ===========
Warning, x.shape torch.Size([128, 7, 7, 384]) is not match even ===========
Warning, x.shape torch.Size([128, 7, 7, 384]) is not match even ===========
Warning, x.shape torch.Size([83, 7, 7, 384]) is not match even ===========
Test: [390/391]	Time 3.420 (4.779)	Loss 3.2754 (1.7202)	Acc@1 42.169 (71.668)	Acc@5 84.337 (90.139)	Mem 6446MB
 * Acc@1 71.668 Acc@5 90.139
Successfully load ckpt /media/Disk2/LiuYue/Visualize/analyze/../../ckpts/vssmtiny/ckpt_epoch_292.pth
starting loop: img_size 384; len(dataset) 50003
Test: [0/391]	Time 6.883 (6.883)	Loss 0.4871 (0.4871)	Acc@1 94.531 (94.531)	Acc@5 99.219 (99.219)	Mem 18591MB
Test: [10/391]	Time 11.475 (9.584)	Loss 0.9985 (0.5083)	Acc@1 80.469 (92.827)	Acc@5 98.438 (98.793)	Mem 18591MB
Test: [20/391]	Time 10.072 (9.280)	Loss 0.5723 (0.6403)	Acc@1 88.281 (88.467)	Acc@5 98.438 (98.214)	Mem 18591MB
Test: [30/391]	Time 11.509 (8.869)	Loss 1.2979 (0.7546)	Acc@1 72.656 (85.081)	Acc@5 90.625 (97.631)	Mem 18591MB
Test: [40/391]	Time 10.456 (8.874)	Loss 0.5713 (0.6922)	Acc@1 94.531 (87.157)	Acc@5 97.656 (97.923)	Mem 18591MB
Test: [50/391]	Time 10.633 (8.974)	Loss 0.3589 (0.7006)	Acc@1 98.438 (87.423)	Acc@5 100.000 (97.840)	Mem 18591MB
Test: [60/391]	Time 9.575 (9.054)	Loss 0.9707 (0.6740)	Acc@1 80.469 (88.192)	Acc@5 96.094 (98.028)	Mem 18591MB
Test: [70/391]	Time 9.723 (9.056)	Loss 0.8076 (0.7007)	Acc@1 83.594 (87.566)	Acc@5 98.438 (97.898)	Mem 18591MB
Test: [80/391]	Time 7.197 (8.932)	Loss 0.7944 (0.7176)	Acc@1 85.156 (87.143)	Acc@5 96.875 (97.801)	Mem 18591MB
Test: [90/391]	Time 8.272 (8.833)	Loss 1.0156 (0.7257)	Acc@1 70.312 (87.105)	Acc@5 98.438 (97.751)	Mem 18591MB
Test: [100/391]	Time 7.166 (8.757)	Loss 0.5903 (0.7269)	Acc@1 92.969 (86.920)	Acc@5 99.219 (97.826)	Mem 18591MB
Test: [110/391]	Time 9.855 (8.773)	Loss 1.2539 (0.7388)	Acc@1 57.812 (86.430)	Acc@5 98.438 (97.839)	Mem 18591MB
Test: [120/391]	Time 9.789 (8.802)	Loss 0.5562 (0.7358)	Acc@1 92.188 (86.674)	Acc@5 99.219 (97.856)	Mem 18591MB
Test: [130/391]	Time 9.465 (8.884)	Loss 0.3582 (0.7269)	Acc@1 96.875 (86.927)	Acc@5 100.000 (97.877)	Mem 18591MB
Test: [140/391]	Time 8.270 (8.879)	Loss 1.1182 (0.7269)	Acc@1 73.438 (86.824)	Acc@5 100.000 (97.950)	Mem 18591MB
Test: [150/391]	Time 11.033 (8.909)	Loss 0.8325 (0.7348)	Acc@1 76.562 (86.579)	Acc@5 98.438 (97.858)	Mem 18591MB
Test: [160/391]	Time 10.011 (8.915)	Loss 0.7539 (0.7376)	Acc@1 85.938 (86.568)	Acc@5 97.656 (97.802)	Mem 18591MB
Test: [170/391]	Time 6.943 (8.876)	Loss 1.6318 (0.7563)	Acc@1 67.188 (86.070)	Acc@5 88.281 (97.652)	Mem 18591MB
Test: [180/391]	Time 8.885 (8.853)	Loss 1.6006 (0.7725)	Acc@1 60.156 (85.700)	Acc@5 92.969 (97.505)	Mem 18591MB
Test: [190/391]	Time 6.196 (8.852)	Loss 1.3809 (0.7927)	Acc@1 70.312 (85.119)	Acc@5 92.969 (97.313)	Mem 18591MB
Test: [200/391]	Time 7.632 (8.849)	Loss 0.7104 (0.8083)	Acc@1 85.938 (84.690)	Acc@5 99.219 (97.132)	Mem 18591MB
Test: [210/391]	Time 8.033 (8.830)	Loss 0.9731 (0.8216)	Acc@1 78.906 (84.386)	Acc@5 96.875 (97.060)	Mem 18591MB
Test: [220/391]	Time 11.043 (8.845)	Loss 0.5312 (0.8239)	Acc@1 90.625 (84.340)	Acc@5 99.219 (97.031)	Mem 18591MB
Test: [230/391]	Time 10.439 (8.869)	Loss 1.1641 (0.8278)	Acc@1 77.344 (84.267)	Acc@5 92.188 (96.987)	Mem 18591MB
Test: [240/391]	Time 9.752 (8.876)	Loss 0.8135 (0.8274)	Acc@1 88.281 (84.339)	Acc@5 93.750 (96.943)	Mem 18591MB
Test: [250/391]	Time 8.666 (8.864)	Loss 0.6489 (0.8420)	Acc@1 92.969 (83.849)	Acc@5 100.000 (96.835)	Mem 18591MB
Test: [260/391]	Time 8.409 (8.866)	Loss 0.9473 (0.8529)	Acc@1 78.906 (83.585)	Acc@5 96.094 (96.722)	Mem 18591MB
Test: [270/391]	Time 6.189 (8.859)	Loss 1.4141 (0.8590)	Acc@1 66.406 (83.435)	Acc@5 92.188 (96.670)	Mem 18591MB
Test: [280/391]	Time 9.430 (8.841)	Loss 1.2500 (0.8619)	Acc@1 71.875 (83.391)	Acc@5 96.094 (96.653)	Mem 18591MB
Test: [290/391]	Time 8.622 (8.833)	Loss 1.2578 (0.8666)	Acc@1 60.156 (83.274)	Acc@5 96.875 (96.604)	Mem 18591MB
Test: [300/391]	Time 7.580 (8.813)	Loss 0.8193 (0.8716)	Acc@1 85.156 (83.184)	Acc@5 98.438 (96.525)	Mem 18591MB
Test: [310/391]	Time 8.083 (8.840)	Loss 1.0342 (0.8761)	Acc@1 82.031 (83.089)	Acc@5 93.750 (96.473)	Mem 18591MB
Test: [320/391]	Time 9.294 (8.860)	Loss 0.6899 (0.8814)	Acc@1 90.625 (82.990)	Acc@5 97.656 (96.408)	Mem 18591MB
Test: [330/391]	Time 9.018 (8.853)	Loss 1.2510 (0.8914)	Acc@1 61.719 (82.725)	Acc@5 95.312 (96.334)	Mem 18591MB
Test: [340/391]	Time 10.066 (8.853)	Loss 0.8242 (0.8950)	Acc@1 83.594 (82.641)	Acc@5 98.438 (96.309)	Mem 18591MB
Test: [350/391]	Time 7.682 (8.836)	Loss 0.8086 (0.8963)	Acc@1 85.156 (82.579)	Acc@5 97.656 (96.294)	Mem 18591MB
Test: [360/391]	Time 8.506 (8.822)	Loss 1.2168 (0.9023)	Acc@1 74.219 (82.434)	Acc@5 97.656 (96.269)	Mem 18591MB
Test: [370/391]	Time 7.166 (8.805)	Loss 1.0557 (0.9007)	Acc@1 73.438 (82.455)	Acc@5 99.219 (96.290)	Mem 18591MB
Test: [380/391]	Time 9.193 (8.800)	Loss 0.9858 (0.9036)	Acc@1 78.125 (82.380)	Acc@5 96.875 (96.286)	Mem 18591MB
Test: [390/391]	Time 4.812 (8.800)	Loss 1.6289 (0.9030)	Acc@1 60.241 (82.391)	Acc@5 93.976 (96.300)	Mem 18591MB
 * Acc@1 82.391 Acc@5 96.300
Successfully load ckpt /media/Disk2/LiuYue/Visualize/analyze/../../ckpts/vssmtiny/ckpt_epoch_292.pth
starting loop: img_size 512; len(dataset) 50003
Test: [0/391]	Time 12.157 (12.157)	Loss 0.6182 (0.6182)	Acc@1 94.531 (94.531)	Acc@5 99.219 (99.219)	Mem 32913MB
Test: [10/391]	Time 11.526 (10.692)	Loss 0.9956 (0.5807)	Acc@1 80.469 (93.395)	Acc@5 98.438 (98.651)	Mem 32913MB
Test: [20/391]	Time 8.941 (10.648)	Loss 0.6763 (0.7301)	Acc@1 89.844 (88.244)	Acc@5 97.656 (98.177)	Mem 32913MB
Test: [30/391]	Time 12.107 (10.671)	Loss 1.4004 (0.8460)	Acc@1 69.531 (84.803)	Acc@5 89.844 (97.480)	Mem 32913MB
Test: [40/391]	Time 8.930 (10.590)	Loss 0.7217 (0.7824)	Acc@1 91.406 (86.890)	Acc@5 96.875 (97.713)	Mem 32913MB
Test: [50/391]	Time 10.251 (10.687)	Loss 0.4768 (0.8003)	Acc@1 98.438 (87.071)	Acc@5 100.000 (97.518)	Mem 32913MB
Test: [60/391]	Time 9.390 (10.486)	Loss 1.1504 (0.7764)	Acc@1 79.688 (87.782)	Acc@5 95.312 (97.733)	Mem 32913MB
Test: [70/391]	Time 10.204 (10.448)	Loss 0.9175 (0.8068)	Acc@1 83.594 (86.840)	Acc@5 98.438 (97.546)	Mem 32913MB
Test: [80/391]	Time 10.003 (10.589)	Loss 0.8989 (0.8292)	Acc@1 85.938 (86.362)	Acc@5 96.875 (97.463)	Mem 32913MB
Test: [90/391]	Time 11.442 (10.652)	Loss 1.1670 (0.8411)	Acc@1 64.062 (86.212)	Acc@5 97.656 (97.399)	Mem 32913MB
Test: [100/391]	Time 11.640 (10.697)	Loss 0.7305 (0.8426)	Acc@1 92.188 (86.007)	Acc@5 97.656 (97.486)	Mem 32913MB
Test: [110/391]	Time 11.382 (10.805)	Loss 1.3662 (0.8556)	Acc@1 57.812 (85.572)	Acc@5 97.656 (97.459)	Mem 32913MB
Test: [120/391]	Time 11.401 (10.880)	Loss 0.6768 (0.8503)	Acc@1 92.188 (85.808)	Acc@5 97.656 (97.488)	Mem 32913MB
Test: [130/391]	Time 10.635 (10.834)	Loss 0.4006 (0.8412)	Acc@1 96.875 (86.015)	Acc@5 100.000 (97.543)	Mem 32913MB
Test: [140/391]	Time 10.471 (10.694)	Loss 1.1523 (0.8392)	Acc@1 71.094 (85.954)	Acc@5 100.000 (97.634)	Mem 32913MB
Test: [150/391]	Time 11.302 (10.727)	Loss 0.9741 (0.8478)	Acc@1 71.875 (85.591)	Acc@5 98.438 (97.537)	Mem 32913MB
Test: [160/391]	Time 11.294 (10.686)	Loss 0.9219 (0.8544)	Acc@1 84.375 (85.530)	Acc@5 97.656 (97.452)	Mem 32913MB
Test: [170/391]	Time 10.409 (10.646)	Loss 1.9072 (0.8790)	Acc@1 64.062 (84.946)	Acc@5 86.719 (97.286)	Mem 32913MB
Test: [180/391]	Time 11.130 (10.697)	Loss 1.7588 (0.9010)	Acc@1 56.250 (84.500)	Acc@5 90.625 (97.095)	Mem 32913MB
Test: [190/391]	Time 9.861 (10.711)	Loss 1.5088 (0.9248)	Acc@1 68.750 (83.962)	Acc@5 91.406 (96.850)	Mem 32913MB
Test: [200/391]	Time 10.685 (10.680)	Loss 0.8882 (0.9439)	Acc@1 83.594 (83.543)	Acc@5 98.438 (96.611)	Mem 32913MB
Test: [210/391]	Time 11.138 (10.694)	Loss 1.1650 (0.9607)	Acc@1 78.125 (83.223)	Acc@5 96.094 (96.479)	Mem 32913MB
Test: [220/391]	Time 12.060 (10.718)	Loss 0.7407 (0.9654)	Acc@1 89.844 (83.173)	Acc@5 96.875 (96.437)	Mem 32913MB
Test: [230/391]	Time 14.016 (10.837)	Loss 1.3008 (0.9713)	Acc@1 78.125 (83.120)	Acc@5 92.188 (96.374)	Mem 32913MB
Test: [240/391]	Time 9.854 (10.884)	Loss 0.9731 (0.9730)	Acc@1 88.281 (83.211)	Acc@5 91.406 (96.340)	Mem 32913MB
Test: [250/391]	Time 11.473 (10.929)	Loss 0.8433 (0.9898)	Acc@1 89.844 (82.713)	Acc@5 100.000 (96.209)	Mem 32913MB
Test: [260/391]	Time 13.721 (10.974)	Loss 1.2383 (1.0049)	Acc@1 75.000 (82.369)	Acc@5 96.094 (96.085)	Mem 32913MB
Test: [270/391]	Time 10.443 (10.980)	Loss 1.4990 (1.0123)	Acc@1 65.625 (82.181)	Acc@5 92.188 (96.016)	Mem 32913MB
Test: [280/391]	Time 12.381 (11.018)	Loss 1.5898 (1.0177)	Acc@1 66.406 (82.109)	Acc@5 95.312 (96.005)	Mem 32913MB
Test: [290/391]	Time 7.886 (11.009)	Loss 1.4580 (1.0247)	Acc@1 59.375 (81.980)	Acc@5 95.312 (95.949)	Mem 32913MB
Test: [300/391]	Time 12.343 (11.039)	Loss 0.9937 (1.0303)	Acc@1 86.719 (81.883)	Acc@5 96.094 (95.886)	Mem 32913MB
Test: [310/391]	Time 12.138 (11.068)	Loss 1.3223 (1.0370)	Acc@1 81.250 (81.762)	Acc@5 93.750 (95.802)	Mem 32913MB
Test: [320/391]	Time 11.059 (11.074)	Loss 0.9014 (1.0437)	Acc@1 85.938 (81.591)	Acc@5 97.656 (95.743)	Mem 32913MB
Test: [330/391]	Time 11.719 (11.083)	Loss 1.4072 (1.0568)	Acc@1 64.844 (81.347)	Acc@5 96.094 (95.643)	Mem 32913MB
Test: [340/391]	Time 14.318 (11.091)	Loss 1.0557 (1.0620)	Acc@1 84.375 (81.264)	Acc@5 98.438 (95.610)	Mem 32913MB
Test: [350/391]	Time 11.271 (11.090)	Loss 0.9932 (1.0643)	Acc@1 82.812 (81.197)	Acc@5 98.438 (95.586)	Mem 32913MB
Test: [360/391]	Time 11.309 (11.109)	Loss 1.2559 (1.0704)	Acc@1 71.875 (81.070)	Acc@5 96.875 (95.568)	Mem 32913MB
Test: [370/391]	Time 12.457 (11.114)	Loss 1.2656 (1.0688)	Acc@1 67.188 (81.086)	Acc@5 97.656 (95.595)	Mem 32913MB
Test: [380/391]	Time 10.594 (11.106)	Loss 1.2197 (1.0716)	Acc@1 74.219 (81.022)	Acc@5 96.094 (95.598)	Mem 32913MB
Test: [390/391]	Time 7.585 (11.110)	Loss 1.8818 (1.0707)	Acc@1 60.241 (81.045)	Acc@5 90.361 (95.604)	Mem 32913MB
 * Acc@1 81.045 Acc@5 95.604
Successfully load ckpt /media/Disk2/LiuYue/Visualize/analyze/../../ckpts/vssmtiny/ckpt_epoch_292.pth
starting loop: img_size 640; len(dataset) 50003
Test: [0/391]	Time 16.566 (16.566)	Loss 0.7085 (0.7085)	Acc@1 93.750 (93.750)	Acc@5 98.438 (98.438)	Mem 51327MB
Test: [10/391]	Time 17.944 (14.839)	Loss 1.0205 (0.6400)	Acc@1 80.469 (91.974)	Acc@5 98.438 (98.509)	Mem 51327MB
Test: [20/391]	Time 15.344 (14.417)	Loss 0.7563 (0.8040)	Acc@1 90.625 (86.756)	Acc@5 96.875 (97.731)	Mem 51327MB
Test: [30/391]	Time 18.343 (14.854)	Loss 1.4512 (0.9246)	Acc@1 67.188 (83.291)	Acc@5 90.625 (96.825)	Mem 51327MB
Test: [40/391]	Time 12.714 (14.528)	Loss 0.8472 (0.8534)	Acc@1 89.062 (85.423)	Acc@5 97.656 (97.256)	Mem 51327MB
Test: [50/391]	Time 14.618 (14.596)	Loss 0.5078 (0.8770)	Acc@1 97.656 (85.600)	Acc@5 99.219 (96.967)	Mem 51327MB
Test: [60/391]	Time 15.109 (14.458)	Loss 1.3291 (0.8514)	Acc@1 77.344 (86.335)	Acc@5 94.531 (97.246)	Mem 51327MB
Test: [70/391]	Time 16.600 (14.504)	Loss 1.0703 (0.8855)	Acc@1 79.688 (85.563)	Acc@5 98.438 (97.040)	Mem 51327MB
Test: [80/391]	Time 16.326 (14.602)	Loss 0.9873 (0.9166)	Acc@1 85.156 (84.780)	Acc@5 95.312 (96.894)	Mem 51327MB
Test: [90/391]	Time 16.101 (14.684)	Loss 1.2705 (0.9340)	Acc@1 62.500 (84.504)	Acc@5 97.656 (96.858)	Mem 51327MB
Test: [100/391]	Time 15.008 (14.691)	Loss 0.9219 (0.9383)	Acc@1 90.625 (84.329)	Acc@5 96.094 (96.945)	Mem 51327MB
Test: [110/391]	Time 17.415 (14.763)	Loss 1.4795 (0.9521)	Acc@1 60.156 (83.896)	Acc@5 95.312 (96.896)	Mem 51327MB
Test: [120/391]	Time 15.337 (14.794)	Loss 0.7329 (0.9441)	Acc@1 89.844 (84.123)	Acc@5 96.875 (96.952)	Mem 51327MB
Test: [130/391]	Time 12.232 (14.791)	Loss 0.4077 (0.9346)	Acc@1 99.219 (84.327)	Acc@5 100.000 (97.000)	Mem 51327MB
Test: [140/391]	Time 13.554 (14.781)	Loss 1.2188 (0.9319)	Acc@1 72.656 (84.286)	Acc@5 98.438 (97.074)	Mem 51327MB
Test: [150/391]	Time 18.130 (14.871)	Loss 1.0488 (0.9395)	Acc@1 71.094 (83.904)	Acc@5 97.656 (96.942)	Mem 51327MB
Test: [160/391]	Time 16.259 (14.857)	Loss 1.1299 (0.9496)	Acc@1 80.469 (83.812)	Acc@5 96.094 (96.841)	Mem 51327MB
Test: [170/391]	Time 14.332 (14.835)	Loss 2.2363 (0.9815)	Acc@1 56.250 (83.183)	Acc@5 84.375 (96.596)	Mem 51327MB
Test: [180/391]	Time 15.158 (14.838)	Loss 1.9434 (1.0104)	Acc@1 53.125 (82.644)	Acc@5 88.281 (96.353)	Mem 51327MB
Test: [190/391]	Time 15.783 (14.846)	Loss 1.6309 (1.0388)	Acc@1 64.844 (82.048)	Acc@5 91.406 (96.041)	Mem 51327MB
Test: [200/391]	Time 14.408 (14.833)	Loss 1.0547 (1.0630)	Acc@1 82.812 (81.608)	Acc@5 98.438 (95.767)	Mem 51327MB
Test: [210/391]	Time 14.889 (14.822)	Loss 1.3984 (1.0840)	Acc@1 77.344 (81.276)	Acc@5 94.531 (95.627)	Mem 51327MB
Test: [220/391]	Time 15.811 (14.872)	Loss 0.9194 (1.0928)	Acc@1 87.500 (81.201)	Acc@5 92.969 (95.549)	Mem 51327MB
Test: [230/391]	Time 17.098 (14.919)	Loss 1.4844 (1.1021)	Acc@1 71.875 (81.101)	Acc@5 91.406 (95.488)	Mem 51327MB
Test: [240/391]	Time 14.708 (14.934)	Loss 1.1328 (1.1071)	Acc@1 85.938 (81.166)	Acc@5 92.188 (95.445)	Mem 51327MB
Test: [250/391]	Time 14.450 (14.942)	Loss 1.0977 (1.1275)	Acc@1 83.594 (80.603)	Acc@5 98.438 (95.250)	Mem 51327MB
Test: [260/391]	Time 14.384 (14.942)	Loss 1.5381 (1.1475)	Acc@1 71.094 (80.181)	Acc@5 93.750 (95.073)	Mem 51327MB
Test: [270/391]	Time 14.798 (14.883)	Loss 1.5947 (1.1564)	Acc@1 65.625 (80.010)	Acc@5 92.188 (94.984)	Mem 51327MB
Test: [280/391]	Time 9.177 (14.863)	Loss 1.9131 (1.1646)	Acc@1 64.844 (79.929)	Acc@5 93.750 (94.948)	Mem 51327MB
Test: [290/391]	Time 8.985 (14.824)	Loss 1.5938 (1.1742)	Acc@1 57.031 (79.747)	Acc@5 93.750 (94.886)	Mem 51327MB
Test: [300/391]	Time 14.438 (14.801)	Loss 1.1377 (1.1825)	Acc@1 81.250 (79.620)	Acc@5 92.188 (94.806)	Mem 51327MB
Test: [310/391]	Time 14.980 (14.804)	Loss 1.5967 (1.1917)	Acc@1 79.688 (79.456)	Acc@5 89.844 (94.684)	Mem 51327MB
Test: [320/391]	Time 14.696 (14.775)	Loss 1.1230 (1.1994)	Acc@1 84.375 (79.315)	Acc@5 97.656 (94.619)	Mem 51327MB
Test: [330/391]	Time 14.872 (14.770)	Loss 1.5986 (1.2151)	Acc@1 62.500 (79.022)	Acc@5 91.406 (94.510)	Mem 51327MB
Test: [340/391]	Time 16.454 (14.768)	Loss 1.2627 (1.2216)	Acc@1 82.812 (78.954)	Acc@5 97.656 (94.465)	Mem 51327MB
Test: [350/391]	Time 13.965 (14.773)	Loss 1.2402 (1.2253)	Acc@1 82.031 (78.911)	Acc@5 95.312 (94.431)	Mem 51327MB
Test: [360/391]	Time 11.958 (14.763)	Loss 1.3086 (1.2315)	Acc@1 76.562 (78.785)	Acc@5 96.094 (94.425)	Mem 51327MB
Test: [370/391]	Time 15.018 (14.776)	Loss 1.3672 (1.2290)	Acc@1 67.188 (78.797)	Acc@5 94.531 (94.460)	Mem 51327MB
Test: [380/391]	Time 11.409 (14.761)	Loss 1.4648 (1.2316)	Acc@1 75.781 (78.738)	Acc@5 94.531 (94.464)	Mem 51327MB
Test: [390/391]	Time 8.211 (14.759)	Loss 2.1895 (1.2307)	Acc@1 54.217 (78.763)	Acc@5 84.337 (94.464)	Mem 51327MB
 * Acc@1 78.763 Acc@5 94.464
Successfully load ckpt /media/Disk2/LiuYue/Visualize/analyze/../../ckpts/vssmtiny/ckpt_epoch_292.pth
starting loop: img_size 768; len(dataset) 50003
Test: [0/521]	Time 13.164 (13.164)	Loss 0.8008 (0.8008)	Acc@1 92.708 (92.708)	Acc@5 96.875 (96.875)	Mem 55419MB
Test: [10/521]	Time 13.848 (14.270)	Loss 0.5815 (0.7455)	Acc@1 93.750 (90.057)	Acc@5 96.875 (97.633)	Mem 55419MB
Test: [20/521]	Time 10.887 (14.041)	Loss 0.9351 (0.9007)	Acc@1 86.458 (84.722)	Acc@5 97.917 (97.173)	Mem 55419MB
Test: [30/521]	Time 13.102 (14.061)	Loss 1.3125 (0.9833)	Acc@1 76.042 (82.426)	Acc@5 90.625 (96.539)	Mem 55419MB
Test: [40/521]	Time 13.699 (13.803)	Loss 1.5781 (1.0639)	Acc@1 64.583 (79.980)	Acc@5 88.542 (95.935)	Mem 55419MB
Test: [50/521]	Time 12.599 (13.620)	Loss 0.7710 (0.9929)	Acc@1 89.583 (82.026)	Acc@5 95.833 (96.242)	Mem 55419MB
Test: [60/521]	Time 12.708 (13.456)	Loss 0.9707 (1.0024)	Acc@1 88.542 (82.497)	Acc@5 95.833 (95.953)	Mem 55419MB
Test: [70/521]	Time 15.805 (13.581)	Loss 0.5391 (0.9966)	Acc@1 90.625 (82.879)	Acc@5 100.000 (95.951)	Mem 55419MB
Test: [80/521]	Time 12.967 (13.550)	Loss 1.4678 (0.9779)	Acc@1 76.042 (83.475)	Acc@5 94.792 (96.232)	Mem 55419MB
Test: [90/521]	Time 14.389 (13.514)	Loss 1.1387 (1.0107)	Acc@1 81.250 (82.692)	Acc@5 95.833 (95.982)	Mem 55419MB
Test: [100/521]	Time 14.105 (13.332)	Loss 1.7002 (1.0414)	Acc@1 60.417 (82.044)	Acc@5 93.750 (95.844)	Mem 55419MB
Test: [110/521]	Time 14.977 (13.302)	Loss 1.4561 (1.0658)	Acc@1 70.833 (81.607)	Acc@5 96.875 (95.824)	Mem 55419MB
Test: [120/521]	Time 13.045 (13.319)	Loss 1.3633 (1.0837)	Acc@1 53.125 (81.207)	Acc@5 96.875 (95.747)	Mem 55419MB
Test: [130/521]	Time 12.836 (13.346)	Loss 1.2031 (1.0957)	Acc@1 79.167 (80.709)	Acc@5 95.833 (95.809)	Mem 55419MB
Test: [140/521]	Time 15.077 (13.330)	Loss 1.1748 (1.0978)	Acc@1 82.292 (80.836)	Acc@5 94.792 (95.907)	Mem 55419MB
Test: [150/521]	Time 14.802 (13.427)	Loss 0.9355 (1.1101)	Acc@1 82.292 (80.381)	Acc@5 98.958 (95.813)	Mem 55419MB
Test: [160/521]	Time 13.773 (13.541)	Loss 0.8115 (1.0978)	Acc@1 87.500 (80.661)	Acc@5 96.875 (95.898)	Mem 55419MB
Test: [170/521]	Time 16.745 (13.611)	Loss 0.8975 (1.0875)	Acc@1 89.583 (80.970)	Acc@5 94.792 (95.955)	Mem 55419MB
Test: [180/521]	Time 16.009 (13.675)	Loss 1.1387 (1.0847)	Acc@1 86.458 (81.123)	Acc@5 96.875 (95.948)	Mem 55419MB
Test: [190/521]	Time 14.642 (13.729)	Loss 1.0557 (1.0834)	Acc@1 84.375 (81.081)	Acc@5 91.667 (95.964)	Mem 55419MB
Test: [200/521]	Time 17.299 (13.819)	Loss 0.9614 (1.0891)	Acc@1 77.083 (80.706)	Acc@5 95.833 (95.823)	Mem 55419MB
Test: [210/521]	Time 15.313 (13.830)	Loss 1.0322 (1.0932)	Acc@1 90.625 (80.732)	Acc@5 98.958 (95.759)	Mem 55419MB
Test: [220/521]	Time 10.377 (13.840)	Loss 1.5869 (1.1187)	Acc@1 70.833 (80.331)	Acc@5 88.542 (95.541)	Mem 55419MB
Test: [230/521]	Time 15.717 (13.829)	Loss 1.7568 (1.1462)	Acc@1 72.917 (79.861)	Acc@5 88.542 (95.288)	Mem 55419MB
Test: [240/521]	Time 16.483 (13.865)	Loss 1.8672 (1.1754)	Acc@1 48.958 (79.270)	Acc@5 88.542 (95.021)	Mem 55419MB
Test: [250/521]	Time 15.404 (13.926)	Loss 1.5518 (1.2023)	Acc@1 80.208 (78.914)	Acc@5 90.625 (94.705)	Mem 55419MB
Test: [260/521]	Time 15.756 (13.928)	Loss 1.4160 (1.2246)	Acc@1 79.167 (78.420)	Acc@5 93.750 (94.484)	Mem 55419MB
Test: [270/521]	Time 13.249 (13.912)	Loss 1.7773 (1.2469)	Acc@1 71.875 (77.979)	Acc@5 86.458 (94.319)	Mem 55419MB
Test: [280/521]	Time 10.325 (13.898)	Loss 1.4424 (1.2620)	Acc@1 72.917 (77.688)	Acc@5 95.833 (94.210)	Mem 55419MB
Test: [290/521]	Time 16.945 (13.905)	Loss 2.2344 (1.2776)	Acc@1 55.208 (77.448)	Acc@5 88.542 (94.101)	Mem 55419MB
Test: [300/521]	Time 15.024 (13.915)	Loss 0.9141 (1.2789)	Acc@1 90.625 (77.571)	Acc@5 96.875 (94.103)	Mem 55419MB
Test: [310/521]	Time 13.120 (13.934)	Loss 1.9219 (1.2932)	Acc@1 68.750 (77.351)	Acc@5 94.792 (94.038)	Mem 55419MB
Test: [320/521]	Time 15.386 (13.921)	Loss 1.1826 (1.2996)	Acc@1 83.333 (77.379)	Acc@5 91.667 (93.987)	Mem 55419MB
Test: [330/521]	Time 14.148 (13.913)	Loss 2.7207 (1.3195)	Acc@1 55.208 (76.995)	Acc@5 75.000 (93.747)	Mem 55419MB
Test: [340/521]	Time 11.831 (13.879)	Loss 2.0625 (1.3337)	Acc@1 67.708 (76.784)	Acc@5 89.583 (93.609)	Mem 55419MB
Test: [350/521]	Time 9.607 (13.834)	Loss 1.4336 (1.3473)	Acc@1 73.958 (76.466)	Acc@5 92.708 (93.539)	Mem 55419MB
Test: [360/521]	Time 13.329 (13.828)	Loss 2.0215 (1.3569)	Acc@1 58.333 (76.252)	Acc@5 90.625 (93.421)	Mem 55419MB
Test: [370/521]	Time 11.950 (13.840)	Loss 1.9082 (1.3654)	Acc@1 63.542 (76.179)	Acc@5 87.500 (93.343)	Mem 55419MB
Test: [380/521]	Time 12.946 (13.841)	Loss 2.1406 (1.3712)	Acc@1 60.417 (76.102)	Acc@5 88.542 (93.310)	Mem 55419MB
Test: [390/521]	Time 15.052 (13.839)	Loss 1.8066 (1.3802)	Acc@1 70.833 (75.906)	Acc@5 90.625 (93.228)	Mem 55419MB
Test: [400/521]	Time 9.903 (13.836)	Loss 1.2305 (1.3883)	Acc@1 80.208 (75.792)	Acc@5 93.750 (93.142)	Mem 55419MB
Test: [410/521]	Time 15.237 (13.851)	Loss 1.6494 (1.3955)	Acc@1 75.000 (75.672)	Acc@5 92.708 (93.048)	Mem 55419MB
Test: [420/521]	Time 15.713 (13.859)	Loss 2.0449 (1.4026)	Acc@1 72.917 (75.641)	Acc@5 84.375 (92.968)	Mem 55419MB
Test: [430/521]	Time 13.601 (13.836)	Loss 2.0879 (1.4103)	Acc@1 64.583 (75.491)	Acc@5 89.583 (92.945)	Mem 55419MB
Test: [440/521]	Time 13.517 (13.828)	Loss 1.8584 (1.4250)	Acc@1 64.583 (75.227)	Acc@5 87.500 (92.829)	Mem 55419MB
Test: [450/521]	Time 15.404 (13.820)	Loss 1.8418 (1.4306)	Acc@1 72.917 (75.173)	Acc@5 92.708 (92.787)	Mem 55419MB
Test: [460/521]	Time 15.375 (13.813)	Loss 2.6484 (1.4358)	Acc@1 51.042 (75.185)	Acc@5 73.958 (92.744)	Mem 55419MB
Test: [470/521]	Time 13.818 (13.827)	Loss 1.4717 (1.4396)	Acc@1 81.250 (75.137)	Acc@5 89.583 (92.706)	Mem 55419MB
Test: [480/521]	Time 14.583 (13.809)	Loss 1.3467 (1.4440)	Acc@1 78.125 (75.076)	Acc@5 94.792 (92.702)	Mem 55419MB
Test: [490/521]	Time 14.810 (13.794)	Loss 1.1924 (1.4409)	Acc@1 82.292 (75.129)	Acc@5 96.875 (92.751)	Mem 55419MB
Test: [500/521]	Time 14.138 (13.794)	Loss 1.8857 (1.4365)	Acc@1 67.708 (75.216)	Acc@5 88.542 (92.804)	Mem 55419MB
Test: [510/521]	Time 13.193 (13.778)	Loss 2.0742 (1.4488)	Acc@1 75.000 (74.957)	Acc@5 93.750 (92.723)	Mem 55419MB
Test: [520/521]	Time 12.921 (13.764)	Loss 2.5586 (1.4417)	Acc@1 43.373 (75.099)	Acc@5 83.133 (92.764)	Mem 55419MB
 * Acc@1 75.099 Acc@5 92.764
Successfully load ckpt /media/Disk2/LiuYue/Visualize/analyze/../../ckpts/vssmtiny/ckpt_epoch_292.pth
starting loop: img_size 1024; len(dataset) 50003
Test: [0/695]	Time 12.495 (12.495)	Loss 0.9756 (0.9756)	Acc@1 88.889 (88.889)	Acc@5 95.833 (95.833)	Mem 73833MB
Test: [10/695]	Time 14.401 (13.296)	Loss 0.9722 (1.4775)	Acc@1 88.889 (75.505)	Acc@5 98.611 (93.939)	Mem 73833MB
Test: [20/695]	Time 16.109 (13.628)	Loss 1.0635 (1.3769)	Acc@1 87.500 (76.918)	Acc@5 95.833 (94.577)	Mem 73833MB
Test: [30/695]	Time 15.621 (13.928)	Loss 1.1562 (1.5389)	Acc@1 84.722 (72.581)	Acc@5 97.222 (92.832)	Mem 73833MB
Test: [40/695]	Time 15.242 (13.876)	Loss 2.3711 (1.7203)	Acc@1 63.889 (69.207)	Acc@5 80.556 (90.854)	Mem 73833MB
Test: [50/695]	Time 16.441 (13.938)	Loss 1.1582 (1.7363)	Acc@1 75.000 (68.028)	Acc@5 97.222 (90.550)	Mem 73833MB
Test: [60/695]	Time 14.975 (14.138)	Loss 1.0820 (1.7229)	Acc@1 84.722 (68.283)	Acc@5 98.611 (90.483)	Mem 73833MB
Test: [70/695]	Time 15.907 (14.113)	Loss 1.2246 (1.6308)	Acc@1 81.944 (70.775)	Acc@5 93.056 (91.021)	Mem 73833MB
Test: [80/695]	Time 17.087 (14.138)	Loss 1.6973 (1.6539)	Acc@1 73.611 (70.765)	Acc@5 90.278 (90.518)	Mem 73833MB
Test: [90/695]	Time 10.171 (14.229)	Loss 0.6875 (1.6541)	Acc@1 94.444 (70.925)	Acc@5 98.611 (90.461)	Mem 73833MB
Test: [100/695]	Time 10.248 (13.801)	Loss 1.0547 (1.6010)	Acc@1 90.278 (72.195)	Acc@5 95.833 (91.103)	Mem 73833MB
Test: [110/695]	Time 17.271 (13.777)	Loss 2.0469 (1.6031)	Acc@1 51.389 (72.085)	Acc@5 95.833 (91.341)	Mem 73833MB
Test: [120/695]	Time 13.111 (13.744)	Loss 2.1875 (1.6304)	Acc@1 59.722 (71.499)	Acc@5 88.889 (91.162)	Mem 73833MB
Test: [130/695]	Time 12.065 (13.769)	Loss 2.2500 (1.6590)	Acc@1 66.667 (70.855)	Acc@5 87.500 (90.956)	Mem 73833MB
Test: [140/695]	Time 9.811 (13.787)	Loss 2.6973 (1.7087)	Acc@1 33.333 (69.474)	Acc@5 79.167 (90.514)	Mem 73833MB
Test: [150/695]	Time 15.259 (13.873)	Loss 1.6426 (1.7313)	Acc@1 84.722 (69.196)	Acc@5 95.833 (90.370)	Mem 73833MB
Test: [160/695]	Time 14.552 (13.788)	Loss 1.9639 (1.7585)	Acc@1 41.667 (68.435)	Acc@5 91.667 (90.261)	Mem 73833MB
Test: [170/695]	Time 13.044 (13.719)	Loss 1.9277 (1.7775)	Acc@1 70.833 (67.723)	Acc@5 84.722 (90.075)	Mem 73833MB
Test: [180/695]	Time 10.778 (13.585)	Loss 1.7266 (1.7813)	Acc@1 75.000 (67.695)	Acc@5 93.056 (90.186)	Mem 73833MB
Test: [190/695]	Time 14.274 (13.566)	Loss 1.5693 (1.8036)	Acc@1 76.389 (67.139)	Acc@5 90.278 (89.943)	Mem 73833MB
Test: [200/695]	Time 14.528 (13.471)	Loss 1.5654 (1.8107)	Acc@1 59.722 (66.839)	Acc@5 95.833 (89.946)	Mem 73833MB
Test: [210/695]	Time 11.970 (13.426)	Loss 1.5186 (1.7971)	Acc@1 61.111 (67.200)	Acc@5 94.444 (90.067)	Mem 73833MB
Test: [220/695]	Time 13.231 (13.368)	Loss 1.5117 (1.7955)	Acc@1 79.167 (67.276)	Acc@5 93.056 (90.070)	Mem 73833MB
Test: [230/695]	Time 14.623 (13.328)	Loss 1.7920 (1.7796)	Acc@1 66.667 (67.653)	Acc@5 91.667 (90.139)	Mem 73833MB
Test: [240/695]	Time 11.086 (13.266)	Loss 2.4473 (1.7751)	Acc@1 51.389 (67.773)	Acc@5 86.111 (90.163)	Mem 73833MB
Test: [250/695]	Time 11.924 (13.188)	Loss 1.7812 (1.7713)	Acc@1 65.278 (67.712)	Acc@5 90.278 (90.206)	Mem 73833MB
Test: [260/695]	Time 11.931 (13.183)	Loss 1.5459 (1.7719)	Acc@1 72.222 (67.587)	Acc@5 88.889 (90.038)	Mem 73833MB
Test: [270/695]	Time 11.919 (13.157)	Loss 1.2129 (1.7626)	Acc@1 83.333 (67.492)	Acc@5 90.278 (90.047)	Mem 73833MB
Test: [280/695]	Time 13.609 (13.130)	Loss 1.6250 (1.7653)	Acc@1 68.056 (67.532)	Acc@5 95.833 (89.952)	Mem 73833MB
Test: [290/695]	Time 7.704 (13.110)	Loss 1.1758 (1.7889)	Acc@1 90.278 (67.144)	Acc@5 98.611 (89.595)	Mem 73833MB
Test: [300/695]	Time 9.499 (13.080)	Loss 2.1211 (1.8076)	Acc@1 50.000 (66.842)	Acc@5 86.111 (89.364)	Mem 73833MB
Test: [310/695]	Time 12.691 (13.097)	Loss 2.6543 (1.8449)	Acc@1 56.944 (66.180)	Acc@5 79.167 (88.733)	Mem 73833MB
Test: [320/695]	Time 11.970 (13.073)	Loss 2.3613 (1.8713)	Acc@1 40.278 (65.641)	Acc@5 81.944 (88.383)	Mem 73833MB
Test: [330/695]	Time 14.713 (13.043)	Loss 1.5850 (1.8958)	Acc@1 80.556 (65.253)	Acc@5 90.278 (87.999)	Mem 73833MB
Test: [340/695]	Time 12.241 (13.027)	Loss 2.0879 (1.9132)	Acc@1 61.111 (64.858)	Acc@5 84.722 (87.769)	Mem 73833MB
Test: [350/695]	Time 13.165 (13.011)	Loss 3.4336 (1.9346)	Acc@1 36.111 (64.431)	Acc@5 59.722 (87.476)	Mem 73833MB
Test: [360/695]	Time 13.613 (13.018)	Loss 2.5527 (1.9526)	Acc@1 58.333 (64.093)	Acc@5 75.000 (87.246)	Mem 73833MB
Test: [370/695]	Time 9.565 (13.019)	Loss 1.7207 (1.9684)	Acc@1 73.611 (63.795)	Acc@5 84.722 (87.002)	Mem 73833MB
Test: [380/695]	Time 11.541 (13.010)	Loss 2.3711 (1.9799)	Acc@1 34.722 (63.568)	Acc@5 88.889 (86.858)	Mem 73833MB
Test: [390/695]	Time 12.458 (13.002)	Loss 2.6973 (1.9926)	Acc@1 54.167 (63.427)	Acc@5 83.333 (86.690)	Mem 73833MB
Test: [400/695]	Time 11.212 (12.994)	Loss 1.4580 (1.9986)	Acc@1 77.778 (63.383)	Acc@5 95.833 (86.665)	Mem 73833MB
Test: [410/695]	Time 11.685 (12.968)	Loss 1.9424 (2.0118)	Acc@1 66.667 (63.139)	Acc@5 93.056 (86.567)	Mem 73833MB
Test: [420/695]	Time 9.612 (12.912)	Loss 1.6387 (2.0187)	Acc@1 72.222 (63.034)	Acc@5 90.278 (86.484)	Mem 73833MB
Test: [430/695]	Time 8.836 (12.852)	Loss 3.0488 (2.0290)	Acc@1 34.722 (62.958)	Acc@5 69.444 (86.314)	Mem 73833MB
Test: [440/695]	Time 11.690 (12.803)	Loss 3.5469 (2.0411)	Acc@1 25.000 (62.705)	Acc@5 59.722 (86.121)	Mem 73833MB
Test: [450/695]	Time 11.080 (12.783)	Loss 3.1074 (2.0532)	Acc@1 48.611 (62.528)	Acc@5 73.611 (85.932)	Mem 73833MB
Test: [460/695]	Time 8.409 (12.722)	Loss 2.2441 (2.0725)	Acc@1 62.500 (62.096)	Acc@5 88.889 (85.680)	Mem 73833MB
Test: [470/695]	Time 8.967 (12.672)	Loss 2.5801 (2.0795)	Acc@1 55.556 (62.010)	Acc@5 80.556 (85.645)	Mem 73833MB
Test: [480/695]	Time 8.811 (12.640)	Loss 2.5996 (2.0841)	Acc@1 54.167 (61.888)	Acc@5 73.611 (85.528)	Mem 73833MB
Test: [490/695]	Time 11.740 (12.610)	Loss 2.5957 (2.0931)	Acc@1 68.056 (61.824)	Acc@5 87.500 (85.415)	Mem 73833MB
Test: [500/695]	Time 11.282 (12.583)	Loss 2.0742 (2.0961)	Acc@1 62.500 (61.790)	Acc@5 79.167 (85.390)	Mem 73833MB
Test: [510/695]	Time 9.078 (12.546)	Loss 3.0723 (2.1038)	Acc@1 38.889 (61.693)	Acc@5 70.833 (85.269)	Mem 73833MB
Test: [520/695]	Time 10.851 (12.499)	Loss 2.2227 (2.1073)	Acc@1 58.333 (61.658)	Acc@5 80.556 (85.197)	Mem 73833MB
Test: [530/695]	Time 13.306 (12.479)	Loss 2.4570 (2.1153)	Acc@1 54.167 (61.537)	Acc@5 75.000 (85.107)	Mem 73833MB
Test: [540/695]	Time 8.963 (12.434)	Loss 3.3652 (2.1264)	Acc@1 36.111 (61.342)	Acc@5 58.333 (84.884)	Mem 73833MB
Test: [550/695]	Time 9.853 (12.407)	Loss 3.7988 (2.1316)	Acc@1 27.778 (61.280)	Acc@5 54.167 (84.813)	Mem 73833MB
Test: [560/695]	Time 10.222 (12.379)	Loss 2.5742 (2.1355)	Acc@1 58.333 (61.312)	Acc@5 75.000 (84.737)	Mem 73833MB
Test: [570/695]	Time 12.701 (12.362)	Loss 1.9834 (2.1400)	Acc@1 72.222 (61.196)	Acc@5 95.833 (84.722)	Mem 73833MB
Test: [580/695]	Time 10.845 (12.343)	Loss 2.9531 (2.1513)	Acc@1 50.000 (60.953)	Acc@5 77.778 (84.617)	Mem 73833MB
Test: [590/695]	Time 9.588 (12.316)	Loss 3.3613 (2.1643)	Acc@1 36.111 (60.653)	Acc@5 68.056 (84.473)	Mem 73833MB
Test: [600/695]	Time 8.542 (12.294)	Loss 2.8262 (2.1658)	Acc@1 37.500 (60.700)	Acc@5 83.333 (84.466)	Mem 73833MB
Test: [610/695]	Time 9.520 (12.274)	Loss 1.9482 (2.1726)	Acc@1 75.000 (60.602)	Acc@5 84.722 (84.377)	Mem 73833MB
Test: [620/695]	Time 12.183 (12.256)	Loss 2.1738 (2.1782)	Acc@1 62.500 (60.561)	Acc@5 86.111 (84.311)	Mem 73833MB
Test: [630/695]	Time 11.426 (12.243)	Loss 2.6875 (2.1819)	Acc@1 45.833 (60.471)	Acc@5 77.778 (84.267)	Mem 73833MB
Test: [640/695]	Time 12.475 (12.229)	Loss 2.2051 (2.1849)	Acc@1 68.056 (60.463)	Acc@5 88.889 (84.267)	Mem 73833MB
Test: [650/695]	Time 13.727 (12.213)	Loss 1.1553 (2.1809)	Acc@1 86.111 (60.552)	Acc@5 98.611 (84.319)	Mem 73833MB
Test: [660/695]	Time 7.351 (12.187)	Loss 1.9893 (2.1731)	Acc@1 62.500 (60.718)	Acc@5 90.278 (84.430)	Mem 73833MB
Test: [670/695]	Time 7.203 (12.132)	Loss 1.9746 (2.1705)	Acc@1 73.611 (60.819)	Acc@5 91.667 (84.459)	Mem 73833MB
Test: [680/695]	Time 9.322 (12.073)	Loss 2.7520 (2.1812)	Acc@1 62.500 (60.650)	Acc@5 83.333 (84.349)	Mem 73833MB
Test: [690/695]	Time 8.769 (12.019)	Loss 1.1699 (2.1719)	Acc@1 87.500 (60.902)	Acc@5 97.222 (84.433)	Mem 73833MB
 * Acc@1 60.892 Acc@5 84.413
Successfully load ckpt /media/Disk2/LiuYue/Visualize/analyze/../../ckpts/vssmtiny/ckpt_epoch_292.pth
starting loop: img_size 1120; len(dataset) 50003
Test: [0/834]	Time 8.896 (8.896)	Loss 0.8486 (0.8486)	Acc@1 95.000 (95.000)	Acc@5 96.667 (96.667)	Mem 73833MB
Test: [10/834]	Time 7.187 (8.524)	Loss 1.4102 (1.9490)	Acc@1 83.333 (66.212)	Acc@5 93.333 (88.485)	Mem 73833MB
Test: [20/834]	Time 8.499 (8.375)	Loss 1.3340 (1.7789)	Acc@1 75.000 (69.921)	Acc@5 90.000 (90.873)	Mem 73833MB
Test: [30/834]	Time 10.594 (8.481)	Loss 2.7637 (1.8956)	Acc@1 41.667 (66.290)	Acc@5 81.667 (89.086)	Mem 73833MB
Test: [40/834]	Time 7.236 (8.578)	Loss 2.7246 (1.9881)	Acc@1 53.333 (63.659)	Acc@5 81.667 (87.967)	Mem 73833MB
Test: [50/834]	Time 8.709 (8.578)	Loss 2.4844 (2.1130)	Acc@1 43.333 (60.980)	Acc@5 85.000 (86.536)	Mem 73833MB
Test: [60/834]	Time 7.426 (8.554)	Loss 1.2354 (2.1078)	Acc@1 61.667 (60.683)	Acc@5 96.667 (86.503)	Mem 73833MB
Test: [70/834]	Time 11.272 (8.534)	Loss 1.6094 (2.1039)	Acc@1 73.333 (60.493)	Acc@5 88.333 (86.291)	Mem 73833MB
Test: [80/834]	Time 9.934 (8.511)	Loss 1.5029 (2.0086)	Acc@1 81.667 (63.189)	Acc@5 90.000 (87.140)	Mem 73833MB
Test: [90/834]	Time 7.558 (8.398)	Loss 2.3457 (2.0173)	Acc@1 60.000 (63.645)	Acc@5 81.667 (86.648)	Mem 73833MB
Test: [100/834]	Time 7.979 (8.301)	Loss 2.4219 (2.0122)	Acc@1 55.000 (64.092)	Acc@5 80.000 (86.535)	Mem 73833MB
Test: [110/834]	Time 7.515 (8.246)	Loss 1.5586 (1.9956)	Acc@1 75.000 (64.505)	Acc@5 98.333 (86.847)	Mem 73833MB
Test: [120/834]	Time 8.125 (8.181)	Loss 1.4199 (1.9548)	Acc@1 81.667 (65.647)	Acc@5 95.000 (87.383)	Mem 73833MB
Test: [130/834]	Time 7.513 (8.154)	Loss 1.7041 (1.9514)	Acc@1 76.667 (65.763)	Acc@5 91.667 (87.570)	Mem 73833MB
Test: [140/834]	Time 9.206 (8.099)	Loss 1.5557 (1.9645)	Acc@1 86.667 (65.355)	Acc@5 96.667 (87.612)	Mem 73833MB
Test: [150/834]	Time 5.877 (8.052)	Loss 2.6055 (1.9801)	Acc@1 45.000 (65.199)	Acc@5 81.667 (87.461)	Mem 73833MB
Test: [160/834]	Time 7.450 (8.009)	Loss 2.7559 (2.0296)	Acc@1 46.667 (63.872)	Acc@5 78.333 (86.739)	Mem 73833MB
Test: [170/834]	Time 8.486 (7.991)	Loss 3.3730 (2.0689)	Acc@1 23.333 (62.719)	Acc@5 63.333 (86.335)	Mem 73833MB
Test: [180/834]	Time 7.952 (7.969)	Loss 2.0195 (2.0877)	Acc@1 75.000 (62.541)	Acc@5 91.667 (86.169)	Mem 73833MB
Test: [190/834]	Time 7.797 (7.940)	Loss 1.9639 (2.1142)	Acc@1 68.333 (61.867)	Acc@5 86.667 (85.969)	Mem 73833MB
Test: [200/834]	Time 6.586 (7.901)	Loss 2.2363 (2.1371)	Acc@1 36.667 (60.987)	Acc@5 90.000 (85.746)	Mem 73833MB
Test: [210/834]	Time 7.165 (7.878)	Loss 1.4512 (2.1395)	Acc@1 78.333 (60.924)	Acc@5 98.333 (85.861)	Mem 73833MB
Test: [220/834]	Time 6.906 (7.843)	Loss 3.4082 (2.1585)	Acc@1 31.667 (60.694)	Acc@5 76.667 (85.732)	Mem 73833MB
Test: [230/834]	Time 7.194 (7.836)	Loss 2.4473 (2.1751)	Acc@1 61.667 (60.317)	Acc@5 80.000 (85.498)	Mem 73833MB
Test: [240/834]	Time 8.990 (7.825)	Loss 1.7334 (2.1829)	Acc@1 46.667 (59.993)	Acc@5 96.667 (85.491)	Mem 73833MB
Test: [250/834]	Time 7.437 (7.816)	Loss 1.0830 (2.1744)	Acc@1 76.667 (60.259)	Acc@5 100.000 (85.564)	Mem 73833MB
Test: [260/834]	Time 7.100 (7.807)	Loss 2.7656 (2.1682)	Acc@1 40.000 (60.262)	Acc@5 81.667 (85.671)	Mem 73833MB
Test: [270/834]	Time 8.973 (7.802)	Loss 0.6943 (2.1478)	Acc@1 96.667 (60.818)	Acc@5 100.000 (85.898)	Mem 73833MB
Test: [280/834]	Time 7.562 (7.787)	Loss 2.2012 (2.1411)	Acc@1 58.333 (61.032)	Acc@5 85.000 (85.896)	Mem 73833MB
Test: [290/834]	Time 7.269 (7.777)	Loss 3.4199 (2.1484)	Acc@1 20.000 (60.796)	Acc@5 71.667 (85.767)	Mem 73833MB
Test: [300/834]	Time 7.478 (7.757)	Loss 2.3184 (2.1390)	Acc@1 51.667 (60.925)	Acc@5 83.333 (85.941)	Mem 73833MB
Test: [310/834]	Time 7.596 (7.752)	Loss 2.8809 (2.1366)	Acc@1 28.333 (60.809)	Acc@5 65.000 (85.831)	Mem 73833MB
Test: [320/834]	Time 7.295 (7.754)	Loss 1.4395 (2.1270)	Acc@1 63.333 (60.675)	Acc@5 93.333 (85.883)	Mem 73833MB
Test: [330/834]	Time 7.835 (7.748)	Loss 1.4658 (2.1224)	Acc@1 80.000 (60.740)	Acc@5 90.000 (85.801)	Mem 73833MB
Test: [340/834]	Time 6.819 (7.746)	Loss 3.2090 (2.1294)	Acc@1 38.333 (60.645)	Acc@5 70.000 (85.762)	Mem 73833MB
Test: [350/834]	Time 8.101 (7.741)	Loss 3.1914 (2.1513)	Acc@1 55.000 (60.370)	Acc@5 76.667 (85.375)	Mem 73833MB
Test: [360/834]	Time 7.284 (7.736)	Loss 2.0469 (2.1651)	Acc@1 48.333 (60.143)	Acc@5 85.000 (85.129)	Mem 73833MB
Test: [370/834]	Time 6.393 (7.735)	Loss 3.4355 (2.1962)	Acc@1 45.000 (59.609)	Acc@5 70.000 (84.519)	Mem 73833MB
Test: [380/834]	Time 8.793 (7.732)	Loss 2.7266 (2.2176)	Acc@1 56.667 (59.239)	Acc@5 80.000 (84.195)	Mem 73833MB
Test: [390/834]	Time 7.204 (7.726)	Loss 2.7188 (2.2428)	Acc@1 48.333 (58.764)	Acc@5 78.333 (83.760)	Mem 73833MB
Test: [400/834]	Time 9.082 (7.715)	Loss 2.5527 (2.2618)	Acc@1 55.000 (58.462)	Acc@5 80.000 (83.429)	Mem 73833MB
Test: [410/834]	Time 6.381 (7.688)	Loss 3.5820 (2.2724)	Acc@1 31.667 (58.175)	Acc@5 53.333 (83.264)	Mem 73833MB
Test: [420/834]	Time 6.269 (7.659)	Loss 3.9062 (2.2893)	Acc@1 26.667 (57.763)	Acc@5 48.333 (83.013)	Mem 73833MB
Test: [430/834]	Time 6.636 (7.635)	Loss 3.5879 (2.3065)	Acc@1 28.333 (57.367)	Acc@5 56.667 (82.707)	Mem 73833MB
Test: [440/834]	Time 6.620 (7.613)	Loss 2.6504 (2.3177)	Acc@1 55.000 (57.124)	Acc@5 83.333 (82.570)	Mem 73833MB
Test: [450/834]	Time 7.083 (7.592)	Loss 1.9609 (2.3227)	Acc@1 70.000 (57.143)	Acc@5 85.000 (82.458)	Mem 73833MB
Test: [460/834]	Time 6.739 (7.573)	Loss 3.2910 (2.3403)	Acc@1 45.000 (56.714)	Acc@5 66.667 (82.184)	Mem 73833MB
Test: [470/834]	Time 7.495 (7.568)	Loss 2.8730 (2.3491)	Acc@1 46.667 (56.553)	Acc@5 76.667 (82.102)	Mem 73833MB
Test: [480/834]	Time 6.529 (7.556)	Loss 1.7217 (2.3546)	Acc@1 70.000 (56.521)	Acc@5 88.333 (82.027)	Mem 73833MB
Test: [490/834]	Time 6.821 (7.542)	Loss 2.8359 (2.3673)	Acc@1 58.333 (56.263)	Acc@5 76.667 (81.897)	Mem 73833MB
Test: [500/834]	Time 6.747 (7.527)	Loss 3.8984 (2.3707)	Acc@1 25.000 (56.191)	Acc@5 51.667 (81.866)	Mem 73833MB
Test: [510/834]	Time 6.051 (7.515)	Loss 2.5703 (2.3778)	Acc@1 63.333 (56.115)	Acc@5 83.333 (81.699)	Mem 73833MB
Test: [520/834]	Time 7.293 (7.498)	Loss 2.8945 (2.3889)	Acc@1 45.000 (55.934)	Acc@5 71.667 (81.497)	Mem 73833MB
Test: [530/834]	Time 7.145 (7.484)	Loss 2.7910 (2.3943)	Acc@1 36.667 (55.772)	Acc@5 80.000 (81.422)	Mem 73833MB
Test: [540/834]	Time 7.321 (7.471)	Loss 3.4297 (2.4040)	Acc@1 36.667 (55.669)	Acc@5 70.000 (81.257)	Mem 73833MB
Test: [550/834]	Time 6.981 (7.460)	Loss 2.5215 (2.4240)	Acc@1 65.000 (55.233)	Acc@5 88.333 (80.938)	Mem 73833MB
Test: [560/834]	Time 7.281 (7.443)	Loss 1.4756 (2.4301)	Acc@1 90.000 (55.196)	Acc@5 95.000 (80.891)	Mem 73833MB
Test: [570/834]	Time 5.946 (7.427)	Loss 1.5186 (2.4303)	Acc@1 85.000 (55.207)	Acc@5 91.667 (80.917)	Mem 73833MB
Test: [580/834]	Time 6.827 (7.414)	Loss 2.8125 (2.4352)	Acc@1 56.667 (55.138)	Acc@5 73.333 (80.789)	Mem 73833MB
Test: [590/834]	Time 5.833 (7.395)	Loss 1.7588 (2.4425)	Acc@1 78.333 (55.085)	Acc@5 93.333 (80.671)	Mem 73833MB
Test: [600/834]	Time 7.030 (7.381)	Loss 2.2949 (2.4451)	Acc@1 61.667 (55.017)	Acc@5 76.667 (80.635)	Mem 73833MB
Test: [610/834]	Time 7.317 (7.372)	Loss 2.8203 (2.4490)	Acc@1 48.333 (55.003)	Acc@5 66.667 (80.543)	Mem 73833MB
Test: [620/834]	Time 7.186 (7.361)	Loss 2.7559 (2.4541)	Acc@1 48.333 (54.936)	Acc@5 85.000 (80.467)	Mem 73833MB
Test: [630/834]	Time 7.186 (7.354)	Loss 2.7207 (2.4576)	Acc@1 60.000 (54.876)	Acc@5 81.667 (80.394)	Mem 73833MB
Test: [640/834]	Time 6.262 (7.344)	Loss 2.0586 (2.4658)	Acc@1 66.667 (54.748)	Acc@5 83.333 (80.203)	Mem 73833MB
Test: [650/834]	Time 6.313 (7.337)	Loss 2.2676 (2.4728)	Acc@1 46.667 (54.606)	Acc@5 88.333 (80.079)	Mem 73833MB
Test: [660/834]	Time 5.869 (7.330)	Loss 4.0664 (2.4780)	Acc@1 28.333 (54.541)	Acc@5 50.000 (79.985)	Mem 73833MB
Test: [670/834]	Time 5.863 (7.318)	Loss 2.5703 (2.4817)	Acc@1 58.333 (54.543)	Acc@5 86.667 (79.911)	Mem 73833MB
Test: [680/834]	Time 7.010 (7.312)	Loss 2.2949 (2.4848)	Acc@1 68.333 (54.486)	Acc@5 86.667 (79.853)	Mem 73833MB
Test: [690/834]	Time 7.022 (7.303)	Loss 3.5957 (2.4921)	Acc@1 31.667 (54.339)	Acc@5 60.000 (79.783)	Mem 73833MB
Test: [700/834]	Time 7.593 (7.294)	Loss 2.7617 (2.5018)	Acc@1 55.000 (54.151)	Acc@5 75.000 (79.674)	Mem 73833MB
Test: [710/834]	Time 7.249 (7.286)	Loss 2.2109 (2.5114)	Acc@1 65.000 (53.894)	Acc@5 88.333 (79.559)	Mem 73833MB
Test: [720/834]	Time 5.920 (7.280)	Loss 3.4141 (2.5120)	Acc@1 21.667 (53.960)	Acc@5 71.667 (79.533)	Mem 73833MB
Test: [730/834]	Time 6.586 (7.270)	Loss 4.5352 (2.5205)	Acc@1 13.333 (53.796)	Acc@5 35.000 (79.405)	Mem 73833MB
Test: [740/834]	Time 5.931 (7.260)	Loss 2.4961 (2.5252)	Acc@1 68.333 (53.756)	Acc@5 78.333 (79.318)	Mem 73833MB
Test: [750/834]	Time 7.117 (7.255)	Loss 1.6396 (2.5285)	Acc@1 80.000 (53.631)	Acc@5 93.333 (79.265)	Mem 73833MB
Test: [760/834]	Time 7.287 (7.248)	Loss 1.9248 (2.5313)	Acc@1 80.000 (53.570)	Acc@5 93.333 (79.227)	Mem 73833MB
Test: [770/834]	Time 6.525 (7.241)	Loss 1.9121 (2.5301)	Acc@1 71.667 (53.666)	Acc@5 93.333 (79.291)	Mem 73833MB
Test: [780/834]	Time 5.980 (7.230)	Loss 1.3662 (2.5275)	Acc@1 80.000 (53.713)	Acc@5 96.667 (79.330)	Mem 73833MB
Test: [790/834]	Time 7.754 (7.224)	Loss 1.8555 (2.5184)	Acc@1 71.667 (53.915)	Acc@5 90.000 (79.475)	Mem 73833MB
Test: [800/834]	Time 5.928 (7.218)	Loss 2.4258 (2.5124)	Acc@1 50.000 (54.091)	Acc@5 81.667 (79.557)	Mem 73833MB
Test: [810/834]	Time 7.311 (7.210)	Loss 3.2480 (2.5186)	Acc@1 30.000 (53.954)	Acc@5 75.000 (79.466)	Mem 73833MB
Test: [820/834]	Time 6.530 (7.207)	Loss 1.3242 (2.5250)	Acc@1 88.333 (53.914)	Acc@5 95.000 (79.421)	Mem 73833MB
Test: [830/834]	Time 6.930 (7.202)	Loss 1.8877 (2.5121)	Acc@1 73.333 (54.236)	Acc@5 88.333 (79.575)	Mem 73833MB
 * Acc@1 54.175 Acc@5 79.527
