[W socket.cpp:426] [c10d] The server socket has failed to bind to [::]:61234 (errno: 98 - Address already in use).
[W socket.cpp:426] [c10d] The server socket has failed to bind to ?UNKNOWN? (errno: 98 - Address already in use).
[E socket.cpp:462] [c10d] The server socket has failed to listen on any local network address.
The server socket has failed to listen on any local network address. The server socket has failed to bind to [::]:61234 (errno: 98 - Address already in use). The server socket has failed to bind to ?UNKNOWN? (errno: 98 - Address already in use).
[W socket.cpp:426] [c10d] The server socket has failed to bind to [::]:61233 (errno: 98 - Address already in use).
[W socket.cpp:426] [c10d] The server socket has failed to bind to ?UNKNOWN? (errno: 98 - Address already in use).
[E socket.cpp:462] [c10d] The server socket has failed to listen on any local network address.
The server socket has failed to listen on any local network address. The server socket has failed to bind to [::]:61233 (errno: 98 - Address already in use). The server socket has failed to bind to ?UNKNOWN? (errno: 98 - Address already in use).
[W socket.cpp:426] [c10d] The server socket has failed to bind to [::]:61232 (errno: 98 - Address already in use).
[W socket.cpp:426] [c10d] The server socket has failed to bind to ?UNKNOWN? (errno: 98 - Address already in use).
[E socket.cpp:462] [c10d] The server socket has failed to listen on any local network address.
The server socket has failed to listen on any local network address. The server socket has failed to bind to [::]:61232 (errno: 98 - Address already in use). The server socket has failed to bind to ?UNKNOWN? (errno: 98 - Address already in use).
[W socket.cpp:426] [c10d] The server socket has failed to bind to [::]:61231 (errno: 98 - Address already in use).
[W socket.cpp:426] [c10d] The server socket has failed to bind to ?UNKNOWN? (errno: 98 - Address already in use).
[E socket.cpp:462] [c10d] The server socket has failed to listen on any local network address.
The server socket has failed to listen on any local network address. The server socket has failed to bind to [::]:61231 (errno: 98 - Address already in use). The server socket has failed to bind to ?UNKNOWN? (errno: 98 - Address already in use).
[W socket.cpp:426] [c10d] The server socket has failed to bind to [::]:61230 (errno: 98 - Address already in use).
[W socket.cpp:426] [c10d] The server socket has failed to bind to ?UNKNOWN? (errno: 98 - Address already in use).
[E socket.cpp:462] [c10d] The server socket has failed to listen on any local network address.
The server socket has failed to listen on any local network address. The server socket has failed to bind to [::]:61230 (errno: 98 - Address already in use). The server socket has failed to bind to ?UNKNOWN? (errno: 98 - Address already in use).
[W socket.cpp:426] [c10d] The server socket has failed to bind to [::]:61229 (errno: 98 - Address already in use).
[W socket.cpp:426] [c10d] The server socket has failed to bind to ?UNKNOWN? (errno: 98 - Address already in use).
[E socket.cpp:462] [c10d] The server socket has failed to listen on any local network address.
The server socket has failed to listen on any local network address. The server socket has failed to bind to [::]:61229 (errno: 98 - Address already in use). The server socket has failed to bind to ?UNKNOWN? (errno: 98 - Address already in use).
using init_vssm ======================== 
Successfully load ckpt /media/Disk2/LiuYue/Visualize/analyze/../../ckpts/vssmsmall/ema_ckpt_epoch_238.pth
starting loop: img_size 224; len(dataset) 50003
Test: [0/391]	Time 9.227 (9.227)	Loss 0.2585 (0.2585)	Acc@1 95.312 (95.312)	Acc@5 99.219 (99.219)	Mem 6613MB
Test: [10/391]	Time 9.539 (6.676)	Loss 0.9458 (0.3737)	Acc@1 78.125 (92.898)	Acc@5 98.438 (98.722)	Mem 6613MB
Test: [20/391]	Time 7.771 (6.957)	Loss 0.3928 (0.4964)	Acc@1 90.625 (88.281)	Acc@5 98.438 (98.289)	Mem 6613MB
Test: [30/391]	Time 7.236 (7.084)	Loss 1.0342 (0.6119)	Acc@1 81.250 (85.232)	Acc@5 93.750 (97.631)	Mem 6613MB
Test: [40/391]	Time 7.043 (7.058)	Loss 0.3777 (0.5410)	Acc@1 93.750 (87.405)	Acc@5 96.094 (97.923)	Mem 6613MB
Test: [50/391]	Time 6.594 (7.073)	Loss 0.2184 (0.5434)	Acc@1 96.875 (87.822)	Acc@5 100.000 (97.809)	Mem 6613MB
Test: [60/391]	Time 6.458 (7.047)	Loss 0.8213 (0.5121)	Acc@1 83.594 (88.678)	Acc@5 94.531 (97.925)	Mem 6613MB
Test: [70/391]	Time 6.651 (6.991)	Loss 0.6631 (0.5386)	Acc@1 85.156 (88.050)	Acc@5 98.438 (97.788)	Mem 6613MB
Test: [80/391]	Time 5.583 (6.930)	Loss 0.5366 (0.5494)	Acc@1 86.719 (87.751)	Acc@5 97.656 (97.791)	Mem 6613MB
Test: [90/391]	Time 6.328 (6.832)	Loss 0.7480 (0.5510)	Acc@1 75.781 (87.740)	Acc@5 98.438 (97.776)	Mem 6613MB
Test: [100/391]	Time 6.579 (6.775)	Loss 0.3936 (0.5548)	Acc@1 92.969 (87.585)	Acc@5 97.656 (97.803)	Mem 6613MB
Test: [110/391]	Time 7.823 (6.788)	Loss 1.0059 (0.5657)	Acc@1 61.719 (87.211)	Acc@5 100.000 (97.797)	Mem 6613MB
Test: [120/391]	Time 7.625 (6.836)	Loss 0.4346 (0.5652)	Acc@1 92.969 (87.377)	Acc@5 96.875 (97.798)	Mem 6613MB
Test: [130/391]	Time 6.077 (6.897)	Loss 0.2318 (0.5594)	Acc@1 97.656 (87.589)	Acc@5 99.219 (97.793)	Mem 6613MB
Test: [140/391]	Time 7.301 (6.875)	Loss 0.8774 (0.5582)	Acc@1 75.000 (87.461)	Acc@5 99.219 (97.900)	Mem 6613MB
Test: [150/391]	Time 9.298 (6.922)	Loss 0.5986 (0.5668)	Acc@1 80.469 (87.283)	Acc@5 98.438 (97.811)	Mem 6613MB
Test: [160/391]	Time 7.448 (6.909)	Loss 0.5293 (0.5678)	Acc@1 87.500 (87.262)	Acc@5 97.656 (97.797)	Mem 6613MB
Test: [170/391]	Time 5.850 (6.911)	Loss 1.3027 (0.5853)	Acc@1 68.750 (86.710)	Acc@5 92.188 (97.670)	Mem 6613MB
Test: [180/391]	Time 6.658 (6.924)	Loss 1.5527 (0.5983)	Acc@1 63.281 (86.404)	Acc@5 92.969 (97.557)	Mem 6613MB
Test: [190/391]	Time 5.924 (6.933)	Loss 1.2578 (0.6186)	Acc@1 73.438 (85.835)	Acc@5 93.750 (97.411)	Mem 6613MB
Test: [200/391]	Time 5.351 (6.905)	Loss 0.3806 (0.6335)	Acc@1 91.406 (85.510)	Acc@5 99.219 (97.268)	Mem 6613MB
Test: [210/391]	Time 6.660 (6.877)	Loss 0.7769 (0.6466)	Acc@1 82.812 (85.208)	Acc@5 96.094 (97.182)	Mem 6613MB
Test: [220/391]	Time 6.382 (6.853)	Loss 0.3098 (0.6477)	Acc@1 92.969 (85.216)	Acc@5 98.438 (97.133)	Mem 6613MB
Test: [230/391]	Time 6.782 (6.814)	Loss 1.0684 (0.6525)	Acc@1 75.000 (85.146)	Acc@5 91.406 (97.068)	Mem 6613MB
Test: [240/391]	Time 7.157 (6.804)	Loss 0.7627 (0.6523)	Acc@1 85.938 (85.195)	Acc@5 92.969 (97.011)	Mem 6613MB
Test: [250/391]	Time 3.679 (6.746)	Loss 0.3855 (0.6659)	Acc@1 92.188 (84.739)	Acc@5 99.219 (96.900)	Mem 6613MB
Test: [260/391]	Time 7.314 (6.726)	Loss 0.6484 (0.6748)	Acc@1 83.594 (84.540)	Acc@5 96.875 (96.812)	Mem 6613MB
Test: [270/391]	Time 6.878 (6.717)	Loss 1.3701 (0.6794)	Acc@1 68.750 (84.441)	Acc@5 92.188 (96.783)	Mem 6613MB
Test: [280/391]	Time 5.614 (6.693)	Loss 0.8687 (0.6813)	Acc@1 78.906 (84.400)	Acc@5 95.312 (96.755)	Mem 6613MB
Test: [290/391]	Time 5.247 (6.631)	Loss 1.0234 (0.6856)	Acc@1 57.812 (84.284)	Acc@5 96.875 (96.709)	Mem 6613MB
Test: [300/391]	Time 3.805 (6.575)	Loss 0.5137 (0.6904)	Acc@1 89.844 (84.201)	Acc@5 97.656 (96.652)	Mem 6613MB
Test: [310/391]	Time 4.727 (6.521)	Loss 0.8232 (0.6931)	Acc@1 82.812 (84.151)	Acc@5 92.969 (96.616)	Mem 6613MB
Test: [320/391]	Time 3.768 (6.464)	Loss 0.4727 (0.6990)	Acc@1 91.406 (84.015)	Acc@5 99.219 (96.551)	Mem 6613MB
Test: [330/391]	Time 3.289 (6.379)	Loss 1.0781 (0.7072)	Acc@1 72.656 (83.783)	Acc@5 92.969 (96.471)	Mem 6613MB
Test: [340/391]	Time 3.265 (6.277)	Loss 0.5752 (0.7098)	Acc@1 88.281 (83.706)	Acc@5 98.438 (96.456)	Mem 6613MB
Test: [350/391]	Time 3.258 (6.188)	Loss 0.7212 (0.7103)	Acc@1 84.375 (83.681)	Acc@5 96.094 (96.454)	Mem 6613MB
Test: [360/391]	Time 3.651 (6.105)	Loss 1.2451 (0.7176)	Acc@1 72.656 (83.488)	Acc@5 94.531 (96.418)	Mem 6613MB
Test: [370/391]	Time 3.913 (6.033)	Loss 1.0176 (0.7148)	Acc@1 64.844 (83.518)	Acc@5 99.219 (96.456)	Mem 6613MB
Test: [380/391]	Time 3.492 (5.959)	Loss 0.7700 (0.7176)	Acc@1 82.031 (83.450)	Acc@5 96.875 (96.438)	Mem 6613MB
Test: [390/391]	Time 1.647 (5.883)	Loss 1.4170 (0.7162)	Acc@1 63.855 (83.461)	Acc@5 91.566 (96.462)	Mem 6613MB
 * Acc@1 83.461 Acc@5 96.462
Successfully load ckpt /media/Disk2/LiuYue/Visualize/analyze/../../ckpts/vssmsmall/ema_ckpt_epoch_238.pth
starting loop: img_size 64; len(dataset) 50003
Test: [0/391]	Time 1.228 (1.228)	Loss 3.2539 (3.2539)	Acc@1 69.531 (69.531)	Acc@5 84.375 (84.375)	Mem 6613MB
Test: [10/391]	Time 1.820 (1.364)	Loss 6.1211 (3.9311)	Acc@1 42.188 (59.162)	Acc@5 64.844 (78.480)	Mem 6613MB
Test: [20/391]	Time 1.392 (1.344)	Loss 4.5859 (4.8313)	Acc@1 52.344 (51.897)	Acc@5 71.875 (72.582)	Mem 6613MB
Test: [30/391]	Time 1.520 (1.339)	Loss 5.4414 (5.3216)	Acc@1 54.688 (48.059)	Acc@5 68.750 (69.884)	Mem 6613MB
Test: [40/391]	Time 1.429 (1.333)	Loss 3.8398 (4.7857)	Acc@1 58.594 (52.649)	Acc@5 71.094 (72.732)	Mem 6613MB
Test: [50/391]	Time 1.313 (1.352)	Loss 1.9707 (4.8283)	Acc@1 77.344 (52.328)	Acc@5 92.969 (72.871)	Mem 6613MB
Test: [60/391]	Time 1.204 (1.346)	Loss 5.2148 (4.5849)	Acc@1 42.969 (54.201)	Acc@5 72.656 (74.513)	Mem 6613MB
Test: [70/391]	Time 1.353 (1.349)	Loss 5.8281 (4.5809)	Acc@1 42.188 (53.807)	Acc@5 67.969 (75.066)	Mem 6613MB
Test: [80/391]	Time 1.223 (1.339)	Loss 5.1484 (4.5802)	Acc@1 46.094 (53.385)	Acc@5 72.656 (75.309)	Mem 6613MB
Test: [90/391]	Time 1.396 (1.335)	Loss 4.1445 (4.5412)	Acc@1 46.875 (53.468)	Acc@5 80.469 (75.644)	Mem 6613MB
Test: [100/391]	Time 1.154 (1.324)	Loss 4.8477 (4.5058)	Acc@1 48.438 (53.156)	Acc@5 79.688 (76.238)	Mem 6613MB
Test: [110/391]	Time 1.496 (1.330)	Loss 5.2305 (4.5019)	Acc@1 36.719 (53.160)	Acc@5 77.344 (76.570)	Mem 6613MB
Test: [120/391]	Time 1.280 (1.337)	Loss 6.4766 (4.4953)	Acc@1 39.844 (53.467)	Acc@5 67.188 (76.769)	Mem 6613MB
Test: [130/391]	Time 1.303 (1.342)	Loss 4.4414 (4.5243)	Acc@1 64.062 (53.489)	Acc@5 77.344 (76.533)	Mem 6613MB
Test: [140/391]	Time 1.330 (1.336)	Loss 4.7539 (4.4855)	Acc@1 50.781 (53.829)	Acc@5 75.781 (76.806)	Mem 6613MB
Test: [150/391]	Time 1.997 (1.343)	Loss 2.8633 (4.4505)	Acc@1 62.500 (54.248)	Acc@5 89.062 (77.090)	Mem 6613MB
Test: [160/391]	Time 1.481 (1.338)	Loss 4.8438 (4.4666)	Acc@1 44.531 (54.159)	Acc@5 72.656 (76.883)	Mem 6613MB
Test: [170/391]	Time 1.196 (1.331)	Loss 6.2031 (4.5508)	Acc@1 28.906 (53.349)	Acc@5 63.281 (76.106)	Mem 6613MB
Test: [180/391]	Time 2.115 (1.393)	Loss 6.5156 (4.6253)	Acc@1 39.062 (52.797)	Acc@5 60.156 (75.613)	Mem 6613MB
Test: [190/391]	Time 1.906 (1.465)	Loss 6.0820 (4.6909)	Acc@1 42.188 (52.282)	Acc@5 67.969 (75.106)	Mem 6613MB
Test: [200/391]	Time 1.322 (1.470)	Loss 6.2539 (4.7758)	Acc@1 34.375 (51.636)	Acc@5 59.375 (74.549)	Mem 6613MB
Test: [210/391]	Time 2.598 (1.499)	Loss 6.2461 (4.8163)	Acc@1 47.656 (51.266)	Acc@5 65.625 (74.163)	Mem 6613MB
Test: [220/391]	Time 2.284 (1.542)	Loss 3.8594 (4.8300)	Acc@1 61.719 (51.145)	Acc@5 79.688 (73.947)	Mem 6613MB
Test: [230/391]	Time 3.012 (1.589)	Loss 8.3047 (4.8621)	Acc@1 28.125 (50.977)	Acc@5 60.156 (73.705)	Mem 6613MB
Test: [240/391]	Time 2.847 (1.628)	Loss 6.0664 (4.8908)	Acc@1 42.969 (50.755)	Acc@5 60.938 (73.457)	Mem 6613MB
Test: [250/391]	Time 3.591 (1.667)	Loss 4.7461 (4.9314)	Acc@1 53.906 (50.324)	Acc@5 71.875 (73.185)	Mem 6613MB
Test: [260/391]	Time 4.070 (1.717)	Loss 4.8047 (4.9678)	Acc@1 48.438 (49.964)	Acc@5 73.438 (72.896)	Mem 6613MB
Test: [270/391]	Time 3.251 (1.753)	Loss 6.4023 (4.9846)	Acc@1 40.625 (49.827)	Acc@5 67.969 (72.743)	Mem 6613MB
Test: [280/391]	Time 3.260 (1.810)	Loss 5.8438 (4.9937)	Acc@1 35.156 (49.708)	Acc@5 64.844 (72.631)	Mem 6613MB
Test: [290/391]	Time 2.679 (1.855)	Loss 6.3242 (5.0323)	Acc@1 31.250 (49.479)	Acc@5 67.188 (72.318)	Mem 6613MB
Test: [300/391]	Time 3.508 (1.901)	Loss 6.1367 (5.0552)	Acc@1 46.875 (49.385)	Acc@5 68.750 (72.140)	Mem 6613MB
Test: [310/391]	Time 3.054 (1.951)	Loss 6.1914 (5.0974)	Acc@1 39.844 (49.078)	Acc@5 66.406 (71.827)	Mem 6613MB
Test: [320/391]	Time 3.199 (2.002)	Loss 2.8281 (5.0991)	Acc@1 64.062 (49.017)	Acc@5 85.156 (71.800)	Mem 6613MB
Test: [330/391]	Time 1.675 (2.021)	Loss 5.4023 (5.1455)	Acc@1 43.750 (48.610)	Acc@5 66.406 (71.424)	Mem 6613MB
Test: [340/391]	Time 4.147 (2.058)	Loss 4.3672 (5.1456)	Acc@1 53.125 (48.566)	Acc@5 79.688 (71.408)	Mem 6613MB
Test: [350/391]	Time 2.917 (2.089)	Loss 4.3398 (5.1541)	Acc@1 53.906 (48.504)	Acc@5 75.781 (71.334)	Mem 6613MB
Test: [360/391]	Time 3.997 (2.127)	Loss 6.5312 (5.1786)	Acc@1 39.844 (48.375)	Acc@5 66.406 (71.219)	Mem 6613MB
Test: [370/391]	Time 5.178 (2.170)	Loss 3.2207 (5.1544)	Acc@1 64.062 (48.600)	Acc@5 83.594 (71.391)	Mem 6613MB
Test: [380/391]	Time 3.089 (2.193)	Loss 1.7529 (5.1409)	Acc@1 78.125 (48.723)	Acc@5 95.312 (71.463)	Mem 6613MB
Test: [390/391]	Time 2.529 (2.229)	Loss 6.8555 (5.0883)	Acc@1 22.892 (49.103)	Acc@5 60.241 (71.798)	Mem 6613MB
 * Acc@1 49.103 Acc@5 71.798
Successfully load ckpt /media/Disk2/LiuYue/Visualize/analyze/../../ckpts/vssmsmall/ema_ckpt_epoch_238.pth
starting loop: img_size 112; len(dataset) 50003
Warning, x.shape torch.Size([128, 7, 7, 384]) is not match even ===========
Test: [0/391]	Time 4.867 (4.867)	Loss 0.4834 (0.4834)	Acc@1 92.188 (92.188)	Acc@5 96.875 (96.875)	Mem 6613MB
Warning, x.shape torch.Size([128, 7, 7, 384]) is not match even ===========
Warning, x.shape torch.Size([128, 7, 7, 384]) is not match even ===========
Warning, x.shape torch.Size([128, 7, 7, 384]) is not match even ===========
Warning, x.shape torch.Size([128, 7, 7, 384]) is not match even ===========
Warning, x.shape torch.Size([128, 7, 7, 384]) is not match even ===========
Warning, x.shape torch.Size([128, 7, 7, 384]) is not match even ===========
Warning, x.shape torch.Size([128, 7, 7, 384]) is not match even ===========
Warning, x.shape torch.Size([128, 7, 7, 384]) is not match even ===========
Warning, x.shape torch.Size([128, 7, 7, 384]) is not match even ===========
Warning, x.shape torch.Size([128, 7, 7, 384]) is not match even ===========
Test: [10/391]	Time 8.657 (6.093)	Loss 1.9082 (0.7826)	Acc@1 70.312 (85.938)	Acc@5 89.844 (95.384)	Mem 6613MB
Warning, x.shape torch.Size([128, 7, 7, 384]) is not match even ===========
Warning, x.shape torch.Size([128, 7, 7, 384]) is not match even ===========
Warning, x.shape torch.Size([128, 7, 7, 384]) is not match even ===========
Warning, x.shape torch.Size([128, 7, 7, 384]) is not match even ===========
Warning, x.shape torch.Size([128, 7, 7, 384]) is not match even ===========
Warning, x.shape torch.Size([128, 7, 7, 384]) is not match even ===========
Warning, x.shape torch.Size([128, 7, 7, 384]) is not match even ===========
Warning, x.shape torch.Size([128, 7, 7, 384]) is not match even ===========
Warning, x.shape torch.Size([128, 7, 7, 384]) is not match even ===========
Warning, x.shape torch.Size([128, 7, 7, 384]) is not match even ===========
Test: [20/391]	Time 5.605 (6.084)	Loss 0.9507 (1.1596)	Acc@1 82.812 (79.241)	Acc@5 92.188 (92.671)	Mem 6613MB
Warning, x.shape torch.Size([128, 7, 7, 384]) is not match even ===========
Warning, x.shape torch.Size([128, 7, 7, 384]) is not match even ===========
Warning, x.shape torch.Size([128, 7, 7, 384]) is not match even ===========
Warning, x.shape torch.Size([128, 7, 7, 384]) is not match even ===========
Warning, x.shape torch.Size([128, 7, 7, 384]) is not match even ===========
Warning, x.shape torch.Size([128, 7, 7, 384]) is not match even ===========
Warning, x.shape torch.Size([128, 7, 7, 384]) is not match even ===========
Warning, x.shape torch.Size([128, 7, 7, 384]) is not match even ===========
Warning, x.shape torch.Size([128, 7, 7, 384]) is not match even ===========
Warning, x.shape torch.Size([128, 7, 7, 384]) is not match even ===========
Test: [30/391]	Time 7.031 (5.974)	Loss 1.6299 (1.3390)	Acc@1 78.125 (76.134)	Acc@5 89.844 (91.860)	Mem 6613MB
Warning, x.shape torch.Size([128, 7, 7, 384]) is not match even ===========
Warning, x.shape torch.Size([128, 7, 7, 384]) is not match even ===========
Warning, x.shape torch.Size([128, 7, 7, 384]) is not match even ===========
Warning, x.shape torch.Size([128, 7, 7, 384]) is not match even ===========
Warning, x.shape torch.Size([128, 7, 7, 384]) is not match even ===========
Warning, x.shape torch.Size([128, 7, 7, 384]) is not match even ===========
Warning, x.shape torch.Size([128, 7, 7, 384]) is not match even ===========
Warning, x.shape torch.Size([128, 7, 7, 384]) is not match even ===========
Warning, x.shape torch.Size([128, 7, 7, 384]) is not match even ===========
Warning, x.shape torch.Size([128, 7, 7, 384]) is not match even ===========
Test: [40/391]	Time 5.373 (5.832)	Loss 0.8022 (1.1690)	Acc@1 86.719 (79.021)	Acc@5 94.531 (92.969)	Mem 6613MB
Warning, x.shape torch.Size([128, 7, 7, 384]) is not match even ===========
Warning, x.shape torch.Size([128, 7, 7, 384]) is not match even ===========
Warning, x.shape torch.Size([128, 7, 7, 384]) is not match even ===========
Warning, x.shape torch.Size([128, 7, 7, 384]) is not match even ===========
Warning, x.shape torch.Size([128, 7, 7, 384]) is not match even ===========
Warning, x.shape torch.Size([128, 7, 7, 384]) is not match even ===========
Warning, x.shape torch.Size([128, 7, 7, 384]) is not match even ===========
Warning, x.shape torch.Size([128, 7, 7, 384]) is not match even ===========
Warning, x.shape torch.Size([128, 7, 7, 384]) is not match even ===========
Warning, x.shape torch.Size([128, 7, 7, 384]) is not match even ===========
Test: [50/391]	Time 6.259 (5.852)	Loss 0.4944 (1.1764)	Acc@1 89.844 (78.983)	Acc@5 97.656 (92.999)	Mem 6613MB
Warning, x.shape torch.Size([128, 7, 7, 384]) is not match even ===========
Warning, x.shape torch.Size([128, 7, 7, 384]) is not match even ===========
Warning, x.shape torch.Size([128, 7, 7, 384]) is not match even ===========
Warning, x.shape torch.Size([128, 7, 7, 384]) is not match even ===========
Warning, x.shape torch.Size([128, 7, 7, 384]) is not match even ===========
Warning, x.shape torch.Size([128, 7, 7, 384]) is not match even ===========
Warning, x.shape torch.Size([128, 7, 7, 384]) is not match even ===========
Warning, x.shape torch.Size([128, 7, 7, 384]) is not match even ===========
Warning, x.shape torch.Size([128, 7, 7, 384]) is not match even ===========
Warning, x.shape torch.Size([128, 7, 7, 384]) is not match even ===========
Test: [60/391]	Time 5.220 (5.849)	Loss 1.3477 (1.1017)	Acc@1 75.781 (80.251)	Acc@5 93.750 (93.494)	Mem 6613MB
Warning, x.shape torch.Size([128, 7, 7, 384]) is not match even ===========
Warning, x.shape torch.Size([128, 7, 7, 384]) is not match even ===========
Warning, x.shape torch.Size([128, 7, 7, 384]) is not match even ===========
Warning, x.shape torch.Size([128, 7, 7, 384]) is not match even ===========
Warning, x.shape torch.Size([128, 7, 7, 384]) is not match even ===========
Warning, x.shape torch.Size([128, 7, 7, 384]) is not match even ===========
Warning, x.shape torch.Size([128, 7, 7, 384]) is not match even ===========
Warning, x.shape torch.Size([128, 7, 7, 384]) is not match even ===========
Warning, x.shape torch.Size([128, 7, 7, 384]) is not match even ===========
Warning, x.shape torch.Size([128, 7, 7, 384]) is not match even ===========
Test: [70/391]	Time 5.503 (5.833)	Loss 1.3945 (1.1391)	Acc@1 71.875 (79.566)	Acc@5 90.625 (93.563)	Mem 6613MB
Warning, x.shape torch.Size([128, 7, 7, 384]) is not match even ===========
Warning, x.shape torch.Size([128, 7, 7, 384]) is not match even ===========
Warning, x.shape torch.Size([128, 7, 7, 384]) is not match even ===========
Warning, x.shape torch.Size([128, 7, 7, 384]) is not match even ===========
Warning, x.shape torch.Size([128, 7, 7, 384]) is not match even ===========
Warning, x.shape torch.Size([128, 7, 7, 384]) is not match even ===========
Warning, x.shape torch.Size([128, 7, 7, 384]) is not match even ===========
Warning, x.shape torch.Size([128, 7, 7, 384]) is not match even ===========
Warning, x.shape torch.Size([128, 7, 7, 384]) is not match even ===========
Warning, x.shape torch.Size([128, 7, 7, 384]) is not match even ===========
Test: [80/391]	Time 5.437 (5.789)	Loss 1.2051 (1.1436)	Acc@1 75.781 (79.205)	Acc@5 93.750 (93.769)	Mem 6613MB
Warning, x.shape torch.Size([128, 7, 7, 384]) is not match even ===========
Warning, x.shape torch.Size([128, 7, 7, 384]) is not match even ===========
Warning, x.shape torch.Size([128, 7, 7, 384]) is not match even ===========
Warning, x.shape torch.Size([128, 7, 7, 384]) is not match even ===========
Warning, x.shape torch.Size([128, 7, 7, 384]) is not match even ===========
Warning, x.shape torch.Size([128, 7, 7, 384]) is not match even ===========
Warning, x.shape torch.Size([128, 7, 7, 384]) is not match even ===========
Warning, x.shape torch.Size([128, 7, 7, 384]) is not match even ===========
Warning, x.shape torch.Size([128, 7, 7, 384]) is not match even ===========
Warning, x.shape torch.Size([128, 7, 7, 384]) is not match even ===========
Test: [90/391]	Time 6.184 (5.775)	Loss 1.3779 (1.1332)	Acc@1 69.531 (79.327)	Acc@5 93.750 (93.887)	Mem 6613MB
Warning, x.shape torch.Size([128, 7, 7, 384]) is not match even ===========
Warning, x.shape torch.Size([128, 7, 7, 384]) is not match even ===========
Warning, x.shape torch.Size([128, 7, 7, 384]) is not match even ===========
Warning, x.shape torch.Size([128, 7, 7, 384]) is not match even ===========
Warning, x.shape torch.Size([128, 7, 7, 384]) is not match even ===========
Warning, x.shape torch.Size([128, 7, 7, 384]) is not match even ===========
Warning, x.shape torch.Size([128, 7, 7, 384]) is not match even ===========
Warning, x.shape torch.Size([128, 7, 7, 384]) is not match even ===========
Warning, x.shape torch.Size([128, 7, 7, 384]) is not match even ===========
Warning, x.shape torch.Size([128, 7, 7, 384]) is not match even ===========
Test: [100/391]	Time 4.932 (5.722)	Loss 0.9692 (1.1379)	Acc@1 84.375 (79.015)	Acc@5 95.312 (94.090)	Mem 6613MB
Warning, x.shape torch.Size([128, 7, 7, 384]) is not match even ===========
Warning, x.shape torch.Size([128, 7, 7, 384]) is not match even ===========
Warning, x.shape torch.Size([128, 7, 7, 384]) is not match even ===========
Warning, x.shape torch.Size([128, 7, 7, 384]) is not match even ===========
Warning, x.shape torch.Size([128, 7, 7, 384]) is not match even ===========
Warning, x.shape torch.Size([128, 7, 7, 384]) is not match even ===========
Warning, x.shape torch.Size([128, 7, 7, 384]) is not match even ===========
Warning, x.shape torch.Size([128, 7, 7, 384]) is not match even ===========
Warning, x.shape torch.Size([128, 7, 7, 384]) is not match even ===========
Warning, x.shape torch.Size([128, 7, 7, 384]) is not match even ===========
Test: [110/391]	Time 7.824 (5.769)	Loss 1.7109 (1.1383)	Acc@1 56.250 (78.829)	Acc@5 93.750 (94.271)	Mem 6613MB
Warning, x.shape torch.Size([128, 7, 7, 384]) is not match even ===========
Warning, x.shape torch.Size([128, 7, 7, 384]) is not match even ===========
Warning, x.shape torch.Size([128, 7, 7, 384]) is not match even ===========
Warning, x.shape torch.Size([128, 7, 7, 384]) is not match even ===========
Warning, x.shape torch.Size([128, 7, 7, 384]) is not match even ===========
Warning, x.shape torch.Size([128, 7, 7, 384]) is not match even ===========
Warning, x.shape torch.Size([128, 7, 7, 384]) is not match even ===========
Warning, x.shape torch.Size([128, 7, 7, 384]) is not match even ===========
Warning, x.shape torch.Size([128, 7, 7, 384]) is not match even ===========
Warning, x.shape torch.Size([128, 7, 7, 384]) is not match even ===========
Test: [120/391]	Time 5.946 (5.807)	Loss 1.1787 (1.1290)	Acc@1 75.781 (79.145)	Acc@5 95.312 (94.389)	Mem 6613MB
Warning, x.shape torch.Size([128, 7, 7, 384]) is not match even ===========
Warning, x.shape torch.Size([128, 7, 7, 384]) is not match even ===========
Warning, x.shape torch.Size([128, 7, 7, 384]) is not match even ===========
Warning, x.shape torch.Size([128, 7, 7, 384]) is not match even ===========
Warning, x.shape torch.Size([128, 7, 7, 384]) is not match even ===========
Warning, x.shape torch.Size([128, 7, 7, 384]) is not match even ===========
Warning, x.shape torch.Size([128, 7, 7, 384]) is not match even ===========
Warning, x.shape torch.Size([128, 7, 7, 384]) is not match even ===========
Warning, x.shape torch.Size([128, 7, 7, 384]) is not match even ===========
Warning, x.shape torch.Size([128, 7, 7, 384]) is not match even ===========
Test: [130/391]	Time 5.117 (5.857)	Loss 0.4863 (1.1134)	Acc@1 90.625 (79.497)	Acc@5 97.656 (94.430)	Mem 6613MB
Warning, x.shape torch.Size([128, 7, 7, 384]) is not match even ===========
Warning, x.shape torch.Size([128, 7, 7, 384]) is not match even ===========
Warning, x.shape torch.Size([128, 7, 7, 384]) is not match even ===========
Warning, x.shape torch.Size([128, 7, 7, 384]) is not match even ===========
Warning, x.shape torch.Size([128, 7, 7, 384]) is not match even ===========
Warning, x.shape torch.Size([128, 7, 7, 384]) is not match even ===========
Warning, x.shape torch.Size([128, 7, 7, 384]) is not match even ===========
Warning, x.shape torch.Size([128, 7, 7, 384]) is not match even ===========
Warning, x.shape torch.Size([128, 7, 7, 384]) is not match even ===========
Warning, x.shape torch.Size([128, 7, 7, 384]) is not match even ===========
Test: [140/391]	Time 6.053 (5.832)	Loss 1.3096 (1.1058)	Acc@1 69.531 (79.394)	Acc@5 97.656 (94.509)	Mem 6613MB
Warning, x.shape torch.Size([128, 7, 7, 384]) is not match even ===========
Warning, x.shape torch.Size([128, 7, 7, 384]) is not match even ===========
Warning, x.shape torch.Size([128, 7, 7, 384]) is not match even ===========
Warning, x.shape torch.Size([128, 7, 7, 384]) is not match even ===========
Warning, x.shape torch.Size([128, 7, 7, 384]) is not match even ===========
Warning, x.shape torch.Size([128, 7, 7, 384]) is not match even ===========
Warning, x.shape torch.Size([128, 7, 7, 384]) is not match even ===========
Warning, x.shape torch.Size([128, 7, 7, 384]) is not match even ===========
Warning, x.shape torch.Size([128, 7, 7, 384]) is not match even ===========
Warning, x.shape torch.Size([128, 7, 7, 384]) is not match even ===========
Test: [150/391]	Time 8.291 (5.883)	Loss 0.8872 (1.1021)	Acc@1 78.125 (79.537)	Acc@5 96.094 (94.521)	Mem 6613MB
Warning, x.shape torch.Size([128, 7, 7, 384]) is not match even ===========
Warning, x.shape torch.Size([128, 7, 7, 384]) is not match even ===========
Warning, x.shape torch.Size([128, 7, 7, 384]) is not match even ===========
Warning, x.shape torch.Size([128, 7, 7, 384]) is not match even ===========
Warning, x.shape torch.Size([128, 7, 7, 384]) is not match even ===========
Warning, x.shape torch.Size([128, 7, 7, 384]) is not match even ===========
Warning, x.shape torch.Size([128, 7, 7, 384]) is not match even ===========
Warning, x.shape torch.Size([128, 7, 7, 384]) is not match even ===========
Warning, x.shape torch.Size([128, 7, 7, 384]) is not match even ===========
Warning, x.shape torch.Size([128, 7, 7, 384]) is not match even ===========
Test: [160/391]	Time 4.992 (5.862)	Loss 1.1484 (1.1090)	Acc@1 79.688 (79.498)	Acc@5 93.750 (94.391)	Mem 6613MB
Warning, x.shape torch.Size([128, 7, 7, 384]) is not match even ===========
Warning, x.shape torch.Size([128, 7, 7, 384]) is not match even ===========
Warning, x.shape torch.Size([128, 7, 7, 384]) is not match even ===========
Warning, x.shape torch.Size([128, 7, 7, 384]) is not match even ===========
Warning, x.shape torch.Size([128, 7, 7, 384]) is not match even ===========
Warning, x.shape torch.Size([128, 7, 7, 384]) is not match even ===========
Warning, x.shape torch.Size([128, 7, 7, 384]) is not match even ===========
Warning, x.shape torch.Size([128, 7, 7, 384]) is not match even ===========
Warning, x.shape torch.Size([128, 7, 7, 384]) is not match even ===========
Warning, x.shape torch.Size([128, 7, 7, 384]) is not match even ===========
Test: [170/391]	Time 5.279 (5.823)	Loss 2.2285 (1.1464)	Acc@1 57.812 (78.755)	Acc@5 85.156 (94.065)	Mem 6613MB
Warning, x.shape torch.Size([128, 7, 7, 384]) is not match even ===========
Warning, x.shape torch.Size([128, 7, 7, 384]) is not match even ===========
Warning, x.shape torch.Size([128, 7, 7, 384]) is not match even ===========
Warning, x.shape torch.Size([128, 7, 7, 384]) is not match even ===========
Warning, x.shape torch.Size([128, 7, 7, 384]) is not match even ===========
Warning, x.shape torch.Size([128, 7, 7, 384]) is not match even ===========
Warning, x.shape torch.Size([128, 7, 7, 384]) is not match even ===========
Warning, x.shape torch.Size([128, 7, 7, 384]) is not match even ===========
Warning, x.shape torch.Size([128, 7, 7, 384]) is not match even ===========
Warning, x.shape torch.Size([128, 7, 7, 384]) is not match even ===========
Test: [180/391]	Time 3.736 (5.808)	Loss 2.3574 (1.1741)	Acc@1 58.594 (78.336)	Acc@5 85.156 (93.815)	Mem 6613MB
Warning, x.shape torch.Size([128, 7, 7, 384]) is not match even ===========
Warning, x.shape torch.Size([128, 7, 7, 384]) is not match even ===========
Warning, x.shape torch.Size([128, 7, 7, 384]) is not match even ===========
Warning, x.shape torch.Size([128, 7, 7, 384]) is not match even ===========
Warning, x.shape torch.Size([128, 7, 7, 384]) is not match even ===========
Warning, x.shape torch.Size([128, 7, 7, 384]) is not match even ===========
Warning, x.shape torch.Size([128, 7, 7, 384]) is not match even ===========
Warning, x.shape torch.Size([128, 7, 7, 384]) is not match even ===========
Warning, x.shape torch.Size([128, 7, 7, 384]) is not match even ===========
Warning, x.shape torch.Size([128, 7, 7, 384]) is not match even ===========
Test: [190/391]	Time 4.240 (5.805)	Loss 2.4121 (1.2114)	Acc@1 63.281 (77.753)	Acc@5 86.719 (93.545)	Mem 6613MB
Warning, x.shape torch.Size([128, 7, 7, 384]) is not match even ===========
Warning, x.shape torch.Size([128, 7, 7, 384]) is not match even ===========
Warning, x.shape torch.Size([128, 7, 7, 384]) is not match even ===========
Warning, x.shape torch.Size([128, 7, 7, 384]) is not match even ===========
Warning, x.shape torch.Size([128, 7, 7, 384]) is not match even ===========
Warning, x.shape torch.Size([128, 7, 7, 384]) is not match even ===========
Warning, x.shape torch.Size([128, 7, 7, 384]) is not match even ===========
Warning, x.shape torch.Size([128, 7, 7, 384]) is not match even ===========
Warning, x.shape torch.Size([128, 7, 7, 384]) is not match even ===========
Warning, x.shape torch.Size([128, 7, 7, 384]) is not match even ===========
Test: [200/391]	Time 4.616 (5.796)	Loss 1.0137 (1.2461)	Acc@1 73.438 (77.200)	Acc@5 93.750 (93.272)	Mem 6613MB
Warning, x.shape torch.Size([128, 7, 7, 384]) is not match even ===========
Warning, x.shape torch.Size([128, 7, 7, 384]) is not match even ===========
Warning, x.shape torch.Size([128, 7, 7, 384]) is not match even ===========
Warning, x.shape torch.Size([128, 7, 7, 384]) is not match even ===========
Warning, x.shape torch.Size([128, 7, 7, 384]) is not match even ===========
Warning, x.shape torch.Size([128, 7, 7, 384]) is not match even ===========
Warning, x.shape torch.Size([128, 7, 7, 384]) is not match even ===========
Warning, x.shape torch.Size([128, 7, 7, 384]) is not match even ===========
Warning, x.shape torch.Size([128, 7, 7, 384]) is not match even ===========
Warning, x.shape torch.Size([128, 7, 7, 384]) is not match even ===========
Test: [210/391]	Time 3.777 (5.761)	Loss 1.9102 (1.2700)	Acc@1 68.750 (76.799)	Acc@5 85.156 (93.050)	Mem 6613MB
Warning, x.shape torch.Size([128, 7, 7, 384]) is not match even ===========
Warning, x.shape torch.Size([128, 7, 7, 384]) is not match even ===========
Warning, x.shape torch.Size([128, 7, 7, 384]) is not match even ===========
Warning, x.shape torch.Size([128, 7, 7, 384]) is not match even ===========
Warning, x.shape torch.Size([128, 7, 7, 384]) is not match even ===========
Warning, x.shape torch.Size([128, 7, 7, 384]) is not match even ===========
Warning, x.shape torch.Size([128, 7, 7, 384]) is not match even ===========
Warning, x.shape torch.Size([128, 7, 7, 384]) is not match even ===========
Warning, x.shape torch.Size([128, 7, 7, 384]) is not match even ===========
Warning, x.shape torch.Size([128, 7, 7, 384]) is not match even ===========
Test: [220/391]	Time 6.626 (5.747)	Loss 0.7764 (1.2749)	Acc@1 87.500 (76.796)	Acc@5 93.750 (92.919)	Mem 6613MB
Warning, x.shape torch.Size([128, 7, 7, 384]) is not match even ===========
Warning, x.shape torch.Size([128, 7, 7, 384]) is not match even ===========
Warning, x.shape torch.Size([128, 7, 7, 384]) is not match even ===========
Warning, x.shape torch.Size([128, 7, 7, 384]) is not match even ===========
Warning, x.shape torch.Size([128, 7, 7, 384]) is not match even ===========
Warning, x.shape torch.Size([128, 7, 7, 384]) is not match even ===========
Warning, x.shape torch.Size([128, 7, 7, 384]) is not match even ===========
Warning, x.shape torch.Size([128, 7, 7, 384]) is not match even ===========
Warning, x.shape torch.Size([128, 7, 7, 384]) is not match even ===========
Warning, x.shape torch.Size([128, 7, 7, 384]) is not match even ===========
Test: [230/391]	Time 6.154 (5.757)	Loss 2.5801 (1.2877)	Acc@1 60.156 (76.667)	Acc@5 80.469 (92.759)	Mem 6613MB
Warning, x.shape torch.Size([128, 7, 7, 384]) is not match even ===========
Warning, x.shape torch.Size([128, 7, 7, 384]) is not match even ===========
Warning, x.shape torch.Size([128, 7, 7, 384]) is not match even ===========
Warning, x.shape torch.Size([128, 7, 7, 384]) is not match even ===========
Warning, x.shape torch.Size([128, 7, 7, 384]) is not match even ===========
Warning, x.shape torch.Size([128, 7, 7, 384]) is not match even ===========
Warning, x.shape torch.Size([128, 7, 7, 384]) is not match even ===========
Warning, x.shape torch.Size([128, 7, 7, 384]) is not match even ===========
Warning, x.shape torch.Size([128, 7, 7, 384]) is not match even ===========
Warning, x.shape torch.Size([128, 7, 7, 384]) is not match even ===========
Test: [240/391]	Time 5.697 (5.746)	Loss 1.8086 (1.2907)	Acc@1 75.781 (76.666)	Acc@5 85.156 (92.641)	Mem 6613MB
Warning, x.shape torch.Size([128, 7, 7, 384]) is not match even ===========
Warning, x.shape torch.Size([128, 7, 7, 384]) is not match even ===========
Warning, x.shape torch.Size([128, 7, 7, 384]) is not match even ===========
Warning, x.shape torch.Size([128, 7, 7, 384]) is not match even ===========
Warning, x.shape torch.Size([128, 7, 7, 384]) is not match even ===========
Warning, x.shape torch.Size([128, 7, 7, 384]) is not match even ===========
Warning, x.shape torch.Size([128, 7, 7, 384]) is not match even ===========
Warning, x.shape torch.Size([128, 7, 7, 384]) is not match even ===========
Warning, x.shape torch.Size([128, 7, 7, 384]) is not match even ===========
Warning, x.shape torch.Size([128, 7, 7, 384]) is not match even ===========
Test: [250/391]	Time 4.649 (5.716)	Loss 0.8735 (1.3128)	Acc@1 83.594 (76.161)	Acc@5 96.875 (92.489)	Mem 6613MB
Warning, x.shape torch.Size([128, 7, 7, 384]) is not match even ===========
Warning, x.shape torch.Size([128, 7, 7, 384]) is not match even ===========
Warning, x.shape torch.Size([128, 7, 7, 384]) is not match even ===========
Warning, x.shape torch.Size([128, 7, 7, 384]) is not match even ===========
Warning, x.shape torch.Size([128, 7, 7, 384]) is not match even ===========
Warning, x.shape torch.Size([128, 7, 7, 384]) is not match even ===========
Warning, x.shape torch.Size([128, 7, 7, 384]) is not match even ===========
Warning, x.shape torch.Size([128, 7, 7, 384]) is not match even ===========
Warning, x.shape torch.Size([128, 7, 7, 384]) is not match even ===========
Warning, x.shape torch.Size([128, 7, 7, 384]) is not match even ===========
Test: [260/391]	Time 5.019 (5.702)	Loss 1.0693 (1.3352)	Acc@1 78.125 (75.826)	Acc@5 95.312 (92.304)	Mem 6613MB
Warning, x.shape torch.Size([128, 7, 7, 384]) is not match even ===========
Warning, x.shape torch.Size([128, 7, 7, 384]) is not match even ===========
Warning, x.shape torch.Size([128, 7, 7, 384]) is not match even ===========
Warning, x.shape torch.Size([128, 7, 7, 384]) is not match even ===========
Warning, x.shape torch.Size([128, 7, 7, 384]) is not match even ===========
Warning, x.shape torch.Size([128, 7, 7, 384]) is not match even ===========
Warning, x.shape torch.Size([128, 7, 7, 384]) is not match even ===========
Warning, x.shape torch.Size([128, 7, 7, 384]) is not match even ===========
Warning, x.shape torch.Size([128, 7, 7, 384]) is not match even ===========
Warning, x.shape torch.Size([128, 7, 7, 384]) is not match even ===========
Test: [270/391]	Time 6.389 (5.693)	Loss 2.2207 (1.3466)	Acc@1 60.938 (75.643)	Acc@5 89.062 (92.196)	Mem 6613MB
Warning, x.shape torch.Size([128, 7, 7, 384]) is not match even ===========
Warning, x.shape torch.Size([128, 7, 7, 384]) is not match even ===========
Warning, x.shape torch.Size([128, 7, 7, 384]) is not match even ===========
Warning, x.shape torch.Size([128, 7, 7, 384]) is not match even ===========
Warning, x.shape torch.Size([128, 7, 7, 384]) is not match even ===========
Warning, x.shape torch.Size([128, 7, 7, 384]) is not match even ===========
Warning, x.shape torch.Size([128, 7, 7, 384]) is not match even ===========
Warning, x.shape torch.Size([128, 7, 7, 384]) is not match even ===========
Warning, x.shape torch.Size([128, 7, 7, 384]) is not match even ===========
Warning, x.shape torch.Size([128, 7, 7, 384]) is not match even ===========
Test: [280/391]	Time 5.044 (5.691)	Loss 1.5332 (1.3498)	Acc@1 70.312 (75.576)	Acc@5 91.406 (92.165)	Mem 6613MB
Warning, x.shape torch.Size([128, 7, 7, 384]) is not match even ===========
Warning, x.shape torch.Size([128, 7, 7, 384]) is not match even ===========
Warning, x.shape torch.Size([128, 7, 7, 384]) is not match even ===========
Warning, x.shape torch.Size([128, 7, 7, 384]) is not match even ===========
Warning, x.shape torch.Size([128, 7, 7, 384]) is not match even ===========
Warning, x.shape torch.Size([128, 7, 7, 384]) is not match even ===========
Warning, x.shape torch.Size([128, 7, 7, 384]) is not match even ===========
Warning, x.shape torch.Size([128, 7, 7, 384]) is not match even ===========
Warning, x.shape torch.Size([128, 7, 7, 384]) is not match even ===========
Warning, x.shape torch.Size([128, 7, 7, 384]) is not match even ===========
Test: [290/391]	Time 5.034 (5.690)	Loss 2.0957 (1.3663)	Acc@1 49.219 (75.352)	Acc@5 85.938 (92.016)	Mem 6613MB
Warning, x.shape torch.Size([128, 7, 7, 384]) is not match even ===========
Warning, x.shape torch.Size([128, 7, 7, 384]) is not match even ===========
Warning, x.shape torch.Size([128, 7, 7, 384]) is not match even ===========
Warning, x.shape torch.Size([128, 7, 7, 384]) is not match even ===========
Warning, x.shape torch.Size([128, 7, 7, 384]) is not match even ===========
Warning, x.shape torch.Size([128, 7, 7, 384]) is not match even ===========
Warning, x.shape torch.Size([128, 7, 7, 384]) is not match even ===========
Warning, x.shape torch.Size([128, 7, 7, 384]) is not match even ===========
Warning, x.shape torch.Size([128, 7, 7, 384]) is not match even ===========
Warning, x.shape torch.Size([128, 7, 7, 384]) is not match even ===========
Test: [300/391]	Time 3.910 (5.659)	Loss 1.5918 (1.3763)	Acc@1 72.656 (75.260)	Acc@5 89.062 (91.915)	Mem 6613MB
Warning, x.shape torch.Size([128, 7, 7, 384]) is not match even ===========
Warning, x.shape torch.Size([128, 7, 7, 384]) is not match even ===========
Warning, x.shape torch.Size([128, 7, 7, 384]) is not match even ===========
Warning, x.shape torch.Size([128, 7, 7, 384]) is not match even ===========
Warning, x.shape torch.Size([128, 7, 7, 384]) is not match even ===========
Warning, x.shape torch.Size([128, 7, 7, 384]) is not match even ===========
Warning, x.shape torch.Size([128, 7, 7, 384]) is not match even ===========
Warning, x.shape torch.Size([128, 7, 7, 384]) is not match even ===========
Warning, x.shape torch.Size([128, 7, 7, 384]) is not match even ===========
Warning, x.shape torch.Size([128, 7, 7, 384]) is not match even ===========
Test: [310/391]	Time 3.266 (5.637)	Loss 2.2754 (1.3951)	Acc@1 59.375 (75.023)	Acc@5 85.938 (91.728)	Mem 6613MB
Warning, x.shape torch.Size([128, 7, 7, 384]) is not match even ===========
Warning, x.shape torch.Size([128, 7, 7, 384]) is not match even ===========
Warning, x.shape torch.Size([128, 7, 7, 384]) is not match even ===========
Warning, x.shape torch.Size([128, 7, 7, 384]) is not match even ===========
Warning, x.shape torch.Size([128, 7, 7, 384]) is not match even ===========
Warning, x.shape torch.Size([128, 7, 7, 384]) is not match even ===========
Warning, x.shape torch.Size([128, 7, 7, 384]) is not match even ===========
Warning, x.shape torch.Size([128, 7, 7, 384]) is not match even ===========
Warning, x.shape torch.Size([128, 7, 7, 384]) is not match even ===========
Warning, x.shape torch.Size([128, 7, 7, 384]) is not match even ===========
Test: [320/391]	Time 3.795 (5.614)	Loss 0.8115 (1.3999)	Acc@1 85.938 (74.959)	Acc@5 96.875 (91.654)	Mem 6613MB
Warning, x.shape torch.Size([128, 7, 7, 384]) is not match even ===========
Warning, x.shape torch.Size([128, 7, 7, 384]) is not match even ===========
Warning, x.shape torch.Size([128, 7, 7, 384]) is not match even ===========
Warning, x.shape torch.Size([128, 7, 7, 384]) is not match even ===========
Warning, x.shape torch.Size([128, 7, 7, 384]) is not match even ===========
Warning, x.shape torch.Size([128, 7, 7, 384]) is not match even ===========
Warning, x.shape torch.Size([128, 7, 7, 384]) is not match even ===========
Warning, x.shape torch.Size([128, 7, 7, 384]) is not match even ===========
Warning, x.shape torch.Size([128, 7, 7, 384]) is not match even ===========
Warning, x.shape torch.Size([128, 7, 7, 384]) is not match even ===========
Test: [330/391]	Time 5.405 (5.598)	Loss 1.6240 (1.4194)	Acc@1 68.750 (74.632)	Acc@5 86.719 (91.475)	Mem 6613MB
Warning, x.shape torch.Size([128, 7, 7, 384]) is not match even ===========
Warning, x.shape torch.Size([128, 7, 7, 384]) is not match even ===========
Warning, x.shape torch.Size([128, 7, 7, 384]) is not match even ===========
Warning, x.shape torch.Size([128, 7, 7, 384]) is not match even ===========
Warning, x.shape torch.Size([128, 7, 7, 384]) is not match even ===========
Warning, x.shape torch.Size([128, 7, 7, 384]) is not match even ===========
Warning, x.shape torch.Size([128, 7, 7, 384]) is not match even ===========
Warning, x.shape torch.Size([128, 7, 7, 384]) is not match even ===========
Warning, x.shape torch.Size([128, 7, 7, 384]) is not match even ===========
Warning, x.shape torch.Size([128, 7, 7, 384]) is not match even ===========
Test: [340/391]	Time 6.855 (5.594)	Loss 1.4062 (1.4230)	Acc@1 69.531 (74.523)	Acc@5 94.531 (91.470)	Mem 6613MB
Warning, x.shape torch.Size([128, 7, 7, 384]) is not match even ===========
Warning, x.shape torch.Size([128, 7, 7, 384]) is not match even ===========
Warning, x.shape torch.Size([128, 7, 7, 384]) is not match even ===========
Warning, x.shape torch.Size([128, 7, 7, 384]) is not match even ===========
Warning, x.shape torch.Size([128, 7, 7, 384]) is not match even ===========
Warning, x.shape torch.Size([128, 7, 7, 384]) is not match even ===========
Warning, x.shape torch.Size([128, 7, 7, 384]) is not match even ===========
Warning, x.shape torch.Size([128, 7, 7, 384]) is not match even ===========
Warning, x.shape torch.Size([128, 7, 7, 384]) is not match even ===========
Warning, x.shape torch.Size([128, 7, 7, 384]) is not match even ===========
Test: [350/391]	Time 5.018 (5.589)	Loss 1.1445 (1.4252)	Acc@1 75.781 (74.457)	Acc@5 92.188 (91.437)	Mem 6613MB
Warning, x.shape torch.Size([128, 7, 7, 384]) is not match even ===========
Warning, x.shape torch.Size([128, 7, 7, 384]) is not match even ===========
Warning, x.shape torch.Size([128, 7, 7, 384]) is not match even ===========
Warning, x.shape torch.Size([128, 7, 7, 384]) is not match even ===========
Warning, x.shape torch.Size([128, 7, 7, 384]) is not match even ===========
Warning, x.shape torch.Size([128, 7, 7, 384]) is not match even ===========
Warning, x.shape torch.Size([128, 7, 7, 384]) is not match even ===========
Warning, x.shape torch.Size([128, 7, 7, 384]) is not match even ===========
Warning, x.shape torch.Size([128, 7, 7, 384]) is not match even ===========
Warning, x.shape torch.Size([128, 7, 7, 384]) is not match even ===========
Test: [360/391]	Time 4.653 (5.577)	Loss 2.2891 (1.4399)	Acc@1 60.156 (74.230)	Acc@5 92.188 (91.391)	Mem 6613MB
Warning, x.shape torch.Size([128, 7, 7, 384]) is not match even ===========
Warning, x.shape torch.Size([128, 7, 7, 384]) is not match even ===========
Warning, x.shape torch.Size([128, 7, 7, 384]) is not match even ===========
Warning, x.shape torch.Size([128, 7, 7, 384]) is not match even ===========
Warning, x.shape torch.Size([128, 7, 7, 384]) is not match even ===========
Warning, x.shape torch.Size([128, 7, 7, 384]) is not match even ===========
Warning, x.shape torch.Size([128, 7, 7, 384]) is not match even ===========
Warning, x.shape torch.Size([128, 7, 7, 384]) is not match even ===========
Warning, x.shape torch.Size([128, 7, 7, 384]) is not match even ===========
Warning, x.shape torch.Size([128, 7, 7, 384]) is not match even ===========
Test: [370/391]	Time 7.009 (5.567)	Loss 1.8193 (1.4324)	Acc@1 62.500 (74.314)	Acc@5 94.531 (91.497)	Mem 6613MB
Warning, x.shape torch.Size([128, 7, 7, 384]) is not match even ===========
Warning, x.shape torch.Size([128, 7, 7, 384]) is not match even ===========
Warning, x.shape torch.Size([128, 7, 7, 384]) is not match even ===========
Warning, x.shape torch.Size([128, 7, 7, 384]) is not match even ===========
Warning, x.shape torch.Size([128, 7, 7, 384]) is not match even ===========
Warning, x.shape torch.Size([128, 7, 7, 384]) is not match even ===========
Warning, x.shape torch.Size([128, 7, 7, 384]) is not match even ===========
Warning, x.shape torch.Size([128, 7, 7, 384]) is not match even ===========
Warning, x.shape torch.Size([128, 7, 7, 384]) is not match even ===========
Warning, x.shape torch.Size([128, 7, 7, 384]) is not match even ===========
Test: [380/391]	Time 2.583 (5.550)	Loss 0.7783 (1.4357)	Acc@1 84.375 (74.293)	Acc@5 97.656 (91.466)	Mem 6613MB
Warning, x.shape torch.Size([128, 7, 7, 384]) is not match even ===========
Warning, x.shape torch.Size([128, 7, 7, 384]) is not match even ===========
Warning, x.shape torch.Size([128, 7, 7, 384]) is not match even ===========
Warning, x.shape torch.Size([128, 7, 7, 384]) is not match even ===========
Warning, x.shape torch.Size([128, 7, 7, 384]) is not match even ===========
Warning, x.shape torch.Size([128, 7, 7, 384]) is not match even ===========
Warning, x.shape torch.Size([128, 7, 7, 384]) is not match even ===========
Warning, x.shape torch.Size([128, 7, 7, 384]) is not match even ===========
Warning, x.shape torch.Size([128, 7, 7, 384]) is not match even ===========
Warning, x.shape torch.Size([83, 7, 7, 384]) is not match even ===========
Test: [390/391]	Time 2.722 (5.543)	Loss 2.4160 (1.4244)	Acc@1 55.422 (74.428)	Acc@5 87.952 (91.547)	Mem 6613MB
 * Acc@1 74.428 Acc@5 91.547
Successfully load ckpt /media/Disk2/LiuYue/Visualize/analyze/../../ckpts/vssmsmall/ema_ckpt_epoch_238.pth
starting loop: img_size 384; len(dataset) 50003
Test: [0/391]	Time 10.623 (10.623)	Loss 0.4038 (0.4038)	Acc@1 95.312 (95.312)	Acc@5 99.219 (99.219)	Mem 18758MB
Test: [10/391]	Time 11.886 (10.008)	Loss 0.9160 (0.4472)	Acc@1 80.469 (93.750)	Acc@5 98.438 (98.935)	Mem 18758MB
Test: [20/391]	Time 10.262 (10.271)	Loss 0.4221 (0.5571)	Acc@1 92.969 (89.621)	Acc@5 98.438 (98.624)	Mem 18758MB
Test: [30/391]	Time 10.681 (10.216)	Loss 1.1641 (0.6612)	Acc@1 72.656 (86.668)	Acc@5 92.188 (98.059)	Mem 18758MB
Test: [40/391]	Time 8.368 (9.958)	Loss 0.4438 (0.6005)	Acc@1 95.312 (88.681)	Acc@5 97.656 (98.285)	Mem 18758MB
Test: [50/391]	Time 8.249 (9.903)	Loss 0.2751 (0.5993)	Acc@1 98.438 (88.955)	Acc@5 99.219 (98.223)	Mem 18758MB
Test: [60/391]	Time 9.714 (9.801)	Loss 0.8721 (0.5742)	Acc@1 82.812 (89.613)	Acc@5 94.531 (98.348)	Mem 18758MB
Test: [70/391]	Time 9.072 (9.761)	Loss 0.7505 (0.6007)	Acc@1 85.156 (89.040)	Acc@5 98.438 (98.129)	Mem 18758MB
Test: [80/391]	Time 8.740 (9.707)	Loss 0.6724 (0.6176)	Acc@1 85.938 (88.503)	Acc@5 97.656 (98.061)	Mem 18758MB
Test: [90/391]	Time 10.175 (9.667)	Loss 0.8711 (0.6242)	Acc@1 74.219 (88.444)	Acc@5 98.438 (97.982)	Mem 18758MB
Test: [100/391]	Time 8.915 (9.626)	Loss 0.5229 (0.6287)	Acc@1 93.750 (88.219)	Acc@5 99.219 (98.066)	Mem 18758MB
Test: [110/391]	Time 11.306 (9.654)	Loss 1.0537 (0.6402)	Acc@1 63.281 (87.810)	Acc@5 100.000 (98.057)	Mem 18758MB
Test: [120/391]	Time 9.819 (9.713)	Loss 0.5039 (0.6397)	Acc@1 92.188 (87.933)	Acc@5 96.875 (98.050)	Mem 18758MB
Test: [130/391]	Time 8.795 (9.760)	Loss 0.2944 (0.6321)	Acc@1 97.656 (88.120)	Acc@5 100.000 (98.056)	Mem 18758MB
Test: [140/391]	Time 10.771 (9.781)	Loss 0.9907 (0.6328)	Acc@1 75.000 (87.988)	Acc@5 100.000 (98.144)	Mem 18758MB
Test: [150/391]	Time 12.035 (9.818)	Loss 0.7334 (0.6418)	Acc@1 79.688 (87.785)	Acc@5 99.219 (98.070)	Mem 18758MB
Test: [160/391]	Time 10.934 (9.833)	Loss 0.6445 (0.6425)	Acc@1 87.500 (87.752)	Acc@5 97.656 (98.030)	Mem 18758MB
Test: [170/391]	Time 9.393 (9.805)	Loss 1.3867 (0.6583)	Acc@1 67.188 (87.331)	Acc@5 91.406 (97.926)	Mem 18758MB
Test: [180/391]	Time 10.462 (9.830)	Loss 1.5342 (0.6710)	Acc@1 60.938 (86.943)	Acc@5 93.750 (97.833)	Mem 18758MB
Test: [190/391]	Time 9.378 (9.867)	Loss 1.2168 (0.6892)	Acc@1 71.875 (86.432)	Acc@5 94.531 (97.673)	Mem 18758MB
Test: [200/391]	Time 9.176 (9.858)	Loss 0.5571 (0.7030)	Acc@1 89.844 (86.093)	Acc@5 99.219 (97.540)	Mem 18758MB
Test: [210/391]	Time 9.226 (9.885)	Loss 0.8574 (0.7157)	Acc@1 83.594 (85.815)	Acc@5 95.312 (97.453)	Mem 18758MB
Test: [220/391]	Time 10.475 (9.876)	Loss 0.4441 (0.7176)	Acc@1 91.406 (85.793)	Acc@5 99.219 (97.409)	Mem 18758MB
Test: [230/391]	Time 10.442 (9.883)	Loss 1.0537 (0.7214)	Acc@1 75.000 (85.741)	Acc@5 92.188 (97.348)	Mem 18758MB
Test: [240/391]	Time 9.427 (9.856)	Loss 0.7427 (0.7209)	Acc@1 87.500 (85.795)	Acc@5 94.531 (97.316)	Mem 18758MB
Test: [250/391]	Time 9.261 (9.857)	Loss 0.5063 (0.7334)	Acc@1 94.531 (85.318)	Acc@5 100.000 (97.227)	Mem 18758MB
Test: [260/391]	Time 10.945 (9.854)	Loss 0.7637 (0.7415)	Acc@1 79.688 (85.102)	Acc@5 97.656 (97.168)	Mem 18758MB
Test: [270/391]	Time 9.921 (9.833)	Loss 1.2588 (0.7457)	Acc@1 70.312 (84.995)	Acc@5 91.406 (97.126)	Mem 18758MB
Test: [280/391]	Time 8.844 (9.795)	Loss 0.9263 (0.7473)	Acc@1 78.125 (84.970)	Acc@5 98.438 (97.100)	Mem 18758MB
Test: [290/391]	Time 9.698 (9.792)	Loss 1.1533 (0.7510)	Acc@1 54.688 (84.866)	Acc@5 96.875 (97.063)	Mem 18758MB
Test: [300/391]	Time 9.418 (9.765)	Loss 0.5928 (0.7546)	Acc@1 90.625 (84.816)	Acc@5 97.656 (97.018)	Mem 18758MB
Test: [310/391]	Time 7.741 (9.743)	Loss 0.8818 (0.7569)	Acc@1 82.812 (84.752)	Acc@5 95.312 (96.988)	Mem 18758MB
Test: [320/391]	Time 7.603 (9.743)	Loss 0.6265 (0.7627)	Acc@1 90.625 (84.626)	Acc@5 97.656 (96.919)	Mem 18758MB
Test: [330/391]	Time 9.328 (9.744)	Loss 1.0293 (0.7700)	Acc@1 78.125 (84.413)	Acc@5 94.531 (96.861)	Mem 18758MB
Test: [340/391]	Time 10.048 (9.741)	Loss 0.6484 (0.7725)	Acc@1 89.844 (84.345)	Acc@5 98.438 (96.850)	Mem 18758MB
Test: [350/391]	Time 8.313 (9.743)	Loss 0.7881 (0.7734)	Acc@1 83.594 (84.306)	Acc@5 96.875 (96.842)	Mem 18758MB
Test: [360/391]	Time 11.211 (9.756)	Loss 1.2422 (0.7797)	Acc@1 75.000 (84.137)	Acc@5 95.312 (96.801)	Mem 18758MB
Test: [370/391]	Time 10.919 (9.762)	Loss 1.0576 (0.7774)	Acc@1 65.625 (84.169)	Acc@5 99.219 (96.835)	Mem 18758MB
Test: [380/391]	Time 8.246 (9.731)	Loss 0.9155 (0.7801)	Acc@1 80.469 (84.117)	Acc@5 96.094 (96.822)	Mem 18758MB
Test: [390/391]	Time 4.315 (9.718)	Loss 1.4404 (0.7796)	Acc@1 62.651 (84.125)	Acc@5 91.566 (96.832)	Mem 18758MB
 * Acc@1 84.125 Acc@5 96.832
Successfully load ckpt /media/Disk2/LiuYue/Visualize/analyze/../../ckpts/vssmsmall/ema_ckpt_epoch_238.pth
starting loop: img_size 512; len(dataset) 50003
Test: [0/391]	Time 12.317 (12.317)	Loss 0.4929 (0.4929)	Acc@1 96.094 (96.094)	Acc@5 99.219 (99.219)	Mem 33080MB
Test: [10/391]	Time 15.755 (12.070)	Loss 0.9521 (0.5171)	Acc@1 81.250 (93.963)	Acc@5 98.438 (98.864)	Mem 33080MB
Test: [20/391]	Time 12.266 (11.652)	Loss 0.4954 (0.6313)	Acc@1 92.969 (89.472)	Acc@5 98.438 (98.549)	Mem 33080MB
Test: [30/391]	Time 12.694 (11.777)	Loss 1.2090 (0.7341)	Acc@1 71.875 (86.391)	Acc@5 92.969 (97.959)	Mem 33080MB
Test: [40/391]	Time 13.308 (11.852)	Loss 0.5342 (0.6749)	Acc@1 94.531 (88.453)	Acc@5 98.438 (98.228)	Mem 33080MB
Test: [50/391]	Time 11.305 (11.920)	Loss 0.3552 (0.6756)	Acc@1 98.438 (88.787)	Acc@5 99.219 (98.070)	Mem 33080MB
Test: [60/391]	Time 11.968 (11.932)	Loss 0.9854 (0.6520)	Acc@1 82.031 (89.434)	Acc@5 95.312 (98.233)	Mem 33080MB
Test: [70/391]	Time 11.661 (11.957)	Loss 0.8745 (0.6804)	Acc@1 82.812 (88.809)	Acc@5 98.438 (98.052)	Mem 33080MB
Test: [80/391]	Time 12.798 (11.955)	Loss 0.7637 (0.7004)	Acc@1 87.500 (88.243)	Acc@5 97.656 (97.955)	Mem 33080MB
Test: [90/391]	Time 9.128 (11.980)	Loss 0.9780 (0.7091)	Acc@1 75.000 (88.084)	Acc@5 98.438 (97.845)	Mem 33080MB
Test: [100/391]	Time 12.766 (12.037)	Loss 0.6772 (0.7143)	Acc@1 91.406 (87.864)	Acc@5 98.438 (97.912)	Mem 33080MB
Test: [110/391]	Time 15.602 (12.205)	Loss 1.1582 (0.7260)	Acc@1 64.844 (87.444)	Acc@5 100.000 (97.931)	Mem 33080MB
Test: [120/391]	Time 13.195 (12.323)	Loss 0.5684 (0.7241)	Acc@1 92.969 (87.552)	Acc@5 96.875 (97.953)	Mem 33080MB
Test: [130/391]	Time 12.809 (12.372)	Loss 0.3748 (0.7159)	Acc@1 97.656 (87.703)	Acc@5 100.000 (97.978)	Mem 33080MB
Test: [140/391]	Time 14.193 (12.377)	Loss 1.0420 (0.7164)	Acc@1 77.344 (87.589)	Acc@5 100.000 (98.055)	Mem 33080MB
Test: [150/391]	Time 16.602 (12.506)	Loss 0.8276 (0.7252)	Acc@1 78.125 (87.365)	Acc@5 99.219 (97.982)	Mem 33080MB
Test: [160/391]	Time 14.032 (12.532)	Loss 0.7769 (0.7267)	Acc@1 86.719 (87.330)	Acc@5 97.656 (97.933)	Mem 33080MB
Test: [170/391]	Time 12.108 (12.545)	Loss 1.5605 (0.7452)	Acc@1 64.844 (86.769)	Acc@5 89.844 (97.784)	Mem 33080MB
Test: [180/391]	Time 13.236 (12.495)	Loss 1.5674 (0.7605)	Acc@1 57.812 (86.348)	Acc@5 93.750 (97.665)	Mem 33080MB
Test: [190/391]	Time 10.628 (12.491)	Loss 1.3408 (0.7805)	Acc@1 70.312 (85.807)	Acc@5 92.969 (97.484)	Mem 33080MB
Test: [200/391]	Time 10.000 (12.477)	Loss 0.6855 (0.7966)	Acc@1 89.844 (85.483)	Acc@5 99.219 (97.303)	Mem 33080MB
Test: [210/391]	Time 13.409 (12.492)	Loss 0.9263 (0.8110)	Acc@1 82.031 (85.201)	Acc@5 95.312 (97.201)	Mem 33080MB
Test: [220/391]	Time 11.051 (12.508)	Loss 0.5913 (0.8146)	Acc@1 89.062 (85.153)	Acc@5 98.438 (97.151)	Mem 33080MB
Test: [230/391]	Time 11.778 (12.502)	Loss 1.1357 (0.8192)	Acc@1 75.781 (85.099)	Acc@5 92.188 (97.098)	Mem 33080MB
Test: [240/391]	Time 11.266 (12.509)	Loss 0.8408 (0.8199)	Acc@1 88.281 (85.166)	Acc@5 92.188 (97.047)	Mem 33080MB
Test: [250/391]	Time 9.959 (12.482)	Loss 0.6377 (0.8334)	Acc@1 92.188 (84.677)	Acc@5 100.000 (96.937)	Mem 33080MB
Test: [260/391]	Time 12.255 (12.442)	Loss 0.9180 (0.8435)	Acc@1 78.906 (84.456)	Acc@5 97.656 (96.872)	Mem 33080MB
Test: [270/391]	Time 10.916 (12.437)	Loss 1.3506 (0.8485)	Acc@1 67.969 (84.332)	Acc@5 92.188 (96.838)	Mem 33080MB
Test: [280/391]	Time 11.631 (12.433)	Loss 1.0967 (0.8509)	Acc@1 77.344 (84.286)	Acc@5 96.875 (96.825)	Mem 33080MB
Test: [290/391]	Time 7.793 (12.413)	Loss 1.2686 (0.8555)	Acc@1 56.250 (84.166)	Acc@5 96.875 (96.794)	Mem 33080MB
Test: [300/391]	Time 12.201 (12.389)	Loss 0.7173 (0.8598)	Acc@1 89.844 (84.102)	Acc@5 97.656 (96.737)	Mem 33080MB
Test: [310/391]	Time 12.145 (12.357)	Loss 1.0361 (0.8629)	Acc@1 81.250 (84.036)	Acc@5 94.531 (96.689)	Mem 33080MB
Test: [320/391]	Time 11.239 (12.350)	Loss 0.7485 (0.8693)	Acc@1 89.062 (83.910)	Acc@5 96.875 (96.619)	Mem 33080MB
Test: [330/391]	Time 11.863 (12.327)	Loss 1.1621 (0.8781)	Acc@1 76.562 (83.691)	Acc@5 93.750 (96.547)	Mem 33080MB
Test: [340/391]	Time 13.194 (12.353)	Loss 0.7529 (0.8814)	Acc@1 89.062 (83.626)	Acc@5 98.438 (96.536)	Mem 33080MB
Test: [350/391]	Time 13.034 (12.377)	Loss 0.9004 (0.8830)	Acc@1 83.594 (83.585)	Acc@5 97.656 (96.519)	Mem 33080MB
Test: [360/391]	Time 12.335 (12.383)	Loss 1.3271 (0.8897)	Acc@1 76.562 (83.421)	Acc@5 95.312 (96.485)	Mem 33080MB
Test: [370/391]	Time 12.754 (12.396)	Loss 1.1221 (0.8866)	Acc@1 66.406 (83.480)	Acc@5 98.438 (96.506)	Mem 33080MB
Test: [380/391]	Time 13.041 (12.390)	Loss 1.0518 (0.8892)	Acc@1 78.906 (83.419)	Acc@5 96.094 (96.485)	Mem 33080MB
Test: [390/391]	Time 7.945 (12.383)	Loss 1.5664 (0.8887)	Acc@1 61.446 (83.429)	Acc@5 91.566 (96.492)	Mem 33080MB
 * Acc@1 83.429 Acc@5 96.492
Successfully load ckpt /media/Disk2/LiuYue/Visualize/analyze/../../ckpts/vssmsmall/ema_ckpt_epoch_238.pth
starting loop: img_size 640; len(dataset) 50003
Test: [0/391]	Time 16.408 (16.408)	Loss 0.5723 (0.5723)	Acc@1 95.312 (95.312)	Acc@5 99.219 (99.219)	Mem 51494MB
Test: [10/391]	Time 21.976 (17.566)	Loss 1.0166 (0.5970)	Acc@1 80.469 (93.111)	Acc@5 98.438 (98.935)	Mem 51494MB
Test: [20/391]	Time 17.648 (17.611)	Loss 0.5903 (0.7096)	Acc@1 92.188 (88.876)	Acc@5 99.219 (98.475)	Mem 51494MB
Test: [30/391]	Time 18.910 (17.567)	Loss 1.2568 (0.8108)	Acc@1 70.312 (85.837)	Acc@5 92.188 (97.883)	Mem 51494MB
Test: [40/391]	Time 18.611 (17.454)	Loss 0.6313 (0.7506)	Acc@1 95.312 (87.957)	Acc@5 99.219 (98.114)	Mem 51494MB
Test: [50/391]	Time 17.737 (17.539)	Loss 0.4146 (0.7530)	Acc@1 99.219 (88.174)	Acc@5 99.219 (97.963)	Mem 51494MB
Test: [60/391]	Time 17.282 (17.376)	Loss 1.0898 (0.7291)	Acc@1 81.250 (88.858)	Acc@5 95.312 (98.105)	Mem 51494MB
Test: [70/391]	Time 17.697 (17.367)	Loss 0.9937 (0.7570)	Acc@1 82.812 (88.193)	Acc@5 98.438 (97.997)	Mem 51494MB
Test: [80/391]	Time 17.478 (17.347)	Loss 0.8662 (0.7827)	Acc@1 87.500 (87.490)	Acc@5 97.656 (97.868)	Mem 51494MB
Test: [90/391]	Time 16.927 (17.375)	Loss 1.0889 (0.7955)	Acc@1 71.875 (87.311)	Acc@5 98.438 (97.742)	Mem 51494MB
Test: [100/391]	Time 14.572 (17.288)	Loss 0.8262 (0.8021)	Acc@1 89.844 (87.075)	Acc@5 96.875 (97.819)	Mem 51494MB
Test: [110/391]	Time 18.199 (17.363)	Loss 1.2822 (0.8139)	Acc@1 60.938 (86.585)	Acc@5 100.000 (97.818)	Mem 51494MB
Test: [120/391]	Time 17.204 (17.227)	Loss 0.6562 (0.8105)	Acc@1 92.969 (86.712)	Acc@5 96.875 (97.818)	Mem 51494MB
Test: [130/391]	Time 16.702 (17.262)	Loss 0.4021 (0.8016)	Acc@1 96.875 (86.862)	Acc@5 100.000 (97.853)	Mem 51494MB
Test: [140/391]	Time 20.039 (17.256)	Loss 1.0879 (0.8010)	Acc@1 75.781 (86.758)	Acc@5 100.000 (97.922)	Mem 51494MB
Test: [150/391]	Time 19.075 (17.268)	Loss 0.9165 (0.8100)	Acc@1 75.000 (86.481)	Acc@5 98.438 (97.837)	Mem 51494MB
Test: [160/391]	Time 16.683 (17.236)	Loss 0.9629 (0.8121)	Acc@1 82.031 (86.452)	Acc@5 95.312 (97.778)	Mem 51494MB
Test: [170/391]	Time 15.119 (17.196)	Loss 1.8076 (0.8344)	Acc@1 61.719 (85.896)	Acc@5 87.500 (97.574)	Mem 51494MB
Test: [180/391]	Time 17.276 (17.207)	Loss 1.6533 (0.8535)	Acc@1 60.938 (85.450)	Acc@5 92.969 (97.393)	Mem 51494MB
Test: [190/391]	Time 16.763 (17.244)	Loss 1.4424 (0.8760)	Acc@1 67.969 (84.837)	Acc@5 92.188 (97.170)	Mem 51494MB
Test: [200/391]	Time 15.589 (17.237)	Loss 0.8286 (0.8955)	Acc@1 87.500 (84.453)	Acc@5 98.438 (96.933)	Mem 51494MB
Test: [210/391]	Time 16.344 (17.243)	Loss 1.0889 (0.9127)	Acc@1 80.469 (84.079)	Acc@5 94.531 (96.808)	Mem 51494MB
Test: [220/391]	Time 16.363 (17.240)	Loss 0.7490 (0.9186)	Acc@1 89.062 (84.014)	Acc@5 96.875 (96.737)	Mem 51494MB
Test: [230/391]	Time 13.250 (17.230)	Loss 1.2246 (0.9251)	Acc@1 72.656 (83.874)	Acc@5 92.969 (96.679)	Mem 51494MB
Test: [240/391]	Time 16.085 (17.225)	Loss 0.9575 (0.9269)	Acc@1 88.281 (83.934)	Acc@5 91.406 (96.625)	Mem 51494MB
Test: [250/391]	Time 15.725 (17.175)	Loss 0.8071 (0.9420)	Acc@1 89.062 (83.429)	Acc@5 100.000 (96.508)	Mem 51494MB
Test: [260/391]	Time 16.206 (17.119)	Loss 1.1113 (0.9552)	Acc@1 78.125 (83.142)	Acc@5 97.656 (96.420)	Mem 51494MB
Test: [270/391]	Time 12.827 (17.061)	Loss 1.4678 (0.9607)	Acc@1 69.531 (83.043)	Acc@5 91.406 (96.356)	Mem 51494MB
Test: [280/391]	Time 14.474 (17.010)	Loss 1.2695 (0.9645)	Acc@1 75.000 (83.021)	Acc@5 96.875 (96.336)	Mem 51494MB
Test: [290/391]	Time 17.475 (16.993)	Loss 1.3770 (0.9703)	Acc@1 57.812 (82.920)	Acc@5 95.312 (96.290)	Mem 51494MB
Test: [300/391]	Time 17.560 (16.961)	Loss 0.8096 (0.9761)	Acc@1 88.281 (82.802)	Acc@5 97.656 (96.218)	Mem 51494MB
Test: [310/391]	Time 14.487 (16.957)	Loss 1.2637 (0.9806)	Acc@1 78.125 (82.687)	Acc@5 92.969 (96.167)	Mem 51494MB
Test: [320/391]	Time 16.886 (16.956)	Loss 0.9258 (0.9875)	Acc@1 87.500 (82.552)	Acc@5 96.094 (96.094)	Mem 51494MB
Test: [330/391]	Time 16.612 (16.926)	Loss 1.3203 (0.9978)	Acc@1 74.219 (82.312)	Acc@5 92.969 (96.011)	Mem 51494MB
Test: [340/391]	Time 13.060 (16.907)	Loss 0.8921 (1.0018)	Acc@1 88.281 (82.253)	Acc@5 98.438 (95.998)	Mem 51494MB
Test: [350/391]	Time 16.613 (16.900)	Loss 1.0713 (1.0045)	Acc@1 82.031 (82.209)	Acc@5 97.656 (95.991)	Mem 51494MB
Test: [360/391]	Time 16.918 (16.920)	Loss 1.4521 (1.0113)	Acc@1 69.531 (82.051)	Acc@5 92.188 (95.951)	Mem 51494MB
Test: [370/391]	Time 18.944 (16.908)	Loss 1.1758 (1.0074)	Acc@1 69.531 (82.118)	Acc@5 97.656 (95.993)	Mem 51494MB
Test: [380/391]	Time 18.449 (16.897)	Loss 1.2432 (1.0100)	Acc@1 75.000 (82.085)	Acc@5 94.531 (95.979)	Mem 51494MB
Test: [390/391]	Time 11.575 (16.901)	Loss 1.7256 (1.0094)	Acc@1 55.422 (82.093)	Acc@5 90.361 (95.984)	Mem 51494MB
 * Acc@1 82.093 Acc@5 95.984
Successfully load ckpt /media/Disk2/LiuYue/Visualize/analyze/../../ckpts/vssmsmall/ema_ckpt_epoch_238.pth
starting loop: img_size 768; len(dataset) 50003
Test: [0/521]	Time 17.382 (17.382)	Loss 0.6016 (0.6016)	Acc@1 96.875 (96.875)	Acc@5 97.917 (97.917)	Mem 55586MB
Test: [10/521]	Time 17.000 (16.742)	Loss 0.6274 (0.6808)	Acc@1 92.708 (92.708)	Acc@5 95.833 (98.580)	Mem 55586MB
Test: [20/521]	Time 16.164 (17.077)	Loss 0.8369 (0.7864)	Acc@1 84.375 (88.442)	Acc@5 98.958 (98.413)	Mem 55586MB
Test: [30/521]	Time 15.981 (16.921)	Loss 1.0605 (0.8542)	Acc@1 85.417 (86.358)	Acc@5 96.875 (98.051)	Mem 55586MB
Test: [40/521]	Time 16.438 (16.854)	Loss 1.3398 (0.9103)	Acc@1 64.583 (84.223)	Acc@5 94.792 (97.739)	Mem 55586MB
Test: [50/521]	Time 14.845 (16.727)	Loss 0.6338 (0.8580)	Acc@1 93.750 (86.111)	Acc@5 100.000 (97.794)	Mem 55586MB
Test: [60/521]	Time 17.257 (16.763)	Loss 0.7134 (0.8483)	Acc@1 91.667 (86.697)	Acc@5 96.875 (97.746)	Mem 55586MB
Test: [70/521]	Time 13.232 (16.664)	Loss 0.6533 (0.8426)	Acc@1 89.583 (86.810)	Acc@5 100.000 (97.594)	Mem 55586MB
Test: [80/521]	Time 17.084 (16.690)	Loss 1.1133 (0.8229)	Acc@1 84.375 (87.449)	Acc@5 96.875 (97.788)	Mem 55586MB
Test: [90/521]	Time 16.721 (16.690)	Loss 1.0088 (0.8481)	Acc@1 83.333 (86.790)	Acc@5 96.875 (97.665)	Mem 55586MB
Test: [100/521]	Time 17.176 (16.785)	Loss 1.4629 (0.8733)	Acc@1 68.750 (86.386)	Acc@5 92.708 (97.525)	Mem 55586MB
Test: [110/521]	Time 16.094 (16.687)	Loss 1.0947 (0.8889)	Acc@1 82.292 (86.074)	Acc@5 96.875 (97.532)	Mem 55586MB
Test: [120/521]	Time 15.539 (16.559)	Loss 1.2119 (0.9017)	Acc@1 63.542 (85.727)	Acc@5 96.875 (97.400)	Mem 55586MB
Test: [130/521]	Time 13.891 (16.425)	Loss 1.0498 (0.9174)	Acc@1 84.375 (85.242)	Acc@5 98.958 (97.376)	Mem 55586MB
Test: [140/521]	Time 18.564 (16.393)	Loss 0.9644 (0.9121)	Acc@1 88.542 (85.372)	Acc@5 97.917 (97.436)	Mem 55586MB
Test: [150/521]	Time 14.523 (16.457)	Loss 0.8218 (0.9271)	Acc@1 83.333 (84.879)	Acc@5 100.000 (97.358)	Mem 55586MB
Test: [160/521]	Time 19.036 (16.504)	Loss 0.7192 (0.9187)	Acc@1 91.667 (85.113)	Acc@5 96.875 (97.412)	Mem 55586MB
Test: [170/521]	Time 17.768 (16.529)	Loss 0.6460 (0.9112)	Acc@1 93.750 (85.270)	Acc@5 97.917 (97.417)	Mem 55586MB
Test: [180/521]	Time 17.458 (16.517)	Loss 1.0088 (0.9054)	Acc@1 78.125 (85.365)	Acc@5 97.917 (97.456)	Mem 55586MB
Test: [190/521]	Time 16.635 (16.550)	Loss 0.9082 (0.9055)	Acc@1 90.625 (85.275)	Acc@5 94.792 (97.480)	Mem 55586MB
Test: [200/521]	Time 18.334 (16.600)	Loss 0.7676 (0.9138)	Acc@1 84.375 (85.007)	Acc@5 98.958 (97.388)	Mem 55586MB
Test: [210/521]	Time 15.737 (16.600)	Loss 0.6978 (0.9121)	Acc@1 92.708 (85.066)	Acc@5 98.958 (97.354)	Mem 55586MB
Test: [220/521]	Time 17.758 (16.599)	Loss 1.2656 (0.9315)	Acc@1 77.083 (84.710)	Acc@5 93.750 (97.158)	Mem 55586MB
Test: [230/521]	Time 18.611 (16.558)	Loss 1.3809 (0.9485)	Acc@1 71.875 (84.312)	Acc@5 93.750 (96.997)	Mem 55586MB
Test: [240/521]	Time 16.566 (16.588)	Loss 1.5439 (0.9668)	Acc@1 63.542 (83.852)	Acc@5 93.750 (96.862)	Mem 55586MB
Test: [250/521]	Time 16.354 (16.633)	Loss 1.2803 (0.9864)	Acc@1 78.125 (83.429)	Acc@5 95.833 (96.643)	Mem 55586MB
Test: [260/521]	Time 13.288 (16.567)	Loss 1.2266 (1.0055)	Acc@1 84.375 (82.906)	Acc@5 94.792 (96.420)	Mem 55586MB
Test: [270/521]	Time 15.365 (16.546)	Loss 1.4531 (1.0226)	Acc@1 76.042 (82.542)	Acc@5 90.625 (96.233)	Mem 55586MB
Test: [280/521]	Time 13.902 (16.462)	Loss 1.1514 (1.0365)	Acc@1 75.000 (82.203)	Acc@5 95.833 (96.148)	Mem 55586MB
Test: [290/521]	Time 17.997 (16.426)	Loss 1.9043 (1.0468)	Acc@1 63.542 (81.977)	Acc@5 89.583 (96.048)	Mem 55586MB
Test: [300/521]	Time 11.473 (16.417)	Loss 0.8174 (1.0447)	Acc@1 89.583 (82.094)	Acc@5 96.875 (96.055)	Mem 55586MB
Test: [310/521]	Time 18.471 (16.432)	Loss 1.5186 (1.0558)	Acc@1 66.667 (81.860)	Acc@5 94.792 (95.987)	Mem 55586MB
Test: [320/521]	Time 15.704 (16.390)	Loss 1.0352 (1.0584)	Acc@1 86.458 (81.931)	Acc@5 91.667 (95.931)	Mem 55586MB
Test: [330/521]	Time 17.443 (16.365)	Loss 1.8584 (1.0731)	Acc@1 64.583 (81.530)	Acc@5 86.458 (95.767)	Mem 55586MB
Test: [340/521]	Time 14.736 (16.349)	Loss 1.4404 (1.0825)	Acc@1 79.167 (81.342)	Acc@5 94.792 (95.705)	Mem 55586MB
Test: [350/521]	Time 17.795 (16.333)	Loss 1.3232 (1.0918)	Acc@1 76.042 (81.087)	Acc@5 94.792 (95.661)	Mem 55586MB
Test: [360/521]	Time 15.052 (16.298)	Loss 1.8135 (1.0978)	Acc@1 61.458 (80.964)	Acc@5 86.458 (95.597)	Mem 55586MB
Test: [370/521]	Time 15.409 (16.263)	Loss 1.4746 (1.1027)	Acc@1 75.000 (80.944)	Acc@5 91.667 (95.547)	Mem 55586MB
Test: [380/521]	Time 16.595 (16.253)	Loss 1.5898 (1.1051)	Acc@1 69.792 (80.911)	Acc@5 89.583 (95.522)	Mem 55586MB
Test: [390/521]	Time 13.985 (16.236)	Loss 1.5723 (1.1118)	Acc@1 64.583 (80.765)	Acc@5 91.667 (95.455)	Mem 55586MB
Test: [400/521]	Time 17.657 (16.240)	Loss 0.7896 (1.1173)	Acc@1 88.542 (80.666)	Acc@5 97.917 (95.389)	Mem 55586MB
Test: [410/521]	Time 14.000 (16.235)	Loss 1.2588 (1.1218)	Acc@1 83.333 (80.568)	Acc@5 94.792 (95.334)	Mem 55586MB
Test: [420/521]	Time 17.630 (16.213)	Loss 1.5635 (1.1256)	Acc@1 75.000 (80.555)	Acc@5 86.458 (95.284)	Mem 55586MB
Test: [430/521]	Time 15.701 (16.176)	Loss 1.5186 (1.1310)	Acc@1 72.917 (80.433)	Acc@5 92.708 (95.234)	Mem 55586MB
Test: [440/521]	Time 14.645 (16.129)	Loss 1.5684 (1.1411)	Acc@1 68.750 (80.244)	Acc@5 88.542 (95.139)	Mem 55586MB
Test: [450/521]	Time 15.518 (16.061)	Loss 1.5342 (1.1450)	Acc@1 72.917 (80.174)	Acc@5 94.792 (95.136)	Mem 55586MB
Test: [460/521]	Time 14.844 (16.014)	Loss 2.2090 (1.1476)	Acc@1 56.250 (80.170)	Acc@5 82.292 (95.122)	Mem 55586MB
Test: [470/521]	Time 15.534 (15.989)	Loss 1.1387 (1.1515)	Acc@1 84.375 (80.069)	Acc@5 92.708 (95.092)	Mem 55586MB
Test: [480/521]	Time 12.623 (15.944)	Loss 1.4697 (1.1564)	Acc@1 73.958 (79.961)	Acc@5 92.708 (95.062)	Mem 55586MB
Test: [490/521]	Time 12.922 (15.912)	Loss 0.9341 (1.1525)	Acc@1 85.417 (80.062)	Acc@5 98.958 (95.112)	Mem 55586MB
Test: [500/521]	Time 14.698 (15.886)	Loss 2.0430 (1.1492)	Acc@1 59.375 (80.104)	Acc@5 86.458 (95.147)	Mem 55586MB
Test: [510/521]	Time 10.996 (15.834)	Loss 1.3672 (1.1588)	Acc@1 77.083 (79.901)	Acc@5 95.833 (95.093)	Mem 55586MB
Test: [520/521]	Time 9.335 (15.807)	Loss 1.9414 (1.1531)	Acc@1 53.012 (80.013)	Acc@5 87.952 (95.126)	Mem 55586MB
 * Acc@1 80.013 Acc@5 95.126
Successfully load ckpt /media/Disk2/LiuYue/Visualize/analyze/../../ckpts/vssmsmall/ema_ckpt_epoch_238.pth
starting loop: img_size 1024; len(dataset) 50003
Test: [0/695]	Time 16.900 (16.900)	Loss 0.6523 (0.6523)	Acc@1 95.833 (95.833)	Acc@5 97.222 (97.222)	Mem 74000MB
Test: [10/695]	Time 14.680 (15.583)	Loss 0.6187 (1.0629)	Acc@1 94.444 (82.071)	Acc@5 100.000 (96.970)	Mem 74000MB
Test: [20/695]	Time 16.651 (15.590)	Loss 0.8438 (0.9934)	Acc@1 88.889 (84.325)	Acc@5 95.833 (97.354)	Mem 74000MB
Test: [30/695]	Time 12.879 (15.690)	Loss 0.8291 (1.0836)	Acc@1 90.278 (81.183)	Acc@5 97.222 (96.685)	Mem 74000MB
Test: [40/695]	Time 18.914 (15.771)	Loss 1.6689 (1.1949)	Acc@1 72.222 (78.625)	Acc@5 84.722 (95.528)	Mem 74000MB
Test: [50/695]	Time 12.881 (15.593)	Loss 1.0410 (1.2101)	Acc@1 77.778 (77.778)	Acc@5 98.611 (95.561)	Mem 74000MB
Test: [60/695]	Time 13.593 (15.650)	Loss 0.7754 (1.2123)	Acc@1 91.667 (77.641)	Acc@5 100.000 (95.537)	Mem 74000MB
Test: [70/695]	Time 16.560 (15.626)	Loss 0.9189 (1.1509)	Acc@1 90.278 (79.538)	Acc@5 98.611 (95.872)	Mem 74000MB
Test: [80/695]	Time 14.605 (15.651)	Loss 0.8940 (1.1488)	Acc@1 84.722 (80.024)	Acc@5 100.000 (95.645)	Mem 74000MB
Test: [90/695]	Time 16.291 (15.803)	Loss 0.4905 (1.1548)	Acc@1 94.444 (79.853)	Acc@5 98.611 (95.406)	Mem 74000MB
Test: [100/695]	Time 13.084 (15.679)	Loss 0.5884 (1.1233)	Acc@1 95.833 (80.941)	Acc@5 100.000 (95.696)	Mem 74000MB
Test: [110/695]	Time 10.059 (15.427)	Loss 1.3223 (1.1218)	Acc@1 73.611 (81.081)	Acc@5 98.611 (95.871)	Mem 74000MB
Test: [120/695]	Time 12.549 (15.202)	Loss 1.5986 (1.1398)	Acc@1 68.056 (80.647)	Acc@5 94.444 (95.799)	Mem 74000MB
Test: [130/695]	Time 13.312 (15.133)	Loss 1.6230 (1.1608)	Acc@1 73.611 (80.333)	Acc@5 95.833 (95.653)	Mem 74000MB
Test: [140/695]	Time 10.341 (14.981)	Loss 2.1289 (1.1927)	Acc@1 51.389 (79.580)	Acc@5 91.667 (95.528)	Mem 74000MB
Test: [150/695]	Time 13.317 (14.878)	Loss 0.7661 (1.2037)	Acc@1 94.444 (79.525)	Acc@5 98.611 (95.567)	Mem 74000MB
Test: [160/695]	Time 13.116 (14.776)	Loss 1.5742 (1.2202)	Acc@1 62.500 (79.158)	Acc@5 93.056 (95.454)	Mem 74000MB
Test: [170/695]	Time 12.062 (14.705)	Loss 1.3057 (1.2393)	Acc@1 79.167 (78.452)	Acc@5 93.056 (95.411)	Mem 74000MB
Test: [180/695]	Time 15.083 (14.690)	Loss 1.1309 (1.2379)	Acc@1 87.500 (78.576)	Acc@5 94.444 (95.450)	Mem 74000MB
Test: [190/695]	Time 14.280 (14.639)	Loss 1.0928 (1.2474)	Acc@1 87.500 (78.258)	Acc@5 93.056 (95.390)	Mem 74000MB
Test: [200/695]	Time 14.224 (14.607)	Loss 1.0166 (1.2499)	Acc@1 72.222 (78.082)	Acc@5 100.000 (95.405)	Mem 74000MB
Test: [210/695]	Time 14.602 (14.601)	Loss 1.1738 (1.2389)	Acc@1 75.000 (78.462)	Acc@5 95.833 (95.491)	Mem 74000MB
Test: [220/695]	Time 16.311 (14.558)	Loss 0.9634 (1.2416)	Acc@1 90.278 (78.375)	Acc@5 97.222 (95.450)	Mem 74000MB
Test: [230/695]	Time 13.838 (14.531)	Loss 0.7798 (1.2282)	Acc@1 90.278 (78.692)	Acc@5 100.000 (95.485)	Mem 74000MB
Test: [240/695]	Time 15.217 (14.526)	Loss 1.6865 (1.2205)	Acc@1 55.556 (78.775)	Acc@5 97.222 (95.562)	Mem 74000MB
Test: [250/695]	Time 16.181 (14.512)	Loss 1.2871 (1.2194)	Acc@1 79.167 (78.669)	Acc@5 97.222 (95.606)	Mem 74000MB
Test: [260/695]	Time 13.665 (14.526)	Loss 1.0859 (1.2205)	Acc@1 87.500 (78.698)	Acc@5 97.222 (95.546)	Mem 74000MB
Test: [270/695]	Time 14.964 (14.539)	Loss 0.9004 (1.2189)	Acc@1 90.278 (78.659)	Acc@5 93.056 (95.500)	Mem 74000MB
Test: [280/695]	Time 13.892 (14.518)	Loss 1.2354 (1.2196)	Acc@1 72.222 (78.707)	Acc@5 95.833 (95.448)	Mem 74000MB
Test: [290/695]	Time 13.400 (14.500)	Loss 1.0713 (1.2426)	Acc@1 83.333 (78.222)	Acc@5 98.611 (95.165)	Mem 74000MB
Test: [300/695]	Time 12.067 (14.444)	Loss 1.5801 (1.2524)	Acc@1 66.667 (78.119)	Acc@5 90.278 (95.067)	Mem 74000MB
Test: [310/695]	Time 11.936 (14.349)	Loss 1.9609 (1.2801)	Acc@1 63.889 (77.456)	Acc@5 90.278 (94.730)	Mem 74000MB
Test: [320/695]	Time 10.286 (14.263)	Loss 1.9814 (1.2980)	Acc@1 51.389 (77.060)	Acc@5 86.111 (94.514)	Mem 74000MB
Test: [330/695]	Time 10.833 (14.188)	Loss 0.9458 (1.3159)	Acc@1 90.278 (76.758)	Acc@5 95.833 (94.306)	Mem 74000MB
Test: [340/695]	Time 11.365 (14.101)	Loss 1.5654 (1.3344)	Acc@1 73.611 (76.267)	Acc@5 88.889 (94.078)	Mem 74000MB
Test: [350/695]	Time 13.379 (14.017)	Loss 2.5547 (1.3545)	Acc@1 48.611 (75.819)	Acc@5 80.556 (93.839)	Mem 74000MB
Test: [360/695]	Time 11.338 (13.953)	Loss 1.9717 (1.3705)	Acc@1 66.667 (75.450)	Acc@5 80.556 (93.644)	Mem 74000MB
Test: [370/695]	Time 9.690 (13.876)	Loss 1.4199 (1.3869)	Acc@1 70.833 (75.000)	Acc@5 88.889 (93.479)	Mem 74000MB
Test: [380/695]	Time 12.174 (13.808)	Loss 1.6260 (1.3961)	Acc@1 44.444 (74.719)	Acc@5 98.611 (93.380)	Mem 74000MB
Test: [390/695]	Time 10.208 (13.721)	Loss 1.6240 (1.4048)	Acc@1 79.167 (74.666)	Acc@5 90.278 (93.265)	Mem 74000MB
Test: [400/695]	Time 11.047 (13.638)	Loss 0.8687 (1.4061)	Acc@1 91.667 (74.716)	Acc@5 94.444 (93.222)	Mem 74000MB
Test: [410/695]	Time 9.455 (13.550)	Loss 1.4961 (1.4200)	Acc@1 73.611 (74.382)	Acc@5 90.278 (93.079)	Mem 74000MB
Test: [420/695]	Time 9.597 (13.471)	Loss 1.2412 (1.4244)	Acc@1 81.944 (74.343)	Acc@5 94.444 (93.069)	Mem 74000MB
Test: [430/695]	Time 9.866 (13.392)	Loss 2.8418 (1.4328)	Acc@1 25.000 (74.207)	Acc@5 80.556 (92.930)	Mem 74000MB
Test: [440/695]	Time 9.633 (13.319)	Loss 2.3887 (1.4417)	Acc@1 55.556 (74.024)	Acc@5 81.944 (92.810)	Mem 74000MB
Test: [450/695]	Time 10.753 (13.250)	Loss 2.3594 (1.4514)	Acc@1 54.167 (73.867)	Acc@5 80.556 (92.695)	Mem 74000MB
Test: [460/695]	Time 9.370 (13.178)	Loss 1.7002 (1.4650)	Acc@1 76.389 (73.572)	Acc@5 93.056 (92.549)	Mem 74000MB
Test: [470/695]	Time 9.923 (13.112)	Loss 1.9902 (1.4702)	Acc@1 73.611 (73.496)	Acc@5 84.722 (92.534)	Mem 74000MB
Test: [480/695]	Time 9.550 (13.045)	Loss 2.2031 (1.4737)	Acc@1 58.333 (73.409)	Acc@5 80.556 (92.484)	Mem 74000MB
Test: [490/695]	Time 9.701 (12.984)	Loss 2.0039 (1.4811)	Acc@1 70.833 (73.325)	Acc@5 88.889 (92.379)	Mem 74000MB
Test: [500/695]	Time 9.749 (12.927)	Loss 1.5928 (1.4829)	Acc@1 76.389 (73.345)	Acc@5 87.500 (92.376)	Mem 74000MB
Test: [510/695]	Time 10.036 (12.868)	Loss 2.1934 (1.4885)	Acc@1 56.944 (73.244)	Acc@5 79.167 (92.295)	Mem 74000MB
Test: [520/695]	Time 11.396 (12.815)	Loss 1.5850 (1.4919)	Acc@1 65.278 (73.190)	Acc@5 91.667 (92.256)	Mem 74000MB
Test: [530/695]	Time 9.879 (12.764)	Loss 2.0312 (1.5009)	Acc@1 63.889 (73.020)	Acc@5 83.333 (92.140)	Mem 74000MB
Test: [540/695]	Time 10.283 (12.715)	Loss 2.5195 (1.5086)	Acc@1 51.389 (72.890)	Acc@5 79.167 (92.024)	Mem 74000MB
Test: [550/695]	Time 9.402 (12.659)	Loss 2.0078 (1.5098)	Acc@1 68.056 (72.905)	Acc@5 84.722 (92.025)	Mem 74000MB
Test: [560/695]	Time 8.961 (12.610)	Loss 1.9834 (1.5143)	Acc@1 70.833 (72.898)	Acc@5 83.333 (91.946)	Mem 74000MB
Test: [570/695]	Time 9.414 (12.565)	Loss 1.0732 (1.5184)	Acc@1 88.889 (72.772)	Acc@5 97.222 (91.912)	Mem 74000MB
Test: [580/695]	Time 9.942 (12.527)	Loss 2.0566 (1.5237)	Acc@1 76.389 (72.712)	Acc@5 88.889 (91.851)	Mem 74000MB
Test: [590/695]	Time 10.355 (12.488)	Loss 2.1992 (1.5345)	Acc@1 61.111 (72.467)	Acc@5 88.889 (91.749)	Mem 74000MB
Test: [600/695]	Time 9.607 (12.444)	Loss 2.2910 (1.5364)	Acc@1 50.000 (72.486)	Acc@5 84.722 (91.706)	Mem 74000MB
Test: [610/695]	Time 10.221 (12.400)	Loss 1.4395 (1.5405)	Acc@1 77.778 (72.415)	Acc@5 94.444 (91.660)	Mem 74000MB
Test: [620/695]	Time 9.292 (12.359)	Loss 1.8223 (1.5453)	Acc@1 65.278 (72.356)	Acc@5 91.667 (91.593)	Mem 74000MB
Test: [630/695]	Time 9.300 (12.317)	Loss 2.2461 (1.5508)	Acc@1 47.222 (72.213)	Acc@5 87.500 (91.543)	Mem 74000MB
Test: [640/695]	Time 8.529 (12.266)	Loss 2.1934 (1.5538)	Acc@1 62.500 (72.164)	Acc@5 83.333 (91.556)	Mem 74000MB
Test: [650/695]	Time 9.442 (12.217)	Loss 0.7915 (1.5522)	Acc@1 88.889 (72.186)	Acc@5 98.611 (91.594)	Mem 74000MB
Test: [660/695]	Time 9.309 (12.173)	Loss 1.2373 (1.5459)	Acc@1 75.000 (72.254)	Acc@5 94.444 (91.667)	Mem 74000MB
Test: [670/695]	Time 9.258 (12.130)	Loss 1.4609 (1.5435)	Acc@1 77.778 (72.348)	Acc@5 94.444 (91.681)	Mem 74000MB
Test: [680/695]	Time 9.915 (12.090)	Loss 1.7998 (1.5526)	Acc@1 72.222 (72.153)	Acc@5 95.833 (91.640)	Mem 74000MB
Test: [690/695]	Time 9.964 (12.050)	Loss 0.7188 (1.5456)	Acc@1 93.056 (72.333)	Acc@5 98.611 (91.691)	Mem 74000MB
 * Acc@1 72.348 Acc@5 91.690
Successfully load ckpt /media/Disk2/LiuYue/Visualize/analyze/../../ckpts/vssmsmall/ema_ckpt_epoch_238.pth
starting loop: img_size 1120; len(dataset) 50003
Test: [0/834]	Time 9.913 (9.913)	Loss 0.6133 (0.6133)	Acc@1 95.000 (95.000)	Acc@5 96.667 (96.667)	Mem 74000MB
Test: [10/834]	Time 9.758 (9.999)	Loss 0.9731 (1.3121)	Acc@1 91.667 (73.788)	Acc@5 98.333 (95.152)	Mem 74000MB
Test: [20/834]	Time 8.617 (9.765)	Loss 0.8667 (1.1365)	Acc@1 88.333 (80.317)	Acc@5 96.667 (96.429)	Mem 74000MB
Test: [30/834]	Time 10.382 (9.830)	Loss 1.2217 (1.2185)	Acc@1 66.667 (77.957)	Acc@5 100.000 (95.484)	Mem 74000MB
Test: [40/834]	Time 9.032 (9.826)	Loss 1.2812 (1.2585)	Acc@1 88.333 (77.195)	Acc@5 96.667 (95.081)	Mem 74000MB
Test: [50/834]	Time 9.843 (9.829)	Loss 2.3398 (1.3588)	Acc@1 38.333 (74.641)	Acc@5 95.000 (94.281)	Mem 74000MB
Test: [60/834]	Time 10.123 (9.839)	Loss 1.1357 (1.3514)	Acc@1 71.667 (74.426)	Acc@5 96.667 (94.180)	Mem 74000MB
Test: [70/834]	Time 9.929 (9.835)	Loss 1.0664 (1.3649)	Acc@1 83.333 (73.873)	Acc@5 91.667 (94.038)	Mem 74000MB
Test: [80/834]	Time 9.824 (9.827)	Loss 1.0625 (1.2993)	Acc@1 83.333 (75.947)	Acc@5 96.667 (94.444)	Mem 74000MB
Test: [90/834]	Time 9.924 (9.809)	Loss 1.9082 (1.3037)	Acc@1 56.667 (76.245)	Acc@5 90.000 (94.267)	Mem 74000MB
Test: [100/834]	Time 10.711 (9.836)	Loss 1.3721 (1.2919)	Acc@1 75.000 (76.749)	Acc@5 93.333 (94.191)	Mem 74000MB
Test: [110/834]	Time 9.747 (9.837)	Loss 0.8745 (1.2853)	Acc@1 95.000 (76.982)	Acc@5 98.333 (94.144)	Mem 74000MB
Test: [120/834]	Time 9.715 (9.825)	Loss 0.6665 (1.2628)	Acc@1 95.000 (77.782)	Acc@5 98.333 (94.421)	Mem 74000MB
Test: [130/834]	Time 8.707 (9.814)	Loss 1.0898 (1.2578)	Acc@1 90.000 (78.053)	Acc@5 100.000 (94.618)	Mem 74000MB
Test: [140/834]	Time 9.328 (9.797)	Loss 1.0947 (1.2680)	Acc@1 91.667 (77.790)	Acc@5 95.000 (94.634)	Mem 74000MB
Test: [150/834]	Time 10.210 (9.796)	Loss 1.7227 (1.2748)	Acc@1 61.667 (77.715)	Acc@5 95.000 (94.669)	Mem 74000MB
Test: [160/834]	Time 9.942 (9.806)	Loss 2.1797 (1.3113)	Acc@1 56.667 (77.133)	Acc@5 83.333 (94.358)	Mem 74000MB
Test: [170/834]	Time 9.995 (9.806)	Loss 2.2480 (1.3375)	Acc@1 51.667 (76.374)	Acc@5 90.000 (94.308)	Mem 74000MB
Test: [180/834]	Time 9.912 (9.818)	Loss 0.7993 (1.3433)	Acc@1 95.000 (76.464)	Acc@5 96.667 (94.346)	Mem 74000MB
Test: [190/834]	Time 10.204 (9.827)	Loss 1.3115 (1.3573)	Acc@1 78.333 (76.169)	Acc@5 91.667 (94.258)	Mem 74000MB
Test: [200/834]	Time 9.934 (9.833)	Loss 1.9922 (1.3795)	Acc@1 28.333 (75.315)	Acc@5 98.333 (94.154)	Mem 74000MB
Test: [210/834]	Time 9.898 (9.819)	Loss 1.0439 (1.3812)	Acc@1 88.333 (75.213)	Acc@5 95.000 (94.179)	Mem 74000MB
Test: [220/834]	Time 8.737 (9.815)	Loss 1.5283 (1.3774)	Acc@1 65.000 (75.468)	Acc@5 95.000 (94.291)	Mem 74000MB
Test: [230/834]	Time 9.368 (9.812)	Loss 1.5391 (1.3872)	Acc@1 76.667 (75.202)	Acc@5 86.667 (94.141)	Mem 74000MB
Test: [240/834]	Time 8.695 (9.773)	Loss 1.1895 (1.3907)	Acc@1 63.333 (75.014)	Acc@5 100.000 (94.142)	Mem 74000MB
Test: [250/834]	Time 8.735 (9.735)	Loss 0.8735 (1.3810)	Acc@1 90.000 (75.359)	Acc@5 100.000 (94.216)	Mem 74000MB
Test: [260/834]	Time 8.728 (9.693)	Loss 1.6748 (1.3822)	Acc@1 65.000 (75.224)	Acc@5 93.333 (94.202)	Mem 74000MB
Test: [270/834]	Time 8.568 (9.657)	Loss 0.5347 (1.3693)	Acc@1 96.667 (75.658)	Acc@5 100.000 (94.293)	Mem 74000MB
Test: [280/834]	Time 8.751 (9.625)	Loss 1.4316 (1.3607)	Acc@1 80.000 (75.913)	Acc@5 91.667 (94.288)	Mem 74000MB
Test: [290/834]	Time 8.697 (9.594)	Loss 2.4062 (1.3619)	Acc@1 35.000 (75.682)	Acc@5 86.667 (94.336)	Mem 74000MB
Test: [300/834]	Time 8.748 (9.565)	Loss 1.6055 (1.3574)	Acc@1 70.000 (75.720)	Acc@5 95.000 (94.413)	Mem 74000MB
Test: [310/834]	Time 8.824 (9.537)	Loss 1.6680 (1.3564)	Acc@1 61.667 (75.841)	Acc@5 91.667 (94.373)	Mem 74000MB
Test: [320/834]	Time 8.784 (9.516)	Loss 0.7983 (1.3560)	Acc@1 85.000 (75.831)	Acc@5 98.333 (94.346)	Mem 74000MB
Test: [330/834]	Time 8.688 (9.508)	Loss 1.1670 (1.3523)	Acc@1 81.667 (75.846)	Acc@5 91.667 (94.325)	Mem 74000MB
Test: [340/834]	Time 8.783 (9.485)	Loss 1.9766 (1.3585)	Acc@1 63.333 (75.772)	Acc@5 88.333 (94.277)	Mem 74000MB
Test: [350/834]	Time 8.700 (9.463)	Loss 1.4404 (1.3811)	Acc@1 81.667 (75.361)	Acc@5 96.667 (93.974)	Mem 74000MB
Test: [360/834]	Time 8.756 (9.443)	Loss 1.5000 (1.3902)	Acc@1 71.667 (75.245)	Acc@5 90.000 (93.874)	Mem 74000MB
Test: [370/834]	Time 8.733 (9.426)	Loss 1.9492 (1.4125)	Acc@1 68.333 (74.748)	Acc@5 90.000 (93.562)	Mem 74000MB
Test: [380/834]	Time 9.026 (9.408)	Loss 1.6055 (1.4307)	Acc@1 73.333 (74.366)	Acc@5 90.000 (93.320)	Mem 74000MB
Test: [390/834]	Time 8.660 (9.393)	Loss 2.4434 (1.4511)	Acc@1 46.667 (73.909)	Acc@5 80.000 (93.026)	Mem 74000MB
Test: [400/834]	Time 8.596 (9.375)	Loss 1.9482 (1.4678)	Acc@1 71.667 (73.641)	Acc@5 88.333 (92.826)	Mem 74000MB
Test: [410/834]	Time 8.578 (9.358)	Loss 3.2773 (1.4812)	Acc@1 35.000 (73.252)	Acc@5 63.333 (92.652)	Mem 74000MB
Test: [420/834]	Time 8.610 (9.342)	Loss 2.7520 (1.4991)	Acc@1 46.667 (72.854)	Acc@5 75.000 (92.447)	Mem 74000MB
Test: [430/834]	Time 8.635 (9.327)	Loss 2.4004 (1.5157)	Acc@1 56.667 (72.452)	Acc@5 78.333 (92.243)	Mem 74000MB
Test: [440/834]	Time 8.669 (9.314)	Loss 1.5752 (1.5288)	Acc@1 78.333 (72.109)	Acc@5 88.333 (92.071)	Mem 74000MB
Test: [450/834]	Time 8.677 (9.304)	Loss 1.0967 (1.5368)	Acc@1 85.000 (71.955)	Acc@5 95.000 (91.992)	Mem 74000MB
Test: [460/834]	Time 8.624 (9.291)	Loss 1.9053 (1.5506)	Acc@1 68.333 (71.598)	Acc@5 86.667 (91.790)	Mem 74000MB
Test: [470/834]	Time 8.757 (9.281)	Loss 2.0000 (1.5567)	Acc@1 68.333 (71.546)	Acc@5 88.333 (91.741)	Mem 74000MB
Test: [480/834]	Time 8.642 (9.270)	Loss 0.8945 (1.5579)	Acc@1 90.000 (71.604)	Acc@5 93.333 (91.694)	Mem 74000MB
Test: [490/834]	Time 8.737 (9.260)	Loss 1.7988 (1.5719)	Acc@1 66.667 (71.266)	Acc@5 88.333 (91.538)	Mem 74000MB
Test: [500/834]	Time 8.610 (9.250)	Loss 3.0527 (1.5771)	Acc@1 40.000 (71.181)	Acc@5 70.000 (91.504)	Mem 74000MB
Test: [510/834]	Time 8.736 (9.239)	Loss 1.1328 (1.5790)	Acc@1 86.667 (71.226)	Acc@5 95.000 (91.474)	Mem 74000MB
Test: [520/834]	Time 8.731 (9.229)	Loss 2.3809 (1.5922)	Acc@1 50.000 (70.909)	Acc@5 75.000 (91.299)	Mem 74000MB
Test: [530/834]	Time 8.555 (9.219)	Loss 2.0039 (1.5970)	Acc@1 60.000 (70.847)	Acc@5 91.667 (91.246)	Mem 74000MB
Test: [540/834]	Time 8.665 (9.209)	Loss 2.7148 (1.6062)	Acc@1 45.000 (70.687)	Acc@5 76.667 (91.115)	Mem 74000MB
Test: [550/834]	Time 8.665 (9.200)	Loss 1.6387 (1.6207)	Acc@1 78.333 (70.324)	Acc@5 93.333 (90.926)	Mem 74000MB
Test: [560/834]	Time 8.706 (9.191)	Loss 1.0869 (1.6243)	Acc@1 86.667 (70.315)	Acc@5 96.667 (90.924)	Mem 74000MB
Test: [570/834]	Time 8.688 (9.181)	Loss 1.1055 (1.6283)	Acc@1 86.667 (70.254)	Acc@5 93.333 (90.905)	Mem 74000MB
Test: [580/834]	Time 8.809 (9.174)	Loss 2.1621 (1.6315)	Acc@1 61.667 (70.192)	Acc@5 81.667 (90.843)	Mem 74000MB
Test: [590/834]	Time 8.655 (9.166)	Loss 1.3477 (1.6378)	Acc@1 83.333 (70.116)	Acc@5 98.333 (90.764)	Mem 74000MB
Test: [600/834]	Time 8.586 (9.158)	Loss 1.6797 (1.6403)	Acc@1 73.333 (70.089)	Acc@5 88.333 (90.765)	Mem 74000MB
Test: [610/834]	Time 8.826 (9.151)	Loss 2.0332 (1.6438)	Acc@1 63.333 (70.038)	Acc@5 78.333 (90.693)	Mem 74000MB
Test: [620/834]	Time 8.699 (9.143)	Loss 2.0840 (1.6484)	Acc@1 66.667 (69.997)	Acc@5 91.667 (90.639)	Mem 74000MB
Test: [630/834]	Time 8.654 (9.135)	Loss 1.4727 (1.6535)	Acc@1 78.333 (69.831)	Acc@5 95.000 (90.584)	Mem 74000MB
Test: [640/834]	Time 8.671 (9.132)	Loss 1.2061 (1.6610)	Acc@1 85.000 (69.740)	Acc@5 96.667 (90.458)	Mem 74000MB
Test: [650/834]	Time 9.037 (9.127)	Loss 1.7891 (1.6678)	Acc@1 46.667 (69.590)	Acc@5 98.333 (90.358)	Mem 74000MB
Test: [660/834]	Time 8.631 (9.120)	Loss 2.1074 (1.6696)	Acc@1 60.000 (69.604)	Acc@5 86.667 (90.335)	Mem 74000MB
Test: [670/834]	Time 8.561 (9.113)	Loss 1.9404 (1.6737)	Acc@1 73.333 (69.583)	Acc@5 91.667 (90.256)	Mem 74000MB
Test: [680/834]	Time 8.535 (9.108)	Loss 0.9082 (1.6767)	Acc@1 90.000 (69.489)	Acc@5 96.667 (90.208)	Mem 74000MB
Test: [690/834]	Time 8.613 (9.102)	Loss 2.5723 (1.6814)	Acc@1 50.000 (69.448)	Acc@5 76.667 (90.140)	Mem 74000MB
Test: [700/834]	Time 9.012 (9.103)	Loss 1.6758 (1.6895)	Acc@1 71.667 (69.301)	Acc@5 88.333 (90.040)	Mem 74000MB
Test: [710/834]	Time 8.790 (9.100)	Loss 1.4902 (1.6965)	Acc@1 78.333 (69.154)	Acc@5 91.667 (89.998)	Mem 74000MB
Test: [720/834]	Time 8.702 (9.106)	Loss 2.7148 (1.6981)	Acc@1 40.000 (69.184)	Acc@5 80.000 (89.949)	Mem 74000MB
Test: [730/834]	Time 8.837 (9.110)	Loss 3.3984 (1.7036)	Acc@1 33.333 (69.088)	Acc@5 66.667 (89.877)	Mem 74000MB
Test: [740/834]	Time 8.718 (9.116)	Loss 1.4980 (1.7081)	Acc@1 70.000 (69.035)	Acc@5 90.000 (89.789)	Mem 74000MB
Test: [750/834]	Time 9.977 (9.121)	Loss 1.1738 (1.7126)	Acc@1 86.667 (68.917)	Acc@5 93.333 (89.756)	Mem 74000MB
Test: [760/834]	Time 9.146 (9.124)	Loss 1.2393 (1.7172)	Acc@1 88.333 (68.782)	Acc@5 96.667 (89.715)	Mem 74000MB
Test: [770/834]	Time 9.594 (9.125)	Loss 1.5098 (1.7184)	Acc@1 70.000 (68.783)	Acc@5 95.000 (89.741)	Mem 74000MB
Test: [780/834]	Time 8.874 (9.130)	Loss 0.9146 (1.7166)	Acc@1 86.667 (68.824)	Acc@5 98.333 (89.763)	Mem 74000MB
Test: [790/834]	Time 9.224 (9.135)	Loss 1.0273 (1.7098)	Acc@1 85.000 (68.915)	Acc@5 95.000 (89.842)	Mem 74000MB
Test: [800/834]	Time 9.431 (9.139)	Loss 2.0605 (1.7035)	Acc@1 60.000 (69.078)	Acc@5 83.333 (89.902)	Mem 74000MB
Test: [810/834]	Time 9.998 (9.144)	Loss 2.6641 (1.7103)	Acc@1 35.000 (68.911)	Acc@5 88.333 (89.834)	Mem 74000MB
Test: [820/834]	Time 9.339 (9.146)	Loss 0.9106 (1.7148)	Acc@1 91.667 (68.847)	Acc@5 96.667 (89.811)	Mem 74000MB
Test: [830/834]	Time 10.509 (9.153)	Loss 0.8530 (1.7049)	Acc@1 95.000 (69.077)	Acc@5 96.667 (89.900)	Mem 74000MB
 * Acc@1 69.042 Acc@5 89.885
